[2025-02-02T20:32:05.809+0000] {processor.py:186} INFO - Started process (PID=454) to work on /opt/airflow/dags/consumer.py
[2025-02-02T20:32:05.810+0000] {processor.py:914} INFO - Processing file /opt/airflow/dags/consumer.py for tasks to queue
[2025-02-02T20:32:05.811+0000] {logging_mixin.py:190} INFO - [2025-02-02T20:32:05.811+0000] {dagbag.py:588} INFO - Filling up the DagBag from /opt/airflow/dags/consumer.py
[2025-02-02T20:32:05.878+0000] {processor.py:925} INFO - DAG(s) 'spark_consumer_dag' retrieved from /opt/airflow/dags/consumer.py
[2025-02-02T20:32:05.952+0000] {logging_mixin.py:190} INFO - [2025-02-02T20:32:05.952+0000] {dag.py:3239} INFO - Sync 1 DAGs
[2025-02-02T20:32:05.961+0000] {logging_mixin.py:190} INFO - [2025-02-02T20:32:05.961+0000] {dag.py:4180} INFO - Setting next_dagrun for spark_consumer_dag to None, run_after=None
[2025-02-02T20:32:05.975+0000] {processor.py:208} INFO - Processing /opt/airflow/dags/consumer.py took 0.170 seconds
[2025-02-02T20:32:33.992+0000] {processor.py:186} INFO - Started process (PID=470) to work on /opt/airflow/dags/consumer.py
[2025-02-02T20:32:33.992+0000] {processor.py:914} INFO - Processing file /opt/airflow/dags/consumer.py for tasks to queue
[2025-02-02T20:32:33.994+0000] {logging_mixin.py:190} INFO - [2025-02-02T20:32:33.994+0000] {dagbag.py:588} INFO - Filling up the DagBag from /opt/airflow/dags/consumer.py
[2025-02-02T20:32:34.052+0000] {processor.py:925} INFO - DAG(s) 'spark_consumer_dag' retrieved from /opt/airflow/dags/consumer.py
[2025-02-02T20:32:34.060+0000] {logging_mixin.py:190} INFO - [2025-02-02T20:32:34.060+0000] {dag.py:3239} INFO - Sync 1 DAGs
[2025-02-02T20:32:34.070+0000] {logging_mixin.py:190} INFO - [2025-02-02T20:32:34.070+0000] {dag.py:4180} INFO - Setting next_dagrun for spark_consumer_dag to None, run_after=None
[2025-02-02T20:32:34.082+0000] {processor.py:208} INFO - Processing /opt/airflow/dags/consumer.py took 0.095 seconds
[2025-02-02T20:33:04.273+0000] {processor.py:186} INFO - Started process (PID=486) to work on /opt/airflow/dags/consumer.py
[2025-02-02T20:33:04.273+0000] {processor.py:914} INFO - Processing file /opt/airflow/dags/consumer.py for tasks to queue
[2025-02-02T20:33:04.275+0000] {logging_mixin.py:190} INFO - [2025-02-02T20:33:04.275+0000] {dagbag.py:588} INFO - Filling up the DagBag from /opt/airflow/dags/consumer.py
[2025-02-02T20:33:04.329+0000] {processor.py:925} INFO - DAG(s) 'spark_consumer_dag' retrieved from /opt/airflow/dags/consumer.py
[2025-02-02T20:33:04.344+0000] {logging_mixin.py:190} INFO - [2025-02-02T20:33:04.344+0000] {dag.py:3239} INFO - Sync 1 DAGs
[2025-02-02T20:33:04.352+0000] {logging_mixin.py:190} INFO - [2025-02-02T20:33:04.352+0000] {dag.py:4180} INFO - Setting next_dagrun for spark_consumer_dag to None, run_after=None
[2025-02-02T20:33:04.369+0000] {processor.py:208} INFO - Processing /opt/airflow/dags/consumer.py took 0.100 seconds
[2025-02-02T20:33:34.551+0000] {processor.py:186} INFO - Started process (PID=502) to work on /opt/airflow/dags/consumer.py
[2025-02-02T20:33:34.551+0000] {processor.py:914} INFO - Processing file /opt/airflow/dags/consumer.py for tasks to queue
[2025-02-02T20:33:34.553+0000] {logging_mixin.py:190} INFO - [2025-02-02T20:33:34.552+0000] {dagbag.py:588} INFO - Filling up the DagBag from /opt/airflow/dags/consumer.py
[2025-02-02T20:33:34.609+0000] {processor.py:925} INFO - DAG(s) 'spark_consumer_dag' retrieved from /opt/airflow/dags/consumer.py
[2025-02-02T20:33:34.622+0000] {logging_mixin.py:190} INFO - [2025-02-02T20:33:34.622+0000] {dag.py:3239} INFO - Sync 1 DAGs
[2025-02-02T20:33:34.632+0000] {logging_mixin.py:190} INFO - [2025-02-02T20:33:34.631+0000] {dag.py:4180} INFO - Setting next_dagrun for spark_consumer_dag to None, run_after=None
[2025-02-02T20:33:34.643+0000] {processor.py:208} INFO - Processing /opt/airflow/dags/consumer.py took 0.096 seconds
[2025-02-02T20:33:57.809+0000] {processor.py:186} INFO - Started process (PID=518) to work on /opt/airflow/dags/consumer.py
[2025-02-02T20:33:57.810+0000] {processor.py:914} INFO - Processing file /opt/airflow/dags/consumer.py for tasks to queue
[2025-02-02T20:33:57.813+0000] {logging_mixin.py:190} INFO - [2025-02-02T20:33:57.812+0000] {dagbag.py:588} INFO - Filling up the DagBag from /opt/airflow/dags/consumer.py
[2025-02-02T20:33:57.882+0000] {processor.py:925} INFO - DAG(s) 'spark_consumer_dag' retrieved from /opt/airflow/dags/consumer.py
[2025-02-02T20:33:57.897+0000] {logging_mixin.py:190} INFO - [2025-02-02T20:33:57.897+0000] {dag.py:3239} INFO - Sync 1 DAGs
[2025-02-02T20:33:57.907+0000] {logging_mixin.py:190} INFO - [2025-02-02T20:33:57.907+0000] {dag.py:4180} INFO - Setting next_dagrun for spark_consumer_dag to None, run_after=None
[2025-02-02T20:33:57.921+0000] {processor.py:208} INFO - Processing /opt/airflow/dags/consumer.py took 0.119 seconds
[2025-02-02T20:34:11.939+0000] {processor.py:186} INFO - Started process (PID=529) to work on /opt/airflow/dags/consumer.py
[2025-02-02T20:34:11.940+0000] {processor.py:914} INFO - Processing file /opt/airflow/dags/consumer.py for tasks to queue
[2025-02-02T20:34:11.942+0000] {logging_mixin.py:190} INFO - [2025-02-02T20:34:11.942+0000] {dagbag.py:588} INFO - Filling up the DagBag from /opt/airflow/dags/consumer.py
[2025-02-02T20:34:12.012+0000] {processor.py:925} INFO - DAG(s) 'spark_consumer_dag' retrieved from /opt/airflow/dags/consumer.py
[2025-02-02T20:34:12.029+0000] {logging_mixin.py:190} INFO - [2025-02-02T20:34:12.028+0000] {dag.py:3239} INFO - Sync 1 DAGs
[2025-02-02T20:34:12.039+0000] {logging_mixin.py:190} INFO - [2025-02-02T20:34:12.039+0000] {dag.py:4180} INFO - Setting next_dagrun for spark_consumer_dag to None, run_after=None
[2025-02-02T20:34:12.055+0000] {processor.py:208} INFO - Processing /opt/airflow/dags/consumer.py took 0.121 seconds
[2025-02-02T20:34:41.290+0000] {processor.py:186} INFO - Started process (PID=545) to work on /opt/airflow/dags/consumer.py
[2025-02-02T20:34:41.290+0000] {processor.py:914} INFO - Processing file /opt/airflow/dags/consumer.py for tasks to queue
[2025-02-02T20:34:41.292+0000] {logging_mixin.py:190} INFO - [2025-02-02T20:34:41.292+0000] {dagbag.py:588} INFO - Filling up the DagBag from /opt/airflow/dags/consumer.py
[2025-02-02T20:34:41.366+0000] {processor.py:925} INFO - DAG(s) 'spark_consumer_dag' retrieved from /opt/airflow/dags/consumer.py
[2025-02-02T20:34:41.382+0000] {logging_mixin.py:190} INFO - [2025-02-02T20:34:41.382+0000] {dag.py:3239} INFO - Sync 1 DAGs
[2025-02-02T20:34:41.391+0000] {logging_mixin.py:190} INFO - [2025-02-02T20:34:41.391+0000] {dag.py:4180} INFO - Setting next_dagrun for spark_consumer_dag to None, run_after=None
[2025-02-02T20:34:41.406+0000] {processor.py:208} INFO - Processing /opt/airflow/dags/consumer.py took 0.121 seconds
[2025-02-02T20:34:45.379+0000] {processor.py:186} INFO - Started process (PID=550) to work on /opt/airflow/dags/consumer.py
[2025-02-02T20:34:45.380+0000] {processor.py:914} INFO - Processing file /opt/airflow/dags/consumer.py for tasks to queue
[2025-02-02T20:34:45.382+0000] {logging_mixin.py:190} INFO - [2025-02-02T20:34:45.382+0000] {dagbag.py:588} INFO - Filling up the DagBag from /opt/airflow/dags/consumer.py
[2025-02-02T20:34:45.462+0000] {processor.py:925} INFO - DAG(s) 'spark_consumer_dag' retrieved from /opt/airflow/dags/consumer.py
[2025-02-02T20:34:45.484+0000] {logging_mixin.py:190} INFO - [2025-02-02T20:34:45.483+0000] {dag.py:3239} INFO - Sync 1 DAGs
[2025-02-02T20:34:45.496+0000] {logging_mixin.py:190} INFO - [2025-02-02T20:34:45.495+0000] {dag.py:4180} INFO - Setting next_dagrun for spark_consumer_dag to None, run_after=None
[2025-02-02T20:34:45.512+0000] {processor.py:208} INFO - Processing /opt/airflow/dags/consumer.py took 0.138 seconds
[2025-02-02T20:35:15.727+0000] {processor.py:186} INFO - Started process (PID=569) to work on /opt/airflow/dags/consumer.py
[2025-02-02T20:35:15.727+0000] {processor.py:914} INFO - Processing file /opt/airflow/dags/consumer.py for tasks to queue
[2025-02-02T20:35:15.729+0000] {logging_mixin.py:190} INFO - [2025-02-02T20:35:15.729+0000] {dagbag.py:588} INFO - Filling up the DagBag from /opt/airflow/dags/consumer.py
[2025-02-02T20:35:15.789+0000] {processor.py:925} INFO - DAG(s) 'spark_consumer_dag' retrieved from /opt/airflow/dags/consumer.py
[2025-02-02T20:35:15.806+0000] {logging_mixin.py:190} INFO - [2025-02-02T20:35:15.806+0000] {dag.py:3239} INFO - Sync 1 DAGs
[2025-02-02T20:35:15.817+0000] {logging_mixin.py:190} INFO - [2025-02-02T20:35:15.817+0000] {dag.py:4180} INFO - Setting next_dagrun for spark_consumer_dag to None, run_after=None
[2025-02-02T20:35:15.841+0000] {processor.py:208} INFO - Processing /opt/airflow/dags/consumer.py took 0.118 seconds
[2025-02-02T20:35:46.079+0000] {processor.py:186} INFO - Started process (PID=592) to work on /opt/airflow/dags/consumer.py
[2025-02-02T20:35:46.079+0000] {processor.py:914} INFO - Processing file /opt/airflow/dags/consumer.py for tasks to queue
[2025-02-02T20:35:46.081+0000] {logging_mixin.py:190} INFO - [2025-02-02T20:35:46.080+0000] {dagbag.py:588} INFO - Filling up the DagBag from /opt/airflow/dags/consumer.py
[2025-02-02T20:35:46.139+0000] {processor.py:925} INFO - DAG(s) 'spark_consumer_dag' retrieved from /opt/airflow/dags/consumer.py
[2025-02-02T20:35:46.154+0000] {logging_mixin.py:190} INFO - [2025-02-02T20:35:46.154+0000] {dag.py:3239} INFO - Sync 1 DAGs
[2025-02-02T20:35:46.163+0000] {logging_mixin.py:190} INFO - [2025-02-02T20:35:46.163+0000] {dag.py:4180} INFO - Setting next_dagrun for spark_consumer_dag to None, run_after=None
[2025-02-02T20:35:46.175+0000] {processor.py:208} INFO - Processing /opt/airflow/dags/consumer.py took 0.100 seconds
[2025-02-02T20:36:16.391+0000] {processor.py:186} INFO - Started process (PID=608) to work on /opt/airflow/dags/consumer.py
[2025-02-02T20:36:16.392+0000] {processor.py:914} INFO - Processing file /opt/airflow/dags/consumer.py for tasks to queue
[2025-02-02T20:36:16.394+0000] {logging_mixin.py:190} INFO - [2025-02-02T20:36:16.394+0000] {dagbag.py:588} INFO - Filling up the DagBag from /opt/airflow/dags/consumer.py
[2025-02-02T20:36:16.472+0000] {logging_mixin.py:190} INFO - [2025-02-02T20:36:16.470+0000] {dagbag.py:484} ERROR - Failed to bag_dag: /opt/airflow/dags/consumer.py
Traceback (most recent call last):
  File "/home/airflow/.local/lib/python3.11/site-packages/airflow/timetables/_cron.py", line 102, in validate
    croniter(self._expression)
  File "/home/airflow/.local/lib/python3.11/site-packages/croniter/croniter.py", line 271, in __init__
    self.expanded, self.nth_weekday_of_month = self.expand(
                                               ^^^^^^^^^^^^
  File "/home/airflow/.local/lib/python3.11/site-packages/croniter/croniter.py", line 1032, in expand
    return cls._expand(expr_format, hash_id=hash_id,
           ^^^^^^^^^^^^^^^^^^^^^^^^^^^^^^^^^^^^^^^^^
  File "/home/airflow/.local/lib/python3.11/site-packages/croniter/croniter.py", line 834, in _expand
    raise CroniterBadCronError(cls.bad_length)
croniter.croniter.CroniterBadCronError: Exactly 5, 6 or 7 columns has to be specified for iterator expression.

During handling of the above exception, another exception occurred:

Traceback (most recent call last):
  File "/home/airflow/.local/lib/python3.11/site-packages/airflow/models/dagbag.py", line 479, in _process_modules
    dag.validate()
  File "/home/airflow/.local/lib/python3.11/site-packages/airflow/models/dag.py", line 845, in validate
    self.timetable.validate()
  File "/home/airflow/.local/lib/python3.11/site-packages/airflow/timetables/_cron.py", line 104, in validate
    raise AirflowTimetableInvalid(str(e))
airflow.exceptions.AirflowTimetableInvalid: Exactly 5, 6 or 7 columns has to be specified for iterator expression.
[2025-02-02T20:36:16.472+0000] {processor.py:927} WARNING - No viable dags retrieved from /opt/airflow/dags/consumer.py
[2025-02-02T20:36:16.487+0000] {processor.py:208} INFO - Processing /opt/airflow/dags/consumer.py took 0.100 seconds
[2025-02-02T20:36:33.622+0000] {processor.py:186} INFO - Started process (PID=618) to work on /opt/airflow/dags/consumer.py
[2025-02-02T20:36:33.623+0000] {processor.py:914} INFO - Processing file /opt/airflow/dags/consumer.py for tasks to queue
[2025-02-02T20:36:33.625+0000] {logging_mixin.py:190} INFO - [2025-02-02T20:36:33.625+0000] {dagbag.py:588} INFO - Filling up the DagBag from /opt/airflow/dags/consumer.py
[2025-02-02T20:36:33.699+0000] {processor.py:925} INFO - DAG(s) 'spark_consumer_dag' retrieved from /opt/airflow/dags/consumer.py
[2025-02-02T20:36:33.779+0000] {logging_mixin.py:190} INFO - [2025-02-02T20:36:33.779+0000] {dag.py:3239} INFO - Sync 1 DAGs
[2025-02-02T20:36:33.796+0000] {logging_mixin.py:190} INFO - [2025-02-02T20:36:33.796+0000] {dag.py:4180} INFO - Setting next_dagrun for spark_consumer_dag to 2026-01-01 00:00:00+00:00, run_after=2027-01-01 00:00:00+00:00
[2025-02-02T20:36:33.814+0000] {processor.py:208} INFO - Processing /opt/airflow/dags/consumer.py took 0.196 seconds
[2025-02-02T20:36:38.815+0000] {processor.py:186} INFO - Started process (PID=623) to work on /opt/airflow/dags/consumer.py
[2025-02-02T20:36:38.816+0000] {processor.py:914} INFO - Processing file /opt/airflow/dags/consumer.py for tasks to queue
[2025-02-02T20:36:38.819+0000] {logging_mixin.py:190} INFO - [2025-02-02T20:36:38.819+0000] {dagbag.py:588} INFO - Filling up the DagBag from /opt/airflow/dags/consumer.py
[2025-02-02T20:36:38.931+0000] {processor.py:925} INFO - DAG(s) 'spark_consumer_dag' retrieved from /opt/airflow/dags/consumer.py
[2025-02-02T20:36:38.946+0000] {logging_mixin.py:190} INFO - [2025-02-02T20:36:38.946+0000] {dag.py:3239} INFO - Sync 1 DAGs
[2025-02-02T20:36:38.968+0000] {logging_mixin.py:190} INFO - [2025-02-02T20:36:38.968+0000] {dag.py:4180} INFO - Setting next_dagrun for spark_consumer_dag to 2026-01-01 00:00:00+00:00, run_after=2027-01-01 00:00:00+00:00
[2025-02-02T20:36:38.986+0000] {processor.py:208} INFO - Processing /opt/airflow/dags/consumer.py took 0.176 seconds
[2025-02-02T20:36:48.926+0000] {processor.py:186} INFO - Started process (PID=634) to work on /opt/airflow/dags/consumer.py
[2025-02-02T20:36:48.927+0000] {processor.py:914} INFO - Processing file /opt/airflow/dags/consumer.py for tasks to queue
[2025-02-02T20:36:48.929+0000] {logging_mixin.py:190} INFO - [2025-02-02T20:36:48.929+0000] {dagbag.py:588} INFO - Filling up the DagBag from /opt/airflow/dags/consumer.py
[2025-02-02T20:36:49.000+0000] {processor.py:925} INFO - DAG(s) 'spark_consumer_dag' retrieved from /opt/airflow/dags/consumer.py
[2025-02-02T20:36:49.009+0000] {logging_mixin.py:190} INFO - [2025-02-02T20:36:49.009+0000] {dag.py:3239} INFO - Sync 1 DAGs
[2025-02-02T20:36:49.020+0000] {logging_mixin.py:190} INFO - [2025-02-02T20:36:49.020+0000] {dag.py:4180} INFO - Setting next_dagrun for spark_consumer_dag to None, run_after=None
[2025-02-02T20:36:49.037+0000] {processor.py:208} INFO - Processing /opt/airflow/dags/consumer.py took 0.117 seconds
[2025-02-02T20:37:10.082+0000] {processor.py:186} INFO - Started process (PID=644) to work on /opt/airflow/dags/consumer.py
[2025-02-02T20:37:10.083+0000] {processor.py:914} INFO - Processing file /opt/airflow/dags/consumer.py for tasks to queue
[2025-02-02T20:37:10.084+0000] {logging_mixin.py:190} INFO - [2025-02-02T20:37:10.084+0000] {dagbag.py:588} INFO - Filling up the DagBag from /opt/airflow/dags/consumer.py
[2025-02-02T20:37:10.153+0000] {processor.py:925} INFO - DAG(s) 'spark_consumer_dag' retrieved from /opt/airflow/dags/consumer.py
[2025-02-02T20:37:10.231+0000] {logging_mixin.py:190} INFO - [2025-02-02T20:37:10.231+0000] {dag.py:3239} INFO - Sync 1 DAGs
[2025-02-02T20:37:10.246+0000] {logging_mixin.py:190} INFO - [2025-02-02T20:37:10.246+0000] {dag.py:4180} INFO - Setting next_dagrun for spark_consumer_dag to 2025-01-27 00:00:00+00:00, run_after=2025-01-28 00:00:00+00:00
[2025-02-02T20:37:10.263+0000] {processor.py:208} INFO - Processing /opt/airflow/dags/consumer.py took 0.185 seconds
[2025-02-02T20:37:15.422+0000] {processor.py:186} INFO - Started process (PID=710) to work on /opt/airflow/dags/consumer.py
[2025-02-02T20:37:15.423+0000] {processor.py:914} INFO - Processing file /opt/airflow/dags/consumer.py for tasks to queue
[2025-02-02T20:37:15.425+0000] {logging_mixin.py:190} INFO - [2025-02-02T20:37:15.424+0000] {dagbag.py:588} INFO - Filling up the DagBag from /opt/airflow/dags/consumer.py
[2025-02-02T20:37:20.357+0000] {processor.py:925} INFO - DAG(s) 'spark_consumer_dag' retrieved from /opt/airflow/dags/consumer.py
[2025-02-02T20:37:20.370+0000] {logging_mixin.py:190} INFO - [2025-02-02T20:37:20.369+0000] {dag.py:3239} INFO - Sync 1 DAGs
[2025-02-02T20:37:20.416+0000] {processor.py:208} INFO - Processing /opt/airflow/dags/consumer.py took 5.344 seconds
[2025-02-02T20:37:50.515+0000] {processor.py:186} INFO - Started process (PID=882) to work on /opt/airflow/dags/consumer.py
[2025-02-02T20:37:50.515+0000] {processor.py:914} INFO - Processing file /opt/airflow/dags/consumer.py for tasks to queue
[2025-02-02T20:37:50.517+0000] {logging_mixin.py:190} INFO - [2025-02-02T20:37:50.517+0000] {dagbag.py:588} INFO - Filling up the DagBag from /opt/airflow/dags/consumer.py
[2025-02-02T20:37:50.584+0000] {processor.py:925} INFO - DAG(s) 'spark_consumer_dag' retrieved from /opt/airflow/dags/consumer.py
[2025-02-02T20:37:50.601+0000] {logging_mixin.py:190} INFO - [2025-02-02T20:37:50.601+0000] {dag.py:3239} INFO - Sync 1 DAGs
[2025-02-02T20:37:50.633+0000] {processor.py:208} INFO - Processing /opt/airflow/dags/consumer.py took 0.122 seconds
[2025-02-02T20:38:20.718+0000] {processor.py:186} INFO - Started process (PID=965) to work on /opt/airflow/dags/consumer.py
[2025-02-02T20:38:20.719+0000] {processor.py:914} INFO - Processing file /opt/airflow/dags/consumer.py for tasks to queue
[2025-02-02T20:38:20.721+0000] {logging_mixin.py:190} INFO - [2025-02-02T20:38:20.721+0000] {dagbag.py:588} INFO - Filling up the DagBag from /opt/airflow/dags/consumer.py
[2025-02-02T20:38:20.786+0000] {processor.py:925} INFO - DAG(s) 'spark_consumer_dag' retrieved from /opt/airflow/dags/consumer.py
[2025-02-02T20:38:20.801+0000] {logging_mixin.py:190} INFO - [2025-02-02T20:38:20.801+0000] {dag.py:3239} INFO - Sync 1 DAGs
[2025-02-02T20:38:20.825+0000] {processor.py:208} INFO - Processing /opt/airflow/dags/consumer.py took 0.111 seconds
[2025-02-02T20:38:51.026+0000] {processor.py:186} INFO - Started process (PID=981) to work on /opt/airflow/dags/consumer.py
[2025-02-02T20:38:51.027+0000] {processor.py:914} INFO - Processing file /opt/airflow/dags/consumer.py for tasks to queue
[2025-02-02T20:38:51.028+0000] {logging_mixin.py:190} INFO - [2025-02-02T20:38:51.028+0000] {dagbag.py:588} INFO - Filling up the DagBag from /opt/airflow/dags/consumer.py
[2025-02-02T20:38:51.095+0000] {processor.py:925} INFO - DAG(s) 'spark_consumer_dag' retrieved from /opt/airflow/dags/consumer.py
[2025-02-02T20:38:51.111+0000] {logging_mixin.py:190} INFO - [2025-02-02T20:38:51.111+0000] {dag.py:3239} INFO - Sync 1 DAGs
[2025-02-02T20:38:51.144+0000] {processor.py:208} INFO - Processing /opt/airflow/dags/consumer.py took 0.122 seconds
[2025-02-02T20:39:50.452+0000] {processor.py:186} INFO - Started process (PID=184) to work on /opt/airflow/dags/consumer.py
[2025-02-02T20:39:50.453+0000] {processor.py:914} INFO - Processing file /opt/airflow/dags/consumer.py for tasks to queue
[2025-02-02T20:39:50.455+0000] {logging_mixin.py:190} INFO - [2025-02-02T20:39:50.455+0000] {dagbag.py:588} INFO - Filling up the DagBag from /opt/airflow/dags/consumer.py
[2025-02-02T20:39:50.528+0000] {processor.py:925} INFO - DAG(s) 'spark_consumer_dag' retrieved from /opt/airflow/dags/consumer.py
[2025-02-02T20:39:50.674+0000] {logging_mixin.py:190} INFO - [2025-02-02T20:39:50.673+0000] {override.py:1911} INFO - Created Permission View: can delete on DAG:spark_consumer_dag
[2025-02-02T20:39:50.680+0000] {logging_mixin.py:190} INFO - [2025-02-02T20:39:50.680+0000] {override.py:1911} INFO - Created Permission View: can edit on DAG:spark_consumer_dag
[2025-02-02T20:39:50.685+0000] {logging_mixin.py:190} INFO - [2025-02-02T20:39:50.685+0000] {override.py:1911} INFO - Created Permission View: can read on DAG:spark_consumer_dag
[2025-02-02T20:39:50.690+0000] {logging_mixin.py:190} INFO - [2025-02-02T20:39:50.690+0000] {override.py:1911} INFO - Created Permission View: can create on DAG Run:spark_consumer_dag
[2025-02-02T20:39:50.694+0000] {logging_mixin.py:190} INFO - [2025-02-02T20:39:50.694+0000] {override.py:1911} INFO - Created Permission View: can delete on DAG Run:spark_consumer_dag
[2025-02-02T20:39:50.700+0000] {logging_mixin.py:190} INFO - [2025-02-02T20:39:50.700+0000] {override.py:1911} INFO - Created Permission View: menu access on DAG Run:spark_consumer_dag
[2025-02-02T20:39:50.705+0000] {logging_mixin.py:190} INFO - [2025-02-02T20:39:50.704+0000] {override.py:1911} INFO - Created Permission View: can read on DAG Run:spark_consumer_dag
[2025-02-02T20:39:50.705+0000] {logging_mixin.py:190} INFO - [2025-02-02T20:39:50.705+0000] {dag.py:3239} INFO - Sync 1 DAGs
[2025-02-02T20:39:50.715+0000] {logging_mixin.py:190} INFO - [2025-02-02T20:39:50.715+0000] {dag.py:3262} INFO - Creating ORM DAG for spark_consumer_dag
[2025-02-02T20:39:50.724+0000] {logging_mixin.py:190} INFO - [2025-02-02T20:39:50.724+0000] {dag.py:4180} INFO - Setting next_dagrun for spark_consumer_dag to 2025-01-27 00:00:00+00:00, run_after=2025-01-28 00:00:00+00:00
[2025-02-02T20:39:50.738+0000] {processor.py:208} INFO - Processing /opt/airflow/dags/consumer.py took 0.290 seconds
[2025-02-02T20:40:20.970+0000] {processor.py:186} INFO - Started process (PID=200) to work on /opt/airflow/dags/consumer.py
[2025-02-02T20:40:20.971+0000] {processor.py:914} INFO - Processing file /opt/airflow/dags/consumer.py for tasks to queue
[2025-02-02T20:40:20.972+0000] {logging_mixin.py:190} INFO - [2025-02-02T20:40:20.972+0000] {dagbag.py:588} INFO - Filling up the DagBag from /opt/airflow/dags/consumer.py
[2025-02-02T20:40:21.032+0000] {processor.py:925} INFO - DAG(s) 'spark_consumer_dag' retrieved from /opt/airflow/dags/consumer.py
[2025-02-02T20:40:21.047+0000] {logging_mixin.py:190} INFO - [2025-02-02T20:40:21.047+0000] {dag.py:3239} INFO - Sync 1 DAGs
[2025-02-02T20:40:21.062+0000] {logging_mixin.py:190} INFO - [2025-02-02T20:40:21.062+0000] {dag.py:4180} INFO - Setting next_dagrun for spark_consumer_dag to 2025-01-27 00:00:00+00:00, run_after=2025-01-28 00:00:00+00:00
[2025-02-02T20:40:21.075+0000] {processor.py:208} INFO - Processing /opt/airflow/dags/consumer.py took 0.110 seconds
[2025-02-02T20:40:31.158+0000] {processor.py:186} INFO - Started process (PID=272) to work on /opt/airflow/dags/consumer.py
[2025-02-02T20:40:31.159+0000] {processor.py:914} INFO - Processing file /opt/airflow/dags/consumer.py for tasks to queue
[2025-02-02T20:40:31.160+0000] {logging_mixin.py:190} INFO - [2025-02-02T20:40:31.160+0000] {dagbag.py:588} INFO - Filling up the DagBag from /opt/airflow/dags/consumer.py
[2025-02-02T20:40:31.221+0000] {processor.py:925} INFO - DAG(s) 'spark_consumer_dag' retrieved from /opt/airflow/dags/consumer.py
[2025-02-02T20:40:31.237+0000] {logging_mixin.py:190} INFO - [2025-02-02T20:40:31.237+0000] {dag.py:3239} INFO - Sync 1 DAGs
[2025-02-02T20:40:31.264+0000] {processor.py:208} INFO - Processing /opt/airflow/dags/consumer.py took 0.110 seconds
[2025-02-02T20:41:01.474+0000] {processor.py:186} INFO - Started process (PID=520) to work on /opt/airflow/dags/consumer.py
[2025-02-02T20:41:01.474+0000] {processor.py:914} INFO - Processing file /opt/airflow/dags/consumer.py for tasks to queue
[2025-02-02T20:41:01.476+0000] {logging_mixin.py:190} INFO - [2025-02-02T20:41:01.476+0000] {dagbag.py:588} INFO - Filling up the DagBag from /opt/airflow/dags/consumer.py
[2025-02-02T20:41:01.534+0000] {processor.py:925} INFO - DAG(s) 'spark_consumer_dag' retrieved from /opt/airflow/dags/consumer.py
[2025-02-02T20:41:01.552+0000] {logging_mixin.py:190} INFO - [2025-02-02T20:41:01.551+0000] {dag.py:3239} INFO - Sync 1 DAGs
[2025-02-02T20:41:01.577+0000] {processor.py:208} INFO - Processing /opt/airflow/dags/consumer.py took 0.107 seconds
[2025-02-02T20:41:32.201+0000] {processor.py:186} INFO - Started process (PID=1056) to work on /opt/airflow/dags/consumer.py
[2025-02-02T20:41:32.202+0000] {processor.py:914} INFO - Processing file /opt/airflow/dags/consumer.py for tasks to queue
[2025-02-02T20:41:32.203+0000] {logging_mixin.py:190} INFO - [2025-02-02T20:41:32.203+0000] {dagbag.py:588} INFO - Filling up the DagBag from /opt/airflow/dags/consumer.py
[2025-02-02T20:41:32.276+0000] {processor.py:925} INFO - DAG(s) 'spark_consumer_dag' retrieved from /opt/airflow/dags/consumer.py
[2025-02-02T20:41:32.295+0000] {logging_mixin.py:190} INFO - [2025-02-02T20:41:32.295+0000] {dag.py:3239} INFO - Sync 1 DAGs
[2025-02-02T20:41:32.325+0000] {processor.py:208} INFO - Processing /opt/airflow/dags/consumer.py took 0.128 seconds
[2025-02-02T20:42:02.399+0000] {processor.py:186} INFO - Started process (PID=1072) to work on /opt/airflow/dags/consumer.py
[2025-02-02T20:42:02.400+0000] {processor.py:914} INFO - Processing file /opt/airflow/dags/consumer.py for tasks to queue
[2025-02-02T20:42:02.401+0000] {logging_mixin.py:190} INFO - [2025-02-02T20:42:02.401+0000] {dagbag.py:588} INFO - Filling up the DagBag from /opt/airflow/dags/consumer.py
[2025-02-02T20:42:02.461+0000] {processor.py:925} INFO - DAG(s) 'spark_consumer_dag' retrieved from /opt/airflow/dags/consumer.py
[2025-02-02T20:42:02.477+0000] {logging_mixin.py:190} INFO - [2025-02-02T20:42:02.477+0000] {dag.py:3239} INFO - Sync 1 DAGs
[2025-02-02T20:42:02.506+0000] {processor.py:208} INFO - Processing /opt/airflow/dags/consumer.py took 0.110 seconds
[2025-02-02T20:42:32.709+0000] {processor.py:186} INFO - Started process (PID=1093) to work on /opt/airflow/dags/consumer.py
[2025-02-02T20:42:32.710+0000] {processor.py:914} INFO - Processing file /opt/airflow/dags/consumer.py for tasks to queue
[2025-02-02T20:42:32.711+0000] {logging_mixin.py:190} INFO - [2025-02-02T20:42:32.711+0000] {dagbag.py:588} INFO - Filling up the DagBag from /opt/airflow/dags/consumer.py
[2025-02-02T20:42:32.769+0000] {processor.py:925} INFO - DAG(s) 'spark_consumer_dag' retrieved from /opt/airflow/dags/consumer.py
[2025-02-02T20:42:32.784+0000] {logging_mixin.py:190} INFO - [2025-02-02T20:42:32.784+0000] {dag.py:3239} INFO - Sync 1 DAGs
[2025-02-02T20:42:32.811+0000] {processor.py:208} INFO - Processing /opt/airflow/dags/consumer.py took 0.106 seconds
[2025-02-02T20:44:09.050+0000] {processor.py:186} INFO - Started process (PID=184) to work on /opt/airflow/dags/consumer.py
[2025-02-02T20:44:09.051+0000] {processor.py:914} INFO - Processing file /opt/airflow/dags/consumer.py for tasks to queue
[2025-02-02T20:44:09.054+0000] {logging_mixin.py:190} INFO - [2025-02-02T20:44:09.053+0000] {dagbag.py:588} INFO - Filling up the DagBag from /opt/airflow/dags/consumer.py
[2025-02-02T20:44:09.137+0000] {processor.py:925} INFO - DAG(s) 'spark_consumer_dag' retrieved from /opt/airflow/dags/consumer.py
[2025-02-02T20:44:09.322+0000] {logging_mixin.py:190} INFO - [2025-02-02T20:44:09.321+0000] {override.py:1911} INFO - Created Permission View: can edit on DAG:spark_consumer_dag
[2025-02-02T20:44:09.333+0000] {logging_mixin.py:190} INFO - [2025-02-02T20:44:09.332+0000] {override.py:1911} INFO - Created Permission View: can delete on DAG:spark_consumer_dag
[2025-02-02T20:44:09.340+0000] {logging_mixin.py:190} INFO - [2025-02-02T20:44:09.339+0000] {override.py:1911} INFO - Created Permission View: can read on DAG:spark_consumer_dag
[2025-02-02T20:44:09.350+0000] {logging_mixin.py:190} INFO - [2025-02-02T20:44:09.349+0000] {override.py:1911} INFO - Created Permission View: can create on DAG Run:spark_consumer_dag
[2025-02-02T20:44:09.357+0000] {logging_mixin.py:190} INFO - [2025-02-02T20:44:09.356+0000] {override.py:1911} INFO - Created Permission View: menu access on DAG Run:spark_consumer_dag
[2025-02-02T20:44:09.364+0000] {logging_mixin.py:190} INFO - [2025-02-02T20:44:09.364+0000] {override.py:1911} INFO - Created Permission View: can delete on DAG Run:spark_consumer_dag
[2025-02-02T20:44:09.371+0000] {logging_mixin.py:190} INFO - [2025-02-02T20:44:09.370+0000] {override.py:1911} INFO - Created Permission View: can read on DAG Run:spark_consumer_dag
[2025-02-02T20:44:09.371+0000] {logging_mixin.py:190} INFO - [2025-02-02T20:44:09.371+0000] {dag.py:3239} INFO - Sync 1 DAGs
[2025-02-02T20:44:09.385+0000] {logging_mixin.py:190} INFO - [2025-02-02T20:44:09.385+0000] {dag.py:3262} INFO - Creating ORM DAG for spark_consumer_dag
[2025-02-02T20:44:09.394+0000] {logging_mixin.py:190} INFO - [2025-02-02T20:44:09.394+0000] {dag.py:4180} INFO - Setting next_dagrun for spark_consumer_dag to 2025-01-27 00:00:00+00:00, run_after=2025-01-28 00:00:00+00:00
[2025-02-02T20:44:09.416+0000] {processor.py:208} INFO - Processing /opt/airflow/dags/consumer.py took 0.372 seconds
[2025-02-02T20:44:34.780+0000] {processor.py:186} INFO - Started process (PID=257) to work on /opt/airflow/dags/consumer.py
[2025-02-02T20:44:34.781+0000] {processor.py:914} INFO - Processing file /opt/airflow/dags/consumer.py for tasks to queue
[2025-02-02T20:44:34.782+0000] {logging_mixin.py:190} INFO - [2025-02-02T20:44:34.782+0000] {dagbag.py:588} INFO - Filling up the DagBag from /opt/airflow/dags/consumer.py
[2025-02-02T20:44:34.859+0000] {processor.py:925} INFO - DAG(s) 'spark_consumer_dag' retrieved from /opt/airflow/dags/consumer.py
[2025-02-02T20:44:34.897+0000] {logging_mixin.py:190} INFO - [2025-02-02T20:44:34.896+0000] {dag.py:3239} INFO - Sync 1 DAGs
[2025-02-02T20:44:34.978+0000] {processor.py:208} INFO - Processing /opt/airflow/dags/consumer.py took 0.203 seconds
[2025-02-02T20:44:40.834+0000] {processor.py:186} INFO - Started process (PID=267) to work on /opt/airflow/dags/consumer.py
[2025-02-02T20:44:40.835+0000] {processor.py:914} INFO - Processing file /opt/airflow/dags/consumer.py for tasks to queue
[2025-02-02T20:44:40.837+0000] {logging_mixin.py:190} INFO - [2025-02-02T20:44:40.837+0000] {dagbag.py:588} INFO - Filling up the DagBag from /opt/airflow/dags/consumer.py
[2025-02-02T20:44:40.925+0000] {processor.py:925} INFO - DAG(s) 'spark_consumer_dag' retrieved from /opt/airflow/dags/consumer.py
[2025-02-02T20:44:40.946+0000] {logging_mixin.py:190} INFO - [2025-02-02T20:44:40.946+0000] {dag.py:3239} INFO - Sync 1 DAGs
[2025-02-02T20:44:40.996+0000] {processor.py:208} INFO - Processing /opt/airflow/dags/consumer.py took 0.166 seconds
[2025-02-02T20:45:11.663+0000] {processor.py:186} INFO - Started process (PID=496) to work on /opt/airflow/dags/consumer.py
[2025-02-02T20:45:11.664+0000] {processor.py:914} INFO - Processing file /opt/airflow/dags/consumer.py for tasks to queue
[2025-02-02T20:45:11.665+0000] {logging_mixin.py:190} INFO - [2025-02-02T20:45:11.665+0000] {dagbag.py:588} INFO - Filling up the DagBag from /opt/airflow/dags/consumer.py
[2025-02-02T20:45:11.727+0000] {processor.py:925} INFO - DAG(s) 'spark_consumer_dag' retrieved from /opt/airflow/dags/consumer.py
[2025-02-02T20:45:11.743+0000] {logging_mixin.py:190} INFO - [2025-02-02T20:45:11.742+0000] {dag.py:3239} INFO - Sync 1 DAGs
[2025-02-02T20:45:12.184+0000] {processor.py:208} INFO - Processing /opt/airflow/dags/consumer.py took 0.525 seconds
[2025-02-02T20:45:42.771+0000] {processor.py:186} INFO - Started process (PID=1116) to work on /opt/airflow/dags/consumer.py
[2025-02-02T20:45:42.772+0000] {processor.py:914} INFO - Processing file /opt/airflow/dags/consumer.py for tasks to queue
[2025-02-02T20:45:42.773+0000] {logging_mixin.py:190} INFO - [2025-02-02T20:45:42.773+0000] {dagbag.py:588} INFO - Filling up the DagBag from /opt/airflow/dags/consumer.py
[2025-02-02T20:45:42.862+0000] {processor.py:925} INFO - DAG(s) 'spark_consumer_dag' retrieved from /opt/airflow/dags/consumer.py
[2025-02-02T20:45:42.879+0000] {logging_mixin.py:190} INFO - [2025-02-02T20:45:42.878+0000] {dag.py:3239} INFO - Sync 1 DAGs
[2025-02-02T20:45:42.911+0000] {processor.py:208} INFO - Processing /opt/airflow/dags/consumer.py took 0.145 seconds
[2025-02-02T20:46:13.558+0000] {processor.py:186} INFO - Started process (PID=1416) to work on /opt/airflow/dags/consumer.py
[2025-02-02T20:46:13.558+0000] {processor.py:914} INFO - Processing file /opt/airflow/dags/consumer.py for tasks to queue
[2025-02-02T20:46:13.560+0000] {logging_mixin.py:190} INFO - [2025-02-02T20:46:13.560+0000] {dagbag.py:588} INFO - Filling up the DagBag from /opt/airflow/dags/consumer.py
[2025-02-02T20:46:13.650+0000] {processor.py:925} INFO - DAG(s) 'spark_consumer_dag' retrieved from /opt/airflow/dags/consumer.py
[2025-02-02T20:46:13.668+0000] {logging_mixin.py:190} INFO - [2025-02-02T20:46:13.668+0000] {dag.py:3239} INFO - Sync 1 DAGs
[2025-02-02T20:46:13.708+0000] {processor.py:208} INFO - Processing /opt/airflow/dags/consumer.py took 0.156 seconds
[2025-02-02T20:46:43.909+0000] {processor.py:186} INFO - Started process (PID=1437) to work on /opt/airflow/dags/consumer.py
[2025-02-02T20:46:43.909+0000] {processor.py:914} INFO - Processing file /opt/airflow/dags/consumer.py for tasks to queue
[2025-02-02T20:46:43.911+0000] {logging_mixin.py:190} INFO - [2025-02-02T20:46:43.911+0000] {dagbag.py:588} INFO - Filling up the DagBag from /opt/airflow/dags/consumer.py
[2025-02-02T20:46:43.972+0000] {processor.py:925} INFO - DAG(s) 'spark_consumer_dag' retrieved from /opt/airflow/dags/consumer.py
[2025-02-02T20:46:43.987+0000] {logging_mixin.py:190} INFO - [2025-02-02T20:46:43.986+0000] {dag.py:3239} INFO - Sync 1 DAGs
[2025-02-02T20:46:44.014+0000] {processor.py:208} INFO - Processing /opt/airflow/dags/consumer.py took 0.110 seconds
[2025-02-02T20:47:14.198+0000] {processor.py:186} INFO - Started process (PID=1453) to work on /opt/airflow/dags/consumer.py
[2025-02-02T20:47:14.199+0000] {processor.py:914} INFO - Processing file /opt/airflow/dags/consumer.py for tasks to queue
[2025-02-02T20:47:14.201+0000] {logging_mixin.py:190} INFO - [2025-02-02T20:47:14.200+0000] {dagbag.py:588} INFO - Filling up the DagBag from /opt/airflow/dags/consumer.py
[2025-02-02T20:47:14.257+0000] {processor.py:925} INFO - DAG(s) 'spark_consumer_dag' retrieved from /opt/airflow/dags/consumer.py
[2025-02-02T20:47:14.272+0000] {logging_mixin.py:190} INFO - [2025-02-02T20:47:14.272+0000] {dag.py:3239} INFO - Sync 1 DAGs
[2025-02-02T20:47:14.305+0000] {processor.py:208} INFO - Processing /opt/airflow/dags/consumer.py took 0.110 seconds
[2025-02-02T20:47:44.505+0000] {processor.py:186} INFO - Started process (PID=1469) to work on /opt/airflow/dags/consumer.py
[2025-02-02T20:47:44.505+0000] {processor.py:914} INFO - Processing file /opt/airflow/dags/consumer.py for tasks to queue
[2025-02-02T20:47:44.507+0000] {logging_mixin.py:190} INFO - [2025-02-02T20:47:44.507+0000] {dagbag.py:588} INFO - Filling up the DagBag from /opt/airflow/dags/consumer.py
[2025-02-02T20:47:44.565+0000] {processor.py:925} INFO - DAG(s) 'spark_consumer_dag' retrieved from /opt/airflow/dags/consumer.py
[2025-02-02T20:47:44.581+0000] {logging_mixin.py:190} INFO - [2025-02-02T20:47:44.581+0000] {dag.py:3239} INFO - Sync 1 DAGs
[2025-02-02T20:47:44.607+0000] {processor.py:208} INFO - Processing /opt/airflow/dags/consumer.py took 0.107 seconds
[2025-02-02T20:48:14.792+0000] {processor.py:186} INFO - Started process (PID=1485) to work on /opt/airflow/dags/consumer.py
[2025-02-02T20:48:14.793+0000] {processor.py:914} INFO - Processing file /opt/airflow/dags/consumer.py for tasks to queue
[2025-02-02T20:48:14.795+0000] {logging_mixin.py:190} INFO - [2025-02-02T20:48:14.794+0000] {dagbag.py:588} INFO - Filling up the DagBag from /opt/airflow/dags/consumer.py
[2025-02-02T20:48:14.852+0000] {processor.py:925} INFO - DAG(s) 'spark_consumer_dag' retrieved from /opt/airflow/dags/consumer.py
[2025-02-02T20:48:14.867+0000] {logging_mixin.py:190} INFO - [2025-02-02T20:48:14.867+0000] {dag.py:3239} INFO - Sync 1 DAGs
[2025-02-02T20:48:14.895+0000] {processor.py:208} INFO - Processing /opt/airflow/dags/consumer.py took 0.107 seconds
