[2025-02-02T13:26:48.658+0000] {local_task_job_runner.py:123} INFO - ::group::Pre task execution logs
[2025-02-02T13:26:48.677+0000] {taskinstance.py:2613} INFO - Dependencies all met for dep_context=non-requeueable deps ti=<TaskInstance: save_to_minio.spark_consumer scheduled__2025-02-01T00:00:00+00:00 [queued]>
[2025-02-02T13:26:48.687+0000] {taskinstance.py:2613} INFO - Dependencies all met for dep_context=requeueable deps ti=<TaskInstance: save_to_minio.spark_consumer scheduled__2025-02-01T00:00:00+00:00 [queued]>
[2025-02-02T13:26:48.689+0000] {taskinstance.py:2866} INFO - Starting attempt 4 of 6
[2025-02-02T13:26:48.704+0000] {taskinstance.py:2889} INFO - Executing <Task(PythonOperator): spark_consumer> on 2025-02-01 00:00:00+00:00
[2025-02-02T13:26:48.713+0000] {standard_task_runner.py:72} INFO - Started process 1468 to run task
[2025-02-02T13:26:48.718+0000] {standard_task_runner.py:104} INFO - Running: ['***', 'tasks', 'run', 'save_to_minio', 'spark_consumer', 'scheduled__2025-02-01T00:00:00+00:00', '--job-id', '34', '--raw', '--subdir', 'DAGS_FOLDER/main_pipeline.py', '--cfg-path', '/tmp/tmpv7poramx']
[2025-02-02T13:26:48.724+0000] {standard_task_runner.py:105} INFO - Job 34: Subtask spark_consumer
[2025-02-02T13:26:48.794+0000] {task_command.py:467} INFO - Running <TaskInstance: save_to_minio.spark_consumer scheduled__2025-02-01T00:00:00+00:00 [running]> on host e6ed12b0dfa5
[2025-02-02T13:26:48.884+0000] {taskinstance.py:3132} INFO - Exporting env vars: AIRFLOW_CTX_DAG_OWNER='andrewsis' AIRFLOW_CTX_DAG_ID='save_to_minio' AIRFLOW_CTX_TASK_ID='spark_consumer' AIRFLOW_CTX_EXECUTION_DATE='2025-02-01T00:00:00+00:00' AIRFLOW_CTX_TRY_NUMBER='4' AIRFLOW_CTX_DAG_RUN_ID='scheduled__2025-02-01T00:00:00+00:00'
[2025-02-02T13:26:48.886+0000] {taskinstance.py:731} INFO - ::endgroup::
[2025-02-02T13:27:45.995+0000] {base.py:84} INFO - Retrieving connection 'postgres_localhost'
[2025-02-02T13:27:47.349+0000] {sql.py:681} INFO - Loaded 1000 rows into crypto_data so far
[2025-02-02T13:27:48.697+0000] {sql.py:681} INFO - Loaded 1000 rows into crypto_data so far
[2025-02-02T13:27:49.956+0000] {sql.py:681} INFO - Loaded 1000 rows into crypto_data so far
[2025-02-02T13:27:51.168+0000] {sql.py:681} INFO - Loaded 1000 rows into crypto_data so far
[2025-02-02T13:27:52.730+0000] {sql.py:681} INFO - Loaded 1000 rows into crypto_data so far
[2025-02-02T13:27:53.848+0000] {sql.py:681} INFO - Loaded 1000 rows into crypto_data so far
[2025-02-02T13:27:54.926+0000] {sql.py:681} INFO - Loaded 1000 rows into crypto_data so far
[2025-02-02T13:27:56.029+0000] {sql.py:681} INFO - Loaded 1000 rows into crypto_data so far
[2025-02-02T13:27:57.204+0000] {sql.py:681} INFO - Loaded 1000 rows into crypto_data so far
[2025-02-02T13:27:58.341+0000] {sql.py:681} INFO - Loaded 1000 rows into crypto_data so far
[2025-02-02T13:27:59.495+0000] {sql.py:681} INFO - Loaded 1000 rows into crypto_data so far
[2025-02-02T13:28:00.593+0000] {sql.py:681} INFO - Loaded 1000 rows into crypto_data so far
[2025-02-02T13:28:01.711+0000] {sql.py:681} INFO - Loaded 1000 rows into crypto_data so far
[2025-02-02T13:28:02.810+0000] {sql.py:681} INFO - Loaded 1000 rows into crypto_data so far
[2025-02-02T13:28:03.963+0000] {sql.py:681} INFO - Loaded 1000 rows into crypto_data so far
[2025-02-02T13:28:04.988+0000] {sql.py:681} INFO - Loaded 1000 rows into crypto_data so far
[2025-02-02T13:28:06.020+0000] {sql.py:681} INFO - Loaded 1000 rows into crypto_data so far
[2025-02-02T13:28:06.973+0000] {sql.py:681} INFO - Loaded 520 rows into crypto_data so far
[2025-02-02T13:28:06.975+0000] {sql.py:694} INFO - Done loading. Loaded a total of 17520 rows into crypto_data
[2025-02-02T13:28:07.002+0000] {python.py:240} INFO - Done. Returned value was: None
[2025-02-02T13:28:07.015+0000] {taskinstance.py:340} INFO - ::group::Post task execution logs
[2025-02-02T13:28:07.017+0000] {taskinstance.py:352} INFO - Marking task as SUCCESS. dag_id=save_to_minio, task_id=spark_consumer, run_id=scheduled__2025-02-01T00:00:00+00:00, execution_date=20250201T000000, start_date=20250202T132648, end_date=20250202T132807
[2025-02-02T13:28:07.241+0000] {local_task_job_runner.py:266} INFO - Task exited with return code 0
[2025-02-02T13:28:07.499+0000] {taskinstance.py:3895} INFO - 0 downstream tasks scheduled from follow-on schedule check
[2025-02-02T13:28:07.505+0000] {local_task_job_runner.py:245} INFO - ::endgroup::
