[2025-01-20T13:58:38.008+0000] {processor.py:186} INFO - Started process (PID=219) to work on /opt/airflow/dags/create_dag_with_python_operator.py
[2025-01-20T13:58:38.009+0000] {processor.py:914} INFO - Processing file /opt/airflow/dags/create_dag_with_python_operator.py for tasks to queue
[2025-01-20T13:58:38.015+0000] {logging_mixin.py:190} INFO - [2025-01-20T13:58:38.014+0000] {dagbag.py:588} INFO - Filling up the DagBag from /opt/airflow/dags/create_dag_with_python_operator.py
[2025-01-20T13:58:38.054+0000] {processor.py:925} INFO - DAG(s) 'our_dag_with_python_operator_v05' retrieved from /opt/airflow/dags/create_dag_with_python_operator.py
[2025-01-20T13:58:38.118+0000] {logging_mixin.py:190} INFO - [2025-01-20T13:58:38.118+0000] {dag.py:3239} INFO - Sync 1 DAGs
[2025-01-20T13:58:38.210+0000] {logging_mixin.py:190} INFO - [2025-01-20T13:58:38.209+0000] {dag.py:4180} INFO - Setting next_dagrun for our_dag_with_python_operator_v05 to 2025-01-15 00:00:00+00:00, run_after=2025-01-16 00:00:00+00:00
[2025-01-20T13:58:38.273+0000] {processor.py:208} INFO - Processing /opt/airflow/dags/create_dag_with_python_operator.py took 0.276 seconds
[2025-01-20T13:59:35.465+0000] {processor.py:186} INFO - Started process (PID=207) to work on /opt/airflow/dags/create_dag_with_python_operator.py
[2025-01-20T13:59:35.466+0000] {processor.py:914} INFO - Processing file /opt/airflow/dags/create_dag_with_python_operator.py for tasks to queue
[2025-01-20T13:59:35.468+0000] {logging_mixin.py:190} INFO - [2025-01-20T13:59:35.468+0000] {dagbag.py:588} INFO - Filling up the DagBag from /opt/airflow/dags/create_dag_with_python_operator.py
[2025-01-20T13:59:35.481+0000] {processor.py:925} INFO - DAG(s) 'our_dag_with_python_operator_v05' retrieved from /opt/airflow/dags/create_dag_with_python_operator.py
[2025-01-20T13:59:35.533+0000] {logging_mixin.py:190} INFO - [2025-01-20T13:59:35.533+0000] {dag.py:3239} INFO - Sync 1 DAGs
[2025-01-20T13:59:35.555+0000] {logging_mixin.py:190} INFO - [2025-01-20T13:59:35.555+0000] {dag.py:4180} INFO - Setting next_dagrun for our_dag_with_python_operator_v05 to 2025-01-15 00:00:00+00:00, run_after=2025-01-16 00:00:00+00:00
[2025-01-20T13:59:35.572+0000] {processor.py:208} INFO - Processing /opt/airflow/dags/create_dag_with_python_operator.py took 0.112 seconds
[2025-01-20T14:00:06.165+0000] {processor.py:186} INFO - Started process (PID=250) to work on /opt/airflow/dags/create_dag_with_python_operator.py
[2025-01-20T14:00:06.166+0000] {processor.py:914} INFO - Processing file /opt/airflow/dags/create_dag_with_python_operator.py for tasks to queue
[2025-01-20T14:00:06.168+0000] {logging_mixin.py:190} INFO - [2025-01-20T14:00:06.168+0000] {dagbag.py:588} INFO - Filling up the DagBag from /opt/airflow/dags/create_dag_with_python_operator.py
[2025-01-20T14:00:06.181+0000] {processor.py:925} INFO - DAG(s) 'our_dag_with_python_operator_v05' retrieved from /opt/airflow/dags/create_dag_with_python_operator.py
[2025-01-20T14:00:06.200+0000] {logging_mixin.py:190} INFO - [2025-01-20T14:00:06.200+0000] {dag.py:3239} INFO - Sync 1 DAGs
[2025-01-20T14:00:06.219+0000] {logging_mixin.py:190} INFO - [2025-01-20T14:00:06.219+0000] {dag.py:4180} INFO - Setting next_dagrun for our_dag_with_python_operator_v05 to 2025-01-15 00:00:00+00:00, run_after=2025-01-16 00:00:00+00:00
[2025-01-20T14:00:06.231+0000] {processor.py:208} INFO - Processing /opt/airflow/dags/create_dag_with_python_operator.py took 0.069 seconds
[2025-01-20T14:00:36.851+0000] {processor.py:186} INFO - Started process (PID=291) to work on /opt/airflow/dags/create_dag_with_python_operator.py
[2025-01-20T14:00:36.853+0000] {processor.py:914} INFO - Processing file /opt/airflow/dags/create_dag_with_python_operator.py for tasks to queue
[2025-01-20T14:00:36.855+0000] {logging_mixin.py:190} INFO - [2025-01-20T14:00:36.855+0000] {dagbag.py:588} INFO - Filling up the DagBag from /opt/airflow/dags/create_dag_with_python_operator.py
[2025-01-20T14:00:36.873+0000] {processor.py:925} INFO - DAG(s) 'our_dag_with_python_operator_v05' retrieved from /opt/airflow/dags/create_dag_with_python_operator.py
[2025-01-20T14:00:36.893+0000] {logging_mixin.py:190} INFO - [2025-01-20T14:00:36.893+0000] {dag.py:3239} INFO - Sync 1 DAGs
[2025-01-20T14:00:36.911+0000] {logging_mixin.py:190} INFO - [2025-01-20T14:00:36.911+0000] {dag.py:4180} INFO - Setting next_dagrun for our_dag_with_python_operator_v05 to 2025-01-15 00:00:00+00:00, run_after=2025-01-16 00:00:00+00:00
[2025-01-20T14:00:36.925+0000] {processor.py:208} INFO - Processing /opt/airflow/dags/create_dag_with_python_operator.py took 0.083 seconds
[2025-01-20T14:01:07.566+0000] {processor.py:186} INFO - Started process (PID=332) to work on /opt/airflow/dags/create_dag_with_python_operator.py
[2025-01-20T14:01:07.567+0000] {processor.py:914} INFO - Processing file /opt/airflow/dags/create_dag_with_python_operator.py for tasks to queue
[2025-01-20T14:01:07.569+0000] {logging_mixin.py:190} INFO - [2025-01-20T14:01:07.568+0000] {dagbag.py:588} INFO - Filling up the DagBag from /opt/airflow/dags/create_dag_with_python_operator.py
[2025-01-20T14:01:07.583+0000] {processor.py:925} INFO - DAG(s) 'our_dag_with_python_operator_v05' retrieved from /opt/airflow/dags/create_dag_with_python_operator.py
[2025-01-20T14:01:07.604+0000] {logging_mixin.py:190} INFO - [2025-01-20T14:01:07.603+0000] {dag.py:3239} INFO - Sync 1 DAGs
[2025-01-20T14:01:07.622+0000] {logging_mixin.py:190} INFO - [2025-01-20T14:01:07.622+0000] {dag.py:4180} INFO - Setting next_dagrun for our_dag_with_python_operator_v05 to 2025-01-15 00:00:00+00:00, run_after=2025-01-16 00:00:00+00:00
[2025-01-20T14:01:07.637+0000] {processor.py:208} INFO - Processing /opt/airflow/dags/create_dag_with_python_operator.py took 0.075 seconds
[2025-01-20T14:01:38.160+0000] {processor.py:186} INFO - Started process (PID=373) to work on /opt/airflow/dags/create_dag_with_python_operator.py
[2025-01-20T14:01:38.161+0000] {processor.py:914} INFO - Processing file /opt/airflow/dags/create_dag_with_python_operator.py for tasks to queue
[2025-01-20T14:01:38.163+0000] {logging_mixin.py:190} INFO - [2025-01-20T14:01:38.162+0000] {dagbag.py:588} INFO - Filling up the DagBag from /opt/airflow/dags/create_dag_with_python_operator.py
[2025-01-20T14:01:38.176+0000] {processor.py:925} INFO - DAG(s) 'our_dag_with_python_operator_v05' retrieved from /opt/airflow/dags/create_dag_with_python_operator.py
[2025-01-20T14:01:38.197+0000] {logging_mixin.py:190} INFO - [2025-01-20T14:01:38.197+0000] {dag.py:3239} INFO - Sync 1 DAGs
[2025-01-20T14:01:38.215+0000] {logging_mixin.py:190} INFO - [2025-01-20T14:01:38.214+0000] {dag.py:4180} INFO - Setting next_dagrun for our_dag_with_python_operator_v05 to 2025-01-15 00:00:00+00:00, run_after=2025-01-16 00:00:00+00:00
[2025-01-20T14:01:38.228+0000] {processor.py:208} INFO - Processing /opt/airflow/dags/create_dag_with_python_operator.py took 0.071 seconds
[2025-01-20T14:02:08.756+0000] {processor.py:186} INFO - Started process (PID=418) to work on /opt/airflow/dags/create_dag_with_python_operator.py
[2025-01-20T14:02:08.757+0000] {processor.py:914} INFO - Processing file /opt/airflow/dags/create_dag_with_python_operator.py for tasks to queue
[2025-01-20T14:02:08.759+0000] {logging_mixin.py:190} INFO - [2025-01-20T14:02:08.758+0000] {dagbag.py:588} INFO - Filling up the DagBag from /opt/airflow/dags/create_dag_with_python_operator.py
[2025-01-20T14:02:08.772+0000] {processor.py:925} INFO - DAG(s) 'our_dag_with_python_operator_v05' retrieved from /opt/airflow/dags/create_dag_with_python_operator.py
[2025-01-20T14:02:08.792+0000] {logging_mixin.py:190} INFO - [2025-01-20T14:02:08.792+0000] {dag.py:3239} INFO - Sync 1 DAGs
[2025-01-20T14:02:08.811+0000] {logging_mixin.py:190} INFO - [2025-01-20T14:02:08.811+0000] {dag.py:4180} INFO - Setting next_dagrun for our_dag_with_python_operator_v05 to 2025-01-15 00:00:00+00:00, run_after=2025-01-16 00:00:00+00:00
[2025-01-20T14:02:08.826+0000] {processor.py:208} INFO - Processing /opt/airflow/dags/create_dag_with_python_operator.py took 0.074 seconds
[2025-01-20T14:02:39.449+0000] {processor.py:186} INFO - Started process (PID=461) to work on /opt/airflow/dags/create_dag_with_python_operator.py
[2025-01-20T14:02:39.450+0000] {processor.py:914} INFO - Processing file /opt/airflow/dags/create_dag_with_python_operator.py for tasks to queue
[2025-01-20T14:02:39.452+0000] {logging_mixin.py:190} INFO - [2025-01-20T14:02:39.452+0000] {dagbag.py:588} INFO - Filling up the DagBag from /opt/airflow/dags/create_dag_with_python_operator.py
[2025-01-20T14:02:39.466+0000] {processor.py:925} INFO - DAG(s) 'our_dag_with_python_operator_v05' retrieved from /opt/airflow/dags/create_dag_with_python_operator.py
[2025-01-20T14:02:39.486+0000] {logging_mixin.py:190} INFO - [2025-01-20T14:02:39.486+0000] {dag.py:3239} INFO - Sync 1 DAGs
[2025-01-20T14:02:39.505+0000] {logging_mixin.py:190} INFO - [2025-01-20T14:02:39.505+0000] {dag.py:4180} INFO - Setting next_dagrun for our_dag_with_python_operator_v05 to 2025-01-15 00:00:00+00:00, run_after=2025-01-16 00:00:00+00:00
[2025-01-20T14:02:39.518+0000] {processor.py:208} INFO - Processing /opt/airflow/dags/create_dag_with_python_operator.py took 0.073 seconds
[2025-01-20T14:03:10.143+0000] {processor.py:186} INFO - Started process (PID=502) to work on /opt/airflow/dags/create_dag_with_python_operator.py
[2025-01-20T14:03:10.143+0000] {processor.py:914} INFO - Processing file /opt/airflow/dags/create_dag_with_python_operator.py for tasks to queue
[2025-01-20T14:03:10.145+0000] {logging_mixin.py:190} INFO - [2025-01-20T14:03:10.145+0000] {dagbag.py:588} INFO - Filling up the DagBag from /opt/airflow/dags/create_dag_with_python_operator.py
[2025-01-20T14:03:10.159+0000] {processor.py:925} INFO - DAG(s) 'our_dag_with_python_operator_v05' retrieved from /opt/airflow/dags/create_dag_with_python_operator.py
[2025-01-20T14:03:10.179+0000] {logging_mixin.py:190} INFO - [2025-01-20T14:03:10.179+0000] {dag.py:3239} INFO - Sync 1 DAGs
[2025-01-20T14:03:10.198+0000] {logging_mixin.py:190} INFO - [2025-01-20T14:03:10.198+0000] {dag.py:4180} INFO - Setting next_dagrun for our_dag_with_python_operator_v05 to 2025-01-15 00:00:00+00:00, run_after=2025-01-16 00:00:00+00:00
[2025-01-20T14:03:10.212+0000] {processor.py:208} INFO - Processing /opt/airflow/dags/create_dag_with_python_operator.py took 0.074 seconds
[2025-01-20T14:03:40.724+0000] {processor.py:186} INFO - Started process (PID=543) to work on /opt/airflow/dags/create_dag_with_python_operator.py
[2025-01-20T14:03:40.725+0000] {processor.py:914} INFO - Processing file /opt/airflow/dags/create_dag_with_python_operator.py for tasks to queue
[2025-01-20T14:03:40.727+0000] {logging_mixin.py:190} INFO - [2025-01-20T14:03:40.726+0000] {dagbag.py:588} INFO - Filling up the DagBag from /opt/airflow/dags/create_dag_with_python_operator.py
[2025-01-20T14:03:40.740+0000] {processor.py:925} INFO - DAG(s) 'our_dag_with_python_operator_v05' retrieved from /opt/airflow/dags/create_dag_with_python_operator.py
[2025-01-20T14:03:40.758+0000] {logging_mixin.py:190} INFO - [2025-01-20T14:03:40.758+0000] {dag.py:3239} INFO - Sync 1 DAGs
[2025-01-20T14:03:40.776+0000] {logging_mixin.py:190} INFO - [2025-01-20T14:03:40.775+0000] {dag.py:4180} INFO - Setting next_dagrun for our_dag_with_python_operator_v05 to 2025-01-15 00:00:00+00:00, run_after=2025-01-16 00:00:00+00:00
[2025-01-20T14:03:40.789+0000] {processor.py:208} INFO - Processing /opt/airflow/dags/create_dag_with_python_operator.py took 0.069 seconds
[2025-01-20T14:04:11.825+0000] {processor.py:186} INFO - Started process (PID=584) to work on /opt/airflow/dags/create_dag_with_python_operator.py
[2025-01-20T14:04:11.826+0000] {processor.py:914} INFO - Processing file /opt/airflow/dags/create_dag_with_python_operator.py for tasks to queue
[2025-01-20T14:04:11.828+0000] {logging_mixin.py:190} INFO - [2025-01-20T14:04:11.828+0000] {dagbag.py:588} INFO - Filling up the DagBag from /opt/airflow/dags/create_dag_with_python_operator.py
[2025-01-20T14:04:11.842+0000] {processor.py:925} INFO - DAG(s) 'our_dag_with_python_operator_v05' retrieved from /opt/airflow/dags/create_dag_with_python_operator.py
[2025-01-20T14:04:11.862+0000] {logging_mixin.py:190} INFO - [2025-01-20T14:04:11.862+0000] {dag.py:3239} INFO - Sync 1 DAGs
[2025-01-20T14:04:11.880+0000] {logging_mixin.py:190} INFO - [2025-01-20T14:04:11.880+0000] {dag.py:4180} INFO - Setting next_dagrun for our_dag_with_python_operator_v05 to 2025-01-15 00:00:00+00:00, run_after=2025-01-16 00:00:00+00:00
[2025-01-20T14:04:12.022+0000] {processor.py:208} INFO - Processing /opt/airflow/dags/create_dag_with_python_operator.py took 0.201 seconds
[2025-01-20T14:04:42.150+0000] {processor.py:186} INFO - Started process (PID=625) to work on /opt/airflow/dags/create_dag_with_python_operator.py
[2025-01-20T14:04:42.151+0000] {processor.py:914} INFO - Processing file /opt/airflow/dags/create_dag_with_python_operator.py for tasks to queue
[2025-01-20T14:04:42.153+0000] {logging_mixin.py:190} INFO - [2025-01-20T14:04:42.152+0000] {dagbag.py:588} INFO - Filling up the DagBag from /opt/airflow/dags/create_dag_with_python_operator.py
[2025-01-20T14:04:42.166+0000] {processor.py:925} INFO - DAG(s) 'our_dag_with_python_operator_v05' retrieved from /opt/airflow/dags/create_dag_with_python_operator.py
[2025-01-20T14:04:42.186+0000] {logging_mixin.py:190} INFO - [2025-01-20T14:04:42.186+0000] {dag.py:3239} INFO - Sync 1 DAGs
[2025-01-20T14:04:42.343+0000] {logging_mixin.py:190} INFO - [2025-01-20T14:04:42.343+0000] {dag.py:4180} INFO - Setting next_dagrun for our_dag_with_python_operator_v05 to 2025-01-15 00:00:00+00:00, run_after=2025-01-16 00:00:00+00:00
[2025-01-20T14:04:42.364+0000] {processor.py:208} INFO - Processing /opt/airflow/dags/create_dag_with_python_operator.py took 0.217 seconds
[2025-01-20T14:05:12.599+0000] {processor.py:186} INFO - Started process (PID=666) to work on /opt/airflow/dags/create_dag_with_python_operator.py
[2025-01-20T14:05:12.600+0000] {processor.py:914} INFO - Processing file /opt/airflow/dags/create_dag_with_python_operator.py for tasks to queue
[2025-01-20T14:05:12.601+0000] {logging_mixin.py:190} INFO - [2025-01-20T14:05:12.601+0000] {dagbag.py:588} INFO - Filling up the DagBag from /opt/airflow/dags/create_dag_with_python_operator.py
[2025-01-20T14:05:12.615+0000] {processor.py:925} INFO - DAG(s) 'our_dag_with_python_operator_v05' retrieved from /opt/airflow/dags/create_dag_with_python_operator.py
[2025-01-20T14:05:12.636+0000] {logging_mixin.py:190} INFO - [2025-01-20T14:05:12.636+0000] {dag.py:3239} INFO - Sync 1 DAGs
[2025-01-20T14:05:12.789+0000] {logging_mixin.py:190} INFO - [2025-01-20T14:05:12.789+0000] {dag.py:4180} INFO - Setting next_dagrun for our_dag_with_python_operator_v05 to 2025-01-15 00:00:00+00:00, run_after=2025-01-16 00:00:00+00:00
[2025-01-20T14:05:12.803+0000] {processor.py:208} INFO - Processing /opt/airflow/dags/create_dag_with_python_operator.py took 0.208 seconds
[2025-01-20T14:05:42.867+0000] {processor.py:186} INFO - Started process (PID=705) to work on /opt/airflow/dags/create_dag_with_python_operator.py
[2025-01-20T14:05:42.867+0000] {processor.py:914} INFO - Processing file /opt/airflow/dags/create_dag_with_python_operator.py for tasks to queue
[2025-01-20T14:05:42.869+0000] {logging_mixin.py:190} INFO - [2025-01-20T14:05:42.869+0000] {dagbag.py:588} INFO - Filling up the DagBag from /opt/airflow/dags/create_dag_with_python_operator.py
[2025-01-20T14:05:42.883+0000] {processor.py:925} INFO - DAG(s) 'our_dag_with_python_operator_v05' retrieved from /opt/airflow/dags/create_dag_with_python_operator.py
[2025-01-20T14:05:43.047+0000] {logging_mixin.py:190} INFO - [2025-01-20T14:05:43.047+0000] {dag.py:3239} INFO - Sync 1 DAGs
[2025-01-20T14:05:43.067+0000] {logging_mixin.py:190} INFO - [2025-01-20T14:05:43.066+0000] {dag.py:4180} INFO - Setting next_dagrun for our_dag_with_python_operator_v05 to 2025-01-15 00:00:00+00:00, run_after=2025-01-16 00:00:00+00:00
[2025-01-20T14:05:43.080+0000] {processor.py:208} INFO - Processing /opt/airflow/dags/create_dag_with_python_operator.py took 0.218 seconds
[2025-01-20T14:06:13.527+0000] {processor.py:186} INFO - Started process (PID=746) to work on /opt/airflow/dags/create_dag_with_python_operator.py
[2025-01-20T14:06:13.527+0000] {processor.py:914} INFO - Processing file /opt/airflow/dags/create_dag_with_python_operator.py for tasks to queue
[2025-01-20T14:06:13.529+0000] {logging_mixin.py:190} INFO - [2025-01-20T14:06:13.529+0000] {dagbag.py:588} INFO - Filling up the DagBag from /opt/airflow/dags/create_dag_with_python_operator.py
[2025-01-20T14:06:13.543+0000] {processor.py:925} INFO - DAG(s) 'our_dag_with_python_operator_v05' retrieved from /opt/airflow/dags/create_dag_with_python_operator.py
[2025-01-20T14:06:13.563+0000] {logging_mixin.py:190} INFO - [2025-01-20T14:06:13.562+0000] {dag.py:3239} INFO - Sync 1 DAGs
[2025-01-20T14:06:13.580+0000] {logging_mixin.py:190} INFO - [2025-01-20T14:06:13.580+0000] {dag.py:4180} INFO - Setting next_dagrun for our_dag_with_python_operator_v05 to 2025-01-15 00:00:00+00:00, run_after=2025-01-16 00:00:00+00:00
[2025-01-20T14:06:13.594+0000] {processor.py:208} INFO - Processing /opt/airflow/dags/create_dag_with_python_operator.py took 0.072 seconds
[2025-01-20T14:06:44.186+0000] {processor.py:186} INFO - Started process (PID=789) to work on /opt/airflow/dags/create_dag_with_python_operator.py
[2025-01-20T14:06:44.187+0000] {processor.py:914} INFO - Processing file /opt/airflow/dags/create_dag_with_python_operator.py for tasks to queue
[2025-01-20T14:06:44.188+0000] {logging_mixin.py:190} INFO - [2025-01-20T14:06:44.188+0000] {dagbag.py:588} INFO - Filling up the DagBag from /opt/airflow/dags/create_dag_with_python_operator.py
[2025-01-20T14:06:44.202+0000] {processor.py:925} INFO - DAG(s) 'our_dag_with_python_operator_v05' retrieved from /opt/airflow/dags/create_dag_with_python_operator.py
[2025-01-20T14:06:44.222+0000] {logging_mixin.py:190} INFO - [2025-01-20T14:06:44.222+0000] {dag.py:3239} INFO - Sync 1 DAGs
[2025-01-20T14:06:44.240+0000] {logging_mixin.py:190} INFO - [2025-01-20T14:06:44.240+0000] {dag.py:4180} INFO - Setting next_dagrun for our_dag_with_python_operator_v05 to 2025-01-15 00:00:00+00:00, run_after=2025-01-16 00:00:00+00:00
[2025-01-20T14:06:44.255+0000] {processor.py:208} INFO - Processing /opt/airflow/dags/create_dag_with_python_operator.py took 0.074 seconds
[2025-01-20T14:07:14.653+0000] {processor.py:186} INFO - Started process (PID=828) to work on /opt/airflow/dags/create_dag_with_python_operator.py
[2025-01-20T14:07:14.654+0000] {processor.py:914} INFO - Processing file /opt/airflow/dags/create_dag_with_python_operator.py for tasks to queue
[2025-01-20T14:07:14.656+0000] {logging_mixin.py:190} INFO - [2025-01-20T14:07:14.655+0000] {dagbag.py:588} INFO - Filling up the DagBag from /opt/airflow/dags/create_dag_with_python_operator.py
[2025-01-20T14:07:14.671+0000] {processor.py:925} INFO - DAG(s) 'our_dag_with_python_operator_v05' retrieved from /opt/airflow/dags/create_dag_with_python_operator.py
[2025-01-20T14:07:14.690+0000] {logging_mixin.py:190} INFO - [2025-01-20T14:07:14.690+0000] {dag.py:3239} INFO - Sync 1 DAGs
[2025-01-20T14:07:14.708+0000] {logging_mixin.py:190} INFO - [2025-01-20T14:07:14.707+0000] {dag.py:4180} INFO - Setting next_dagrun for our_dag_with_python_operator_v05 to 2025-01-15 00:00:00+00:00, run_after=2025-01-16 00:00:00+00:00
[2025-01-20T14:07:14.722+0000] {processor.py:208} INFO - Processing /opt/airflow/dags/create_dag_with_python_operator.py took 0.073 seconds
[2025-01-20T14:07:46.161+0000] {processor.py:186} INFO - Started process (PID=869) to work on /opt/airflow/dags/create_dag_with_python_operator.py
[2025-01-20T14:07:46.161+0000] {processor.py:914} INFO - Processing file /opt/airflow/dags/create_dag_with_python_operator.py for tasks to queue
[2025-01-20T14:07:46.163+0000] {logging_mixin.py:190} INFO - [2025-01-20T14:07:46.163+0000] {dagbag.py:588} INFO - Filling up the DagBag from /opt/airflow/dags/create_dag_with_python_operator.py
[2025-01-20T14:07:46.177+0000] {processor.py:925} INFO - DAG(s) 'our_dag_with_python_operator_v05' retrieved from /opt/airflow/dags/create_dag_with_python_operator.py
[2025-01-20T14:07:46.197+0000] {logging_mixin.py:190} INFO - [2025-01-20T14:07:46.197+0000] {dag.py:3239} INFO - Sync 1 DAGs
[2025-01-20T14:07:46.216+0000] {logging_mixin.py:190} INFO - [2025-01-20T14:07:46.216+0000] {dag.py:4180} INFO - Setting next_dagrun for our_dag_with_python_operator_v05 to 2025-01-15 00:00:00+00:00, run_after=2025-01-16 00:00:00+00:00
[2025-01-20T14:07:46.230+0000] {processor.py:208} INFO - Processing /opt/airflow/dags/create_dag_with_python_operator.py took 0.074 seconds
[2025-01-20T14:08:16.665+0000] {processor.py:186} INFO - Started process (PID=910) to work on /opt/airflow/dags/create_dag_with_python_operator.py
[2025-01-20T14:08:16.666+0000] {processor.py:914} INFO - Processing file /opt/airflow/dags/create_dag_with_python_operator.py for tasks to queue
[2025-01-20T14:08:16.668+0000] {logging_mixin.py:190} INFO - [2025-01-20T14:08:16.667+0000] {dagbag.py:588} INFO - Filling up the DagBag from /opt/airflow/dags/create_dag_with_python_operator.py
[2025-01-20T14:08:16.681+0000] {processor.py:925} INFO - DAG(s) 'our_dag_with_python_operator_v05' retrieved from /opt/airflow/dags/create_dag_with_python_operator.py
[2025-01-20T14:08:16.701+0000] {logging_mixin.py:190} INFO - [2025-01-20T14:08:16.700+0000] {dag.py:3239} INFO - Sync 1 DAGs
[2025-01-20T14:08:16.718+0000] {logging_mixin.py:190} INFO - [2025-01-20T14:08:16.718+0000] {dag.py:4180} INFO - Setting next_dagrun for our_dag_with_python_operator_v05 to 2025-01-15 00:00:00+00:00, run_after=2025-01-16 00:00:00+00:00
[2025-01-20T14:08:16.732+0000] {processor.py:208} INFO - Processing /opt/airflow/dags/create_dag_with_python_operator.py took 0.072 seconds
[2025-01-20T14:08:47.193+0000] {processor.py:186} INFO - Started process (PID=951) to work on /opt/airflow/dags/create_dag_with_python_operator.py
[2025-01-20T14:08:47.193+0000] {processor.py:914} INFO - Processing file /opt/airflow/dags/create_dag_with_python_operator.py for tasks to queue
[2025-01-20T14:08:47.195+0000] {logging_mixin.py:190} INFO - [2025-01-20T14:08:47.195+0000] {dagbag.py:588} INFO - Filling up the DagBag from /opt/airflow/dags/create_dag_with_python_operator.py
[2025-01-20T14:08:47.209+0000] {processor.py:925} INFO - DAG(s) 'our_dag_with_python_operator_v05' retrieved from /opt/airflow/dags/create_dag_with_python_operator.py
[2025-01-20T14:08:47.229+0000] {logging_mixin.py:190} INFO - [2025-01-20T14:08:47.229+0000] {dag.py:3239} INFO - Sync 1 DAGs
[2025-01-20T14:08:47.248+0000] {logging_mixin.py:190} INFO - [2025-01-20T14:08:47.248+0000] {dag.py:4180} INFO - Setting next_dagrun for our_dag_with_python_operator_v05 to 2025-01-15 00:00:00+00:00, run_after=2025-01-16 00:00:00+00:00
[2025-01-20T14:08:47.262+0000] {processor.py:208} INFO - Processing /opt/airflow/dags/create_dag_with_python_operator.py took 0.074 seconds
[2025-01-20T14:09:17.716+0000] {processor.py:186} INFO - Started process (PID=992) to work on /opt/airflow/dags/create_dag_with_python_operator.py
[2025-01-20T14:09:17.717+0000] {processor.py:914} INFO - Processing file /opt/airflow/dags/create_dag_with_python_operator.py for tasks to queue
[2025-01-20T14:09:17.719+0000] {logging_mixin.py:190} INFO - [2025-01-20T14:09:17.718+0000] {dagbag.py:588} INFO - Filling up the DagBag from /opt/airflow/dags/create_dag_with_python_operator.py
[2025-01-20T14:09:17.733+0000] {processor.py:925} INFO - DAG(s) 'our_dag_with_python_operator_v05' retrieved from /opt/airflow/dags/create_dag_with_python_operator.py
[2025-01-20T14:09:17.752+0000] {logging_mixin.py:190} INFO - [2025-01-20T14:09:17.752+0000] {dag.py:3239} INFO - Sync 1 DAGs
[2025-01-20T14:09:17.772+0000] {logging_mixin.py:190} INFO - [2025-01-20T14:09:17.772+0000] {dag.py:4180} INFO - Setting next_dagrun for our_dag_with_python_operator_v05 to 2025-01-15 00:00:00+00:00, run_after=2025-01-16 00:00:00+00:00
[2025-01-20T14:09:17.787+0000] {processor.py:208} INFO - Processing /opt/airflow/dags/create_dag_with_python_operator.py took 0.075 seconds
[2025-01-20T14:09:48.329+0000] {processor.py:186} INFO - Started process (PID=1033) to work on /opt/airflow/dags/create_dag_with_python_operator.py
[2025-01-20T14:09:48.330+0000] {processor.py:914} INFO - Processing file /opt/airflow/dags/create_dag_with_python_operator.py for tasks to queue
[2025-01-20T14:09:48.332+0000] {logging_mixin.py:190} INFO - [2025-01-20T14:09:48.332+0000] {dagbag.py:588} INFO - Filling up the DagBag from /opt/airflow/dags/create_dag_with_python_operator.py
[2025-01-20T14:09:48.345+0000] {processor.py:925} INFO - DAG(s) 'our_dag_with_python_operator_v05' retrieved from /opt/airflow/dags/create_dag_with_python_operator.py
[2025-01-20T14:09:48.363+0000] {logging_mixin.py:190} INFO - [2025-01-20T14:09:48.363+0000] {dag.py:3239} INFO - Sync 1 DAGs
[2025-01-20T14:09:48.381+0000] {logging_mixin.py:190} INFO - [2025-01-20T14:09:48.381+0000] {dag.py:4180} INFO - Setting next_dagrun for our_dag_with_python_operator_v05 to 2025-01-15 00:00:00+00:00, run_after=2025-01-16 00:00:00+00:00
[2025-01-20T14:09:48.395+0000] {processor.py:208} INFO - Processing /opt/airflow/dags/create_dag_with_python_operator.py took 0.070 seconds
[2025-01-20T14:10:18.834+0000] {processor.py:186} INFO - Started process (PID=1074) to work on /opt/airflow/dags/create_dag_with_python_operator.py
[2025-01-20T14:10:18.835+0000] {processor.py:914} INFO - Processing file /opt/airflow/dags/create_dag_with_python_operator.py for tasks to queue
[2025-01-20T14:10:18.837+0000] {logging_mixin.py:190} INFO - [2025-01-20T14:10:18.837+0000] {dagbag.py:588} INFO - Filling up the DagBag from /opt/airflow/dags/create_dag_with_python_operator.py
[2025-01-20T14:10:18.851+0000] {processor.py:925} INFO - DAG(s) 'our_dag_with_python_operator_v05' retrieved from /opt/airflow/dags/create_dag_with_python_operator.py
[2025-01-20T14:10:18.873+0000] {logging_mixin.py:190} INFO - [2025-01-20T14:10:18.872+0000] {dag.py:3239} INFO - Sync 1 DAGs
[2025-01-20T14:10:18.893+0000] {logging_mixin.py:190} INFO - [2025-01-20T14:10:18.893+0000] {dag.py:4180} INFO - Setting next_dagrun for our_dag_with_python_operator_v05 to 2025-01-15 00:00:00+00:00, run_after=2025-01-16 00:00:00+00:00
[2025-01-20T14:10:18.909+0000] {processor.py:208} INFO - Processing /opt/airflow/dags/create_dag_with_python_operator.py took 0.080 seconds
[2025-01-20T14:10:49.352+0000] {processor.py:186} INFO - Started process (PID=1115) to work on /opt/airflow/dags/create_dag_with_python_operator.py
[2025-01-20T14:10:49.353+0000] {processor.py:914} INFO - Processing file /opt/airflow/dags/create_dag_with_python_operator.py for tasks to queue
[2025-01-20T14:10:49.355+0000] {logging_mixin.py:190} INFO - [2025-01-20T14:10:49.354+0000] {dagbag.py:588} INFO - Filling up the DagBag from /opt/airflow/dags/create_dag_with_python_operator.py
[2025-01-20T14:10:49.367+0000] {processor.py:925} INFO - DAG(s) 'our_dag_with_python_operator_v05' retrieved from /opt/airflow/dags/create_dag_with_python_operator.py
[2025-01-20T14:10:49.388+0000] {logging_mixin.py:190} INFO - [2025-01-20T14:10:49.387+0000] {dag.py:3239} INFO - Sync 1 DAGs
[2025-01-20T14:10:49.405+0000] {logging_mixin.py:190} INFO - [2025-01-20T14:10:49.405+0000] {dag.py:4180} INFO - Setting next_dagrun for our_dag_with_python_operator_v05 to 2025-01-15 00:00:00+00:00, run_after=2025-01-16 00:00:00+00:00
[2025-01-20T14:10:49.419+0000] {processor.py:208} INFO - Processing /opt/airflow/dags/create_dag_with_python_operator.py took 0.073 seconds
[2025-01-20T14:11:19.838+0000] {processor.py:186} INFO - Started process (PID=1156) to work on /opt/airflow/dags/create_dag_with_python_operator.py
[2025-01-20T14:11:19.839+0000] {processor.py:914} INFO - Processing file /opt/airflow/dags/create_dag_with_python_operator.py for tasks to queue
[2025-01-20T14:11:19.841+0000] {logging_mixin.py:190} INFO - [2025-01-20T14:11:19.841+0000] {dagbag.py:588} INFO - Filling up the DagBag from /opt/airflow/dags/create_dag_with_python_operator.py
[2025-01-20T14:11:19.855+0000] {processor.py:925} INFO - DAG(s) 'our_dag_with_python_operator_v05' retrieved from /opt/airflow/dags/create_dag_with_python_operator.py
[2025-01-20T14:11:19.875+0000] {logging_mixin.py:190} INFO - [2025-01-20T14:11:19.875+0000] {dag.py:3239} INFO - Sync 1 DAGs
[2025-01-20T14:11:19.893+0000] {logging_mixin.py:190} INFO - [2025-01-20T14:11:19.892+0000] {dag.py:4180} INFO - Setting next_dagrun for our_dag_with_python_operator_v05 to 2025-01-15 00:00:00+00:00, run_after=2025-01-16 00:00:00+00:00
[2025-01-20T14:11:19.906+0000] {processor.py:208} INFO - Processing /opt/airflow/dags/create_dag_with_python_operator.py took 0.075 seconds
[2025-01-20T14:11:50.350+0000] {processor.py:186} INFO - Started process (PID=1197) to work on /opt/airflow/dags/create_dag_with_python_operator.py
[2025-01-20T14:11:50.351+0000] {processor.py:914} INFO - Processing file /opt/airflow/dags/create_dag_with_python_operator.py for tasks to queue
[2025-01-20T14:11:50.353+0000] {logging_mixin.py:190} INFO - [2025-01-20T14:11:50.353+0000] {dagbag.py:588} INFO - Filling up the DagBag from /opt/airflow/dags/create_dag_with_python_operator.py
[2025-01-20T14:11:50.366+0000] {processor.py:925} INFO - DAG(s) 'our_dag_with_python_operator_v05' retrieved from /opt/airflow/dags/create_dag_with_python_operator.py
[2025-01-20T14:11:50.385+0000] {logging_mixin.py:190} INFO - [2025-01-20T14:11:50.385+0000] {dag.py:3239} INFO - Sync 1 DAGs
[2025-01-20T14:11:50.402+0000] {logging_mixin.py:190} INFO - [2025-01-20T14:11:50.401+0000] {dag.py:4180} INFO - Setting next_dagrun for our_dag_with_python_operator_v05 to 2025-01-15 00:00:00+00:00, run_after=2025-01-16 00:00:00+00:00
[2025-01-20T14:11:50.421+0000] {processor.py:208} INFO - Processing /opt/airflow/dags/create_dag_with_python_operator.py took 0.075 seconds
[2025-01-20T19:14:05.246+0000] {processor.py:186} INFO - Started process (PID=209) to work on /opt/airflow/dags/create_dag_with_python_operator.py
[2025-01-20T19:14:05.247+0000] {processor.py:914} INFO - Processing file /opt/airflow/dags/create_dag_with_python_operator.py for tasks to queue
[2025-01-20T19:14:05.248+0000] {logging_mixin.py:190} INFO - [2025-01-20T19:14:05.248+0000] {dagbag.py:588} INFO - Filling up the DagBag from /opt/airflow/dags/create_dag_with_python_operator.py
[2025-01-20T19:14:05.262+0000] {processor.py:925} INFO - DAG(s) 'our_dag_with_python_operator_v05' retrieved from /opt/airflow/dags/create_dag_with_python_operator.py
[2025-01-20T19:14:05.288+0000] {logging_mixin.py:190} INFO - [2025-01-20T19:14:05.288+0000] {dag.py:3239} INFO - Sync 1 DAGs
[2025-01-20T19:14:05.316+0000] {logging_mixin.py:190} INFO - [2025-01-20T19:14:05.316+0000] {dag.py:4180} INFO - Setting next_dagrun for our_dag_with_python_operator_v05 to 2025-01-15 00:00:00+00:00, run_after=2025-01-16 00:00:00+00:00
[2025-01-20T19:14:05.332+0000] {processor.py:208} INFO - Processing /opt/airflow/dags/create_dag_with_python_operator.py took 0.091 seconds
[2025-01-20T19:14:36.021+0000] {processor.py:186} INFO - Started process (PID=250) to work on /opt/airflow/dags/create_dag_with_python_operator.py
[2025-01-20T19:14:36.022+0000] {processor.py:914} INFO - Processing file /opt/airflow/dags/create_dag_with_python_operator.py for tasks to queue
[2025-01-20T19:14:36.025+0000] {logging_mixin.py:190} INFO - [2025-01-20T19:14:36.024+0000] {dagbag.py:588} INFO - Filling up the DagBag from /opt/airflow/dags/create_dag_with_python_operator.py
[2025-01-20T19:14:36.043+0000] {processor.py:925} INFO - DAG(s) 'our_dag_with_python_operator_v05' retrieved from /opt/airflow/dags/create_dag_with_python_operator.py
[2025-01-20T19:14:36.075+0000] {logging_mixin.py:190} INFO - [2025-01-20T19:14:36.075+0000] {dag.py:3239} INFO - Sync 1 DAGs
[2025-01-20T19:14:36.101+0000] {logging_mixin.py:190} INFO - [2025-01-20T19:14:36.101+0000] {dag.py:4180} INFO - Setting next_dagrun for our_dag_with_python_operator_v05 to 2025-01-15 00:00:00+00:00, run_after=2025-01-16 00:00:00+00:00
[2025-01-20T19:14:36.122+0000] {processor.py:208} INFO - Processing /opt/airflow/dags/create_dag_with_python_operator.py took 0.107 seconds
[2025-01-20T19:15:06.773+0000] {processor.py:186} INFO - Started process (PID=291) to work on /opt/airflow/dags/create_dag_with_python_operator.py
[2025-01-20T19:15:06.774+0000] {processor.py:914} INFO - Processing file /opt/airflow/dags/create_dag_with_python_operator.py for tasks to queue
[2025-01-20T19:15:06.776+0000] {logging_mixin.py:190} INFO - [2025-01-20T19:15:06.775+0000] {dagbag.py:588} INFO - Filling up the DagBag from /opt/airflow/dags/create_dag_with_python_operator.py
[2025-01-20T19:15:06.791+0000] {processor.py:925} INFO - DAG(s) 'our_dag_with_python_operator_v05' retrieved from /opt/airflow/dags/create_dag_with_python_operator.py
[2025-01-20T19:15:06.815+0000] {logging_mixin.py:190} INFO - [2025-01-20T19:15:06.815+0000] {dag.py:3239} INFO - Sync 1 DAGs
[2025-01-20T19:15:06.838+0000] {logging_mixin.py:190} INFO - [2025-01-20T19:15:06.838+0000] {dag.py:4180} INFO - Setting next_dagrun for our_dag_with_python_operator_v05 to 2025-01-15 00:00:00+00:00, run_after=2025-01-16 00:00:00+00:00
[2025-01-20T19:15:06.852+0000] {processor.py:208} INFO - Processing /opt/airflow/dags/create_dag_with_python_operator.py took 0.084 seconds
[2025-01-20T19:15:37.523+0000] {processor.py:186} INFO - Started process (PID=332) to work on /opt/airflow/dags/create_dag_with_python_operator.py
[2025-01-20T19:15:37.524+0000] {processor.py:914} INFO - Processing file /opt/airflow/dags/create_dag_with_python_operator.py for tasks to queue
[2025-01-20T19:15:37.526+0000] {logging_mixin.py:190} INFO - [2025-01-20T19:15:37.526+0000] {dagbag.py:588} INFO - Filling up the DagBag from /opt/airflow/dags/create_dag_with_python_operator.py
[2025-01-20T19:15:37.542+0000] {processor.py:925} INFO - DAG(s) 'our_dag_with_python_operator_v05' retrieved from /opt/airflow/dags/create_dag_with_python_operator.py
[2025-01-20T19:15:37.565+0000] {logging_mixin.py:190} INFO - [2025-01-20T19:15:37.565+0000] {dag.py:3239} INFO - Sync 1 DAGs
[2025-01-20T19:15:37.584+0000] {logging_mixin.py:190} INFO - [2025-01-20T19:15:37.584+0000] {dag.py:4180} INFO - Setting next_dagrun for our_dag_with_python_operator_v05 to 2025-01-15 00:00:00+00:00, run_after=2025-01-16 00:00:00+00:00
[2025-01-20T19:15:37.600+0000] {processor.py:208} INFO - Processing /opt/airflow/dags/create_dag_with_python_operator.py took 0.081 seconds
[2025-01-20T19:16:08.498+0000] {processor.py:186} INFO - Started process (PID=379) to work on /opt/airflow/dags/create_dag_with_python_operator.py
[2025-01-20T19:16:08.500+0000] {processor.py:914} INFO - Processing file /opt/airflow/dags/create_dag_with_python_operator.py for tasks to queue
[2025-01-20T19:16:08.501+0000] {logging_mixin.py:190} INFO - [2025-01-20T19:16:08.501+0000] {dagbag.py:588} INFO - Filling up the DagBag from /opt/airflow/dags/create_dag_with_python_operator.py
[2025-01-20T19:16:08.519+0000] {processor.py:925} INFO - DAG(s) 'our_dag_with_python_operator_v05' retrieved from /opt/airflow/dags/create_dag_with_python_operator.py
[2025-01-20T19:16:08.546+0000] {logging_mixin.py:190} INFO - [2025-01-20T19:16:08.546+0000] {dag.py:3239} INFO - Sync 1 DAGs
[2025-01-20T19:16:08.569+0000] {logging_mixin.py:190} INFO - [2025-01-20T19:16:08.569+0000] {dag.py:4180} INFO - Setting next_dagrun for our_dag_with_python_operator_v05 to 2025-01-15 00:00:00+00:00, run_after=2025-01-16 00:00:00+00:00
[2025-01-20T19:16:08.599+0000] {processor.py:208} INFO - Processing /opt/airflow/dags/create_dag_with_python_operator.py took 0.109 seconds
[2025-01-20T19:16:39.318+0000] {processor.py:186} INFO - Started process (PID=420) to work on /opt/airflow/dags/create_dag_with_python_operator.py
[2025-01-20T19:16:39.319+0000] {processor.py:914} INFO - Processing file /opt/airflow/dags/create_dag_with_python_operator.py for tasks to queue
[2025-01-20T19:16:39.321+0000] {logging_mixin.py:190} INFO - [2025-01-20T19:16:39.321+0000] {dagbag.py:588} INFO - Filling up the DagBag from /opt/airflow/dags/create_dag_with_python_operator.py
[2025-01-20T19:16:39.336+0000] {processor.py:925} INFO - DAG(s) 'our_dag_with_python_operator_v05' retrieved from /opt/airflow/dags/create_dag_with_python_operator.py
[2025-01-20T19:16:39.357+0000] {logging_mixin.py:190} INFO - [2025-01-20T19:16:39.357+0000] {dag.py:3239} INFO - Sync 1 DAGs
[2025-01-20T19:16:39.376+0000] {logging_mixin.py:190} INFO - [2025-01-20T19:16:39.376+0000] {dag.py:4180} INFO - Setting next_dagrun for our_dag_with_python_operator_v05 to 2025-01-15 00:00:00+00:00, run_after=2025-01-16 00:00:00+00:00
[2025-01-20T19:16:39.392+0000] {processor.py:208} INFO - Processing /opt/airflow/dags/create_dag_with_python_operator.py took 0.078 seconds
[2025-01-20T19:17:10.076+0000] {processor.py:186} INFO - Started process (PID=461) to work on /opt/airflow/dags/create_dag_with_python_operator.py
[2025-01-20T19:17:10.077+0000] {processor.py:914} INFO - Processing file /opt/airflow/dags/create_dag_with_python_operator.py for tasks to queue
[2025-01-20T19:17:10.079+0000] {logging_mixin.py:190} INFO - [2025-01-20T19:17:10.079+0000] {dagbag.py:588} INFO - Filling up the DagBag from /opt/airflow/dags/create_dag_with_python_operator.py
[2025-01-20T19:17:10.097+0000] {processor.py:925} INFO - DAG(s) 'our_dag_with_python_operator_v05' retrieved from /opt/airflow/dags/create_dag_with_python_operator.py
[2025-01-20T19:17:10.117+0000] {logging_mixin.py:190} INFO - [2025-01-20T19:17:10.117+0000] {dag.py:3239} INFO - Sync 1 DAGs
[2025-01-20T19:17:10.136+0000] {logging_mixin.py:190} INFO - [2025-01-20T19:17:10.136+0000] {dag.py:4180} INFO - Setting next_dagrun for our_dag_with_python_operator_v05 to 2025-01-15 00:00:00+00:00, run_after=2025-01-16 00:00:00+00:00
[2025-01-20T19:17:10.150+0000] {processor.py:208} INFO - Processing /opt/airflow/dags/create_dag_with_python_operator.py took 0.078 seconds
[2025-01-20T19:17:40.879+0000] {processor.py:186} INFO - Started process (PID=500) to work on /opt/airflow/dags/create_dag_with_python_operator.py
[2025-01-20T19:17:40.885+0000] {processor.py:914} INFO - Processing file /opt/airflow/dags/create_dag_with_python_operator.py for tasks to queue
[2025-01-20T19:17:40.888+0000] {logging_mixin.py:190} INFO - [2025-01-20T19:17:40.887+0000] {dagbag.py:588} INFO - Filling up the DagBag from /opt/airflow/dags/create_dag_with_python_operator.py
[2025-01-20T19:17:40.911+0000] {processor.py:925} INFO - DAG(s) 'our_dag_with_python_operator_v05' retrieved from /opt/airflow/dags/create_dag_with_python_operator.py
[2025-01-20T19:17:40.947+0000] {logging_mixin.py:190} INFO - [2025-01-20T19:17:40.947+0000] {dag.py:3239} INFO - Sync 1 DAGs
[2025-01-20T19:17:40.980+0000] {logging_mixin.py:190} INFO - [2025-01-20T19:17:40.980+0000] {dag.py:4180} INFO - Setting next_dagrun for our_dag_with_python_operator_v05 to 2025-01-15 00:00:00+00:00, run_after=2025-01-16 00:00:00+00:00
[2025-01-20T19:17:40.996+0000] {processor.py:208} INFO - Processing /opt/airflow/dags/create_dag_with_python_operator.py took 0.125 seconds
[2025-01-20T19:18:11.799+0000] {processor.py:186} INFO - Started process (PID=543) to work on /opt/airflow/dags/create_dag_with_python_operator.py
[2025-01-20T19:18:11.799+0000] {processor.py:914} INFO - Processing file /opt/airflow/dags/create_dag_with_python_operator.py for tasks to queue
[2025-01-20T19:18:11.801+0000] {logging_mixin.py:190} INFO - [2025-01-20T19:18:11.801+0000] {dagbag.py:588} INFO - Filling up the DagBag from /opt/airflow/dags/create_dag_with_python_operator.py
[2025-01-20T19:18:11.819+0000] {processor.py:925} INFO - DAG(s) 'our_dag_with_python_operator_v05' retrieved from /opt/airflow/dags/create_dag_with_python_operator.py
[2025-01-20T19:18:11.845+0000] {logging_mixin.py:190} INFO - [2025-01-20T19:18:11.845+0000] {dag.py:3239} INFO - Sync 1 DAGs
[2025-01-20T19:18:11.866+0000] {logging_mixin.py:190} INFO - [2025-01-20T19:18:11.866+0000] {dag.py:4180} INFO - Setting next_dagrun for our_dag_with_python_operator_v05 to 2025-01-15 00:00:00+00:00, run_after=2025-01-16 00:00:00+00:00
[2025-01-20T19:18:11.885+0000] {processor.py:208} INFO - Processing /opt/airflow/dags/create_dag_with_python_operator.py took 0.091 seconds
[2025-01-20T19:18:42.523+0000] {processor.py:186} INFO - Started process (PID=582) to work on /opt/airflow/dags/create_dag_with_python_operator.py
[2025-01-20T19:18:42.524+0000] {processor.py:914} INFO - Processing file /opt/airflow/dags/create_dag_with_python_operator.py for tasks to queue
[2025-01-20T19:18:42.526+0000] {logging_mixin.py:190} INFO - [2025-01-20T19:18:42.526+0000] {dagbag.py:588} INFO - Filling up the DagBag from /opt/airflow/dags/create_dag_with_python_operator.py
[2025-01-20T19:18:42.542+0000] {processor.py:925} INFO - DAG(s) 'our_dag_with_python_operator_v05' retrieved from /opt/airflow/dags/create_dag_with_python_operator.py
[2025-01-20T19:18:42.566+0000] {logging_mixin.py:190} INFO - [2025-01-20T19:18:42.566+0000] {dag.py:3239} INFO - Sync 1 DAGs
[2025-01-20T19:18:42.587+0000] {logging_mixin.py:190} INFO - [2025-01-20T19:18:42.587+0000] {dag.py:4180} INFO - Setting next_dagrun for our_dag_with_python_operator_v05 to 2025-01-15 00:00:00+00:00, run_after=2025-01-16 00:00:00+00:00
[2025-01-20T19:18:42.608+0000] {processor.py:208} INFO - Processing /opt/airflow/dags/create_dag_with_python_operator.py took 0.089 seconds
[2025-01-20T19:19:13.523+0000] {processor.py:186} INFO - Started process (PID=628) to work on /opt/airflow/dags/create_dag_with_python_operator.py
[2025-01-20T19:19:13.524+0000] {processor.py:914} INFO - Processing file /opt/airflow/dags/create_dag_with_python_operator.py for tasks to queue
[2025-01-20T19:19:13.527+0000] {logging_mixin.py:190} INFO - [2025-01-20T19:19:13.526+0000] {dagbag.py:588} INFO - Filling up the DagBag from /opt/airflow/dags/create_dag_with_python_operator.py
[2025-01-20T19:19:13.549+0000] {processor.py:925} INFO - DAG(s) 'our_dag_with_python_operator_v05' retrieved from /opt/airflow/dags/create_dag_with_python_operator.py
[2025-01-20T19:19:13.582+0000] {logging_mixin.py:190} INFO - [2025-01-20T19:19:13.582+0000] {dag.py:3239} INFO - Sync 1 DAGs
[2025-01-20T19:19:13.607+0000] {logging_mixin.py:190} INFO - [2025-01-20T19:19:13.607+0000] {dag.py:4180} INFO - Setting next_dagrun for our_dag_with_python_operator_v05 to 2025-01-15 00:00:00+00:00, run_after=2025-01-16 00:00:00+00:00
[2025-01-20T19:19:13.795+0000] {processor.py:208} INFO - Processing /opt/airflow/dags/create_dag_with_python_operator.py took 0.277 seconds
[2025-01-20T19:19:44.162+0000] {processor.py:186} INFO - Started process (PID=674) to work on /opt/airflow/dags/create_dag_with_python_operator.py
[2025-01-20T19:19:44.163+0000] {processor.py:914} INFO - Processing file /opt/airflow/dags/create_dag_with_python_operator.py for tasks to queue
[2025-01-20T19:19:44.164+0000] {logging_mixin.py:190} INFO - [2025-01-20T19:19:44.164+0000] {dagbag.py:588} INFO - Filling up the DagBag from /opt/airflow/dags/create_dag_with_python_operator.py
[2025-01-20T19:19:44.179+0000] {processor.py:925} INFO - DAG(s) 'our_dag_with_python_operator_v05' retrieved from /opt/airflow/dags/create_dag_with_python_operator.py
[2025-01-20T19:19:44.202+0000] {logging_mixin.py:190} INFO - [2025-01-20T19:19:44.201+0000] {dag.py:3239} INFO - Sync 1 DAGs
[2025-01-20T19:19:44.349+0000] {logging_mixin.py:190} INFO - [2025-01-20T19:19:44.349+0000] {dag.py:4180} INFO - Setting next_dagrun for our_dag_with_python_operator_v05 to 2025-01-15 00:00:00+00:00, run_after=2025-01-16 00:00:00+00:00
[2025-01-20T19:19:44.365+0000] {processor.py:208} INFO - Processing /opt/airflow/dags/create_dag_with_python_operator.py took 0.209 seconds
[2025-01-20T19:20:14.902+0000] {processor.py:186} INFO - Started process (PID=729) to work on /opt/airflow/dags/create_dag_with_python_operator.py
[2025-01-20T19:20:14.903+0000] {processor.py:914} INFO - Processing file /opt/airflow/dags/create_dag_with_python_operator.py for tasks to queue
[2025-01-20T19:20:14.905+0000] {logging_mixin.py:190} INFO - [2025-01-20T19:20:14.905+0000] {dagbag.py:588} INFO - Filling up the DagBag from /opt/airflow/dags/create_dag_with_python_operator.py
[2025-01-20T19:20:14.920+0000] {processor.py:925} INFO - DAG(s) 'our_dag_with_python_operator_v05' retrieved from /opt/airflow/dags/create_dag_with_python_operator.py
[2025-01-20T19:20:15.104+0000] {logging_mixin.py:190} INFO - [2025-01-20T19:20:15.104+0000] {dag.py:3239} INFO - Sync 1 DAGs
[2025-01-20T19:20:15.140+0000] {logging_mixin.py:190} INFO - [2025-01-20T19:20:15.140+0000] {dag.py:4180} INFO - Setting next_dagrun for our_dag_with_python_operator_v05 to 2025-01-15 00:00:00+00:00, run_after=2025-01-16 00:00:00+00:00
[2025-01-20T19:20:15.161+0000] {processor.py:208} INFO - Processing /opt/airflow/dags/create_dag_with_python_operator.py took 0.263 seconds
[2025-01-20T19:20:45.302+0000] {processor.py:186} INFO - Started process (PID=777) to work on /opt/airflow/dags/create_dag_with_python_operator.py
[2025-01-20T19:20:45.303+0000] {processor.py:914} INFO - Processing file /opt/airflow/dags/create_dag_with_python_operator.py for tasks to queue
[2025-01-20T19:20:45.304+0000] {logging_mixin.py:190} INFO - [2025-01-20T19:20:45.304+0000] {dagbag.py:588} INFO - Filling up the DagBag from /opt/airflow/dags/create_dag_with_python_operator.py
[2025-01-20T19:20:45.320+0000] {processor.py:925} INFO - DAG(s) 'our_dag_with_python_operator_v05' retrieved from /opt/airflow/dags/create_dag_with_python_operator.py
[2025-01-20T19:20:45.470+0000] {logging_mixin.py:190} INFO - [2025-01-20T19:20:45.469+0000] {dag.py:3239} INFO - Sync 1 DAGs
[2025-01-20T19:20:45.488+0000] {logging_mixin.py:190} INFO - [2025-01-20T19:20:45.487+0000] {dag.py:4180} INFO - Setting next_dagrun for our_dag_with_python_operator_v05 to 2025-01-15 00:00:00+00:00, run_after=2025-01-16 00:00:00+00:00
[2025-01-20T19:20:45.503+0000] {processor.py:208} INFO - Processing /opt/airflow/dags/create_dag_with_python_operator.py took 0.206 seconds
[2025-01-20T19:21:15.903+0000] {processor.py:186} INFO - Started process (PID=823) to work on /opt/airflow/dags/create_dag_with_python_operator.py
[2025-01-20T19:21:15.904+0000] {processor.py:914} INFO - Processing file /opt/airflow/dags/create_dag_with_python_operator.py for tasks to queue
[2025-01-20T19:21:15.906+0000] {logging_mixin.py:190} INFO - [2025-01-20T19:21:15.905+0000] {dagbag.py:588} INFO - Filling up the DagBag from /opt/airflow/dags/create_dag_with_python_operator.py
[2025-01-20T19:21:15.930+0000] {processor.py:925} INFO - DAG(s) 'our_dag_with_python_operator_v05' retrieved from /opt/airflow/dags/create_dag_with_python_operator.py
[2025-01-20T19:21:15.959+0000] {logging_mixin.py:190} INFO - [2025-01-20T19:21:15.959+0000] {dag.py:3239} INFO - Sync 1 DAGs
[2025-01-20T19:21:15.998+0000] {logging_mixin.py:190} INFO - [2025-01-20T19:21:15.998+0000] {dag.py:4180} INFO - Setting next_dagrun for our_dag_with_python_operator_v05 to 2025-01-15 00:00:00+00:00, run_after=2025-01-16 00:00:00+00:00
[2025-01-20T19:21:16.021+0000] {processor.py:208} INFO - Processing /opt/airflow/dags/create_dag_with_python_operator.py took 0.128 seconds
[2025-01-20T19:21:46.817+0000] {processor.py:186} INFO - Started process (PID=870) to work on /opt/airflow/dags/create_dag_with_python_operator.py
[2025-01-20T19:21:46.819+0000] {processor.py:914} INFO - Processing file /opt/airflow/dags/create_dag_with_python_operator.py for tasks to queue
[2025-01-20T19:21:46.822+0000] {logging_mixin.py:190} INFO - [2025-01-20T19:21:46.821+0000] {dagbag.py:588} INFO - Filling up the DagBag from /opt/airflow/dags/create_dag_with_python_operator.py
[2025-01-20T19:21:46.843+0000] {processor.py:925} INFO - DAG(s) 'our_dag_with_python_operator_v05' retrieved from /opt/airflow/dags/create_dag_with_python_operator.py
[2025-01-20T19:21:46.876+0000] {logging_mixin.py:190} INFO - [2025-01-20T19:21:46.876+0000] {dag.py:3239} INFO - Sync 1 DAGs
[2025-01-20T19:21:46.902+0000] {logging_mixin.py:190} INFO - [2025-01-20T19:21:46.902+0000] {dag.py:4180} INFO - Setting next_dagrun for our_dag_with_python_operator_v05 to 2025-01-15 00:00:00+00:00, run_after=2025-01-16 00:00:00+00:00
[2025-01-20T19:21:46.932+0000] {processor.py:208} INFO - Processing /opt/airflow/dags/create_dag_with_python_operator.py took 0.122 seconds
[2025-01-20T19:22:17.733+0000] {processor.py:186} INFO - Started process (PID=916) to work on /opt/airflow/dags/create_dag_with_python_operator.py
[2025-01-20T19:22:17.734+0000] {processor.py:914} INFO - Processing file /opt/airflow/dags/create_dag_with_python_operator.py for tasks to queue
[2025-01-20T19:22:17.738+0000] {logging_mixin.py:190} INFO - [2025-01-20T19:22:17.738+0000] {dagbag.py:588} INFO - Filling up the DagBag from /opt/airflow/dags/create_dag_with_python_operator.py
[2025-01-20T19:22:17.762+0000] {processor.py:925} INFO - DAG(s) 'our_dag_with_python_operator_v05' retrieved from /opt/airflow/dags/create_dag_with_python_operator.py
[2025-01-20T19:22:17.814+0000] {logging_mixin.py:190} INFO - [2025-01-20T19:22:17.813+0000] {dag.py:3239} INFO - Sync 1 DAGs
[2025-01-20T19:22:17.842+0000] {logging_mixin.py:190} INFO - [2025-01-20T19:22:17.842+0000] {dag.py:4180} INFO - Setting next_dagrun for our_dag_with_python_operator_v05 to 2025-01-15 00:00:00+00:00, run_after=2025-01-16 00:00:00+00:00
[2025-01-20T19:22:17.861+0000] {processor.py:208} INFO - Processing /opt/airflow/dags/create_dag_with_python_operator.py took 0.139 seconds
[2025-01-20T19:22:48.548+0000] {processor.py:186} INFO - Started process (PID=963) to work on /opt/airflow/dags/create_dag_with_python_operator.py
[2025-01-20T19:22:48.549+0000] {processor.py:914} INFO - Processing file /opt/airflow/dags/create_dag_with_python_operator.py for tasks to queue
[2025-01-20T19:22:48.551+0000] {logging_mixin.py:190} INFO - [2025-01-20T19:22:48.550+0000] {dagbag.py:588} INFO - Filling up the DagBag from /opt/airflow/dags/create_dag_with_python_operator.py
[2025-01-20T19:22:48.567+0000] {processor.py:925} INFO - DAG(s) 'our_dag_with_python_operator_v05' retrieved from /opt/airflow/dags/create_dag_with_python_operator.py
[2025-01-20T19:22:48.593+0000] {logging_mixin.py:190} INFO - [2025-01-20T19:22:48.592+0000] {dag.py:3239} INFO - Sync 1 DAGs
[2025-01-20T19:22:48.619+0000] {logging_mixin.py:190} INFO - [2025-01-20T19:22:48.618+0000] {dag.py:4180} INFO - Setting next_dagrun for our_dag_with_python_operator_v05 to 2025-01-15 00:00:00+00:00, run_after=2025-01-16 00:00:00+00:00
[2025-01-20T19:22:48.636+0000] {processor.py:208} INFO - Processing /opt/airflow/dags/create_dag_with_python_operator.py took 0.094 seconds
[2025-01-20T19:23:19.233+0000] {processor.py:186} INFO - Started process (PID=1009) to work on /opt/airflow/dags/create_dag_with_python_operator.py
[2025-01-20T19:23:19.234+0000] {processor.py:914} INFO - Processing file /opt/airflow/dags/create_dag_with_python_operator.py for tasks to queue
[2025-01-20T19:23:19.236+0000] {logging_mixin.py:190} INFO - [2025-01-20T19:23:19.236+0000] {dagbag.py:588} INFO - Filling up the DagBag from /opt/airflow/dags/create_dag_with_python_operator.py
[2025-01-20T19:23:19.252+0000] {processor.py:925} INFO - DAG(s) 'our_dag_with_python_operator_v05' retrieved from /opt/airflow/dags/create_dag_with_python_operator.py
[2025-01-20T19:23:19.276+0000] {logging_mixin.py:190} INFO - [2025-01-20T19:23:19.276+0000] {dag.py:3239} INFO - Sync 1 DAGs
[2025-01-20T19:23:19.295+0000] {logging_mixin.py:190} INFO - [2025-01-20T19:23:19.294+0000] {dag.py:4180} INFO - Setting next_dagrun for our_dag_with_python_operator_v05 to 2025-01-15 00:00:00+00:00, run_after=2025-01-16 00:00:00+00:00
[2025-01-20T19:23:19.310+0000] {processor.py:208} INFO - Processing /opt/airflow/dags/create_dag_with_python_operator.py took 0.082 seconds
[2025-01-20T19:23:50.021+0000] {processor.py:186} INFO - Started process (PID=1055) to work on /opt/airflow/dags/create_dag_with_python_operator.py
[2025-01-20T19:23:50.022+0000] {processor.py:914} INFO - Processing file /opt/airflow/dags/create_dag_with_python_operator.py for tasks to queue
[2025-01-20T19:23:50.024+0000] {logging_mixin.py:190} INFO - [2025-01-20T19:23:50.024+0000] {dagbag.py:588} INFO - Filling up the DagBag from /opt/airflow/dags/create_dag_with_python_operator.py
[2025-01-20T19:23:50.038+0000] {processor.py:925} INFO - DAG(s) 'our_dag_with_python_operator_v05' retrieved from /opt/airflow/dags/create_dag_with_python_operator.py
[2025-01-20T19:23:50.062+0000] {logging_mixin.py:190} INFO - [2025-01-20T19:23:50.062+0000] {dag.py:3239} INFO - Sync 1 DAGs
[2025-01-20T19:23:50.084+0000] {logging_mixin.py:190} INFO - [2025-01-20T19:23:50.083+0000] {dag.py:4180} INFO - Setting next_dagrun for our_dag_with_python_operator_v05 to 2025-01-15 00:00:00+00:00, run_after=2025-01-16 00:00:00+00:00
[2025-01-20T19:23:50.100+0000] {processor.py:208} INFO - Processing /opt/airflow/dags/create_dag_with_python_operator.py took 0.083 seconds
[2025-01-20T19:24:20.631+0000] {processor.py:186} INFO - Started process (PID=1099) to work on /opt/airflow/dags/create_dag_with_python_operator.py
[2025-01-20T19:24:20.632+0000] {processor.py:914} INFO - Processing file /opt/airflow/dags/create_dag_with_python_operator.py for tasks to queue
[2025-01-20T19:24:20.634+0000] {logging_mixin.py:190} INFO - [2025-01-20T19:24:20.633+0000] {dagbag.py:588} INFO - Filling up the DagBag from /opt/airflow/dags/create_dag_with_python_operator.py
[2025-01-20T19:24:20.646+0000] {processor.py:925} INFO - DAG(s) 'our_dag_with_python_operator_v05' retrieved from /opt/airflow/dags/create_dag_with_python_operator.py
[2025-01-20T19:24:20.669+0000] {logging_mixin.py:190} INFO - [2025-01-20T19:24:20.668+0000] {dag.py:3239} INFO - Sync 1 DAGs
[2025-01-20T19:24:20.686+0000] {logging_mixin.py:190} INFO - [2025-01-20T19:24:20.686+0000] {dag.py:4180} INFO - Setting next_dagrun for our_dag_with_python_operator_v05 to 2025-01-15 00:00:00+00:00, run_after=2025-01-16 00:00:00+00:00
[2025-01-20T19:24:20.701+0000] {processor.py:208} INFO - Processing /opt/airflow/dags/create_dag_with_python_operator.py took 0.075 seconds
[2025-01-20T19:24:51.341+0000] {processor.py:186} INFO - Started process (PID=1147) to work on /opt/airflow/dags/create_dag_with_python_operator.py
[2025-01-20T19:24:51.341+0000] {processor.py:914} INFO - Processing file /opt/airflow/dags/create_dag_with_python_operator.py for tasks to queue
[2025-01-20T19:24:51.343+0000] {logging_mixin.py:190} INFO - [2025-01-20T19:24:51.343+0000] {dagbag.py:588} INFO - Filling up the DagBag from /opt/airflow/dags/create_dag_with_python_operator.py
[2025-01-20T19:24:51.356+0000] {processor.py:925} INFO - DAG(s) 'our_dag_with_python_operator_v05' retrieved from /opt/airflow/dags/create_dag_with_python_operator.py
[2025-01-20T19:24:51.378+0000] {logging_mixin.py:190} INFO - [2025-01-20T19:24:51.378+0000] {dag.py:3239} INFO - Sync 1 DAGs
[2025-01-20T19:24:51.398+0000] {logging_mixin.py:190} INFO - [2025-01-20T19:24:51.398+0000] {dag.py:4180} INFO - Setting next_dagrun for our_dag_with_python_operator_v05 to 2025-01-15 00:00:00+00:00, run_after=2025-01-16 00:00:00+00:00
[2025-01-20T19:24:51.412+0000] {processor.py:208} INFO - Processing /opt/airflow/dags/create_dag_with_python_operator.py took 0.076 seconds
[2025-01-20T19:25:21.862+0000] {processor.py:186} INFO - Started process (PID=1191) to work on /opt/airflow/dags/create_dag_with_python_operator.py
[2025-01-20T19:25:21.863+0000] {processor.py:914} INFO - Processing file /opt/airflow/dags/create_dag_with_python_operator.py for tasks to queue
[2025-01-20T19:25:21.864+0000] {logging_mixin.py:190} INFO - [2025-01-20T19:25:21.864+0000] {dagbag.py:588} INFO - Filling up the DagBag from /opt/airflow/dags/create_dag_with_python_operator.py
[2025-01-20T19:25:21.878+0000] {processor.py:925} INFO - DAG(s) 'our_dag_with_python_operator_v05' retrieved from /opt/airflow/dags/create_dag_with_python_operator.py
[2025-01-20T19:25:21.898+0000] {logging_mixin.py:190} INFO - [2025-01-20T19:25:21.897+0000] {dag.py:3239} INFO - Sync 1 DAGs
[2025-01-20T19:25:21.916+0000] {logging_mixin.py:190} INFO - [2025-01-20T19:25:21.916+0000] {dag.py:4180} INFO - Setting next_dagrun for our_dag_with_python_operator_v05 to 2025-01-15 00:00:00+00:00, run_after=2025-01-16 00:00:00+00:00
[2025-01-20T19:25:21.930+0000] {processor.py:208} INFO - Processing /opt/airflow/dags/create_dag_with_python_operator.py took 0.072 seconds
[2025-01-20T19:25:52.620+0000] {processor.py:186} INFO - Started process (PID=1239) to work on /opt/airflow/dags/create_dag_with_python_operator.py
[2025-01-20T19:25:52.621+0000] {processor.py:914} INFO - Processing file /opt/airflow/dags/create_dag_with_python_operator.py for tasks to queue
[2025-01-20T19:25:52.624+0000] {logging_mixin.py:190} INFO - [2025-01-20T19:25:52.623+0000] {dagbag.py:588} INFO - Filling up the DagBag from /opt/airflow/dags/create_dag_with_python_operator.py
[2025-01-20T19:25:52.640+0000] {processor.py:925} INFO - DAG(s) 'our_dag_with_python_operator_v05' retrieved from /opt/airflow/dags/create_dag_with_python_operator.py
[2025-01-20T19:25:52.667+0000] {logging_mixin.py:190} INFO - [2025-01-20T19:25:52.667+0000] {dag.py:3239} INFO - Sync 1 DAGs
[2025-01-20T19:25:52.692+0000] {logging_mixin.py:190} INFO - [2025-01-20T19:25:52.691+0000] {dag.py:4180} INFO - Setting next_dagrun for our_dag_with_python_operator_v05 to 2025-01-15 00:00:00+00:00, run_after=2025-01-16 00:00:00+00:00
[2025-01-20T19:25:52.711+0000] {processor.py:208} INFO - Processing /opt/airflow/dags/create_dag_with_python_operator.py took 0.097 seconds
[2025-01-20T19:26:23.235+0000] {processor.py:186} INFO - Started process (PID=1285) to work on /opt/airflow/dags/create_dag_with_python_operator.py
[2025-01-20T19:26:23.236+0000] {processor.py:914} INFO - Processing file /opt/airflow/dags/create_dag_with_python_operator.py for tasks to queue
[2025-01-20T19:26:23.238+0000] {logging_mixin.py:190} INFO - [2025-01-20T19:26:23.238+0000] {dagbag.py:588} INFO - Filling up the DagBag from /opt/airflow/dags/create_dag_with_python_operator.py
[2025-01-20T19:26:23.252+0000] {processor.py:925} INFO - DAG(s) 'our_dag_with_python_operator_v05' retrieved from /opt/airflow/dags/create_dag_with_python_operator.py
[2025-01-20T19:26:23.274+0000] {logging_mixin.py:190} INFO - [2025-01-20T19:26:23.274+0000] {dag.py:3239} INFO - Sync 1 DAGs
[2025-01-20T19:26:23.293+0000] {logging_mixin.py:190} INFO - [2025-01-20T19:26:23.293+0000] {dag.py:4180} INFO - Setting next_dagrun for our_dag_with_python_operator_v05 to 2025-01-15 00:00:00+00:00, run_after=2025-01-16 00:00:00+00:00
[2025-01-20T19:26:23.308+0000] {processor.py:208} INFO - Processing /opt/airflow/dags/create_dag_with_python_operator.py took 0.077 seconds
