[2025-01-20T13:58:37.426+0000] {processor.py:186} INFO - Started process (PID=189) to work on /opt/airflow/dags/dag_with_python_dependency.py
[2025-01-20T13:58:37.428+0000] {processor.py:914} INFO - Processing file /opt/airflow/dags/dag_with_python_dependency.py for tasks to queue
[2025-01-20T13:58:37.432+0000] {logging_mixin.py:190} INFO - [2025-01-20T13:58:37.431+0000] {dagbag.py:588} INFO - Filling up the DagBag from /opt/airflow/dags/dag_with_python_dependency.py
[2025-01-20T13:58:37.477+0000] {processor.py:925} INFO - DAG(s) 'dag_with_python_dependency_1' retrieved from /opt/airflow/dags/dag_with_python_dependency.py
[2025-01-20T13:58:37.541+0000] {logging_mixin.py:190} INFO - [2025-01-20T13:58:37.540+0000] {dag.py:3239} INFO - Sync 1 DAGs
[2025-01-20T13:58:37.594+0000] {logging_mixin.py:190} INFO - [2025-01-20T13:58:37.594+0000] {dag.py:4180} INFO - Setting next_dagrun for dag_with_python_dependency_1 to 2025-01-20 00:00:00+00:00, run_after=2025-01-21 00:00:00+00:00
[2025-01-20T13:58:37.678+0000] {processor.py:208} INFO - Processing /opt/airflow/dags/dag_with_python_dependency.py took 0.267 seconds
[2025-01-20T13:59:35.129+0000] {processor.py:186} INFO - Started process (PID=184) to work on /opt/airflow/dags/dag_with_python_dependency.py
[2025-01-20T13:59:35.130+0000] {processor.py:914} INFO - Processing file /opt/airflow/dags/dag_with_python_dependency.py for tasks to queue
[2025-01-20T13:59:35.133+0000] {logging_mixin.py:190} INFO - [2025-01-20T13:59:35.132+0000] {dagbag.py:588} INFO - Filling up the DagBag from /opt/airflow/dags/dag_with_python_dependency.py
[2025-01-20T13:59:35.165+0000] {processor.py:925} INFO - DAG(s) 'dag_with_python_dependency_1' retrieved from /opt/airflow/dags/dag_with_python_dependency.py
[2025-01-20T13:59:35.203+0000] {logging_mixin.py:190} INFO - [2025-01-20T13:59:35.203+0000] {dag.py:3239} INFO - Sync 1 DAGs
[2025-01-20T13:59:35.249+0000] {logging_mixin.py:190} INFO - [2025-01-20T13:59:35.249+0000] {dag.py:4180} INFO - Setting next_dagrun for dag_with_python_dependency_1 to 2025-01-20 00:00:00+00:00, run_after=2025-01-21 00:00:00+00:00
[2025-01-20T13:59:35.285+0000] {processor.py:208} INFO - Processing /opt/airflow/dags/dag_with_python_dependency.py took 0.161 seconds
[2025-01-20T14:00:05.878+0000] {processor.py:186} INFO - Started process (PID=225) to work on /opt/airflow/dags/dag_with_python_dependency.py
[2025-01-20T14:00:05.878+0000] {processor.py:914} INFO - Processing file /opt/airflow/dags/dag_with_python_dependency.py for tasks to queue
[2025-01-20T14:00:05.880+0000] {logging_mixin.py:190} INFO - [2025-01-20T14:00:05.879+0000] {dagbag.py:588} INFO - Filling up the DagBag from /opt/airflow/dags/dag_with_python_dependency.py
[2025-01-20T14:00:05.893+0000] {processor.py:925} INFO - DAG(s) 'dag_with_python_dependency_1' retrieved from /opt/airflow/dags/dag_with_python_dependency.py
[2025-01-20T14:00:05.916+0000] {logging_mixin.py:190} INFO - [2025-01-20T14:00:05.916+0000] {dag.py:3239} INFO - Sync 1 DAGs
[2025-01-20T14:00:05.934+0000] {logging_mixin.py:190} INFO - [2025-01-20T14:00:05.934+0000] {dag.py:4180} INFO - Setting next_dagrun for dag_with_python_dependency_1 to 2025-01-20 00:00:00+00:00, run_after=2025-01-21 00:00:00+00:00
[2025-01-20T14:00:05.947+0000] {processor.py:208} INFO - Processing /opt/airflow/dags/dag_with_python_dependency.py took 0.074 seconds
[2025-01-20T14:00:36.544+0000] {processor.py:186} INFO - Started process (PID=266) to work on /opt/airflow/dags/dag_with_python_dependency.py
[2025-01-20T14:00:36.544+0000] {processor.py:914} INFO - Processing file /opt/airflow/dags/dag_with_python_dependency.py for tasks to queue
[2025-01-20T14:00:36.546+0000] {logging_mixin.py:190} INFO - [2025-01-20T14:00:36.546+0000] {dagbag.py:588} INFO - Filling up the DagBag from /opt/airflow/dags/dag_with_python_dependency.py
[2025-01-20T14:00:36.560+0000] {processor.py:925} INFO - DAG(s) 'dag_with_python_dependency_1' retrieved from /opt/airflow/dags/dag_with_python_dependency.py
[2025-01-20T14:00:36.585+0000] {logging_mixin.py:190} INFO - [2025-01-20T14:00:36.584+0000] {dag.py:3239} INFO - Sync 1 DAGs
[2025-01-20T14:00:36.604+0000] {logging_mixin.py:190} INFO - [2025-01-20T14:00:36.604+0000] {dag.py:4180} INFO - Setting next_dagrun for dag_with_python_dependency_1 to 2025-01-20 00:00:00+00:00, run_after=2025-01-21 00:00:00+00:00
[2025-01-20T14:00:36.619+0000] {processor.py:208} INFO - Processing /opt/airflow/dags/dag_with_python_dependency.py took 0.079 seconds
[2025-01-20T14:01:07.263+0000] {processor.py:186} INFO - Started process (PID=307) to work on /opt/airflow/dags/dag_with_python_dependency.py
[2025-01-20T14:01:07.264+0000] {processor.py:914} INFO - Processing file /opt/airflow/dags/dag_with_python_dependency.py for tasks to queue
[2025-01-20T14:01:07.266+0000] {logging_mixin.py:190} INFO - [2025-01-20T14:01:07.265+0000] {dagbag.py:588} INFO - Filling up the DagBag from /opt/airflow/dags/dag_with_python_dependency.py
[2025-01-20T14:01:07.279+0000] {processor.py:925} INFO - DAG(s) 'dag_with_python_dependency_1' retrieved from /opt/airflow/dags/dag_with_python_dependency.py
[2025-01-20T14:01:07.299+0000] {logging_mixin.py:190} INFO - [2025-01-20T14:01:07.298+0000] {dag.py:3239} INFO - Sync 1 DAGs
[2025-01-20T14:01:07.317+0000] {logging_mixin.py:190} INFO - [2025-01-20T14:01:07.316+0000] {dag.py:4180} INFO - Setting next_dagrun for dag_with_python_dependency_1 to 2025-01-20 00:00:00+00:00, run_after=2025-01-21 00:00:00+00:00
[2025-01-20T14:01:07.332+0000] {processor.py:208} INFO - Processing /opt/airflow/dags/dag_with_python_dependency.py took 0.074 seconds
[2025-01-20T14:01:37.851+0000] {processor.py:186} INFO - Started process (PID=348) to work on /opt/airflow/dags/dag_with_python_dependency.py
[2025-01-20T14:01:37.852+0000] {processor.py:914} INFO - Processing file /opt/airflow/dags/dag_with_python_dependency.py for tasks to queue
[2025-01-20T14:01:37.853+0000] {logging_mixin.py:190} INFO - [2025-01-20T14:01:37.853+0000] {dagbag.py:588} INFO - Filling up the DagBag from /opt/airflow/dags/dag_with_python_dependency.py
[2025-01-20T14:01:37.866+0000] {processor.py:925} INFO - DAG(s) 'dag_with_python_dependency_1' retrieved from /opt/airflow/dags/dag_with_python_dependency.py
[2025-01-20T14:01:37.886+0000] {logging_mixin.py:190} INFO - [2025-01-20T14:01:37.886+0000] {dag.py:3239} INFO - Sync 1 DAGs
[2025-01-20T14:01:37.905+0000] {logging_mixin.py:190} INFO - [2025-01-20T14:01:37.905+0000] {dag.py:4180} INFO - Setting next_dagrun for dag_with_python_dependency_1 to 2025-01-20 00:00:00+00:00, run_after=2025-01-21 00:00:00+00:00
[2025-01-20T14:01:37.919+0000] {processor.py:208} INFO - Processing /opt/airflow/dags/dag_with_python_dependency.py took 0.072 seconds
[2025-01-20T14:02:08.546+0000] {processor.py:186} INFO - Started process (PID=395) to work on /opt/airflow/dags/dag_with_python_dependency.py
[2025-01-20T14:02:08.547+0000] {processor.py:914} INFO - Processing file /opt/airflow/dags/dag_with_python_dependency.py for tasks to queue
[2025-01-20T14:02:08.549+0000] {logging_mixin.py:190} INFO - [2025-01-20T14:02:08.549+0000] {dagbag.py:588} INFO - Filling up the DagBag from /opt/airflow/dags/dag_with_python_dependency.py
[2025-01-20T14:02:08.563+0000] {processor.py:925} INFO - DAG(s) 'dag_with_python_dependency_1' retrieved from /opt/airflow/dags/dag_with_python_dependency.py
[2025-01-20T14:02:08.586+0000] {logging_mixin.py:190} INFO - [2025-01-20T14:02:08.586+0000] {dag.py:3239} INFO - Sync 1 DAGs
[2025-01-20T14:02:08.605+0000] {logging_mixin.py:190} INFO - [2025-01-20T14:02:08.605+0000] {dag.py:4180} INFO - Setting next_dagrun for dag_with_python_dependency_1 to 2025-01-20 00:00:00+00:00, run_after=2025-01-21 00:00:00+00:00
[2025-01-20T14:02:08.620+0000] {processor.py:208} INFO - Processing /opt/airflow/dags/dag_with_python_dependency.py took 0.079 seconds
[2025-01-20T14:02:39.145+0000] {processor.py:186} INFO - Started process (PID=436) to work on /opt/airflow/dags/dag_with_python_dependency.py
[2025-01-20T14:02:39.146+0000] {processor.py:914} INFO - Processing file /opt/airflow/dags/dag_with_python_dependency.py for tasks to queue
[2025-01-20T14:02:39.148+0000] {logging_mixin.py:190} INFO - [2025-01-20T14:02:39.148+0000] {dagbag.py:588} INFO - Filling up the DagBag from /opt/airflow/dags/dag_with_python_dependency.py
[2025-01-20T14:02:39.166+0000] {processor.py:925} INFO - DAG(s) 'dag_with_python_dependency_1' retrieved from /opt/airflow/dags/dag_with_python_dependency.py
[2025-01-20T14:02:39.194+0000] {logging_mixin.py:190} INFO - [2025-01-20T14:02:39.194+0000] {dag.py:3239} INFO - Sync 1 DAGs
[2025-01-20T14:02:39.213+0000] {logging_mixin.py:190} INFO - [2025-01-20T14:02:39.213+0000] {dag.py:4180} INFO - Setting next_dagrun for dag_with_python_dependency_1 to 2025-01-20 00:00:00+00:00, run_after=2025-01-21 00:00:00+00:00
[2025-01-20T14:02:39.226+0000] {processor.py:208} INFO - Processing /opt/airflow/dags/dag_with_python_dependency.py took 0.085 seconds
[2025-01-20T14:03:09.841+0000] {processor.py:186} INFO - Started process (PID=477) to work on /opt/airflow/dags/dag_with_python_dependency.py
[2025-01-20T14:03:09.842+0000] {processor.py:914} INFO - Processing file /opt/airflow/dags/dag_with_python_dependency.py for tasks to queue
[2025-01-20T14:03:09.844+0000] {logging_mixin.py:190} INFO - [2025-01-20T14:03:09.844+0000] {dagbag.py:588} INFO - Filling up the DagBag from /opt/airflow/dags/dag_with_python_dependency.py
[2025-01-20T14:03:09.858+0000] {processor.py:925} INFO - DAG(s) 'dag_with_python_dependency_1' retrieved from /opt/airflow/dags/dag_with_python_dependency.py
[2025-01-20T14:03:09.878+0000] {logging_mixin.py:190} INFO - [2025-01-20T14:03:09.878+0000] {dag.py:3239} INFO - Sync 1 DAGs
[2025-01-20T14:03:09.896+0000] {logging_mixin.py:190} INFO - [2025-01-20T14:03:09.896+0000] {dag.py:4180} INFO - Setting next_dagrun for dag_with_python_dependency_1 to 2025-01-20 00:00:00+00:00, run_after=2025-01-21 00:00:00+00:00
[2025-01-20T14:03:09.909+0000] {processor.py:208} INFO - Processing /opt/airflow/dags/dag_with_python_dependency.py took 0.072 seconds
[2025-01-20T14:03:40.434+0000] {processor.py:186} INFO - Started process (PID=518) to work on /opt/airflow/dags/dag_with_python_dependency.py
[2025-01-20T14:03:40.434+0000] {processor.py:914} INFO - Processing file /opt/airflow/dags/dag_with_python_dependency.py for tasks to queue
[2025-01-20T14:03:40.436+0000] {logging_mixin.py:190} INFO - [2025-01-20T14:03:40.436+0000] {dagbag.py:588} INFO - Filling up the DagBag from /opt/airflow/dags/dag_with_python_dependency.py
[2025-01-20T14:03:40.449+0000] {processor.py:925} INFO - DAG(s) 'dag_with_python_dependency_1' retrieved from /opt/airflow/dags/dag_with_python_dependency.py
[2025-01-20T14:03:40.470+0000] {logging_mixin.py:190} INFO - [2025-01-20T14:03:40.470+0000] {dag.py:3239} INFO - Sync 1 DAGs
[2025-01-20T14:03:40.487+0000] {logging_mixin.py:190} INFO - [2025-01-20T14:03:40.487+0000] {dag.py:4180} INFO - Setting next_dagrun for dag_with_python_dependency_1 to 2025-01-20 00:00:00+00:00, run_after=2025-01-21 00:00:00+00:00
[2025-01-20T14:03:40.500+0000] {processor.py:208} INFO - Processing /opt/airflow/dags/dag_with_python_dependency.py took 0.070 seconds
[2025-01-20T14:04:11.093+0000] {processor.py:186} INFO - Started process (PID=559) to work on /opt/airflow/dags/dag_with_python_dependency.py
[2025-01-20T14:04:11.094+0000] {processor.py:914} INFO - Processing file /opt/airflow/dags/dag_with_python_dependency.py for tasks to queue
[2025-01-20T14:04:11.096+0000] {logging_mixin.py:190} INFO - [2025-01-20T14:04:11.095+0000] {dagbag.py:588} INFO - Filling up the DagBag from /opt/airflow/dags/dag_with_python_dependency.py
[2025-01-20T14:04:11.109+0000] {processor.py:925} INFO - DAG(s) 'dag_with_python_dependency_1' retrieved from /opt/airflow/dags/dag_with_python_dependency.py
[2025-01-20T14:04:11.128+0000] {logging_mixin.py:190} INFO - [2025-01-20T14:04:11.128+0000] {dag.py:3239} INFO - Sync 1 DAGs
[2025-01-20T14:04:11.147+0000] {logging_mixin.py:190} INFO - [2025-01-20T14:04:11.147+0000] {dag.py:4180} INFO - Setting next_dagrun for dag_with_python_dependency_1 to 2025-01-20 00:00:00+00:00, run_after=2025-01-21 00:00:00+00:00
[2025-01-20T14:04:11.313+0000] {processor.py:208} INFO - Processing /opt/airflow/dags/dag_with_python_dependency.py took 0.224 seconds
[2025-01-20T14:04:41.385+0000] {processor.py:186} INFO - Started process (PID=600) to work on /opt/airflow/dags/dag_with_python_dependency.py
[2025-01-20T14:04:41.385+0000] {processor.py:914} INFO - Processing file /opt/airflow/dags/dag_with_python_dependency.py for tasks to queue
[2025-01-20T14:04:41.387+0000] {logging_mixin.py:190} INFO - [2025-01-20T14:04:41.387+0000] {dagbag.py:588} INFO - Filling up the DagBag from /opt/airflow/dags/dag_with_python_dependency.py
[2025-01-20T14:04:41.401+0000] {processor.py:925} INFO - DAG(s) 'dag_with_python_dependency_1' retrieved from /opt/airflow/dags/dag_with_python_dependency.py
[2025-01-20T14:04:41.421+0000] {logging_mixin.py:190} INFO - [2025-01-20T14:04:41.421+0000] {dag.py:3239} INFO - Sync 1 DAGs
[2025-01-20T14:04:41.584+0000] {logging_mixin.py:190} INFO - [2025-01-20T14:04:41.583+0000] {dag.py:4180} INFO - Setting next_dagrun for dag_with_python_dependency_1 to 2025-01-20 00:00:00+00:00, run_after=2025-01-21 00:00:00+00:00
[2025-01-20T14:04:41.603+0000] {processor.py:208} INFO - Processing /opt/airflow/dags/dag_with_python_dependency.py took 0.224 seconds
[2025-01-20T14:05:11.655+0000] {processor.py:186} INFO - Started process (PID=641) to work on /opt/airflow/dags/dag_with_python_dependency.py
[2025-01-20T14:05:11.656+0000] {processor.py:914} INFO - Processing file /opt/airflow/dags/dag_with_python_dependency.py for tasks to queue
[2025-01-20T14:05:11.658+0000] {logging_mixin.py:190} INFO - [2025-01-20T14:05:11.657+0000] {dagbag.py:588} INFO - Filling up the DagBag from /opt/airflow/dags/dag_with_python_dependency.py
[2025-01-20T14:05:11.671+0000] {processor.py:925} INFO - DAG(s) 'dag_with_python_dependency_1' retrieved from /opt/airflow/dags/dag_with_python_dependency.py
[2025-01-20T14:05:11.690+0000] {logging_mixin.py:190} INFO - [2025-01-20T14:05:11.690+0000] {dag.py:3239} INFO - Sync 1 DAGs
[2025-01-20T14:05:11.830+0000] {logging_mixin.py:190} INFO - [2025-01-20T14:05:11.830+0000] {dag.py:4180} INFO - Setting next_dagrun for dag_with_python_dependency_1 to 2025-01-20 00:00:00+00:00, run_after=2025-01-21 00:00:00+00:00
[2025-01-20T14:05:11.849+0000] {processor.py:208} INFO - Processing /opt/airflow/dags/dag_with_python_dependency.py took 0.198 seconds
[2025-01-20T14:05:42.118+0000] {processor.py:186} INFO - Started process (PID=682) to work on /opt/airflow/dags/dag_with_python_dependency.py
[2025-01-20T14:05:42.119+0000] {processor.py:914} INFO - Processing file /opt/airflow/dags/dag_with_python_dependency.py for tasks to queue
[2025-01-20T14:05:42.120+0000] {logging_mixin.py:190} INFO - [2025-01-20T14:05:42.120+0000] {dagbag.py:588} INFO - Filling up the DagBag from /opt/airflow/dags/dag_with_python_dependency.py
[2025-01-20T14:05:42.134+0000] {processor.py:925} INFO - DAG(s) 'dag_with_python_dependency_1' retrieved from /opt/airflow/dags/dag_with_python_dependency.py
[2025-01-20T14:05:42.289+0000] {logging_mixin.py:190} INFO - [2025-01-20T14:05:42.289+0000] {dag.py:3239} INFO - Sync 1 DAGs
[2025-01-20T14:05:42.307+0000] {logging_mixin.py:190} INFO - [2025-01-20T14:05:42.307+0000] {dag.py:4180} INFO - Setting next_dagrun for dag_with_python_dependency_1 to 2025-01-20 00:00:00+00:00, run_after=2025-01-21 00:00:00+00:00
[2025-01-20T14:05:42.327+0000] {processor.py:208} INFO - Processing /opt/airflow/dags/dag_with_python_dependency.py took 0.213 seconds
[2025-01-20T14:06:12.389+0000] {processor.py:186} INFO - Started process (PID=723) to work on /opt/airflow/dags/dag_with_python_dependency.py
[2025-01-20T14:06:12.390+0000] {processor.py:914} INFO - Processing file /opt/airflow/dags/dag_with_python_dependency.py for tasks to queue
[2025-01-20T14:06:12.392+0000] {logging_mixin.py:190} INFO - [2025-01-20T14:06:12.391+0000] {dagbag.py:588} INFO - Filling up the DagBag from /opt/airflow/dags/dag_with_python_dependency.py
[2025-01-20T14:06:12.405+0000] {processor.py:925} INFO - DAG(s) 'dag_with_python_dependency_1' retrieved from /opt/airflow/dags/dag_with_python_dependency.py
[2025-01-20T14:06:12.428+0000] {logging_mixin.py:190} INFO - [2025-01-20T14:06:12.428+0000] {dag.py:3239} INFO - Sync 1 DAGs
[2025-01-20T14:06:12.447+0000] {logging_mixin.py:190} INFO - [2025-01-20T14:06:12.447+0000] {dag.py:4180} INFO - Setting next_dagrun for dag_with_python_dependency_1 to 2025-01-20 00:00:00+00:00, run_after=2025-01-21 00:00:00+00:00
[2025-01-20T14:06:12.466+0000] {processor.py:208} INFO - Processing /opt/airflow/dags/dag_with_python_dependency.py took 0.081 seconds
[2025-01-20T14:06:42.900+0000] {processor.py:186} INFO - Started process (PID=764) to work on /opt/airflow/dags/dag_with_python_dependency.py
[2025-01-20T14:06:42.901+0000] {processor.py:914} INFO - Processing file /opt/airflow/dags/dag_with_python_dependency.py for tasks to queue
[2025-01-20T14:06:42.903+0000] {logging_mixin.py:190} INFO - [2025-01-20T14:06:42.903+0000] {dagbag.py:588} INFO - Filling up the DagBag from /opt/airflow/dags/dag_with_python_dependency.py
[2025-01-20T14:06:42.917+0000] {processor.py:925} INFO - DAG(s) 'dag_with_python_dependency_1' retrieved from /opt/airflow/dags/dag_with_python_dependency.py
[2025-01-20T14:06:42.936+0000] {logging_mixin.py:190} INFO - [2025-01-20T14:06:42.936+0000] {dag.py:3239} INFO - Sync 1 DAGs
[2025-01-20T14:06:42.955+0000] {logging_mixin.py:190} INFO - [2025-01-20T14:06:42.954+0000] {dag.py:4180} INFO - Setting next_dagrun for dag_with_python_dependency_1 to 2025-01-20 00:00:00+00:00, run_after=2025-01-21 00:00:00+00:00
[2025-01-20T14:06:42.974+0000] {processor.py:208} INFO - Processing /opt/airflow/dags/dag_with_python_dependency.py took 0.078 seconds
[2025-01-20T14:07:13.472+0000] {processor.py:186} INFO - Started process (PID=805) to work on /opt/airflow/dags/dag_with_python_dependency.py
[2025-01-20T14:07:13.472+0000] {processor.py:914} INFO - Processing file /opt/airflow/dags/dag_with_python_dependency.py for tasks to queue
[2025-01-20T14:07:13.474+0000] {logging_mixin.py:190} INFO - [2025-01-20T14:07:13.474+0000] {dagbag.py:588} INFO - Filling up the DagBag from /opt/airflow/dags/dag_with_python_dependency.py
[2025-01-20T14:07:13.488+0000] {processor.py:925} INFO - DAG(s) 'dag_with_python_dependency_1' retrieved from /opt/airflow/dags/dag_with_python_dependency.py
[2025-01-20T14:07:13.507+0000] {logging_mixin.py:190} INFO - [2025-01-20T14:07:13.507+0000] {dag.py:3239} INFO - Sync 1 DAGs
[2025-01-20T14:07:13.526+0000] {logging_mixin.py:190} INFO - [2025-01-20T14:07:13.526+0000] {dag.py:4180} INFO - Setting next_dagrun for dag_with_python_dependency_1 to 2025-01-20 00:00:00+00:00, run_after=2025-01-21 00:00:00+00:00
[2025-01-20T14:07:13.546+0000] {processor.py:208} INFO - Processing /opt/airflow/dags/dag_with_python_dependency.py took 0.079 seconds
[2025-01-20T14:07:44.075+0000] {processor.py:186} INFO - Started process (PID=846) to work on /opt/airflow/dags/dag_with_python_dependency.py
[2025-01-20T14:07:44.077+0000] {processor.py:914} INFO - Processing file /opt/airflow/dags/dag_with_python_dependency.py for tasks to queue
[2025-01-20T14:07:44.079+0000] {logging_mixin.py:190} INFO - [2025-01-20T14:07:44.079+0000] {dagbag.py:588} INFO - Filling up the DagBag from /opt/airflow/dags/dag_with_python_dependency.py
[2025-01-20T14:07:44.108+0000] {processor.py:925} INFO - DAG(s) 'dag_with_python_dependency_1' retrieved from /opt/airflow/dags/dag_with_python_dependency.py
[2025-01-20T14:07:44.148+0000] {logging_mixin.py:190} INFO - [2025-01-20T14:07:44.148+0000] {dag.py:3239} INFO - Sync 1 DAGs
[2025-01-20T14:07:44.191+0000] {logging_mixin.py:190} INFO - [2025-01-20T14:07:44.191+0000] {dag.py:4180} INFO - Setting next_dagrun for dag_with_python_dependency_1 to 2025-01-20 00:00:00+00:00, run_after=2025-01-21 00:00:00+00:00
[2025-01-20T14:07:44.219+0000] {processor.py:208} INFO - Processing /opt/airflow/dags/dag_with_python_dependency.py took 0.160 seconds
[2025-01-20T14:08:14.534+0000] {processor.py:186} INFO - Started process (PID=887) to work on /opt/airflow/dags/dag_with_python_dependency.py
[2025-01-20T14:08:14.535+0000] {processor.py:914} INFO - Processing file /opt/airflow/dags/dag_with_python_dependency.py for tasks to queue
[2025-01-20T14:08:14.537+0000] {logging_mixin.py:190} INFO - [2025-01-20T14:08:14.536+0000] {dagbag.py:588} INFO - Filling up the DagBag from /opt/airflow/dags/dag_with_python_dependency.py
[2025-01-20T14:08:14.551+0000] {processor.py:925} INFO - DAG(s) 'dag_with_python_dependency_1' retrieved from /opt/airflow/dags/dag_with_python_dependency.py
[2025-01-20T14:08:14.571+0000] {logging_mixin.py:190} INFO - [2025-01-20T14:08:14.571+0000] {dag.py:3239} INFO - Sync 1 DAGs
[2025-01-20T14:08:14.591+0000] {logging_mixin.py:190} INFO - [2025-01-20T14:08:14.591+0000] {dag.py:4180} INFO - Setting next_dagrun for dag_with_python_dependency_1 to 2025-01-20 00:00:00+00:00, run_after=2025-01-21 00:00:00+00:00
[2025-01-20T14:08:14.605+0000] {processor.py:208} INFO - Processing /opt/airflow/dags/dag_with_python_dependency.py took 0.076 seconds
[2025-01-20T14:08:45.039+0000] {processor.py:186} INFO - Started process (PID=928) to work on /opt/airflow/dags/dag_with_python_dependency.py
[2025-01-20T14:08:45.040+0000] {processor.py:914} INFO - Processing file /opt/airflow/dags/dag_with_python_dependency.py for tasks to queue
[2025-01-20T14:08:45.042+0000] {logging_mixin.py:190} INFO - [2025-01-20T14:08:45.042+0000] {dagbag.py:588} INFO - Filling up the DagBag from /opt/airflow/dags/dag_with_python_dependency.py
[2025-01-20T14:08:45.056+0000] {processor.py:925} INFO - DAG(s) 'dag_with_python_dependency_1' retrieved from /opt/airflow/dags/dag_with_python_dependency.py
[2025-01-20T14:08:45.078+0000] {logging_mixin.py:190} INFO - [2025-01-20T14:08:45.078+0000] {dag.py:3239} INFO - Sync 1 DAGs
[2025-01-20T14:08:45.106+0000] {logging_mixin.py:190} INFO - [2025-01-20T14:08:45.106+0000] {dag.py:4180} INFO - Setting next_dagrun for dag_with_python_dependency_1 to 2025-01-20 00:00:00+00:00, run_after=2025-01-21 00:00:00+00:00
[2025-01-20T14:08:45.127+0000] {processor.py:208} INFO - Processing /opt/airflow/dags/dag_with_python_dependency.py took 0.093 seconds
[2025-01-20T14:09:15.579+0000] {processor.py:186} INFO - Started process (PID=969) to work on /opt/airflow/dags/dag_with_python_dependency.py
[2025-01-20T14:09:15.580+0000] {processor.py:914} INFO - Processing file /opt/airflow/dags/dag_with_python_dependency.py for tasks to queue
[2025-01-20T14:09:15.582+0000] {logging_mixin.py:190} INFO - [2025-01-20T14:09:15.581+0000] {dagbag.py:588} INFO - Filling up the DagBag from /opt/airflow/dags/dag_with_python_dependency.py
[2025-01-20T14:09:15.594+0000] {processor.py:925} INFO - DAG(s) 'dag_with_python_dependency_1' retrieved from /opt/airflow/dags/dag_with_python_dependency.py
[2025-01-20T14:09:15.621+0000] {logging_mixin.py:190} INFO - [2025-01-20T14:09:15.620+0000] {dag.py:3239} INFO - Sync 1 DAGs
[2025-01-20T14:09:15.638+0000] {logging_mixin.py:190} INFO - [2025-01-20T14:09:15.638+0000] {dag.py:4180} INFO - Setting next_dagrun for dag_with_python_dependency_1 to 2025-01-20 00:00:00+00:00, run_after=2025-01-21 00:00:00+00:00
[2025-01-20T14:09:15.651+0000] {processor.py:208} INFO - Processing /opt/airflow/dags/dag_with_python_dependency.py took 0.076 seconds
[2025-01-20T14:09:46.201+0000] {processor.py:186} INFO - Started process (PID=1010) to work on /opt/airflow/dags/dag_with_python_dependency.py
[2025-01-20T14:09:46.202+0000] {processor.py:914} INFO - Processing file /opt/airflow/dags/dag_with_python_dependency.py for tasks to queue
[2025-01-20T14:09:46.203+0000] {logging_mixin.py:190} INFO - [2025-01-20T14:09:46.203+0000] {dagbag.py:588} INFO - Filling up the DagBag from /opt/airflow/dags/dag_with_python_dependency.py
[2025-01-20T14:09:46.217+0000] {processor.py:925} INFO - DAG(s) 'dag_with_python_dependency_1' retrieved from /opt/airflow/dags/dag_with_python_dependency.py
[2025-01-20T14:09:46.237+0000] {logging_mixin.py:190} INFO - [2025-01-20T14:09:46.237+0000] {dag.py:3239} INFO - Sync 1 DAGs
[2025-01-20T14:09:46.257+0000] {logging_mixin.py:190} INFO - [2025-01-20T14:09:46.257+0000] {dag.py:4180} INFO - Setting next_dagrun for dag_with_python_dependency_1 to 2025-01-20 00:00:00+00:00, run_after=2025-01-21 00:00:00+00:00
[2025-01-20T14:09:46.270+0000] {processor.py:208} INFO - Processing /opt/airflow/dags/dag_with_python_dependency.py took 0.074 seconds
[2025-01-20T14:10:16.705+0000] {processor.py:186} INFO - Started process (PID=1051) to work on /opt/airflow/dags/dag_with_python_dependency.py
[2025-01-20T14:10:16.706+0000] {processor.py:914} INFO - Processing file /opt/airflow/dags/dag_with_python_dependency.py for tasks to queue
[2025-01-20T14:10:16.708+0000] {logging_mixin.py:190} INFO - [2025-01-20T14:10:16.708+0000] {dagbag.py:588} INFO - Filling up the DagBag from /opt/airflow/dags/dag_with_python_dependency.py
[2025-01-20T14:10:16.720+0000] {processor.py:925} INFO - DAG(s) 'dag_with_python_dependency_1' retrieved from /opt/airflow/dags/dag_with_python_dependency.py
[2025-01-20T14:10:16.740+0000] {logging_mixin.py:190} INFO - [2025-01-20T14:10:16.740+0000] {dag.py:3239} INFO - Sync 1 DAGs
[2025-01-20T14:10:16.759+0000] {logging_mixin.py:190} INFO - [2025-01-20T14:10:16.759+0000] {dag.py:4180} INFO - Setting next_dagrun for dag_with_python_dependency_1 to 2025-01-20 00:00:00+00:00, run_after=2025-01-21 00:00:00+00:00
[2025-01-20T14:10:16.773+0000] {processor.py:208} INFO - Processing /opt/airflow/dags/dag_with_python_dependency.py took 0.073 seconds
[2025-01-20T14:10:47.219+0000] {processor.py:186} INFO - Started process (PID=1092) to work on /opt/airflow/dags/dag_with_python_dependency.py
[2025-01-20T14:10:47.220+0000] {processor.py:914} INFO - Processing file /opt/airflow/dags/dag_with_python_dependency.py for tasks to queue
[2025-01-20T14:10:47.222+0000] {logging_mixin.py:190} INFO - [2025-01-20T14:10:47.222+0000] {dagbag.py:588} INFO - Filling up the DagBag from /opt/airflow/dags/dag_with_python_dependency.py
[2025-01-20T14:10:47.236+0000] {processor.py:925} INFO - DAG(s) 'dag_with_python_dependency_1' retrieved from /opt/airflow/dags/dag_with_python_dependency.py
[2025-01-20T14:10:47.257+0000] {logging_mixin.py:190} INFO - [2025-01-20T14:10:47.257+0000] {dag.py:3239} INFO - Sync 1 DAGs
[2025-01-20T14:10:47.276+0000] {logging_mixin.py:190} INFO - [2025-01-20T14:10:47.275+0000] {dag.py:4180} INFO - Setting next_dagrun for dag_with_python_dependency_1 to 2025-01-20 00:00:00+00:00, run_after=2025-01-21 00:00:00+00:00
[2025-01-20T14:10:47.289+0000] {processor.py:208} INFO - Processing /opt/airflow/dags/dag_with_python_dependency.py took 0.075 seconds
[2025-01-20T14:11:17.706+0000] {processor.py:186} INFO - Started process (PID=1133) to work on /opt/airflow/dags/dag_with_python_dependency.py
[2025-01-20T14:11:17.707+0000] {processor.py:914} INFO - Processing file /opt/airflow/dags/dag_with_python_dependency.py for tasks to queue
[2025-01-20T14:11:17.709+0000] {logging_mixin.py:190} INFO - [2025-01-20T14:11:17.709+0000] {dagbag.py:588} INFO - Filling up the DagBag from /opt/airflow/dags/dag_with_python_dependency.py
[2025-01-20T14:11:17.722+0000] {processor.py:925} INFO - DAG(s) 'dag_with_python_dependency_1' retrieved from /opt/airflow/dags/dag_with_python_dependency.py
[2025-01-20T14:11:17.742+0000] {logging_mixin.py:190} INFO - [2025-01-20T14:11:17.742+0000] {dag.py:3239} INFO - Sync 1 DAGs
[2025-01-20T14:11:17.760+0000] {logging_mixin.py:190} INFO - [2025-01-20T14:11:17.760+0000] {dag.py:4180} INFO - Setting next_dagrun for dag_with_python_dependency_1 to 2025-01-20 00:00:00+00:00, run_after=2025-01-21 00:00:00+00:00
[2025-01-20T14:11:17.780+0000] {processor.py:208} INFO - Processing /opt/airflow/dags/dag_with_python_dependency.py took 0.078 seconds
[2025-01-20T14:11:48.223+0000] {processor.py:186} INFO - Started process (PID=1174) to work on /opt/airflow/dags/dag_with_python_dependency.py
[2025-01-20T14:11:48.223+0000] {processor.py:914} INFO - Processing file /opt/airflow/dags/dag_with_python_dependency.py for tasks to queue
[2025-01-20T14:11:48.225+0000] {logging_mixin.py:190} INFO - [2025-01-20T14:11:48.225+0000] {dagbag.py:588} INFO - Filling up the DagBag from /opt/airflow/dags/dag_with_python_dependency.py
[2025-01-20T14:11:48.239+0000] {processor.py:925} INFO - DAG(s) 'dag_with_python_dependency_1' retrieved from /opt/airflow/dags/dag_with_python_dependency.py
[2025-01-20T14:11:48.260+0000] {logging_mixin.py:190} INFO - [2025-01-20T14:11:48.260+0000] {dag.py:3239} INFO - Sync 1 DAGs
[2025-01-20T14:11:48.279+0000] {logging_mixin.py:190} INFO - [2025-01-20T14:11:48.279+0000] {dag.py:4180} INFO - Setting next_dagrun for dag_with_python_dependency_1 to 2025-01-20 00:00:00+00:00, run_after=2025-01-21 00:00:00+00:00
[2025-01-20T14:11:48.292+0000] {processor.py:208} INFO - Processing /opt/airflow/dags/dag_with_python_dependency.py took 0.075 seconds
[2025-01-20T19:14:04.875+0000] {processor.py:186} INFO - Started process (PID=184) to work on /opt/airflow/dags/dag_with_python_dependency.py
[2025-01-20T19:14:04.876+0000] {processor.py:914} INFO - Processing file /opt/airflow/dags/dag_with_python_dependency.py for tasks to queue
[2025-01-20T19:14:04.878+0000] {logging_mixin.py:190} INFO - [2025-01-20T19:14:04.878+0000] {dagbag.py:588} INFO - Filling up the DagBag from /opt/airflow/dags/dag_with_python_dependency.py
[2025-01-20T19:14:04.899+0000] {processor.py:925} INFO - DAG(s) 'dag_with_python_dependency_1' retrieved from /opt/airflow/dags/dag_with_python_dependency.py
[2025-01-20T19:14:04.935+0000] {logging_mixin.py:190} INFO - [2025-01-20T19:14:04.935+0000] {dag.py:3239} INFO - Sync 1 DAGs
[2025-01-20T19:14:04.959+0000] {logging_mixin.py:190} INFO - [2025-01-20T19:14:04.959+0000] {dag.py:4180} INFO - Setting next_dagrun for dag_with_python_dependency_1 to 2025-01-20 00:00:00+00:00, run_after=2025-01-21 00:00:00+00:00
[2025-01-20T19:14:04.975+0000] {processor.py:208} INFO - Processing /opt/airflow/dags/dag_with_python_dependency.py took 0.105 seconds
[2025-01-20T19:14:35.552+0000] {processor.py:186} INFO - Started process (PID=225) to work on /opt/airflow/dags/dag_with_python_dependency.py
[2025-01-20T19:14:35.553+0000] {processor.py:914} INFO - Processing file /opt/airflow/dags/dag_with_python_dependency.py for tasks to queue
[2025-01-20T19:14:35.557+0000] {logging_mixin.py:190} INFO - [2025-01-20T19:14:35.556+0000] {dagbag.py:588} INFO - Filling up the DagBag from /opt/airflow/dags/dag_with_python_dependency.py
[2025-01-20T19:14:35.603+0000] {processor.py:925} INFO - DAG(s) 'dag_with_python_dependency_1' retrieved from /opt/airflow/dags/dag_with_python_dependency.py
[2025-01-20T19:14:35.651+0000] {logging_mixin.py:190} INFO - [2025-01-20T19:14:35.651+0000] {dag.py:3239} INFO - Sync 1 DAGs
[2025-01-20T19:14:35.691+0000] {logging_mixin.py:190} INFO - [2025-01-20T19:14:35.690+0000] {dag.py:4180} INFO - Setting next_dagrun for dag_with_python_dependency_1 to 2025-01-20 00:00:00+00:00, run_after=2025-01-21 00:00:00+00:00
[2025-01-20T19:14:35.714+0000] {processor.py:208} INFO - Processing /opt/airflow/dags/dag_with_python_dependency.py took 0.172 seconds
[2025-01-20T19:15:06.449+0000] {processor.py:186} INFO - Started process (PID=266) to work on /opt/airflow/dags/dag_with_python_dependency.py
[2025-01-20T19:15:06.451+0000] {processor.py:914} INFO - Processing file /opt/airflow/dags/dag_with_python_dependency.py for tasks to queue
[2025-01-20T19:15:06.452+0000] {logging_mixin.py:190} INFO - [2025-01-20T19:15:06.452+0000] {dagbag.py:588} INFO - Filling up the DagBag from /opt/airflow/dags/dag_with_python_dependency.py
[2025-01-20T19:15:06.469+0000] {processor.py:925} INFO - DAG(s) 'dag_with_python_dependency_1' retrieved from /opt/airflow/dags/dag_with_python_dependency.py
[2025-01-20T19:15:06.496+0000] {logging_mixin.py:190} INFO - [2025-01-20T19:15:06.495+0000] {dag.py:3239} INFO - Sync 1 DAGs
[2025-01-20T19:15:06.517+0000] {logging_mixin.py:190} INFO - [2025-01-20T19:15:06.517+0000] {dag.py:4180} INFO - Setting next_dagrun for dag_with_python_dependency_1 to 2025-01-20 00:00:00+00:00, run_after=2025-01-21 00:00:00+00:00
[2025-01-20T19:15:06.534+0000] {processor.py:208} INFO - Processing /opt/airflow/dags/dag_with_python_dependency.py took 0.089 seconds
[2025-01-20T19:15:37.188+0000] {processor.py:186} INFO - Started process (PID=307) to work on /opt/airflow/dags/dag_with_python_dependency.py
[2025-01-20T19:15:37.189+0000] {processor.py:914} INFO - Processing file /opt/airflow/dags/dag_with_python_dependency.py for tasks to queue
[2025-01-20T19:15:37.191+0000] {logging_mixin.py:190} INFO - [2025-01-20T19:15:37.191+0000] {dagbag.py:588} INFO - Filling up the DagBag from /opt/airflow/dags/dag_with_python_dependency.py
[2025-01-20T19:15:37.207+0000] {processor.py:925} INFO - DAG(s) 'dag_with_python_dependency_1' retrieved from /opt/airflow/dags/dag_with_python_dependency.py
[2025-01-20T19:15:37.232+0000] {logging_mixin.py:190} INFO - [2025-01-20T19:15:37.232+0000] {dag.py:3239} INFO - Sync 1 DAGs
[2025-01-20T19:15:37.252+0000] {logging_mixin.py:190} INFO - [2025-01-20T19:15:37.252+0000] {dag.py:4180} INFO - Setting next_dagrun for dag_with_python_dependency_1 to 2025-01-20 00:00:00+00:00, run_after=2025-01-21 00:00:00+00:00
[2025-01-20T19:15:37.272+0000] {processor.py:208} INFO - Processing /opt/airflow/dags/dag_with_python_dependency.py took 0.092 seconds
[2025-01-20T19:16:07.934+0000] {processor.py:186} INFO - Started process (PID=351) to work on /opt/airflow/dags/dag_with_python_dependency.py
[2025-01-20T19:16:07.936+0000] {processor.py:914} INFO - Processing file /opt/airflow/dags/dag_with_python_dependency.py for tasks to queue
[2025-01-20T19:16:07.938+0000] {logging_mixin.py:190} INFO - [2025-01-20T19:16:07.938+0000] {dagbag.py:588} INFO - Filling up the DagBag from /opt/airflow/dags/dag_with_python_dependency.py
[2025-01-20T19:16:07.963+0000] {processor.py:925} INFO - DAG(s) 'dag_with_python_dependency_1' retrieved from /opt/airflow/dags/dag_with_python_dependency.py
[2025-01-20T19:16:07.994+0000] {logging_mixin.py:190} INFO - [2025-01-20T19:16:07.994+0000] {dag.py:3239} INFO - Sync 1 DAGs
[2025-01-20T19:16:08.021+0000] {logging_mixin.py:190} INFO - [2025-01-20T19:16:08.021+0000] {dag.py:4180} INFO - Setting next_dagrun for dag_with_python_dependency_1 to 2025-01-20 00:00:00+00:00, run_after=2025-01-21 00:00:00+00:00
[2025-01-20T19:16:08.050+0000] {processor.py:208} INFO - Processing /opt/airflow/dags/dag_with_python_dependency.py took 0.121 seconds
[2025-01-20T19:16:38.973+0000] {processor.py:186} INFO - Started process (PID=395) to work on /opt/airflow/dags/dag_with_python_dependency.py
[2025-01-20T19:16:38.977+0000] {processor.py:914} INFO - Processing file /opt/airflow/dags/dag_with_python_dependency.py for tasks to queue
[2025-01-20T19:16:38.981+0000] {logging_mixin.py:190} INFO - [2025-01-20T19:16:38.980+0000] {dagbag.py:588} INFO - Filling up the DagBag from /opt/airflow/dags/dag_with_python_dependency.py
[2025-01-20T19:16:38.997+0000] {processor.py:925} INFO - DAG(s) 'dag_with_python_dependency_1' retrieved from /opt/airflow/dags/dag_with_python_dependency.py
[2025-01-20T19:16:39.036+0000] {logging_mixin.py:190} INFO - [2025-01-20T19:16:39.035+0000] {dag.py:3239} INFO - Sync 1 DAGs
[2025-01-20T19:16:39.062+0000] {logging_mixin.py:190} INFO - [2025-01-20T19:16:39.062+0000] {dag.py:4180} INFO - Setting next_dagrun for dag_with_python_dependency_1 to 2025-01-20 00:00:00+00:00, run_after=2025-01-21 00:00:00+00:00
[2025-01-20T19:16:39.081+0000] {processor.py:208} INFO - Processing /opt/airflow/dags/dag_with_python_dependency.py took 0.150 seconds
[2025-01-20T19:17:09.729+0000] {processor.py:186} INFO - Started process (PID=436) to work on /opt/airflow/dags/dag_with_python_dependency.py
[2025-01-20T19:17:09.730+0000] {processor.py:914} INFO - Processing file /opt/airflow/dags/dag_with_python_dependency.py for tasks to queue
[2025-01-20T19:17:09.732+0000] {logging_mixin.py:190} INFO - [2025-01-20T19:17:09.732+0000] {dagbag.py:588} INFO - Filling up the DagBag from /opt/airflow/dags/dag_with_python_dependency.py
[2025-01-20T19:17:09.747+0000] {processor.py:925} INFO - DAG(s) 'dag_with_python_dependency_1' retrieved from /opt/airflow/dags/dag_with_python_dependency.py
[2025-01-20T19:17:09.770+0000] {logging_mixin.py:190} INFO - [2025-01-20T19:17:09.770+0000] {dag.py:3239} INFO - Sync 1 DAGs
[2025-01-20T19:17:09.795+0000] {logging_mixin.py:190} INFO - [2025-01-20T19:17:09.795+0000] {dag.py:4180} INFO - Setting next_dagrun for dag_with_python_dependency_1 to 2025-01-20 00:00:00+00:00, run_after=2025-01-21 00:00:00+00:00
[2025-01-20T19:17:09.812+0000] {processor.py:208} INFO - Processing /opt/airflow/dags/dag_with_python_dependency.py took 0.089 seconds
[2025-01-20T19:17:40.531+0000] {processor.py:186} INFO - Started process (PID=477) to work on /opt/airflow/dags/dag_with_python_dependency.py
[2025-01-20T19:17:40.532+0000] {processor.py:914} INFO - Processing file /opt/airflow/dags/dag_with_python_dependency.py for tasks to queue
[2025-01-20T19:17:40.533+0000] {logging_mixin.py:190} INFO - [2025-01-20T19:17:40.533+0000] {dagbag.py:588} INFO - Filling up the DagBag from /opt/airflow/dags/dag_with_python_dependency.py
[2025-01-20T19:17:40.547+0000] {processor.py:925} INFO - DAG(s) 'dag_with_python_dependency_1' retrieved from /opt/airflow/dags/dag_with_python_dependency.py
[2025-01-20T19:17:40.568+0000] {logging_mixin.py:190} INFO - [2025-01-20T19:17:40.568+0000] {dag.py:3239} INFO - Sync 1 DAGs
[2025-01-20T19:17:40.586+0000] {logging_mixin.py:190} INFO - [2025-01-20T19:17:40.586+0000] {dag.py:4180} INFO - Setting next_dagrun for dag_with_python_dependency_1 to 2025-01-20 00:00:00+00:00, run_after=2025-01-21 00:00:00+00:00
[2025-01-20T19:17:40.601+0000] {processor.py:208} INFO - Processing /opt/airflow/dags/dag_with_python_dependency.py took 0.074 seconds
[2025-01-20T19:18:11.368+0000] {processor.py:186} INFO - Started process (PID=518) to work on /opt/airflow/dags/dag_with_python_dependency.py
[2025-01-20T19:18:11.369+0000] {processor.py:914} INFO - Processing file /opt/airflow/dags/dag_with_python_dependency.py for tasks to queue
[2025-01-20T19:18:11.372+0000] {logging_mixin.py:190} INFO - [2025-01-20T19:18:11.372+0000] {dagbag.py:588} INFO - Filling up the DagBag from /opt/airflow/dags/dag_with_python_dependency.py
[2025-01-20T19:18:11.393+0000] {processor.py:925} INFO - DAG(s) 'dag_with_python_dependency_1' retrieved from /opt/airflow/dags/dag_with_python_dependency.py
[2025-01-20T19:18:11.428+0000] {logging_mixin.py:190} INFO - [2025-01-20T19:18:11.428+0000] {dag.py:3239} INFO - Sync 1 DAGs
[2025-01-20T19:18:11.456+0000] {logging_mixin.py:190} INFO - [2025-01-20T19:18:11.455+0000] {dag.py:4180} INFO - Setting next_dagrun for dag_with_python_dependency_1 to 2025-01-20 00:00:00+00:00, run_after=2025-01-21 00:00:00+00:00
[2025-01-20T19:18:11.475+0000] {processor.py:208} INFO - Processing /opt/airflow/dags/dag_with_python_dependency.py took 0.113 seconds
[2025-01-20T19:18:42.261+0000] {processor.py:186} INFO - Started process (PID=559) to work on /opt/airflow/dags/dag_with_python_dependency.py
[2025-01-20T19:18:42.262+0000] {processor.py:914} INFO - Processing file /opt/airflow/dags/dag_with_python_dependency.py for tasks to queue
[2025-01-20T19:18:42.265+0000] {logging_mixin.py:190} INFO - [2025-01-20T19:18:42.265+0000] {dagbag.py:588} INFO - Filling up the DagBag from /opt/airflow/dags/dag_with_python_dependency.py
[2025-01-20T19:18:42.284+0000] {processor.py:925} INFO - DAG(s) 'dag_with_python_dependency_1' retrieved from /opt/airflow/dags/dag_with_python_dependency.py
[2025-01-20T19:18:42.314+0000] {logging_mixin.py:190} INFO - [2025-01-20T19:18:42.314+0000] {dag.py:3239} INFO - Sync 1 DAGs
[2025-01-20T19:18:42.337+0000] {logging_mixin.py:190} INFO - [2025-01-20T19:18:42.337+0000] {dag.py:4180} INFO - Setting next_dagrun for dag_with_python_dependency_1 to 2025-01-20 00:00:00+00:00, run_after=2025-01-21 00:00:00+00:00
[2025-01-20T19:18:42.355+0000] {processor.py:208} INFO - Processing /opt/airflow/dags/dag_with_python_dependency.py took 0.099 seconds
[2025-01-20T19:19:12.637+0000] {processor.py:186} INFO - Started process (PID=605) to work on /opt/airflow/dags/dag_with_python_dependency.py
[2025-01-20T19:19:12.637+0000] {processor.py:914} INFO - Processing file /opt/airflow/dags/dag_with_python_dependency.py for tasks to queue
[2025-01-20T19:19:12.643+0000] {logging_mixin.py:190} INFO - [2025-01-20T19:19:12.641+0000] {dagbag.py:588} INFO - Filling up the DagBag from /opt/airflow/dags/dag_with_python_dependency.py
[2025-01-20T19:19:12.661+0000] {processor.py:925} INFO - DAG(s) 'dag_with_python_dependency_1' retrieved from /opt/airflow/dags/dag_with_python_dependency.py
[2025-01-20T19:19:12.687+0000] {logging_mixin.py:190} INFO - [2025-01-20T19:19:12.687+0000] {dag.py:3239} INFO - Sync 1 DAGs
[2025-01-20T19:19:12.709+0000] {logging_mixin.py:190} INFO - [2025-01-20T19:19:12.709+0000] {dag.py:4180} INFO - Setting next_dagrun for dag_with_python_dependency_1 to 2025-01-20 00:00:00+00:00, run_after=2025-01-21 00:00:00+00:00
[2025-01-20T19:19:13.115+0000] {processor.py:208} INFO - Processing /opt/airflow/dags/dag_with_python_dependency.py took 0.484 seconds
[2025-01-20T19:19:43.308+0000] {processor.py:186} INFO - Started process (PID=651) to work on /opt/airflow/dags/dag_with_python_dependency.py
[2025-01-20T19:19:43.309+0000] {processor.py:914} INFO - Processing file /opt/airflow/dags/dag_with_python_dependency.py for tasks to queue
[2025-01-20T19:19:43.311+0000] {logging_mixin.py:190} INFO - [2025-01-20T19:19:43.310+0000] {dagbag.py:588} INFO - Filling up the DagBag from /opt/airflow/dags/dag_with_python_dependency.py
[2025-01-20T19:19:43.327+0000] {processor.py:925} INFO - DAG(s) 'dag_with_python_dependency_1' retrieved from /opt/airflow/dags/dag_with_python_dependency.py
[2025-01-20T19:19:43.371+0000] {logging_mixin.py:190} INFO - [2025-01-20T19:19:43.370+0000] {dag.py:3239} INFO - Sync 1 DAGs
[2025-01-20T19:19:43.585+0000] {logging_mixin.py:190} INFO - [2025-01-20T19:19:43.584+0000] {dag.py:4180} INFO - Setting next_dagrun for dag_with_python_dependency_1 to 2025-01-20 00:00:00+00:00, run_after=2025-01-21 00:00:00+00:00
[2025-01-20T19:19:43.610+0000] {processor.py:208} INFO - Processing /opt/airflow/dags/dag_with_python_dependency.py took 0.306 seconds
[2025-01-20T19:20:13.825+0000] {processor.py:186} INFO - Started process (PID=704) to work on /opt/airflow/dags/dag_with_python_dependency.py
[2025-01-20T19:20:13.827+0000] {processor.py:914} INFO - Processing file /opt/airflow/dags/dag_with_python_dependency.py for tasks to queue
[2025-01-20T19:20:13.830+0000] {logging_mixin.py:190} INFO - [2025-01-20T19:20:13.829+0000] {dagbag.py:588} INFO - Filling up the DagBag from /opt/airflow/dags/dag_with_python_dependency.py
[2025-01-20T19:20:13.848+0000] {processor.py:925} INFO - DAG(s) 'dag_with_python_dependency_1' retrieved from /opt/airflow/dags/dag_with_python_dependency.py
[2025-01-20T19:20:13.872+0000] {logging_mixin.py:190} INFO - [2025-01-20T19:20:13.872+0000] {dag.py:3239} INFO - Sync 1 DAGs
[2025-01-20T19:20:14.058+0000] {logging_mixin.py:190} INFO - [2025-01-20T19:20:14.057+0000] {dag.py:4180} INFO - Setting next_dagrun for dag_with_python_dependency_1 to 2025-01-20 00:00:00+00:00, run_after=2025-01-21 00:00:00+00:00
[2025-01-20T19:20:14.076+0000] {processor.py:208} INFO - Processing /opt/airflow/dags/dag_with_python_dependency.py took 0.257 seconds
[2025-01-20T19:20:44.491+0000] {processor.py:186} INFO - Started process (PID=752) to work on /opt/airflow/dags/dag_with_python_dependency.py
[2025-01-20T19:20:44.492+0000] {processor.py:914} INFO - Processing file /opt/airflow/dags/dag_with_python_dependency.py for tasks to queue
[2025-01-20T19:20:44.494+0000] {logging_mixin.py:190} INFO - [2025-01-20T19:20:44.494+0000] {dagbag.py:588} INFO - Filling up the DagBag from /opt/airflow/dags/dag_with_python_dependency.py
[2025-01-20T19:20:44.510+0000] {processor.py:925} INFO - DAG(s) 'dag_with_python_dependency_1' retrieved from /opt/airflow/dags/dag_with_python_dependency.py
[2025-01-20T19:20:44.679+0000] {logging_mixin.py:190} INFO - [2025-01-20T19:20:44.678+0000] {dag.py:3239} INFO - Sync 1 DAGs
[2025-01-20T19:20:44.700+0000] {logging_mixin.py:190} INFO - [2025-01-20T19:20:44.700+0000] {dag.py:4180} INFO - Setting next_dagrun for dag_with_python_dependency_1 to 2025-01-20 00:00:00+00:00, run_after=2025-01-21 00:00:00+00:00
[2025-01-20T19:20:44.718+0000] {processor.py:208} INFO - Processing /opt/airflow/dags/dag_with_python_dependency.py took 0.232 seconds
[2025-01-20T19:21:15.103+0000] {processor.py:186} INFO - Started process (PID=798) to work on /opt/airflow/dags/dag_with_python_dependency.py
[2025-01-20T19:21:15.105+0000] {processor.py:914} INFO - Processing file /opt/airflow/dags/dag_with_python_dependency.py for tasks to queue
[2025-01-20T19:21:15.108+0000] {logging_mixin.py:190} INFO - [2025-01-20T19:21:15.107+0000] {dagbag.py:588} INFO - Filling up the DagBag from /opt/airflow/dags/dag_with_python_dependency.py
[2025-01-20T19:21:15.147+0000] {processor.py:925} INFO - DAG(s) 'dag_with_python_dependency_1' retrieved from /opt/airflow/dags/dag_with_python_dependency.py
[2025-01-20T19:21:15.308+0000] {logging_mixin.py:190} INFO - [2025-01-20T19:21:15.308+0000] {dag.py:3239} INFO - Sync 1 DAGs
[2025-01-20T19:21:15.392+0000] {logging_mixin.py:190} INFO - [2025-01-20T19:21:15.391+0000] {dag.py:4180} INFO - Setting next_dagrun for dag_with_python_dependency_1 to 2025-01-20 00:00:00+00:00, run_after=2025-01-21 00:00:00+00:00
[2025-01-20T19:21:15.426+0000] {processor.py:208} INFO - Processing /opt/airflow/dags/dag_with_python_dependency.py took 0.343 seconds
[2025-01-20T19:21:45.485+0000] {processor.py:186} INFO - Started process (PID=845) to work on /opt/airflow/dags/dag_with_python_dependency.py
[2025-01-20T19:21:45.486+0000] {processor.py:914} INFO - Processing file /opt/airflow/dags/dag_with_python_dependency.py for tasks to queue
[2025-01-20T19:21:45.488+0000] {logging_mixin.py:190} INFO - [2025-01-20T19:21:45.488+0000] {dagbag.py:588} INFO - Filling up the DagBag from /opt/airflow/dags/dag_with_python_dependency.py
[2025-01-20T19:21:45.502+0000] {processor.py:925} INFO - DAG(s) 'dag_with_python_dependency_1' retrieved from /opt/airflow/dags/dag_with_python_dependency.py
[2025-01-20T19:21:45.524+0000] {logging_mixin.py:190} INFO - [2025-01-20T19:21:45.524+0000] {dag.py:3239} INFO - Sync 1 DAGs
[2025-01-20T19:21:45.547+0000] {logging_mixin.py:190} INFO - [2025-01-20T19:21:45.547+0000] {dag.py:4180} INFO - Setting next_dagrun for dag_with_python_dependency_1 to 2025-01-20 00:00:00+00:00, run_after=2025-01-21 00:00:00+00:00
[2025-01-20T19:21:45.564+0000] {processor.py:208} INFO - Processing /opt/airflow/dags/dag_with_python_dependency.py took 0.085 seconds
[2025-01-20T19:22:16.324+0000] {processor.py:186} INFO - Started process (PID=891) to work on /opt/airflow/dags/dag_with_python_dependency.py
[2025-01-20T19:22:16.325+0000] {processor.py:914} INFO - Processing file /opt/airflow/dags/dag_with_python_dependency.py for tasks to queue
[2025-01-20T19:22:16.327+0000] {logging_mixin.py:190} INFO - [2025-01-20T19:22:16.327+0000] {dagbag.py:588} INFO - Filling up the DagBag from /opt/airflow/dags/dag_with_python_dependency.py
[2025-01-20T19:22:16.340+0000] {processor.py:925} INFO - DAG(s) 'dag_with_python_dependency_1' retrieved from /opt/airflow/dags/dag_with_python_dependency.py
[2025-01-20T19:22:16.360+0000] {logging_mixin.py:190} INFO - [2025-01-20T19:22:16.360+0000] {dag.py:3239} INFO - Sync 1 DAGs
[2025-01-20T19:22:16.379+0000] {logging_mixin.py:190} INFO - [2025-01-20T19:22:16.379+0000] {dag.py:4180} INFO - Setting next_dagrun for dag_with_python_dependency_1 to 2025-01-20 00:00:00+00:00, run_after=2025-01-21 00:00:00+00:00
[2025-01-20T19:22:16.393+0000] {processor.py:208} INFO - Processing /opt/airflow/dags/dag_with_python_dependency.py took 0.073 seconds
[2025-01-20T19:22:47.202+0000] {processor.py:186} INFO - Started process (PID=938) to work on /opt/airflow/dags/dag_with_python_dependency.py
[2025-01-20T19:22:47.203+0000] {processor.py:914} INFO - Processing file /opt/airflow/dags/dag_with_python_dependency.py for tasks to queue
[2025-01-20T19:22:47.206+0000] {logging_mixin.py:190} INFO - [2025-01-20T19:22:47.206+0000] {dagbag.py:588} INFO - Filling up the DagBag from /opt/airflow/dags/dag_with_python_dependency.py
[2025-01-20T19:22:47.221+0000] {processor.py:925} INFO - DAG(s) 'dag_with_python_dependency_1' retrieved from /opt/airflow/dags/dag_with_python_dependency.py
[2025-01-20T19:22:47.248+0000] {logging_mixin.py:190} INFO - [2025-01-20T19:22:47.247+0000] {dag.py:3239} INFO - Sync 1 DAGs
[2025-01-20T19:22:47.272+0000] {logging_mixin.py:190} INFO - [2025-01-20T19:22:47.272+0000] {dag.py:4180} INFO - Setting next_dagrun for dag_with_python_dependency_1 to 2025-01-20 00:00:00+00:00, run_after=2025-01-21 00:00:00+00:00
[2025-01-20T19:22:47.287+0000] {processor.py:208} INFO - Processing /opt/airflow/dags/dag_with_python_dependency.py took 0.089 seconds
[2025-01-20T19:23:17.963+0000] {processor.py:186} INFO - Started process (PID=984) to work on /opt/airflow/dags/dag_with_python_dependency.py
[2025-01-20T19:23:17.963+0000] {processor.py:914} INFO - Processing file /opt/airflow/dags/dag_with_python_dependency.py for tasks to queue
[2025-01-20T19:23:17.965+0000] {logging_mixin.py:190} INFO - [2025-01-20T19:23:17.965+0000] {dagbag.py:588} INFO - Filling up the DagBag from /opt/airflow/dags/dag_with_python_dependency.py
[2025-01-20T19:23:17.980+0000] {processor.py:925} INFO - DAG(s) 'dag_with_python_dependency_1' retrieved from /opt/airflow/dags/dag_with_python_dependency.py
[2025-01-20T19:23:18.004+0000] {logging_mixin.py:190} INFO - [2025-01-20T19:23:18.004+0000] {dag.py:3239} INFO - Sync 1 DAGs
[2025-01-20T19:23:18.026+0000] {logging_mixin.py:190} INFO - [2025-01-20T19:23:18.025+0000] {dag.py:4180} INFO - Setting next_dagrun for dag_with_python_dependency_1 to 2025-01-20 00:00:00+00:00, run_after=2025-01-21 00:00:00+00:00
[2025-01-20T19:23:18.043+0000] {processor.py:208} INFO - Processing /opt/airflow/dags/dag_with_python_dependency.py took 0.086 seconds
[2025-01-20T19:23:48.687+0000] {processor.py:186} INFO - Started process (PID=1030) to work on /opt/airflow/dags/dag_with_python_dependency.py
[2025-01-20T19:23:48.688+0000] {processor.py:914} INFO - Processing file /opt/airflow/dags/dag_with_python_dependency.py for tasks to queue
[2025-01-20T19:23:48.689+0000] {logging_mixin.py:190} INFO - [2025-01-20T19:23:48.689+0000] {dagbag.py:588} INFO - Filling up the DagBag from /opt/airflow/dags/dag_with_python_dependency.py
[2025-01-20T19:23:48.703+0000] {processor.py:925} INFO - DAG(s) 'dag_with_python_dependency_1' retrieved from /opt/airflow/dags/dag_with_python_dependency.py
[2025-01-20T19:23:48.723+0000] {logging_mixin.py:190} INFO - [2025-01-20T19:23:48.723+0000] {dag.py:3239} INFO - Sync 1 DAGs
[2025-01-20T19:23:48.742+0000] {logging_mixin.py:190} INFO - [2025-01-20T19:23:48.742+0000] {dag.py:4180} INFO - Setting next_dagrun for dag_with_python_dependency_1 to 2025-01-20 00:00:00+00:00, run_after=2025-01-21 00:00:00+00:00
[2025-01-20T19:23:48.757+0000] {processor.py:208} INFO - Processing /opt/airflow/dags/dag_with_python_dependency.py took 0.075 seconds
[2025-01-20T19:24:19.431+0000] {processor.py:186} INFO - Started process (PID=1076) to work on /opt/airflow/dags/dag_with_python_dependency.py
[2025-01-20T19:24:19.432+0000] {processor.py:914} INFO - Processing file /opt/airflow/dags/dag_with_python_dependency.py for tasks to queue
[2025-01-20T19:24:19.434+0000] {logging_mixin.py:190} INFO - [2025-01-20T19:24:19.434+0000] {dagbag.py:588} INFO - Filling up the DagBag from /opt/airflow/dags/dag_with_python_dependency.py
[2025-01-20T19:24:19.448+0000] {processor.py:925} INFO - DAG(s) 'dag_with_python_dependency_1' retrieved from /opt/airflow/dags/dag_with_python_dependency.py
[2025-01-20T19:24:19.469+0000] {logging_mixin.py:190} INFO - [2025-01-20T19:24:19.468+0000] {dag.py:3239} INFO - Sync 1 DAGs
[2025-01-20T19:24:19.489+0000] {logging_mixin.py:190} INFO - [2025-01-20T19:24:19.488+0000] {dag.py:4180} INFO - Setting next_dagrun for dag_with_python_dependency_1 to 2025-01-20 00:00:00+00:00, run_after=2025-01-21 00:00:00+00:00
[2025-01-20T19:24:19.505+0000] {processor.py:208} INFO - Processing /opt/airflow/dags/dag_with_python_dependency.py took 0.078 seconds
[2025-01-20T19:24:50.096+0000] {processor.py:186} INFO - Started process (PID=1122) to work on /opt/airflow/dags/dag_with_python_dependency.py
[2025-01-20T19:24:50.097+0000] {processor.py:914} INFO - Processing file /opt/airflow/dags/dag_with_python_dependency.py for tasks to queue
[2025-01-20T19:24:50.099+0000] {logging_mixin.py:190} INFO - [2025-01-20T19:24:50.098+0000] {dagbag.py:588} INFO - Filling up the DagBag from /opt/airflow/dags/dag_with_python_dependency.py
[2025-01-20T19:24:50.112+0000] {processor.py:925} INFO - DAG(s) 'dag_with_python_dependency_1' retrieved from /opt/airflow/dags/dag_with_python_dependency.py
[2025-01-20T19:24:50.131+0000] {logging_mixin.py:190} INFO - [2025-01-20T19:24:50.131+0000] {dag.py:3239} INFO - Sync 1 DAGs
[2025-01-20T19:24:50.150+0000] {logging_mixin.py:190} INFO - [2025-01-20T19:24:50.150+0000] {dag.py:4180} INFO - Setting next_dagrun for dag_with_python_dependency_1 to 2025-01-20 00:00:00+00:00, run_after=2025-01-21 00:00:00+00:00
[2025-01-20T19:24:50.164+0000] {processor.py:208} INFO - Processing /opt/airflow/dags/dag_with_python_dependency.py took 0.073 seconds
[2025-01-20T19:25:20.706+0000] {processor.py:186} INFO - Started process (PID=1168) to work on /opt/airflow/dags/dag_with_python_dependency.py
[2025-01-20T19:25:20.706+0000] {processor.py:914} INFO - Processing file /opt/airflow/dags/dag_with_python_dependency.py for tasks to queue
[2025-01-20T19:25:20.708+0000] {logging_mixin.py:190} INFO - [2025-01-20T19:25:20.708+0000] {dagbag.py:588} INFO - Filling up the DagBag from /opt/airflow/dags/dag_with_python_dependency.py
[2025-01-20T19:25:20.723+0000] {processor.py:925} INFO - DAG(s) 'dag_with_python_dependency_1' retrieved from /opt/airflow/dags/dag_with_python_dependency.py
[2025-01-20T19:25:20.750+0000] {logging_mixin.py:190} INFO - [2025-01-20T19:25:20.749+0000] {dag.py:3239} INFO - Sync 1 DAGs
[2025-01-20T19:25:20.769+0000] {logging_mixin.py:190} INFO - [2025-01-20T19:25:20.768+0000] {dag.py:4180} INFO - Setting next_dagrun for dag_with_python_dependency_1 to 2025-01-20 00:00:00+00:00, run_after=2025-01-21 00:00:00+00:00
[2025-01-20T19:25:20.783+0000] {processor.py:208} INFO - Processing /opt/airflow/dags/dag_with_python_dependency.py took 0.081 seconds
[2025-01-20T19:25:51.314+0000] {processor.py:186} INFO - Started process (PID=1214) to work on /opt/airflow/dags/dag_with_python_dependency.py
[2025-01-20T19:25:51.315+0000] {processor.py:914} INFO - Processing file /opt/airflow/dags/dag_with_python_dependency.py for tasks to queue
[2025-01-20T19:25:51.317+0000] {logging_mixin.py:190} INFO - [2025-01-20T19:25:51.317+0000] {dagbag.py:588} INFO - Filling up the DagBag from /opt/airflow/dags/dag_with_python_dependency.py
[2025-01-20T19:25:51.333+0000] {processor.py:925} INFO - DAG(s) 'dag_with_python_dependency_1' retrieved from /opt/airflow/dags/dag_with_python_dependency.py
[2025-01-20T19:25:51.358+0000] {logging_mixin.py:190} INFO - [2025-01-20T19:25:51.358+0000] {dag.py:3239} INFO - Sync 1 DAGs
[2025-01-20T19:25:51.385+0000] {logging_mixin.py:190} INFO - [2025-01-20T19:25:51.384+0000] {dag.py:4180} INFO - Setting next_dagrun for dag_with_python_dependency_1 to 2025-01-20 00:00:00+00:00, run_after=2025-01-21 00:00:00+00:00
[2025-01-20T19:25:51.403+0000] {processor.py:208} INFO - Processing /opt/airflow/dags/dag_with_python_dependency.py took 0.096 seconds
[2025-01-20T19:26:21.929+0000] {processor.py:186} INFO - Started process (PID=1260) to work on /opt/airflow/dags/dag_with_python_dependency.py
[2025-01-20T19:26:21.929+0000] {processor.py:914} INFO - Processing file /opt/airflow/dags/dag_with_python_dependency.py for tasks to queue
[2025-01-20T19:26:21.931+0000] {logging_mixin.py:190} INFO - [2025-01-20T19:26:21.931+0000] {dagbag.py:588} INFO - Filling up the DagBag from /opt/airflow/dags/dag_with_python_dependency.py
[2025-01-20T19:26:21.945+0000] {processor.py:925} INFO - DAG(s) 'dag_with_python_dependency_1' retrieved from /opt/airflow/dags/dag_with_python_dependency.py
[2025-01-20T19:26:21.965+0000] {logging_mixin.py:190} INFO - [2025-01-20T19:26:21.965+0000] {dag.py:3239} INFO - Sync 1 DAGs
[2025-01-20T19:26:21.983+0000] {logging_mixin.py:190} INFO - [2025-01-20T19:26:21.983+0000] {dag.py:4180} INFO - Setting next_dagrun for dag_with_python_dependency_1 to 2025-01-20 00:00:00+00:00, run_after=2025-01-21 00:00:00+00:00
[2025-01-20T19:26:21.997+0000] {processor.py:208} INFO - Processing /opt/airflow/dags/dag_with_python_dependency.py took 0.073 seconds
