[2025-01-20T13:58:37.730+0000] {processor.py:186} INFO - Started process (PID=200) to work on /opt/airflow/dags/dag_with_cron_expression.py
[2025-01-20T13:58:37.734+0000] {processor.py:914} INFO - Processing file /opt/airflow/dags/dag_with_cron_expression.py for tasks to queue
[2025-01-20T13:58:37.737+0000] {logging_mixin.py:190} INFO - [2025-01-20T13:58:37.737+0000] {dagbag.py:588} INFO - Filling up the DagBag from /opt/airflow/dags/dag_with_cron_expression.py
[2025-01-20T13:58:37.763+0000] {processor.py:925} INFO - DAG(s) 'dag_with_cron_expression_v5' retrieved from /opt/airflow/dags/dag_with_cron_expression.py
[2025-01-20T13:58:37.796+0000] {logging_mixin.py:190} INFO - [2025-01-20T13:58:37.795+0000] {dag.py:3239} INFO - Sync 1 DAGs
[2025-01-20T13:58:37.836+0000] {logging_mixin.py:190} INFO - [2025-01-20T13:58:37.836+0000] {dag.py:4180} INFO - Setting next_dagrun for dag_with_cron_expression_v5 to 2025-01-03 10:00:00+00:00, run_after=2025-01-10 10:00:00+00:00
[2025-01-20T13:58:37.862+0000] {processor.py:208} INFO - Processing /opt/airflow/dags/dag_with_cron_expression.py took 0.139 seconds
[2025-01-20T13:59:35.315+0000] {processor.py:186} INFO - Started process (PID=192) to work on /opt/airflow/dags/dag_with_cron_expression.py
[2025-01-20T13:59:35.316+0000] {processor.py:914} INFO - Processing file /opt/airflow/dags/dag_with_cron_expression.py for tasks to queue
[2025-01-20T13:59:35.317+0000] {logging_mixin.py:190} INFO - [2025-01-20T13:59:35.317+0000] {dagbag.py:588} INFO - Filling up the DagBag from /opt/airflow/dags/dag_with_cron_expression.py
[2025-01-20T13:59:35.331+0000] {processor.py:925} INFO - DAG(s) 'dag_with_cron_expression_v5' retrieved from /opt/airflow/dags/dag_with_cron_expression.py
[2025-01-20T13:59:35.350+0000] {logging_mixin.py:190} INFO - [2025-01-20T13:59:35.350+0000] {dag.py:3239} INFO - Sync 1 DAGs
[2025-01-20T13:59:35.370+0000] {logging_mixin.py:190} INFO - [2025-01-20T13:59:35.370+0000] {dag.py:4180} INFO - Setting next_dagrun for dag_with_cron_expression_v5 to 2025-01-03 10:00:00+00:00, run_after=2025-01-10 10:00:00+00:00
[2025-01-20T13:59:35.383+0000] {processor.py:208} INFO - Processing /opt/airflow/dags/dag_with_cron_expression.py took 0.073 seconds
[2025-01-20T14:00:05.975+0000] {processor.py:186} INFO - Started process (PID=235) to work on /opt/airflow/dags/dag_with_cron_expression.py
[2025-01-20T14:00:05.975+0000] {processor.py:914} INFO - Processing file /opt/airflow/dags/dag_with_cron_expression.py for tasks to queue
[2025-01-20T14:00:05.977+0000] {logging_mixin.py:190} INFO - [2025-01-20T14:00:05.977+0000] {dagbag.py:588} INFO - Filling up the DagBag from /opt/airflow/dags/dag_with_cron_expression.py
[2025-01-20T14:00:05.989+0000] {processor.py:925} INFO - DAG(s) 'dag_with_cron_expression_v5' retrieved from /opt/airflow/dags/dag_with_cron_expression.py
[2025-01-20T14:00:06.008+0000] {logging_mixin.py:190} INFO - [2025-01-20T14:00:06.008+0000] {dag.py:3239} INFO - Sync 1 DAGs
[2025-01-20T14:00:06.025+0000] {logging_mixin.py:190} INFO - [2025-01-20T14:00:06.024+0000] {dag.py:4180} INFO - Setting next_dagrun for dag_with_cron_expression_v5 to 2025-01-03 10:00:00+00:00, run_after=2025-01-10 10:00:00+00:00
[2025-01-20T14:00:06.037+0000] {processor.py:208} INFO - Processing /opt/airflow/dags/dag_with_cron_expression.py took 0.066 seconds
[2025-01-20T14:00:36.651+0000] {processor.py:186} INFO - Started process (PID=276) to work on /opt/airflow/dags/dag_with_cron_expression.py
[2025-01-20T14:00:36.651+0000] {processor.py:914} INFO - Processing file /opt/airflow/dags/dag_with_cron_expression.py for tasks to queue
[2025-01-20T14:00:36.653+0000] {logging_mixin.py:190} INFO - [2025-01-20T14:00:36.653+0000] {dagbag.py:588} INFO - Filling up the DagBag from /opt/airflow/dags/dag_with_cron_expression.py
[2025-01-20T14:00:36.666+0000] {processor.py:925} INFO - DAG(s) 'dag_with_cron_expression_v5' retrieved from /opt/airflow/dags/dag_with_cron_expression.py
[2025-01-20T14:00:36.684+0000] {logging_mixin.py:190} INFO - [2025-01-20T14:00:36.684+0000] {dag.py:3239} INFO - Sync 1 DAGs
[2025-01-20T14:00:36.702+0000] {logging_mixin.py:190} INFO - [2025-01-20T14:00:36.702+0000] {dag.py:4180} INFO - Setting next_dagrun for dag_with_cron_expression_v5 to 2025-01-03 10:00:00+00:00, run_after=2025-01-10 10:00:00+00:00
[2025-01-20T14:00:36.715+0000] {processor.py:208} INFO - Processing /opt/airflow/dags/dag_with_cron_expression.py took 0.069 seconds
[2025-01-20T14:01:07.364+0000] {processor.py:186} INFO - Started process (PID=317) to work on /opt/airflow/dags/dag_with_cron_expression.py
[2025-01-20T14:01:07.365+0000] {processor.py:914} INFO - Processing file /opt/airflow/dags/dag_with_cron_expression.py for tasks to queue
[2025-01-20T14:01:07.367+0000] {logging_mixin.py:190} INFO - [2025-01-20T14:01:07.366+0000] {dagbag.py:588} INFO - Filling up the DagBag from /opt/airflow/dags/dag_with_cron_expression.py
[2025-01-20T14:01:07.380+0000] {processor.py:925} INFO - DAG(s) 'dag_with_cron_expression_v5' retrieved from /opt/airflow/dags/dag_with_cron_expression.py
[2025-01-20T14:01:07.399+0000] {logging_mixin.py:190} INFO - [2025-01-20T14:01:07.399+0000] {dag.py:3239} INFO - Sync 1 DAGs
[2025-01-20T14:01:07.418+0000] {logging_mixin.py:190} INFO - [2025-01-20T14:01:07.418+0000] {dag.py:4180} INFO - Setting next_dagrun for dag_with_cron_expression_v5 to 2025-01-03 10:00:00+00:00, run_after=2025-01-10 10:00:00+00:00
[2025-01-20T14:01:07.433+0000] {processor.py:208} INFO - Processing /opt/airflow/dags/dag_with_cron_expression.py took 0.073 seconds
[2025-01-20T14:01:37.951+0000] {processor.py:186} INFO - Started process (PID=358) to work on /opt/airflow/dags/dag_with_cron_expression.py
[2025-01-20T14:01:37.952+0000] {processor.py:914} INFO - Processing file /opt/airflow/dags/dag_with_cron_expression.py for tasks to queue
[2025-01-20T14:01:37.953+0000] {logging_mixin.py:190} INFO - [2025-01-20T14:01:37.953+0000] {dagbag.py:588} INFO - Filling up the DagBag from /opt/airflow/dags/dag_with_cron_expression.py
[2025-01-20T14:01:37.967+0000] {processor.py:925} INFO - DAG(s) 'dag_with_cron_expression_v5' retrieved from /opt/airflow/dags/dag_with_cron_expression.py
[2025-01-20T14:01:37.989+0000] {logging_mixin.py:190} INFO - [2025-01-20T14:01:37.988+0000] {dag.py:3239} INFO - Sync 1 DAGs
[2025-01-20T14:01:38.008+0000] {logging_mixin.py:190} INFO - [2025-01-20T14:01:38.008+0000] {dag.py:4180} INFO - Setting next_dagrun for dag_with_cron_expression_v5 to 2025-01-03 10:00:00+00:00, run_after=2025-01-10 10:00:00+00:00
[2025-01-20T14:01:38.022+0000] {processor.py:208} INFO - Processing /opt/airflow/dags/dag_with_cron_expression.py took 0.075 seconds
[2025-01-20T14:02:08.651+0000] {processor.py:186} INFO - Started process (PID=405) to work on /opt/airflow/dags/dag_with_cron_expression.py
[2025-01-20T14:02:08.651+0000] {processor.py:914} INFO - Processing file /opt/airflow/dags/dag_with_cron_expression.py for tasks to queue
[2025-01-20T14:02:08.653+0000] {logging_mixin.py:190} INFO - [2025-01-20T14:02:08.653+0000] {dagbag.py:588} INFO - Filling up the DagBag from /opt/airflow/dags/dag_with_cron_expression.py
[2025-01-20T14:02:08.666+0000] {processor.py:925} INFO - DAG(s) 'dag_with_cron_expression_v5' retrieved from /opt/airflow/dags/dag_with_cron_expression.py
[2025-01-20T14:02:08.685+0000] {logging_mixin.py:190} INFO - [2025-01-20T14:02:08.685+0000] {dag.py:3239} INFO - Sync 1 DAGs
[2025-01-20T14:02:08.704+0000] {logging_mixin.py:190} INFO - [2025-01-20T14:02:08.704+0000] {dag.py:4180} INFO - Setting next_dagrun for dag_with_cron_expression_v5 to 2025-01-03 10:00:00+00:00, run_after=2025-01-10 10:00:00+00:00
[2025-01-20T14:02:08.720+0000] {processor.py:208} INFO - Processing /opt/airflow/dags/dag_with_cron_expression.py took 0.073 seconds
[2025-01-20T14:02:39.251+0000] {processor.py:186} INFO - Started process (PID=446) to work on /opt/airflow/dags/dag_with_cron_expression.py
[2025-01-20T14:02:39.252+0000] {processor.py:914} INFO - Processing file /opt/airflow/dags/dag_with_cron_expression.py for tasks to queue
[2025-01-20T14:02:39.254+0000] {logging_mixin.py:190} INFO - [2025-01-20T14:02:39.254+0000] {dagbag.py:588} INFO - Filling up the DagBag from /opt/airflow/dags/dag_with_cron_expression.py
[2025-01-20T14:02:39.268+0000] {processor.py:925} INFO - DAG(s) 'dag_with_cron_expression_v5' retrieved from /opt/airflow/dags/dag_with_cron_expression.py
[2025-01-20T14:02:39.287+0000] {logging_mixin.py:190} INFO - [2025-01-20T14:02:39.287+0000] {dag.py:3239} INFO - Sync 1 DAGs
[2025-01-20T14:02:39.305+0000] {logging_mixin.py:190} INFO - [2025-01-20T14:02:39.305+0000] {dag.py:4180} INFO - Setting next_dagrun for dag_with_cron_expression_v5 to 2025-01-03 10:00:00+00:00, run_after=2025-01-10 10:00:00+00:00
[2025-01-20T14:02:39.318+0000] {processor.py:208} INFO - Processing /opt/airflow/dags/dag_with_cron_expression.py took 0.071 seconds
[2025-01-20T14:03:09.941+0000] {processor.py:186} INFO - Started process (PID=487) to work on /opt/airflow/dags/dag_with_cron_expression.py
[2025-01-20T14:03:09.942+0000] {processor.py:914} INFO - Processing file /opt/airflow/dags/dag_with_cron_expression.py for tasks to queue
[2025-01-20T14:03:09.943+0000] {logging_mixin.py:190} INFO - [2025-01-20T14:03:09.943+0000] {dagbag.py:588} INFO - Filling up the DagBag from /opt/airflow/dags/dag_with_cron_expression.py
[2025-01-20T14:03:09.957+0000] {processor.py:925} INFO - DAG(s) 'dag_with_cron_expression_v5' retrieved from /opt/airflow/dags/dag_with_cron_expression.py
[2025-01-20T14:03:09.976+0000] {logging_mixin.py:190} INFO - [2025-01-20T14:03:09.976+0000] {dag.py:3239} INFO - Sync 1 DAGs
[2025-01-20T14:03:09.995+0000] {logging_mixin.py:190} INFO - [2025-01-20T14:03:09.994+0000] {dag.py:4180} INFO - Setting next_dagrun for dag_with_cron_expression_v5 to 2025-01-03 10:00:00+00:00, run_after=2025-01-10 10:00:00+00:00
[2025-01-20T14:03:10.009+0000] {processor.py:208} INFO - Processing /opt/airflow/dags/dag_with_cron_expression.py took 0.072 seconds
[2025-01-20T14:03:40.530+0000] {processor.py:186} INFO - Started process (PID=528) to work on /opt/airflow/dags/dag_with_cron_expression.py
[2025-01-20T14:03:40.530+0000] {processor.py:914} INFO - Processing file /opt/airflow/dags/dag_with_cron_expression.py for tasks to queue
[2025-01-20T14:03:40.532+0000] {logging_mixin.py:190} INFO - [2025-01-20T14:03:40.532+0000] {dagbag.py:588} INFO - Filling up the DagBag from /opt/airflow/dags/dag_with_cron_expression.py
[2025-01-20T14:03:40.546+0000] {processor.py:925} INFO - DAG(s) 'dag_with_cron_expression_v5' retrieved from /opt/airflow/dags/dag_with_cron_expression.py
[2025-01-20T14:03:40.567+0000] {logging_mixin.py:190} INFO - [2025-01-20T14:03:40.567+0000] {dag.py:3239} INFO - Sync 1 DAGs
[2025-01-20T14:03:40.585+0000] {logging_mixin.py:190} INFO - [2025-01-20T14:03:40.585+0000] {dag.py:4180} INFO - Setting next_dagrun for dag_with_cron_expression_v5 to 2025-01-03 10:00:00+00:00, run_after=2025-01-10 10:00:00+00:00
[2025-01-20T14:03:40.598+0000] {processor.py:208} INFO - Processing /opt/airflow/dags/dag_with_cron_expression.py took 0.073 seconds
[2025-01-20T14:04:11.348+0000] {processor.py:186} INFO - Started process (PID=569) to work on /opt/airflow/dags/dag_with_cron_expression.py
[2025-01-20T14:04:11.349+0000] {processor.py:914} INFO - Processing file /opt/airflow/dags/dag_with_cron_expression.py for tasks to queue
[2025-01-20T14:04:11.351+0000] {logging_mixin.py:190} INFO - [2025-01-20T14:04:11.350+0000] {dagbag.py:588} INFO - Filling up the DagBag from /opt/airflow/dags/dag_with_cron_expression.py
[2025-01-20T14:04:11.364+0000] {processor.py:925} INFO - DAG(s) 'dag_with_cron_expression_v5' retrieved from /opt/airflow/dags/dag_with_cron_expression.py
[2025-01-20T14:04:11.383+0000] {logging_mixin.py:190} INFO - [2025-01-20T14:04:11.383+0000] {dag.py:3239} INFO - Sync 1 DAGs
[2025-01-20T14:04:11.402+0000] {logging_mixin.py:190} INFO - [2025-01-20T14:04:11.402+0000] {dag.py:4180} INFO - Setting next_dagrun for dag_with_cron_expression_v5 to 2025-01-03 10:00:00+00:00, run_after=2025-01-10 10:00:00+00:00
[2025-01-20T14:04:11.553+0000] {processor.py:208} INFO - Processing /opt/airflow/dags/dag_with_cron_expression.py took 0.210 seconds
[2025-01-20T14:04:41.642+0000] {processor.py:186} INFO - Started process (PID=610) to work on /opt/airflow/dags/dag_with_cron_expression.py
[2025-01-20T14:04:41.643+0000] {processor.py:914} INFO - Processing file /opt/airflow/dags/dag_with_cron_expression.py for tasks to queue
[2025-01-20T14:04:41.645+0000] {logging_mixin.py:190} INFO - [2025-01-20T14:04:41.644+0000] {dagbag.py:588} INFO - Filling up the DagBag from /opt/airflow/dags/dag_with_cron_expression.py
[2025-01-20T14:04:41.658+0000] {processor.py:925} INFO - DAG(s) 'dag_with_cron_expression_v5' retrieved from /opt/airflow/dags/dag_with_cron_expression.py
[2025-01-20T14:04:41.678+0000] {logging_mixin.py:190} INFO - [2025-01-20T14:04:41.678+0000] {dag.py:3239} INFO - Sync 1 DAGs
[2025-01-20T14:04:41.839+0000] {logging_mixin.py:190} INFO - [2025-01-20T14:04:41.839+0000] {dag.py:4180} INFO - Setting next_dagrun for dag_with_cron_expression_v5 to 2025-01-03 10:00:00+00:00, run_after=2025-01-10 10:00:00+00:00
[2025-01-20T14:04:41.852+0000] {processor.py:208} INFO - Processing /opt/airflow/dags/dag_with_cron_expression.py took 0.215 seconds
[2025-01-20T14:05:12.122+0000] {processor.py:186} INFO - Started process (PID=651) to work on /opt/airflow/dags/dag_with_cron_expression.py
[2025-01-20T14:05:12.122+0000] {processor.py:914} INFO - Processing file /opt/airflow/dags/dag_with_cron_expression.py for tasks to queue
[2025-01-20T14:05:12.124+0000] {logging_mixin.py:190} INFO - [2025-01-20T14:05:12.124+0000] {dagbag.py:588} INFO - Filling up the DagBag from /opt/airflow/dags/dag_with_cron_expression.py
[2025-01-20T14:05:12.137+0000] {processor.py:925} INFO - DAG(s) 'dag_with_cron_expression_v5' retrieved from /opt/airflow/dags/dag_with_cron_expression.py
[2025-01-20T14:05:12.157+0000] {logging_mixin.py:190} INFO - [2025-01-20T14:05:12.156+0000] {dag.py:3239} INFO - Sync 1 DAGs
[2025-01-20T14:05:12.296+0000] {logging_mixin.py:190} INFO - [2025-01-20T14:05:12.296+0000] {dag.py:4180} INFO - Setting next_dagrun for dag_with_cron_expression_v5 to 2025-01-03 10:00:00+00:00, run_after=2025-01-10 10:00:00+00:00
[2025-01-20T14:05:12.309+0000] {processor.py:208} INFO - Processing /opt/airflow/dags/dag_with_cron_expression.py took 0.192 seconds
[2025-01-20T14:05:42.366+0000] {processor.py:186} INFO - Started process (PID=692) to work on /opt/airflow/dags/dag_with_cron_expression.py
[2025-01-20T14:05:42.367+0000] {processor.py:914} INFO - Processing file /opt/airflow/dags/dag_with_cron_expression.py for tasks to queue
[2025-01-20T14:05:42.369+0000] {logging_mixin.py:190} INFO - [2025-01-20T14:05:42.368+0000] {dagbag.py:588} INFO - Filling up the DagBag from /opt/airflow/dags/dag_with_cron_expression.py
[2025-01-20T14:05:42.382+0000] {processor.py:925} INFO - DAG(s) 'dag_with_cron_expression_v5' retrieved from /opt/airflow/dags/dag_with_cron_expression.py
[2025-01-20T14:05:42.535+0000] {logging_mixin.py:190} INFO - [2025-01-20T14:05:42.535+0000] {dag.py:3239} INFO - Sync 1 DAGs
[2025-01-20T14:05:42.552+0000] {logging_mixin.py:190} INFO - [2025-01-20T14:05:42.552+0000] {dag.py:4180} INFO - Setting next_dagrun for dag_with_cron_expression_v5 to 2025-01-03 10:00:00+00:00, run_after=2025-01-10 10:00:00+00:00
[2025-01-20T14:05:42.565+0000] {processor.py:208} INFO - Processing /opt/airflow/dags/dag_with_cron_expression.py took 0.203 seconds
[2025-01-20T14:06:13.418+0000] {processor.py:186} INFO - Started process (PID=733) to work on /opt/airflow/dags/dag_with_cron_expression.py
[2025-01-20T14:06:13.419+0000] {processor.py:914} INFO - Processing file /opt/airflow/dags/dag_with_cron_expression.py for tasks to queue
[2025-01-20T14:06:13.420+0000] {logging_mixin.py:190} INFO - [2025-01-20T14:06:13.420+0000] {dagbag.py:588} INFO - Filling up the DagBag from /opt/airflow/dags/dag_with_cron_expression.py
[2025-01-20T14:06:13.434+0000] {processor.py:925} INFO - DAG(s) 'dag_with_cron_expression_v5' retrieved from /opt/airflow/dags/dag_with_cron_expression.py
[2025-01-20T14:06:13.453+0000] {logging_mixin.py:190} INFO - [2025-01-20T14:06:13.453+0000] {dag.py:3239} INFO - Sync 1 DAGs
[2025-01-20T14:06:13.470+0000] {logging_mixin.py:190} INFO - [2025-01-20T14:06:13.470+0000] {dag.py:4180} INFO - Setting next_dagrun for dag_with_cron_expression_v5 to 2025-01-03 10:00:00+00:00, run_after=2025-01-10 10:00:00+00:00
[2025-01-20T14:06:13.490+0000] {processor.py:208} INFO - Processing /opt/airflow/dags/dag_with_cron_expression.py took 0.077 seconds
[2025-01-20T14:06:43.979+0000] {processor.py:186} INFO - Started process (PID=774) to work on /opt/airflow/dags/dag_with_cron_expression.py
[2025-01-20T14:06:43.980+0000] {processor.py:914} INFO - Processing file /opt/airflow/dags/dag_with_cron_expression.py for tasks to queue
[2025-01-20T14:06:43.982+0000] {logging_mixin.py:190} INFO - [2025-01-20T14:06:43.981+0000] {dagbag.py:588} INFO - Filling up the DagBag from /opt/airflow/dags/dag_with_cron_expression.py
[2025-01-20T14:06:43.996+0000] {processor.py:925} INFO - DAG(s) 'dag_with_cron_expression_v5' retrieved from /opt/airflow/dags/dag_with_cron_expression.py
[2025-01-20T14:06:44.016+0000] {logging_mixin.py:190} INFO - [2025-01-20T14:06:44.016+0000] {dag.py:3239} INFO - Sync 1 DAGs
[2025-01-20T14:06:44.036+0000] {logging_mixin.py:190} INFO - [2025-01-20T14:06:44.036+0000] {dag.py:4180} INFO - Setting next_dagrun for dag_with_cron_expression_v5 to 2025-01-03 10:00:00+00:00, run_after=2025-01-10 10:00:00+00:00
[2025-01-20T14:06:44.052+0000] {processor.py:208} INFO - Processing /opt/airflow/dags/dag_with_cron_expression.py took 0.078 seconds
[2025-01-20T14:07:14.542+0000] {processor.py:186} INFO - Started process (PID=815) to work on /opt/airflow/dags/dag_with_cron_expression.py
[2025-01-20T14:07:14.543+0000] {processor.py:914} INFO - Processing file /opt/airflow/dags/dag_with_cron_expression.py for tasks to queue
[2025-01-20T14:07:14.545+0000] {logging_mixin.py:190} INFO - [2025-01-20T14:07:14.544+0000] {dagbag.py:588} INFO - Filling up the DagBag from /opt/airflow/dags/dag_with_cron_expression.py
[2025-01-20T14:07:14.558+0000] {processor.py:925} INFO - DAG(s) 'dag_with_cron_expression_v5' retrieved from /opt/airflow/dags/dag_with_cron_expression.py
[2025-01-20T14:07:14.578+0000] {logging_mixin.py:190} INFO - [2025-01-20T14:07:14.578+0000] {dag.py:3239} INFO - Sync 1 DAGs
[2025-01-20T14:07:14.597+0000] {logging_mixin.py:190} INFO - [2025-01-20T14:07:14.596+0000] {dag.py:4180} INFO - Setting next_dagrun for dag_with_cron_expression_v5 to 2025-01-03 10:00:00+00:00, run_after=2025-01-10 10:00:00+00:00
[2025-01-20T14:07:14.617+0000] {processor.py:208} INFO - Processing /opt/airflow/dags/dag_with_cron_expression.py took 0.080 seconds
[2025-01-20T14:07:45.134+0000] {processor.py:186} INFO - Started process (PID=856) to work on /opt/airflow/dags/dag_with_cron_expression.py
[2025-01-20T14:07:45.135+0000] {processor.py:914} INFO - Processing file /opt/airflow/dags/dag_with_cron_expression.py for tasks to queue
[2025-01-20T14:07:45.138+0000] {logging_mixin.py:190} INFO - [2025-01-20T14:07:45.137+0000] {dagbag.py:588} INFO - Filling up the DagBag from /opt/airflow/dags/dag_with_cron_expression.py
[2025-01-20T14:07:45.156+0000] {processor.py:925} INFO - DAG(s) 'dag_with_cron_expression_v5' retrieved from /opt/airflow/dags/dag_with_cron_expression.py
[2025-01-20T14:07:45.186+0000] {logging_mixin.py:190} INFO - [2025-01-20T14:07:45.186+0000] {dag.py:3239} INFO - Sync 1 DAGs
[2025-01-20T14:07:45.219+0000] {logging_mixin.py:190} INFO - [2025-01-20T14:07:45.219+0000] {dag.py:4180} INFO - Setting next_dagrun for dag_with_cron_expression_v5 to 2025-01-03 10:00:00+00:00, run_after=2025-01-10 10:00:00+00:00
[2025-01-20T14:07:45.238+0000] {processor.py:208} INFO - Processing /opt/airflow/dags/dag_with_cron_expression.py took 0.109 seconds
[2025-01-20T14:08:15.617+0000] {processor.py:186} INFO - Started process (PID=897) to work on /opt/airflow/dags/dag_with_cron_expression.py
[2025-01-20T14:08:15.617+0000] {processor.py:914} INFO - Processing file /opt/airflow/dags/dag_with_cron_expression.py for tasks to queue
[2025-01-20T14:08:15.619+0000] {logging_mixin.py:190} INFO - [2025-01-20T14:08:15.619+0000] {dagbag.py:588} INFO - Filling up the DagBag from /opt/airflow/dags/dag_with_cron_expression.py
[2025-01-20T14:08:15.633+0000] {processor.py:925} INFO - DAG(s) 'dag_with_cron_expression_v5' retrieved from /opt/airflow/dags/dag_with_cron_expression.py
[2025-01-20T14:08:15.653+0000] {logging_mixin.py:190} INFO - [2025-01-20T14:08:15.652+0000] {dag.py:3239} INFO - Sync 1 DAGs
[2025-01-20T14:08:15.672+0000] {logging_mixin.py:190} INFO - [2025-01-20T14:08:15.671+0000] {dag.py:4180} INFO - Setting next_dagrun for dag_with_cron_expression_v5 to 2025-01-03 10:00:00+00:00, run_after=2025-01-10 10:00:00+00:00
[2025-01-20T14:08:15.685+0000] {processor.py:208} INFO - Processing /opt/airflow/dags/dag_with_cron_expression.py took 0.074 seconds
[2025-01-20T14:08:46.134+0000] {processor.py:186} INFO - Started process (PID=938) to work on /opt/airflow/dags/dag_with_cron_expression.py
[2025-01-20T14:08:46.135+0000] {processor.py:914} INFO - Processing file /opt/airflow/dags/dag_with_cron_expression.py for tasks to queue
[2025-01-20T14:08:46.137+0000] {logging_mixin.py:190} INFO - [2025-01-20T14:08:46.137+0000] {dagbag.py:588} INFO - Filling up the DagBag from /opt/airflow/dags/dag_with_cron_expression.py
[2025-01-20T14:08:46.151+0000] {processor.py:925} INFO - DAG(s) 'dag_with_cron_expression_v5' retrieved from /opt/airflow/dags/dag_with_cron_expression.py
[2025-01-20T14:08:46.171+0000] {logging_mixin.py:190} INFO - [2025-01-20T14:08:46.171+0000] {dag.py:3239} INFO - Sync 1 DAGs
[2025-01-20T14:08:46.190+0000] {logging_mixin.py:190} INFO - [2025-01-20T14:08:46.189+0000] {dag.py:4180} INFO - Setting next_dagrun for dag_with_cron_expression_v5 to 2025-01-03 10:00:00+00:00, run_after=2025-01-10 10:00:00+00:00
[2025-01-20T14:08:46.204+0000] {processor.py:208} INFO - Processing /opt/airflow/dags/dag_with_cron_expression.py took 0.074 seconds
[2025-01-20T14:09:16.642+0000] {processor.py:186} INFO - Started process (PID=979) to work on /opt/airflow/dags/dag_with_cron_expression.py
[2025-01-20T14:09:16.643+0000] {processor.py:914} INFO - Processing file /opt/airflow/dags/dag_with_cron_expression.py for tasks to queue
[2025-01-20T14:09:16.645+0000] {logging_mixin.py:190} INFO - [2025-01-20T14:09:16.645+0000] {dagbag.py:588} INFO - Filling up the DagBag from /opt/airflow/dags/dag_with_cron_expression.py
[2025-01-20T14:09:16.658+0000] {processor.py:925} INFO - DAG(s) 'dag_with_cron_expression_v5' retrieved from /opt/airflow/dags/dag_with_cron_expression.py
[2025-01-20T14:09:16.679+0000] {logging_mixin.py:190} INFO - [2025-01-20T14:09:16.678+0000] {dag.py:3239} INFO - Sync 1 DAGs
[2025-01-20T14:09:16.697+0000] {logging_mixin.py:190} INFO - [2025-01-20T14:09:16.697+0000] {dag.py:4180} INFO - Setting next_dagrun for dag_with_cron_expression_v5 to 2025-01-03 10:00:00+00:00, run_after=2025-01-10 10:00:00+00:00
[2025-01-20T14:09:16.712+0000] {processor.py:208} INFO - Processing /opt/airflow/dags/dag_with_cron_expression.py took 0.075 seconds
[2025-01-20T14:09:47.239+0000] {processor.py:186} INFO - Started process (PID=1020) to work on /opt/airflow/dags/dag_with_cron_expression.py
[2025-01-20T14:09:47.240+0000] {processor.py:914} INFO - Processing file /opt/airflow/dags/dag_with_cron_expression.py for tasks to queue
[2025-01-20T14:09:47.241+0000] {logging_mixin.py:190} INFO - [2025-01-20T14:09:47.241+0000] {dagbag.py:588} INFO - Filling up the DagBag from /opt/airflow/dags/dag_with_cron_expression.py
[2025-01-20T14:09:47.256+0000] {processor.py:925} INFO - DAG(s) 'dag_with_cron_expression_v5' retrieved from /opt/airflow/dags/dag_with_cron_expression.py
[2025-01-20T14:09:47.276+0000] {logging_mixin.py:190} INFO - [2025-01-20T14:09:47.276+0000] {dag.py:3239} INFO - Sync 1 DAGs
[2025-01-20T14:09:47.300+0000] {logging_mixin.py:190} INFO - [2025-01-20T14:09:47.300+0000] {dag.py:4180} INFO - Setting next_dagrun for dag_with_cron_expression_v5 to 2025-01-03 10:00:00+00:00, run_after=2025-01-10 10:00:00+00:00
[2025-01-20T14:09:47.318+0000] {processor.py:208} INFO - Processing /opt/airflow/dags/dag_with_cron_expression.py took 0.084 seconds
[2025-01-20T14:10:17.769+0000] {processor.py:186} INFO - Started process (PID=1061) to work on /opt/airflow/dags/dag_with_cron_expression.py
[2025-01-20T14:10:17.770+0000] {processor.py:914} INFO - Processing file /opt/airflow/dags/dag_with_cron_expression.py for tasks to queue
[2025-01-20T14:10:17.773+0000] {logging_mixin.py:190} INFO - [2025-01-20T14:10:17.773+0000] {dagbag.py:588} INFO - Filling up the DagBag from /opt/airflow/dags/dag_with_cron_expression.py
[2025-01-20T14:10:17.788+0000] {processor.py:925} INFO - DAG(s) 'dag_with_cron_expression_v5' retrieved from /opt/airflow/dags/dag_with_cron_expression.py
[2025-01-20T14:10:17.810+0000] {logging_mixin.py:190} INFO - [2025-01-20T14:10:17.810+0000] {dag.py:3239} INFO - Sync 1 DAGs
[2025-01-20T14:10:17.830+0000] {logging_mixin.py:190} INFO - [2025-01-20T14:10:17.830+0000] {dag.py:4180} INFO - Setting next_dagrun for dag_with_cron_expression_v5 to 2025-01-03 10:00:00+00:00, run_after=2025-01-10 10:00:00+00:00
[2025-01-20T14:10:17.851+0000] {processor.py:208} INFO - Processing /opt/airflow/dags/dag_with_cron_expression.py took 0.087 seconds
[2025-01-20T14:10:48.296+0000] {processor.py:186} INFO - Started process (PID=1102) to work on /opt/airflow/dags/dag_with_cron_expression.py
[2025-01-20T14:10:48.297+0000] {processor.py:914} INFO - Processing file /opt/airflow/dags/dag_with_cron_expression.py for tasks to queue
[2025-01-20T14:10:48.299+0000] {logging_mixin.py:190} INFO - [2025-01-20T14:10:48.299+0000] {dagbag.py:588} INFO - Filling up the DagBag from /opt/airflow/dags/dag_with_cron_expression.py
[2025-01-20T14:10:48.313+0000] {processor.py:925} INFO - DAG(s) 'dag_with_cron_expression_v5' retrieved from /opt/airflow/dags/dag_with_cron_expression.py
[2025-01-20T14:10:48.332+0000] {logging_mixin.py:190} INFO - [2025-01-20T14:10:48.332+0000] {dag.py:3239} INFO - Sync 1 DAGs
[2025-01-20T14:10:48.351+0000] {logging_mixin.py:190} INFO - [2025-01-20T14:10:48.351+0000] {dag.py:4180} INFO - Setting next_dagrun for dag_with_cron_expression_v5 to 2025-01-03 10:00:00+00:00, run_after=2025-01-10 10:00:00+00:00
[2025-01-20T14:10:48.373+0000] {processor.py:208} INFO - Processing /opt/airflow/dags/dag_with_cron_expression.py took 0.082 seconds
[2025-01-20T14:11:18.785+0000] {processor.py:186} INFO - Started process (PID=1143) to work on /opt/airflow/dags/dag_with_cron_expression.py
[2025-01-20T14:11:18.785+0000] {processor.py:914} INFO - Processing file /opt/airflow/dags/dag_with_cron_expression.py for tasks to queue
[2025-01-20T14:11:18.787+0000] {logging_mixin.py:190} INFO - [2025-01-20T14:11:18.787+0000] {dagbag.py:588} INFO - Filling up the DagBag from /opt/airflow/dags/dag_with_cron_expression.py
[2025-01-20T14:11:18.802+0000] {processor.py:925} INFO - DAG(s) 'dag_with_cron_expression_v5' retrieved from /opt/airflow/dags/dag_with_cron_expression.py
[2025-01-20T14:11:18.821+0000] {logging_mixin.py:190} INFO - [2025-01-20T14:11:18.820+0000] {dag.py:3239} INFO - Sync 1 DAGs
[2025-01-20T14:11:18.839+0000] {logging_mixin.py:190} INFO - [2025-01-20T14:11:18.839+0000] {dag.py:4180} INFO - Setting next_dagrun for dag_with_cron_expression_v5 to 2025-01-03 10:00:00+00:00, run_after=2025-01-10 10:00:00+00:00
[2025-01-20T14:11:18.853+0000] {processor.py:208} INFO - Processing /opt/airflow/dags/dag_with_cron_expression.py took 0.073 seconds
[2025-01-20T14:11:49.289+0000] {processor.py:186} INFO - Started process (PID=1184) to work on /opt/airflow/dags/dag_with_cron_expression.py
[2025-01-20T14:11:49.290+0000] {processor.py:914} INFO - Processing file /opt/airflow/dags/dag_with_cron_expression.py for tasks to queue
[2025-01-20T14:11:49.292+0000] {logging_mixin.py:190} INFO - [2025-01-20T14:11:49.291+0000] {dagbag.py:588} INFO - Filling up the DagBag from /opt/airflow/dags/dag_with_cron_expression.py
[2025-01-20T14:11:49.305+0000] {processor.py:925} INFO - DAG(s) 'dag_with_cron_expression_v5' retrieved from /opt/airflow/dags/dag_with_cron_expression.py
[2025-01-20T14:11:49.325+0000] {logging_mixin.py:190} INFO - [2025-01-20T14:11:49.325+0000] {dag.py:3239} INFO - Sync 1 DAGs
[2025-01-20T14:11:49.343+0000] {logging_mixin.py:190} INFO - [2025-01-20T14:11:49.343+0000] {dag.py:4180} INFO - Setting next_dagrun for dag_with_cron_expression_v5 to 2025-01-03 10:00:00+00:00, run_after=2025-01-10 10:00:00+00:00
[2025-01-20T14:11:49.358+0000] {processor.py:208} INFO - Processing /opt/airflow/dags/dag_with_cron_expression.py took 0.073 seconds
[2025-01-20T19:14:05.006+0000] {processor.py:186} INFO - Started process (PID=192) to work on /opt/airflow/dags/dag_with_cron_expression.py
[2025-01-20T19:14:05.007+0000] {processor.py:914} INFO - Processing file /opt/airflow/dags/dag_with_cron_expression.py for tasks to queue
[2025-01-20T19:14:05.009+0000] {logging_mixin.py:190} INFO - [2025-01-20T19:14:05.009+0000] {dagbag.py:588} INFO - Filling up the DagBag from /opt/airflow/dags/dag_with_cron_expression.py
[2025-01-20T19:14:05.025+0000] {processor.py:925} INFO - DAG(s) 'dag_with_cron_expression_v5' retrieved from /opt/airflow/dags/dag_with_cron_expression.py
[2025-01-20T19:14:05.045+0000] {logging_mixin.py:190} INFO - [2025-01-20T19:14:05.045+0000] {dag.py:3239} INFO - Sync 1 DAGs
[2025-01-20T19:14:05.063+0000] {logging_mixin.py:190} INFO - [2025-01-20T19:14:05.063+0000] {dag.py:4180} INFO - Setting next_dagrun for dag_with_cron_expression_v5 to 2025-01-03 10:00:00+00:00, run_after=2025-01-10 10:00:00+00:00
[2025-01-20T19:14:05.079+0000] {processor.py:208} INFO - Processing /opt/airflow/dags/dag_with_cron_expression.py took 0.077 seconds
[2025-01-20T19:14:35.750+0000] {processor.py:186} INFO - Started process (PID=235) to work on /opt/airflow/dags/dag_with_cron_expression.py
[2025-01-20T19:14:35.760+0000] {processor.py:914} INFO - Processing file /opt/airflow/dags/dag_with_cron_expression.py for tasks to queue
[2025-01-20T19:14:35.763+0000] {logging_mixin.py:190} INFO - [2025-01-20T19:14:35.762+0000] {dagbag.py:588} INFO - Filling up the DagBag from /opt/airflow/dags/dag_with_cron_expression.py
[2025-01-20T19:14:35.779+0000] {processor.py:925} INFO - DAG(s) 'dag_with_cron_expression_v5' retrieved from /opt/airflow/dags/dag_with_cron_expression.py
[2025-01-20T19:14:35.800+0000] {logging_mixin.py:190} INFO - [2025-01-20T19:14:35.800+0000] {dag.py:3239} INFO - Sync 1 DAGs
[2025-01-20T19:14:35.819+0000] {logging_mixin.py:190} INFO - [2025-01-20T19:14:35.819+0000] {dag.py:4180} INFO - Setting next_dagrun for dag_with_cron_expression_v5 to 2025-01-03 10:00:00+00:00, run_after=2025-01-10 10:00:00+00:00
[2025-01-20T19:14:35.834+0000] {processor.py:208} INFO - Processing /opt/airflow/dags/dag_with_cron_expression.py took 0.088 seconds
[2025-01-20T19:15:06.569+0000] {processor.py:186} INFO - Started process (PID=276) to work on /opt/airflow/dags/dag_with_cron_expression.py
[2025-01-20T19:15:06.569+0000] {processor.py:914} INFO - Processing file /opt/airflow/dags/dag_with_cron_expression.py for tasks to queue
[2025-01-20T19:15:06.571+0000] {logging_mixin.py:190} INFO - [2025-01-20T19:15:06.571+0000] {dagbag.py:588} INFO - Filling up the DagBag from /opt/airflow/dags/dag_with_cron_expression.py
[2025-01-20T19:15:06.586+0000] {processor.py:925} INFO - DAG(s) 'dag_with_cron_expression_v5' retrieved from /opt/airflow/dags/dag_with_cron_expression.py
[2025-01-20T19:15:06.606+0000] {logging_mixin.py:190} INFO - [2025-01-20T19:15:06.606+0000] {dag.py:3239} INFO - Sync 1 DAGs
[2025-01-20T19:15:06.624+0000] {logging_mixin.py:190} INFO - [2025-01-20T19:15:06.624+0000] {dag.py:4180} INFO - Setting next_dagrun for dag_with_cron_expression_v5 to 2025-01-03 10:00:00+00:00, run_after=2025-01-10 10:00:00+00:00
[2025-01-20T19:15:06.640+0000] {processor.py:208} INFO - Processing /opt/airflow/dags/dag_with_cron_expression.py took 0.076 seconds
[2025-01-20T19:15:37.302+0000] {processor.py:186} INFO - Started process (PID=317) to work on /opt/airflow/dags/dag_with_cron_expression.py
[2025-01-20T19:15:37.303+0000] {processor.py:914} INFO - Processing file /opt/airflow/dags/dag_with_cron_expression.py for tasks to queue
[2025-01-20T19:15:37.305+0000] {logging_mixin.py:190} INFO - [2025-01-20T19:15:37.304+0000] {dagbag.py:588} INFO - Filling up the DagBag from /opt/airflow/dags/dag_with_cron_expression.py
[2025-01-20T19:15:37.318+0000] {processor.py:925} INFO - DAG(s) 'dag_with_cron_expression_v5' retrieved from /opt/airflow/dags/dag_with_cron_expression.py
[2025-01-20T19:15:37.336+0000] {logging_mixin.py:190} INFO - [2025-01-20T19:15:37.336+0000] {dag.py:3239} INFO - Sync 1 DAGs
[2025-01-20T19:15:37.354+0000] {logging_mixin.py:190} INFO - [2025-01-20T19:15:37.354+0000] {dag.py:4180} INFO - Setting next_dagrun for dag_with_cron_expression_v5 to 2025-01-03 10:00:00+00:00, run_after=2025-01-10 10:00:00+00:00
[2025-01-20T19:15:37.369+0000] {processor.py:208} INFO - Processing /opt/airflow/dags/dag_with_cron_expression.py took 0.071 seconds
[2025-01-20T19:16:08.100+0000] {processor.py:186} INFO - Started process (PID=364) to work on /opt/airflow/dags/dag_with_cron_expression.py
[2025-01-20T19:16:08.102+0000] {processor.py:914} INFO - Processing file /opt/airflow/dags/dag_with_cron_expression.py for tasks to queue
[2025-01-20T19:16:08.105+0000] {logging_mixin.py:190} INFO - [2025-01-20T19:16:08.104+0000] {dagbag.py:588} INFO - Filling up the DagBag from /opt/airflow/dags/dag_with_cron_expression.py
[2025-01-20T19:16:08.124+0000] {processor.py:925} INFO - DAG(s) 'dag_with_cron_expression_v5' retrieved from /opt/airflow/dags/dag_with_cron_expression.py
[2025-01-20T19:16:08.148+0000] {logging_mixin.py:190} INFO - [2025-01-20T19:16:08.148+0000] {dag.py:3239} INFO - Sync 1 DAGs
[2025-01-20T19:16:08.175+0000] {logging_mixin.py:190} INFO - [2025-01-20T19:16:08.174+0000] {dag.py:4180} INFO - Setting next_dagrun for dag_with_cron_expression_v5 to 2025-01-03 10:00:00+00:00, run_after=2025-01-10 10:00:00+00:00
[2025-01-20T19:16:08.209+0000] {processor.py:208} INFO - Processing /opt/airflow/dags/dag_with_cron_expression.py took 0.116 seconds
[2025-01-20T19:16:39.109+0000] {processor.py:186} INFO - Started process (PID=405) to work on /opt/airflow/dags/dag_with_cron_expression.py
[2025-01-20T19:16:39.110+0000] {processor.py:914} INFO - Processing file /opt/airflow/dags/dag_with_cron_expression.py for tasks to queue
[2025-01-20T19:16:39.112+0000] {logging_mixin.py:190} INFO - [2025-01-20T19:16:39.112+0000] {dagbag.py:588} INFO - Filling up the DagBag from /opt/airflow/dags/dag_with_cron_expression.py
[2025-01-20T19:16:39.125+0000] {processor.py:925} INFO - DAG(s) 'dag_with_cron_expression_v5' retrieved from /opt/airflow/dags/dag_with_cron_expression.py
[2025-01-20T19:16:39.145+0000] {logging_mixin.py:190} INFO - [2025-01-20T19:16:39.144+0000] {dag.py:3239} INFO - Sync 1 DAGs
[2025-01-20T19:16:39.164+0000] {logging_mixin.py:190} INFO - [2025-01-20T19:16:39.164+0000] {dag.py:4180} INFO - Setting next_dagrun for dag_with_cron_expression_v5 to 2025-01-03 10:00:00+00:00, run_after=2025-01-10 10:00:00+00:00
[2025-01-20T19:16:39.180+0000] {processor.py:208} INFO - Processing /opt/airflow/dags/dag_with_cron_expression.py took 0.075 seconds
[2025-01-20T19:17:09.846+0000] {processor.py:186} INFO - Started process (PID=446) to work on /opt/airflow/dags/dag_with_cron_expression.py
[2025-01-20T19:17:09.848+0000] {processor.py:914} INFO - Processing file /opt/airflow/dags/dag_with_cron_expression.py for tasks to queue
[2025-01-20T19:17:09.850+0000] {logging_mixin.py:190} INFO - [2025-01-20T19:17:09.850+0000] {dagbag.py:588} INFO - Filling up the DagBag from /opt/airflow/dags/dag_with_cron_expression.py
[2025-01-20T19:17:09.868+0000] {processor.py:925} INFO - DAG(s) 'dag_with_cron_expression_v5' retrieved from /opt/airflow/dags/dag_with_cron_expression.py
[2025-01-20T19:17:09.892+0000] {logging_mixin.py:190} INFO - [2025-01-20T19:17:09.891+0000] {dag.py:3239} INFO - Sync 1 DAGs
[2025-01-20T19:17:09.918+0000] {logging_mixin.py:190} INFO - [2025-01-20T19:17:09.918+0000] {dag.py:4180} INFO - Setting next_dagrun for dag_with_cron_expression_v5 to 2025-01-03 10:00:00+00:00, run_after=2025-01-10 10:00:00+00:00
[2025-01-20T19:17:09.934+0000] {processor.py:208} INFO - Processing /opt/airflow/dags/dag_with_cron_expression.py took 0.092 seconds
[2025-01-20T19:17:40.638+0000] {processor.py:186} INFO - Started process (PID=487) to work on /opt/airflow/dags/dag_with_cron_expression.py
[2025-01-20T19:17:40.639+0000] {processor.py:914} INFO - Processing file /opt/airflow/dags/dag_with_cron_expression.py for tasks to queue
[2025-01-20T19:17:40.641+0000] {logging_mixin.py:190} INFO - [2025-01-20T19:17:40.640+0000] {dagbag.py:588} INFO - Filling up the DagBag from /opt/airflow/dags/dag_with_cron_expression.py
[2025-01-20T19:17:40.654+0000] {processor.py:925} INFO - DAG(s) 'dag_with_cron_expression_v5' retrieved from /opt/airflow/dags/dag_with_cron_expression.py
[2025-01-20T19:17:40.673+0000] {logging_mixin.py:190} INFO - [2025-01-20T19:17:40.673+0000] {dag.py:3239} INFO - Sync 1 DAGs
[2025-01-20T19:17:40.691+0000] {logging_mixin.py:190} INFO - [2025-01-20T19:17:40.691+0000] {dag.py:4180} INFO - Setting next_dagrun for dag_with_cron_expression_v5 to 2025-01-03 10:00:00+00:00, run_after=2025-01-10 10:00:00+00:00
[2025-01-20T19:17:40.704+0000] {processor.py:208} INFO - Processing /opt/airflow/dags/dag_with_cron_expression.py took 0.071 seconds
[2025-01-20T19:18:11.514+0000] {processor.py:186} INFO - Started process (PID=528) to work on /opt/airflow/dags/dag_with_cron_expression.py
[2025-01-20T19:18:11.521+0000] {processor.py:914} INFO - Processing file /opt/airflow/dags/dag_with_cron_expression.py for tasks to queue
[2025-01-20T19:18:11.528+0000] {logging_mixin.py:190} INFO - [2025-01-20T19:18:11.527+0000] {dagbag.py:588} INFO - Filling up the DagBag from /opt/airflow/dags/dag_with_cron_expression.py
[2025-01-20T19:18:11.555+0000] {processor.py:925} INFO - DAG(s) 'dag_with_cron_expression_v5' retrieved from /opt/airflow/dags/dag_with_cron_expression.py
[2025-01-20T19:18:11.583+0000] {logging_mixin.py:190} INFO - [2025-01-20T19:18:11.583+0000] {dag.py:3239} INFO - Sync 1 DAGs
[2025-01-20T19:18:11.606+0000] {logging_mixin.py:190} INFO - [2025-01-20T19:18:11.606+0000] {dag.py:4180} INFO - Setting next_dagrun for dag_with_cron_expression_v5 to 2025-01-03 10:00:00+00:00, run_after=2025-01-10 10:00:00+00:00
[2025-01-20T19:18:11.634+0000] {processor.py:208} INFO - Processing /opt/airflow/dags/dag_with_cron_expression.py took 0.129 seconds
[2025-01-20T19:18:42.393+0000] {processor.py:186} INFO - Started process (PID=569) to work on /opt/airflow/dags/dag_with_cron_expression.py
[2025-01-20T19:18:42.394+0000] {processor.py:914} INFO - Processing file /opt/airflow/dags/dag_with_cron_expression.py for tasks to queue
[2025-01-20T19:18:42.396+0000] {logging_mixin.py:190} INFO - [2025-01-20T19:18:42.395+0000] {dagbag.py:588} INFO - Filling up the DagBag from /opt/airflow/dags/dag_with_cron_expression.py
[2025-01-20T19:18:42.411+0000] {processor.py:925} INFO - DAG(s) 'dag_with_cron_expression_v5' retrieved from /opt/airflow/dags/dag_with_cron_expression.py
[2025-01-20T19:18:42.434+0000] {logging_mixin.py:190} INFO - [2025-01-20T19:18:42.434+0000] {dag.py:3239} INFO - Sync 1 DAGs
[2025-01-20T19:18:42.454+0000] {logging_mixin.py:190} INFO - [2025-01-20T19:18:42.454+0000] {dag.py:4180} INFO - Setting next_dagrun for dag_with_cron_expression_v5 to 2025-01-03 10:00:00+00:00, run_after=2025-01-10 10:00:00+00:00
[2025-01-20T19:18:42.472+0000] {processor.py:208} INFO - Processing /opt/airflow/dags/dag_with_cron_expression.py took 0.084 seconds
[2025-01-20T19:19:12.978+0000] {processor.py:186} INFO - Started process (PID=613) to work on /opt/airflow/dags/dag_with_cron_expression.py
[2025-01-20T19:19:12.980+0000] {processor.py:914} INFO - Processing file /opt/airflow/dags/dag_with_cron_expression.py for tasks to queue
[2025-01-20T19:19:12.983+0000] {logging_mixin.py:190} INFO - [2025-01-20T19:19:12.983+0000] {dagbag.py:588} INFO - Filling up the DagBag from /opt/airflow/dags/dag_with_cron_expression.py
[2025-01-20T19:19:13.046+0000] {processor.py:925} INFO - DAG(s) 'dag_with_cron_expression_v5' retrieved from /opt/airflow/dags/dag_with_cron_expression.py
[2025-01-20T19:19:13.107+0000] {logging_mixin.py:190} INFO - [2025-01-20T19:19:13.106+0000] {dag.py:3239} INFO - Sync 1 DAGs
[2025-01-20T19:19:13.142+0000] {logging_mixin.py:190} INFO - [2025-01-20T19:19:13.142+0000] {dag.py:4180} INFO - Setting next_dagrun for dag_with_cron_expression_v5 to 2025-01-03 10:00:00+00:00, run_after=2025-01-10 10:00:00+00:00
[2025-01-20T19:19:13.359+0000] {processor.py:208} INFO - Processing /opt/airflow/dags/dag_with_cron_expression.py took 0.389 seconds
[2025-01-20T19:19:43.662+0000] {processor.py:186} INFO - Started process (PID=659) to work on /opt/airflow/dags/dag_with_cron_expression.py
[2025-01-20T19:19:43.663+0000] {processor.py:914} INFO - Processing file /opt/airflow/dags/dag_with_cron_expression.py for tasks to queue
[2025-01-20T19:19:43.666+0000] {logging_mixin.py:190} INFO - [2025-01-20T19:19:43.665+0000] {dagbag.py:588} INFO - Filling up the DagBag from /opt/airflow/dags/dag_with_cron_expression.py
[2025-01-20T19:19:43.683+0000] {processor.py:925} INFO - DAG(s) 'dag_with_cron_expression_v5' retrieved from /opt/airflow/dags/dag_with_cron_expression.py
[2025-01-20T19:19:43.708+0000] {logging_mixin.py:190} INFO - [2025-01-20T19:19:43.708+0000] {dag.py:3239} INFO - Sync 1 DAGs
[2025-01-20T19:19:43.965+0000] {logging_mixin.py:190} INFO - [2025-01-20T19:19:43.964+0000] {dag.py:4180} INFO - Setting next_dagrun for dag_with_cron_expression_v5 to 2025-01-03 10:00:00+00:00, run_after=2025-01-10 10:00:00+00:00
[2025-01-20T19:19:43.990+0000] {processor.py:208} INFO - Processing /opt/airflow/dags/dag_with_cron_expression.py took 0.334 seconds
[2025-01-20T19:20:14.123+0000] {processor.py:186} INFO - Started process (PID=714) to work on /opt/airflow/dags/dag_with_cron_expression.py
[2025-01-20T19:20:14.124+0000] {processor.py:914} INFO - Processing file /opt/airflow/dags/dag_with_cron_expression.py for tasks to queue
[2025-01-20T19:20:14.127+0000] {logging_mixin.py:190} INFO - [2025-01-20T19:20:14.127+0000] {dagbag.py:588} INFO - Filling up the DagBag from /opt/airflow/dags/dag_with_cron_expression.py
[2025-01-20T19:20:14.142+0000] {processor.py:925} INFO - DAG(s) 'dag_with_cron_expression_v5' retrieved from /opt/airflow/dags/dag_with_cron_expression.py
[2025-01-20T19:20:14.417+0000] {logging_mixin.py:190} INFO - [2025-01-20T19:20:14.416+0000] {dag.py:3239} INFO - Sync 1 DAGs
[2025-01-20T19:20:14.515+0000] {logging_mixin.py:190} INFO - [2025-01-20T19:20:14.514+0000] {dag.py:4180} INFO - Setting next_dagrun for dag_with_cron_expression_v5 to 2025-01-03 10:00:00+00:00, run_after=2025-01-10 10:00:00+00:00
[2025-01-20T19:20:14.540+0000] {processor.py:208} INFO - Processing /opt/airflow/dags/dag_with_cron_expression.py took 0.422 seconds
[2025-01-20T19:20:44.755+0000] {processor.py:186} INFO - Started process (PID=762) to work on /opt/airflow/dags/dag_with_cron_expression.py
[2025-01-20T19:20:44.756+0000] {processor.py:914} INFO - Processing file /opt/airflow/dags/dag_with_cron_expression.py for tasks to queue
[2025-01-20T19:20:44.758+0000] {logging_mixin.py:190} INFO - [2025-01-20T19:20:44.758+0000] {dagbag.py:588} INFO - Filling up the DagBag from /opt/airflow/dags/dag_with_cron_expression.py
[2025-01-20T19:20:44.774+0000] {processor.py:925} INFO - DAG(s) 'dag_with_cron_expression_v5' retrieved from /opt/airflow/dags/dag_with_cron_expression.py
[2025-01-20T19:20:44.943+0000] {logging_mixin.py:190} INFO - [2025-01-20T19:20:44.943+0000] {dag.py:3239} INFO - Sync 1 DAGs
[2025-01-20T19:20:44.961+0000] {logging_mixin.py:190} INFO - [2025-01-20T19:20:44.961+0000] {dag.py:4180} INFO - Setting next_dagrun for dag_with_cron_expression_v5 to 2025-01-03 10:00:00+00:00, run_after=2025-01-10 10:00:00+00:00
[2025-01-20T19:20:44.981+0000] {processor.py:208} INFO - Processing /opt/airflow/dags/dag_with_cron_expression.py took 0.231 seconds
[2025-01-20T19:21:15.473+0000] {processor.py:186} INFO - Started process (PID=808) to work on /opt/airflow/dags/dag_with_cron_expression.py
[2025-01-20T19:21:15.474+0000] {processor.py:914} INFO - Processing file /opt/airflow/dags/dag_with_cron_expression.py for tasks to queue
[2025-01-20T19:21:15.477+0000] {logging_mixin.py:190} INFO - [2025-01-20T19:21:15.476+0000] {dagbag.py:588} INFO - Filling up the DagBag from /opt/airflow/dags/dag_with_cron_expression.py
[2025-01-20T19:21:15.496+0000] {processor.py:925} INFO - DAG(s) 'dag_with_cron_expression_v5' retrieved from /opt/airflow/dags/dag_with_cron_expression.py
[2025-01-20T19:21:15.531+0000] {logging_mixin.py:190} INFO - [2025-01-20T19:21:15.531+0000] {dag.py:3239} INFO - Sync 1 DAGs
[2025-01-20T19:21:15.560+0000] {logging_mixin.py:190} INFO - [2025-01-20T19:21:15.560+0000] {dag.py:4180} INFO - Setting next_dagrun for dag_with_cron_expression_v5 to 2025-01-03 10:00:00+00:00, run_after=2025-01-10 10:00:00+00:00
[2025-01-20T19:21:15.584+0000] {processor.py:208} INFO - Processing /opt/airflow/dags/dag_with_cron_expression.py took 0.118 seconds
[2025-01-20T19:21:46.524+0000] {processor.py:186} INFO - Started process (PID=855) to work on /opt/airflow/dags/dag_with_cron_expression.py
[2025-01-20T19:21:46.526+0000] {processor.py:914} INFO - Processing file /opt/airflow/dags/dag_with_cron_expression.py for tasks to queue
[2025-01-20T19:21:46.528+0000] {logging_mixin.py:190} INFO - [2025-01-20T19:21:46.527+0000] {dagbag.py:588} INFO - Filling up the DagBag from /opt/airflow/dags/dag_with_cron_expression.py
[2025-01-20T19:21:46.542+0000] {processor.py:925} INFO - DAG(s) 'dag_with_cron_expression_v5' retrieved from /opt/airflow/dags/dag_with_cron_expression.py
[2025-01-20T19:21:46.570+0000] {logging_mixin.py:190} INFO - [2025-01-20T19:21:46.570+0000] {dag.py:3239} INFO - Sync 1 DAGs
[2025-01-20T19:21:46.599+0000] {logging_mixin.py:190} INFO - [2025-01-20T19:21:46.598+0000] {dag.py:4180} INFO - Setting next_dagrun for dag_with_cron_expression_v5 to 2025-01-03 10:00:00+00:00, run_after=2025-01-10 10:00:00+00:00
[2025-01-20T19:21:46.631+0000] {processor.py:208} INFO - Processing /opt/airflow/dags/dag_with_cron_expression.py took 0.112 seconds
[2025-01-20T19:22:17.434+0000] {processor.py:186} INFO - Started process (PID=901) to work on /opt/airflow/dags/dag_with_cron_expression.py
[2025-01-20T19:22:17.435+0000] {processor.py:914} INFO - Processing file /opt/airflow/dags/dag_with_cron_expression.py for tasks to queue
[2025-01-20T19:22:17.438+0000] {logging_mixin.py:190} INFO - [2025-01-20T19:22:17.438+0000] {dagbag.py:588} INFO - Filling up the DagBag from /opt/airflow/dags/dag_with_cron_expression.py
[2025-01-20T19:22:17.460+0000] {processor.py:925} INFO - DAG(s) 'dag_with_cron_expression_v5' retrieved from /opt/airflow/dags/dag_with_cron_expression.py
[2025-01-20T19:22:17.498+0000] {logging_mixin.py:190} INFO - [2025-01-20T19:22:17.498+0000] {dag.py:3239} INFO - Sync 1 DAGs
[2025-01-20T19:22:17.523+0000] {logging_mixin.py:190} INFO - [2025-01-20T19:22:17.523+0000] {dag.py:4180} INFO - Setting next_dagrun for dag_with_cron_expression_v5 to 2025-01-03 10:00:00+00:00, run_after=2025-01-10 10:00:00+00:00
[2025-01-20T19:22:17.543+0000] {processor.py:208} INFO - Processing /opt/airflow/dags/dag_with_cron_expression.py took 0.117 seconds
[2025-01-20T19:22:48.300+0000] {processor.py:186} INFO - Started process (PID=948) to work on /opt/airflow/dags/dag_with_cron_expression.py
[2025-01-20T19:22:48.301+0000] {processor.py:914} INFO - Processing file /opt/airflow/dags/dag_with_cron_expression.py for tasks to queue
[2025-01-20T19:22:48.304+0000] {logging_mixin.py:190} INFO - [2025-01-20T19:22:48.303+0000] {dagbag.py:588} INFO - Filling up the DagBag from /opt/airflow/dags/dag_with_cron_expression.py
[2025-01-20T19:22:48.320+0000] {processor.py:925} INFO - DAG(s) 'dag_with_cron_expression_v5' retrieved from /opt/airflow/dags/dag_with_cron_expression.py
[2025-01-20T19:22:48.347+0000] {logging_mixin.py:190} INFO - [2025-01-20T19:22:48.347+0000] {dag.py:3239} INFO - Sync 1 DAGs
[2025-01-20T19:22:48.370+0000] {logging_mixin.py:190} INFO - [2025-01-20T19:22:48.370+0000] {dag.py:4180} INFO - Setting next_dagrun for dag_with_cron_expression_v5 to 2025-01-03 10:00:00+00:00, run_after=2025-01-10 10:00:00+00:00
[2025-01-20T19:22:48.391+0000] {processor.py:208} INFO - Processing /opt/airflow/dags/dag_with_cron_expression.py took 0.096 seconds
[2025-01-20T19:23:19.002+0000] {processor.py:186} INFO - Started process (PID=994) to work on /opt/airflow/dags/dag_with_cron_expression.py
[2025-01-20T19:23:19.003+0000] {processor.py:914} INFO - Processing file /opt/airflow/dags/dag_with_cron_expression.py for tasks to queue
[2025-01-20T19:23:19.004+0000] {logging_mixin.py:190} INFO - [2025-01-20T19:23:19.004+0000] {dagbag.py:588} INFO - Filling up the DagBag from /opt/airflow/dags/dag_with_cron_expression.py
[2025-01-20T19:23:19.020+0000] {processor.py:925} INFO - DAG(s) 'dag_with_cron_expression_v5' retrieved from /opt/airflow/dags/dag_with_cron_expression.py
[2025-01-20T19:23:19.043+0000] {logging_mixin.py:190} INFO - [2025-01-20T19:23:19.043+0000] {dag.py:3239} INFO - Sync 1 DAGs
[2025-01-20T19:23:19.064+0000] {logging_mixin.py:190} INFO - [2025-01-20T19:23:19.064+0000] {dag.py:4180} INFO - Setting next_dagrun for dag_with_cron_expression_v5 to 2025-01-03 10:00:00+00:00, run_after=2025-01-10 10:00:00+00:00
[2025-01-20T19:23:19.080+0000] {processor.py:208} INFO - Processing /opt/airflow/dags/dag_with_cron_expression.py took 0.085 seconds
[2025-01-20T19:23:49.783+0000] {processor.py:186} INFO - Started process (PID=1040) to work on /opt/airflow/dags/dag_with_cron_expression.py
[2025-01-20T19:23:49.783+0000] {processor.py:914} INFO - Processing file /opt/airflow/dags/dag_with_cron_expression.py for tasks to queue
[2025-01-20T19:23:49.785+0000] {logging_mixin.py:190} INFO - [2025-01-20T19:23:49.785+0000] {dagbag.py:588} INFO - Filling up the DagBag from /opt/airflow/dags/dag_with_cron_expression.py
[2025-01-20T19:23:49.800+0000] {processor.py:925} INFO - DAG(s) 'dag_with_cron_expression_v5' retrieved from /opt/airflow/dags/dag_with_cron_expression.py
[2025-01-20T19:23:49.822+0000] {logging_mixin.py:190} INFO - [2025-01-20T19:23:49.822+0000] {dag.py:3239} INFO - Sync 1 DAGs
[2025-01-20T19:23:49.842+0000] {logging_mixin.py:190} INFO - [2025-01-20T19:23:49.842+0000] {dag.py:4180} INFO - Setting next_dagrun for dag_with_cron_expression_v5 to 2025-01-03 10:00:00+00:00, run_after=2025-01-10 10:00:00+00:00
[2025-01-20T19:23:49.858+0000] {processor.py:208} INFO - Processing /opt/airflow/dags/dag_with_cron_expression.py took 0.081 seconds
[2025-01-20T19:24:20.524+0000] {processor.py:186} INFO - Started process (PID=1086) to work on /opt/airflow/dags/dag_with_cron_expression.py
[2025-01-20T19:24:20.525+0000] {processor.py:914} INFO - Processing file /opt/airflow/dags/dag_with_cron_expression.py for tasks to queue
[2025-01-20T19:24:20.527+0000] {logging_mixin.py:190} INFO - [2025-01-20T19:24:20.527+0000] {dagbag.py:588} INFO - Filling up the DagBag from /opt/airflow/dags/dag_with_cron_expression.py
[2025-01-20T19:24:20.541+0000] {processor.py:925} INFO - DAG(s) 'dag_with_cron_expression_v5' retrieved from /opt/airflow/dags/dag_with_cron_expression.py
[2025-01-20T19:24:20.560+0000] {logging_mixin.py:190} INFO - [2025-01-20T19:24:20.560+0000] {dag.py:3239} INFO - Sync 1 DAGs
[2025-01-20T19:24:20.578+0000] {logging_mixin.py:190} INFO - [2025-01-20T19:24:20.578+0000] {dag.py:4180} INFO - Setting next_dagrun for dag_with_cron_expression_v5 to 2025-01-03 10:00:00+00:00, run_after=2025-01-10 10:00:00+00:00
[2025-01-20T19:24:20.593+0000] {processor.py:208} INFO - Processing /opt/airflow/dags/dag_with_cron_expression.py took 0.074 seconds
[2025-01-20T19:24:51.136+0000] {processor.py:186} INFO - Started process (PID=1132) to work on /opt/airflow/dags/dag_with_cron_expression.py
[2025-01-20T19:24:51.137+0000] {processor.py:914} INFO - Processing file /opt/airflow/dags/dag_with_cron_expression.py for tasks to queue
[2025-01-20T19:24:51.139+0000] {logging_mixin.py:190} INFO - [2025-01-20T19:24:51.138+0000] {dagbag.py:588} INFO - Filling up the DagBag from /opt/airflow/dags/dag_with_cron_expression.py
[2025-01-20T19:24:51.152+0000] {processor.py:925} INFO - DAG(s) 'dag_with_cron_expression_v5' retrieved from /opt/airflow/dags/dag_with_cron_expression.py
[2025-01-20T19:24:51.170+0000] {logging_mixin.py:190} INFO - [2025-01-20T19:24:51.170+0000] {dag.py:3239} INFO - Sync 1 DAGs
[2025-01-20T19:24:51.189+0000] {logging_mixin.py:190} INFO - [2025-01-20T19:24:51.189+0000] {dag.py:4180} INFO - Setting next_dagrun for dag_with_cron_expression_v5 to 2025-01-03 10:00:00+00:00, run_after=2025-01-10 10:00:00+00:00
[2025-01-20T19:24:51.203+0000] {processor.py:208} INFO - Processing /opt/airflow/dags/dag_with_cron_expression.py took 0.072 seconds
[2025-01-20T19:25:21.751+0000] {processor.py:186} INFO - Started process (PID=1178) to work on /opt/airflow/dags/dag_with_cron_expression.py
[2025-01-20T19:25:21.752+0000] {processor.py:914} INFO - Processing file /opt/airflow/dags/dag_with_cron_expression.py for tasks to queue
[2025-01-20T19:25:21.753+0000] {logging_mixin.py:190} INFO - [2025-01-20T19:25:21.753+0000] {dagbag.py:588} INFO - Filling up the DagBag from /opt/airflow/dags/dag_with_cron_expression.py
[2025-01-20T19:25:21.767+0000] {processor.py:925} INFO - DAG(s) 'dag_with_cron_expression_v5' retrieved from /opt/airflow/dags/dag_with_cron_expression.py
[2025-01-20T19:25:21.786+0000] {logging_mixin.py:190} INFO - [2025-01-20T19:25:21.786+0000] {dag.py:3239} INFO - Sync 1 DAGs
[2025-01-20T19:25:21.804+0000] {logging_mixin.py:190} INFO - [2025-01-20T19:25:21.804+0000] {dag.py:4180} INFO - Setting next_dagrun for dag_with_cron_expression_v5 to 2025-01-03 10:00:00+00:00, run_after=2025-01-10 10:00:00+00:00
[2025-01-20T19:25:21.818+0000] {processor.py:208} INFO - Processing /opt/airflow/dags/dag_with_cron_expression.py took 0.071 seconds
[2025-01-20T19:25:52.357+0000] {processor.py:186} INFO - Started process (PID=1224) to work on /opt/airflow/dags/dag_with_cron_expression.py
[2025-01-20T19:25:52.358+0000] {processor.py:914} INFO - Processing file /opt/airflow/dags/dag_with_cron_expression.py for tasks to queue
[2025-01-20T19:25:52.361+0000] {logging_mixin.py:190} INFO - [2025-01-20T19:25:52.360+0000] {dagbag.py:588} INFO - Filling up the DagBag from /opt/airflow/dags/dag_with_cron_expression.py
[2025-01-20T19:25:52.378+0000] {processor.py:925} INFO - DAG(s) 'dag_with_cron_expression_v5' retrieved from /opt/airflow/dags/dag_with_cron_expression.py
[2025-01-20T19:25:52.404+0000] {logging_mixin.py:190} INFO - [2025-01-20T19:25:52.403+0000] {dag.py:3239} INFO - Sync 1 DAGs
[2025-01-20T19:25:52.428+0000] {logging_mixin.py:190} INFO - [2025-01-20T19:25:52.427+0000] {dag.py:4180} INFO - Setting next_dagrun for dag_with_cron_expression_v5 to 2025-01-03 10:00:00+00:00, run_after=2025-01-10 10:00:00+00:00
[2025-01-20T19:25:52.444+0000] {processor.py:208} INFO - Processing /opt/airflow/dags/dag_with_cron_expression.py took 0.093 seconds
[2025-01-20T19:26:23.025+0000] {processor.py:186} INFO - Started process (PID=1270) to work on /opt/airflow/dags/dag_with_cron_expression.py
[2025-01-20T19:26:23.026+0000] {processor.py:914} INFO - Processing file /opt/airflow/dags/dag_with_cron_expression.py for tasks to queue
[2025-01-20T19:26:23.028+0000] {logging_mixin.py:190} INFO - [2025-01-20T19:26:23.028+0000] {dagbag.py:588} INFO - Filling up the DagBag from /opt/airflow/dags/dag_with_cron_expression.py
[2025-01-20T19:26:23.042+0000] {processor.py:925} INFO - DAG(s) 'dag_with_cron_expression_v5' retrieved from /opt/airflow/dags/dag_with_cron_expression.py
[2025-01-20T19:26:23.063+0000] {logging_mixin.py:190} INFO - [2025-01-20T19:26:23.063+0000] {dag.py:3239} INFO - Sync 1 DAGs
[2025-01-20T19:26:23.082+0000] {logging_mixin.py:190} INFO - [2025-01-20T19:26:23.082+0000] {dag.py:4180} INFO - Setting next_dagrun for dag_with_cron_expression_v5 to 2025-01-03 10:00:00+00:00, run_after=2025-01-10 10:00:00+00:00
[2025-01-20T19:26:23.098+0000] {processor.py:208} INFO - Processing /opt/airflow/dags/dag_with_cron_expression.py took 0.077 seconds
