[2025-01-20T13:58:37.799+0000] {processor.py:186} INFO - Started process (PID=205) to work on /opt/airflow/dags/dag_with_catchup_and_backfill.py
[2025-01-20T13:58:37.801+0000] {processor.py:914} INFO - Processing file /opt/airflow/dags/dag_with_catchup_and_backfill.py for tasks to queue
[2025-01-20T13:58:37.803+0000] {logging_mixin.py:190} INFO - [2025-01-20T13:58:37.803+0000] {dagbag.py:588} INFO - Filling up the DagBag from /opt/airflow/dags/dag_with_catchup_and_backfill.py
[2025-01-20T13:58:37.839+0000] {processor.py:925} INFO - DAG(s) 'dag_with_catchup_and_backfill_2' retrieved from /opt/airflow/dags/dag_with_catchup_and_backfill.py
[2025-01-20T13:58:37.877+0000] {logging_mixin.py:190} INFO - [2025-01-20T13:58:37.877+0000] {dag.py:3239} INFO - Sync 1 DAGs
[2025-01-20T13:58:37.915+0000] {logging_mixin.py:190} INFO - [2025-01-20T13:58:37.914+0000] {dag.py:4180} INFO - Setting next_dagrun for dag_with_catchup_and_backfill_2 to 2025-01-19 00:00:00+00:00, run_after=2025-01-20 00:00:00+00:00
[2025-01-20T13:58:37.943+0000] {processor.py:208} INFO - Processing /opt/airflow/dags/dag_with_catchup_and_backfill.py took 0.151 seconds
[2025-01-20T13:59:35.363+0000] {processor.py:186} INFO - Started process (PID=197) to work on /opt/airflow/dags/dag_with_catchup_and_backfill.py
[2025-01-20T13:59:35.364+0000] {processor.py:914} INFO - Processing file /opt/airflow/dags/dag_with_catchup_and_backfill.py for tasks to queue
[2025-01-20T13:59:35.366+0000] {logging_mixin.py:190} INFO - [2025-01-20T13:59:35.366+0000] {dagbag.py:588} INFO - Filling up the DagBag from /opt/airflow/dags/dag_with_catchup_and_backfill.py
[2025-01-20T13:59:35.380+0000] {processor.py:925} INFO - DAG(s) 'dag_with_catchup_and_backfill_2' retrieved from /opt/airflow/dags/dag_with_catchup_and_backfill.py
[2025-01-20T13:59:35.400+0000] {logging_mixin.py:190} INFO - [2025-01-20T13:59:35.400+0000] {dag.py:3239} INFO - Sync 1 DAGs
[2025-01-20T13:59:35.420+0000] {logging_mixin.py:190} INFO - [2025-01-20T13:59:35.420+0000] {dag.py:4180} INFO - Setting next_dagrun for dag_with_catchup_and_backfill_2 to 2025-01-19 00:00:00+00:00, run_after=2025-01-20 00:00:00+00:00
[2025-01-20T13:59:35.433+0000] {processor.py:208} INFO - Processing /opt/airflow/dags/dag_with_catchup_and_backfill.py took 0.074 seconds
[2025-01-20T14:00:06.066+0000] {processor.py:186} INFO - Started process (PID=240) to work on /opt/airflow/dags/dag_with_catchup_and_backfill.py
[2025-01-20T14:00:06.067+0000] {processor.py:914} INFO - Processing file /opt/airflow/dags/dag_with_catchup_and_backfill.py for tasks to queue
[2025-01-20T14:00:06.069+0000] {logging_mixin.py:190} INFO - [2025-01-20T14:00:06.068+0000] {dagbag.py:588} INFO - Filling up the DagBag from /opt/airflow/dags/dag_with_catchup_and_backfill.py
[2025-01-20T14:00:06.082+0000] {processor.py:925} INFO - DAG(s) 'dag_with_catchup_and_backfill_2' retrieved from /opt/airflow/dags/dag_with_catchup_and_backfill.py
[2025-01-20T14:00:06.103+0000] {logging_mixin.py:190} INFO - [2025-01-20T14:00:06.103+0000] {dag.py:3239} INFO - Sync 1 DAGs
[2025-01-20T14:00:06.121+0000] {logging_mixin.py:190} INFO - [2025-01-20T14:00:06.121+0000] {dag.py:4180} INFO - Setting next_dagrun for dag_with_catchup_and_backfill_2 to 2025-01-19 00:00:00+00:00, run_after=2025-01-20 00:00:00+00:00
[2025-01-20T14:00:06.135+0000] {processor.py:208} INFO - Processing /opt/airflow/dags/dag_with_catchup_and_backfill.py took 0.073 seconds
[2025-01-20T14:00:36.746+0000] {processor.py:186} INFO - Started process (PID=281) to work on /opt/airflow/dags/dag_with_catchup_and_backfill.py
[2025-01-20T14:00:36.747+0000] {processor.py:914} INFO - Processing file /opt/airflow/dags/dag_with_catchup_and_backfill.py for tasks to queue
[2025-01-20T14:00:36.749+0000] {logging_mixin.py:190} INFO - [2025-01-20T14:00:36.748+0000] {dagbag.py:588} INFO - Filling up the DagBag from /opt/airflow/dags/dag_with_catchup_and_backfill.py
[2025-01-20T14:00:36.762+0000] {processor.py:925} INFO - DAG(s) 'dag_with_catchup_and_backfill_2' retrieved from /opt/airflow/dags/dag_with_catchup_and_backfill.py
[2025-01-20T14:00:36.781+0000] {logging_mixin.py:190} INFO - [2025-01-20T14:00:36.781+0000] {dag.py:3239} INFO - Sync 1 DAGs
[2025-01-20T14:00:36.799+0000] {logging_mixin.py:190} INFO - [2025-01-20T14:00:36.799+0000] {dag.py:4180} INFO - Setting next_dagrun for dag_with_catchup_and_backfill_2 to 2025-01-19 00:00:00+00:00, run_after=2025-01-20 00:00:00+00:00
[2025-01-20T14:00:36.814+0000] {processor.py:208} INFO - Processing /opt/airflow/dags/dag_with_catchup_and_backfill.py took 0.072 seconds
[2025-01-20T14:01:07.368+0000] {processor.py:186} INFO - Started process (PID=320) to work on /opt/airflow/dags/dag_with_catchup_and_backfill.py
[2025-01-20T14:01:07.369+0000] {processor.py:914} INFO - Processing file /opt/airflow/dags/dag_with_catchup_and_backfill.py for tasks to queue
[2025-01-20T14:01:07.371+0000] {logging_mixin.py:190} INFO - [2025-01-20T14:01:07.370+0000] {dagbag.py:588} INFO - Filling up the DagBag from /opt/airflow/dags/dag_with_catchup_and_backfill.py
[2025-01-20T14:01:07.384+0000] {processor.py:925} INFO - DAG(s) 'dag_with_catchup_and_backfill_2' retrieved from /opt/airflow/dags/dag_with_catchup_and_backfill.py
[2025-01-20T14:01:07.403+0000] {logging_mixin.py:190} INFO - [2025-01-20T14:01:07.403+0000] {dag.py:3239} INFO - Sync 1 DAGs
[2025-01-20T14:01:07.421+0000] {logging_mixin.py:190} INFO - [2025-01-20T14:01:07.420+0000] {dag.py:4180} INFO - Setting next_dagrun for dag_with_catchup_and_backfill_2 to 2025-01-19 00:00:00+00:00, run_after=2025-01-20 00:00:00+00:00
[2025-01-20T14:01:07.436+0000] {processor.py:208} INFO - Processing /opt/airflow/dags/dag_with_catchup_and_backfill.py took 0.072 seconds
[2025-01-20T14:01:38.056+0000] {processor.py:186} INFO - Started process (PID=363) to work on /opt/airflow/dags/dag_with_catchup_and_backfill.py
[2025-01-20T14:01:38.057+0000] {processor.py:914} INFO - Processing file /opt/airflow/dags/dag_with_catchup_and_backfill.py for tasks to queue
[2025-01-20T14:01:38.058+0000] {logging_mixin.py:190} INFO - [2025-01-20T14:01:38.058+0000] {dagbag.py:588} INFO - Filling up the DagBag from /opt/airflow/dags/dag_with_catchup_and_backfill.py
[2025-01-20T14:01:38.072+0000] {processor.py:925} INFO - DAG(s) 'dag_with_catchup_and_backfill_2' retrieved from /opt/airflow/dags/dag_with_catchup_and_backfill.py
[2025-01-20T14:01:38.094+0000] {logging_mixin.py:190} INFO - [2025-01-20T14:01:38.094+0000] {dag.py:3239} INFO - Sync 1 DAGs
[2025-01-20T14:01:38.114+0000] {logging_mixin.py:190} INFO - [2025-01-20T14:01:38.113+0000] {dag.py:4180} INFO - Setting next_dagrun for dag_with_catchup_and_backfill_2 to 2025-01-19 00:00:00+00:00, run_after=2025-01-20 00:00:00+00:00
[2025-01-20T14:01:38.128+0000] {processor.py:208} INFO - Processing /opt/airflow/dags/dag_with_catchup_and_backfill.py took 0.077 seconds
[2025-01-20T14:02:08.655+0000] {processor.py:186} INFO - Started process (PID=408) to work on /opt/airflow/dags/dag_with_catchup_and_backfill.py
[2025-01-20T14:02:08.656+0000] {processor.py:914} INFO - Processing file /opt/airflow/dags/dag_with_catchup_and_backfill.py for tasks to queue
[2025-01-20T14:02:08.657+0000] {logging_mixin.py:190} INFO - [2025-01-20T14:02:08.657+0000] {dagbag.py:588} INFO - Filling up the DagBag from /opt/airflow/dags/dag_with_catchup_and_backfill.py
[2025-01-20T14:02:08.670+0000] {processor.py:925} INFO - DAG(s) 'dag_with_catchup_and_backfill_2' retrieved from /opt/airflow/dags/dag_with_catchup_and_backfill.py
[2025-01-20T14:02:08.688+0000] {logging_mixin.py:190} INFO - [2025-01-20T14:02:08.688+0000] {dag.py:3239} INFO - Sync 1 DAGs
[2025-01-20T14:02:08.707+0000] {logging_mixin.py:190} INFO - [2025-01-20T14:02:08.707+0000] {dag.py:4180} INFO - Setting next_dagrun for dag_with_catchup_and_backfill_2 to 2025-01-19 00:00:00+00:00, run_after=2025-01-20 00:00:00+00:00
[2025-01-20T14:02:08.720+0000] {processor.py:208} INFO - Processing /opt/airflow/dags/dag_with_catchup_and_backfill.py took 0.069 seconds
[2025-01-20T14:02:39.349+0000] {processor.py:186} INFO - Started process (PID=451) to work on /opt/airflow/dags/dag_with_catchup_and_backfill.py
[2025-01-20T14:02:39.350+0000] {processor.py:914} INFO - Processing file /opt/airflow/dags/dag_with_catchup_and_backfill.py for tasks to queue
[2025-01-20T14:02:39.352+0000] {logging_mixin.py:190} INFO - [2025-01-20T14:02:39.352+0000] {dagbag.py:588} INFO - Filling up the DagBag from /opt/airflow/dags/dag_with_catchup_and_backfill.py
[2025-01-20T14:02:39.366+0000] {processor.py:925} INFO - DAG(s) 'dag_with_catchup_and_backfill_2' retrieved from /opt/airflow/dags/dag_with_catchup_and_backfill.py
[2025-01-20T14:02:39.385+0000] {logging_mixin.py:190} INFO - [2025-01-20T14:02:39.385+0000] {dag.py:3239} INFO - Sync 1 DAGs
[2025-01-20T14:02:39.404+0000] {logging_mixin.py:190} INFO - [2025-01-20T14:02:39.404+0000] {dag.py:4180} INFO - Setting next_dagrun for dag_with_catchup_and_backfill_2 to 2025-01-19 00:00:00+00:00, run_after=2025-01-20 00:00:00+00:00
[2025-01-20T14:02:39.417+0000] {processor.py:208} INFO - Processing /opt/airflow/dags/dag_with_catchup_and_backfill.py took 0.072 seconds
[2025-01-20T14:03:09.946+0000] {processor.py:186} INFO - Started process (PID=490) to work on /opt/airflow/dags/dag_with_catchup_and_backfill.py
[2025-01-20T14:03:09.947+0000] {processor.py:914} INFO - Processing file /opt/airflow/dags/dag_with_catchup_and_backfill.py for tasks to queue
[2025-01-20T14:03:09.949+0000] {logging_mixin.py:190} INFO - [2025-01-20T14:03:09.949+0000] {dagbag.py:588} INFO - Filling up the DagBag from /opt/airflow/dags/dag_with_catchup_and_backfill.py
[2025-01-20T14:03:09.963+0000] {processor.py:925} INFO - DAG(s) 'dag_with_catchup_and_backfill_2' retrieved from /opt/airflow/dags/dag_with_catchup_and_backfill.py
[2025-01-20T14:03:09.983+0000] {logging_mixin.py:190} INFO - [2025-01-20T14:03:09.983+0000] {dag.py:3239} INFO - Sync 1 DAGs
[2025-01-20T14:03:10.001+0000] {logging_mixin.py:190} INFO - [2025-01-20T14:03:10.001+0000] {dag.py:4180} INFO - Setting next_dagrun for dag_with_catchup_and_backfill_2 to 2025-01-19 00:00:00+00:00, run_after=2025-01-20 00:00:00+00:00
[2025-01-20T14:03:10.014+0000] {processor.py:208} INFO - Processing /opt/airflow/dags/dag_with_catchup_and_backfill.py took 0.074 seconds
[2025-01-20T14:03:40.629+0000] {processor.py:186} INFO - Started process (PID=533) to work on /opt/airflow/dags/dag_with_catchup_and_backfill.py
[2025-01-20T14:03:40.629+0000] {processor.py:914} INFO - Processing file /opt/airflow/dags/dag_with_catchup_and_backfill.py for tasks to queue
[2025-01-20T14:03:40.631+0000] {logging_mixin.py:190} INFO - [2025-01-20T14:03:40.631+0000] {dagbag.py:588} INFO - Filling up the DagBag from /opt/airflow/dags/dag_with_catchup_and_backfill.py
[2025-01-20T14:03:40.644+0000] {processor.py:925} INFO - DAG(s) 'dag_with_catchup_and_backfill_2' retrieved from /opt/airflow/dags/dag_with_catchup_and_backfill.py
[2025-01-20T14:03:40.662+0000] {logging_mixin.py:190} INFO - [2025-01-20T14:03:40.662+0000] {dag.py:3239} INFO - Sync 1 DAGs
[2025-01-20T14:03:40.680+0000] {logging_mixin.py:190} INFO - [2025-01-20T14:03:40.680+0000] {dag.py:4180} INFO - Setting next_dagrun for dag_with_catchup_and_backfill_2 to 2025-01-19 00:00:00+00:00, run_after=2025-01-20 00:00:00+00:00
[2025-01-20T14:03:40.693+0000] {processor.py:208} INFO - Processing /opt/airflow/dags/dag_with_catchup_and_backfill.py took 0.069 seconds
[2025-01-20T14:04:11.590+0000] {processor.py:186} INFO - Started process (PID=574) to work on /opt/airflow/dags/dag_with_catchup_and_backfill.py
[2025-01-20T14:04:11.590+0000] {processor.py:914} INFO - Processing file /opt/airflow/dags/dag_with_catchup_and_backfill.py for tasks to queue
[2025-01-20T14:04:11.592+0000] {logging_mixin.py:190} INFO - [2025-01-20T14:04:11.592+0000] {dagbag.py:588} INFO - Filling up the DagBag from /opt/airflow/dags/dag_with_catchup_and_backfill.py
[2025-01-20T14:04:11.606+0000] {processor.py:925} INFO - DAG(s) 'dag_with_catchup_and_backfill_2' retrieved from /opt/airflow/dags/dag_with_catchup_and_backfill.py
[2025-01-20T14:04:11.625+0000] {logging_mixin.py:190} INFO - [2025-01-20T14:04:11.624+0000] {dag.py:3239} INFO - Sync 1 DAGs
[2025-01-20T14:04:11.646+0000] {logging_mixin.py:190} INFO - [2025-01-20T14:04:11.646+0000] {dag.py:4180} INFO - Setting next_dagrun for dag_with_catchup_and_backfill_2 to 2025-01-19 00:00:00+00:00, run_after=2025-01-20 00:00:00+00:00
[2025-01-20T14:04:11.793+0000] {processor.py:208} INFO - Processing /opt/airflow/dags/dag_with_catchup_and_backfill.py took 0.209 seconds
[2025-01-20T14:04:41.893+0000] {processor.py:186} INFO - Started process (PID=615) to work on /opt/airflow/dags/dag_with_catchup_and_backfill.py
[2025-01-20T14:04:41.894+0000] {processor.py:914} INFO - Processing file /opt/airflow/dags/dag_with_catchup_and_backfill.py for tasks to queue
[2025-01-20T14:04:41.896+0000] {logging_mixin.py:190} INFO - [2025-01-20T14:04:41.895+0000] {dagbag.py:588} INFO - Filling up the DagBag from /opt/airflow/dags/dag_with_catchup_and_backfill.py
[2025-01-20T14:04:41.911+0000] {processor.py:925} INFO - DAG(s) 'dag_with_catchup_and_backfill_2' retrieved from /opt/airflow/dags/dag_with_catchup_and_backfill.py
[2025-01-20T14:04:41.940+0000] {logging_mixin.py:190} INFO - [2025-01-20T14:04:41.940+0000] {dag.py:3239} INFO - Sync 1 DAGs
[2025-01-20T14:04:42.111+0000] {logging_mixin.py:190} INFO - [2025-01-20T14:04:42.111+0000] {dag.py:4180} INFO - Setting next_dagrun for dag_with_catchup_and_backfill_2 to 2025-01-19 00:00:00+00:00, run_after=2025-01-20 00:00:00+00:00
[2025-01-20T14:04:42.125+0000] {processor.py:208} INFO - Processing /opt/airflow/dags/dag_with_catchup_and_backfill.py took 0.236 seconds
[2025-01-20T14:05:12.348+0000] {processor.py:186} INFO - Started process (PID=656) to work on /opt/airflow/dags/dag_with_catchup_and_backfill.py
[2025-01-20T14:05:12.349+0000] {processor.py:914} INFO - Processing file /opt/airflow/dags/dag_with_catchup_and_backfill.py for tasks to queue
[2025-01-20T14:05:12.351+0000] {logging_mixin.py:190} INFO - [2025-01-20T14:05:12.351+0000] {dagbag.py:588} INFO - Filling up the DagBag from /opt/airflow/dags/dag_with_catchup_and_backfill.py
[2025-01-20T14:05:12.365+0000] {processor.py:925} INFO - DAG(s) 'dag_with_catchup_and_backfill_2' retrieved from /opt/airflow/dags/dag_with_catchup_and_backfill.py
[2025-01-20T14:05:12.385+0000] {logging_mixin.py:190} INFO - [2025-01-20T14:05:12.385+0000] {dag.py:3239} INFO - Sync 1 DAGs
[2025-01-20T14:05:12.548+0000] {logging_mixin.py:190} INFO - [2025-01-20T14:05:12.548+0000] {dag.py:4180} INFO - Setting next_dagrun for dag_with_catchup_and_backfill_2 to 2025-01-19 00:00:00+00:00, run_after=2025-01-20 00:00:00+00:00
[2025-01-20T14:05:12.561+0000] {processor.py:208} INFO - Processing /opt/airflow/dags/dag_with_catchup_and_backfill.py took 0.217 seconds
[2025-01-20T14:05:42.606+0000] {processor.py:186} INFO - Started process (PID=697) to work on /opt/airflow/dags/dag_with_catchup_and_backfill.py
[2025-01-20T14:05:42.607+0000] {processor.py:914} INFO - Processing file /opt/airflow/dags/dag_with_catchup_and_backfill.py for tasks to queue
[2025-01-20T14:05:42.609+0000] {logging_mixin.py:190} INFO - [2025-01-20T14:05:42.609+0000] {dagbag.py:588} INFO - Filling up the DagBag from /opt/airflow/dags/dag_with_catchup_and_backfill.py
[2025-01-20T14:05:42.624+0000] {processor.py:925} INFO - DAG(s) 'dag_with_catchup_and_backfill_2' retrieved from /opt/airflow/dags/dag_with_catchup_and_backfill.py
[2025-01-20T14:05:42.786+0000] {logging_mixin.py:190} INFO - [2025-01-20T14:05:42.786+0000] {dag.py:3239} INFO - Sync 1 DAGs
[2025-01-20T14:05:42.803+0000] {logging_mixin.py:190} INFO - [2025-01-20T14:05:42.803+0000] {dag.py:4180} INFO - Setting next_dagrun for dag_with_catchup_and_backfill_2 to 2025-01-19 00:00:00+00:00, run_after=2025-01-20 00:00:00+00:00
[2025-01-20T14:05:42.822+0000] {processor.py:208} INFO - Processing /opt/airflow/dags/dag_with_catchup_and_backfill.py took 0.222 seconds
[2025-01-20T14:06:13.422+0000] {processor.py:186} INFO - Started process (PID=736) to work on /opt/airflow/dags/dag_with_catchup_and_backfill.py
[2025-01-20T14:06:13.423+0000] {processor.py:914} INFO - Processing file /opt/airflow/dags/dag_with_catchup_and_backfill.py for tasks to queue
[2025-01-20T14:06:13.424+0000] {logging_mixin.py:190} INFO - [2025-01-20T14:06:13.424+0000] {dagbag.py:588} INFO - Filling up the DagBag from /opt/airflow/dags/dag_with_catchup_and_backfill.py
[2025-01-20T14:06:13.438+0000] {processor.py:925} INFO - DAG(s) 'dag_with_catchup_and_backfill_2' retrieved from /opt/airflow/dags/dag_with_catchup_and_backfill.py
[2025-01-20T14:06:13.456+0000] {logging_mixin.py:190} INFO - [2025-01-20T14:06:13.456+0000] {dag.py:3239} INFO - Sync 1 DAGs
[2025-01-20T14:06:13.474+0000] {logging_mixin.py:190} INFO - [2025-01-20T14:06:13.474+0000] {dag.py:4180} INFO - Setting next_dagrun for dag_with_catchup_and_backfill_2 to 2025-01-19 00:00:00+00:00, run_after=2025-01-20 00:00:00+00:00
[2025-01-20T14:06:13.490+0000] {processor.py:208} INFO - Processing /opt/airflow/dags/dag_with_catchup_and_backfill.py took 0.072 seconds
[2025-01-20T14:06:43.984+0000] {processor.py:186} INFO - Started process (PID=777) to work on /opt/airflow/dags/dag_with_catchup_and_backfill.py
[2025-01-20T14:06:43.985+0000] {processor.py:914} INFO - Processing file /opt/airflow/dags/dag_with_catchup_and_backfill.py for tasks to queue
[2025-01-20T14:06:43.987+0000] {logging_mixin.py:190} INFO - [2025-01-20T14:06:43.986+0000] {dagbag.py:588} INFO - Filling up the DagBag from /opt/airflow/dags/dag_with_catchup_and_backfill.py
[2025-01-20T14:06:44.001+0000] {processor.py:925} INFO - DAG(s) 'dag_with_catchup_and_backfill_2' retrieved from /opt/airflow/dags/dag_with_catchup_and_backfill.py
[2025-01-20T14:06:44.020+0000] {logging_mixin.py:190} INFO - [2025-01-20T14:06:44.019+0000] {dag.py:3239} INFO - Sync 1 DAGs
[2025-01-20T14:06:44.039+0000] {logging_mixin.py:190} INFO - [2025-01-20T14:06:44.039+0000] {dag.py:4180} INFO - Setting next_dagrun for dag_with_catchup_and_backfill_2 to 2025-01-19 00:00:00+00:00, run_after=2025-01-20 00:00:00+00:00
[2025-01-20T14:06:44.055+0000] {processor.py:208} INFO - Processing /opt/airflow/dags/dag_with_catchup_and_backfill.py took 0.075 seconds
[2025-01-20T14:07:14.546+0000] {processor.py:186} INFO - Started process (PID=818) to work on /opt/airflow/dags/dag_with_catchup_and_backfill.py
[2025-01-20T14:07:14.547+0000] {processor.py:914} INFO - Processing file /opt/airflow/dags/dag_with_catchup_and_backfill.py for tasks to queue
[2025-01-20T14:07:14.548+0000] {logging_mixin.py:190} INFO - [2025-01-20T14:07:14.548+0000] {dagbag.py:588} INFO - Filling up the DagBag from /opt/airflow/dags/dag_with_catchup_and_backfill.py
[2025-01-20T14:07:14.561+0000] {processor.py:925} INFO - DAG(s) 'dag_with_catchup_and_backfill_2' retrieved from /opt/airflow/dags/dag_with_catchup_and_backfill.py
[2025-01-20T14:07:14.579+0000] {logging_mixin.py:190} INFO - [2025-01-20T14:07:14.579+0000] {dag.py:3239} INFO - Sync 1 DAGs
[2025-01-20T14:07:14.597+0000] {logging_mixin.py:190} INFO - [2025-01-20T14:07:14.597+0000] {dag.py:4180} INFO - Setting next_dagrun for dag_with_catchup_and_backfill_2 to 2025-01-19 00:00:00+00:00, run_after=2025-01-20 00:00:00+00:00
[2025-01-20T14:07:14.617+0000] {processor.py:208} INFO - Processing /opt/airflow/dags/dag_with_catchup_and_backfill.py took 0.075 seconds
[2025-01-20T14:07:45.141+0000] {processor.py:186} INFO - Started process (PID=859) to work on /opt/airflow/dags/dag_with_catchup_and_backfill.py
[2025-01-20T14:07:45.141+0000] {processor.py:914} INFO - Processing file /opt/airflow/dags/dag_with_catchup_and_backfill.py for tasks to queue
[2025-01-20T14:07:45.145+0000] {logging_mixin.py:190} INFO - [2025-01-20T14:07:45.144+0000] {dagbag.py:588} INFO - Filling up the DagBag from /opt/airflow/dags/dag_with_catchup_and_backfill.py
[2025-01-20T14:07:45.163+0000] {processor.py:925} INFO - DAG(s) 'dag_with_catchup_and_backfill_2' retrieved from /opt/airflow/dags/dag_with_catchup_and_backfill.py
[2025-01-20T14:07:45.187+0000] {logging_mixin.py:190} INFO - [2025-01-20T14:07:45.187+0000] {dag.py:3239} INFO - Sync 1 DAGs
[2025-01-20T14:07:45.217+0000] {logging_mixin.py:190} INFO - [2025-01-20T14:07:45.217+0000] {dag.py:4180} INFO - Setting next_dagrun for dag_with_catchup_and_backfill_2 to 2025-01-19 00:00:00+00:00, run_after=2025-01-20 00:00:00+00:00
[2025-01-20T14:07:45.237+0000] {processor.py:208} INFO - Processing /opt/airflow/dags/dag_with_catchup_and_backfill.py took 0.102 seconds
[2025-01-20T14:08:15.621+0000] {processor.py:186} INFO - Started process (PID=900) to work on /opt/airflow/dags/dag_with_catchup_and_backfill.py
[2025-01-20T14:08:15.622+0000] {processor.py:914} INFO - Processing file /opt/airflow/dags/dag_with_catchup_and_backfill.py for tasks to queue
[2025-01-20T14:08:15.623+0000] {logging_mixin.py:190} INFO - [2025-01-20T14:08:15.623+0000] {dagbag.py:588} INFO - Filling up the DagBag from /opt/airflow/dags/dag_with_catchup_and_backfill.py
[2025-01-20T14:08:15.637+0000] {processor.py:925} INFO - DAG(s) 'dag_with_catchup_and_backfill_2' retrieved from /opt/airflow/dags/dag_with_catchup_and_backfill.py
[2025-01-20T14:08:15.656+0000] {logging_mixin.py:190} INFO - [2025-01-20T14:08:15.655+0000] {dag.py:3239} INFO - Sync 1 DAGs
[2025-01-20T14:08:15.674+0000] {logging_mixin.py:190} INFO - [2025-01-20T14:08:15.673+0000] {dag.py:4180} INFO - Setting next_dagrun for dag_with_catchup_and_backfill_2 to 2025-01-19 00:00:00+00:00, run_after=2025-01-20 00:00:00+00:00
[2025-01-20T14:08:15.687+0000] {processor.py:208} INFO - Processing /opt/airflow/dags/dag_with_catchup_and_backfill.py took 0.070 seconds
[2025-01-20T14:08:46.139+0000] {processor.py:186} INFO - Started process (PID=941) to work on /opt/airflow/dags/dag_with_catchup_and_backfill.py
[2025-01-20T14:08:46.139+0000] {processor.py:914} INFO - Processing file /opt/airflow/dags/dag_with_catchup_and_backfill.py for tasks to queue
[2025-01-20T14:08:46.141+0000] {logging_mixin.py:190} INFO - [2025-01-20T14:08:46.141+0000] {dagbag.py:588} INFO - Filling up the DagBag from /opt/airflow/dags/dag_with_catchup_and_backfill.py
[2025-01-20T14:08:46.155+0000] {processor.py:925} INFO - DAG(s) 'dag_with_catchup_and_backfill_2' retrieved from /opt/airflow/dags/dag_with_catchup_and_backfill.py
[2025-01-20T14:08:46.173+0000] {logging_mixin.py:190} INFO - [2025-01-20T14:08:46.173+0000] {dag.py:3239} INFO - Sync 1 DAGs
[2025-01-20T14:08:46.191+0000] {logging_mixin.py:190} INFO - [2025-01-20T14:08:46.191+0000] {dag.py:4180} INFO - Setting next_dagrun for dag_with_catchup_and_backfill_2 to 2025-01-19 00:00:00+00:00, run_after=2025-01-20 00:00:00+00:00
[2025-01-20T14:08:46.204+0000] {processor.py:208} INFO - Processing /opt/airflow/dags/dag_with_catchup_and_backfill.py took 0.070 seconds
[2025-01-20T14:09:16.646+0000] {processor.py:186} INFO - Started process (PID=982) to work on /opt/airflow/dags/dag_with_catchup_and_backfill.py
[2025-01-20T14:09:16.647+0000] {processor.py:914} INFO - Processing file /opt/airflow/dags/dag_with_catchup_and_backfill.py for tasks to queue
[2025-01-20T14:09:16.649+0000] {logging_mixin.py:190} INFO - [2025-01-20T14:09:16.648+0000] {dagbag.py:588} INFO - Filling up the DagBag from /opt/airflow/dags/dag_with_catchup_and_backfill.py
[2025-01-20T14:09:16.662+0000] {processor.py:925} INFO - DAG(s) 'dag_with_catchup_and_backfill_2' retrieved from /opt/airflow/dags/dag_with_catchup_and_backfill.py
[2025-01-20T14:09:16.681+0000] {logging_mixin.py:190} INFO - [2025-01-20T14:09:16.680+0000] {dag.py:3239} INFO - Sync 1 DAGs
[2025-01-20T14:09:16.698+0000] {logging_mixin.py:190} INFO - [2025-01-20T14:09:16.698+0000] {dag.py:4180} INFO - Setting next_dagrun for dag_with_catchup_and_backfill_2 to 2025-01-19 00:00:00+00:00, run_after=2025-01-20 00:00:00+00:00
[2025-01-20T14:09:16.712+0000] {processor.py:208} INFO - Processing /opt/airflow/dags/dag_with_catchup_and_backfill.py took 0.071 seconds
[2025-01-20T14:09:47.243+0000] {processor.py:186} INFO - Started process (PID=1023) to work on /opt/airflow/dags/dag_with_catchup_and_backfill.py
[2025-01-20T14:09:47.244+0000] {processor.py:914} INFO - Processing file /opt/airflow/dags/dag_with_catchup_and_backfill.py for tasks to queue
[2025-01-20T14:09:47.246+0000] {logging_mixin.py:190} INFO - [2025-01-20T14:09:47.245+0000] {dagbag.py:588} INFO - Filling up the DagBag from /opt/airflow/dags/dag_with_catchup_and_backfill.py
[2025-01-20T14:09:47.260+0000] {processor.py:925} INFO - DAG(s) 'dag_with_catchup_and_backfill_2' retrieved from /opt/airflow/dags/dag_with_catchup_and_backfill.py
[2025-01-20T14:09:47.280+0000] {logging_mixin.py:190} INFO - [2025-01-20T14:09:47.280+0000] {dag.py:3239} INFO - Sync 1 DAGs
[2025-01-20T14:09:47.302+0000] {logging_mixin.py:190} INFO - [2025-01-20T14:09:47.302+0000] {dag.py:4180} INFO - Setting next_dagrun for dag_with_catchup_and_backfill_2 to 2025-01-19 00:00:00+00:00, run_after=2025-01-20 00:00:00+00:00
[2025-01-20T14:09:47.318+0000] {processor.py:208} INFO - Processing /opt/airflow/dags/dag_with_catchup_and_backfill.py took 0.079 seconds
[2025-01-20T14:10:17.775+0000] {processor.py:186} INFO - Started process (PID=1064) to work on /opt/airflow/dags/dag_with_catchup_and_backfill.py
[2025-01-20T14:10:17.775+0000] {processor.py:914} INFO - Processing file /opt/airflow/dags/dag_with_catchup_and_backfill.py for tasks to queue
[2025-01-20T14:10:17.778+0000] {logging_mixin.py:190} INFO - [2025-01-20T14:10:17.777+0000] {dagbag.py:588} INFO - Filling up the DagBag from /opt/airflow/dags/dag_with_catchup_and_backfill.py
[2025-01-20T14:10:17.793+0000] {processor.py:925} INFO - DAG(s) 'dag_with_catchup_and_backfill_2' retrieved from /opt/airflow/dags/dag_with_catchup_and_backfill.py
[2025-01-20T14:10:17.815+0000] {logging_mixin.py:190} INFO - [2025-01-20T14:10:17.815+0000] {dag.py:3239} INFO - Sync 1 DAGs
[2025-01-20T14:10:17.835+0000] {logging_mixin.py:190} INFO - [2025-01-20T14:10:17.835+0000] {dag.py:4180} INFO - Setting next_dagrun for dag_with_catchup_and_backfill_2 to 2025-01-19 00:00:00+00:00, run_after=2025-01-20 00:00:00+00:00
[2025-01-20T14:10:17.852+0000] {processor.py:208} INFO - Processing /opt/airflow/dags/dag_with_catchup_and_backfill.py took 0.083 seconds
[2025-01-20T14:10:48.300+0000] {processor.py:186} INFO - Started process (PID=1105) to work on /opt/airflow/dags/dag_with_catchup_and_backfill.py
[2025-01-20T14:10:48.301+0000] {processor.py:914} INFO - Processing file /opt/airflow/dags/dag_with_catchup_and_backfill.py for tasks to queue
[2025-01-20T14:10:48.303+0000] {logging_mixin.py:190} INFO - [2025-01-20T14:10:48.303+0000] {dagbag.py:588} INFO - Filling up the DagBag from /opt/airflow/dags/dag_with_catchup_and_backfill.py
[2025-01-20T14:10:48.316+0000] {processor.py:925} INFO - DAG(s) 'dag_with_catchup_and_backfill_2' retrieved from /opt/airflow/dags/dag_with_catchup_and_backfill.py
[2025-01-20T14:10:48.335+0000] {logging_mixin.py:190} INFO - [2025-01-20T14:10:48.335+0000] {dag.py:3239} INFO - Sync 1 DAGs
[2025-01-20T14:10:48.353+0000] {logging_mixin.py:190} INFO - [2025-01-20T14:10:48.353+0000] {dag.py:4180} INFO - Setting next_dagrun for dag_with_catchup_and_backfill_2 to 2025-01-19 00:00:00+00:00, run_after=2025-01-20 00:00:00+00:00
[2025-01-20T14:10:48.374+0000] {processor.py:208} INFO - Processing /opt/airflow/dags/dag_with_catchup_and_backfill.py took 0.079 seconds
[2025-01-20T14:11:18.788+0000] {processor.py:186} INFO - Started process (PID=1146) to work on /opt/airflow/dags/dag_with_catchup_and_backfill.py
[2025-01-20T14:11:18.789+0000] {processor.py:914} INFO - Processing file /opt/airflow/dags/dag_with_catchup_and_backfill.py for tasks to queue
[2025-01-20T14:11:18.790+0000] {logging_mixin.py:190} INFO - [2025-01-20T14:11:18.790+0000] {dagbag.py:588} INFO - Filling up the DagBag from /opt/airflow/dags/dag_with_catchup_and_backfill.py
[2025-01-20T14:11:18.804+0000] {processor.py:925} INFO - DAG(s) 'dag_with_catchup_and_backfill_2' retrieved from /opt/airflow/dags/dag_with_catchup_and_backfill.py
[2025-01-20T14:11:18.822+0000] {logging_mixin.py:190} INFO - [2025-01-20T14:11:18.822+0000] {dag.py:3239} INFO - Sync 1 DAGs
[2025-01-20T14:11:18.841+0000] {logging_mixin.py:190} INFO - [2025-01-20T14:11:18.841+0000] {dag.py:4180} INFO - Setting next_dagrun for dag_with_catchup_and_backfill_2 to 2025-01-19 00:00:00+00:00, run_after=2025-01-20 00:00:00+00:00
[2025-01-20T14:11:18.855+0000] {processor.py:208} INFO - Processing /opt/airflow/dags/dag_with_catchup_and_backfill.py took 0.071 seconds
[2025-01-20T14:11:49.295+0000] {processor.py:186} INFO - Started process (PID=1187) to work on /opt/airflow/dags/dag_with_catchup_and_backfill.py
[2025-01-20T14:11:49.296+0000] {processor.py:914} INFO - Processing file /opt/airflow/dags/dag_with_catchup_and_backfill.py for tasks to queue
[2025-01-20T14:11:49.297+0000] {logging_mixin.py:190} INFO - [2025-01-20T14:11:49.297+0000] {dagbag.py:588} INFO - Filling up the DagBag from /opt/airflow/dags/dag_with_catchup_and_backfill.py
[2025-01-20T14:11:49.311+0000] {processor.py:925} INFO - DAG(s) 'dag_with_catchup_and_backfill_2' retrieved from /opt/airflow/dags/dag_with_catchup_and_backfill.py
[2025-01-20T14:11:49.329+0000] {logging_mixin.py:190} INFO - [2025-01-20T14:11:49.329+0000] {dag.py:3239} INFO - Sync 1 DAGs
[2025-01-20T14:11:49.347+0000] {logging_mixin.py:190} INFO - [2025-01-20T14:11:49.346+0000] {dag.py:4180} INFO - Setting next_dagrun for dag_with_catchup_and_backfill_2 to 2025-01-19 00:00:00+00:00, run_after=2025-01-20 00:00:00+00:00
[2025-01-20T14:11:49.360+0000] {processor.py:208} INFO - Processing /opt/airflow/dags/dag_with_catchup_and_backfill.py took 0.071 seconds
[2025-01-20T19:14:05.028+0000] {processor.py:186} INFO - Started process (PID=197) to work on /opt/airflow/dags/dag_with_catchup_and_backfill.py
[2025-01-20T19:14:05.029+0000] {processor.py:914} INFO - Processing file /opt/airflow/dags/dag_with_catchup_and_backfill.py for tasks to queue
[2025-01-20T19:14:05.030+0000] {logging_mixin.py:190} INFO - [2025-01-20T19:14:05.030+0000] {dagbag.py:588} INFO - Filling up the DagBag from /opt/airflow/dags/dag_with_catchup_and_backfill.py
[2025-01-20T19:14:05.045+0000] {processor.py:925} INFO - DAG(s) 'dag_with_catchup_and_backfill_2' retrieved from /opt/airflow/dags/dag_with_catchup_and_backfill.py
[2025-01-20T19:14:05.065+0000] {logging_mixin.py:190} INFO - [2025-01-20T19:14:05.065+0000] {dag.py:3239} INFO - Sync 1 DAGs
[2025-01-20T19:14:05.087+0000] {logging_mixin.py:190} INFO - [2025-01-20T19:14:05.086+0000] {dag.py:4180} INFO - Setting next_dagrun for dag_with_catchup_and_backfill_2 to 2025-01-19 00:00:00+00:00, run_after=2025-01-20 00:00:00+00:00
[2025-01-20T19:14:05.109+0000] {processor.py:208} INFO - Processing /opt/airflow/dags/dag_with_catchup_and_backfill.py took 0.085 seconds
[2025-01-20T19:14:35.872+0000] {processor.py:186} INFO - Started process (PID=240) to work on /opt/airflow/dags/dag_with_catchup_and_backfill.py
[2025-01-20T19:14:35.873+0000] {processor.py:914} INFO - Processing file /opt/airflow/dags/dag_with_catchup_and_backfill.py for tasks to queue
[2025-01-20T19:14:35.876+0000] {logging_mixin.py:190} INFO - [2025-01-20T19:14:35.876+0000] {dagbag.py:588} INFO - Filling up the DagBag from /opt/airflow/dags/dag_with_catchup_and_backfill.py
[2025-01-20T19:14:35.895+0000] {processor.py:925} INFO - DAG(s) 'dag_with_catchup_and_backfill_2' retrieved from /opt/airflow/dags/dag_with_catchup_and_backfill.py
[2025-01-20T19:14:35.928+0000] {logging_mixin.py:190} INFO - [2025-01-20T19:14:35.928+0000] {dag.py:3239} INFO - Sync 1 DAGs
[2025-01-20T19:14:35.957+0000] {logging_mixin.py:190} INFO - [2025-01-20T19:14:35.956+0000] {dag.py:4180} INFO - Setting next_dagrun for dag_with_catchup_and_backfill_2 to 2025-01-19 00:00:00+00:00, run_after=2025-01-20 00:00:00+00:00
[2025-01-20T19:14:35.977+0000] {processor.py:208} INFO - Processing /opt/airflow/dags/dag_with_catchup_and_backfill.py took 0.111 seconds
[2025-01-20T19:15:06.673+0000] {processor.py:186} INFO - Started process (PID=281) to work on /opt/airflow/dags/dag_with_catchup_and_backfill.py
[2025-01-20T19:15:06.674+0000] {processor.py:914} INFO - Processing file /opt/airflow/dags/dag_with_catchup_and_backfill.py for tasks to queue
[2025-01-20T19:15:06.675+0000] {logging_mixin.py:190} INFO - [2025-01-20T19:15:06.675+0000] {dagbag.py:588} INFO - Filling up the DagBag from /opt/airflow/dags/dag_with_catchup_and_backfill.py
[2025-01-20T19:15:06.690+0000] {processor.py:925} INFO - DAG(s) 'dag_with_catchup_and_backfill_2' retrieved from /opt/airflow/dags/dag_with_catchup_and_backfill.py
[2025-01-20T19:15:06.709+0000] {logging_mixin.py:190} INFO - [2025-01-20T19:15:06.709+0000] {dag.py:3239} INFO - Sync 1 DAGs
[2025-01-20T19:15:06.728+0000] {logging_mixin.py:190} INFO - [2025-01-20T19:15:06.727+0000] {dag.py:4180} INFO - Setting next_dagrun for dag_with_catchup_and_backfill_2 to 2025-01-19 00:00:00+00:00, run_after=2025-01-20 00:00:00+00:00
[2025-01-20T19:15:06.741+0000] {processor.py:208} INFO - Processing /opt/airflow/dags/dag_with_catchup_and_backfill.py took 0.073 seconds
[2025-01-20T19:15:37.404+0000] {processor.py:186} INFO - Started process (PID=322) to work on /opt/airflow/dags/dag_with_catchup_and_backfill.py
[2025-01-20T19:15:37.404+0000] {processor.py:914} INFO - Processing file /opt/airflow/dags/dag_with_catchup_and_backfill.py for tasks to queue
[2025-01-20T19:15:37.406+0000] {logging_mixin.py:190} INFO - [2025-01-20T19:15:37.406+0000] {dagbag.py:588} INFO - Filling up the DagBag from /opt/airflow/dags/dag_with_catchup_and_backfill.py
[2025-01-20T19:15:37.421+0000] {processor.py:925} INFO - DAG(s) 'dag_with_catchup_and_backfill_2' retrieved from /opt/airflow/dags/dag_with_catchup_and_backfill.py
[2025-01-20T19:15:37.443+0000] {logging_mixin.py:190} INFO - [2025-01-20T19:15:37.443+0000] {dag.py:3239} INFO - Sync 1 DAGs
[2025-01-20T19:15:37.465+0000] {logging_mixin.py:190} INFO - [2025-01-20T19:15:37.464+0000] {dag.py:4180} INFO - Setting next_dagrun for dag_with_catchup_and_backfill_2 to 2025-01-19 00:00:00+00:00, run_after=2025-01-20 00:00:00+00:00
[2025-01-20T19:15:37.485+0000] {processor.py:208} INFO - Processing /opt/airflow/dags/dag_with_catchup_and_backfill.py took 0.086 seconds
[2025-01-20T19:16:08.271+0000] {processor.py:186} INFO - Started process (PID=369) to work on /opt/airflow/dags/dag_with_catchup_and_backfill.py
[2025-01-20T19:16:08.273+0000] {processor.py:914} INFO - Processing file /opt/airflow/dags/dag_with_catchup_and_backfill.py for tasks to queue
[2025-01-20T19:16:08.276+0000] {logging_mixin.py:190} INFO - [2025-01-20T19:16:08.276+0000] {dagbag.py:588} INFO - Filling up the DagBag from /opt/airflow/dags/dag_with_catchup_and_backfill.py
[2025-01-20T19:16:08.298+0000] {processor.py:925} INFO - DAG(s) 'dag_with_catchup_and_backfill_2' retrieved from /opt/airflow/dags/dag_with_catchup_and_backfill.py
[2025-01-20T19:16:08.337+0000] {logging_mixin.py:190} INFO - [2025-01-20T19:16:08.336+0000] {dag.py:3239} INFO - Sync 1 DAGs
[2025-01-20T19:16:08.388+0000] {logging_mixin.py:190} INFO - [2025-01-20T19:16:08.388+0000] {dag.py:4180} INFO - Setting next_dagrun for dag_with_catchup_and_backfill_2 to 2025-01-19 00:00:00+00:00, run_after=2025-01-20 00:00:00+00:00
[2025-01-20T19:16:08.428+0000] {processor.py:208} INFO - Processing /opt/airflow/dags/dag_with_catchup_and_backfill.py took 0.167 seconds
[2025-01-20T19:16:39.213+0000] {processor.py:186} INFO - Started process (PID=410) to work on /opt/airflow/dags/dag_with_catchup_and_backfill.py
[2025-01-20T19:16:39.214+0000] {processor.py:914} INFO - Processing file /opt/airflow/dags/dag_with_catchup_and_backfill.py for tasks to queue
[2025-01-20T19:16:39.216+0000] {logging_mixin.py:190} INFO - [2025-01-20T19:16:39.215+0000] {dagbag.py:588} INFO - Filling up the DagBag from /opt/airflow/dags/dag_with_catchup_and_backfill.py
[2025-01-20T19:16:39.230+0000] {processor.py:925} INFO - DAG(s) 'dag_with_catchup_and_backfill_2' retrieved from /opt/airflow/dags/dag_with_catchup_and_backfill.py
[2025-01-20T19:16:39.249+0000] {logging_mixin.py:190} INFO - [2025-01-20T19:16:39.249+0000] {dag.py:3239} INFO - Sync 1 DAGs
[2025-01-20T19:16:39.269+0000] {logging_mixin.py:190} INFO - [2025-01-20T19:16:39.269+0000] {dag.py:4180} INFO - Setting next_dagrun for dag_with_catchup_and_backfill_2 to 2025-01-19 00:00:00+00:00, run_after=2025-01-20 00:00:00+00:00
[2025-01-20T19:16:39.285+0000] {processor.py:208} INFO - Processing /opt/airflow/dags/dag_with_catchup_and_backfill.py took 0.077 seconds
[2025-01-20T19:17:09.970+0000] {processor.py:186} INFO - Started process (PID=451) to work on /opt/airflow/dags/dag_with_catchup_and_backfill.py
[2025-01-20T19:17:09.971+0000] {processor.py:914} INFO - Processing file /opt/airflow/dags/dag_with_catchup_and_backfill.py for tasks to queue
[2025-01-20T19:17:09.973+0000] {logging_mixin.py:190} INFO - [2025-01-20T19:17:09.973+0000] {dagbag.py:588} INFO - Filling up the DagBag from /opt/airflow/dags/dag_with_catchup_and_backfill.py
[2025-01-20T19:17:09.988+0000] {processor.py:925} INFO - DAG(s) 'dag_with_catchup_and_backfill_2' retrieved from /opt/airflow/dags/dag_with_catchup_and_backfill.py
[2025-01-20T19:17:10.009+0000] {logging_mixin.py:190} INFO - [2025-01-20T19:17:10.009+0000] {dag.py:3239} INFO - Sync 1 DAGs
[2025-01-20T19:17:10.029+0000] {logging_mixin.py:190} INFO - [2025-01-20T19:17:10.029+0000] {dag.py:4180} INFO - Setting next_dagrun for dag_with_catchup_and_backfill_2 to 2025-01-19 00:00:00+00:00, run_after=2025-01-20 00:00:00+00:00
[2025-01-20T19:17:10.044+0000] {processor.py:208} INFO - Processing /opt/airflow/dags/dag_with_catchup_and_backfill.py took 0.079 seconds
[2025-01-20T19:17:40.738+0000] {processor.py:186} INFO - Started process (PID=492) to work on /opt/airflow/dags/dag_with_catchup_and_backfill.py
[2025-01-20T19:17:40.739+0000] {processor.py:914} INFO - Processing file /opt/airflow/dags/dag_with_catchup_and_backfill.py for tasks to queue
[2025-01-20T19:17:40.741+0000] {logging_mixin.py:190} INFO - [2025-01-20T19:17:40.741+0000] {dagbag.py:588} INFO - Filling up the DagBag from /opt/airflow/dags/dag_with_catchup_and_backfill.py
[2025-01-20T19:17:40.757+0000] {processor.py:925} INFO - DAG(s) 'dag_with_catchup_and_backfill_2' retrieved from /opt/airflow/dags/dag_with_catchup_and_backfill.py
[2025-01-20T19:17:40.778+0000] {logging_mixin.py:190} INFO - [2025-01-20T19:17:40.778+0000] {dag.py:3239} INFO - Sync 1 DAGs
[2025-01-20T19:17:40.800+0000] {logging_mixin.py:190} INFO - [2025-01-20T19:17:40.799+0000] {dag.py:4180} INFO - Setting next_dagrun for dag_with_catchup_and_backfill_2 to 2025-01-19 00:00:00+00:00, run_after=2025-01-20 00:00:00+00:00
[2025-01-20T19:17:40.814+0000] {processor.py:208} INFO - Processing /opt/airflow/dags/dag_with_catchup_and_backfill.py took 0.080 seconds
[2025-01-20T19:18:11.674+0000] {processor.py:186} INFO - Started process (PID=533) to work on /opt/airflow/dags/dag_with_catchup_and_backfill.py
[2025-01-20T19:18:11.676+0000] {processor.py:914} INFO - Processing file /opt/airflow/dags/dag_with_catchup_and_backfill.py for tasks to queue
[2025-01-20T19:18:11.678+0000] {logging_mixin.py:190} INFO - [2025-01-20T19:18:11.678+0000] {dagbag.py:588} INFO - Filling up the DagBag from /opt/airflow/dags/dag_with_catchup_and_backfill.py
[2025-01-20T19:18:11.694+0000] {processor.py:925} INFO - DAG(s) 'dag_with_catchup_and_backfill_2' retrieved from /opt/airflow/dags/dag_with_catchup_and_backfill.py
[2025-01-20T19:18:11.719+0000] {logging_mixin.py:190} INFO - [2025-01-20T19:18:11.719+0000] {dag.py:3239} INFO - Sync 1 DAGs
[2025-01-20T19:18:11.742+0000] {logging_mixin.py:190} INFO - [2025-01-20T19:18:11.742+0000] {dag.py:4180} INFO - Setting next_dagrun for dag_with_catchup_and_backfill_2 to 2025-01-19 00:00:00+00:00, run_after=2025-01-20 00:00:00+00:00
[2025-01-20T19:18:11.760+0000] {processor.py:208} INFO - Processing /opt/airflow/dags/dag_with_catchup_and_backfill.py took 0.093 seconds
[2025-01-20T19:18:42.402+0000] {processor.py:186} INFO - Started process (PID=572) to work on /opt/airflow/dags/dag_with_catchup_and_backfill.py
[2025-01-20T19:18:42.403+0000] {processor.py:914} INFO - Processing file /opt/airflow/dags/dag_with_catchup_and_backfill.py for tasks to queue
[2025-01-20T19:18:42.406+0000] {logging_mixin.py:190} INFO - [2025-01-20T19:18:42.405+0000] {dagbag.py:588} INFO - Filling up the DagBag from /opt/airflow/dags/dag_with_catchup_and_backfill.py
[2025-01-20T19:18:42.421+0000] {processor.py:925} INFO - DAG(s) 'dag_with_catchup_and_backfill_2' retrieved from /opt/airflow/dags/dag_with_catchup_and_backfill.py
[2025-01-20T19:18:42.444+0000] {logging_mixin.py:190} INFO - [2025-01-20T19:18:42.444+0000] {dag.py:3239} INFO - Sync 1 DAGs
[2025-01-20T19:18:42.465+0000] {logging_mixin.py:190} INFO - [2025-01-20T19:18:42.465+0000] {dag.py:4180} INFO - Setting next_dagrun for dag_with_catchup_and_backfill_2 to 2025-01-19 00:00:00+00:00, run_after=2025-01-20 00:00:00+00:00
[2025-01-20T19:18:42.484+0000] {processor.py:208} INFO - Processing /opt/airflow/dags/dag_with_catchup_and_backfill.py took 0.086 seconds
[2025-01-20T19:19:13.161+0000] {processor.py:186} INFO - Started process (PID=618) to work on /opt/airflow/dags/dag_with_catchup_and_backfill.py
[2025-01-20T19:19:13.162+0000] {processor.py:914} INFO - Processing file /opt/airflow/dags/dag_with_catchup_and_backfill.py for tasks to queue
[2025-01-20T19:19:13.164+0000] {logging_mixin.py:190} INFO - [2025-01-20T19:19:13.164+0000] {dagbag.py:588} INFO - Filling up the DagBag from /opt/airflow/dags/dag_with_catchup_and_backfill.py
[2025-01-20T19:19:13.180+0000] {processor.py:925} INFO - DAG(s) 'dag_with_catchup_and_backfill_2' retrieved from /opt/airflow/dags/dag_with_catchup_and_backfill.py
[2025-01-20T19:19:13.221+0000] {logging_mixin.py:190} INFO - [2025-01-20T19:19:13.221+0000] {dag.py:3239} INFO - Sync 1 DAGs
[2025-01-20T19:19:13.247+0000] {logging_mixin.py:190} INFO - [2025-01-20T19:19:13.246+0000] {dag.py:4180} INFO - Setting next_dagrun for dag_with_catchup_and_backfill_2 to 2025-01-19 00:00:00+00:00, run_after=2025-01-20 00:00:00+00:00
[2025-01-20T19:19:13.474+0000] {processor.py:208} INFO - Processing /opt/airflow/dags/dag_with_catchup_and_backfill.py took 0.319 seconds
[2025-01-20T19:19:43.793+0000] {processor.py:186} INFO - Started process (PID=664) to work on /opt/airflow/dags/dag_with_catchup_and_backfill.py
[2025-01-20T19:19:43.796+0000] {processor.py:914} INFO - Processing file /opt/airflow/dags/dag_with_catchup_and_backfill.py for tasks to queue
[2025-01-20T19:19:43.801+0000] {logging_mixin.py:190} INFO - [2025-01-20T19:19:43.801+0000] {dagbag.py:588} INFO - Filling up the DagBag from /opt/airflow/dags/dag_with_catchup_and_backfill.py
[2025-01-20T19:19:43.821+0000] {processor.py:925} INFO - DAG(s) 'dag_with_catchup_and_backfill_2' retrieved from /opt/airflow/dags/dag_with_catchup_and_backfill.py
[2025-01-20T19:19:43.855+0000] {logging_mixin.py:190} INFO - [2025-01-20T19:19:43.854+0000] {dag.py:3239} INFO - Sync 1 DAGs
[2025-01-20T19:19:44.098+0000] {logging_mixin.py:190} INFO - [2025-01-20T19:19:44.098+0000] {dag.py:4180} INFO - Setting next_dagrun for dag_with_catchup_and_backfill_2 to 2025-01-19 00:00:00+00:00, run_after=2025-01-20 00:00:00+00:00
[2025-01-20T19:19:44.119+0000] {processor.py:208} INFO - Processing /opt/airflow/dags/dag_with_catchup_and_backfill.py took 0.333 seconds
[2025-01-20T19:20:14.586+0000] {processor.py:186} INFO - Started process (PID=719) to work on /opt/airflow/dags/dag_with_catchup_and_backfill.py
[2025-01-20T19:20:14.587+0000] {processor.py:914} INFO - Processing file /opt/airflow/dags/dag_with_catchup_and_backfill.py for tasks to queue
[2025-01-20T19:20:14.589+0000] {logging_mixin.py:190} INFO - [2025-01-20T19:20:14.589+0000] {dagbag.py:588} INFO - Filling up the DagBag from /opt/airflow/dags/dag_with_catchup_and_backfill.py
[2025-01-20T19:20:14.604+0000] {processor.py:925} INFO - DAG(s) 'dag_with_catchup_and_backfill_2' retrieved from /opt/airflow/dags/dag_with_catchup_and_backfill.py
[2025-01-20T19:20:14.822+0000] {logging_mixin.py:190} INFO - [2025-01-20T19:20:14.821+0000] {dag.py:3239} INFO - Sync 1 DAGs
[2025-01-20T19:20:14.848+0000] {logging_mixin.py:190} INFO - [2025-01-20T19:20:14.848+0000] {dag.py:4180} INFO - Setting next_dagrun for dag_with_catchup_and_backfill_2 to 2025-01-19 00:00:00+00:00, run_after=2025-01-20 00:00:00+00:00
[2025-01-20T19:20:14.867+0000] {processor.py:208} INFO - Processing /opt/airflow/dags/dag_with_catchup_and_backfill.py took 0.287 seconds
[2025-01-20T19:20:45.026+0000] {processor.py:186} INFO - Started process (PID=767) to work on /opt/airflow/dags/dag_with_catchup_and_backfill.py
[2025-01-20T19:20:45.027+0000] {processor.py:914} INFO - Processing file /opt/airflow/dags/dag_with_catchup_and_backfill.py for tasks to queue
[2025-01-20T19:20:45.030+0000] {logging_mixin.py:190} INFO - [2025-01-20T19:20:45.029+0000] {dagbag.py:588} INFO - Filling up the DagBag from /opt/airflow/dags/dag_with_catchup_and_backfill.py
[2025-01-20T19:20:45.047+0000] {processor.py:925} INFO - DAG(s) 'dag_with_catchup_and_backfill_2' retrieved from /opt/airflow/dags/dag_with_catchup_and_backfill.py
[2025-01-20T19:20:45.223+0000] {logging_mixin.py:190} INFO - [2025-01-20T19:20:45.223+0000] {dag.py:3239} INFO - Sync 1 DAGs
[2025-01-20T19:20:45.241+0000] {logging_mixin.py:190} INFO - [2025-01-20T19:20:45.240+0000] {dag.py:4180} INFO - Setting next_dagrun for dag_with_catchup_and_backfill_2 to 2025-01-19 00:00:00+00:00, run_after=2025-01-20 00:00:00+00:00
[2025-01-20T19:20:45.257+0000] {processor.py:208} INFO - Processing /opt/airflow/dags/dag_with_catchup_and_backfill.py took 0.236 seconds
[2025-01-20T19:21:15.633+0000] {processor.py:186} INFO - Started process (PID=813) to work on /opt/airflow/dags/dag_with_catchup_and_backfill.py
[2025-01-20T19:21:15.634+0000] {processor.py:914} INFO - Processing file /opt/airflow/dags/dag_with_catchup_and_backfill.py for tasks to queue
[2025-01-20T19:21:15.637+0000] {logging_mixin.py:190} INFO - [2025-01-20T19:21:15.636+0000] {dagbag.py:588} INFO - Filling up the DagBag from /opt/airflow/dags/dag_with_catchup_and_backfill.py
[2025-01-20T19:21:15.657+0000] {processor.py:925} INFO - DAG(s) 'dag_with_catchup_and_backfill_2' retrieved from /opt/airflow/dags/dag_with_catchup_and_backfill.py
[2025-01-20T19:21:15.682+0000] {logging_mixin.py:190} INFO - [2025-01-20T19:21:15.682+0000] {dag.py:3239} INFO - Sync 1 DAGs
[2025-01-20T19:21:15.767+0000] {logging_mixin.py:190} INFO - [2025-01-20T19:21:15.766+0000] {dag.py:4180} INFO - Setting next_dagrun for dag_with_catchup_and_backfill_2 to 2025-01-19 00:00:00+00:00, run_after=2025-01-20 00:00:00+00:00
[2025-01-20T19:21:15.840+0000] {processor.py:208} INFO - Processing /opt/airflow/dags/dag_with_catchup_and_backfill.py took 0.214 seconds
[2025-01-20T19:21:46.532+0000] {processor.py:186} INFO - Started process (PID=858) to work on /opt/airflow/dags/dag_with_catchup_and_backfill.py
[2025-01-20T19:21:46.533+0000] {processor.py:914} INFO - Processing file /opt/airflow/dags/dag_with_catchup_and_backfill.py for tasks to queue
[2025-01-20T19:21:46.535+0000] {logging_mixin.py:190} INFO - [2025-01-20T19:21:46.535+0000] {dagbag.py:588} INFO - Filling up the DagBag from /opt/airflow/dags/dag_with_catchup_and_backfill.py
[2025-01-20T19:21:46.552+0000] {processor.py:925} INFO - DAG(s) 'dag_with_catchup_and_backfill_2' retrieved from /opt/airflow/dags/dag_with_catchup_and_backfill.py
[2025-01-20T19:21:46.578+0000] {logging_mixin.py:190} INFO - [2025-01-20T19:21:46.578+0000] {dag.py:3239} INFO - Sync 1 DAGs
[2025-01-20T19:21:46.612+0000] {logging_mixin.py:190} INFO - [2025-01-20T19:21:46.612+0000] {dag.py:4180} INFO - Setting next_dagrun for dag_with_catchup_and_backfill_2 to 2025-01-19 00:00:00+00:00, run_after=2025-01-20 00:00:00+00:00
[2025-01-20T19:21:46.648+0000] {processor.py:208} INFO - Processing /opt/airflow/dags/dag_with_catchup_and_backfill.py took 0.121 seconds
[2025-01-20T19:22:17.440+0000] {processor.py:186} INFO - Started process (PID=904) to work on /opt/airflow/dags/dag_with_catchup_and_backfill.py
[2025-01-20T19:22:17.442+0000] {processor.py:914} INFO - Processing file /opt/airflow/dags/dag_with_catchup_and_backfill.py for tasks to queue
[2025-01-20T19:22:17.447+0000] {logging_mixin.py:190} INFO - [2025-01-20T19:22:17.446+0000] {dagbag.py:588} INFO - Filling up the DagBag from /opt/airflow/dags/dag_with_catchup_and_backfill.py
[2025-01-20T19:22:17.469+0000] {processor.py:925} INFO - DAG(s) 'dag_with_catchup_and_backfill_2' retrieved from /opt/airflow/dags/dag_with_catchup_and_backfill.py
[2025-01-20T19:22:17.502+0000] {logging_mixin.py:190} INFO - [2025-01-20T19:22:17.502+0000] {dag.py:3239} INFO - Sync 1 DAGs
[2025-01-20T19:22:17.527+0000] {logging_mixin.py:190} INFO - [2025-01-20T19:22:17.526+0000] {dag.py:4180} INFO - Setting next_dagrun for dag_with_catchup_and_backfill_2 to 2025-01-19 00:00:00+00:00, run_after=2025-01-20 00:00:00+00:00
[2025-01-20T19:22:17.546+0000] {processor.py:208} INFO - Processing /opt/airflow/dags/dag_with_catchup_and_backfill.py took 0.112 seconds
[2025-01-20T19:22:48.306+0000] {processor.py:186} INFO - Started process (PID=951) to work on /opt/airflow/dags/dag_with_catchup_and_backfill.py
[2025-01-20T19:22:48.307+0000] {processor.py:914} INFO - Processing file /opt/airflow/dags/dag_with_catchup_and_backfill.py for tasks to queue
[2025-01-20T19:22:48.310+0000] {logging_mixin.py:190} INFO - [2025-01-20T19:22:48.310+0000] {dagbag.py:588} INFO - Filling up the DagBag from /opt/airflow/dags/dag_with_catchup_and_backfill.py
[2025-01-20T19:22:48.327+0000] {processor.py:925} INFO - DAG(s) 'dag_with_catchup_and_backfill_2' retrieved from /opt/airflow/dags/dag_with_catchup_and_backfill.py
[2025-01-20T19:22:48.352+0000] {logging_mixin.py:190} INFO - [2025-01-20T19:22:48.352+0000] {dag.py:3239} INFO - Sync 1 DAGs
[2025-01-20T19:22:48.375+0000] {logging_mixin.py:190} INFO - [2025-01-20T19:22:48.375+0000] {dag.py:4180} INFO - Setting next_dagrun for dag_with_catchup_and_backfill_2 to 2025-01-19 00:00:00+00:00, run_after=2025-01-20 00:00:00+00:00
[2025-01-20T19:22:48.395+0000] {processor.py:208} INFO - Processing /opt/airflow/dags/dag_with_catchup_and_backfill.py took 0.094 seconds
[2025-01-20T19:23:19.006+0000] {processor.py:186} INFO - Started process (PID=997) to work on /opt/airflow/dags/dag_with_catchup_and_backfill.py
[2025-01-20T19:23:19.006+0000] {processor.py:914} INFO - Processing file /opt/airflow/dags/dag_with_catchup_and_backfill.py for tasks to queue
[2025-01-20T19:23:19.008+0000] {logging_mixin.py:190} INFO - [2025-01-20T19:23:19.008+0000] {dagbag.py:588} INFO - Filling up the DagBag from /opt/airflow/dags/dag_with_catchup_and_backfill.py
[2025-01-20T19:23:19.024+0000] {processor.py:925} INFO - DAG(s) 'dag_with_catchup_and_backfill_2' retrieved from /opt/airflow/dags/dag_with_catchup_and_backfill.py
[2025-01-20T19:23:19.043+0000] {logging_mixin.py:190} INFO - [2025-01-20T19:23:19.043+0000] {dag.py:3239} INFO - Sync 1 DAGs
[2025-01-20T19:23:19.064+0000] {logging_mixin.py:190} INFO - [2025-01-20T19:23:19.064+0000] {dag.py:4180} INFO - Setting next_dagrun for dag_with_catchup_and_backfill_2 to 2025-01-19 00:00:00+00:00, run_after=2025-01-20 00:00:00+00:00
[2025-01-20T19:23:19.080+0000] {processor.py:208} INFO - Processing /opt/airflow/dags/dag_with_catchup_and_backfill.py took 0.080 seconds
[2025-01-20T19:23:49.791+0000] {processor.py:186} INFO - Started process (PID=1043) to work on /opt/airflow/dags/dag_with_catchup_and_backfill.py
[2025-01-20T19:23:49.792+0000] {processor.py:914} INFO - Processing file /opt/airflow/dags/dag_with_catchup_and_backfill.py for tasks to queue
[2025-01-20T19:23:49.794+0000] {logging_mixin.py:190} INFO - [2025-01-20T19:23:49.793+0000] {dagbag.py:588} INFO - Filling up the DagBag from /opt/airflow/dags/dag_with_catchup_and_backfill.py
[2025-01-20T19:23:49.809+0000] {processor.py:925} INFO - DAG(s) 'dag_with_catchup_and_backfill_2' retrieved from /opt/airflow/dags/dag_with_catchup_and_backfill.py
[2025-01-20T19:23:49.830+0000] {logging_mixin.py:190} INFO - [2025-01-20T19:23:49.830+0000] {dag.py:3239} INFO - Sync 1 DAGs
[2025-01-20T19:23:49.852+0000] {logging_mixin.py:190} INFO - [2025-01-20T19:23:49.852+0000] {dag.py:4180} INFO - Setting next_dagrun for dag_with_catchup_and_backfill_2 to 2025-01-19 00:00:00+00:00, run_after=2025-01-20 00:00:00+00:00
[2025-01-20T19:23:49.869+0000] {processor.py:208} INFO - Processing /opt/airflow/dags/dag_with_catchup_and_backfill.py took 0.084 seconds
[2025-01-20T19:24:20.524+0000] {processor.py:186} INFO - Started process (PID=1089) to work on /opt/airflow/dags/dag_with_catchup_and_backfill.py
[2025-01-20T19:24:20.525+0000] {processor.py:914} INFO - Processing file /opt/airflow/dags/dag_with_catchup_and_backfill.py for tasks to queue
[2025-01-20T19:24:20.527+0000] {logging_mixin.py:190} INFO - [2025-01-20T19:24:20.527+0000] {dagbag.py:588} INFO - Filling up the DagBag from /opt/airflow/dags/dag_with_catchup_and_backfill.py
[2025-01-20T19:24:20.542+0000] {processor.py:925} INFO - DAG(s) 'dag_with_catchup_and_backfill_2' retrieved from /opt/airflow/dags/dag_with_catchup_and_backfill.py
[2025-01-20T19:24:20.560+0000] {logging_mixin.py:190} INFO - [2025-01-20T19:24:20.560+0000] {dag.py:3239} INFO - Sync 1 DAGs
[2025-01-20T19:24:20.578+0000] {logging_mixin.py:190} INFO - [2025-01-20T19:24:20.578+0000] {dag.py:4180} INFO - Setting next_dagrun for dag_with_catchup_and_backfill_2 to 2025-01-19 00:00:00+00:00, run_after=2025-01-20 00:00:00+00:00
[2025-01-20T19:24:20.593+0000] {processor.py:208} INFO - Processing /opt/airflow/dags/dag_with_catchup_and_backfill.py took 0.073 seconds
[2025-01-20T19:24:51.141+0000] {processor.py:186} INFO - Started process (PID=1135) to work on /opt/airflow/dags/dag_with_catchup_and_backfill.py
[2025-01-20T19:24:51.142+0000] {processor.py:914} INFO - Processing file /opt/airflow/dags/dag_with_catchup_and_backfill.py for tasks to queue
[2025-01-20T19:24:51.144+0000] {logging_mixin.py:190} INFO - [2025-01-20T19:24:51.143+0000] {dagbag.py:588} INFO - Filling up the DagBag from /opt/airflow/dags/dag_with_catchup_and_backfill.py
[2025-01-20T19:24:51.156+0000] {processor.py:925} INFO - DAG(s) 'dag_with_catchup_and_backfill_2' retrieved from /opt/airflow/dags/dag_with_catchup_and_backfill.py
[2025-01-20T19:24:51.175+0000] {logging_mixin.py:190} INFO - [2025-01-20T19:24:51.175+0000] {dag.py:3239} INFO - Sync 1 DAGs
[2025-01-20T19:24:51.193+0000] {logging_mixin.py:190} INFO - [2025-01-20T19:24:51.193+0000] {dag.py:4180} INFO - Setting next_dagrun for dag_with_catchup_and_backfill_2 to 2025-01-19 00:00:00+00:00, run_after=2025-01-20 00:00:00+00:00
[2025-01-20T19:24:51.207+0000] {processor.py:208} INFO - Processing /opt/airflow/dags/dag_with_catchup_and_backfill.py took 0.071 seconds
[2025-01-20T19:25:21.755+0000] {processor.py:186} INFO - Started process (PID=1181) to work on /opt/airflow/dags/dag_with_catchup_and_backfill.py
[2025-01-20T19:25:21.756+0000] {processor.py:914} INFO - Processing file /opt/airflow/dags/dag_with_catchup_and_backfill.py for tasks to queue
[2025-01-20T19:25:21.757+0000] {logging_mixin.py:190} INFO - [2025-01-20T19:25:21.757+0000] {dagbag.py:588} INFO - Filling up the DagBag from /opt/airflow/dags/dag_with_catchup_and_backfill.py
[2025-01-20T19:25:21.772+0000] {processor.py:925} INFO - DAG(s) 'dag_with_catchup_and_backfill_2' retrieved from /opt/airflow/dags/dag_with_catchup_and_backfill.py
[2025-01-20T19:25:21.793+0000] {logging_mixin.py:190} INFO - [2025-01-20T19:25:21.793+0000] {dag.py:3239} INFO - Sync 1 DAGs
[2025-01-20T19:25:21.813+0000] {logging_mixin.py:190} INFO - [2025-01-20T19:25:21.813+0000] {dag.py:4180} INFO - Setting next_dagrun for dag_with_catchup_and_backfill_2 to 2025-01-19 00:00:00+00:00, run_after=2025-01-20 00:00:00+00:00
[2025-01-20T19:25:21.828+0000] {processor.py:208} INFO - Processing /opt/airflow/dags/dag_with_catchup_and_backfill.py took 0.077 seconds
[2025-01-20T19:25:52.362+0000] {processor.py:186} INFO - Started process (PID=1227) to work on /opt/airflow/dags/dag_with_catchup_and_backfill.py
[2025-01-20T19:25:52.363+0000] {processor.py:914} INFO - Processing file /opt/airflow/dags/dag_with_catchup_and_backfill.py for tasks to queue
[2025-01-20T19:25:52.367+0000] {logging_mixin.py:190} INFO - [2025-01-20T19:25:52.366+0000] {dagbag.py:588} INFO - Filling up the DagBag from /opt/airflow/dags/dag_with_catchup_and_backfill.py
[2025-01-20T19:25:52.384+0000] {processor.py:925} INFO - DAG(s) 'dag_with_catchup_and_backfill_2' retrieved from /opt/airflow/dags/dag_with_catchup_and_backfill.py
[2025-01-20T19:25:52.410+0000] {logging_mixin.py:190} INFO - [2025-01-20T19:25:52.410+0000] {dag.py:3239} INFO - Sync 1 DAGs
[2025-01-20T19:25:52.433+0000] {logging_mixin.py:190} INFO - [2025-01-20T19:25:52.433+0000] {dag.py:4180} INFO - Setting next_dagrun for dag_with_catchup_and_backfill_2 to 2025-01-19 00:00:00+00:00, run_after=2025-01-20 00:00:00+00:00
[2025-01-20T19:25:52.450+0000] {processor.py:208} INFO - Processing /opt/airflow/dags/dag_with_catchup_and_backfill.py took 0.094 seconds
[2025-01-20T19:26:23.029+0000] {processor.py:186} INFO - Started process (PID=1273) to work on /opt/airflow/dags/dag_with_catchup_and_backfill.py
[2025-01-20T19:26:23.030+0000] {processor.py:914} INFO - Processing file /opt/airflow/dags/dag_with_catchup_and_backfill.py for tasks to queue
[2025-01-20T19:26:23.032+0000] {logging_mixin.py:190} INFO - [2025-01-20T19:26:23.031+0000] {dagbag.py:588} INFO - Filling up the DagBag from /opt/airflow/dags/dag_with_catchup_and_backfill.py
[2025-01-20T19:26:23.045+0000] {processor.py:925} INFO - DAG(s) 'dag_with_catchup_and_backfill_2' retrieved from /opt/airflow/dags/dag_with_catchup_and_backfill.py
[2025-01-20T19:26:23.063+0000] {logging_mixin.py:190} INFO - [2025-01-20T19:26:23.063+0000] {dag.py:3239} INFO - Sync 1 DAGs
[2025-01-20T19:26:23.082+0000] {logging_mixin.py:190} INFO - [2025-01-20T19:26:23.082+0000] {dag.py:4180} INFO - Setting next_dagrun for dag_with_catchup_and_backfill_2 to 2025-01-19 00:00:00+00:00, run_after=2025-01-20 00:00:00+00:00
[2025-01-20T19:26:23.096+0000] {processor.py:208} INFO - Processing /opt/airflow/dags/dag_with_catchup_and_backfill.py took 0.072 seconds
