[2025-01-20T19:19:04.959+0000] {processor.py:186} INFO - Started process (PID=594) to work on /opt/airflow/dags/dag_with_minio_s3.py
[2025-01-20T19:19:04.968+0000] {processor.py:914} INFO - Processing file /opt/airflow/dags/dag_with_minio_s3.py for tasks to queue
[2025-01-20T19:19:04.999+0000] {logging_mixin.py:190} INFO - [2025-01-20T19:19:04.997+0000] {dagbag.py:588} INFO - Filling up the DagBag from /opt/airflow/dags/dag_with_minio_s3.py
[2025-01-20T19:19:05.087+0000] {processor.py:925} INFO - DAG(s) 'dag_with_minio_s3_1' retrieved from /opt/airflow/dags/dag_with_minio_s3.py
[2025-01-20T19:19:07.437+0000] {logging_mixin.py:190} INFO - [2025-01-20T19:19:07.436+0000] {override.py:1911} INFO - Created Permission View: can delete on DAG:dag_with_minio_s3_1
[2025-01-20T19:19:07.451+0000] {logging_mixin.py:190} INFO - [2025-01-20T19:19:07.451+0000] {override.py:1911} INFO - Created Permission View: can edit on DAG:dag_with_minio_s3_1
[2025-01-20T19:19:07.459+0000] {logging_mixin.py:190} INFO - [2025-01-20T19:19:07.459+0000] {override.py:1911} INFO - Created Permission View: can read on DAG:dag_with_minio_s3_1
[2025-01-20T19:19:07.470+0000] {logging_mixin.py:190} INFO - [2025-01-20T19:19:07.469+0000] {override.py:1911} INFO - Created Permission View: can create on DAG Run:dag_with_minio_s3_1
[2025-01-20T19:19:07.479+0000] {logging_mixin.py:190} INFO - [2025-01-20T19:19:07.478+0000] {override.py:1911} INFO - Created Permission View: menu access on DAG Run:dag_with_minio_s3_1
[2025-01-20T19:19:07.487+0000] {logging_mixin.py:190} INFO - [2025-01-20T19:19:07.486+0000] {override.py:1911} INFO - Created Permission View: can delete on DAG Run:dag_with_minio_s3_1
[2025-01-20T19:19:07.495+0000] {logging_mixin.py:190} INFO - [2025-01-20T19:19:07.494+0000] {override.py:1911} INFO - Created Permission View: can read on DAG Run:dag_with_minio_s3_1
[2025-01-20T19:19:07.496+0000] {logging_mixin.py:190} INFO - [2025-01-20T19:19:07.496+0000] {dag.py:3239} INFO - Sync 1 DAGs
[2025-01-20T19:19:07.507+0000] {logging_mixin.py:190} INFO - [2025-01-20T19:19:07.507+0000] {dag.py:3262} INFO - Creating ORM DAG for dag_with_minio_s3_1
[2025-01-20T19:19:07.518+0000] {logging_mixin.py:190} INFO - [2025-01-20T19:19:07.517+0000] {dag.py:4180} INFO - Setting next_dagrun for dag_with_minio_s3_1 to 2025-01-15 00:00:00+00:00, run_after=2025-01-16 00:00:00+00:00
[2025-01-20T19:19:07.538+0000] {processor.py:208} INFO - Processing /opt/airflow/dags/dag_with_minio_s3.py took 2.587 seconds
[2025-01-20T19:19:38.075+0000] {processor.py:186} INFO - Started process (PID=640) to work on /opt/airflow/dags/dag_with_minio_s3.py
[2025-01-20T19:19:38.077+0000] {processor.py:914} INFO - Processing file /opt/airflow/dags/dag_with_minio_s3.py for tasks to queue
[2025-01-20T19:19:38.079+0000] {logging_mixin.py:190} INFO - [2025-01-20T19:19:38.078+0000] {dagbag.py:588} INFO - Filling up the DagBag from /opt/airflow/dags/dag_with_minio_s3.py
[2025-01-20T19:19:38.092+0000] {processor.py:925} INFO - DAG(s) 'dag_with_minio_s3_1' retrieved from /opt/airflow/dags/dag_with_minio_s3.py
[2025-01-20T19:19:38.108+0000] {logging_mixin.py:190} INFO - [2025-01-20T19:19:38.107+0000] {dag.py:3239} INFO - Sync 1 DAGs
[2025-01-20T19:19:38.129+0000] {logging_mixin.py:190} INFO - [2025-01-20T19:19:38.129+0000] {dag.py:4180} INFO - Setting next_dagrun for dag_with_minio_s3_1 to 2025-01-15 00:00:00+00:00, run_after=2025-01-16 00:00:00+00:00
[2025-01-20T19:19:38.300+0000] {processor.py:208} INFO - Processing /opt/airflow/dags/dag_with_minio_s3.py took 0.230 seconds
[2025-01-20T19:20:08.646+0000] {processor.py:186} INFO - Started process (PID=699) to work on /opt/airflow/dags/dag_with_minio_s3.py
[2025-01-20T19:20:08.646+0000] {processor.py:914} INFO - Processing file /opt/airflow/dags/dag_with_minio_s3.py for tasks to queue
[2025-01-20T19:20:08.648+0000] {logging_mixin.py:190} INFO - [2025-01-20T19:20:08.648+0000] {dagbag.py:588} INFO - Filling up the DagBag from /opt/airflow/dags/dag_with_minio_s3.py
[2025-01-20T19:20:08.662+0000] {processor.py:925} INFO - DAG(s) 'dag_with_minio_s3_1' retrieved from /opt/airflow/dags/dag_with_minio_s3.py
[2025-01-20T19:20:08.677+0000] {logging_mixin.py:190} INFO - [2025-01-20T19:20:08.676+0000] {dag.py:3239} INFO - Sync 1 DAGs
[2025-01-20T19:20:08.833+0000] {logging_mixin.py:190} INFO - [2025-01-20T19:20:08.832+0000] {dag.py:4180} INFO - Setting next_dagrun for dag_with_minio_s3_1 to 2025-01-15 00:00:00+00:00, run_after=2025-01-16 00:00:00+00:00
[2025-01-20T19:20:08.849+0000] {processor.py:208} INFO - Processing /opt/airflow/dags/dag_with_minio_s3.py took 0.208 seconds
[2025-01-20T19:20:39.442+0000] {processor.py:186} INFO - Started process (PID=747) to work on /opt/airflow/dags/dag_with_minio_s3.py
[2025-01-20T19:20:39.443+0000] {processor.py:914} INFO - Processing file /opt/airflow/dags/dag_with_minio_s3.py for tasks to queue
[2025-01-20T19:20:39.445+0000] {logging_mixin.py:190} INFO - [2025-01-20T19:20:39.444+0000] {dagbag.py:588} INFO - Filling up the DagBag from /opt/airflow/dags/dag_with_minio_s3.py
[2025-01-20T19:20:39.459+0000] {processor.py:925} INFO - DAG(s) 'dag_with_minio_s3_1' retrieved from /opt/airflow/dags/dag_with_minio_s3.py
[2025-01-20T19:20:39.610+0000] {logging_mixin.py:190} INFO - [2025-01-20T19:20:39.610+0000] {dag.py:3239} INFO - Sync 1 DAGs
[2025-01-20T19:20:39.632+0000] {logging_mixin.py:190} INFO - [2025-01-20T19:20:39.632+0000] {dag.py:4180} INFO - Setting next_dagrun for dag_with_minio_s3_1 to 2025-01-15 00:00:00+00:00, run_after=2025-01-16 00:00:00+00:00
[2025-01-20T19:20:39.647+0000] {processor.py:208} INFO - Processing /opt/airflow/dags/dag_with_minio_s3.py took 0.212 seconds
[2025-01-20T19:21:09.933+0000] {processor.py:186} INFO - Started process (PID=793) to work on /opt/airflow/dags/dag_with_minio_s3.py
[2025-01-20T19:21:09.934+0000] {processor.py:914} INFO - Processing file /opt/airflow/dags/dag_with_minio_s3.py for tasks to queue
[2025-01-20T19:21:09.938+0000] {logging_mixin.py:190} INFO - [2025-01-20T19:21:09.938+0000] {dagbag.py:588} INFO - Filling up the DagBag from /opt/airflow/dags/dag_with_minio_s3.py
[2025-01-20T19:21:09.954+0000] {processor.py:925} INFO - DAG(s) 'dag_with_minio_s3_1' retrieved from /opt/airflow/dags/dag_with_minio_s3.py
[2025-01-20T19:21:09.976+0000] {logging_mixin.py:190} INFO - [2025-01-20T19:21:09.976+0000] {dag.py:3239} INFO - Sync 1 DAGs
[2025-01-20T19:21:09.997+0000] {logging_mixin.py:190} INFO - [2025-01-20T19:21:09.997+0000] {dag.py:4180} INFO - Setting next_dagrun for dag_with_minio_s3_1 to 2025-01-15 00:00:00+00:00, run_after=2025-01-16 00:00:00+00:00
[2025-01-20T19:21:10.013+0000] {processor.py:208} INFO - Processing /opt/airflow/dags/dag_with_minio_s3.py took 0.085 seconds
[2025-01-20T19:21:40.330+0000] {processor.py:186} INFO - Started process (PID=840) to work on /opt/airflow/dags/dag_with_minio_s3.py
[2025-01-20T19:21:40.332+0000] {processor.py:914} INFO - Processing file /opt/airflow/dags/dag_with_minio_s3.py for tasks to queue
[2025-01-20T19:21:40.335+0000] {logging_mixin.py:190} INFO - [2025-01-20T19:21:40.335+0000] {dagbag.py:588} INFO - Filling up the DagBag from /opt/airflow/dags/dag_with_minio_s3.py
[2025-01-20T19:21:40.353+0000] {processor.py:925} INFO - DAG(s) 'dag_with_minio_s3_1' retrieved from /opt/airflow/dags/dag_with_minio_s3.py
[2025-01-20T19:21:40.377+0000] {logging_mixin.py:190} INFO - [2025-01-20T19:21:40.377+0000] {dag.py:3239} INFO - Sync 1 DAGs
[2025-01-20T19:21:40.404+0000] {logging_mixin.py:190} INFO - [2025-01-20T19:21:40.404+0000] {dag.py:4180} INFO - Setting next_dagrun for dag_with_minio_s3_1 to 2025-01-15 00:00:00+00:00, run_after=2025-01-16 00:00:00+00:00
[2025-01-20T19:21:40.425+0000] {processor.py:208} INFO - Processing /opt/airflow/dags/dag_with_minio_s3.py took 0.101 seconds
[2025-01-20T19:22:11.254+0000] {processor.py:186} INFO - Started process (PID=886) to work on /opt/airflow/dags/dag_with_minio_s3.py
[2025-01-20T19:22:11.254+0000] {processor.py:914} INFO - Processing file /opt/airflow/dags/dag_with_minio_s3.py for tasks to queue
[2025-01-20T19:22:11.257+0000] {logging_mixin.py:190} INFO - [2025-01-20T19:22:11.256+0000] {dagbag.py:588} INFO - Filling up the DagBag from /opt/airflow/dags/dag_with_minio_s3.py
[2025-01-20T19:22:11.271+0000] {processor.py:925} INFO - DAG(s) 'dag_with_minio_s3_1' retrieved from /opt/airflow/dags/dag_with_minio_s3.py
[2025-01-20T19:22:11.288+0000] {logging_mixin.py:190} INFO - [2025-01-20T19:22:11.288+0000] {dag.py:3239} INFO - Sync 1 DAGs
[2025-01-20T19:22:11.308+0000] {logging_mixin.py:190} INFO - [2025-01-20T19:22:11.307+0000] {dag.py:4180} INFO - Setting next_dagrun for dag_with_minio_s3_1 to 2025-01-15 00:00:00+00:00, run_after=2025-01-16 00:00:00+00:00
[2025-01-20T19:22:11.324+0000] {processor.py:208} INFO - Processing /opt/airflow/dags/dag_with_minio_s3.py took 0.077 seconds
[2025-01-20T19:22:42.140+0000] {processor.py:186} INFO - Started process (PID=933) to work on /opt/airflow/dags/dag_with_minio_s3.py
[2025-01-20T19:22:42.140+0000] {processor.py:914} INFO - Processing file /opt/airflow/dags/dag_with_minio_s3.py for tasks to queue
[2025-01-20T19:22:42.142+0000] {logging_mixin.py:190} INFO - [2025-01-20T19:22:42.142+0000] {dagbag.py:588} INFO - Filling up the DagBag from /opt/airflow/dags/dag_with_minio_s3.py
[2025-01-20T19:22:42.156+0000] {processor.py:925} INFO - DAG(s) 'dag_with_minio_s3_1' retrieved from /opt/airflow/dags/dag_with_minio_s3.py
[2025-01-20T19:22:42.171+0000] {logging_mixin.py:190} INFO - [2025-01-20T19:22:42.171+0000] {dag.py:3239} INFO - Sync 1 DAGs
[2025-01-20T19:22:42.191+0000] {logging_mixin.py:190} INFO - [2025-01-20T19:22:42.191+0000] {dag.py:4180} INFO - Setting next_dagrun for dag_with_minio_s3_1 to 2025-01-15 00:00:00+00:00, run_after=2025-01-16 00:00:00+00:00
[2025-01-20T19:22:42.207+0000] {processor.py:208} INFO - Processing /opt/airflow/dags/dag_with_minio_s3.py took 0.072 seconds
[2025-01-20T19:23:12.812+0000] {processor.py:186} INFO - Started process (PID=979) to work on /opt/airflow/dags/dag_with_minio_s3.py
[2025-01-20T19:23:12.812+0000] {processor.py:914} INFO - Processing file /opt/airflow/dags/dag_with_minio_s3.py for tasks to queue
[2025-01-20T19:23:12.815+0000] {logging_mixin.py:190} INFO - [2025-01-20T19:23:12.814+0000] {dagbag.py:588} INFO - Filling up the DagBag from /opt/airflow/dags/dag_with_minio_s3.py
[2025-01-20T19:23:12.828+0000] {processor.py:925} INFO - DAG(s) 'dag_with_minio_s3_1' retrieved from /opt/airflow/dags/dag_with_minio_s3.py
[2025-01-20T19:23:12.845+0000] {logging_mixin.py:190} INFO - [2025-01-20T19:23:12.845+0000] {dag.py:3239} INFO - Sync 1 DAGs
[2025-01-20T19:23:12.864+0000] {logging_mixin.py:190} INFO - [2025-01-20T19:23:12.864+0000] {dag.py:4180} INFO - Setting next_dagrun for dag_with_minio_s3_1 to 2025-01-15 00:00:00+00:00, run_after=2025-01-16 00:00:00+00:00
[2025-01-20T19:23:12.881+0000] {processor.py:208} INFO - Processing /opt/airflow/dags/dag_with_minio_s3.py took 0.076 seconds
[2025-01-20T19:23:43.624+0000] {processor.py:186} INFO - Started process (PID=1025) to work on /opt/airflow/dags/dag_with_minio_s3.py
[2025-01-20T19:23:43.624+0000] {processor.py:914} INFO - Processing file /opt/airflow/dags/dag_with_minio_s3.py for tasks to queue
[2025-01-20T19:23:43.626+0000] {logging_mixin.py:190} INFO - [2025-01-20T19:23:43.626+0000] {dagbag.py:588} INFO - Filling up the DagBag from /opt/airflow/dags/dag_with_minio_s3.py
[2025-01-20T19:23:43.639+0000] {processor.py:925} INFO - DAG(s) 'dag_with_minio_s3_1' retrieved from /opt/airflow/dags/dag_with_minio_s3.py
[2025-01-20T19:23:43.653+0000] {logging_mixin.py:190} INFO - [2025-01-20T19:23:43.652+0000] {dag.py:3239} INFO - Sync 1 DAGs
[2025-01-20T19:23:43.671+0000] {logging_mixin.py:190} INFO - [2025-01-20T19:23:43.671+0000] {dag.py:4180} INFO - Setting next_dagrun for dag_with_minio_s3_1 to 2025-01-15 00:00:00+00:00, run_after=2025-01-16 00:00:00+00:00
[2025-01-20T19:23:43.687+0000] {processor.py:208} INFO - Processing /opt/airflow/dags/dag_with_minio_s3.py took 0.068 seconds
[2025-01-20T19:24:14.365+0000] {processor.py:186} INFO - Started process (PID=1071) to work on /opt/airflow/dags/dag_with_minio_s3.py
[2025-01-20T19:24:14.366+0000] {processor.py:914} INFO - Processing file /opt/airflow/dags/dag_with_minio_s3.py for tasks to queue
[2025-01-20T19:24:14.367+0000] {logging_mixin.py:190} INFO - [2025-01-20T19:24:14.367+0000] {dagbag.py:588} INFO - Filling up the DagBag from /opt/airflow/dags/dag_with_minio_s3.py
[2025-01-20T19:24:14.380+0000] {processor.py:925} INFO - DAG(s) 'dag_with_minio_s3_1' retrieved from /opt/airflow/dags/dag_with_minio_s3.py
[2025-01-20T19:24:14.393+0000] {logging_mixin.py:190} INFO - [2025-01-20T19:24:14.393+0000] {dag.py:3239} INFO - Sync 1 DAGs
[2025-01-20T19:24:14.413+0000] {logging_mixin.py:190} INFO - [2025-01-20T19:24:14.413+0000] {dag.py:4180} INFO - Setting next_dagrun for dag_with_minio_s3_1 to 2025-01-15 00:00:00+00:00, run_after=2025-01-16 00:00:00+00:00
[2025-01-20T19:24:14.428+0000] {processor.py:208} INFO - Processing /opt/airflow/dags/dag_with_minio_s3.py took 0.068 seconds
[2025-01-20T19:24:44.979+0000] {processor.py:186} INFO - Started process (PID=1117) to work on /opt/airflow/dags/dag_with_minio_s3.py
[2025-01-20T19:24:44.980+0000] {processor.py:914} INFO - Processing file /opt/airflow/dags/dag_with_minio_s3.py for tasks to queue
[2025-01-20T19:24:44.983+0000] {logging_mixin.py:190} INFO - [2025-01-20T19:24:44.982+0000] {dagbag.py:588} INFO - Filling up the DagBag from /opt/airflow/dags/dag_with_minio_s3.py
[2025-01-20T19:24:44.998+0000] {processor.py:925} INFO - DAG(s) 'dag_with_minio_s3_1' retrieved from /opt/airflow/dags/dag_with_minio_s3.py
[2025-01-20T19:24:45.011+0000] {logging_mixin.py:190} INFO - [2025-01-20T19:24:45.011+0000] {dag.py:3239} INFO - Sync 1 DAGs
[2025-01-20T19:24:45.033+0000] {logging_mixin.py:190} INFO - [2025-01-20T19:24:45.033+0000] {dag.py:4180} INFO - Setting next_dagrun for dag_with_minio_s3_1 to 2025-01-15 00:00:00+00:00, run_after=2025-01-16 00:00:00+00:00
[2025-01-20T19:24:45.049+0000] {processor.py:208} INFO - Processing /opt/airflow/dags/dag_with_minio_s3.py took 0.075 seconds
[2025-01-20T19:25:15.591+0000] {processor.py:186} INFO - Started process (PID=1163) to work on /opt/airflow/dags/dag_with_minio_s3.py
[2025-01-20T19:25:15.592+0000] {processor.py:914} INFO - Processing file /opt/airflow/dags/dag_with_minio_s3.py for tasks to queue
[2025-01-20T19:25:15.594+0000] {logging_mixin.py:190} INFO - [2025-01-20T19:25:15.594+0000] {dagbag.py:588} INFO - Filling up the DagBag from /opt/airflow/dags/dag_with_minio_s3.py
[2025-01-20T19:25:15.606+0000] {processor.py:925} INFO - DAG(s) 'dag_with_minio_s3_1' retrieved from /opt/airflow/dags/dag_with_minio_s3.py
[2025-01-20T19:25:15.629+0000] {logging_mixin.py:190} INFO - [2025-01-20T19:25:15.629+0000] {dag.py:3239} INFO - Sync 1 DAGs
[2025-01-20T19:25:15.648+0000] {logging_mixin.py:190} INFO - [2025-01-20T19:25:15.648+0000] {dag.py:4180} INFO - Setting next_dagrun for dag_with_minio_s3_1 to 2025-01-15 00:00:00+00:00, run_after=2025-01-16 00:00:00+00:00
[2025-01-20T19:25:15.661+0000] {processor.py:208} INFO - Processing /opt/airflow/dags/dag_with_minio_s3.py took 0.075 seconds
[2025-01-20T19:25:46.195+0000] {processor.py:186} INFO - Started process (PID=1209) to work on /opt/airflow/dags/dag_with_minio_s3.py
[2025-01-20T19:25:46.196+0000] {processor.py:914} INFO - Processing file /opt/airflow/dags/dag_with_minio_s3.py for tasks to queue
[2025-01-20T19:25:46.198+0000] {logging_mixin.py:190} INFO - [2025-01-20T19:25:46.197+0000] {dagbag.py:588} INFO - Filling up the DagBag from /opt/airflow/dags/dag_with_minio_s3.py
[2025-01-20T19:25:46.210+0000] {processor.py:925} INFO - DAG(s) 'dag_with_minio_s3_1' retrieved from /opt/airflow/dags/dag_with_minio_s3.py
[2025-01-20T19:25:46.224+0000] {logging_mixin.py:190} INFO - [2025-01-20T19:25:46.224+0000] {dag.py:3239} INFO - Sync 1 DAGs
[2025-01-20T19:25:46.242+0000] {logging_mixin.py:190} INFO - [2025-01-20T19:25:46.242+0000] {dag.py:4180} INFO - Setting next_dagrun for dag_with_minio_s3_1 to 2025-01-15 00:00:00+00:00, run_after=2025-01-16 00:00:00+00:00
[2025-01-20T19:25:46.254+0000] {processor.py:208} INFO - Processing /opt/airflow/dags/dag_with_minio_s3.py took 0.064 seconds
[2025-01-20T19:26:16.881+0000] {processor.py:186} INFO - Started process (PID=1255) to work on /opt/airflow/dags/dag_with_minio_s3.py
[2025-01-20T19:26:16.881+0000] {processor.py:914} INFO - Processing file /opt/airflow/dags/dag_with_minio_s3.py for tasks to queue
[2025-01-20T19:26:16.883+0000] {logging_mixin.py:190} INFO - [2025-01-20T19:26:16.883+0000] {dagbag.py:588} INFO - Filling up the DagBag from /opt/airflow/dags/dag_with_minio_s3.py
[2025-01-20T19:26:16.896+0000] {processor.py:925} INFO - DAG(s) 'dag_with_minio_s3_1' retrieved from /opt/airflow/dags/dag_with_minio_s3.py
[2025-01-20T19:26:16.909+0000] {logging_mixin.py:190} INFO - [2025-01-20T19:26:16.909+0000] {dag.py:3239} INFO - Sync 1 DAGs
[2025-01-20T19:26:16.927+0000] {logging_mixin.py:190} INFO - [2025-01-20T19:26:16.927+0000] {dag.py:4180} INFO - Setting next_dagrun for dag_with_minio_s3_1 to 2025-01-15 00:00:00+00:00, run_after=2025-01-16 00:00:00+00:00
[2025-01-20T19:26:16.940+0000] {processor.py:208} INFO - Processing /opt/airflow/dags/dag_with_minio_s3.py took 0.064 seconds
[2025-01-20T19:26:47.488+0000] {processor.py:186} INFO - Started process (PID=1301) to work on /opt/airflow/dags/dag_with_minio_s3.py
[2025-01-20T19:26:47.489+0000] {processor.py:914} INFO - Processing file /opt/airflow/dags/dag_with_minio_s3.py for tasks to queue
[2025-01-20T19:26:47.492+0000] {logging_mixin.py:190} INFO - [2025-01-20T19:26:47.491+0000] {dagbag.py:588} INFO - Filling up the DagBag from /opt/airflow/dags/dag_with_minio_s3.py
[2025-01-20T19:26:47.505+0000] {processor.py:925} INFO - DAG(s) 'dag_with_minio_s3_1' retrieved from /opt/airflow/dags/dag_with_minio_s3.py
[2025-01-20T19:26:47.518+0000] {logging_mixin.py:190} INFO - [2025-01-20T19:26:47.518+0000] {dag.py:3239} INFO - Sync 1 DAGs
[2025-01-20T19:26:47.538+0000] {logging_mixin.py:190} INFO - [2025-01-20T19:26:47.538+0000] {dag.py:4180} INFO - Setting next_dagrun for dag_with_minio_s3_1 to 2025-01-15 00:00:00+00:00, run_after=2025-01-16 00:00:00+00:00
[2025-01-20T19:26:47.552+0000] {processor.py:208} INFO - Processing /opt/airflow/dags/dag_with_minio_s3.py took 0.069 seconds
