[2025-01-20T13:58:38.279+0000] {processor.py:186} INFO - Started process (PID=224) to work on /opt/airflow/dags/first_dag.py
[2025-01-20T13:58:38.281+0000] {processor.py:914} INFO - Processing file /opt/airflow/dags/first_dag.py for tasks to queue
[2025-01-20T13:58:38.287+0000] {logging_mixin.py:190} INFO - [2025-01-20T13:58:38.287+0000] {dagbag.py:588} INFO - Filling up the DagBag from /opt/airflow/dags/first_dag.py
[2025-01-20T13:58:38.325+0000] {processor.py:925} INFO - DAG(s) 'first_dag_v5' retrieved from /opt/airflow/dags/first_dag.py
[2025-01-20T13:58:38.360+0000] {logging_mixin.py:190} INFO - [2025-01-20T13:58:38.360+0000] {dag.py:3239} INFO - Sync 1 DAGs
[2025-01-20T13:58:38.395+0000] {logging_mixin.py:190} INFO - [2025-01-20T13:58:38.394+0000] {dag.py:4180} INFO - Setting next_dagrun for first_dag_v5 to 2025-01-15 00:00:00+00:00, run_after=2025-01-16 00:00:00+00:00
[2025-01-20T13:58:38.417+0000] {processor.py:208} INFO - Processing /opt/airflow/dags/first_dag.py took 0.149 seconds
[2025-01-20T13:59:35.559+0000] {processor.py:186} INFO - Started process (PID=212) to work on /opt/airflow/dags/first_dag.py
[2025-01-20T13:59:35.560+0000] {processor.py:914} INFO - Processing file /opt/airflow/dags/first_dag.py for tasks to queue
[2025-01-20T13:59:35.562+0000] {logging_mixin.py:190} INFO - [2025-01-20T13:59:35.562+0000] {dagbag.py:588} INFO - Filling up the DagBag from /opt/airflow/dags/first_dag.py
[2025-01-20T13:59:35.577+0000] {processor.py:925} INFO - DAG(s) 'first_dag_v5' retrieved from /opt/airflow/dags/first_dag.py
[2025-01-20T13:59:35.605+0000] {logging_mixin.py:190} INFO - [2025-01-20T13:59:35.605+0000] {dag.py:3239} INFO - Sync 1 DAGs
[2025-01-20T13:59:35.628+0000] {logging_mixin.py:190} INFO - [2025-01-20T13:59:35.628+0000] {dag.py:4180} INFO - Setting next_dagrun for first_dag_v5 to 2025-01-15 00:00:00+00:00, run_after=2025-01-16 00:00:00+00:00
[2025-01-20T13:59:35.644+0000] {processor.py:208} INFO - Processing /opt/airflow/dags/first_dag.py took 0.089 seconds
[2025-01-20T14:00:06.261+0000] {processor.py:186} INFO - Started process (PID=255) to work on /opt/airflow/dags/first_dag.py
[2025-01-20T14:00:06.261+0000] {processor.py:914} INFO - Processing file /opt/airflow/dags/first_dag.py for tasks to queue
[2025-01-20T14:00:06.263+0000] {logging_mixin.py:190} INFO - [2025-01-20T14:00:06.263+0000] {dagbag.py:588} INFO - Filling up the DagBag from /opt/airflow/dags/first_dag.py
[2025-01-20T14:00:06.276+0000] {processor.py:925} INFO - DAG(s) 'first_dag_v5' retrieved from /opt/airflow/dags/first_dag.py
[2025-01-20T14:00:06.296+0000] {logging_mixin.py:190} INFO - [2025-01-20T14:00:06.296+0000] {dag.py:3239} INFO - Sync 1 DAGs
[2025-01-20T14:00:06.312+0000] {logging_mixin.py:190} INFO - [2025-01-20T14:00:06.312+0000] {dag.py:4180} INFO - Setting next_dagrun for first_dag_v5 to 2025-01-15 00:00:00+00:00, run_after=2025-01-16 00:00:00+00:00
[2025-01-20T14:00:06.324+0000] {processor.py:208} INFO - Processing /opt/airflow/dags/first_dag.py took 0.068 seconds
[2025-01-20T14:00:36.958+0000] {processor.py:186} INFO - Started process (PID=296) to work on /opt/airflow/dags/first_dag.py
[2025-01-20T14:00:36.959+0000] {processor.py:914} INFO - Processing file /opt/airflow/dags/first_dag.py for tasks to queue
[2025-01-20T14:00:36.960+0000] {logging_mixin.py:190} INFO - [2025-01-20T14:00:36.960+0000] {dagbag.py:588} INFO - Filling up the DagBag from /opt/airflow/dags/first_dag.py
[2025-01-20T14:00:36.974+0000] {processor.py:925} INFO - DAG(s) 'first_dag_v5' retrieved from /opt/airflow/dags/first_dag.py
[2025-01-20T14:00:36.994+0000] {logging_mixin.py:190} INFO - [2025-01-20T14:00:36.994+0000] {dag.py:3239} INFO - Sync 1 DAGs
[2025-01-20T14:00:37.011+0000] {logging_mixin.py:190} INFO - [2025-01-20T14:00:37.011+0000] {dag.py:4180} INFO - Setting next_dagrun for first_dag_v5 to 2025-01-15 00:00:00+00:00, run_after=2025-01-16 00:00:00+00:00
[2025-01-20T14:00:37.024+0000] {processor.py:208} INFO - Processing /opt/airflow/dags/first_dag.py took 0.071 seconds
[2025-01-20T14:01:07.571+0000] {processor.py:186} INFO - Started process (PID=335) to work on /opt/airflow/dags/first_dag.py
[2025-01-20T14:01:07.572+0000] {processor.py:914} INFO - Processing file /opt/airflow/dags/first_dag.py for tasks to queue
[2025-01-20T14:01:07.573+0000] {logging_mixin.py:190} INFO - [2025-01-20T14:01:07.573+0000] {dagbag.py:588} INFO - Filling up the DagBag from /opt/airflow/dags/first_dag.py
[2025-01-20T14:01:07.588+0000] {processor.py:925} INFO - DAG(s) 'first_dag_v5' retrieved from /opt/airflow/dags/first_dag.py
[2025-01-20T14:01:07.608+0000] {logging_mixin.py:190} INFO - [2025-01-20T14:01:07.608+0000] {dag.py:3239} INFO - Sync 1 DAGs
[2025-01-20T14:01:07.625+0000] {logging_mixin.py:190} INFO - [2025-01-20T14:01:07.625+0000] {dag.py:4180} INFO - Setting next_dagrun for first_dag_v5 to 2025-01-15 00:00:00+00:00, run_after=2025-01-16 00:00:00+00:00
[2025-01-20T14:01:07.640+0000] {processor.py:208} INFO - Processing /opt/airflow/dags/first_dag.py took 0.073 seconds
[2025-01-20T14:01:38.258+0000] {processor.py:186} INFO - Started process (PID=378) to work on /opt/airflow/dags/first_dag.py
[2025-01-20T14:01:38.259+0000] {processor.py:914} INFO - Processing file /opt/airflow/dags/first_dag.py for tasks to queue
[2025-01-20T14:01:38.261+0000] {logging_mixin.py:190} INFO - [2025-01-20T14:01:38.260+0000] {dagbag.py:588} INFO - Filling up the DagBag from /opt/airflow/dags/first_dag.py
[2025-01-20T14:01:38.274+0000] {processor.py:925} INFO - DAG(s) 'first_dag_v5' retrieved from /opt/airflow/dags/first_dag.py
[2025-01-20T14:01:38.294+0000] {logging_mixin.py:190} INFO - [2025-01-20T14:01:38.293+0000] {dag.py:3239} INFO - Sync 1 DAGs
[2025-01-20T14:01:38.311+0000] {logging_mixin.py:190} INFO - [2025-01-20T14:01:38.311+0000] {dag.py:4180} INFO - Setting next_dagrun for first_dag_v5 to 2025-01-15 00:00:00+00:00, run_after=2025-01-16 00:00:00+00:00
[2025-01-20T14:01:38.325+0000] {processor.py:208} INFO - Processing /opt/airflow/dags/first_dag.py took 0.071 seconds
[2025-01-20T14:02:08.860+0000] {processor.py:186} INFO - Started process (PID=425) to work on /opt/airflow/dags/first_dag.py
[2025-01-20T14:02:08.861+0000] {processor.py:914} INFO - Processing file /opt/airflow/dags/first_dag.py for tasks to queue
[2025-01-20T14:02:08.863+0000] {logging_mixin.py:190} INFO - [2025-01-20T14:02:08.862+0000] {dagbag.py:588} INFO - Filling up the DagBag from /opt/airflow/dags/first_dag.py
[2025-01-20T14:02:08.877+0000] {processor.py:925} INFO - DAG(s) 'first_dag_v5' retrieved from /opt/airflow/dags/first_dag.py
[2025-01-20T14:02:08.899+0000] {logging_mixin.py:190} INFO - [2025-01-20T14:02:08.899+0000] {dag.py:3239} INFO - Sync 1 DAGs
[2025-01-20T14:02:08.918+0000] {logging_mixin.py:190} INFO - [2025-01-20T14:02:08.918+0000] {dag.py:4180} INFO - Setting next_dagrun for first_dag_v5 to 2025-01-15 00:00:00+00:00, run_after=2025-01-16 00:00:00+00:00
[2025-01-20T14:02:08.932+0000] {processor.py:208} INFO - Processing /opt/airflow/dags/first_dag.py took 0.077 seconds
[2025-01-20T14:02:39.551+0000] {processor.py:186} INFO - Started process (PID=466) to work on /opt/airflow/dags/first_dag.py
[2025-01-20T14:02:39.552+0000] {processor.py:914} INFO - Processing file /opt/airflow/dags/first_dag.py for tasks to queue
[2025-01-20T14:02:39.553+0000] {logging_mixin.py:190} INFO - [2025-01-20T14:02:39.553+0000] {dagbag.py:588} INFO - Filling up the DagBag from /opt/airflow/dags/first_dag.py
[2025-01-20T14:02:39.567+0000] {processor.py:925} INFO - DAG(s) 'first_dag_v5' retrieved from /opt/airflow/dags/first_dag.py
[2025-01-20T14:02:39.589+0000] {logging_mixin.py:190} INFO - [2025-01-20T14:02:39.588+0000] {dag.py:3239} INFO - Sync 1 DAGs
[2025-01-20T14:02:39.608+0000] {logging_mixin.py:190} INFO - [2025-01-20T14:02:39.608+0000] {dag.py:4180} INFO - Setting next_dagrun for first_dag_v5 to 2025-01-15 00:00:00+00:00, run_after=2025-01-16 00:00:00+00:00
[2025-01-20T14:02:39.623+0000] {processor.py:208} INFO - Processing /opt/airflow/dags/first_dag.py took 0.077 seconds
[2025-01-20T14:03:10.149+0000] {processor.py:186} INFO - Started process (PID=505) to work on /opt/airflow/dags/first_dag.py
[2025-01-20T14:03:10.149+0000] {processor.py:914} INFO - Processing file /opt/airflow/dags/first_dag.py for tasks to queue
[2025-01-20T14:03:10.151+0000] {logging_mixin.py:190} INFO - [2025-01-20T14:03:10.151+0000] {dagbag.py:588} INFO - Filling up the DagBag from /opt/airflow/dags/first_dag.py
[2025-01-20T14:03:10.164+0000] {processor.py:925} INFO - DAG(s) 'first_dag_v5' retrieved from /opt/airflow/dags/first_dag.py
[2025-01-20T14:03:10.186+0000] {logging_mixin.py:190} INFO - [2025-01-20T14:03:10.185+0000] {dag.py:3239} INFO - Sync 1 DAGs
[2025-01-20T14:03:10.205+0000] {logging_mixin.py:190} INFO - [2025-01-20T14:03:10.205+0000] {dag.py:4180} INFO - Setting next_dagrun for first_dag_v5 to 2025-01-15 00:00:00+00:00, run_after=2025-01-16 00:00:00+00:00
[2025-01-20T14:03:10.220+0000] {processor.py:208} INFO - Processing /opt/airflow/dags/first_dag.py took 0.076 seconds
[2025-01-20T14:03:40.820+0000] {processor.py:186} INFO - Started process (PID=548) to work on /opt/airflow/dags/first_dag.py
[2025-01-20T14:03:40.821+0000] {processor.py:914} INFO - Processing file /opt/airflow/dags/first_dag.py for tasks to queue
[2025-01-20T14:03:40.822+0000] {logging_mixin.py:190} INFO - [2025-01-20T14:03:40.822+0000] {dagbag.py:588} INFO - Filling up the DagBag from /opt/airflow/dags/first_dag.py
[2025-01-20T14:03:40.836+0000] {processor.py:925} INFO - DAG(s) 'first_dag_v5' retrieved from /opt/airflow/dags/first_dag.py
[2025-01-20T14:03:40.855+0000] {logging_mixin.py:190} INFO - [2025-01-20T14:03:40.855+0000] {dag.py:3239} INFO - Sync 1 DAGs
[2025-01-20T14:03:40.872+0000] {logging_mixin.py:190} INFO - [2025-01-20T14:03:40.872+0000] {dag.py:4180} INFO - Setting next_dagrun for first_dag_v5 to 2025-01-15 00:00:00+00:00, run_after=2025-01-16 00:00:00+00:00
[2025-01-20T14:03:40.886+0000] {processor.py:208} INFO - Processing /opt/airflow/dags/first_dag.py took 0.070 seconds
[2025-01-20T14:04:11.841+0000] {processor.py:186} INFO - Started process (PID=587) to work on /opt/airflow/dags/first_dag.py
[2025-01-20T14:04:11.842+0000] {processor.py:914} INFO - Processing file /opt/airflow/dags/first_dag.py for tasks to queue
[2025-01-20T14:04:11.843+0000] {logging_mixin.py:190} INFO - [2025-01-20T14:04:11.843+0000] {dagbag.py:588} INFO - Filling up the DagBag from /opt/airflow/dags/first_dag.py
[2025-01-20T14:04:11.857+0000] {processor.py:925} INFO - DAG(s) 'first_dag_v5' retrieved from /opt/airflow/dags/first_dag.py
[2025-01-20T14:04:11.877+0000] {logging_mixin.py:190} INFO - [2025-01-20T14:04:11.876+0000] {dag.py:3239} INFO - Sync 1 DAGs
[2025-01-20T14:04:11.895+0000] {logging_mixin.py:190} INFO - [2025-01-20T14:04:11.895+0000] {dag.py:4180} INFO - Setting next_dagrun for first_dag_v5 to 2025-01-15 00:00:00+00:00, run_after=2025-01-16 00:00:00+00:00
[2025-01-20T14:04:12.035+0000] {processor.py:208} INFO - Processing /opt/airflow/dags/first_dag.py took 0.198 seconds
[2025-01-20T14:04:42.161+0000] {processor.py:186} INFO - Started process (PID=628) to work on /opt/airflow/dags/first_dag.py
[2025-01-20T14:04:42.162+0000] {processor.py:914} INFO - Processing file /opt/airflow/dags/first_dag.py for tasks to queue
[2025-01-20T14:04:42.163+0000] {logging_mixin.py:190} INFO - [2025-01-20T14:04:42.163+0000] {dagbag.py:588} INFO - Filling up the DagBag from /opt/airflow/dags/first_dag.py
[2025-01-20T14:04:42.178+0000] {processor.py:925} INFO - DAG(s) 'first_dag_v5' retrieved from /opt/airflow/dags/first_dag.py
[2025-01-20T14:04:42.198+0000] {logging_mixin.py:190} INFO - [2025-01-20T14:04:42.198+0000] {dag.py:3239} INFO - Sync 1 DAGs
[2025-01-20T14:04:42.352+0000] {logging_mixin.py:190} INFO - [2025-01-20T14:04:42.352+0000] {dag.py:4180} INFO - Setting next_dagrun for first_dag_v5 to 2025-01-15 00:00:00+00:00, run_after=2025-01-16 00:00:00+00:00
[2025-01-20T14:04:42.365+0000] {processor.py:208} INFO - Processing /opt/airflow/dags/first_dag.py took 0.209 seconds
[2025-01-20T14:05:12.614+0000] {processor.py:186} INFO - Started process (PID=669) to work on /opt/airflow/dags/first_dag.py
[2025-01-20T14:05:12.614+0000] {processor.py:914} INFO - Processing file /opt/airflow/dags/first_dag.py for tasks to queue
[2025-01-20T14:05:12.616+0000] {logging_mixin.py:190} INFO - [2025-01-20T14:05:12.616+0000] {dagbag.py:588} INFO - Filling up the DagBag from /opt/airflow/dags/first_dag.py
[2025-01-20T14:05:12.630+0000] {processor.py:925} INFO - DAG(s) 'first_dag_v5' retrieved from /opt/airflow/dags/first_dag.py
[2025-01-20T14:05:12.652+0000] {logging_mixin.py:190} INFO - [2025-01-20T14:05:12.652+0000] {dag.py:3239} INFO - Sync 1 DAGs
[2025-01-20T14:05:12.801+0000] {logging_mixin.py:190} INFO - [2025-01-20T14:05:12.801+0000] {dag.py:4180} INFO - Setting next_dagrun for first_dag_v5 to 2025-01-15 00:00:00+00:00, run_after=2025-01-16 00:00:00+00:00
[2025-01-20T14:05:12.814+0000] {processor.py:208} INFO - Processing /opt/airflow/dags/first_dag.py took 0.205 seconds
[2025-01-20T14:05:43.116+0000] {processor.py:186} INFO - Started process (PID=712) to work on /opt/airflow/dags/first_dag.py
[2025-01-20T14:05:43.116+0000] {processor.py:914} INFO - Processing file /opt/airflow/dags/first_dag.py for tasks to queue
[2025-01-20T14:05:43.118+0000] {logging_mixin.py:190} INFO - [2025-01-20T14:05:43.118+0000] {dagbag.py:588} INFO - Filling up the DagBag from /opt/airflow/dags/first_dag.py
[2025-01-20T14:05:43.133+0000] {processor.py:925} INFO - DAG(s) 'first_dag_v5' retrieved from /opt/airflow/dags/first_dag.py
[2025-01-20T14:05:43.276+0000] {logging_mixin.py:190} INFO - [2025-01-20T14:05:43.276+0000] {dag.py:3239} INFO - Sync 1 DAGs
[2025-01-20T14:05:43.293+0000] {logging_mixin.py:190} INFO - [2025-01-20T14:05:43.293+0000] {dag.py:4180} INFO - Setting next_dagrun for first_dag_v5 to 2025-01-15 00:00:00+00:00, run_after=2025-01-16 00:00:00+00:00
[2025-01-20T14:05:43.312+0000] {processor.py:208} INFO - Processing /opt/airflow/dags/first_dag.py took 0.201 seconds
[2025-01-20T14:06:13.627+0000] {processor.py:186} INFO - Started process (PID=753) to work on /opt/airflow/dags/first_dag.py
[2025-01-20T14:06:13.628+0000] {processor.py:914} INFO - Processing file /opt/airflow/dags/first_dag.py for tasks to queue
[2025-01-20T14:06:13.630+0000] {logging_mixin.py:190} INFO - [2025-01-20T14:06:13.630+0000] {dagbag.py:588} INFO - Filling up the DagBag from /opt/airflow/dags/first_dag.py
[2025-01-20T14:06:13.643+0000] {processor.py:925} INFO - DAG(s) 'first_dag_v5' retrieved from /opt/airflow/dags/first_dag.py
[2025-01-20T14:06:13.664+0000] {logging_mixin.py:190} INFO - [2025-01-20T14:06:13.663+0000] {dag.py:3239} INFO - Sync 1 DAGs
[2025-01-20T14:06:13.681+0000] {logging_mixin.py:190} INFO - [2025-01-20T14:06:13.681+0000] {dag.py:4180} INFO - Setting next_dagrun for first_dag_v5 to 2025-01-15 00:00:00+00:00, run_after=2025-01-16 00:00:00+00:00
[2025-01-20T14:06:13.695+0000] {processor.py:208} INFO - Processing /opt/airflow/dags/first_dag.py took 0.073 seconds
[2025-01-20T14:06:44.192+0000] {processor.py:186} INFO - Started process (PID=792) to work on /opt/airflow/dags/first_dag.py
[2025-01-20T14:06:44.193+0000] {processor.py:914} INFO - Processing file /opt/airflow/dags/first_dag.py for tasks to queue
[2025-01-20T14:06:44.195+0000] {logging_mixin.py:190} INFO - [2025-01-20T14:06:44.194+0000] {dagbag.py:588} INFO - Filling up the DagBag from /opt/airflow/dags/first_dag.py
[2025-01-20T14:06:44.208+0000] {processor.py:925} INFO - DAG(s) 'first_dag_v5' retrieved from /opt/airflow/dags/first_dag.py
[2025-01-20T14:06:44.227+0000] {logging_mixin.py:190} INFO - [2025-01-20T14:06:44.227+0000] {dag.py:3239} INFO - Sync 1 DAGs
[2025-01-20T14:06:44.244+0000] {logging_mixin.py:190} INFO - [2025-01-20T14:06:44.244+0000] {dag.py:4180} INFO - Setting next_dagrun for first_dag_v5 to 2025-01-15 00:00:00+00:00, run_after=2025-01-16 00:00:00+00:00
[2025-01-20T14:06:44.259+0000] {processor.py:208} INFO - Processing /opt/airflow/dags/first_dag.py took 0.072 seconds
[2025-01-20T14:07:14.755+0000] {processor.py:186} INFO - Started process (PID=835) to work on /opt/airflow/dags/first_dag.py
[2025-01-20T14:07:14.755+0000] {processor.py:914} INFO - Processing file /opt/airflow/dags/first_dag.py for tasks to queue
[2025-01-20T14:07:14.757+0000] {logging_mixin.py:190} INFO - [2025-01-20T14:07:14.757+0000] {dagbag.py:588} INFO - Filling up the DagBag from /opt/airflow/dags/first_dag.py
[2025-01-20T14:07:14.770+0000] {processor.py:925} INFO - DAG(s) 'first_dag_v5' retrieved from /opt/airflow/dags/first_dag.py
[2025-01-20T14:07:14.793+0000] {logging_mixin.py:190} INFO - [2025-01-20T14:07:14.793+0000] {dag.py:3239} INFO - Sync 1 DAGs
[2025-01-20T14:07:14.813+0000] {logging_mixin.py:190} INFO - [2025-01-20T14:07:14.812+0000] {dag.py:4180} INFO - Setting next_dagrun for first_dag_v5 to 2025-01-15 00:00:00+00:00, run_after=2025-01-16 00:00:00+00:00
[2025-01-20T14:07:14.827+0000] {processor.py:208} INFO - Processing /opt/airflow/dags/first_dag.py took 0.077 seconds
[2025-01-20T14:07:46.262+0000] {processor.py:186} INFO - Started process (PID=876) to work on /opt/airflow/dags/first_dag.py
[2025-01-20T14:07:46.263+0000] {processor.py:914} INFO - Processing file /opt/airflow/dags/first_dag.py for tasks to queue
[2025-01-20T14:07:46.265+0000] {logging_mixin.py:190} INFO - [2025-01-20T14:07:46.264+0000] {dagbag.py:588} INFO - Filling up the DagBag from /opt/airflow/dags/first_dag.py
[2025-01-20T14:07:46.279+0000] {processor.py:925} INFO - DAG(s) 'first_dag_v5' retrieved from /opt/airflow/dags/first_dag.py
[2025-01-20T14:07:46.300+0000] {logging_mixin.py:190} INFO - [2025-01-20T14:07:46.300+0000] {dag.py:3239} INFO - Sync 1 DAGs
[2025-01-20T14:07:46.318+0000] {logging_mixin.py:190} INFO - [2025-01-20T14:07:46.318+0000] {dag.py:4180} INFO - Setting next_dagrun for first_dag_v5 to 2025-01-15 00:00:00+00:00, run_after=2025-01-16 00:00:00+00:00
[2025-01-20T14:07:46.331+0000] {processor.py:208} INFO - Processing /opt/airflow/dags/first_dag.py took 0.074 seconds
[2025-01-20T14:08:16.765+0000] {processor.py:186} INFO - Started process (PID=917) to work on /opt/airflow/dags/first_dag.py
[2025-01-20T14:08:16.766+0000] {processor.py:914} INFO - Processing file /opt/airflow/dags/first_dag.py for tasks to queue
[2025-01-20T14:08:16.768+0000] {logging_mixin.py:190} INFO - [2025-01-20T14:08:16.768+0000] {dagbag.py:588} INFO - Filling up the DagBag from /opt/airflow/dags/first_dag.py
[2025-01-20T14:08:16.782+0000] {processor.py:925} INFO - DAG(s) 'first_dag_v5' retrieved from /opt/airflow/dags/first_dag.py
[2025-01-20T14:08:16.804+0000] {logging_mixin.py:190} INFO - [2025-01-20T14:08:16.804+0000] {dag.py:3239} INFO - Sync 1 DAGs
[2025-01-20T14:08:16.823+0000] {logging_mixin.py:190} INFO - [2025-01-20T14:08:16.823+0000] {dag.py:4180} INFO - Setting next_dagrun for first_dag_v5 to 2025-01-15 00:00:00+00:00, run_after=2025-01-16 00:00:00+00:00
[2025-01-20T14:08:16.838+0000] {processor.py:208} INFO - Processing /opt/airflow/dags/first_dag.py took 0.078 seconds
[2025-01-20T14:08:47.294+0000] {processor.py:186} INFO - Started process (PID=958) to work on /opt/airflow/dags/first_dag.py
[2025-01-20T14:08:47.295+0000] {processor.py:914} INFO - Processing file /opt/airflow/dags/first_dag.py for tasks to queue
[2025-01-20T14:08:47.297+0000] {logging_mixin.py:190} INFO - [2025-01-20T14:08:47.297+0000] {dagbag.py:588} INFO - Filling up the DagBag from /opt/airflow/dags/first_dag.py
[2025-01-20T14:08:47.311+0000] {processor.py:925} INFO - DAG(s) 'first_dag_v5' retrieved from /opt/airflow/dags/first_dag.py
[2025-01-20T14:08:47.331+0000] {logging_mixin.py:190} INFO - [2025-01-20T14:08:47.330+0000] {dag.py:3239} INFO - Sync 1 DAGs
[2025-01-20T14:08:47.348+0000] {logging_mixin.py:190} INFO - [2025-01-20T14:08:47.348+0000] {dag.py:4180} INFO - Setting next_dagrun for first_dag_v5 to 2025-01-15 00:00:00+00:00, run_after=2025-01-16 00:00:00+00:00
[2025-01-20T14:08:47.361+0000] {processor.py:208} INFO - Processing /opt/airflow/dags/first_dag.py took 0.071 seconds
[2025-01-20T14:09:17.818+0000] {processor.py:186} INFO - Started process (PID=999) to work on /opt/airflow/dags/first_dag.py
[2025-01-20T14:09:17.819+0000] {processor.py:914} INFO - Processing file /opt/airflow/dags/first_dag.py for tasks to queue
[2025-01-20T14:09:17.821+0000] {logging_mixin.py:190} INFO - [2025-01-20T14:09:17.820+0000] {dagbag.py:588} INFO - Filling up the DagBag from /opt/airflow/dags/first_dag.py
[2025-01-20T14:09:17.835+0000] {processor.py:925} INFO - DAG(s) 'first_dag_v5' retrieved from /opt/airflow/dags/first_dag.py
[2025-01-20T14:09:17.855+0000] {logging_mixin.py:190} INFO - [2025-01-20T14:09:17.855+0000] {dag.py:3239} INFO - Sync 1 DAGs
[2025-01-20T14:09:17.874+0000] {logging_mixin.py:190} INFO - [2025-01-20T14:09:17.874+0000] {dag.py:4180} INFO - Setting next_dagrun for first_dag_v5 to 2025-01-15 00:00:00+00:00, run_after=2025-01-16 00:00:00+00:00
[2025-01-20T14:09:17.888+0000] {processor.py:208} INFO - Processing /opt/airflow/dags/first_dag.py took 0.075 seconds
[2025-01-20T14:09:48.426+0000] {processor.py:186} INFO - Started process (PID=1040) to work on /opt/airflow/dags/first_dag.py
[2025-01-20T14:09:48.427+0000] {processor.py:914} INFO - Processing file /opt/airflow/dags/first_dag.py for tasks to queue
[2025-01-20T14:09:48.429+0000] {logging_mixin.py:190} INFO - [2025-01-20T14:09:48.429+0000] {dagbag.py:588} INFO - Filling up the DagBag from /opt/airflow/dags/first_dag.py
[2025-01-20T14:09:48.443+0000] {processor.py:925} INFO - DAG(s) 'first_dag_v5' retrieved from /opt/airflow/dags/first_dag.py
[2025-01-20T14:09:48.462+0000] {logging_mixin.py:190} INFO - [2025-01-20T14:09:48.462+0000] {dag.py:3239} INFO - Sync 1 DAGs
[2025-01-20T14:09:48.481+0000] {logging_mixin.py:190} INFO - [2025-01-20T14:09:48.480+0000] {dag.py:4180} INFO - Setting next_dagrun for first_dag_v5 to 2025-01-15 00:00:00+00:00, run_after=2025-01-16 00:00:00+00:00
[2025-01-20T14:09:48.494+0000] {processor.py:208} INFO - Processing /opt/airflow/dags/first_dag.py took 0.072 seconds
[2025-01-20T14:10:18.943+0000] {processor.py:186} INFO - Started process (PID=1081) to work on /opt/airflow/dags/first_dag.py
[2025-01-20T14:10:18.944+0000] {processor.py:914} INFO - Processing file /opt/airflow/dags/first_dag.py for tasks to queue
[2025-01-20T14:10:18.946+0000] {logging_mixin.py:190} INFO - [2025-01-20T14:10:18.945+0000] {dagbag.py:588} INFO - Filling up the DagBag from /opt/airflow/dags/first_dag.py
[2025-01-20T14:10:18.961+0000] {processor.py:925} INFO - DAG(s) 'first_dag_v5' retrieved from /opt/airflow/dags/first_dag.py
[2025-01-20T14:10:18.984+0000] {logging_mixin.py:190} INFO - [2025-01-20T14:10:18.984+0000] {dag.py:3239} INFO - Sync 1 DAGs
[2025-01-20T14:10:19.004+0000] {logging_mixin.py:190} INFO - [2025-01-20T14:10:19.004+0000] {dag.py:4180} INFO - Setting next_dagrun for first_dag_v5 to 2025-01-15 00:00:00+00:00, run_after=2025-01-16 00:00:00+00:00
[2025-01-20T14:10:19.018+0000] {processor.py:208} INFO - Processing /opt/airflow/dags/first_dag.py took 0.080 seconds
[2025-01-20T14:10:49.442+0000] {processor.py:186} INFO - Started process (PID=1122) to work on /opt/airflow/dags/first_dag.py
[2025-01-20T14:10:49.443+0000] {processor.py:914} INFO - Processing file /opt/airflow/dags/first_dag.py for tasks to queue
[2025-01-20T14:10:49.444+0000] {logging_mixin.py:190} INFO - [2025-01-20T14:10:49.444+0000] {dagbag.py:588} INFO - Filling up the DagBag from /opt/airflow/dags/first_dag.py
[2025-01-20T14:10:49.459+0000] {processor.py:925} INFO - DAG(s) 'first_dag_v5' retrieved from /opt/airflow/dags/first_dag.py
[2025-01-20T14:10:49.479+0000] {logging_mixin.py:190} INFO - [2025-01-20T14:10:49.479+0000] {dag.py:3239} INFO - Sync 1 DAGs
[2025-01-20T14:10:49.498+0000] {logging_mixin.py:190} INFO - [2025-01-20T14:10:49.498+0000] {dag.py:4180} INFO - Setting next_dagrun for first_dag_v5 to 2025-01-15 00:00:00+00:00, run_after=2025-01-16 00:00:00+00:00
[2025-01-20T14:10:49.513+0000] {processor.py:208} INFO - Processing /opt/airflow/dags/first_dag.py took 0.075 seconds
[2025-01-20T14:11:19.938+0000] {processor.py:186} INFO - Started process (PID=1163) to work on /opt/airflow/dags/first_dag.py
[2025-01-20T14:11:19.939+0000] {processor.py:914} INFO - Processing file /opt/airflow/dags/first_dag.py for tasks to queue
[2025-01-20T14:11:19.940+0000] {logging_mixin.py:190} INFO - [2025-01-20T14:11:19.940+0000] {dagbag.py:588} INFO - Filling up the DagBag from /opt/airflow/dags/first_dag.py
[2025-01-20T14:11:19.955+0000] {processor.py:925} INFO - DAG(s) 'first_dag_v5' retrieved from /opt/airflow/dags/first_dag.py
[2025-01-20T14:11:19.974+0000] {logging_mixin.py:190} INFO - [2025-01-20T14:11:19.974+0000] {dag.py:3239} INFO - Sync 1 DAGs
[2025-01-20T14:11:19.993+0000] {logging_mixin.py:190} INFO - [2025-01-20T14:11:19.993+0000] {dag.py:4180} INFO - Setting next_dagrun for first_dag_v5 to 2025-01-15 00:00:00+00:00, run_after=2025-01-16 00:00:00+00:00
[2025-01-20T14:11:20.007+0000] {processor.py:208} INFO - Processing /opt/airflow/dags/first_dag.py took 0.073 seconds
[2025-01-20T14:11:50.452+0000] {processor.py:186} INFO - Started process (PID=1204) to work on /opt/airflow/dags/first_dag.py
[2025-01-20T14:11:50.453+0000] {processor.py:914} INFO - Processing file /opt/airflow/dags/first_dag.py for tasks to queue
[2025-01-20T14:11:50.455+0000] {logging_mixin.py:190} INFO - [2025-01-20T14:11:50.455+0000] {dagbag.py:588} INFO - Filling up the DagBag from /opt/airflow/dags/first_dag.py
[2025-01-20T14:11:50.468+0000] {processor.py:925} INFO - DAG(s) 'first_dag_v5' retrieved from /opt/airflow/dags/first_dag.py
[2025-01-20T14:11:50.488+0000] {logging_mixin.py:190} INFO - [2025-01-20T14:11:50.488+0000] {dag.py:3239} INFO - Sync 1 DAGs
[2025-01-20T14:11:50.505+0000] {logging_mixin.py:190} INFO - [2025-01-20T14:11:50.505+0000] {dag.py:4180} INFO - Setting next_dagrun for first_dag_v5 to 2025-01-15 00:00:00+00:00, run_after=2025-01-16 00:00:00+00:00
[2025-01-20T14:11:50.518+0000] {processor.py:208} INFO - Processing /opt/airflow/dags/first_dag.py took 0.070 seconds
[2025-01-20T19:14:05.249+0000] {processor.py:186} INFO - Started process (PID=212) to work on /opt/airflow/dags/first_dag.py
[2025-01-20T19:14:05.250+0000] {processor.py:914} INFO - Processing file /opt/airflow/dags/first_dag.py for tasks to queue
[2025-01-20T19:14:05.252+0000] {logging_mixin.py:190} INFO - [2025-01-20T19:14:05.252+0000] {dagbag.py:588} INFO - Filling up the DagBag from /opt/airflow/dags/first_dag.py
[2025-01-20T19:14:05.266+0000] {processor.py:925} INFO - DAG(s) 'first_dag_v5' retrieved from /opt/airflow/dags/first_dag.py
[2025-01-20T19:14:05.291+0000] {logging_mixin.py:190} INFO - [2025-01-20T19:14:05.290+0000] {dag.py:3239} INFO - Sync 1 DAGs
[2025-01-20T19:14:05.316+0000] {logging_mixin.py:190} INFO - [2025-01-20T19:14:05.316+0000] {dag.py:4180} INFO - Setting next_dagrun for first_dag_v5 to 2025-01-15 00:00:00+00:00, run_after=2025-01-16 00:00:00+00:00
[2025-01-20T19:14:05.332+0000] {processor.py:208} INFO - Processing /opt/airflow/dags/first_dag.py took 0.087 seconds
[2025-01-20T19:14:36.164+0000] {processor.py:186} INFO - Started process (PID=255) to work on /opt/airflow/dags/first_dag.py
[2025-01-20T19:14:36.166+0000] {processor.py:914} INFO - Processing file /opt/airflow/dags/first_dag.py for tasks to queue
[2025-01-20T19:14:36.168+0000] {logging_mixin.py:190} INFO - [2025-01-20T19:14:36.168+0000] {dagbag.py:588} INFO - Filling up the DagBag from /opt/airflow/dags/first_dag.py
[2025-01-20T19:14:36.191+0000] {processor.py:925} INFO - DAG(s) 'first_dag_v5' retrieved from /opt/airflow/dags/first_dag.py
[2025-01-20T19:14:36.236+0000] {logging_mixin.py:190} INFO - [2025-01-20T19:14:36.235+0000] {dag.py:3239} INFO - Sync 1 DAGs
[2025-01-20T19:14:36.267+0000] {logging_mixin.py:190} INFO - [2025-01-20T19:14:36.267+0000] {dag.py:4180} INFO - Setting next_dagrun for first_dag_v5 to 2025-01-15 00:00:00+00:00, run_after=2025-01-16 00:00:00+00:00
[2025-01-20T19:14:36.291+0000] {processor.py:208} INFO - Processing /opt/airflow/dags/first_dag.py took 0.133 seconds
[2025-01-20T19:15:06.886+0000] {processor.py:186} INFO - Started process (PID=296) to work on /opt/airflow/dags/first_dag.py
[2025-01-20T19:15:06.887+0000] {processor.py:914} INFO - Processing file /opt/airflow/dags/first_dag.py for tasks to queue
[2025-01-20T19:15:06.889+0000] {logging_mixin.py:190} INFO - [2025-01-20T19:15:06.889+0000] {dagbag.py:588} INFO - Filling up the DagBag from /opt/airflow/dags/first_dag.py
[2025-01-20T19:15:06.905+0000] {processor.py:925} INFO - DAG(s) 'first_dag_v5' retrieved from /opt/airflow/dags/first_dag.py
[2025-01-20T19:15:06.927+0000] {logging_mixin.py:190} INFO - [2025-01-20T19:15:06.926+0000] {dag.py:3239} INFO - Sync 1 DAGs
[2025-01-20T19:15:06.944+0000] {logging_mixin.py:190} INFO - [2025-01-20T19:15:06.944+0000] {dag.py:4180} INFO - Setting next_dagrun for first_dag_v5 to 2025-01-15 00:00:00+00:00, run_after=2025-01-16 00:00:00+00:00
[2025-01-20T19:15:06.958+0000] {processor.py:208} INFO - Processing /opt/airflow/dags/first_dag.py took 0.077 seconds
[2025-01-20T19:15:37.631+0000] {processor.py:186} INFO - Started process (PID=337) to work on /opt/airflow/dags/first_dag.py
[2025-01-20T19:15:37.631+0000] {processor.py:914} INFO - Processing file /opt/airflow/dags/first_dag.py for tasks to queue
[2025-01-20T19:15:37.633+0000] {logging_mixin.py:190} INFO - [2025-01-20T19:15:37.633+0000] {dagbag.py:588} INFO - Filling up the DagBag from /opt/airflow/dags/first_dag.py
[2025-01-20T19:15:37.647+0000] {processor.py:925} INFO - DAG(s) 'first_dag_v5' retrieved from /opt/airflow/dags/first_dag.py
[2025-01-20T19:15:37.666+0000] {logging_mixin.py:190} INFO - [2025-01-20T19:15:37.666+0000] {dag.py:3239} INFO - Sync 1 DAGs
[2025-01-20T19:15:37.684+0000] {logging_mixin.py:190} INFO - [2025-01-20T19:15:37.684+0000] {dag.py:4180} INFO - Setting next_dagrun for first_dag_v5 to 2025-01-15 00:00:00+00:00, run_after=2025-01-16 00:00:00+00:00
[2025-01-20T19:15:37.700+0000] {processor.py:208} INFO - Processing /opt/airflow/dags/first_dag.py took 0.073 seconds
[2025-01-20T19:16:08.640+0000] {processor.py:186} INFO - Started process (PID=384) to work on /opt/airflow/dags/first_dag.py
[2025-01-20T19:16:08.641+0000] {processor.py:914} INFO - Processing file /opt/airflow/dags/first_dag.py for tasks to queue
[2025-01-20T19:16:08.643+0000] {logging_mixin.py:190} INFO - [2025-01-20T19:16:08.643+0000] {dagbag.py:588} INFO - Filling up the DagBag from /opt/airflow/dags/first_dag.py
[2025-01-20T19:16:08.661+0000] {processor.py:925} INFO - DAG(s) 'first_dag_v5' retrieved from /opt/airflow/dags/first_dag.py
[2025-01-20T19:16:08.687+0000] {logging_mixin.py:190} INFO - [2025-01-20T19:16:08.686+0000] {dag.py:3239} INFO - Sync 1 DAGs
[2025-01-20T19:16:08.707+0000] {logging_mixin.py:190} INFO - [2025-01-20T19:16:08.707+0000] {dag.py:4180} INFO - Setting next_dagrun for first_dag_v5 to 2025-01-15 00:00:00+00:00, run_after=2025-01-16 00:00:00+00:00
[2025-01-20T19:16:08.725+0000] {processor.py:208} INFO - Processing /opt/airflow/dags/first_dag.py took 0.091 seconds
[2025-01-20T19:16:39.423+0000] {processor.py:186} INFO - Started process (PID=425) to work on /opt/airflow/dags/first_dag.py
[2025-01-20T19:16:39.424+0000] {processor.py:914} INFO - Processing file /opt/airflow/dags/first_dag.py for tasks to queue
[2025-01-20T19:16:39.426+0000] {logging_mixin.py:190} INFO - [2025-01-20T19:16:39.426+0000] {dagbag.py:588} INFO - Filling up the DagBag from /opt/airflow/dags/first_dag.py
[2025-01-20T19:16:39.440+0000] {processor.py:925} INFO - DAG(s) 'first_dag_v5' retrieved from /opt/airflow/dags/first_dag.py
[2025-01-20T19:16:39.459+0000] {logging_mixin.py:190} INFO - [2025-01-20T19:16:39.459+0000] {dag.py:3239} INFO - Sync 1 DAGs
[2025-01-20T19:16:39.478+0000] {logging_mixin.py:190} INFO - [2025-01-20T19:16:39.478+0000] {dag.py:4180} INFO - Setting next_dagrun for first_dag_v5 to 2025-01-15 00:00:00+00:00, run_after=2025-01-16 00:00:00+00:00
[2025-01-20T19:16:39.493+0000] {processor.py:208} INFO - Processing /opt/airflow/dags/first_dag.py took 0.074 seconds
[2025-01-20T19:17:10.183+0000] {processor.py:186} INFO - Started process (PID=466) to work on /opt/airflow/dags/first_dag.py
[2025-01-20T19:17:10.184+0000] {processor.py:914} INFO - Processing file /opt/airflow/dags/first_dag.py for tasks to queue
[2025-01-20T19:17:10.186+0000] {logging_mixin.py:190} INFO - [2025-01-20T19:17:10.185+0000] {dagbag.py:588} INFO - Filling up the DagBag from /opt/airflow/dags/first_dag.py
[2025-01-20T19:17:10.200+0000] {processor.py:925} INFO - DAG(s) 'first_dag_v5' retrieved from /opt/airflow/dags/first_dag.py
[2025-01-20T19:17:10.221+0000] {logging_mixin.py:190} INFO - [2025-01-20T19:17:10.221+0000] {dag.py:3239} INFO - Sync 1 DAGs
[2025-01-20T19:17:10.244+0000] {logging_mixin.py:190} INFO - [2025-01-20T19:17:10.244+0000] {dag.py:4180} INFO - Setting next_dagrun for first_dag_v5 to 2025-01-15 00:00:00+00:00, run_after=2025-01-16 00:00:00+00:00
[2025-01-20T19:17:10.260+0000] {processor.py:208} INFO - Processing /opt/airflow/dags/first_dag.py took 0.082 seconds
[2025-01-20T19:17:40.913+0000] {processor.py:186} INFO - Started process (PID=505) to work on /opt/airflow/dags/first_dag.py
[2025-01-20T19:17:40.914+0000] {processor.py:914} INFO - Processing file /opt/airflow/dags/first_dag.py for tasks to queue
[2025-01-20T19:17:40.917+0000] {logging_mixin.py:190} INFO - [2025-01-20T19:17:40.917+0000] {dagbag.py:588} INFO - Filling up the DagBag from /opt/airflow/dags/first_dag.py
[2025-01-20T19:17:40.941+0000] {processor.py:925} INFO - DAG(s) 'first_dag_v5' retrieved from /opt/airflow/dags/first_dag.py
[2025-01-20T19:17:40.973+0000] {logging_mixin.py:190} INFO - [2025-01-20T19:17:40.973+0000] {dag.py:3239} INFO - Sync 1 DAGs
[2025-01-20T19:17:40.995+0000] {logging_mixin.py:190} INFO - [2025-01-20T19:17:40.995+0000] {dag.py:4180} INFO - Setting next_dagrun for first_dag_v5 to 2025-01-15 00:00:00+00:00, run_after=2025-01-16 00:00:00+00:00
[2025-01-20T19:17:41.010+0000] {processor.py:208} INFO - Processing /opt/airflow/dags/first_dag.py took 0.105 seconds
[2025-01-20T19:18:11.920+0000] {processor.py:186} INFO - Started process (PID=548) to work on /opt/airflow/dags/first_dag.py
[2025-01-20T19:18:11.921+0000] {processor.py:914} INFO - Processing file /opt/airflow/dags/first_dag.py for tasks to queue
[2025-01-20T19:18:11.923+0000] {logging_mixin.py:190} INFO - [2025-01-20T19:18:11.923+0000] {dagbag.py:588} INFO - Filling up the DagBag from /opt/airflow/dags/first_dag.py
[2025-01-20T19:18:11.939+0000] {processor.py:925} INFO - DAG(s) 'first_dag_v5' retrieved from /opt/airflow/dags/first_dag.py
[2025-01-20T19:18:11.962+0000] {logging_mixin.py:190} INFO - [2025-01-20T19:18:11.962+0000] {dag.py:3239} INFO - Sync 1 DAGs
[2025-01-20T19:18:11.982+0000] {logging_mixin.py:190} INFO - [2025-01-20T19:18:11.982+0000] {dag.py:4180} INFO - Setting next_dagrun for first_dag_v5 to 2025-01-15 00:00:00+00:00, run_after=2025-01-16 00:00:00+00:00
[2025-01-20T19:18:11.998+0000] {processor.py:208} INFO - Processing /opt/airflow/dags/first_dag.py took 0.082 seconds
[2025-01-20T19:18:42.629+0000] {processor.py:186} INFO - Started process (PID=589) to work on /opt/airflow/dags/first_dag.py
[2025-01-20T19:18:42.630+0000] {processor.py:914} INFO - Processing file /opt/airflow/dags/first_dag.py for tasks to queue
[2025-01-20T19:18:42.632+0000] {logging_mixin.py:190} INFO - [2025-01-20T19:18:42.632+0000] {dagbag.py:588} INFO - Filling up the DagBag from /opt/airflow/dags/first_dag.py
[2025-01-20T19:18:42.649+0000] {processor.py:925} INFO - DAG(s) 'first_dag_v5' retrieved from /opt/airflow/dags/first_dag.py
[2025-01-20T19:18:42.672+0000] {logging_mixin.py:190} INFO - [2025-01-20T19:18:42.672+0000] {dag.py:3239} INFO - Sync 1 DAGs
[2025-01-20T19:18:42.692+0000] {logging_mixin.py:190} INFO - [2025-01-20T19:18:42.692+0000] {dag.py:4180} INFO - Setting next_dagrun for first_dag_v5 to 2025-01-15 00:00:00+00:00, run_after=2025-01-16 00:00:00+00:00
[2025-01-20T19:18:42.708+0000] {processor.py:208} INFO - Processing /opt/airflow/dags/first_dag.py took 0.083 seconds
[2025-01-20T19:19:13.737+0000] {processor.py:186} INFO - Started process (PID=633) to work on /opt/airflow/dags/first_dag.py
[2025-01-20T19:19:13.739+0000] {processor.py:914} INFO - Processing file /opt/airflow/dags/first_dag.py for tasks to queue
[2025-01-20T19:19:13.743+0000] {logging_mixin.py:190} INFO - [2025-01-20T19:19:13.743+0000] {dagbag.py:588} INFO - Filling up the DagBag from /opt/airflow/dags/first_dag.py
[2025-01-20T19:19:13.761+0000] {processor.py:925} INFO - DAG(s) 'first_dag_v5' retrieved from /opt/airflow/dags/first_dag.py
[2025-01-20T19:19:13.787+0000] {logging_mixin.py:190} INFO - [2025-01-20T19:19:13.787+0000] {dag.py:3239} INFO - Sync 1 DAGs
[2025-01-20T19:19:13.809+0000] {logging_mixin.py:190} INFO - [2025-01-20T19:19:13.808+0000] {dag.py:4180} INFO - Setting next_dagrun for first_dag_v5 to 2025-01-15 00:00:00+00:00, run_after=2025-01-16 00:00:00+00:00
[2025-01-20T19:19:13.981+0000] {processor.py:208} INFO - Processing /opt/airflow/dags/first_dag.py took 0.252 seconds
[2025-01-20T19:19:44.316+0000] {processor.py:186} INFO - Started process (PID=679) to work on /opt/airflow/dags/first_dag.py
[2025-01-20T19:19:44.316+0000] {processor.py:914} INFO - Processing file /opt/airflow/dags/first_dag.py for tasks to queue
[2025-01-20T19:19:44.318+0000] {logging_mixin.py:190} INFO - [2025-01-20T19:19:44.318+0000] {dagbag.py:588} INFO - Filling up the DagBag from /opt/airflow/dags/first_dag.py
[2025-01-20T19:19:44.333+0000] {processor.py:925} INFO - DAG(s) 'first_dag_v5' retrieved from /opt/airflow/dags/first_dag.py
[2025-01-20T19:19:44.354+0000] {logging_mixin.py:190} INFO - [2025-01-20T19:19:44.353+0000] {dag.py:3239} INFO - Sync 1 DAGs
[2025-01-20T19:19:44.494+0000] {logging_mixin.py:190} INFO - [2025-01-20T19:19:44.494+0000] {dag.py:4180} INFO - Setting next_dagrun for first_dag_v5 to 2025-01-15 00:00:00+00:00, run_after=2025-01-16 00:00:00+00:00
[2025-01-20T19:19:44.509+0000] {processor.py:208} INFO - Processing /opt/airflow/dags/first_dag.py took 0.198 seconds
[2025-01-20T19:20:15.211+0000] {processor.py:186} INFO - Started process (PID=734) to work on /opt/airflow/dags/first_dag.py
[2025-01-20T19:20:15.212+0000] {processor.py:914} INFO - Processing file /opt/airflow/dags/first_dag.py for tasks to queue
[2025-01-20T19:20:15.215+0000] {logging_mixin.py:190} INFO - [2025-01-20T19:20:15.214+0000] {dagbag.py:588} INFO - Filling up the DagBag from /opt/airflow/dags/first_dag.py
[2025-01-20T19:20:15.236+0000] {processor.py:925} INFO - DAG(s) 'first_dag_v5' retrieved from /opt/airflow/dags/first_dag.py
[2025-01-20T19:20:15.397+0000] {logging_mixin.py:190} INFO - [2025-01-20T19:20:15.397+0000] {dag.py:3239} INFO - Sync 1 DAGs
[2025-01-20T19:20:15.415+0000] {logging_mixin.py:190} INFO - [2025-01-20T19:20:15.415+0000] {dag.py:4180} INFO - Setting next_dagrun for first_dag_v5 to 2025-01-15 00:00:00+00:00, run_after=2025-01-16 00:00:00+00:00
[2025-01-20T19:20:15.431+0000] {processor.py:208} INFO - Processing /opt/airflow/dags/first_dag.py took 0.227 seconds
[2025-01-20T19:20:45.544+0000] {processor.py:186} INFO - Started process (PID=782) to work on /opt/airflow/dags/first_dag.py
[2025-01-20T19:20:45.545+0000] {processor.py:914} INFO - Processing file /opt/airflow/dags/first_dag.py for tasks to queue
[2025-01-20T19:20:45.547+0000] {logging_mixin.py:190} INFO - [2025-01-20T19:20:45.547+0000] {dagbag.py:588} INFO - Filling up the DagBag from /opt/airflow/dags/first_dag.py
[2025-01-20T19:20:45.693+0000] {processor.py:925} INFO - DAG(s) 'first_dag_v5' retrieved from /opt/airflow/dags/first_dag.py
[2025-01-20T19:20:45.711+0000] {logging_mixin.py:190} INFO - [2025-01-20T19:20:45.711+0000] {dag.py:3239} INFO - Sync 1 DAGs
[2025-01-20T19:20:45.729+0000] {logging_mixin.py:190} INFO - [2025-01-20T19:20:45.728+0000] {dag.py:4180} INFO - Setting next_dagrun for first_dag_v5 to 2025-01-15 00:00:00+00:00, run_after=2025-01-16 00:00:00+00:00
[2025-01-20T19:20:45.745+0000] {processor.py:208} INFO - Processing /opt/airflow/dags/first_dag.py took 0.205 seconds
[2025-01-20T19:21:16.069+0000] {processor.py:186} INFO - Started process (PID=828) to work on /opt/airflow/dags/first_dag.py
[2025-01-20T19:21:16.070+0000] {processor.py:914} INFO - Processing file /opt/airflow/dags/first_dag.py for tasks to queue
[2025-01-20T19:21:16.072+0000] {logging_mixin.py:190} INFO - [2025-01-20T19:21:16.072+0000] {dagbag.py:588} INFO - Filling up the DagBag from /opt/airflow/dags/first_dag.py
[2025-01-20T19:21:16.091+0000] {processor.py:925} INFO - DAG(s) 'first_dag_v5' retrieved from /opt/airflow/dags/first_dag.py
[2025-01-20T19:21:16.128+0000] {logging_mixin.py:190} INFO - [2025-01-20T19:21:16.128+0000] {dag.py:3239} INFO - Sync 1 DAGs
[2025-01-20T19:21:16.153+0000] {logging_mixin.py:190} INFO - [2025-01-20T19:21:16.152+0000] {dag.py:4180} INFO - Setting next_dagrun for first_dag_v5 to 2025-01-15 00:00:00+00:00, run_after=2025-01-16 00:00:00+00:00
[2025-01-20T19:21:16.173+0000] {processor.py:208} INFO - Processing /opt/airflow/dags/first_dag.py took 0.109 seconds
[2025-01-20T19:21:46.825+0000] {processor.py:186} INFO - Started process (PID=873) to work on /opt/airflow/dags/first_dag.py
[2025-01-20T19:21:46.827+0000] {processor.py:914} INFO - Processing file /opt/airflow/dags/first_dag.py for tasks to queue
[2025-01-20T19:21:46.829+0000] {logging_mixin.py:190} INFO - [2025-01-20T19:21:46.829+0000] {dagbag.py:588} INFO - Filling up the DagBag from /opt/airflow/dags/first_dag.py
[2025-01-20T19:21:46.857+0000] {processor.py:925} INFO - DAG(s) 'first_dag_v5' retrieved from /opt/airflow/dags/first_dag.py
[2025-01-20T19:21:46.895+0000] {logging_mixin.py:190} INFO - [2025-01-20T19:21:46.895+0000] {dag.py:3239} INFO - Sync 1 DAGs
[2025-01-20T19:21:46.933+0000] {logging_mixin.py:190} INFO - [2025-01-20T19:21:46.932+0000] {dag.py:4180} INFO - Setting next_dagrun for first_dag_v5 to 2025-01-15 00:00:00+00:00, run_after=2025-01-16 00:00:00+00:00
[2025-01-20T19:21:46.979+0000] {processor.py:208} INFO - Processing /opt/airflow/dags/first_dag.py took 0.161 seconds
[2025-01-20T19:22:17.749+0000] {processor.py:186} INFO - Started process (PID=919) to work on /opt/airflow/dags/first_dag.py
[2025-01-20T19:22:17.750+0000] {processor.py:914} INFO - Processing file /opt/airflow/dags/first_dag.py for tasks to queue
[2025-01-20T19:22:17.755+0000] {logging_mixin.py:190} INFO - [2025-01-20T19:22:17.754+0000] {dagbag.py:588} INFO - Filling up the DagBag from /opt/airflow/dags/first_dag.py
[2025-01-20T19:22:17.780+0000] {processor.py:925} INFO - DAG(s) 'first_dag_v5' retrieved from /opt/airflow/dags/first_dag.py
[2025-01-20T19:22:17.828+0000] {logging_mixin.py:190} INFO - [2025-01-20T19:22:17.828+0000] {dag.py:3239} INFO - Sync 1 DAGs
[2025-01-20T19:22:17.853+0000] {logging_mixin.py:190} INFO - [2025-01-20T19:22:17.853+0000] {dag.py:4180} INFO - Setting next_dagrun for first_dag_v5 to 2025-01-15 00:00:00+00:00, run_after=2025-01-16 00:00:00+00:00
[2025-01-20T19:22:17.872+0000] {processor.py:208} INFO - Processing /opt/airflow/dags/first_dag.py took 0.133 seconds
[2025-01-20T19:22:48.554+0000] {processor.py:186} INFO - Started process (PID=966) to work on /opt/airflow/dags/first_dag.py
[2025-01-20T19:22:48.554+0000] {processor.py:914} INFO - Processing file /opt/airflow/dags/first_dag.py for tasks to queue
[2025-01-20T19:22:48.556+0000] {logging_mixin.py:190} INFO - [2025-01-20T19:22:48.556+0000] {dagbag.py:588} INFO - Filling up the DagBag from /opt/airflow/dags/first_dag.py
[2025-01-20T19:22:48.572+0000] {processor.py:925} INFO - DAG(s) 'first_dag_v5' retrieved from /opt/airflow/dags/first_dag.py
[2025-01-20T19:22:48.596+0000] {logging_mixin.py:190} INFO - [2025-01-20T19:22:48.595+0000] {dag.py:3239} INFO - Sync 1 DAGs
[2025-01-20T19:22:48.618+0000] {logging_mixin.py:190} INFO - [2025-01-20T19:22:48.618+0000] {dag.py:4180} INFO - Setting next_dagrun for first_dag_v5 to 2025-01-15 00:00:00+00:00, run_after=2025-01-16 00:00:00+00:00
[2025-01-20T19:22:48.635+0000] {processor.py:208} INFO - Processing /opt/airflow/dags/first_dag.py took 0.087 seconds
[2025-01-20T19:23:19.245+0000] {processor.py:186} INFO - Started process (PID=1012) to work on /opt/airflow/dags/first_dag.py
[2025-01-20T19:23:19.246+0000] {processor.py:914} INFO - Processing file /opt/airflow/dags/first_dag.py for tasks to queue
[2025-01-20T19:23:19.247+0000] {logging_mixin.py:190} INFO - [2025-01-20T19:23:19.247+0000] {dagbag.py:588} INFO - Filling up the DagBag from /opt/airflow/dags/first_dag.py
[2025-01-20T19:23:19.262+0000] {processor.py:925} INFO - DAG(s) 'first_dag_v5' retrieved from /opt/airflow/dags/first_dag.py
[2025-01-20T19:23:19.287+0000] {logging_mixin.py:190} INFO - [2025-01-20T19:23:19.287+0000] {dag.py:3239} INFO - Sync 1 DAGs
[2025-01-20T19:23:19.308+0000] {logging_mixin.py:190} INFO - [2025-01-20T19:23:19.307+0000] {dag.py:4180} INFO - Setting next_dagrun for first_dag_v5 to 2025-01-15 00:00:00+00:00, run_after=2025-01-16 00:00:00+00:00
[2025-01-20T19:23:19.324+0000] {processor.py:208} INFO - Processing /opt/airflow/dags/first_dag.py took 0.085 seconds
[2025-01-20T19:23:50.027+0000] {processor.py:186} INFO - Started process (PID=1058) to work on /opt/airflow/dags/first_dag.py
[2025-01-20T19:23:50.028+0000] {processor.py:914} INFO - Processing file /opt/airflow/dags/first_dag.py for tasks to queue
[2025-01-20T19:23:50.030+0000] {logging_mixin.py:190} INFO - [2025-01-20T19:23:50.029+0000] {dagbag.py:588} INFO - Filling up the DagBag from /opt/airflow/dags/first_dag.py
[2025-01-20T19:23:50.044+0000] {processor.py:925} INFO - DAG(s) 'first_dag_v5' retrieved from /opt/airflow/dags/first_dag.py
[2025-01-20T19:23:50.067+0000] {logging_mixin.py:190} INFO - [2025-01-20T19:23:50.067+0000] {dag.py:3239} INFO - Sync 1 DAGs
[2025-01-20T19:23:50.087+0000] {logging_mixin.py:190} INFO - [2025-01-20T19:23:50.087+0000] {dag.py:4180} INFO - Setting next_dagrun for first_dag_v5 to 2025-01-15 00:00:00+00:00, run_after=2025-01-16 00:00:00+00:00
[2025-01-20T19:23:50.103+0000] {processor.py:208} INFO - Processing /opt/airflow/dags/first_dag.py took 0.081 seconds
[2025-01-20T19:24:20.729+0000] {processor.py:186} INFO - Started process (PID=1106) to work on /opt/airflow/dags/first_dag.py
[2025-01-20T19:24:20.730+0000] {processor.py:914} INFO - Processing file /opt/airflow/dags/first_dag.py for tasks to queue
[2025-01-20T19:24:20.731+0000] {logging_mixin.py:190} INFO - [2025-01-20T19:24:20.731+0000] {dagbag.py:588} INFO - Filling up the DagBag from /opt/airflow/dags/first_dag.py
[2025-01-20T19:24:20.745+0000] {processor.py:925} INFO - DAG(s) 'first_dag_v5' retrieved from /opt/airflow/dags/first_dag.py
[2025-01-20T19:24:20.764+0000] {logging_mixin.py:190} INFO - [2025-01-20T19:24:20.764+0000] {dag.py:3239} INFO - Sync 1 DAGs
[2025-01-20T19:24:20.782+0000] {logging_mixin.py:190} INFO - [2025-01-20T19:24:20.782+0000] {dag.py:4180} INFO - Setting next_dagrun for first_dag_v5 to 2025-01-15 00:00:00+00:00, run_after=2025-01-16 00:00:00+00:00
[2025-01-20T19:24:20.796+0000] {processor.py:208} INFO - Processing /opt/airflow/dags/first_dag.py took 0.072 seconds
[2025-01-20T19:24:51.344+0000] {processor.py:186} INFO - Started process (PID=1150) to work on /opt/airflow/dags/first_dag.py
[2025-01-20T19:24:51.345+0000] {processor.py:914} INFO - Processing file /opt/airflow/dags/first_dag.py for tasks to queue
[2025-01-20T19:24:51.346+0000] {logging_mixin.py:190} INFO - [2025-01-20T19:24:51.346+0000] {dagbag.py:588} INFO - Filling up the DagBag from /opt/airflow/dags/first_dag.py
[2025-01-20T19:24:51.359+0000] {processor.py:925} INFO - DAG(s) 'first_dag_v5' retrieved from /opt/airflow/dags/first_dag.py
[2025-01-20T19:24:51.380+0000] {logging_mixin.py:190} INFO - [2025-01-20T19:24:51.380+0000] {dag.py:3239} INFO - Sync 1 DAGs
[2025-01-20T19:24:51.398+0000] {logging_mixin.py:190} INFO - [2025-01-20T19:24:51.398+0000] {dag.py:4180} INFO - Setting next_dagrun for first_dag_v5 to 2025-01-15 00:00:00+00:00, run_after=2025-01-16 00:00:00+00:00
[2025-01-20T19:24:51.411+0000] {processor.py:208} INFO - Processing /opt/airflow/dags/first_dag.py took 0.072 seconds
[2025-01-20T19:25:21.951+0000] {processor.py:186} INFO - Started process (PID=1198) to work on /opt/airflow/dags/first_dag.py
[2025-01-20T19:25:21.952+0000] {processor.py:914} INFO - Processing file /opt/airflow/dags/first_dag.py for tasks to queue
[2025-01-20T19:25:21.953+0000] {logging_mixin.py:190} INFO - [2025-01-20T19:25:21.953+0000] {dagbag.py:588} INFO - Filling up the DagBag from /opt/airflow/dags/first_dag.py
[2025-01-20T19:25:21.967+0000] {processor.py:925} INFO - DAG(s) 'first_dag_v5' retrieved from /opt/airflow/dags/first_dag.py
[2025-01-20T19:25:21.988+0000] {logging_mixin.py:190} INFO - [2025-01-20T19:25:21.987+0000] {dag.py:3239} INFO - Sync 1 DAGs
[2025-01-20T19:25:22.005+0000] {logging_mixin.py:190} INFO - [2025-01-20T19:25:22.005+0000] {dag.py:4180} INFO - Setting next_dagrun for first_dag_v5 to 2025-01-15 00:00:00+00:00, run_after=2025-01-16 00:00:00+00:00
[2025-01-20T19:25:22.018+0000] {processor.py:208} INFO - Processing /opt/airflow/dags/first_dag.py took 0.072 seconds
[2025-01-20T19:25:52.627+0000] {processor.py:186} INFO - Started process (PID=1242) to work on /opt/airflow/dags/first_dag.py
[2025-01-20T19:25:52.628+0000] {processor.py:914} INFO - Processing file /opt/airflow/dags/first_dag.py for tasks to queue
[2025-01-20T19:25:52.631+0000] {logging_mixin.py:190} INFO - [2025-01-20T19:25:52.630+0000] {dagbag.py:588} INFO - Filling up the DagBag from /opt/airflow/dags/first_dag.py
[2025-01-20T19:25:52.648+0000] {processor.py:925} INFO - DAG(s) 'first_dag_v5' retrieved from /opt/airflow/dags/first_dag.py
[2025-01-20T19:25:52.673+0000] {logging_mixin.py:190} INFO - [2025-01-20T19:25:52.673+0000] {dag.py:3239} INFO - Sync 1 DAGs
[2025-01-20T19:25:52.700+0000] {logging_mixin.py:190} INFO - [2025-01-20T19:25:52.700+0000] {dag.py:4180} INFO - Setting next_dagrun for first_dag_v5 to 2025-01-15 00:00:00+00:00, run_after=2025-01-16 00:00:00+00:00
[2025-01-20T19:25:52.720+0000] {processor.py:208} INFO - Processing /opt/airflow/dags/first_dag.py took 0.098 seconds
[2025-01-20T19:26:23.240+0000] {processor.py:186} INFO - Started process (PID=1288) to work on /opt/airflow/dags/first_dag.py
[2025-01-20T19:26:23.241+0000] {processor.py:914} INFO - Processing file /opt/airflow/dags/first_dag.py for tasks to queue
[2025-01-20T19:26:23.243+0000] {logging_mixin.py:190} INFO - [2025-01-20T19:26:23.242+0000] {dagbag.py:588} INFO - Filling up the DagBag from /opt/airflow/dags/first_dag.py
[2025-01-20T19:26:23.256+0000] {processor.py:925} INFO - DAG(s) 'first_dag_v5' retrieved from /opt/airflow/dags/first_dag.py
[2025-01-20T19:26:23.276+0000] {logging_mixin.py:190} INFO - [2025-01-20T19:26:23.276+0000] {dag.py:3239} INFO - Sync 1 DAGs
[2025-01-20T19:26:23.294+0000] {logging_mixin.py:190} INFO - [2025-01-20T19:26:23.294+0000] {dag.py:4180} INFO - Setting next_dagrun for first_dag_v5 to 2025-01-15 00:00:00+00:00, run_after=2025-01-16 00:00:00+00:00
[2025-01-20T19:26:23.308+0000] {processor.py:208} INFO - Processing /opt/airflow/dags/first_dag.py took 0.073 seconds
