[2025-02-01T22:03:41.048+0000] {local_task_job_runner.py:123} INFO - ::group::Pre task execution logs
[2025-02-01T22:03:41.065+0000] {taskinstance.py:2613} INFO - Dependencies all met for dep_context=non-requeueable deps ti=<TaskInstance: save_to_minio.spark_consumer manual__2025-02-01T21:55:24.745827+00:00 [queued]>
[2025-02-01T22:03:41.074+0000] {taskinstance.py:2613} INFO - Dependencies all met for dep_context=requeueable deps ti=<TaskInstance: save_to_minio.spark_consumer manual__2025-02-01T21:55:24.745827+00:00 [queued]>
[2025-02-01T22:03:41.075+0000] {taskinstance.py:2866} INFO - Starting attempt 7 of 12
[2025-02-01T22:03:41.085+0000] {taskinstance.py:2889} INFO - Executing <Task(PythonOperator): spark_consumer> on 2025-02-01 21:55:24.745827+00:00
[2025-02-01T22:03:41.090+0000] {standard_task_runner.py:72} INFO - Started process 2868 to run task
[2025-02-01T22:03:41.093+0000] {standard_task_runner.py:104} INFO - Running: ['***', 'tasks', 'run', 'save_to_minio', 'spark_consumer', 'manual__2025-02-01T21:55:24.745827+00:00', '--job-id', '23', '--raw', '--subdir', 'DAGS_FOLDER/main_pipeline.py', '--cfg-path', '/tmp/tmp34xeawyn']
[2025-02-01T22:03:41.095+0000] {standard_task_runner.py:105} INFO - Job 23: Subtask spark_consumer
[2025-02-01T22:03:41.133+0000] {task_command.py:467} INFO - Running <TaskInstance: save_to_minio.spark_consumer manual__2025-02-01T21:55:24.745827+00:00 [running]> on host 2f541c1544a4
[2025-02-01T22:03:41.199+0000] {taskinstance.py:3132} INFO - Exporting env vars: AIRFLOW_CTX_DAG_OWNER='andrewsis' AIRFLOW_CTX_DAG_ID='save_to_minio' AIRFLOW_CTX_TASK_ID='spark_consumer' AIRFLOW_CTX_EXECUTION_DATE='2025-02-01T21:55:24.745827+00:00' AIRFLOW_CTX_TRY_NUMBER='7' AIRFLOW_CTX_DAG_RUN_ID='manual__2025-02-01T21:55:24.745827+00:00'
[2025-02-01T22:03:41.201+0000] {taskinstance.py:731} INFO - ::endgroup::
[2025-02-01T22:03:55.653+0000] {base.py:84} INFO - Retrieving connection 'postgres_localhost'
[2025-02-01T22:03:56.452+0000] {sql.py:681} INFO - Loaded 1000 rows into crypto_data so far
[2025-02-01T22:03:57.267+0000] {sql.py:681} INFO - Loaded 1000 rows into crypto_data so far
[2025-02-01T22:03:58.106+0000] {sql.py:681} INFO - Loaded 1000 rows into crypto_data so far
[2025-02-01T22:03:58.934+0000] {sql.py:681} INFO - Loaded 1000 rows into crypto_data so far
[2025-02-01T22:03:59.716+0000] {sql.py:681} INFO - Loaded 1000 rows into crypto_data so far
[2025-02-01T22:04:00.382+0000] {sql.py:681} INFO - Loaded 840 rows into crypto_data so far
[2025-02-01T22:04:00.383+0000] {sql.py:694} INFO - Done loading. Loaded a total of 5840 rows into crypto_data
[2025-02-01T22:04:00.387+0000] {python.py:240} INFO - Done. Returned value was: None
[2025-02-01T22:04:00.395+0000] {taskinstance.py:340} INFO - ::group::Post task execution logs
[2025-02-01T22:04:00.396+0000] {taskinstance.py:352} INFO - Marking task as SUCCESS. dag_id=save_to_minio, task_id=spark_consumer, run_id=manual__2025-02-01T21:55:24.745827+00:00, execution_date=20250201T215524, start_date=20250201T220341, end_date=20250201T220400
[2025-02-01T22:04:00.437+0000] {local_task_job_runner.py:266} INFO - Task exited with return code 0
[2025-02-01T22:04:00.450+0000] {taskinstance.py:3895} INFO - 0 downstream tasks scheduled from follow-on schedule check
[2025-02-01T22:04:00.452+0000] {local_task_job_runner.py:245} INFO - ::endgroup::
