[2025-02-01T18:17:31.009+0000] {local_task_job_runner.py:123} INFO - ::group::Pre task execution logs
[2025-02-01T18:17:31.021+0000] {taskinstance.py:2613} INFO - Dependencies all met for dep_context=non-requeueable deps ti=<TaskInstance: save_to_minio.kafka_producer scheduled__2025-01-31T00:00:00+00:00 [queued]>
[2025-02-01T18:17:31.028+0000] {taskinstance.py:2613} INFO - Dependencies all met for dep_context=requeueable deps ti=<TaskInstance: save_to_minio.kafka_producer scheduled__2025-01-31T00:00:00+00:00 [queued]>
[2025-02-01T18:17:31.029+0000] {taskinstance.py:2866} INFO - Starting attempt 1 of 6
[2025-02-01T18:17:31.037+0000] {taskinstance.py:2889} INFO - Executing <Task(PythonOperator): kafka_producer> on 2025-01-31 00:00:00+00:00
[2025-02-01T18:17:31.041+0000] {standard_task_runner.py:72} INFO - Started process 215 to run task
[2025-02-01T18:17:31.043+0000] {standard_task_runner.py:104} INFO - Running: ['***', 'tasks', 'run', 'save_to_minio', 'kafka_producer', 'scheduled__2025-01-31T00:00:00+00:00', '--job-id', '5', '--raw', '--subdir', 'DAGS_FOLDER/main_pipeline.py', '--cfg-path', '/tmp/tmpbwyswqrx']
[2025-02-01T18:17:31.045+0000] {standard_task_runner.py:105} INFO - Job 5: Subtask kafka_producer
[2025-02-01T18:17:31.078+0000] {task_command.py:467} INFO - Running <TaskInstance: save_to_minio.kafka_producer scheduled__2025-01-31T00:00:00+00:00 [running]> on host 737d6dd1114b
[2025-02-01T18:17:31.136+0000] {taskinstance.py:3132} INFO - Exporting env vars: AIRFLOW_CTX_DAG_OWNER='andrewsis' AIRFLOW_CTX_DAG_ID='save_to_minio' AIRFLOW_CTX_TASK_ID='kafka_producer' AIRFLOW_CTX_EXECUTION_DATE='2025-01-31T00:00:00+00:00' AIRFLOW_CTX_TRY_NUMBER='1' AIRFLOW_CTX_DAG_RUN_ID='scheduled__2025-01-31T00:00:00+00:00'
[2025-02-01T18:17:31.137+0000] {taskinstance.py:731} INFO - ::endgroup::
[2025-02-01T18:17:31.154+0000] {base.py:84} INFO - Retrieving connection 'minio_conn'
[2025-02-01T18:17:31.155+0000] {connection_wrapper.py:325} INFO - AWS Connection (conn_id='minio_conn', conn_type='aws') credentials retrieved from login and password.
[2025-02-01T18:17:31.405+0000] {conn.py:380} INFO - <BrokerConnection node_id=bootstrap-0 host=kafka:9093 <connecting> [IPv4 ('172.18.0.5', 9093)]>: connecting to kafka:9093 [('172.18.0.5', 9093) IPv4]
[2025-02-01T18:17:31.406+0000] {conn.py:1205} INFO - Probing node bootstrap-0 broker version
[2025-02-01T18:17:31.408+0000] {conn.py:410} INFO - <BrokerConnection node_id=bootstrap-0 host=kafka:9093 <connecting> [IPv4 ('172.18.0.5', 9093)]>: Connection complete.
[2025-02-01T18:17:31.515+0000] {conn.py:1267} INFO - Broker version identified as 2.5.0
[2025-02-01T18:17:31.516+0000] {conn.py:1268} INFO - Set configuration api_version=(2, 5, 0) to skip auto check_version requests on startup
[2025-02-01T18:17:31.519+0000] {logging_mixin.py:190} INFO - Found 2025-01-31.json in MinIO
[2025-02-01T18:17:31.538+0000] {conn.py:380} INFO - <BrokerConnection node_id=1001 host=kafka:9093 <connecting> [IPv4 ('172.18.0.5', 9093)]>: connecting to kafka:9093 [('172.18.0.5', 9093) IPv4]
[2025-02-01T18:17:31.567+0000] {conn.py:410} INFO - <BrokerConnection node_id=1001 host=kafka:9093 <connecting> [IPv4 ('172.18.0.5', 9093)]>: Connection complete.
[2025-02-01T18:17:31.571+0000] {conn.py:919} INFO - <BrokerConnection node_id=bootstrap-0 host=kafka:9093 <connected> [IPv4 ('172.18.0.5', 9093)]>: Closing connection. 
[2025-02-01T18:17:31.882+0000] {conn.py:919} INFO - <BrokerConnection node_id=1001 host=kafka:9093 <connected> [IPv4 ('172.18.0.5', 9093)]>: Closing connection. 
[2025-02-01T18:17:31.885+0000] {python.py:240} INFO - Done. Returned value was: None
[2025-02-01T18:17:31.892+0000] {taskinstance.py:340} INFO - ::group::Post task execution logs
[2025-02-01T18:17:31.893+0000] {taskinstance.py:352} INFO - Marking task as SUCCESS. dag_id=save_to_minio, task_id=kafka_producer, run_id=scheduled__2025-01-31T00:00:00+00:00, execution_date=20250131T000000, start_date=20250201T181731, end_date=20250201T181731
[2025-02-01T18:17:31.938+0000] {local_task_job_runner.py:266} INFO - Task exited with return code 0
[2025-02-01T18:17:31.960+0000] {taskinstance.py:3895} INFO - 1 downstream tasks scheduled from follow-on schedule check
[2025-02-01T18:17:31.962+0000] {local_task_job_runner.py:245} INFO - ::endgroup::
[2025-02-01T18:48:48.334+0000] {local_task_job_runner.py:123} INFO - ::group::Pre task execution logs
[2025-02-01T18:48:48.351+0000] {taskinstance.py:2613} INFO - Dependencies all met for dep_context=non-requeueable deps ti=<TaskInstance: save_to_minio.kafka_producer scheduled__2025-01-31T00:00:00+00:00 [queued]>
[2025-02-01T18:48:48.358+0000] {taskinstance.py:2613} INFO - Dependencies all met for dep_context=requeueable deps ti=<TaskInstance: save_to_minio.kafka_producer scheduled__2025-01-31T00:00:00+00:00 [queued]>
[2025-02-01T18:48:48.359+0000] {taskinstance.py:2866} INFO - Starting attempt 1 of 6
[2025-02-01T18:48:48.368+0000] {taskinstance.py:2889} INFO - Executing <Task(PythonOperator): kafka_producer> on 2025-01-31 00:00:00+00:00
[2025-02-01T18:48:48.372+0000] {standard_task_runner.py:72} INFO - Started process 220 to run task
[2025-02-01T18:48:48.375+0000] {standard_task_runner.py:104} INFO - Running: ['***', 'tasks', 'run', 'save_to_minio', 'kafka_producer', 'scheduled__2025-01-31T00:00:00+00:00', '--job-id', '5', '--raw', '--subdir', 'DAGS_FOLDER/main_pipeline.py', '--cfg-path', '/tmp/tmp2cr0wbwf']
[2025-02-01T18:48:48.377+0000] {standard_task_runner.py:105} INFO - Job 5: Subtask kafka_producer
[2025-02-01T18:48:48.417+0000] {task_command.py:467} INFO - Running <TaskInstance: save_to_minio.kafka_producer scheduled__2025-01-31T00:00:00+00:00 [running]> on host 30dcbc5a0039
[2025-02-01T18:48:48.481+0000] {taskinstance.py:3132} INFO - Exporting env vars: AIRFLOW_CTX_DAG_OWNER='andrewsis' AIRFLOW_CTX_DAG_ID='save_to_minio' AIRFLOW_CTX_TASK_ID='kafka_producer' AIRFLOW_CTX_EXECUTION_DATE='2025-01-31T00:00:00+00:00' AIRFLOW_CTX_TRY_NUMBER='1' AIRFLOW_CTX_DAG_RUN_ID='scheduled__2025-01-31T00:00:00+00:00'
[2025-02-01T18:48:48.483+0000] {taskinstance.py:731} INFO - ::endgroup::
[2025-02-01T18:48:48.503+0000] {base.py:84} INFO - Retrieving connection 'minio_conn'
[2025-02-01T18:48:48.505+0000] {connection_wrapper.py:325} INFO - AWS Connection (conn_id='minio_conn', conn_type='aws') credentials retrieved from login and password.
[2025-02-01T18:48:48.759+0000] {conn.py:380} INFO - <BrokerConnection node_id=bootstrap-0 host=kafka:9093 <connecting> [IPv4 ('172.18.0.5', 9093)]>: connecting to kafka:9093 [('172.18.0.5', 9093) IPv4]
[2025-02-01T18:48:48.761+0000] {conn.py:1205} INFO - Probing node bootstrap-0 broker version
[2025-02-01T18:48:48.762+0000] {conn.py:410} INFO - <BrokerConnection node_id=bootstrap-0 host=kafka:9093 <connecting> [IPv4 ('172.18.0.5', 9093)]>: Connection complete.
[2025-02-01T18:48:48.873+0000] {conn.py:1267} INFO - Broker version identified as 2.5.0
[2025-02-01T18:48:48.874+0000] {conn.py:1268} INFO - Set configuration api_version=(2, 5, 0) to skip auto check_version requests on startup
[2025-02-01T18:48:48.877+0000] {logging_mixin.py:190} INFO - Found 2025-01-31.json in MinIO
[2025-02-01T18:48:48.892+0000] {conn.py:380} INFO - <BrokerConnection node_id=1001 host=kafka:9093 <connecting> [IPv4 ('172.18.0.5', 9093)]>: connecting to kafka:9093 [('172.18.0.5', 9093) IPv4]
[2025-02-01T18:48:48.898+0000] {conn.py:410} INFO - <BrokerConnection node_id=1001 host=kafka:9093 <connecting> [IPv4 ('172.18.0.5', 9093)]>: Connection complete.
[2025-02-01T18:48:48.901+0000] {conn.py:919} INFO - <BrokerConnection node_id=bootstrap-0 host=kafka:9093 <connected> [IPv4 ('172.18.0.5', 9093)]>: Closing connection. 
[2025-02-01T18:48:49.274+0000] {conn.py:919} INFO - <BrokerConnection node_id=1001 host=kafka:9093 <connected> [IPv4 ('172.18.0.5', 9093)]>: Closing connection. 
[2025-02-01T18:48:49.278+0000] {python.py:240} INFO - Done. Returned value was: None
[2025-02-01T18:48:49.289+0000] {taskinstance.py:340} INFO - ::group::Post task execution logs
[2025-02-01T18:48:49.291+0000] {taskinstance.py:352} INFO - Marking task as SUCCESS. dag_id=save_to_minio, task_id=kafka_producer, run_id=scheduled__2025-01-31T00:00:00+00:00, execution_date=20250131T000000, start_date=20250201T184848, end_date=20250201T184849
[2025-02-01T18:48:49.351+0000] {local_task_job_runner.py:266} INFO - Task exited with return code 0
[2025-02-01T18:48:49.374+0000] {taskinstance.py:3895} INFO - 1 downstream tasks scheduled from follow-on schedule check
[2025-02-01T18:48:49.377+0000] {local_task_job_runner.py:245} INFO - ::endgroup::
[2025-02-01T19:21:57.299+0000] {local_task_job_runner.py:123} INFO - ::group::Pre task execution logs
[2025-02-01T19:21:57.313+0000] {taskinstance.py:2613} INFO - Dependencies all met for dep_context=non-requeueable deps ti=<TaskInstance: save_to_minio.kafka_producer scheduled__2025-01-31T00:00:00+00:00 [queued]>
[2025-02-01T19:21:57.320+0000] {taskinstance.py:2613} INFO - Dependencies all met for dep_context=requeueable deps ti=<TaskInstance: save_to_minio.kafka_producer scheduled__2025-01-31T00:00:00+00:00 [queued]>
[2025-02-01T19:21:57.321+0000] {taskinstance.py:2866} INFO - Starting attempt 1 of 6
[2025-02-01T19:21:57.330+0000] {taskinstance.py:2889} INFO - Executing <Task(PythonOperator): kafka_producer> on 2025-01-31 00:00:00+00:00
[2025-02-01T19:21:57.334+0000] {standard_task_runner.py:72} INFO - Started process 206 to run task
[2025-02-01T19:21:57.336+0000] {standard_task_runner.py:104} INFO - Running: ['***', 'tasks', 'run', 'save_to_minio', 'kafka_producer', 'scheduled__2025-01-31T00:00:00+00:00', '--job-id', '4', '--raw', '--subdir', 'DAGS_FOLDER/main_pipeline.py', '--cfg-path', '/tmp/tmpk2rr3lao']
[2025-02-01T19:21:57.339+0000] {standard_task_runner.py:105} INFO - Job 4: Subtask kafka_producer
[2025-02-01T19:21:57.375+0000] {task_command.py:467} INFO - Running <TaskInstance: save_to_minio.kafka_producer scheduled__2025-01-31T00:00:00+00:00 [running]> on host 75b7417aafc8
[2025-02-01T19:21:57.433+0000] {taskinstance.py:3132} INFO - Exporting env vars: AIRFLOW_CTX_DAG_OWNER='andrewsis' AIRFLOW_CTX_DAG_ID='save_to_minio' AIRFLOW_CTX_TASK_ID='kafka_producer' AIRFLOW_CTX_EXECUTION_DATE='2025-01-31T00:00:00+00:00' AIRFLOW_CTX_TRY_NUMBER='1' AIRFLOW_CTX_DAG_RUN_ID='scheduled__2025-01-31T00:00:00+00:00'
[2025-02-01T19:21:57.434+0000] {taskinstance.py:731} INFO - ::endgroup::
[2025-02-01T19:21:57.454+0000] {base.py:84} INFO - Retrieving connection 'minio_conn'
[2025-02-01T19:21:57.455+0000] {connection_wrapper.py:325} INFO - AWS Connection (conn_id='minio_conn', conn_type='aws') credentials retrieved from login and password.
[2025-02-01T19:22:01.044+0000] {conn.py:1527} WARNING - DNS lookup failed for kafka:9093, exception was [Errno -2] Name or service not known. Is your advertised.listeners (called advertised.host.name before Kafka 9) correct and resolvable?
[2025-02-01T19:22:01.045+0000] {conn.py:315} ERROR - DNS lookup failed for kafka:9093 (0)
[2025-02-01T19:22:01.046+0000] {conn.py:1205} INFO - Probing node bootstrap-0 broker version
[2025-02-01T19:22:04.348+0000] {conn.py:1527} WARNING - DNS lookup failed for kafka:9093, exception was [Errno -2] Name or service not known. Is your advertised.listeners (called advertised.host.name before Kafka 9) correct and resolvable?
[2025-02-01T19:22:04.349+0000] {conn.py:315} ERROR - DNS lookup failed for kafka:9093 (0)
[2025-02-01T19:22:04.349+0000] {taskinstance.py:3311} ERROR - Task failed with exception
Traceback (most recent call last):
  File "/home/airflow/.local/lib/python3.11/site-packages/airflow/models/taskinstance.py", line 767, in _execute_task
    result = _execute_callable(context=context, **execute_callable_kwargs)
             ^^^^^^^^^^^^^^^^^^^^^^^^^^^^^^^^^^^^^^^^^^^^^^^^^^^^^^^^^^^^^
  File "/home/airflow/.local/lib/python3.11/site-packages/airflow/models/taskinstance.py", line 733, in _execute_callable
    return ExecutionCallableRunner(
           ^^^^^^^^^^^^^^^^^^^^^^^^
  File "/home/airflow/.local/lib/python3.11/site-packages/airflow/utils/operator_helpers.py", line 252, in run
    return self.func(*args, **kwargs)
           ^^^^^^^^^^^^^^^^^^^^^^^^^^
  File "/home/airflow/.local/lib/python3.11/site-packages/airflow/models/baseoperator.py", line 422, in wrapper
    return func(self, *args, **kwargs)
           ^^^^^^^^^^^^^^^^^^^^^^^^^^^
  File "/home/airflow/.local/lib/python3.11/site-packages/airflow/operators/python.py", line 238, in execute
    return_value = self.execute_callable()
                   ^^^^^^^^^^^^^^^^^^^^^^^
  File "/home/airflow/.local/lib/python3.11/site-packages/airflow/operators/python.py", line 256, in execute_callable
    return runner.run(*self.op_args, **self.op_kwargs)
           ^^^^^^^^^^^^^^^^^^^^^^^^^^^^^^^^^^^^^^^^^^^
  File "/home/airflow/.local/lib/python3.11/site-packages/airflow/utils/operator_helpers.py", line 252, in run
    return self.func(*args, **kwargs)
           ^^^^^^^^^^^^^^^^^^^^^^^^^^
  File "/opt/airflow/dags/main_pipeline.py", line 40, in send_to_kafka
    producer = KafkaProducer(
               ^^^^^^^^^^^^^^
  File "/home/airflow/.local/lib/python3.11/site-packages/kafka/producer/kafka.py", line 381, in __init__
    client = KafkaClient(metrics=self._metrics, metric_group_prefix='producer',
             ^^^^^^^^^^^^^^^^^^^^^^^^^^^^^^^^^^^^^^^^^^^^^^^^^^^^^^^^^^^^^^^^^^
  File "/home/airflow/.local/lib/python3.11/site-packages/kafka/client_async.py", line 244, in __init__
    self.config['api_version'] = self.check_version(timeout=check_timeout)
                                 ^^^^^^^^^^^^^^^^^^^^^^^^^^^^^^^^^^^^^^^^^
  File "/home/airflow/.local/lib/python3.11/site-packages/kafka/client_async.py", line 927, in check_version
    raise Errors.NoBrokersAvailable()
kafka.errors.NoBrokersAvailable: NoBrokersAvailable
[2025-02-01T19:22:04.369+0000] {taskinstance.py:1225} INFO - Marking task as UP_FOR_RETRY. dag_id=save_to_minio, task_id=kafka_producer, run_id=scheduled__2025-01-31T00:00:00+00:00, execution_date=20250131T000000, start_date=20250201T192157, end_date=20250201T192204
[2025-02-01T19:22:04.380+0000] {taskinstance.py:340} INFO - ::group::Post task execution logs
[2025-02-01T19:22:04.381+0000] {standard_task_runner.py:124} ERROR - Failed to execute job 4 for task kafka_producer (NoBrokersAvailable; 206)
Traceback (most recent call last):
  File "/home/airflow/.local/lib/python3.11/site-packages/airflow/task/task_runner/standard_task_runner.py", line 117, in _start_by_fork
    ret = args.func(args, dag=self.dag)
          ^^^^^^^^^^^^^^^^^^^^^^^^^^^^^
  File "/home/airflow/.local/lib/python3.11/site-packages/airflow/cli/cli_config.py", line 49, in command
    return func(*args, **kwargs)
           ^^^^^^^^^^^^^^^^^^^^^
  File "/home/airflow/.local/lib/python3.11/site-packages/airflow/utils/cli.py", line 116, in wrapper
    return f(*args, **kwargs)
           ^^^^^^^^^^^^^^^^^^
  File "/home/airflow/.local/lib/python3.11/site-packages/airflow/cli/commands/task_command.py", line 483, in task_run
    task_return_code = _run_task_by_selected_method(args, _dag, ti)
                       ^^^^^^^^^^^^^^^^^^^^^^^^^^^^^^^^^^^^^^^^^^^^
  File "/home/airflow/.local/lib/python3.11/site-packages/airflow/cli/commands/task_command.py", line 256, in _run_task_by_selected_method
    return _run_raw_task(args, ti)
           ^^^^^^^^^^^^^^^^^^^^^^^
  File "/home/airflow/.local/lib/python3.11/site-packages/airflow/cli/commands/task_command.py", line 341, in _run_raw_task
    return ti._run_raw_task(
           ^^^^^^^^^^^^^^^^^
  File "/home/airflow/.local/lib/python3.11/site-packages/airflow/utils/session.py", line 97, in wrapper
    return func(*args, session=session, **kwargs)
           ^^^^^^^^^^^^^^^^^^^^^^^^^^^^^^^^^^^^^^
  File "/home/airflow/.local/lib/python3.11/site-packages/airflow/models/taskinstance.py", line 3005, in _run_raw_task
    return _run_raw_task(
           ^^^^^^^^^^^^^^
  File "/home/airflow/.local/lib/python3.11/site-packages/airflow/models/taskinstance.py", line 273, in _run_raw_task
    TaskInstance._execute_task_with_callbacks(
  File "/home/airflow/.local/lib/python3.11/site-packages/airflow/models/taskinstance.py", line 3159, in _execute_task_with_callbacks
    result = self._execute_task(context, task_orig)
             ^^^^^^^^^^^^^^^^^^^^^^^^^^^^^^^^^^^^^^
  File "/home/airflow/.local/lib/python3.11/site-packages/airflow/models/taskinstance.py", line 3183, in _execute_task
    return _execute_task(self, context, task_orig)
           ^^^^^^^^^^^^^^^^^^^^^^^^^^^^^^^^^^^^^^^
  File "/home/airflow/.local/lib/python3.11/site-packages/airflow/models/taskinstance.py", line 767, in _execute_task
    result = _execute_callable(context=context, **execute_callable_kwargs)
             ^^^^^^^^^^^^^^^^^^^^^^^^^^^^^^^^^^^^^^^^^^^^^^^^^^^^^^^^^^^^^
  File "/home/airflow/.local/lib/python3.11/site-packages/airflow/models/taskinstance.py", line 733, in _execute_callable
    return ExecutionCallableRunner(
           ^^^^^^^^^^^^^^^^^^^^^^^^
  File "/home/airflow/.local/lib/python3.11/site-packages/airflow/utils/operator_helpers.py", line 252, in run
    return self.func(*args, **kwargs)
           ^^^^^^^^^^^^^^^^^^^^^^^^^^
  File "/home/airflow/.local/lib/python3.11/site-packages/airflow/models/baseoperator.py", line 422, in wrapper
    return func(self, *args, **kwargs)
           ^^^^^^^^^^^^^^^^^^^^^^^^^^^
  File "/home/airflow/.local/lib/python3.11/site-packages/airflow/operators/python.py", line 238, in execute
    return_value = self.execute_callable()
                   ^^^^^^^^^^^^^^^^^^^^^^^
  File "/home/airflow/.local/lib/python3.11/site-packages/airflow/operators/python.py", line 256, in execute_callable
    return runner.run(*self.op_args, **self.op_kwargs)
           ^^^^^^^^^^^^^^^^^^^^^^^^^^^^^^^^^^^^^^^^^^^
  File "/home/airflow/.local/lib/python3.11/site-packages/airflow/utils/operator_helpers.py", line 252, in run
    return self.func(*args, **kwargs)
           ^^^^^^^^^^^^^^^^^^^^^^^^^^
  File "/opt/airflow/dags/main_pipeline.py", line 40, in send_to_kafka
    producer = KafkaProducer(
               ^^^^^^^^^^^^^^
  File "/home/airflow/.local/lib/python3.11/site-packages/kafka/producer/kafka.py", line 381, in __init__
    client = KafkaClient(metrics=self._metrics, metric_group_prefix='producer',
             ^^^^^^^^^^^^^^^^^^^^^^^^^^^^^^^^^^^^^^^^^^^^^^^^^^^^^^^^^^^^^^^^^^
  File "/home/airflow/.local/lib/python3.11/site-packages/kafka/client_async.py", line 244, in __init__
    self.config['api_version'] = self.check_version(timeout=check_timeout)
                                 ^^^^^^^^^^^^^^^^^^^^^^^^^^^^^^^^^^^^^^^^^
  File "/home/airflow/.local/lib/python3.11/site-packages/kafka/client_async.py", line 927, in check_version
    raise Errors.NoBrokersAvailable()
kafka.errors.NoBrokersAvailable: NoBrokersAvailable
[2025-02-01T19:22:04.406+0000] {local_task_job_runner.py:266} INFO - Task exited with return code 1
[2025-02-01T19:22:04.422+0000] {taskinstance.py:3895} INFO - 0 downstream tasks scheduled from follow-on schedule check
[2025-02-01T19:22:04.424+0000] {local_task_job_runner.py:245} INFO - ::endgroup::
[2025-02-01T21:55:28.312+0000] {local_task_job_runner.py:123} INFO - ::group::Pre task execution logs
[2025-02-01T21:55:28.326+0000] {taskinstance.py:2613} INFO - Dependencies all met for dep_context=non-requeueable deps ti=<TaskInstance: save_to_minio.kafka_producer scheduled__2025-01-31T00:00:00+00:00 [queued]>
[2025-02-01T21:55:28.333+0000] {taskinstance.py:2613} INFO - Dependencies all met for dep_context=requeueable deps ti=<TaskInstance: save_to_minio.kafka_producer scheduled__2025-01-31T00:00:00+00:00 [queued]>
[2025-02-01T21:55:28.334+0000] {taskinstance.py:2866} INFO - Starting attempt 1 of 6
[2025-02-01T21:55:28.343+0000] {taskinstance.py:2889} INFO - Executing <Task(PythonOperator): kafka_producer> on 2025-01-31 00:00:00+00:00
[2025-02-01T21:55:28.348+0000] {standard_task_runner.py:72} INFO - Started process 218 to run task
[2025-02-01T21:55:28.351+0000] {standard_task_runner.py:104} INFO - Running: ['***', 'tasks', 'run', 'save_to_minio', 'kafka_producer', 'scheduled__2025-01-31T00:00:00+00:00', '--job-id', '5', '--raw', '--subdir', 'DAGS_FOLDER/main_pipeline.py', '--cfg-path', '/tmp/tmph5zyv7e4']
[2025-02-01T21:55:28.353+0000] {standard_task_runner.py:105} INFO - Job 5: Subtask kafka_producer
[2025-02-01T21:55:28.389+0000] {task_command.py:467} INFO - Running <TaskInstance: save_to_minio.kafka_producer scheduled__2025-01-31T00:00:00+00:00 [running]> on host 2f541c1544a4
[2025-02-01T21:55:28.453+0000] {taskinstance.py:3132} INFO - Exporting env vars: AIRFLOW_CTX_DAG_OWNER='andrewsis' AIRFLOW_CTX_DAG_ID='save_to_minio' AIRFLOW_CTX_TASK_ID='kafka_producer' AIRFLOW_CTX_EXECUTION_DATE='2025-01-31T00:00:00+00:00' AIRFLOW_CTX_TRY_NUMBER='1' AIRFLOW_CTX_DAG_RUN_ID='scheduled__2025-01-31T00:00:00+00:00'
[2025-02-01T21:55:28.454+0000] {taskinstance.py:731} INFO - ::endgroup::
[2025-02-01T21:55:28.472+0000] {base.py:84} INFO - Retrieving connection 'minio_conn'
[2025-02-01T21:55:28.473+0000] {connection_wrapper.py:325} INFO - AWS Connection (conn_id='minio_conn', conn_type='aws') credentials retrieved from login and password.
[2025-02-01T21:55:28.744+0000] {conn.py:380} INFO - <BrokerConnection node_id=bootstrap-0 host=kafka:9093 <connecting> [IPv4 ('172.18.0.5', 9093)]>: connecting to kafka:9093 [('172.18.0.5', 9093) IPv4]
[2025-02-01T21:55:28.745+0000] {conn.py:1205} INFO - Probing node bootstrap-0 broker version
[2025-02-01T21:55:28.747+0000] {conn.py:410} INFO - <BrokerConnection node_id=bootstrap-0 host=kafka:9093 <connecting> [IPv4 ('172.18.0.5', 9093)]>: Connection complete.
[2025-02-01T21:55:28.851+0000] {conn.py:1267} INFO - Broker version identified as 2.5.0
[2025-02-01T21:55:28.852+0000] {conn.py:1268} INFO - Set configuration api_version=(2, 5, 0) to skip auto check_version requests on startup
[2025-02-01T21:55:28.854+0000] {logging_mixin.py:190} INFO - Found 2025-01-31.json in MinIO
[2025-02-01T21:55:28.870+0000] {conn.py:380} INFO - <BrokerConnection node_id=1001 host=kafka:9093 <connecting> [IPv4 ('172.18.0.5', 9093)]>: connecting to kafka:9093 [('172.18.0.5', 9093) IPv4]
[2025-02-01T21:55:28.874+0000] {conn.py:410} INFO - <BrokerConnection node_id=1001 host=kafka:9093 <connecting> [IPv4 ('172.18.0.5', 9093)]>: Connection complete.
[2025-02-01T21:55:28.878+0000] {conn.py:919} INFO - <BrokerConnection node_id=bootstrap-0 host=kafka:9093 <connected> [IPv4 ('172.18.0.5', 9093)]>: Closing connection. 
[2025-02-01T21:55:29.266+0000] {conn.py:919} INFO - <BrokerConnection node_id=1001 host=kafka:9093 <connected> [IPv4 ('172.18.0.5', 9093)]>: Closing connection. 
[2025-02-01T21:55:29.270+0000] {python.py:240} INFO - Done. Returned value was: None
[2025-02-01T21:55:29.280+0000] {taskinstance.py:340} INFO - ::group::Post task execution logs
[2025-02-01T21:55:29.281+0000] {taskinstance.py:352} INFO - Marking task as SUCCESS. dag_id=save_to_minio, task_id=kafka_producer, run_id=scheduled__2025-01-31T00:00:00+00:00, execution_date=20250131T000000, start_date=20250201T215528, end_date=20250201T215529
[2025-02-01T21:55:29.327+0000] {local_task_job_runner.py:266} INFO - Task exited with return code 0
[2025-02-01T21:55:29.343+0000] {taskinstance.py:3895} INFO - 1 downstream tasks scheduled from follow-on schedule check
[2025-02-01T21:55:29.345+0000] {local_task_job_runner.py:245} INFO - ::endgroup::
[2025-02-01T22:12:39.240+0000] {local_task_job_runner.py:123} INFO - ::group::Pre task execution logs
[2025-02-01T22:12:39.253+0000] {taskinstance.py:2613} INFO - Dependencies all met for dep_context=non-requeueable deps ti=<TaskInstance: save_to_minio.kafka_producer scheduled__2025-01-31T00:00:00+00:00 [queued]>
[2025-02-01T22:12:39.260+0000] {taskinstance.py:2613} INFO - Dependencies all met for dep_context=requeueable deps ti=<TaskInstance: save_to_minio.kafka_producer scheduled__2025-01-31T00:00:00+00:00 [queued]>
[2025-02-01T22:12:39.261+0000] {taskinstance.py:2866} INFO - Starting attempt 1 of 6
[2025-02-01T22:12:39.271+0000] {taskinstance.py:2889} INFO - Executing <Task(PythonOperator): kafka_producer> on 2025-01-31 00:00:00+00:00
[2025-02-01T22:12:39.275+0000] {standard_task_runner.py:72} INFO - Started process 206 to run task
[2025-02-01T22:12:39.277+0000] {standard_task_runner.py:104} INFO - Running: ['***', 'tasks', 'run', 'save_to_minio', 'kafka_producer', 'scheduled__2025-01-31T00:00:00+00:00', '--job-id', '4', '--raw', '--subdir', 'DAGS_FOLDER/main_pipeline.py', '--cfg-path', '/tmp/tmpki0zj0kg']
[2025-02-01T22:12:39.279+0000] {standard_task_runner.py:105} INFO - Job 4: Subtask kafka_producer
[2025-02-01T22:12:39.314+0000] {task_command.py:467} INFO - Running <TaskInstance: save_to_minio.kafka_producer scheduled__2025-01-31T00:00:00+00:00 [running]> on host 7b8c122315be
[2025-02-01T22:12:39.370+0000] {taskinstance.py:3132} INFO - Exporting env vars: AIRFLOW_CTX_DAG_OWNER='andrewsis' AIRFLOW_CTX_DAG_ID='save_to_minio' AIRFLOW_CTX_TASK_ID='kafka_producer' AIRFLOW_CTX_EXECUTION_DATE='2025-01-31T00:00:00+00:00' AIRFLOW_CTX_TRY_NUMBER='1' AIRFLOW_CTX_DAG_RUN_ID='scheduled__2025-01-31T00:00:00+00:00'
[2025-02-01T22:12:39.372+0000] {taskinstance.py:731} INFO - ::endgroup::
[2025-02-01T22:12:39.388+0000] {base.py:84} INFO - Retrieving connection 'minio_conn'
[2025-02-01T22:12:39.390+0000] {connection_wrapper.py:325} INFO - AWS Connection (conn_id='minio_conn', conn_type='aws') credentials retrieved from login and password.
[2025-02-01T22:12:39.646+0000] {conn.py:380} INFO - <BrokerConnection node_id=bootstrap-0 host=kafka:9093 <connecting> [IPv4 ('172.18.0.5', 9093)]>: connecting to kafka:9093 [('172.18.0.5', 9093) IPv4]
[2025-02-01T22:12:39.648+0000] {conn.py:1205} INFO - Probing node bootstrap-0 broker version
[2025-02-01T22:12:39.649+0000] {conn.py:410} INFO - <BrokerConnection node_id=bootstrap-0 host=kafka:9093 <connecting> [IPv4 ('172.18.0.5', 9093)]>: Connection complete.
[2025-02-01T22:12:39.752+0000] {conn.py:1267} INFO - Broker version identified as 2.5.0
[2025-02-01T22:12:39.754+0000] {conn.py:1268} INFO - Set configuration api_version=(2, 5, 0) to skip auto check_version requests on startup
[2025-02-01T22:12:39.756+0000] {logging_mixin.py:190} INFO - Found 2025-01-31.json in MinIO
[2025-02-01T22:12:39.799+0000] {conn.py:380} INFO - <BrokerConnection node_id=1001 host=kafka:9093 <connecting> [IPv4 ('172.18.0.5', 9093)]>: connecting to kafka:9093 [('172.18.0.5', 9093) IPv4]
[2025-02-01T22:12:39.823+0000] {conn.py:410} INFO - <BrokerConnection node_id=1001 host=kafka:9093 <connecting> [IPv4 ('172.18.0.5', 9093)]>: Connection complete.
[2025-02-01T22:12:39.827+0000] {conn.py:919} INFO - <BrokerConnection node_id=bootstrap-0 host=kafka:9093 <connected> [IPv4 ('172.18.0.5', 9093)]>: Closing connection. 
[2025-02-01T22:12:40.175+0000] {conn.py:919} INFO - <BrokerConnection node_id=1001 host=kafka:9093 <connected> [IPv4 ('172.18.0.5', 9093)]>: Closing connection. 
[2025-02-01T22:12:40.178+0000] {python.py:240} INFO - Done. Returned value was: None
[2025-02-01T22:12:40.187+0000] {taskinstance.py:340} INFO - ::group::Post task execution logs
[2025-02-01T22:12:40.188+0000] {taskinstance.py:352} INFO - Marking task as SUCCESS. dag_id=save_to_minio, task_id=kafka_producer, run_id=scheduled__2025-01-31T00:00:00+00:00, execution_date=20250131T000000, start_date=20250201T221239, end_date=20250201T221240
[2025-02-01T22:12:40.213+0000] {local_task_job_runner.py:266} INFO - Task exited with return code 0
[2025-02-01T22:12:40.236+0000] {taskinstance.py:3895} INFO - 1 downstream tasks scheduled from follow-on schedule check
[2025-02-01T22:12:40.238+0000] {local_task_job_runner.py:245} INFO - ::endgroup::
[2025-02-01T22:20:33.903+0000] {local_task_job_runner.py:123} INFO - ::group::Pre task execution logs
[2025-02-01T22:20:33.918+0000] {taskinstance.py:2613} INFO - Dependencies all met for dep_context=non-requeueable deps ti=<TaskInstance: save_to_minio.kafka_producer scheduled__2025-01-31T00:00:00+00:00 [queued]>
[2025-02-01T22:20:33.925+0000] {taskinstance.py:2613} INFO - Dependencies all met for dep_context=requeueable deps ti=<TaskInstance: save_to_minio.kafka_producer scheduled__2025-01-31T00:00:00+00:00 [queued]>
[2025-02-01T22:20:33.926+0000] {taskinstance.py:2866} INFO - Starting attempt 1 of 6
[2025-02-01T22:20:33.935+0000] {taskinstance.py:2889} INFO - Executing <Task(PythonOperator): kafka_producer> on 2025-01-31 00:00:00+00:00
[2025-02-01T22:20:33.940+0000] {standard_task_runner.py:72} INFO - Started process 207 to run task
[2025-02-01T22:20:33.942+0000] {standard_task_runner.py:104} INFO - Running: ['***', 'tasks', 'run', 'save_to_minio', 'kafka_producer', 'scheduled__2025-01-31T00:00:00+00:00', '--job-id', '4', '--raw', '--subdir', 'DAGS_FOLDER/main_pipeline.py', '--cfg-path', '/tmp/tmp341gctly']
[2025-02-01T22:20:33.944+0000] {standard_task_runner.py:105} INFO - Job 4: Subtask kafka_producer
[2025-02-01T22:20:33.980+0000] {task_command.py:467} INFO - Running <TaskInstance: save_to_minio.kafka_producer scheduled__2025-01-31T00:00:00+00:00 [running]> on host aa1cd894ce8b
[2025-02-01T22:20:34.039+0000] {taskinstance.py:3132} INFO - Exporting env vars: AIRFLOW_CTX_DAG_OWNER='andrewsis' AIRFLOW_CTX_DAG_ID='save_to_minio' AIRFLOW_CTX_TASK_ID='kafka_producer' AIRFLOW_CTX_EXECUTION_DATE='2025-01-31T00:00:00+00:00' AIRFLOW_CTX_TRY_NUMBER='1' AIRFLOW_CTX_DAG_RUN_ID='scheduled__2025-01-31T00:00:00+00:00'
[2025-02-01T22:20:34.040+0000] {taskinstance.py:731} INFO - ::endgroup::
[2025-02-01T22:20:34.057+0000] {base.py:84} INFO - Retrieving connection 'minio_conn'
[2025-02-01T22:20:34.058+0000] {connection_wrapper.py:325} INFO - AWS Connection (conn_id='minio_conn', conn_type='aws') credentials retrieved from login and password.
[2025-02-01T22:20:34.323+0000] {conn.py:380} INFO - <BrokerConnection node_id=bootstrap-0 host=kafka:9093 <connecting> [IPv4 ('172.18.0.5', 9093)]>: connecting to kafka:9093 [('172.18.0.5', 9093) IPv4]
[2025-02-01T22:20:34.324+0000] {conn.py:1205} INFO - Probing node bootstrap-0 broker version
[2025-02-01T22:20:34.325+0000] {conn.py:410} INFO - <BrokerConnection node_id=bootstrap-0 host=kafka:9093 <connecting> [IPv4 ('172.18.0.5', 9093)]>: Connection complete.
[2025-02-01T22:20:34.429+0000] {conn.py:1267} INFO - Broker version identified as 2.5.0
[2025-02-01T22:20:34.430+0000] {conn.py:1268} INFO - Set configuration api_version=(2, 5, 0) to skip auto check_version requests on startup
[2025-02-01T22:20:34.432+0000] {logging_mixin.py:190} INFO - Found 2025-01-31.json in MinIO
[2025-02-01T22:20:34.447+0000] {conn.py:380} INFO - <BrokerConnection node_id=1001 host=kafka:9093 <connecting> [IPv4 ('172.18.0.5', 9093)]>: connecting to kafka:9093 [('172.18.0.5', 9093) IPv4]
[2025-02-01T22:20:34.449+0000] {conn.py:410} INFO - <BrokerConnection node_id=1001 host=kafka:9093 <connecting> [IPv4 ('172.18.0.5', 9093)]>: Connection complete.
[2025-02-01T22:20:34.453+0000] {conn.py:919} INFO - <BrokerConnection node_id=bootstrap-0 host=kafka:9093 <connected> [IPv4 ('172.18.0.5', 9093)]>: Closing connection. 
[2025-02-01T22:20:34.809+0000] {conn.py:919} INFO - <BrokerConnection node_id=1001 host=kafka:9093 <connected> [IPv4 ('172.18.0.5', 9093)]>: Closing connection. 
[2025-02-01T22:20:34.812+0000] {python.py:240} INFO - Done. Returned value was: None
[2025-02-01T22:20:34.819+0000] {taskinstance.py:340} INFO - ::group::Post task execution logs
[2025-02-01T22:20:34.820+0000] {taskinstance.py:352} INFO - Marking task as SUCCESS. dag_id=save_to_minio, task_id=kafka_producer, run_id=scheduled__2025-01-31T00:00:00+00:00, execution_date=20250131T000000, start_date=20250201T222033, end_date=20250201T222034
[2025-02-01T22:20:34.878+0000] {local_task_job_runner.py:266} INFO - Task exited with return code 0
[2025-02-01T22:20:34.895+0000] {taskinstance.py:3895} INFO - 1 downstream tasks scheduled from follow-on schedule check
[2025-02-01T22:20:34.897+0000] {local_task_job_runner.py:245} INFO - ::endgroup::
[2025-02-01T22:36:40.181+0000] {local_task_job_runner.py:123} INFO - ::group::Pre task execution logs
[2025-02-01T22:36:40.208+0000] {taskinstance.py:2613} INFO - Dependencies all met for dep_context=non-requeueable deps ti=<TaskInstance: save_to_minio.kafka_producer scheduled__2025-01-31T00:00:00+00:00 [queued]>
[2025-02-01T22:36:40.228+0000] {taskinstance.py:2613} INFO - Dependencies all met for dep_context=requeueable deps ti=<TaskInstance: save_to_minio.kafka_producer scheduled__2025-01-31T00:00:00+00:00 [queued]>
[2025-02-01T22:36:40.235+0000] {taskinstance.py:2866} INFO - Starting attempt 1 of 6
[2025-02-01T22:36:40.256+0000] {taskinstance.py:2889} INFO - Executing <Task(PythonOperator): kafka_producer> on 2025-01-31 00:00:00+00:00
[2025-02-01T22:36:40.263+0000] {standard_task_runner.py:72} INFO - Started process 206 to run task
[2025-02-01T22:36:40.266+0000] {standard_task_runner.py:104} INFO - Running: ['***', 'tasks', 'run', 'save_to_minio', 'kafka_producer', 'scheduled__2025-01-31T00:00:00+00:00', '--job-id', '4', '--raw', '--subdir', 'DAGS_FOLDER/main_pipeline.py', '--cfg-path', '/tmp/tmpsyy_xiyz']
[2025-02-01T22:36:40.270+0000] {standard_task_runner.py:105} INFO - Job 4: Subtask kafka_producer
[2025-02-01T22:36:40.328+0000] {task_command.py:467} INFO - Running <TaskInstance: save_to_minio.kafka_producer scheduled__2025-01-31T00:00:00+00:00 [running]> on host 97249e48f795
[2025-02-01T22:36:40.409+0000] {taskinstance.py:3132} INFO - Exporting env vars: AIRFLOW_CTX_DAG_OWNER='andrewsis' AIRFLOW_CTX_DAG_ID='save_to_minio' AIRFLOW_CTX_TASK_ID='kafka_producer' AIRFLOW_CTX_EXECUTION_DATE='2025-01-31T00:00:00+00:00' AIRFLOW_CTX_TRY_NUMBER='1' AIRFLOW_CTX_DAG_RUN_ID='scheduled__2025-01-31T00:00:00+00:00'
[2025-02-01T22:36:40.411+0000] {taskinstance.py:731} INFO - ::endgroup::
[2025-02-01T22:36:40.431+0000] {base.py:84} INFO - Retrieving connection 'minio_conn'
[2025-02-01T22:36:40.433+0000] {connection_wrapper.py:325} INFO - AWS Connection (conn_id='minio_conn', conn_type='aws') credentials retrieved from login and password.
[2025-02-01T22:36:40.723+0000] {conn.py:380} INFO - <BrokerConnection node_id=bootstrap-0 host=kafka:9093 <connecting> [IPv4 ('172.18.0.5', 9093)]>: connecting to kafka:9093 [('172.18.0.5', 9093) IPv4]
[2025-02-01T22:36:40.724+0000] {conn.py:1205} INFO - Probing node bootstrap-0 broker version
[2025-02-01T22:36:40.726+0000] {conn.py:410} INFO - <BrokerConnection node_id=bootstrap-0 host=kafka:9093 <connecting> [IPv4 ('172.18.0.5', 9093)]>: Connection complete.
[2025-02-01T22:36:40.830+0000] {conn.py:1267} INFO - Broker version identified as 2.5.0
[2025-02-01T22:36:40.831+0000] {conn.py:1268} INFO - Set configuration api_version=(2, 5, 0) to skip auto check_version requests on startup
[2025-02-01T22:36:40.833+0000] {logging_mixin.py:190} INFO - Found 2025-01-31.json in MinIO
[2025-02-01T22:36:40.851+0000] {conn.py:380} INFO - <BrokerConnection node_id=1001 host=kafka:9093 <connecting> [IPv4 ('172.18.0.5', 9093)]>: connecting to kafka:9093 [('172.18.0.5', 9093) IPv4]
[2025-02-01T22:36:40.855+0000] {conn.py:410} INFO - <BrokerConnection node_id=1001 host=kafka:9093 <connecting> [IPv4 ('172.18.0.5', 9093)]>: Connection complete.
[2025-02-01T22:36:40.858+0000] {conn.py:919} INFO - <BrokerConnection node_id=bootstrap-0 host=kafka:9093 <connected> [IPv4 ('172.18.0.5', 9093)]>: Closing connection. 
[2025-02-01T22:36:41.213+0000] {conn.py:919} INFO - <BrokerConnection node_id=1001 host=kafka:9093 <connected> [IPv4 ('172.18.0.5', 9093)]>: Closing connection. 
[2025-02-01T22:36:41.216+0000] {python.py:240} INFO - Done. Returned value was: None
[2025-02-01T22:36:41.224+0000] {taskinstance.py:340} INFO - ::group::Post task execution logs
[2025-02-01T22:36:41.225+0000] {taskinstance.py:352} INFO - Marking task as SUCCESS. dag_id=save_to_minio, task_id=kafka_producer, run_id=scheduled__2025-01-31T00:00:00+00:00, execution_date=20250131T000000, start_date=20250201T223640, end_date=20250201T223641
[2025-02-01T22:36:41.285+0000] {local_task_job_runner.py:266} INFO - Task exited with return code 0
[2025-02-01T22:36:41.303+0000] {taskinstance.py:3895} INFO - 1 downstream tasks scheduled from follow-on schedule check
[2025-02-01T22:36:41.305+0000] {local_task_job_runner.py:245} INFO - ::endgroup::
[2025-02-01T22:40:44.137+0000] {local_task_job_runner.py:123} INFO - ::group::Pre task execution logs
[2025-02-01T22:40:44.151+0000] {taskinstance.py:2613} INFO - Dependencies all met for dep_context=non-requeueable deps ti=<TaskInstance: save_to_minio.kafka_producer scheduled__2025-01-31T00:00:00+00:00 [queued]>
[2025-02-01T22:40:44.157+0000] {taskinstance.py:2613} INFO - Dependencies all met for dep_context=requeueable deps ti=<TaskInstance: save_to_minio.kafka_producer scheduled__2025-01-31T00:00:00+00:00 [queued]>
[2025-02-01T22:40:44.158+0000] {taskinstance.py:2866} INFO - Starting attempt 1 of 6
[2025-02-01T22:40:44.167+0000] {taskinstance.py:2889} INFO - Executing <Task(PythonOperator): kafka_producer> on 2025-01-31 00:00:00+00:00
[2025-02-01T22:40:44.172+0000] {standard_task_runner.py:72} INFO - Started process 206 to run task
[2025-02-01T22:40:44.174+0000] {standard_task_runner.py:104} INFO - Running: ['***', 'tasks', 'run', 'save_to_minio', 'kafka_producer', 'scheduled__2025-01-31T00:00:00+00:00', '--job-id', '4', '--raw', '--subdir', 'DAGS_FOLDER/main_pipeline.py', '--cfg-path', '/tmp/tmp9xs3rcex']
[2025-02-01T22:40:44.176+0000] {standard_task_runner.py:105} INFO - Job 4: Subtask kafka_producer
[2025-02-01T22:40:44.209+0000] {task_command.py:467} INFO - Running <TaskInstance: save_to_minio.kafka_producer scheduled__2025-01-31T00:00:00+00:00 [running]> on host 5e0e814eea68
[2025-02-01T22:40:44.264+0000] {taskinstance.py:3132} INFO - Exporting env vars: AIRFLOW_CTX_DAG_OWNER='andrewsis' AIRFLOW_CTX_DAG_ID='save_to_minio' AIRFLOW_CTX_TASK_ID='kafka_producer' AIRFLOW_CTX_EXECUTION_DATE='2025-01-31T00:00:00+00:00' AIRFLOW_CTX_TRY_NUMBER='1' AIRFLOW_CTX_DAG_RUN_ID='scheduled__2025-01-31T00:00:00+00:00'
[2025-02-01T22:40:44.265+0000] {taskinstance.py:731} INFO - ::endgroup::
[2025-02-01T22:40:44.281+0000] {base.py:84} INFO - Retrieving connection 'minio_conn'
[2025-02-01T22:40:44.282+0000] {connection_wrapper.py:325} INFO - AWS Connection (conn_id='minio_conn', conn_type='aws') credentials retrieved from login and password.
[2025-02-01T22:40:44.520+0000] {conn.py:380} INFO - <BrokerConnection node_id=bootstrap-0 host=kafka:9093 <connecting> [IPv4 ('172.18.0.5', 9093)]>: connecting to kafka:9093 [('172.18.0.5', 9093) IPv4]
[2025-02-01T22:40:44.521+0000] {conn.py:1205} INFO - Probing node bootstrap-0 broker version
[2025-02-01T22:40:44.522+0000] {conn.py:410} INFO - <BrokerConnection node_id=bootstrap-0 host=kafka:9093 <connecting> [IPv4 ('172.18.0.5', 9093)]>: Connection complete.
[2025-02-01T22:40:44.626+0000] {conn.py:1267} INFO - Broker version identified as 2.5.0
[2025-02-01T22:40:44.627+0000] {conn.py:1268} INFO - Set configuration api_version=(2, 5, 0) to skip auto check_version requests on startup
[2025-02-01T22:40:44.630+0000] {logging_mixin.py:190} INFO - Found 2025-01-31.json in MinIO
[2025-02-01T22:40:44.645+0000] {conn.py:380} INFO - <BrokerConnection node_id=1001 host=kafka:9093 <connecting> [IPv4 ('172.18.0.5', 9093)]>: connecting to kafka:9093 [('172.18.0.5', 9093) IPv4]
[2025-02-01T22:40:44.649+0000] {conn.py:410} INFO - <BrokerConnection node_id=1001 host=kafka:9093 <connecting> [IPv4 ('172.18.0.5', 9093)]>: Connection complete.
[2025-02-01T22:40:44.652+0000] {conn.py:919} INFO - <BrokerConnection node_id=bootstrap-0 host=kafka:9093 <connected> [IPv4 ('172.18.0.5', 9093)]>: Closing connection. 
[2025-02-01T22:40:45.001+0000] {conn.py:919} INFO - <BrokerConnection node_id=1001 host=kafka:9093 <connected> [IPv4 ('172.18.0.5', 9093)]>: Closing connection. 
[2025-02-01T22:40:45.004+0000] {python.py:240} INFO - Done. Returned value was: None
[2025-02-01T22:40:45.011+0000] {taskinstance.py:340} INFO - ::group::Post task execution logs
[2025-02-01T22:40:45.012+0000] {taskinstance.py:352} INFO - Marking task as SUCCESS. dag_id=save_to_minio, task_id=kafka_producer, run_id=scheduled__2025-01-31T00:00:00+00:00, execution_date=20250131T000000, start_date=20250201T224044, end_date=20250201T224045
[2025-02-01T22:40:45.069+0000] {local_task_job_runner.py:266} INFO - Task exited with return code 0
[2025-02-01T22:40:45.084+0000] {taskinstance.py:3895} INFO - 1 downstream tasks scheduled from follow-on schedule check
[2025-02-01T22:40:45.086+0000] {local_task_job_runner.py:245} INFO - ::endgroup::
[2025-02-02T13:22:45.642+0000] {local_task_job_runner.py:123} INFO - ::group::Pre task execution logs
[2025-02-02T13:22:45.663+0000] {taskinstance.py:2613} INFO - Dependencies all met for dep_context=non-requeueable deps ti=<TaskInstance: save_to_minio.kafka_producer scheduled__2025-01-31T00:00:00+00:00 [queued]>
[2025-02-02T13:22:45.673+0000] {taskinstance.py:2613} INFO - Dependencies all met for dep_context=requeueable deps ti=<TaskInstance: save_to_minio.kafka_producer scheduled__2025-01-31T00:00:00+00:00 [queued]>
[2025-02-02T13:22:45.675+0000] {taskinstance.py:2866} INFO - Starting attempt 1 of 6
[2025-02-02T13:22:45.773+0000] {taskinstance.py:2889} INFO - Executing <Task(PythonOperator): kafka_producer> on 2025-01-31 00:00:00+00:00
[2025-02-02T13:22:45.780+0000] {standard_task_runner.py:72} INFO - Started process 299 to run task
[2025-02-02T13:22:45.784+0000] {standard_task_runner.py:104} INFO - Running: ['***', 'tasks', 'run', 'save_to_minio', 'kafka_producer', 'scheduled__2025-01-31T00:00:00+00:00', '--job-id', '10', '--raw', '--subdir', 'DAGS_FOLDER/main_pipeline.py', '--cfg-path', '/tmp/tmpi9pei45v']
[2025-02-02T13:22:45.788+0000] {standard_task_runner.py:105} INFO - Job 10: Subtask kafka_producer
[2025-02-02T13:22:45.842+0000] {task_command.py:467} INFO - Running <TaskInstance: save_to_minio.kafka_producer scheduled__2025-01-31T00:00:00+00:00 [running]> on host e6ed12b0dfa5
[2025-02-02T13:22:45.946+0000] {taskinstance.py:3132} INFO - Exporting env vars: AIRFLOW_CTX_DAG_OWNER='andrewsis' AIRFLOW_CTX_DAG_ID='save_to_minio' AIRFLOW_CTX_TASK_ID='kafka_producer' AIRFLOW_CTX_EXECUTION_DATE='2025-01-31T00:00:00+00:00' AIRFLOW_CTX_TRY_NUMBER='1' AIRFLOW_CTX_DAG_RUN_ID='scheduled__2025-01-31T00:00:00+00:00'
[2025-02-02T13:22:45.949+0000] {taskinstance.py:731} INFO - ::endgroup::
[2025-02-02T13:22:45.982+0000] {base.py:84} INFO - Retrieving connection 'minio_conn'
[2025-02-02T13:22:45.984+0000] {connection_wrapper.py:325} INFO - AWS Connection (conn_id='minio_conn', conn_type='aws') credentials retrieved from login and password.
[2025-02-02T13:22:47.197+0000] {conn.py:380} INFO - <BrokerConnection node_id=bootstrap-0 host=kafka:9093 <connecting> [IPv4 ('172.18.0.2', 9093)]>: connecting to kafka:9093 [('172.18.0.2', 9093) IPv4]
[2025-02-02T13:22:47.289+0000] {conn.py:1205} INFO - Probing node bootstrap-0 broker version
[2025-02-02T13:22:47.465+0000] {conn.py:410} INFO - <BrokerConnection node_id=bootstrap-0 host=kafka:9093 <connecting> [IPv4 ('172.18.0.2', 9093)]>: Connection complete.
[2025-02-02T13:22:47.687+0000] {conn.py:1267} INFO - Broker version identified as 2.5.0
[2025-02-02T13:22:47.691+0000] {conn.py:1268} INFO - Set configuration api_version=(2, 5, 0) to skip auto check_version requests on startup
[2025-02-02T13:22:47.696+0000] {logging_mixin.py:190} INFO - Found 2025-01-31.json in MinIO
[2025-02-02T13:22:47.785+0000] {conn.py:380} INFO - <BrokerConnection node_id=1001 host=kafka:9093 <connecting> [IPv4 ('172.18.0.2', 9093)]>: connecting to kafka:9093 [('172.18.0.2', 9093) IPv4]
[2025-02-02T13:22:47.788+0000] {conn.py:410} INFO - <BrokerConnection node_id=1001 host=kafka:9093 <connecting> [IPv4 ('172.18.0.2', 9093)]>: Connection complete.
[2025-02-02T13:22:47.795+0000] {conn.py:919} INFO - <BrokerConnection node_id=bootstrap-0 host=kafka:9093 <connected> [IPv4 ('172.18.0.2', 9093)]>: Closing connection. 
[2025-02-02T13:22:48.633+0000] {conn.py:919} INFO - <BrokerConnection node_id=1001 host=kafka:9093 <connected> [IPv4 ('172.18.0.2', 9093)]>: Closing connection. 
[2025-02-02T13:22:48.638+0000] {python.py:240} INFO - Done. Returned value was: None
[2025-02-02T13:22:48.649+0000] {taskinstance.py:340} INFO - ::group::Post task execution logs
[2025-02-02T13:22:48.650+0000] {taskinstance.py:352} INFO - Marking task as SUCCESS. dag_id=save_to_minio, task_id=kafka_producer, run_id=scheduled__2025-01-31T00:00:00+00:00, execution_date=20250131T000000, start_date=20250202T132245, end_date=20250202T132248
[2025-02-02T13:22:48.681+0000] {local_task_job_runner.py:266} INFO - Task exited with return code 0
[2025-02-02T13:22:48.703+0000] {taskinstance.py:3895} INFO - 1 downstream tasks scheduled from follow-on schedule check
[2025-02-02T13:22:48.705+0000] {local_task_job_runner.py:245} INFO - ::endgroup::
[2025-02-02T13:38:24.982+0000] {local_task_job_runner.py:123} INFO - ::group::Pre task execution logs
[2025-02-02T13:38:24.993+0000] {taskinstance.py:2613} INFO - Dependencies all met for dep_context=non-requeueable deps ti=<TaskInstance: save_to_minio.kafka_producer scheduled__2025-01-31T00:00:00+00:00 [queued]>
[2025-02-02T13:38:24.999+0000] {taskinstance.py:2613} INFO - Dependencies all met for dep_context=requeueable deps ti=<TaskInstance: save_to_minio.kafka_producer scheduled__2025-01-31T00:00:00+00:00 [queued]>
[2025-02-02T13:38:25.000+0000] {taskinstance.py:2866} INFO - Starting attempt 1 of 6
[2025-02-02T13:38:25.010+0000] {taskinstance.py:2889} INFO - Executing <Task(PythonOperator): kafka_producer> on 2025-01-31 00:00:00+00:00
[2025-02-02T13:38:25.014+0000] {standard_task_runner.py:72} INFO - Started process 1205 to run task
[2025-02-02T13:38:25.016+0000] {standard_task_runner.py:104} INFO - Running: ['***', 'tasks', 'run', 'save_to_minio', 'kafka_producer', 'scheduled__2025-01-31T00:00:00+00:00', '--job-id', '16', '--raw', '--subdir', 'DAGS_FOLDER/main_pipeline.py', '--cfg-path', '/tmp/tmpwvnz0omt']
[2025-02-02T13:38:25.018+0000] {standard_task_runner.py:105} INFO - Job 16: Subtask kafka_producer
[2025-02-02T13:38:25.051+0000] {task_command.py:467} INFO - Running <TaskInstance: save_to_minio.kafka_producer scheduled__2025-01-31T00:00:00+00:00 [running]> on host 64f2a5764477
[2025-02-02T13:38:25.109+0000] {taskinstance.py:3132} INFO - Exporting env vars: AIRFLOW_CTX_DAG_OWNER='andrewsis' AIRFLOW_CTX_DAG_ID='save_to_minio' AIRFLOW_CTX_TASK_ID='kafka_producer' AIRFLOW_CTX_EXECUTION_DATE='2025-01-31T00:00:00+00:00' AIRFLOW_CTX_TRY_NUMBER='1' AIRFLOW_CTX_DAG_RUN_ID='scheduled__2025-01-31T00:00:00+00:00'
[2025-02-02T13:38:25.110+0000] {taskinstance.py:731} INFO - ::endgroup::
[2025-02-02T13:38:25.126+0000] {base.py:84} INFO - Retrieving connection 'minio_conn'
[2025-02-02T13:38:25.127+0000] {connection_wrapper.py:325} INFO - AWS Connection (conn_id='minio_conn', conn_type='aws') credentials retrieved from login and password.
[2025-02-02T13:38:25.377+0000] {conn.py:380} INFO - <BrokerConnection node_id=bootstrap-0 host=kafka:9093 <connecting> [IPv4 ('172.18.0.5', 9093)]>: connecting to kafka:9093 [('172.18.0.5', 9093) IPv4]
[2025-02-02T13:38:25.378+0000] {conn.py:1205} INFO - Probing node bootstrap-0 broker version
[2025-02-02T13:38:25.380+0000] {conn.py:410} INFO - <BrokerConnection node_id=bootstrap-0 host=kafka:9093 <connecting> [IPv4 ('172.18.0.5', 9093)]>: Connection complete.
[2025-02-02T13:38:25.483+0000] {conn.py:1267} INFO - Broker version identified as 2.5.0
[2025-02-02T13:38:25.484+0000] {conn.py:1268} INFO - Set configuration api_version=(2, 5, 0) to skip auto check_version requests on startup
[2025-02-02T13:38:25.486+0000] {logging_mixin.py:190} INFO - Found 2025-01-31.json in MinIO
[2025-02-02T13:38:25.504+0000] {conn.py:380} INFO - <BrokerConnection node_id=1001 host=kafka:9093 <connecting> [IPv4 ('172.18.0.5', 9093)]>: connecting to kafka:9093 [('172.18.0.5', 9093) IPv4]
[2025-02-02T13:38:25.510+0000] {conn.py:410} INFO - <BrokerConnection node_id=1001 host=kafka:9093 <connecting> [IPv4 ('172.18.0.5', 9093)]>: Connection complete.
[2025-02-02T13:38:25.513+0000] {conn.py:919} INFO - <BrokerConnection node_id=bootstrap-0 host=kafka:9093 <connected> [IPv4 ('172.18.0.5', 9093)]>: Closing connection. 
[2025-02-02T13:38:25.893+0000] {conn.py:919} INFO - <BrokerConnection node_id=1001 host=kafka:9093 <connected> [IPv4 ('172.18.0.5', 9093)]>: Closing connection. 
[2025-02-02T13:38:25.897+0000] {python.py:240} INFO - Done. Returned value was: None
[2025-02-02T13:38:25.908+0000] {taskinstance.py:340} INFO - ::group::Post task execution logs
[2025-02-02T13:38:25.909+0000] {taskinstance.py:352} INFO - Marking task as SUCCESS. dag_id=save_to_minio, task_id=kafka_producer, run_id=scheduled__2025-01-31T00:00:00+00:00, execution_date=20250131T000000, start_date=20250202T133824, end_date=20250202T133825
[2025-02-02T13:38:25.951+0000] {local_task_job_runner.py:266} INFO - Task exited with return code 0
[2025-02-02T13:38:25.970+0000] {taskinstance.py:3895} INFO - 1 downstream tasks scheduled from follow-on schedule check
[2025-02-02T13:38:25.972+0000] {local_task_job_runner.py:245} INFO - ::endgroup::
[2025-02-02T14:19:06.975+0000] {local_task_job_runner.py:123} INFO - ::group::Pre task execution logs
[2025-02-02T14:19:06.986+0000] {taskinstance.py:2613} INFO - Dependencies all met for dep_context=non-requeueable deps ti=<TaskInstance: save_to_minio.kafka_producer scheduled__2025-01-31T00:00:00+00:00 [queued]>
[2025-02-02T14:19:06.992+0000] {taskinstance.py:2613} INFO - Dependencies all met for dep_context=requeueable deps ti=<TaskInstance: save_to_minio.kafka_producer scheduled__2025-01-31T00:00:00+00:00 [queued]>
[2025-02-02T14:19:06.993+0000] {taskinstance.py:2866} INFO - Starting attempt 1 of 6
[2025-02-02T14:19:07.002+0000] {taskinstance.py:2889} INFO - Executing <Task(PythonOperator): kafka_producer> on 2025-01-31 00:00:00+00:00
[2025-02-02T14:19:07.006+0000] {standard_task_runner.py:72} INFO - Started process 2402 to run task
[2025-02-02T14:19:07.008+0000] {standard_task_runner.py:104} INFO - Running: ['***', 'tasks', 'run', 'save_to_minio', 'kafka_producer', 'scheduled__2025-01-31T00:00:00+00:00', '--job-id', '20', '--raw', '--subdir', 'DAGS_FOLDER/main_pipeline.py', '--cfg-path', '/tmp/tmp86tuo_fy']
[2025-02-02T14:19:07.010+0000] {standard_task_runner.py:105} INFO - Job 20: Subtask kafka_producer
[2025-02-02T14:19:07.043+0000] {task_command.py:467} INFO - Running <TaskInstance: save_to_minio.kafka_producer scheduled__2025-01-31T00:00:00+00:00 [running]> on host 5ab92388ff22
[2025-02-02T14:19:07.105+0000] {taskinstance.py:3132} INFO - Exporting env vars: AIRFLOW_CTX_DAG_OWNER='andrewsis' AIRFLOW_CTX_DAG_ID='save_to_minio' AIRFLOW_CTX_TASK_ID='kafka_producer' AIRFLOW_CTX_EXECUTION_DATE='2025-01-31T00:00:00+00:00' AIRFLOW_CTX_TRY_NUMBER='1' AIRFLOW_CTX_DAG_RUN_ID='scheduled__2025-01-31T00:00:00+00:00'
[2025-02-02T14:19:07.106+0000] {taskinstance.py:731} INFO - ::endgroup::
[2025-02-02T14:19:07.122+0000] {base.py:84} INFO - Retrieving connection 'minio_conn'
[2025-02-02T14:19:07.123+0000] {connection_wrapper.py:325} INFO - AWS Connection (conn_id='minio_conn', conn_type='aws') credentials retrieved from login and password.
[2025-02-02T14:19:07.335+0000] {conn.py:380} INFO - <BrokerConnection node_id=bootstrap-0 host=kafka:9093 <connecting> [IPv4 ('172.18.0.5', 9093)]>: connecting to kafka:9093 [('172.18.0.5', 9093) IPv4]
[2025-02-02T14:19:07.336+0000] {conn.py:1205} INFO - Probing node bootstrap-0 broker version
[2025-02-02T14:19:07.337+0000] {conn.py:410} INFO - <BrokerConnection node_id=bootstrap-0 host=kafka:9093 <connecting> [IPv4 ('172.18.0.5', 9093)]>: Connection complete.
[2025-02-02T14:19:07.439+0000] {conn.py:1267} INFO - Broker version identified as 2.5.0
[2025-02-02T14:19:07.441+0000] {conn.py:1268} INFO - Set configuration api_version=(2, 5, 0) to skip auto check_version requests on startup
[2025-02-02T14:19:07.443+0000] {logging_mixin.py:190} INFO - Found 2025-01-31.json in MinIO
[2025-02-02T14:19:07.458+0000] {conn.py:380} INFO - <BrokerConnection node_id=1001 host=kafka:9093 <connecting> [IPv4 ('172.18.0.5', 9093)]>: connecting to kafka:9093 [('172.18.0.5', 9093) IPv4]
[2025-02-02T14:19:07.462+0000] {conn.py:410} INFO - <BrokerConnection node_id=1001 host=kafka:9093 <connecting> [IPv4 ('172.18.0.5', 9093)]>: Connection complete.
[2025-02-02T14:19:07.464+0000] {conn.py:919} INFO - <BrokerConnection node_id=bootstrap-0 host=kafka:9093 <connected> [IPv4 ('172.18.0.5', 9093)]>: Closing connection. 
[2025-02-02T14:19:07.843+0000] {conn.py:919} INFO - <BrokerConnection node_id=1001 host=kafka:9093 <connected> [IPv4 ('172.18.0.5', 9093)]>: Closing connection. 
[2025-02-02T14:19:07.846+0000] {python.py:240} INFO - Done. Returned value was: None
[2025-02-02T14:19:07.855+0000] {taskinstance.py:340} INFO - ::group::Post task execution logs
[2025-02-02T14:19:07.856+0000] {taskinstance.py:352} INFO - Marking task as SUCCESS. dag_id=save_to_minio, task_id=kafka_producer, run_id=scheduled__2025-01-31T00:00:00+00:00, execution_date=20250131T000000, start_date=20250202T141906, end_date=20250202T141907
[2025-02-02T14:19:07.904+0000] {local_task_job_runner.py:266} INFO - Task exited with return code 0
[2025-02-02T14:19:07.922+0000] {taskinstance.py:3895} INFO - 1 downstream tasks scheduled from follow-on schedule check
[2025-02-02T14:19:07.924+0000] {local_task_job_runner.py:245} INFO - ::endgroup::
[2025-02-02T18:56:44.449+0000] {local_task_job_runner.py:123} INFO - ::group::Pre task execution logs
[2025-02-02T18:56:44.463+0000] {taskinstance.py:2613} INFO - Dependencies all met for dep_context=non-requeueable deps ti=<TaskInstance: save_to_minio.kafka_producer scheduled__2025-01-31T00:00:00+00:00 [queued]>
[2025-02-02T18:56:44.470+0000] {taskinstance.py:2613} INFO - Dependencies all met for dep_context=requeueable deps ti=<TaskInstance: save_to_minio.kafka_producer scheduled__2025-01-31T00:00:00+00:00 [queued]>
[2025-02-02T18:56:44.471+0000] {taskinstance.py:2866} INFO - Starting attempt 1 of 6
[2025-02-02T18:56:44.481+0000] {taskinstance.py:2889} INFO - Executing <Task(PythonOperator): kafka_producer> on 2025-01-31 00:00:00+00:00
[2025-02-02T18:56:44.486+0000] {standard_task_runner.py:72} INFO - Started process 3148 to run task
[2025-02-02T18:56:44.488+0000] {standard_task_runner.py:104} INFO - Running: ['***', 'tasks', 'run', 'save_to_minio', 'kafka_producer', 'scheduled__2025-01-31T00:00:00+00:00', '--job-id', '21', '--raw', '--subdir', 'DAGS_FOLDER/main_pipeline.py', '--cfg-path', '/tmp/tmpc1a8_s90']
[2025-02-02T18:56:44.491+0000] {standard_task_runner.py:105} INFO - Job 21: Subtask kafka_producer
[2025-02-02T18:56:44.528+0000] {task_command.py:467} INFO - Running <TaskInstance: save_to_minio.kafka_producer scheduled__2025-01-31T00:00:00+00:00 [running]> on host 15904aeddad7
[2025-02-02T18:56:44.599+0000] {taskinstance.py:3132} INFO - Exporting env vars: AIRFLOW_CTX_DAG_OWNER='andrewsis' AIRFLOW_CTX_DAG_ID='save_to_minio' AIRFLOW_CTX_TASK_ID='kafka_producer' AIRFLOW_CTX_EXECUTION_DATE='2025-01-31T00:00:00+00:00' AIRFLOW_CTX_TRY_NUMBER='1' AIRFLOW_CTX_DAG_RUN_ID='scheduled__2025-01-31T00:00:00+00:00'
[2025-02-02T18:56:44.601+0000] {taskinstance.py:731} INFO - ::endgroup::
[2025-02-02T18:56:44.621+0000] {base.py:84} INFO - Retrieving connection 'minio_conn'
[2025-02-02T18:56:44.622+0000] {connection_wrapper.py:325} INFO - AWS Connection (conn_id='minio_conn', conn_type='aws') credentials retrieved from login and password.
[2025-02-02T18:56:44.911+0000] {conn.py:380} INFO - <BrokerConnection node_id=bootstrap-0 host=kafka:9093 <connecting> [IPv4 ('172.18.0.5', 9093)]>: connecting to kafka:9093 [('172.18.0.5', 9093) IPv4]
[2025-02-02T18:56:44.913+0000] {conn.py:1205} INFO - Probing node bootstrap-0 broker version
[2025-02-02T18:56:44.914+0000] {conn.py:410} INFO - <BrokerConnection node_id=bootstrap-0 host=kafka:9093 <connecting> [IPv4 ('172.18.0.5', 9093)]>: Connection complete.
[2025-02-02T18:56:45.017+0000] {conn.py:1267} INFO - Broker version identified as 2.5.0
[2025-02-02T18:56:45.018+0000] {conn.py:1268} INFO - Set configuration api_version=(2, 5, 0) to skip auto check_version requests on startup
[2025-02-02T18:56:45.022+0000] {logging_mixin.py:190} INFO - Found 2025-01-31.json in MinIO
[2025-02-02T18:56:45.045+0000] {conn.py:380} INFO - <BrokerConnection node_id=1001 host=kafka:9093 <connecting> [IPv4 ('172.18.0.5', 9093)]>: connecting to kafka:9093 [('172.18.0.5', 9093) IPv4]
[2025-02-02T18:56:45.048+0000] {conn.py:410} INFO - <BrokerConnection node_id=1001 host=kafka:9093 <connecting> [IPv4 ('172.18.0.5', 9093)]>: Connection complete.
[2025-02-02T18:56:45.053+0000] {conn.py:919} INFO - <BrokerConnection node_id=bootstrap-0 host=kafka:9093 <connected> [IPv4 ('172.18.0.5', 9093)]>: Closing connection. 
[2025-02-02T18:56:45.412+0000] {conn.py:919} INFO - <BrokerConnection node_id=1001 host=kafka:9093 <connected> [IPv4 ('172.18.0.5', 9093)]>: Closing connection. 
[2025-02-02T18:56:45.416+0000] {python.py:240} INFO - Done. Returned value was: None
[2025-02-02T18:56:45.423+0000] {taskinstance.py:340} INFO - ::group::Post task execution logs
[2025-02-02T18:56:45.424+0000] {taskinstance.py:352} INFO - Marking task as SUCCESS. dag_id=save_to_minio, task_id=kafka_producer, run_id=scheduled__2025-01-31T00:00:00+00:00, execution_date=20250131T000000, start_date=20250202T185644, end_date=20250202T185645
[2025-02-02T18:56:45.464+0000] {local_task_job_runner.py:266} INFO - Task exited with return code 0
[2025-02-02T18:56:45.481+0000] {taskinstance.py:3895} INFO - 1 downstream tasks scheduled from follow-on schedule check
[2025-02-02T18:56:45.483+0000] {local_task_job_runner.py:245} INFO - ::endgroup::
[2025-02-02T19:22:22.580+0000] {local_task_job_runner.py:123} INFO - ::group::Pre task execution logs
[2025-02-02T19:22:22.593+0000] {taskinstance.py:2613} INFO - Dependencies all met for dep_context=non-requeueable deps ti=<TaskInstance: save_to_minio.kafka_producer scheduled__2025-01-31T00:00:00+00:00 [queued]>
[2025-02-02T19:22:22.599+0000] {taskinstance.py:2613} INFO - Dependencies all met for dep_context=requeueable deps ti=<TaskInstance: save_to_minio.kafka_producer scheduled__2025-01-31T00:00:00+00:00 [queued]>
[2025-02-02T19:22:22.600+0000] {taskinstance.py:2866} INFO - Starting attempt 1 of 6
[2025-02-02T19:22:22.609+0000] {taskinstance.py:2889} INFO - Executing <Task(PythonOperator): kafka_producer> on 2025-01-31 00:00:00+00:00
[2025-02-02T19:22:22.613+0000] {standard_task_runner.py:72} INFO - Started process 1561 to run task
[2025-02-02T19:22:22.616+0000] {standard_task_runner.py:104} INFO - Running: ['***', 'tasks', 'run', 'save_to_minio', 'kafka_producer', 'scheduled__2025-01-31T00:00:00+00:00', '--job-id', '16', '--raw', '--subdir', 'DAGS_FOLDER/main_pipeline.py', '--cfg-path', '/tmp/tmp7vh3b1mm']
[2025-02-02T19:22:22.618+0000] {standard_task_runner.py:105} INFO - Job 16: Subtask kafka_producer
[2025-02-02T19:22:22.653+0000] {task_command.py:467} INFO - Running <TaskInstance: save_to_minio.kafka_producer scheduled__2025-01-31T00:00:00+00:00 [running]> on host dfbcbb9a3a68
[2025-02-02T19:22:22.711+0000] {taskinstance.py:3132} INFO - Exporting env vars: AIRFLOW_CTX_DAG_OWNER='andrewsis' AIRFLOW_CTX_DAG_ID='save_to_minio' AIRFLOW_CTX_TASK_ID='kafka_producer' AIRFLOW_CTX_EXECUTION_DATE='2025-01-31T00:00:00+00:00' AIRFLOW_CTX_TRY_NUMBER='1' AIRFLOW_CTX_DAG_RUN_ID='scheduled__2025-01-31T00:00:00+00:00'
[2025-02-02T19:22:22.713+0000] {taskinstance.py:731} INFO - ::endgroup::
[2025-02-02T19:22:22.730+0000] {base.py:84} INFO - Retrieving connection 'minio_conn'
[2025-02-02T19:22:22.731+0000] {connection_wrapper.py:325} INFO - AWS Connection (conn_id='minio_conn', conn_type='aws') credentials retrieved from login and password.
[2025-02-02T19:22:22.939+0000] {conn.py:380} INFO - <BrokerConnection node_id=bootstrap-0 host=kafka:9093 <connecting> [IPv4 ('172.18.0.5', 9093)]>: connecting to kafka:9093 [('172.18.0.5', 9093) IPv4]
[2025-02-02T19:22:22.940+0000] {conn.py:1205} INFO - Probing node bootstrap-0 broker version
[2025-02-02T19:22:22.941+0000] {conn.py:410} INFO - <BrokerConnection node_id=bootstrap-0 host=kafka:9093 <connecting> [IPv4 ('172.18.0.5', 9093)]>: Connection complete.
[2025-02-02T19:22:23.043+0000] {conn.py:1267} INFO - Broker version identified as 2.5.0
[2025-02-02T19:22:23.044+0000] {conn.py:1268} INFO - Set configuration api_version=(2, 5, 0) to skip auto check_version requests on startup
[2025-02-02T19:22:23.046+0000] {logging_mixin.py:190} INFO - Found 2025-01-31.json in MinIO
[2025-02-02T19:22:23.061+0000] {conn.py:380} INFO - <BrokerConnection node_id=1001 host=kafka:9093 <connecting> [IPv4 ('172.18.0.5', 9093)]>: connecting to kafka:9093 [('172.18.0.5', 9093) IPv4]
[2025-02-02T19:22:23.064+0000] {conn.py:410} INFO - <BrokerConnection node_id=1001 host=kafka:9093 <connecting> [IPv4 ('172.18.0.5', 9093)]>: Connection complete.
[2025-02-02T19:22:23.067+0000] {conn.py:919} INFO - <BrokerConnection node_id=bootstrap-0 host=kafka:9093 <connected> [IPv4 ('172.18.0.5', 9093)]>: Closing connection. 
[2025-02-02T19:22:23.398+0000] {conn.py:919} INFO - <BrokerConnection node_id=1001 host=kafka:9093 <connected> [IPv4 ('172.18.0.5', 9093)]>: Closing connection. 
[2025-02-02T19:22:23.401+0000] {python.py:240} INFO - Done. Returned value was: None
[2025-02-02T19:22:23.407+0000] {taskinstance.py:340} INFO - ::group::Post task execution logs
[2025-02-02T19:22:23.408+0000] {taskinstance.py:352} INFO - Marking task as SUCCESS. dag_id=save_to_minio, task_id=kafka_producer, run_id=scheduled__2025-01-31T00:00:00+00:00, execution_date=20250131T000000, start_date=20250202T192222, end_date=20250202T192223
[2025-02-02T19:22:23.430+0000] {local_task_job_runner.py:266} INFO - Task exited with return code 0
[2025-02-02T19:22:23.447+0000] {taskinstance.py:3895} INFO - 1 downstream tasks scheduled from follow-on schedule check
[2025-02-02T19:22:23.449+0000] {local_task_job_runner.py:245} INFO - ::endgroup::
[2025-02-02T20:41:10.215+0000] {local_task_job_runner.py:123} INFO - ::group::Pre task execution logs
[2025-02-02T20:41:10.226+0000] {taskinstance.py:2613} INFO - Dependencies all met for dep_context=non-requeueable deps ti=<TaskInstance: save_to_minio.kafka_producer scheduled__2025-01-31T00:00:00+00:00 [queued]>
[2025-02-02T20:41:10.232+0000] {taskinstance.py:2613} INFO - Dependencies all met for dep_context=requeueable deps ti=<TaskInstance: save_to_minio.kafka_producer scheduled__2025-01-31T00:00:00+00:00 [queued]>
[2025-02-02T20:41:10.233+0000] {taskinstance.py:2866} INFO - Starting attempt 1 of 6
[2025-02-02T20:41:10.241+0000] {taskinstance.py:2889} INFO - Executing <Task(PythonOperator): kafka_producer> on 2025-01-31 00:00:00+00:00
[2025-02-02T20:41:10.246+0000] {standard_task_runner.py:72} INFO - Started process 651 to run task
[2025-02-02T20:41:10.248+0000] {standard_task_runner.py:104} INFO - Running: ['***', 'tasks', 'run', 'save_to_minio', 'kafka_producer', 'scheduled__2025-01-31T00:00:00+00:00', '--job-id', '13', '--raw', '--subdir', 'DAGS_FOLDER/main_pipeline.py', '--cfg-path', '/tmp/tmprq0ig73m']
[2025-02-02T20:41:10.250+0000] {standard_task_runner.py:105} INFO - Job 13: Subtask kafka_producer
[2025-02-02T20:41:10.280+0000] {task_command.py:467} INFO - Running <TaskInstance: save_to_minio.kafka_producer scheduled__2025-01-31T00:00:00+00:00 [running]> on host 7ed9c07bce51
[2025-02-02T20:41:10.337+0000] {taskinstance.py:3132} INFO - Exporting env vars: AIRFLOW_CTX_DAG_OWNER='andrewsis' AIRFLOW_CTX_DAG_ID='save_to_minio' AIRFLOW_CTX_TASK_ID='kafka_producer' AIRFLOW_CTX_EXECUTION_DATE='2025-01-31T00:00:00+00:00' AIRFLOW_CTX_TRY_NUMBER='1' AIRFLOW_CTX_DAG_RUN_ID='scheduled__2025-01-31T00:00:00+00:00'
[2025-02-02T20:41:10.338+0000] {taskinstance.py:731} INFO - ::endgroup::
[2025-02-02T20:41:10.354+0000] {base.py:84} INFO - Retrieving connection 'minio_conn'
[2025-02-02T20:41:10.355+0000] {connection_wrapper.py:325} INFO - AWS Connection (conn_id='minio_conn', conn_type='aws') credentials retrieved from login and password.
[2025-02-02T20:41:10.570+0000] {conn.py:380} INFO - <BrokerConnection node_id=bootstrap-0 host=kafka:9093 <connecting> [IPv4 ('172.18.0.5', 9093)]>: connecting to kafka:9093 [('172.18.0.5', 9093) IPv4]
[2025-02-02T20:41:10.571+0000] {conn.py:1205} INFO - Probing node bootstrap-0 broker version
[2025-02-02T20:41:10.572+0000] {conn.py:410} INFO - <BrokerConnection node_id=bootstrap-0 host=kafka:9093 <connecting> [IPv4 ('172.18.0.5', 9093)]>: Connection complete.
[2025-02-02T20:41:10.674+0000] {conn.py:1267} INFO - Broker version identified as 2.5.0
[2025-02-02T20:41:10.675+0000] {conn.py:1268} INFO - Set configuration api_version=(2, 5, 0) to skip auto check_version requests on startup
[2025-02-02T20:41:10.677+0000] {logging_mixin.py:190} INFO - Found 2025-01-31.json in MinIO
[2025-02-02T20:41:10.692+0000] {conn.py:380} INFO - <BrokerConnection node_id=1001 host=kafka:9093 <connecting> [IPv4 ('172.18.0.5', 9093)]>: connecting to kafka:9093 [('172.18.0.5', 9093) IPv4]
[2025-02-02T20:41:10.696+0000] {conn.py:410} INFO - <BrokerConnection node_id=1001 host=kafka:9093 <connecting> [IPv4 ('172.18.0.5', 9093)]>: Connection complete.
[2025-02-02T20:41:10.699+0000] {conn.py:919} INFO - <BrokerConnection node_id=bootstrap-0 host=kafka:9093 <connected> [IPv4 ('172.18.0.5', 9093)]>: Closing connection. 
[2025-02-02T20:41:11.100+0000] {conn.py:919} INFO - <BrokerConnection node_id=1001 host=kafka:9093 <connected> [IPv4 ('172.18.0.5', 9093)]>: Closing connection. 
[2025-02-02T20:41:11.103+0000] {python.py:240} INFO - Done. Returned value was: None
[2025-02-02T20:41:11.111+0000] {taskinstance.py:340} INFO - ::group::Post task execution logs
[2025-02-02T20:41:11.112+0000] {taskinstance.py:352} INFO - Marking task as SUCCESS. dag_id=save_to_minio, task_id=kafka_producer, run_id=scheduled__2025-01-31T00:00:00+00:00, execution_date=20250131T000000, start_date=20250202T204110, end_date=20250202T204111
[2025-02-02T20:41:11.143+0000] {local_task_job_runner.py:266} INFO - Task exited with return code 0
[2025-02-02T20:41:11.155+0000] {taskinstance.py:3895} INFO - 0 downstream tasks scheduled from follow-on schedule check
[2025-02-02T20:41:11.157+0000] {local_task_job_runner.py:245} INFO - ::endgroup::
[2025-02-02T20:45:42.090+0000] {local_task_job_runner.py:123} INFO - ::group::Pre task execution logs
[2025-02-02T20:45:42.102+0000] {taskinstance.py:2613} INFO - Dependencies all met for dep_context=non-requeueable deps ti=<TaskInstance: save_to_minio.kafka_producer scheduled__2025-01-31T00:00:00+00:00 [queued]>
[2025-02-02T20:45:42.107+0000] {taskinstance.py:2613} INFO - Dependencies all met for dep_context=requeueable deps ti=<TaskInstance: save_to_minio.kafka_producer scheduled__2025-01-31T00:00:00+00:00 [queued]>
[2025-02-02T20:45:42.108+0000] {taskinstance.py:2866} INFO - Starting attempt 1 of 6
[2025-02-02T20:45:42.118+0000] {taskinstance.py:2889} INFO - Executing <Task(PythonOperator): kafka_producer> on 2025-01-31 00:00:00+00:00
[2025-02-02T20:45:42.122+0000] {standard_task_runner.py:72} INFO - Started process 1091 to run task
[2025-02-02T20:45:42.124+0000] {standard_task_runner.py:104} INFO - Running: ['***', 'tasks', 'run', 'save_to_minio', 'kafka_producer', 'scheduled__2025-01-31T00:00:00+00:00', '--job-id', '13', '--raw', '--subdir', 'DAGS_FOLDER/main_pipeline.py', '--cfg-path', '/tmp/tmp53gliclx']
[2025-02-02T20:45:42.126+0000] {standard_task_runner.py:105} INFO - Job 13: Subtask kafka_producer
[2025-02-02T20:45:42.157+0000] {task_command.py:467} INFO - Running <TaskInstance: save_to_minio.kafka_producer scheduled__2025-01-31T00:00:00+00:00 [running]> on host 12998e952c77
[2025-02-02T20:45:42.217+0000] {taskinstance.py:3132} INFO - Exporting env vars: AIRFLOW_CTX_DAG_OWNER='andrewsis' AIRFLOW_CTX_DAG_ID='save_to_minio' AIRFLOW_CTX_TASK_ID='kafka_producer' AIRFLOW_CTX_EXECUTION_DATE='2025-01-31T00:00:00+00:00' AIRFLOW_CTX_TRY_NUMBER='1' AIRFLOW_CTX_DAG_RUN_ID='scheduled__2025-01-31T00:00:00+00:00'
[2025-02-02T20:45:42.218+0000] {taskinstance.py:731} INFO - ::endgroup::
[2025-02-02T20:45:42.233+0000] {base.py:84} INFO - Retrieving connection 'minio_conn'
[2025-02-02T20:45:42.235+0000] {connection_wrapper.py:325} INFO - AWS Connection (conn_id='minio_conn', conn_type='aws') credentials retrieved from login and password.
[2025-02-02T20:45:42.444+0000] {conn.py:380} INFO - <BrokerConnection node_id=bootstrap-0 host=kafka:9093 <connecting> [IPv4 ('172.18.0.5', 9093)]>: connecting to kafka:9093 [('172.18.0.5', 9093) IPv4]
[2025-02-02T20:45:42.445+0000] {conn.py:1205} INFO - Probing node bootstrap-0 broker version
[2025-02-02T20:45:42.446+0000] {conn.py:410} INFO - <BrokerConnection node_id=bootstrap-0 host=kafka:9093 <connecting> [IPv4 ('172.18.0.5', 9093)]>: Connection complete.
[2025-02-02T20:45:42.548+0000] {conn.py:1267} INFO - Broker version identified as 2.5.0
[2025-02-02T20:45:42.549+0000] {conn.py:1268} INFO - Set configuration api_version=(2, 5, 0) to skip auto check_version requests on startup
[2025-02-02T20:45:42.551+0000] {logging_mixin.py:190} INFO - Found 2025-01-31.json in MinIO
[2025-02-02T20:45:42.563+0000] {conn.py:380} INFO - <BrokerConnection node_id=1001 host=kafka:9093 <connecting> [IPv4 ('172.18.0.5', 9093)]>: connecting to kafka:9093 [('172.18.0.5', 9093) IPv4]
[2025-02-02T20:45:42.572+0000] {conn.py:410} INFO - <BrokerConnection node_id=1001 host=kafka:9093 <connecting> [IPv4 ('172.18.0.5', 9093)]>: Connection complete.
[2025-02-02T20:45:42.576+0000] {conn.py:919} INFO - <BrokerConnection node_id=bootstrap-0 host=kafka:9093 <connected> [IPv4 ('172.18.0.5', 9093)]>: Closing connection. 
[2025-02-02T20:45:42.927+0000] {conn.py:919} INFO - <BrokerConnection node_id=1001 host=kafka:9093 <connected> [IPv4 ('172.18.0.5', 9093)]>: Closing connection. 
[2025-02-02T20:45:42.930+0000] {python.py:240} INFO - Done. Returned value was: None
[2025-02-02T20:45:42.938+0000] {taskinstance.py:340} INFO - ::group::Post task execution logs
[2025-02-02T20:45:42.939+0000] {taskinstance.py:352} INFO - Marking task as SUCCESS. dag_id=save_to_minio, task_id=kafka_producer, run_id=scheduled__2025-01-31T00:00:00+00:00, execution_date=20250131T000000, start_date=20250202T204542, end_date=20250202T204542
[2025-02-02T20:45:42.980+0000] {local_task_job_runner.py:266} INFO - Task exited with return code 0
[2025-02-02T20:45:42.993+0000] {taskinstance.py:3895} INFO - 0 downstream tasks scheduled from follow-on schedule check
[2025-02-02T20:45:42.997+0000] {local_task_job_runner.py:245} INFO - ::endgroup::
