[2025-02-04T21:22:12.325+0000] {processor.py:186} INFO - Started process (PID=786) to work on /opt/airflow/dags/dag_consumer.py
[2025-02-04T21:22:12.325+0000] {processor.py:914} INFO - Processing file /opt/airflow/dags/dag_consumer.py for tasks to queue
[2025-02-04T21:22:12.327+0000] {logging_mixin.py:190} INFO - [2025-02-04T21:22:12.327+0000] {dagbag.py:588} INFO - Filling up the DagBag from /opt/airflow/dags/dag_consumer.py
[2025-02-04T21:22:12.345+0000] {processor.py:925} INFO - DAG(s) 'spark_consumer_dag' retrieved from /opt/airflow/dags/dag_consumer.py
[2025-02-04T21:22:12.435+0000] {logging_mixin.py:190} INFO - [2025-02-04T21:22:12.435+0000] {dag.py:3239} INFO - Sync 1 DAGs
[2025-02-04T21:22:12.451+0000] {logging_mixin.py:190} INFO - [2025-02-04T21:22:12.451+0000] {dag.py:4180} INFO - Setting next_dagrun for spark_consumer_dag to 2025-01-27 00:00:00+00:00, run_after=2025-01-27 00:00:00+00:00
[2025-02-04T21:22:12.466+0000] {processor.py:208} INFO - Processing /opt/airflow/dags/dag_consumer.py took 0.148 seconds
[2025-02-04T21:22:42.539+0000] {processor.py:186} INFO - Started process (PID=802) to work on /opt/airflow/dags/dag_consumer.py
[2025-02-04T21:22:42.540+0000] {processor.py:914} INFO - Processing file /opt/airflow/dags/dag_consumer.py for tasks to queue
[2025-02-04T21:22:42.541+0000] {logging_mixin.py:190} INFO - [2025-02-04T21:22:42.541+0000] {dagbag.py:588} INFO - Filling up the DagBag from /opt/airflow/dags/dag_consumer.py
[2025-02-04T21:22:42.557+0000] {processor.py:925} INFO - DAG(s) 'spark_consumer_dag' retrieved from /opt/airflow/dags/dag_consumer.py
[2025-02-04T21:22:42.576+0000] {logging_mixin.py:190} INFO - [2025-02-04T21:22:42.576+0000] {dag.py:3239} INFO - Sync 1 DAGs
[2025-02-04T21:22:42.595+0000] {logging_mixin.py:190} INFO - [2025-02-04T21:22:42.595+0000] {dag.py:4180} INFO - Setting next_dagrun for spark_consumer_dag to 2025-01-27 00:00:00+00:00, run_after=2025-01-27 00:00:00+00:00
[2025-02-04T21:22:42.615+0000] {processor.py:208} INFO - Processing /opt/airflow/dags/dag_consumer.py took 0.081 seconds
[2025-02-04T21:23:12.711+0000] {processor.py:186} INFO - Started process (PID=813) to work on /opt/airflow/dags/dag_consumer.py
[2025-02-04T21:23:12.712+0000] {processor.py:914} INFO - Processing file /opt/airflow/dags/dag_consumer.py for tasks to queue
[2025-02-04T21:23:12.714+0000] {logging_mixin.py:190} INFO - [2025-02-04T21:23:12.713+0000] {dagbag.py:588} INFO - Filling up the DagBag from /opt/airflow/dags/dag_consumer.py
[2025-02-04T21:23:12.728+0000] {processor.py:925} INFO - DAG(s) 'spark_consumer_dag' retrieved from /opt/airflow/dags/dag_consumer.py
[2025-02-04T21:23:12.750+0000] {logging_mixin.py:190} INFO - [2025-02-04T21:23:12.749+0000] {dag.py:3239} INFO - Sync 1 DAGs
[2025-02-04T21:23:12.767+0000] {logging_mixin.py:190} INFO - [2025-02-04T21:23:12.766+0000] {dag.py:4180} INFO - Setting next_dagrun for spark_consumer_dag to 2025-01-27 00:00:00+00:00, run_after=2025-01-27 00:00:00+00:00
[2025-02-04T21:23:12.782+0000] {processor.py:208} INFO - Processing /opt/airflow/dags/dag_consumer.py took 0.077 seconds
[2025-02-04T21:23:42.966+0000] {processor.py:186} INFO - Started process (PID=824) to work on /opt/airflow/dags/dag_consumer.py
[2025-02-04T21:23:42.967+0000] {processor.py:914} INFO - Processing file /opt/airflow/dags/dag_consumer.py for tasks to queue
[2025-02-04T21:23:42.968+0000] {logging_mixin.py:190} INFO - [2025-02-04T21:23:42.968+0000] {dagbag.py:588} INFO - Filling up the DagBag from /opt/airflow/dags/dag_consumer.py
[2025-02-04T21:23:42.986+0000] {processor.py:925} INFO - DAG(s) 'spark_consumer_dag' retrieved from /opt/airflow/dags/dag_consumer.py
[2025-02-04T21:23:43.006+0000] {logging_mixin.py:190} INFO - [2025-02-04T21:23:43.006+0000] {dag.py:3239} INFO - Sync 1 DAGs
[2025-02-04T21:23:43.029+0000] {logging_mixin.py:190} INFO - [2025-02-04T21:23:43.028+0000] {dag.py:4180} INFO - Setting next_dagrun for spark_consumer_dag to 2025-01-27 00:00:00+00:00, run_after=2025-01-27 00:00:00+00:00
[2025-02-04T21:23:43.041+0000] {processor.py:208} INFO - Processing /opt/airflow/dags/dag_consumer.py took 0.082 seconds
[2025-02-04T21:24:13.147+0000] {processor.py:186} INFO - Started process (PID=835) to work on /opt/airflow/dags/dag_consumer.py
[2025-02-04T21:24:13.148+0000] {processor.py:914} INFO - Processing file /opt/airflow/dags/dag_consumer.py for tasks to queue
[2025-02-04T21:24:13.149+0000] {logging_mixin.py:190} INFO - [2025-02-04T21:24:13.149+0000] {dagbag.py:588} INFO - Filling up the DagBag from /opt/airflow/dags/dag_consumer.py
[2025-02-04T21:24:13.163+0000] {processor.py:925} INFO - DAG(s) 'spark_consumer_dag' retrieved from /opt/airflow/dags/dag_consumer.py
[2025-02-04T21:24:13.183+0000] {logging_mixin.py:190} INFO - [2025-02-04T21:24:13.182+0000] {dag.py:3239} INFO - Sync 1 DAGs
[2025-02-04T21:24:13.200+0000] {logging_mixin.py:190} INFO - [2025-02-04T21:24:13.199+0000] {dag.py:4180} INFO - Setting next_dagrun for spark_consumer_dag to 2025-01-27 00:00:00+00:00, run_after=2025-01-27 00:00:00+00:00
[2025-02-04T21:24:13.212+0000] {processor.py:208} INFO - Processing /opt/airflow/dags/dag_consumer.py took 0.070 seconds
[2025-02-04T21:24:43.391+0000] {processor.py:186} INFO - Started process (PID=846) to work on /opt/airflow/dags/dag_consumer.py
[2025-02-04T21:24:43.392+0000] {processor.py:914} INFO - Processing file /opt/airflow/dags/dag_consumer.py for tasks to queue
[2025-02-04T21:24:43.393+0000] {logging_mixin.py:190} INFO - [2025-02-04T21:24:43.393+0000] {dagbag.py:588} INFO - Filling up the DagBag from /opt/airflow/dags/dag_consumer.py
[2025-02-04T21:24:43.406+0000] {processor.py:925} INFO - DAG(s) 'spark_consumer_dag' retrieved from /opt/airflow/dags/dag_consumer.py
[2025-02-04T21:24:43.423+0000] {logging_mixin.py:190} INFO - [2025-02-04T21:24:43.423+0000] {dag.py:3239} INFO - Sync 1 DAGs
[2025-02-04T21:24:43.442+0000] {logging_mixin.py:190} INFO - [2025-02-04T21:24:43.442+0000] {dag.py:4180} INFO - Setting next_dagrun for spark_consumer_dag to 2025-01-27 00:00:00+00:00, run_after=2025-01-27 00:00:00+00:00
[2025-02-04T21:24:43.454+0000] {processor.py:208} INFO - Processing /opt/airflow/dags/dag_consumer.py took 0.067 seconds
[2025-02-04T21:25:13.587+0000] {processor.py:186} INFO - Started process (PID=857) to work on /opt/airflow/dags/dag_consumer.py
[2025-02-04T21:25:13.587+0000] {processor.py:914} INFO - Processing file /opt/airflow/dags/dag_consumer.py for tasks to queue
[2025-02-04T21:25:13.588+0000] {logging_mixin.py:190} INFO - [2025-02-04T21:25:13.588+0000] {dagbag.py:588} INFO - Filling up the DagBag from /opt/airflow/dags/dag_consumer.py
[2025-02-04T21:25:13.604+0000] {processor.py:925} INFO - DAG(s) 'spark_consumer_dag' retrieved from /opt/airflow/dags/dag_consumer.py
[2025-02-04T21:25:13.624+0000] {logging_mixin.py:190} INFO - [2025-02-04T21:25:13.624+0000] {dag.py:3239} INFO - Sync 1 DAGs
[2025-02-04T21:25:13.640+0000] {logging_mixin.py:190} INFO - [2025-02-04T21:25:13.640+0000] {dag.py:4180} INFO - Setting next_dagrun for spark_consumer_dag to 2025-01-27 00:00:00+00:00, run_after=2025-01-27 00:00:00+00:00
[2025-02-04T21:25:13.653+0000] {processor.py:208} INFO - Processing /opt/airflow/dags/dag_consumer.py took 0.071 seconds
[2025-02-04T21:25:43.811+0000] {processor.py:186} INFO - Started process (PID=874) to work on /opt/airflow/dags/dag_consumer.py
[2025-02-04T21:25:43.812+0000] {processor.py:914} INFO - Processing file /opt/airflow/dags/dag_consumer.py for tasks to queue
[2025-02-04T21:25:43.813+0000] {logging_mixin.py:190} INFO - [2025-02-04T21:25:43.813+0000] {dagbag.py:588} INFO - Filling up the DagBag from /opt/airflow/dags/dag_consumer.py
[2025-02-04T21:25:43.828+0000] {processor.py:925} INFO - DAG(s) 'spark_consumer_dag' retrieved from /opt/airflow/dags/dag_consumer.py
[2025-02-04T21:25:43.847+0000] {logging_mixin.py:190} INFO - [2025-02-04T21:25:43.847+0000] {dag.py:3239} INFO - Sync 1 DAGs
[2025-02-04T21:25:43.868+0000] {logging_mixin.py:190} INFO - [2025-02-04T21:25:43.868+0000] {dag.py:4180} INFO - Setting next_dagrun for spark_consumer_dag to 2025-01-27 00:00:00+00:00, run_after=2025-01-27 00:00:00+00:00
[2025-02-04T21:25:43.892+0000] {processor.py:208} INFO - Processing /opt/airflow/dags/dag_consumer.py took 0.087 seconds
[2025-02-04T21:26:14.005+0000] {processor.py:186} INFO - Started process (PID=885) to work on /opt/airflow/dags/dag_consumer.py
[2025-02-04T21:26:14.006+0000] {processor.py:914} INFO - Processing file /opt/airflow/dags/dag_consumer.py for tasks to queue
[2025-02-04T21:26:14.008+0000] {logging_mixin.py:190} INFO - [2025-02-04T21:26:14.008+0000] {dagbag.py:588} INFO - Filling up the DagBag from /opt/airflow/dags/dag_consumer.py
[2025-02-04T21:26:14.028+0000] {processor.py:925} INFO - DAG(s) 'spark_consumer_dag' retrieved from /opt/airflow/dags/dag_consumer.py
[2025-02-04T21:26:14.055+0000] {logging_mixin.py:190} INFO - [2025-02-04T21:26:14.055+0000] {dag.py:3239} INFO - Sync 1 DAGs
[2025-02-04T21:26:14.086+0000] {logging_mixin.py:190} INFO - [2025-02-04T21:26:14.086+0000] {dag.py:4180} INFO - Setting next_dagrun for spark_consumer_dag to 2025-01-27 00:00:00+00:00, run_after=2025-01-27 00:00:00+00:00
[2025-02-04T21:26:14.109+0000] {processor.py:208} INFO - Processing /opt/airflow/dags/dag_consumer.py took 0.109 seconds
[2025-02-04T21:26:44.235+0000] {processor.py:186} INFO - Started process (PID=896) to work on /opt/airflow/dags/dag_consumer.py
[2025-02-04T21:26:44.236+0000] {processor.py:914} INFO - Processing file /opt/airflow/dags/dag_consumer.py for tasks to queue
[2025-02-04T21:26:44.238+0000] {logging_mixin.py:190} INFO - [2025-02-04T21:26:44.237+0000] {dagbag.py:588} INFO - Filling up the DagBag from /opt/airflow/dags/dag_consumer.py
[2025-02-04T21:26:44.251+0000] {processor.py:925} INFO - DAG(s) 'spark_consumer_dag' retrieved from /opt/airflow/dags/dag_consumer.py
[2025-02-04T21:26:44.268+0000] {logging_mixin.py:190} INFO - [2025-02-04T21:26:44.268+0000] {dag.py:3239} INFO - Sync 1 DAGs
[2025-02-04T21:26:44.285+0000] {logging_mixin.py:190} INFO - [2025-02-04T21:26:44.284+0000] {dag.py:4180} INFO - Setting next_dagrun for spark_consumer_dag to 2025-01-27 00:00:00+00:00, run_after=2025-01-27 00:00:00+00:00
[2025-02-04T21:26:44.297+0000] {processor.py:208} INFO - Processing /opt/airflow/dags/dag_consumer.py took 0.066 seconds
[2025-02-04T21:27:14.504+0000] {processor.py:186} INFO - Started process (PID=912) to work on /opt/airflow/dags/dag_consumer.py
[2025-02-04T21:27:14.505+0000] {processor.py:914} INFO - Processing file /opt/airflow/dags/dag_consumer.py for tasks to queue
[2025-02-04T21:27:14.506+0000] {logging_mixin.py:190} INFO - [2025-02-04T21:27:14.506+0000] {dagbag.py:588} INFO - Filling up the DagBag from /opt/airflow/dags/dag_consumer.py
[2025-02-04T21:27:14.521+0000] {processor.py:925} INFO - DAG(s) 'spark_consumer_dag' retrieved from /opt/airflow/dags/dag_consumer.py
[2025-02-04T21:27:14.538+0000] {logging_mixin.py:190} INFO - [2025-02-04T21:27:14.538+0000] {dag.py:3239} INFO - Sync 1 DAGs
[2025-02-04T21:27:14.554+0000] {logging_mixin.py:190} INFO - [2025-02-04T21:27:14.554+0000] {dag.py:4180} INFO - Setting next_dagrun for spark_consumer_dag to 2025-01-27 00:00:00+00:00, run_after=2025-01-27 00:00:00+00:00
[2025-02-04T21:27:14.567+0000] {processor.py:208} INFO - Processing /opt/airflow/dags/dag_consumer.py took 0.067 seconds
[2025-02-04T21:27:44.754+0000] {processor.py:186} INFO - Started process (PID=928) to work on /opt/airflow/dags/dag_consumer.py
[2025-02-04T21:27:44.755+0000] {processor.py:914} INFO - Processing file /opt/airflow/dags/dag_consumer.py for tasks to queue
[2025-02-04T21:27:44.756+0000] {logging_mixin.py:190} INFO - [2025-02-04T21:27:44.756+0000] {dagbag.py:588} INFO - Filling up the DagBag from /opt/airflow/dags/dag_consumer.py
[2025-02-04T21:27:44.770+0000] {processor.py:925} INFO - DAG(s) 'spark_consumer_dag' retrieved from /opt/airflow/dags/dag_consumer.py
[2025-02-04T21:27:44.788+0000] {logging_mixin.py:190} INFO - [2025-02-04T21:27:44.787+0000] {dag.py:3239} INFO - Sync 1 DAGs
[2025-02-04T21:27:44.804+0000] {logging_mixin.py:190} INFO - [2025-02-04T21:27:44.804+0000] {dag.py:4180} INFO - Setting next_dagrun for spark_consumer_dag to 2025-01-27 00:00:00+00:00, run_after=2025-01-27 00:00:00+00:00
[2025-02-04T21:27:44.817+0000] {processor.py:208} INFO - Processing /opt/airflow/dags/dag_consumer.py took 0.067 seconds
[2025-02-04T21:28:15.023+0000] {processor.py:186} INFO - Started process (PID=944) to work on /opt/airflow/dags/dag_consumer.py
[2025-02-04T21:28:15.025+0000] {processor.py:914} INFO - Processing file /opt/airflow/dags/dag_consumer.py for tasks to queue
[2025-02-04T21:28:15.027+0000] {logging_mixin.py:190} INFO - [2025-02-04T21:28:15.026+0000] {dagbag.py:588} INFO - Filling up the DagBag from /opt/airflow/dags/dag_consumer.py
[2025-02-04T21:28:15.044+0000] {processor.py:925} INFO - DAG(s) 'spark_consumer_dag' retrieved from /opt/airflow/dags/dag_consumer.py
[2025-02-04T21:28:15.067+0000] {logging_mixin.py:190} INFO - [2025-02-04T21:28:15.067+0000] {dag.py:3239} INFO - Sync 1 DAGs
[2025-02-04T21:28:15.088+0000] {logging_mixin.py:190} INFO - [2025-02-04T21:28:15.087+0000] {dag.py:4180} INFO - Setting next_dagrun for spark_consumer_dag to 2025-01-27 00:00:00+00:00, run_after=2025-01-27 00:00:00+00:00
[2025-02-04T21:28:15.102+0000] {processor.py:208} INFO - Processing /opt/airflow/dags/dag_consumer.py took 0.086 seconds
[2025-02-04T21:28:45.296+0000] {processor.py:186} INFO - Started process (PID=960) to work on /opt/airflow/dags/dag_consumer.py
[2025-02-04T21:28:45.297+0000] {processor.py:914} INFO - Processing file /opt/airflow/dags/dag_consumer.py for tasks to queue
[2025-02-04T21:28:45.298+0000] {logging_mixin.py:190} INFO - [2025-02-04T21:28:45.298+0000] {dagbag.py:588} INFO - Filling up the DagBag from /opt/airflow/dags/dag_consumer.py
[2025-02-04T21:28:45.312+0000] {processor.py:925} INFO - DAG(s) 'spark_consumer_dag' retrieved from /opt/airflow/dags/dag_consumer.py
[2025-02-04T21:28:45.339+0000] {logging_mixin.py:190} INFO - [2025-02-04T21:28:45.339+0000] {dag.py:3239} INFO - Sync 1 DAGs
[2025-02-04T21:28:45.362+0000] {logging_mixin.py:190} INFO - [2025-02-04T21:28:45.362+0000] {dag.py:4180} INFO - Setting next_dagrun for spark_consumer_dag to 2025-01-27 00:00:00+00:00, run_after=2025-01-27 00:00:00+00:00
[2025-02-04T21:28:45.388+0000] {processor.py:208} INFO - Processing /opt/airflow/dags/dag_consumer.py took 0.096 seconds
[2025-02-04T21:29:15.591+0000] {processor.py:186} INFO - Started process (PID=976) to work on /opt/airflow/dags/dag_consumer.py
[2025-02-04T21:29:15.592+0000] {processor.py:914} INFO - Processing file /opt/airflow/dags/dag_consumer.py for tasks to queue
[2025-02-04T21:29:15.593+0000] {logging_mixin.py:190} INFO - [2025-02-04T21:29:15.593+0000] {dagbag.py:588} INFO - Filling up the DagBag from /opt/airflow/dags/dag_consumer.py
[2025-02-04T21:29:15.607+0000] {processor.py:925} INFO - DAG(s) 'spark_consumer_dag' retrieved from /opt/airflow/dags/dag_consumer.py
[2025-02-04T21:29:15.625+0000] {logging_mixin.py:190} INFO - [2025-02-04T21:29:15.625+0000] {dag.py:3239} INFO - Sync 1 DAGs
[2025-02-04T21:29:15.650+0000] {logging_mixin.py:190} INFO - [2025-02-04T21:29:15.649+0000] {dag.py:4180} INFO - Setting next_dagrun for spark_consumer_dag to 2025-01-27 00:00:00+00:00, run_after=2025-01-27 00:00:00+00:00
[2025-02-04T21:29:15.664+0000] {processor.py:208} INFO - Processing /opt/airflow/dags/dag_consumer.py took 0.078 seconds
[2025-02-04T21:29:45.858+0000] {processor.py:186} INFO - Started process (PID=992) to work on /opt/airflow/dags/dag_consumer.py
[2025-02-04T21:29:45.859+0000] {processor.py:914} INFO - Processing file /opt/airflow/dags/dag_consumer.py for tasks to queue
[2025-02-04T21:29:45.860+0000] {logging_mixin.py:190} INFO - [2025-02-04T21:29:45.860+0000] {dagbag.py:588} INFO - Filling up the DagBag from /opt/airflow/dags/dag_consumer.py
[2025-02-04T21:29:45.874+0000] {processor.py:925} INFO - DAG(s) 'spark_consumer_dag' retrieved from /opt/airflow/dags/dag_consumer.py
[2025-02-04T21:29:45.891+0000] {logging_mixin.py:190} INFO - [2025-02-04T21:29:45.891+0000] {dag.py:3239} INFO - Sync 1 DAGs
[2025-02-04T21:29:45.907+0000] {logging_mixin.py:190} INFO - [2025-02-04T21:29:45.907+0000] {dag.py:4180} INFO - Setting next_dagrun for spark_consumer_dag to 2025-01-27 00:00:00+00:00, run_after=2025-01-27 00:00:00+00:00
[2025-02-04T21:29:45.925+0000] {processor.py:208} INFO - Processing /opt/airflow/dags/dag_consumer.py took 0.071 seconds
[2025-02-04T21:30:16.122+0000] {processor.py:186} INFO - Started process (PID=1008) to work on /opt/airflow/dags/dag_consumer.py
[2025-02-04T21:30:16.122+0000] {processor.py:914} INFO - Processing file /opt/airflow/dags/dag_consumer.py for tasks to queue
[2025-02-04T21:30:16.123+0000] {logging_mixin.py:190} INFO - [2025-02-04T21:30:16.123+0000] {dagbag.py:588} INFO - Filling up the DagBag from /opt/airflow/dags/dag_consumer.py
[2025-02-04T21:30:16.137+0000] {processor.py:925} INFO - DAG(s) 'spark_consumer_dag' retrieved from /opt/airflow/dags/dag_consumer.py
[2025-02-04T21:30:16.155+0000] {logging_mixin.py:190} INFO - [2025-02-04T21:30:16.155+0000] {dag.py:3239} INFO - Sync 1 DAGs
[2025-02-04T21:30:16.172+0000] {logging_mixin.py:190} INFO - [2025-02-04T21:30:16.172+0000] {dag.py:4180} INFO - Setting next_dagrun for spark_consumer_dag to 2025-01-27 00:00:00+00:00, run_after=2025-01-27 00:00:00+00:00
[2025-02-04T21:30:16.185+0000] {processor.py:208} INFO - Processing /opt/airflow/dags/dag_consumer.py took 0.069 seconds
[2025-02-04T21:30:46.384+0000] {processor.py:186} INFO - Started process (PID=1024) to work on /opt/airflow/dags/dag_consumer.py
[2025-02-04T21:30:46.384+0000] {processor.py:914} INFO - Processing file /opt/airflow/dags/dag_consumer.py for tasks to queue
[2025-02-04T21:30:46.385+0000] {logging_mixin.py:190} INFO - [2025-02-04T21:30:46.385+0000] {dagbag.py:588} INFO - Filling up the DagBag from /opt/airflow/dags/dag_consumer.py
[2025-02-04T21:30:46.399+0000] {processor.py:925} INFO - DAG(s) 'spark_consumer_dag' retrieved from /opt/airflow/dags/dag_consumer.py
[2025-02-04T21:30:46.417+0000] {logging_mixin.py:190} INFO - [2025-02-04T21:30:46.416+0000] {dag.py:3239} INFO - Sync 1 DAGs
[2025-02-04T21:30:46.433+0000] {logging_mixin.py:190} INFO - [2025-02-04T21:30:46.433+0000] {dag.py:4180} INFO - Setting next_dagrun for spark_consumer_dag to 2025-01-27 00:00:00+00:00, run_after=2025-01-27 00:00:00+00:00
[2025-02-04T21:30:46.446+0000] {processor.py:208} INFO - Processing /opt/airflow/dags/dag_consumer.py took 0.067 seconds
[2025-02-04T21:31:16.668+0000] {processor.py:186} INFO - Started process (PID=1040) to work on /opt/airflow/dags/dag_consumer.py
[2025-02-04T21:31:16.668+0000] {processor.py:914} INFO - Processing file /opt/airflow/dags/dag_consumer.py for tasks to queue
[2025-02-04T21:31:16.670+0000] {logging_mixin.py:190} INFO - [2025-02-04T21:31:16.669+0000] {dagbag.py:588} INFO - Filling up the DagBag from /opt/airflow/dags/dag_consumer.py
[2025-02-04T21:31:16.686+0000] {processor.py:925} INFO - DAG(s) 'spark_consumer_dag' retrieved from /opt/airflow/dags/dag_consumer.py
[2025-02-04T21:31:16.707+0000] {logging_mixin.py:190} INFO - [2025-02-04T21:31:16.707+0000] {dag.py:3239} INFO - Sync 1 DAGs
[2025-02-04T21:31:16.726+0000] {logging_mixin.py:190} INFO - [2025-02-04T21:31:16.725+0000] {dag.py:4180} INFO - Setting next_dagrun for spark_consumer_dag to 2025-01-27 00:00:00+00:00, run_after=2025-01-27 00:00:00+00:00
[2025-02-04T21:31:16.740+0000] {processor.py:208} INFO - Processing /opt/airflow/dags/dag_consumer.py took 0.078 seconds
[2025-02-04T21:31:46.948+0000] {processor.py:186} INFO - Started process (PID=1056) to work on /opt/airflow/dags/dag_consumer.py
[2025-02-04T21:31:46.949+0000] {processor.py:914} INFO - Processing file /opt/airflow/dags/dag_consumer.py for tasks to queue
[2025-02-04T21:31:46.950+0000] {logging_mixin.py:190} INFO - [2025-02-04T21:31:46.950+0000] {dagbag.py:588} INFO - Filling up the DagBag from /opt/airflow/dags/dag_consumer.py
[2025-02-04T21:31:46.964+0000] {processor.py:925} INFO - DAG(s) 'spark_consumer_dag' retrieved from /opt/airflow/dags/dag_consumer.py
[2025-02-04T21:31:46.982+0000] {logging_mixin.py:190} INFO - [2025-02-04T21:31:46.982+0000] {dag.py:3239} INFO - Sync 1 DAGs
[2025-02-04T21:31:46.999+0000] {logging_mixin.py:190} INFO - [2025-02-04T21:31:46.999+0000] {dag.py:4180} INFO - Setting next_dagrun for spark_consumer_dag to 2025-01-27 00:00:00+00:00, run_after=2025-01-27 00:00:00+00:00
[2025-02-04T21:31:47.011+0000] {processor.py:208} INFO - Processing /opt/airflow/dags/dag_consumer.py took 0.067 seconds
[2025-02-04T21:32:17.249+0000] {processor.py:186} INFO - Started process (PID=1072) to work on /opt/airflow/dags/dag_consumer.py
[2025-02-04T21:32:17.249+0000] {processor.py:914} INFO - Processing file /opt/airflow/dags/dag_consumer.py for tasks to queue
[2025-02-04T21:32:17.251+0000] {logging_mixin.py:190} INFO - [2025-02-04T21:32:17.250+0000] {dagbag.py:588} INFO - Filling up the DagBag from /opt/airflow/dags/dag_consumer.py
[2025-02-04T21:32:17.267+0000] {processor.py:925} INFO - DAG(s) 'spark_consumer_dag' retrieved from /opt/airflow/dags/dag_consumer.py
[2025-02-04T21:32:17.288+0000] {logging_mixin.py:190} INFO - [2025-02-04T21:32:17.288+0000] {dag.py:3239} INFO - Sync 1 DAGs
[2025-02-04T21:32:17.306+0000] {logging_mixin.py:190} INFO - [2025-02-04T21:32:17.306+0000] {dag.py:4180} INFO - Setting next_dagrun for spark_consumer_dag to 2025-01-27 00:00:00+00:00, run_after=2025-01-27 00:00:00+00:00
[2025-02-04T21:32:17.318+0000] {processor.py:208} INFO - Processing /opt/airflow/dags/dag_consumer.py took 0.074 seconds
[2025-02-04T21:32:47.511+0000] {processor.py:186} INFO - Started process (PID=1088) to work on /opt/airflow/dags/dag_consumer.py
[2025-02-04T21:32:47.512+0000] {processor.py:914} INFO - Processing file /opt/airflow/dags/dag_consumer.py for tasks to queue
[2025-02-04T21:32:47.513+0000] {logging_mixin.py:190} INFO - [2025-02-04T21:32:47.513+0000] {dagbag.py:588} INFO - Filling up the DagBag from /opt/airflow/dags/dag_consumer.py
[2025-02-04T21:32:47.526+0000] {processor.py:925} INFO - DAG(s) 'spark_consumer_dag' retrieved from /opt/airflow/dags/dag_consumer.py
[2025-02-04T21:32:47.543+0000] {logging_mixin.py:190} INFO - [2025-02-04T21:32:47.543+0000] {dag.py:3239} INFO - Sync 1 DAGs
[2025-02-04T21:32:47.559+0000] {logging_mixin.py:190} INFO - [2025-02-04T21:32:47.559+0000] {dag.py:4180} INFO - Setting next_dagrun for spark_consumer_dag to 2025-01-27 00:00:00+00:00, run_after=2025-01-27 00:00:00+00:00
[2025-02-04T21:32:47.571+0000] {processor.py:208} INFO - Processing /opt/airflow/dags/dag_consumer.py took 0.065 seconds
[2025-02-04T21:33:17.788+0000] {processor.py:186} INFO - Started process (PID=1104) to work on /opt/airflow/dags/dag_consumer.py
[2025-02-04T21:33:17.789+0000] {processor.py:914} INFO - Processing file /opt/airflow/dags/dag_consumer.py for tasks to queue
[2025-02-04T21:33:17.790+0000] {logging_mixin.py:190} INFO - [2025-02-04T21:33:17.790+0000] {dagbag.py:588} INFO - Filling up the DagBag from /opt/airflow/dags/dag_consumer.py
[2025-02-04T21:33:17.804+0000] {processor.py:925} INFO - DAG(s) 'spark_consumer_dag' retrieved from /opt/airflow/dags/dag_consumer.py
[2025-02-04T21:33:17.822+0000] {logging_mixin.py:190} INFO - [2025-02-04T21:33:17.822+0000] {dag.py:3239} INFO - Sync 1 DAGs
[2025-02-04T21:33:17.838+0000] {logging_mixin.py:190} INFO - [2025-02-04T21:33:17.838+0000] {dag.py:4180} INFO - Setting next_dagrun for spark_consumer_dag to 2025-01-27 00:00:00+00:00, run_after=2025-01-27 00:00:00+00:00
[2025-02-04T21:33:17.852+0000] {processor.py:208} INFO - Processing /opt/airflow/dags/dag_consumer.py took 0.068 seconds
[2025-02-04T21:33:48.055+0000] {processor.py:186} INFO - Started process (PID=1120) to work on /opt/airflow/dags/dag_consumer.py
[2025-02-04T21:33:48.056+0000] {processor.py:914} INFO - Processing file /opt/airflow/dags/dag_consumer.py for tasks to queue
[2025-02-04T21:33:48.057+0000] {logging_mixin.py:190} INFO - [2025-02-04T21:33:48.057+0000] {dagbag.py:588} INFO - Filling up the DagBag from /opt/airflow/dags/dag_consumer.py
[2025-02-04T21:33:48.070+0000] {processor.py:925} INFO - DAG(s) 'spark_consumer_dag' retrieved from /opt/airflow/dags/dag_consumer.py
[2025-02-04T21:33:48.088+0000] {logging_mixin.py:190} INFO - [2025-02-04T21:33:48.087+0000] {dag.py:3239} INFO - Sync 1 DAGs
[2025-02-04T21:33:48.107+0000] {logging_mixin.py:190} INFO - [2025-02-04T21:33:48.106+0000] {dag.py:4180} INFO - Setting next_dagrun for spark_consumer_dag to 2025-01-27 00:00:00+00:00, run_after=2025-01-27 00:00:00+00:00
[2025-02-04T21:33:48.119+0000] {processor.py:208} INFO - Processing /opt/airflow/dags/dag_consumer.py took 0.068 seconds
[2025-02-04T21:34:18.312+0000] {processor.py:186} INFO - Started process (PID=1136) to work on /opt/airflow/dags/dag_consumer.py
[2025-02-04T21:34:18.313+0000] {processor.py:914} INFO - Processing file /opt/airflow/dags/dag_consumer.py for tasks to queue
[2025-02-04T21:34:18.313+0000] {logging_mixin.py:190} INFO - [2025-02-04T21:34:18.313+0000] {dagbag.py:588} INFO - Filling up the DagBag from /opt/airflow/dags/dag_consumer.py
[2025-02-04T21:34:18.328+0000] {processor.py:925} INFO - DAG(s) 'spark_consumer_dag' retrieved from /opt/airflow/dags/dag_consumer.py
[2025-02-04T21:34:18.346+0000] {logging_mixin.py:190} INFO - [2025-02-04T21:34:18.346+0000] {dag.py:3239} INFO - Sync 1 DAGs
[2025-02-04T21:34:18.364+0000] {logging_mixin.py:190} INFO - [2025-02-04T21:34:18.363+0000] {dag.py:4180} INFO - Setting next_dagrun for spark_consumer_dag to 2025-01-27 00:00:00+00:00, run_after=2025-01-27 00:00:00+00:00
[2025-02-04T21:34:18.379+0000] {processor.py:208} INFO - Processing /opt/airflow/dags/dag_consumer.py took 0.072 seconds
[2025-02-04T21:34:48.578+0000] {processor.py:186} INFO - Started process (PID=1152) to work on /opt/airflow/dags/dag_consumer.py
[2025-02-04T21:34:48.578+0000] {processor.py:914} INFO - Processing file /opt/airflow/dags/dag_consumer.py for tasks to queue
[2025-02-04T21:34:48.579+0000] {logging_mixin.py:190} INFO - [2025-02-04T21:34:48.579+0000] {dagbag.py:588} INFO - Filling up the DagBag from /opt/airflow/dags/dag_consumer.py
[2025-02-04T21:34:48.594+0000] {processor.py:925} INFO - DAG(s) 'spark_consumer_dag' retrieved from /opt/airflow/dags/dag_consumer.py
[2025-02-04T21:34:48.611+0000] {logging_mixin.py:190} INFO - [2025-02-04T21:34:48.611+0000] {dag.py:3239} INFO - Sync 1 DAGs
[2025-02-04T21:34:48.628+0000] {logging_mixin.py:190} INFO - [2025-02-04T21:34:48.628+0000] {dag.py:4180} INFO - Setting next_dagrun for spark_consumer_dag to 2025-01-27 00:00:00+00:00, run_after=2025-01-27 00:00:00+00:00
[2025-02-04T21:34:48.643+0000] {processor.py:208} INFO - Processing /opt/airflow/dags/dag_consumer.py took 0.070 seconds
[2025-02-04T21:35:18.846+0000] {processor.py:186} INFO - Started process (PID=1168) to work on /opt/airflow/dags/dag_consumer.py
[2025-02-04T21:35:18.847+0000] {processor.py:914} INFO - Processing file /opt/airflow/dags/dag_consumer.py for tasks to queue
[2025-02-04T21:35:18.848+0000] {logging_mixin.py:190} INFO - [2025-02-04T21:35:18.847+0000] {dagbag.py:588} INFO - Filling up the DagBag from /opt/airflow/dags/dag_consumer.py
[2025-02-04T21:35:18.861+0000] {processor.py:925} INFO - DAG(s) 'spark_consumer_dag' retrieved from /opt/airflow/dags/dag_consumer.py
[2025-02-04T21:35:18.879+0000] {logging_mixin.py:190} INFO - [2025-02-04T21:35:18.879+0000] {dag.py:3239} INFO - Sync 1 DAGs
[2025-02-04T21:35:18.895+0000] {logging_mixin.py:190} INFO - [2025-02-04T21:35:18.895+0000] {dag.py:4180} INFO - Setting next_dagrun for spark_consumer_dag to 2025-01-27 00:00:00+00:00, run_after=2025-01-27 00:00:00+00:00
[2025-02-04T21:35:18.915+0000] {processor.py:208} INFO - Processing /opt/airflow/dags/dag_consumer.py took 0.074 seconds
[2025-02-04T21:35:49.106+0000] {processor.py:186} INFO - Started process (PID=1184) to work on /opt/airflow/dags/dag_consumer.py
[2025-02-04T21:35:49.107+0000] {processor.py:914} INFO - Processing file /opt/airflow/dags/dag_consumer.py for tasks to queue
[2025-02-04T21:35:49.108+0000] {logging_mixin.py:190} INFO - [2025-02-04T21:35:49.108+0000] {dagbag.py:588} INFO - Filling up the DagBag from /opt/airflow/dags/dag_consumer.py
[2025-02-04T21:35:49.124+0000] {processor.py:925} INFO - DAG(s) 'spark_consumer_dag' retrieved from /opt/airflow/dags/dag_consumer.py
[2025-02-04T21:35:49.143+0000] {logging_mixin.py:190} INFO - [2025-02-04T21:35:49.143+0000] {dag.py:3239} INFO - Sync 1 DAGs
[2025-02-04T21:35:49.161+0000] {logging_mixin.py:190} INFO - [2025-02-04T21:35:49.160+0000] {dag.py:4180} INFO - Setting next_dagrun for spark_consumer_dag to 2025-01-27 00:00:00+00:00, run_after=2025-01-27 00:00:00+00:00
[2025-02-04T21:35:49.181+0000] {processor.py:208} INFO - Processing /opt/airflow/dags/dag_consumer.py took 0.080 seconds
[2025-02-04T21:36:19.387+0000] {processor.py:186} INFO - Started process (PID=1200) to work on /opt/airflow/dags/dag_consumer.py
[2025-02-04T21:36:19.388+0000] {processor.py:914} INFO - Processing file /opt/airflow/dags/dag_consumer.py for tasks to queue
[2025-02-04T21:36:19.389+0000] {logging_mixin.py:190} INFO - [2025-02-04T21:36:19.389+0000] {dagbag.py:588} INFO - Filling up the DagBag from /opt/airflow/dags/dag_consumer.py
[2025-02-04T21:36:19.405+0000] {processor.py:925} INFO - DAG(s) 'spark_consumer_dag' retrieved from /opt/airflow/dags/dag_consumer.py
[2025-02-04T21:36:19.423+0000] {logging_mixin.py:190} INFO - [2025-02-04T21:36:19.423+0000] {dag.py:3239} INFO - Sync 1 DAGs
[2025-02-04T21:36:19.441+0000] {logging_mixin.py:190} INFO - [2025-02-04T21:36:19.441+0000] {dag.py:4180} INFO - Setting next_dagrun for spark_consumer_dag to 2025-01-27 00:00:00+00:00, run_after=2025-01-27 00:00:00+00:00
[2025-02-04T21:36:19.461+0000] {processor.py:208} INFO - Processing /opt/airflow/dags/dag_consumer.py took 0.078 seconds
[2025-02-04T21:36:49.672+0000] {processor.py:186} INFO - Started process (PID=1216) to work on /opt/airflow/dags/dag_consumer.py
[2025-02-04T21:36:49.673+0000] {processor.py:914} INFO - Processing file /opt/airflow/dags/dag_consumer.py for tasks to queue
[2025-02-04T21:36:49.674+0000] {logging_mixin.py:190} INFO - [2025-02-04T21:36:49.674+0000] {dagbag.py:588} INFO - Filling up the DagBag from /opt/airflow/dags/dag_consumer.py
[2025-02-04T21:36:49.688+0000] {processor.py:925} INFO - DAG(s) 'spark_consumer_dag' retrieved from /opt/airflow/dags/dag_consumer.py
[2025-02-04T21:36:49.716+0000] {logging_mixin.py:190} INFO - [2025-02-04T21:36:49.715+0000] {dag.py:3239} INFO - Sync 1 DAGs
[2025-02-04T21:36:49.742+0000] {logging_mixin.py:190} INFO - [2025-02-04T21:36:49.742+0000] {dag.py:4180} INFO - Setting next_dagrun for spark_consumer_dag to 2025-01-27 00:00:00+00:00, run_after=2025-01-27 00:00:00+00:00
[2025-02-04T21:36:49.763+0000] {processor.py:208} INFO - Processing /opt/airflow/dags/dag_consumer.py took 0.095 seconds
[2025-02-04T21:37:20.038+0000] {processor.py:186} INFO - Started process (PID=1232) to work on /opt/airflow/dags/dag_consumer.py
[2025-02-04T21:37:20.039+0000] {processor.py:914} INFO - Processing file /opt/airflow/dags/dag_consumer.py for tasks to queue
[2025-02-04T21:37:20.040+0000] {logging_mixin.py:190} INFO - [2025-02-04T21:37:20.039+0000] {dagbag.py:588} INFO - Filling up the DagBag from /opt/airflow/dags/dag_consumer.py
[2025-02-04T21:37:20.054+0000] {processor.py:925} INFO - DAG(s) 'spark_consumer_dag' retrieved from /opt/airflow/dags/dag_consumer.py
[2025-02-04T21:37:20.071+0000] {logging_mixin.py:190} INFO - [2025-02-04T21:37:20.070+0000] {dag.py:3239} INFO - Sync 1 DAGs
[2025-02-04T21:37:20.087+0000] {logging_mixin.py:190} INFO - [2025-02-04T21:37:20.087+0000] {dag.py:4180} INFO - Setting next_dagrun for spark_consumer_dag to 2025-01-27 00:00:00+00:00, run_after=2025-01-27 00:00:00+00:00
[2025-02-04T21:37:20.100+0000] {processor.py:208} INFO - Processing /opt/airflow/dags/dag_consumer.py took 0.067 seconds
[2025-02-04T21:37:50.302+0000] {processor.py:186} INFO - Started process (PID=1248) to work on /opt/airflow/dags/dag_consumer.py
[2025-02-04T21:37:50.303+0000] {processor.py:914} INFO - Processing file /opt/airflow/dags/dag_consumer.py for tasks to queue
[2025-02-04T21:37:50.304+0000] {logging_mixin.py:190} INFO - [2025-02-04T21:37:50.304+0000] {dagbag.py:588} INFO - Filling up the DagBag from /opt/airflow/dags/dag_consumer.py
[2025-02-04T21:37:50.322+0000] {processor.py:925} INFO - DAG(s) 'spark_consumer_dag' retrieved from /opt/airflow/dags/dag_consumer.py
[2025-02-04T21:37:50.342+0000] {logging_mixin.py:190} INFO - [2025-02-04T21:37:50.341+0000] {dag.py:3239} INFO - Sync 1 DAGs
[2025-02-04T21:37:50.360+0000] {logging_mixin.py:190} INFO - [2025-02-04T21:37:50.360+0000] {dag.py:4180} INFO - Setting next_dagrun for spark_consumer_dag to 2025-01-27 00:00:00+00:00, run_after=2025-01-27 00:00:00+00:00
[2025-02-04T21:37:50.374+0000] {processor.py:208} INFO - Processing /opt/airflow/dags/dag_consumer.py took 0.077 seconds
[2025-02-04T21:38:20.567+0000] {processor.py:186} INFO - Started process (PID=1264) to work on /opt/airflow/dags/dag_consumer.py
[2025-02-04T21:38:20.568+0000] {processor.py:914} INFO - Processing file /opt/airflow/dags/dag_consumer.py for tasks to queue
[2025-02-04T21:38:20.569+0000] {logging_mixin.py:190} INFO - [2025-02-04T21:38:20.569+0000] {dagbag.py:588} INFO - Filling up the DagBag from /opt/airflow/dags/dag_consumer.py
[2025-02-04T21:38:20.584+0000] {processor.py:925} INFO - DAG(s) 'spark_consumer_dag' retrieved from /opt/airflow/dags/dag_consumer.py
[2025-02-04T21:38:20.606+0000] {logging_mixin.py:190} INFO - [2025-02-04T21:38:20.606+0000] {dag.py:3239} INFO - Sync 1 DAGs
[2025-02-04T21:38:20.624+0000] {logging_mixin.py:190} INFO - [2025-02-04T21:38:20.624+0000] {dag.py:4180} INFO - Setting next_dagrun for spark_consumer_dag to 2025-01-27 00:00:00+00:00, run_after=2025-01-27 00:00:00+00:00
[2025-02-04T21:38:20.640+0000] {processor.py:208} INFO - Processing /opt/airflow/dags/dag_consumer.py took 0.078 seconds
[2025-02-04T21:38:50.837+0000] {processor.py:186} INFO - Started process (PID=1280) to work on /opt/airflow/dags/dag_consumer.py
[2025-02-04T21:38:50.838+0000] {processor.py:914} INFO - Processing file /opt/airflow/dags/dag_consumer.py for tasks to queue
[2025-02-04T21:38:50.839+0000] {logging_mixin.py:190} INFO - [2025-02-04T21:38:50.839+0000] {dagbag.py:588} INFO - Filling up the DagBag from /opt/airflow/dags/dag_consumer.py
[2025-02-04T21:38:50.853+0000] {processor.py:925} INFO - DAG(s) 'spark_consumer_dag' retrieved from /opt/airflow/dags/dag_consumer.py
[2025-02-04T21:38:50.869+0000] {logging_mixin.py:190} INFO - [2025-02-04T21:38:50.869+0000] {dag.py:3239} INFO - Sync 1 DAGs
[2025-02-04T21:38:50.884+0000] {logging_mixin.py:190} INFO - [2025-02-04T21:38:50.884+0000] {dag.py:4180} INFO - Setting next_dagrun for spark_consumer_dag to 2025-01-27 00:00:00+00:00, run_after=2025-01-27 00:00:00+00:00
[2025-02-04T21:38:50.897+0000] {processor.py:208} INFO - Processing /opt/airflow/dags/dag_consumer.py took 0.064 seconds
[2025-02-04T21:39:21.087+0000] {processor.py:186} INFO - Started process (PID=1297) to work on /opt/airflow/dags/dag_consumer.py
[2025-02-04T21:39:21.088+0000] {processor.py:914} INFO - Processing file /opt/airflow/dags/dag_consumer.py for tasks to queue
[2025-02-04T21:39:21.089+0000] {logging_mixin.py:190} INFO - [2025-02-04T21:39:21.089+0000] {dagbag.py:588} INFO - Filling up the DagBag from /opt/airflow/dags/dag_consumer.py
[2025-02-04T21:39:21.106+0000] {processor.py:925} INFO - DAG(s) 'spark_consumer_dag' retrieved from /opt/airflow/dags/dag_consumer.py
[2025-02-04T21:39:21.124+0000] {logging_mixin.py:190} INFO - [2025-02-04T21:39:21.124+0000] {dag.py:3239} INFO - Sync 1 DAGs
[2025-02-04T21:39:21.144+0000] {logging_mixin.py:190} INFO - [2025-02-04T21:39:21.144+0000] {dag.py:4180} INFO - Setting next_dagrun for spark_consumer_dag to 2025-01-27 00:00:00+00:00, run_after=2025-01-27 00:00:00+00:00
[2025-02-04T21:39:21.158+0000] {processor.py:208} INFO - Processing /opt/airflow/dags/dag_consumer.py took 0.075 seconds
[2025-02-04T21:39:51.361+0000] {processor.py:186} INFO - Started process (PID=1313) to work on /opt/airflow/dags/dag_consumer.py
[2025-02-04T21:39:51.362+0000] {processor.py:914} INFO - Processing file /opt/airflow/dags/dag_consumer.py for tasks to queue
[2025-02-04T21:39:51.363+0000] {logging_mixin.py:190} INFO - [2025-02-04T21:39:51.363+0000] {dagbag.py:588} INFO - Filling up the DagBag from /opt/airflow/dags/dag_consumer.py
[2025-02-04T21:39:51.379+0000] {processor.py:925} INFO - DAG(s) 'spark_consumer_dag' retrieved from /opt/airflow/dags/dag_consumer.py
[2025-02-04T21:39:51.402+0000] {logging_mixin.py:190} INFO - [2025-02-04T21:39:51.401+0000] {dag.py:3239} INFO - Sync 1 DAGs
[2025-02-04T21:39:51.420+0000] {logging_mixin.py:190} INFO - [2025-02-04T21:39:51.420+0000] {dag.py:4180} INFO - Setting next_dagrun for spark_consumer_dag to 2025-01-27 00:00:00+00:00, run_after=2025-01-27 00:00:00+00:00
[2025-02-04T21:39:51.437+0000] {processor.py:208} INFO - Processing /opt/airflow/dags/dag_consumer.py took 0.081 seconds
[2025-02-04T21:40:21.624+0000] {processor.py:186} INFO - Started process (PID=1329) to work on /opt/airflow/dags/dag_consumer.py
[2025-02-04T21:40:21.625+0000] {processor.py:914} INFO - Processing file /opt/airflow/dags/dag_consumer.py for tasks to queue
[2025-02-04T21:40:21.626+0000] {logging_mixin.py:190} INFO - [2025-02-04T21:40:21.625+0000] {dagbag.py:588} INFO - Filling up the DagBag from /opt/airflow/dags/dag_consumer.py
[2025-02-04T21:40:21.639+0000] {processor.py:925} INFO - DAG(s) 'spark_consumer_dag' retrieved from /opt/airflow/dags/dag_consumer.py
[2025-02-04T21:40:21.657+0000] {logging_mixin.py:190} INFO - [2025-02-04T21:40:21.656+0000] {dag.py:3239} INFO - Sync 1 DAGs
[2025-02-04T21:40:21.673+0000] {logging_mixin.py:190} INFO - [2025-02-04T21:40:21.673+0000] {dag.py:4180} INFO - Setting next_dagrun for spark_consumer_dag to 2025-01-27 00:00:00+00:00, run_after=2025-01-27 00:00:00+00:00
[2025-02-04T21:40:21.686+0000] {processor.py:208} INFO - Processing /opt/airflow/dags/dag_consumer.py took 0.067 seconds
[2025-02-04T21:40:51.880+0000] {processor.py:186} INFO - Started process (PID=1345) to work on /opt/airflow/dags/dag_consumer.py
[2025-02-04T21:40:51.880+0000] {processor.py:914} INFO - Processing file /opt/airflow/dags/dag_consumer.py for tasks to queue
[2025-02-04T21:40:51.881+0000] {logging_mixin.py:190} INFO - [2025-02-04T21:40:51.881+0000] {dagbag.py:588} INFO - Filling up the DagBag from /opt/airflow/dags/dag_consumer.py
[2025-02-04T21:40:51.895+0000] {processor.py:925} INFO - DAG(s) 'spark_consumer_dag' retrieved from /opt/airflow/dags/dag_consumer.py
[2025-02-04T21:40:51.912+0000] {logging_mixin.py:190} INFO - [2025-02-04T21:40:51.912+0000] {dag.py:3239} INFO - Sync 1 DAGs
[2025-02-04T21:40:51.928+0000] {logging_mixin.py:190} INFO - [2025-02-04T21:40:51.928+0000] {dag.py:4180} INFO - Setting next_dagrun for spark_consumer_dag to 2025-01-27 00:00:00+00:00, run_after=2025-01-27 00:00:00+00:00
[2025-02-04T21:40:51.940+0000] {processor.py:208} INFO - Processing /opt/airflow/dags/dag_consumer.py took 0.065 seconds
[2025-02-04T21:41:22.164+0000] {processor.py:186} INFO - Started process (PID=1361) to work on /opt/airflow/dags/dag_consumer.py
[2025-02-04T21:41:22.165+0000] {processor.py:914} INFO - Processing file /opt/airflow/dags/dag_consumer.py for tasks to queue
[2025-02-04T21:41:22.166+0000] {logging_mixin.py:190} INFO - [2025-02-04T21:41:22.166+0000] {dagbag.py:588} INFO - Filling up the DagBag from /opt/airflow/dags/dag_consumer.py
[2025-02-04T21:41:22.180+0000] {processor.py:925} INFO - DAG(s) 'spark_consumer_dag' retrieved from /opt/airflow/dags/dag_consumer.py
[2025-02-04T21:41:22.200+0000] {logging_mixin.py:190} INFO - [2025-02-04T21:41:22.200+0000] {dag.py:3239} INFO - Sync 1 DAGs
[2025-02-04T21:41:22.216+0000] {logging_mixin.py:190} INFO - [2025-02-04T21:41:22.216+0000] {dag.py:4180} INFO - Setting next_dagrun for spark_consumer_dag to 2025-01-27 00:00:00+00:00, run_after=2025-01-27 00:00:00+00:00
[2025-02-04T21:41:22.229+0000] {processor.py:208} INFO - Processing /opt/airflow/dags/dag_consumer.py took 0.069 seconds
[2025-02-04T21:41:52.424+0000] {processor.py:186} INFO - Started process (PID=1377) to work on /opt/airflow/dags/dag_consumer.py
[2025-02-04T21:41:52.425+0000] {processor.py:914} INFO - Processing file /opt/airflow/dags/dag_consumer.py for tasks to queue
[2025-02-04T21:41:52.426+0000] {logging_mixin.py:190} INFO - [2025-02-04T21:41:52.426+0000] {dagbag.py:588} INFO - Filling up the DagBag from /opt/airflow/dags/dag_consumer.py
[2025-02-04T21:41:52.440+0000] {processor.py:925} INFO - DAG(s) 'spark_consumer_dag' retrieved from /opt/airflow/dags/dag_consumer.py
[2025-02-04T21:41:52.459+0000] {logging_mixin.py:190} INFO - [2025-02-04T21:41:52.459+0000] {dag.py:3239} INFO - Sync 1 DAGs
[2025-02-04T21:41:52.478+0000] {logging_mixin.py:190} INFO - [2025-02-04T21:41:52.478+0000] {dag.py:4180} INFO - Setting next_dagrun for spark_consumer_dag to 2025-01-27 00:00:00+00:00, run_after=2025-01-27 00:00:00+00:00
[2025-02-04T21:41:52.490+0000] {processor.py:208} INFO - Processing /opt/airflow/dags/dag_consumer.py took 0.071 seconds
[2025-02-04T21:42:22.732+0000] {processor.py:186} INFO - Started process (PID=1393) to work on /opt/airflow/dags/dag_consumer.py
[2025-02-04T21:42:22.733+0000] {processor.py:914} INFO - Processing file /opt/airflow/dags/dag_consumer.py for tasks to queue
[2025-02-04T21:42:22.734+0000] {logging_mixin.py:190} INFO - [2025-02-04T21:42:22.733+0000] {dagbag.py:588} INFO - Filling up the DagBag from /opt/airflow/dags/dag_consumer.py
[2025-02-04T21:42:22.747+0000] {processor.py:925} INFO - DAG(s) 'spark_consumer_dag' retrieved from /opt/airflow/dags/dag_consumer.py
[2025-02-04T21:42:22.765+0000] {logging_mixin.py:190} INFO - [2025-02-04T21:42:22.765+0000] {dag.py:3239} INFO - Sync 1 DAGs
[2025-02-04T21:42:22.782+0000] {logging_mixin.py:190} INFO - [2025-02-04T21:42:22.782+0000] {dag.py:4180} INFO - Setting next_dagrun for spark_consumer_dag to 2025-01-27 00:00:00+00:00, run_after=2025-01-27 00:00:00+00:00
[2025-02-04T21:42:22.794+0000] {processor.py:208} INFO - Processing /opt/airflow/dags/dag_consumer.py took 0.067 seconds
[2025-02-04T21:42:52.992+0000] {processor.py:186} INFO - Started process (PID=1409) to work on /opt/airflow/dags/dag_consumer.py
[2025-02-04T21:42:52.993+0000] {processor.py:914} INFO - Processing file /opt/airflow/dags/dag_consumer.py for tasks to queue
[2025-02-04T21:42:52.994+0000] {logging_mixin.py:190} INFO - [2025-02-04T21:42:52.993+0000] {dagbag.py:588} INFO - Filling up the DagBag from /opt/airflow/dags/dag_consumer.py
[2025-02-04T21:42:53.007+0000] {processor.py:925} INFO - DAG(s) 'spark_consumer_dag' retrieved from /opt/airflow/dags/dag_consumer.py
[2025-02-04T21:42:53.024+0000] {logging_mixin.py:190} INFO - [2025-02-04T21:42:53.024+0000] {dag.py:3239} INFO - Sync 1 DAGs
[2025-02-04T21:42:53.039+0000] {logging_mixin.py:190} INFO - [2025-02-04T21:42:53.039+0000] {dag.py:4180} INFO - Setting next_dagrun for spark_consumer_dag to 2025-01-27 00:00:00+00:00, run_after=2025-01-27 00:00:00+00:00
[2025-02-04T21:42:53.050+0000] {processor.py:208} INFO - Processing /opt/airflow/dags/dag_consumer.py took 0.063 seconds
