[2025-01-25T10:39:21.688+0000] {processor.py:186} INFO - Started process (PID=184) to work on /opt/airflow/dags/main_pipeline.py
[2025-01-25T10:39:21.689+0000] {processor.py:914} INFO - Processing file /opt/airflow/dags/main_pipeline.py for tasks to queue
[2025-01-25T10:39:21.690+0000] {logging_mixin.py:190} INFO - [2025-01-25T10:39:21.690+0000] {dagbag.py:588} INFO - Filling up the DagBag from /opt/airflow/dags/main_pipeline.py
[2025-01-25T10:39:21.826+0000] {processor.py:925} INFO - DAG(s) 'save_to_minio' retrieved from /opt/airflow/dags/main_pipeline.py
[2025-01-25T10:39:21.850+0000] {logging_mixin.py:190} INFO - [2025-01-25T10:39:21.850+0000] {dag.py:3239} INFO - Sync 1 DAGs
[2025-01-25T10:39:21.868+0000] {logging_mixin.py:190} INFO - [2025-01-25T10:39:21.867+0000] {dag.py:4180} INFO - Setting next_dagrun for save_to_minio to 2025-01-24 00:00:00+00:00, run_after=2025-01-25 00:00:00+00:00
[2025-01-25T10:39:21.880+0000] {processor.py:208} INFO - Processing /opt/airflow/dags/main_pipeline.py took 0.196 seconds
[2025-01-25T10:39:52.045+0000] {processor.py:186} INFO - Started process (PID=201) to work on /opt/airflow/dags/main_pipeline.py
[2025-01-25T10:39:52.046+0000] {processor.py:914} INFO - Processing file /opt/airflow/dags/main_pipeline.py for tasks to queue
[2025-01-25T10:39:52.048+0000] {logging_mixin.py:190} INFO - [2025-01-25T10:39:52.048+0000] {dagbag.py:588} INFO - Filling up the DagBag from /opt/airflow/dags/main_pipeline.py
[2025-01-25T10:39:52.159+0000] {processor.py:925} INFO - DAG(s) 'save_to_minio' retrieved from /opt/airflow/dags/main_pipeline.py
[2025-01-25T10:39:52.178+0000] {logging_mixin.py:190} INFO - [2025-01-25T10:39:52.178+0000] {dag.py:3239} INFO - Sync 1 DAGs
[2025-01-25T10:39:52.200+0000] {logging_mixin.py:190} INFO - [2025-01-25T10:39:52.199+0000] {dag.py:4180} INFO - Setting next_dagrun for save_to_minio to 2025-01-25 00:00:00+00:00, run_after=2025-01-26 00:00:00+00:00
[2025-01-25T10:39:52.234+0000] {processor.py:208} INFO - Processing /opt/airflow/dags/main_pipeline.py took 0.196 seconds
[2025-01-25T10:40:22.378+0000] {processor.py:186} INFO - Started process (PID=223) to work on /opt/airflow/dags/main_pipeline.py
[2025-01-25T10:40:22.378+0000] {processor.py:914} INFO - Processing file /opt/airflow/dags/main_pipeline.py for tasks to queue
[2025-01-25T10:40:22.380+0000] {logging_mixin.py:190} INFO - [2025-01-25T10:40:22.380+0000] {dagbag.py:588} INFO - Filling up the DagBag from /opt/airflow/dags/main_pipeline.py
[2025-01-25T10:40:22.472+0000] {processor.py:925} INFO - DAG(s) 'save_to_minio' retrieved from /opt/airflow/dags/main_pipeline.py
[2025-01-25T10:40:22.489+0000] {logging_mixin.py:190} INFO - [2025-01-25T10:40:22.489+0000] {dag.py:3239} INFO - Sync 1 DAGs
[2025-01-25T10:40:22.512+0000] {logging_mixin.py:190} INFO - [2025-01-25T10:40:22.512+0000] {dag.py:4180} INFO - Setting next_dagrun for save_to_minio to 2025-01-25 00:00:00+00:00, run_after=2025-01-26 00:00:00+00:00
[2025-01-25T10:40:22.529+0000] {processor.py:208} INFO - Processing /opt/airflow/dags/main_pipeline.py took 0.157 seconds
[2025-01-25T10:40:52.585+0000] {processor.py:186} INFO - Started process (PID=234) to work on /opt/airflow/dags/main_pipeline.py
[2025-01-25T10:40:52.586+0000] {processor.py:914} INFO - Processing file /opt/airflow/dags/main_pipeline.py for tasks to queue
[2025-01-25T10:40:52.588+0000] {logging_mixin.py:190} INFO - [2025-01-25T10:40:52.587+0000] {dagbag.py:588} INFO - Filling up the DagBag from /opt/airflow/dags/main_pipeline.py
[2025-01-25T10:40:52.681+0000] {processor.py:925} INFO - DAG(s) 'save_to_minio' retrieved from /opt/airflow/dags/main_pipeline.py
[2025-01-25T10:40:52.700+0000] {logging_mixin.py:190} INFO - [2025-01-25T10:40:52.700+0000] {dag.py:3239} INFO - Sync 1 DAGs
[2025-01-25T10:40:52.719+0000] {logging_mixin.py:190} INFO - [2025-01-25T10:40:52.719+0000] {dag.py:4180} INFO - Setting next_dagrun for save_to_minio to 2025-01-25 00:00:00+00:00, run_after=2025-01-26 00:00:00+00:00
[2025-01-25T10:40:52.733+0000] {processor.py:208} INFO - Processing /opt/airflow/dags/main_pipeline.py took 0.153 seconds
[2025-01-25T10:41:16.845+0000] {processor.py:186} INFO - Started process (PID=245) to work on /opt/airflow/dags/main_pipeline.py
[2025-01-25T10:41:16.846+0000] {processor.py:914} INFO - Processing file /opt/airflow/dags/main_pipeline.py for tasks to queue
[2025-01-25T10:41:16.849+0000] {logging_mixin.py:190} INFO - [2025-01-25T10:41:16.848+0000] {dagbag.py:588} INFO - Filling up the DagBag from /opt/airflow/dags/main_pipeline.py
[2025-01-25T10:41:16.964+0000] {processor.py:925} INFO - DAG(s) 'save_to_minio' retrieved from /opt/airflow/dags/main_pipeline.py
[2025-01-25T10:41:16.982+0000] {logging_mixin.py:190} INFO - [2025-01-25T10:41:16.982+0000] {dag.py:3239} INFO - Sync 1 DAGs
[2025-01-25T10:41:17.001+0000] {logging_mixin.py:190} INFO - [2025-01-25T10:41:17.000+0000] {dag.py:4180} INFO - Setting next_dagrun for save_to_minio to 2025-01-25 00:00:00+00:00, run_after=2025-01-26 00:00:00+00:00
[2025-01-25T10:41:17.018+0000] {processor.py:208} INFO - Processing /opt/airflow/dags/main_pipeline.py took 0.179 seconds
[2025-01-25T10:41:47.064+0000] {processor.py:186} INFO - Started process (PID=256) to work on /opt/airflow/dags/main_pipeline.py
[2025-01-25T10:41:47.065+0000] {processor.py:914} INFO - Processing file /opt/airflow/dags/main_pipeline.py for tasks to queue
[2025-01-25T10:41:47.067+0000] {logging_mixin.py:190} INFO - [2025-01-25T10:41:47.066+0000] {dagbag.py:588} INFO - Filling up the DagBag from /opt/airflow/dags/main_pipeline.py
[2025-01-25T10:41:47.160+0000] {processor.py:925} INFO - DAG(s) 'save_to_minio' retrieved from /opt/airflow/dags/main_pipeline.py
[2025-01-25T10:41:47.176+0000] {logging_mixin.py:190} INFO - [2025-01-25T10:41:47.176+0000] {dag.py:3239} INFO - Sync 1 DAGs
[2025-01-25T10:41:47.194+0000] {logging_mixin.py:190} INFO - [2025-01-25T10:41:47.194+0000] {dag.py:4180} INFO - Setting next_dagrun for save_to_minio to 2025-01-25 00:00:00+00:00, run_after=2025-01-26 00:00:00+00:00
[2025-01-25T10:41:47.207+0000] {processor.py:208} INFO - Processing /opt/airflow/dags/main_pipeline.py took 0.148 seconds
[2025-01-25T10:42:17.358+0000] {processor.py:186} INFO - Started process (PID=267) to work on /opt/airflow/dags/main_pipeline.py
[2025-01-25T10:42:17.359+0000] {processor.py:914} INFO - Processing file /opt/airflow/dags/main_pipeline.py for tasks to queue
[2025-01-25T10:42:17.360+0000] {logging_mixin.py:190} INFO - [2025-01-25T10:42:17.360+0000] {dagbag.py:588} INFO - Filling up the DagBag from /opt/airflow/dags/main_pipeline.py
[2025-01-25T10:42:17.459+0000] {processor.py:925} INFO - DAG(s) 'save_to_minio' retrieved from /opt/airflow/dags/main_pipeline.py
[2025-01-25T10:42:17.475+0000] {logging_mixin.py:190} INFO - [2025-01-25T10:42:17.475+0000] {dag.py:3239} INFO - Sync 1 DAGs
[2025-01-25T10:42:17.491+0000] {logging_mixin.py:190} INFO - [2025-01-25T10:42:17.491+0000] {dag.py:4180} INFO - Setting next_dagrun for save_to_minio to 2025-01-25 00:00:00+00:00, run_after=2025-01-26 00:00:00+00:00
[2025-01-25T10:42:17.503+0000] {processor.py:208} INFO - Processing /opt/airflow/dags/main_pipeline.py took 0.150 seconds
[2025-01-25T10:42:47.542+0000] {processor.py:186} INFO - Started process (PID=278) to work on /opt/airflow/dags/main_pipeline.py
[2025-01-25T10:42:47.542+0000] {processor.py:914} INFO - Processing file /opt/airflow/dags/main_pipeline.py for tasks to queue
[2025-01-25T10:42:47.545+0000] {logging_mixin.py:190} INFO - [2025-01-25T10:42:47.544+0000] {dagbag.py:588} INFO - Filling up the DagBag from /opt/airflow/dags/main_pipeline.py
[2025-01-25T10:42:47.635+0000] {processor.py:925} INFO - DAG(s) 'save_to_minio' retrieved from /opt/airflow/dags/main_pipeline.py
[2025-01-25T10:42:47.651+0000] {logging_mixin.py:190} INFO - [2025-01-25T10:42:47.650+0000] {dag.py:3239} INFO - Sync 1 DAGs
[2025-01-25T10:42:47.668+0000] {logging_mixin.py:190} INFO - [2025-01-25T10:42:47.668+0000] {dag.py:4180} INFO - Setting next_dagrun for save_to_minio to 2025-01-25 00:00:00+00:00, run_after=2025-01-26 00:00:00+00:00
[2025-01-25T10:42:47.686+0000] {processor.py:208} INFO - Processing /opt/airflow/dags/main_pipeline.py took 0.149 seconds
[2025-01-25T10:43:17.825+0000] {processor.py:186} INFO - Started process (PID=289) to work on /opt/airflow/dags/main_pipeline.py
[2025-01-25T10:43:17.826+0000] {processor.py:914} INFO - Processing file /opt/airflow/dags/main_pipeline.py for tasks to queue
[2025-01-25T10:43:17.828+0000] {logging_mixin.py:190} INFO - [2025-01-25T10:43:17.827+0000] {dagbag.py:588} INFO - Filling up the DagBag from /opt/airflow/dags/main_pipeline.py
[2025-01-25T10:43:17.913+0000] {processor.py:925} INFO - DAG(s) 'save_to_minio' retrieved from /opt/airflow/dags/main_pipeline.py
[2025-01-25T10:43:17.929+0000] {logging_mixin.py:190} INFO - [2025-01-25T10:43:17.928+0000] {dag.py:3239} INFO - Sync 1 DAGs
[2025-01-25T10:43:17.946+0000] {logging_mixin.py:190} INFO - [2025-01-25T10:43:17.946+0000] {dag.py:4180} INFO - Setting next_dagrun for save_to_minio to 2025-01-25 00:00:00+00:00, run_after=2025-01-26 00:00:00+00:00
[2025-01-25T10:43:17.959+0000] {processor.py:208} INFO - Processing /opt/airflow/dags/main_pipeline.py took 0.137 seconds
[2025-01-25T10:43:48.006+0000] {processor.py:186} INFO - Started process (PID=300) to work on /opt/airflow/dags/main_pipeline.py
[2025-01-25T10:43:48.007+0000] {processor.py:914} INFO - Processing file /opt/airflow/dags/main_pipeline.py for tasks to queue
[2025-01-25T10:43:48.008+0000] {logging_mixin.py:190} INFO - [2025-01-25T10:43:48.008+0000] {dagbag.py:588} INFO - Filling up the DagBag from /opt/airflow/dags/main_pipeline.py
[2025-01-25T10:43:48.102+0000] {processor.py:925} INFO - DAG(s) 'save_to_minio' retrieved from /opt/airflow/dags/main_pipeline.py
[2025-01-25T10:43:48.119+0000] {logging_mixin.py:190} INFO - [2025-01-25T10:43:48.119+0000] {dag.py:3239} INFO - Sync 1 DAGs
[2025-01-25T10:43:48.136+0000] {logging_mixin.py:190} INFO - [2025-01-25T10:43:48.136+0000] {dag.py:4180} INFO - Setting next_dagrun for save_to_minio to 2025-01-25 00:00:00+00:00, run_after=2025-01-26 00:00:00+00:00
[2025-01-25T10:43:48.149+0000] {processor.py:208} INFO - Processing /opt/airflow/dags/main_pipeline.py took 0.148 seconds
[2025-01-25T10:44:18.281+0000] {processor.py:186} INFO - Started process (PID=311) to work on /opt/airflow/dags/main_pipeline.py
[2025-01-25T10:44:18.282+0000] {processor.py:914} INFO - Processing file /opt/airflow/dags/main_pipeline.py for tasks to queue
[2025-01-25T10:44:18.283+0000] {logging_mixin.py:190} INFO - [2025-01-25T10:44:18.283+0000] {dagbag.py:588} INFO - Filling up the DagBag from /opt/airflow/dags/main_pipeline.py
[2025-01-25T10:44:18.374+0000] {processor.py:925} INFO - DAG(s) 'save_to_minio' retrieved from /opt/airflow/dags/main_pipeline.py
[2025-01-25T10:44:18.389+0000] {logging_mixin.py:190} INFO - [2025-01-25T10:44:18.389+0000] {dag.py:3239} INFO - Sync 1 DAGs
[2025-01-25T10:44:18.405+0000] {logging_mixin.py:190} INFO - [2025-01-25T10:44:18.405+0000] {dag.py:4180} INFO - Setting next_dagrun for save_to_minio to 2025-01-25 00:00:00+00:00, run_after=2025-01-26 00:00:00+00:00
[2025-01-25T10:44:18.419+0000] {processor.py:208} INFO - Processing /opt/airflow/dags/main_pipeline.py took 0.142 seconds
[2025-01-25T10:44:48.503+0000] {processor.py:186} INFO - Started process (PID=322) to work on /opt/airflow/dags/main_pipeline.py
[2025-01-25T10:44:48.504+0000] {processor.py:914} INFO - Processing file /opt/airflow/dags/main_pipeline.py for tasks to queue
[2025-01-25T10:44:48.505+0000] {logging_mixin.py:190} INFO - [2025-01-25T10:44:48.505+0000] {dagbag.py:588} INFO - Filling up the DagBag from /opt/airflow/dags/main_pipeline.py
[2025-01-25T10:44:48.587+0000] {processor.py:925} INFO - DAG(s) 'save_to_minio' retrieved from /opt/airflow/dags/main_pipeline.py
[2025-01-25T10:44:48.602+0000] {logging_mixin.py:190} INFO - [2025-01-25T10:44:48.602+0000] {dag.py:3239} INFO - Sync 1 DAGs
[2025-01-25T10:44:48.619+0000] {logging_mixin.py:190} INFO - [2025-01-25T10:44:48.619+0000] {dag.py:4180} INFO - Setting next_dagrun for save_to_minio to 2025-01-25 00:00:00+00:00, run_after=2025-01-26 00:00:00+00:00
[2025-01-25T10:44:48.630+0000] {processor.py:208} INFO - Processing /opt/airflow/dags/main_pipeline.py took 0.131 seconds
[2025-01-25T10:45:18.751+0000] {processor.py:186} INFO - Started process (PID=333) to work on /opt/airflow/dags/main_pipeline.py
[2025-01-25T10:45:18.751+0000] {processor.py:914} INFO - Processing file /opt/airflow/dags/main_pipeline.py for tasks to queue
[2025-01-25T10:45:18.753+0000] {logging_mixin.py:190} INFO - [2025-01-25T10:45:18.753+0000] {dagbag.py:588} INFO - Filling up the DagBag from /opt/airflow/dags/main_pipeline.py
[2025-01-25T10:45:18.861+0000] {processor.py:925} INFO - DAG(s) 'save_to_minio' retrieved from /opt/airflow/dags/main_pipeline.py
[2025-01-25T10:45:18.880+0000] {logging_mixin.py:190} INFO - [2025-01-25T10:45:18.880+0000] {dag.py:3239} INFO - Sync 1 DAGs
[2025-01-25T10:45:18.904+0000] {logging_mixin.py:190} INFO - [2025-01-25T10:45:18.904+0000] {dag.py:4180} INFO - Setting next_dagrun for save_to_minio to 2025-01-25 00:00:00+00:00, run_after=2025-01-26 00:00:00+00:00
[2025-01-25T10:45:18.917+0000] {processor.py:208} INFO - Processing /opt/airflow/dags/main_pipeline.py took 0.172 seconds
[2025-01-25T10:45:49.086+0000] {processor.py:186} INFO - Started process (PID=344) to work on /opt/airflow/dags/main_pipeline.py
[2025-01-25T10:45:49.087+0000] {processor.py:914} INFO - Processing file /opt/airflow/dags/main_pipeline.py for tasks to queue
[2025-01-25T10:45:49.088+0000] {logging_mixin.py:190} INFO - [2025-01-25T10:45:49.088+0000] {dagbag.py:588} INFO - Filling up the DagBag from /opt/airflow/dags/main_pipeline.py
[2025-01-25T10:45:49.174+0000] {processor.py:925} INFO - DAG(s) 'save_to_minio' retrieved from /opt/airflow/dags/main_pipeline.py
[2025-01-25T10:45:49.192+0000] {logging_mixin.py:190} INFO - [2025-01-25T10:45:49.192+0000] {dag.py:3239} INFO - Sync 1 DAGs
[2025-01-25T10:45:49.210+0000] {logging_mixin.py:190} INFO - [2025-01-25T10:45:49.210+0000] {dag.py:4180} INFO - Setting next_dagrun for save_to_minio to 2025-01-25 00:00:00+00:00, run_after=2025-01-26 00:00:00+00:00
[2025-01-25T10:45:49.229+0000] {processor.py:208} INFO - Processing /opt/airflow/dags/main_pipeline.py took 0.149 seconds
[2025-01-25T10:46:00.156+0000] {processor.py:186} INFO - Started process (PID=355) to work on /opt/airflow/dags/main_pipeline.py
[2025-01-25T10:46:00.156+0000] {processor.py:914} INFO - Processing file /opt/airflow/dags/main_pipeline.py for tasks to queue
[2025-01-25T10:46:00.158+0000] {logging_mixin.py:190} INFO - [2025-01-25T10:46:00.158+0000] {dagbag.py:588} INFO - Filling up the DagBag from /opt/airflow/dags/main_pipeline.py
[2025-01-25T10:46:00.247+0000] {processor.py:925} INFO - DAG(s) 'save_to_minio' retrieved from /opt/airflow/dags/main_pipeline.py
[2025-01-25T10:46:00.263+0000] {logging_mixin.py:190} INFO - [2025-01-25T10:46:00.263+0000] {dag.py:3239} INFO - Sync 1 DAGs
[2025-01-25T10:46:00.279+0000] {logging_mixin.py:190} INFO - [2025-01-25T10:46:00.279+0000] {dag.py:4180} INFO - Setting next_dagrun for save_to_minio to 2025-01-25 00:00:00+00:00, run_after=2025-01-26 00:00:00+00:00
[2025-01-25T10:46:00.300+0000] {processor.py:208} INFO - Processing /opt/airflow/dags/main_pipeline.py took 0.148 seconds
[2025-01-25T10:46:59.250+0000] {processor.py:186} INFO - Started process (PID=184) to work on /opt/airflow/dags/main_pipeline.py
[2025-01-25T10:46:59.252+0000] {processor.py:914} INFO - Processing file /opt/airflow/dags/main_pipeline.py for tasks to queue
[2025-01-25T10:46:59.255+0000] {logging_mixin.py:190} INFO - [2025-01-25T10:46:59.255+0000] {dagbag.py:588} INFO - Filling up the DagBag from /opt/airflow/dags/main_pipeline.py
[2025-01-25T10:46:59.364+0000] {processor.py:925} INFO - DAG(s) 'save_to_minio' retrieved from /opt/airflow/dags/main_pipeline.py
[2025-01-25T10:46:59.391+0000] {logging_mixin.py:190} INFO - [2025-01-25T10:46:59.391+0000] {dag.py:3239} INFO - Sync 1 DAGs
[2025-01-25T10:46:59.412+0000] {logging_mixin.py:190} INFO - [2025-01-25T10:46:59.412+0000] {dag.py:4180} INFO - Setting next_dagrun for save_to_minio to 2025-01-25 00:00:00+00:00, run_after=2025-01-26 00:00:00+00:00
[2025-01-25T10:46:59.426+0000] {processor.py:208} INFO - Processing /opt/airflow/dags/main_pipeline.py took 0.183 seconds
[2025-01-25T10:47:24.417+0000] {processor.py:186} INFO - Started process (PID=208) to work on /opt/airflow/dags/main_pipeline.py
[2025-01-25T10:47:24.418+0000] {processor.py:914} INFO - Processing file /opt/airflow/dags/main_pipeline.py for tasks to queue
[2025-01-25T10:47:24.420+0000] {logging_mixin.py:190} INFO - [2025-01-25T10:47:24.420+0000] {dagbag.py:588} INFO - Filling up the DagBag from /opt/airflow/dags/main_pipeline.py
[2025-01-25T10:47:24.524+0000] {processor.py:925} INFO - DAG(s) 'save_to_minio' retrieved from /opt/airflow/dags/main_pipeline.py
[2025-01-25T10:47:24.546+0000] {logging_mixin.py:190} INFO - [2025-01-25T10:47:24.546+0000] {dag.py:3239} INFO - Sync 1 DAGs
[2025-01-25T10:47:24.567+0000] {logging_mixin.py:190} INFO - [2025-01-25T10:47:24.567+0000] {dag.py:4180} INFO - Setting next_dagrun for save_to_minio to 2025-01-25 00:00:00+00:00, run_after=2025-01-26 00:00:00+00:00
[2025-01-25T10:47:24.583+0000] {processor.py:208} INFO - Processing /opt/airflow/dags/main_pipeline.py took 0.170 seconds
[2025-01-25T10:47:54.736+0000] {processor.py:186} INFO - Started process (PID=235) to work on /opt/airflow/dags/main_pipeline.py
[2025-01-25T10:47:54.737+0000] {processor.py:914} INFO - Processing file /opt/airflow/dags/main_pipeline.py for tasks to queue
[2025-01-25T10:47:54.739+0000] {logging_mixin.py:190} INFO - [2025-01-25T10:47:54.739+0000] {dagbag.py:588} INFO - Filling up the DagBag from /opt/airflow/dags/main_pipeline.py
[2025-01-25T10:47:54.824+0000] {processor.py:925} INFO - DAG(s) 'save_to_minio' retrieved from /opt/airflow/dags/main_pipeline.py
[2025-01-25T10:47:54.840+0000] {logging_mixin.py:190} INFO - [2025-01-25T10:47:54.840+0000] {dag.py:3239} INFO - Sync 1 DAGs
[2025-01-25T10:47:54.857+0000] {logging_mixin.py:190} INFO - [2025-01-25T10:47:54.857+0000] {dag.py:4180} INFO - Setting next_dagrun for save_to_minio to 2025-01-25 00:00:00+00:00, run_after=2025-01-26 00:00:00+00:00
[2025-01-25T10:47:54.875+0000] {processor.py:208} INFO - Processing /opt/airflow/dags/main_pipeline.py took 0.144 seconds
[2025-01-25T10:48:24.926+0000] {processor.py:186} INFO - Started process (PID=258) to work on /opt/airflow/dags/main_pipeline.py
[2025-01-25T10:48:24.927+0000] {processor.py:914} INFO - Processing file /opt/airflow/dags/main_pipeline.py for tasks to queue
[2025-01-25T10:48:24.929+0000] {logging_mixin.py:190} INFO - [2025-01-25T10:48:24.929+0000] {dagbag.py:588} INFO - Filling up the DagBag from /opt/airflow/dags/main_pipeline.py
[2025-01-25T10:48:25.031+0000] {processor.py:925} INFO - DAG(s) 'save_to_minio' retrieved from /opt/airflow/dags/main_pipeline.py
[2025-01-25T10:48:25.052+0000] {logging_mixin.py:190} INFO - [2025-01-25T10:48:25.051+0000] {dag.py:3239} INFO - Sync 1 DAGs
[2025-01-25T10:48:25.073+0000] {logging_mixin.py:190} INFO - [2025-01-25T10:48:25.073+0000] {dag.py:4180} INFO - Setting next_dagrun for save_to_minio to 2025-01-25 00:00:00+00:00, run_after=2025-01-26 00:00:00+00:00
[2025-01-25T10:48:25.100+0000] {processor.py:208} INFO - Processing /opt/airflow/dags/main_pipeline.py took 0.178 seconds
[2025-01-25T10:48:41.153+0000] {processor.py:186} INFO - Started process (PID=269) to work on /opt/airflow/dags/main_pipeline.py
[2025-01-25T10:48:41.154+0000] {processor.py:914} INFO - Processing file /opt/airflow/dags/main_pipeline.py for tasks to queue
[2025-01-25T10:48:41.156+0000] {logging_mixin.py:190} INFO - [2025-01-25T10:48:41.156+0000] {dagbag.py:588} INFO - Filling up the DagBag from /opt/airflow/dags/main_pipeline.py
[2025-01-25T10:48:41.266+0000] {processor.py:925} INFO - DAG(s) 'save_to_minio' retrieved from /opt/airflow/dags/main_pipeline.py
[2025-01-25T10:48:41.285+0000] {logging_mixin.py:190} INFO - [2025-01-25T10:48:41.284+0000] {dag.py:3239} INFO - Sync 1 DAGs
[2025-01-25T10:48:41.307+0000] {logging_mixin.py:190} INFO - [2025-01-25T10:48:41.306+0000] {dag.py:4180} INFO - Setting next_dagrun for save_to_minio to 2025-01-25 00:00:00+00:00, run_after=2025-01-26 00:00:00+00:00
[2025-01-25T10:48:41.335+0000] {processor.py:208} INFO - Processing /opt/airflow/dags/main_pipeline.py took 0.187 seconds
[2025-01-25T10:48:50.311+0000] {processor.py:186} INFO - Started process (PID=279) to work on /opt/airflow/dags/main_pipeline.py
[2025-01-25T10:48:50.312+0000] {processor.py:914} INFO - Processing file /opt/airflow/dags/main_pipeline.py for tasks to queue
[2025-01-25T10:48:50.314+0000] {logging_mixin.py:190} INFO - [2025-01-25T10:48:50.314+0000] {dagbag.py:588} INFO - Filling up the DagBag from /opt/airflow/dags/main_pipeline.py
[2025-01-25T10:48:50.415+0000] {processor.py:925} INFO - DAG(s) 'save_to_minio' retrieved from /opt/airflow/dags/main_pipeline.py
[2025-01-25T10:48:50.434+0000] {logging_mixin.py:190} INFO - [2025-01-25T10:48:50.434+0000] {dag.py:3239} INFO - Sync 1 DAGs
[2025-01-25T10:48:50.453+0000] {logging_mixin.py:190} INFO - [2025-01-25T10:48:50.453+0000] {dag.py:4180} INFO - Setting next_dagrun for save_to_minio to 2025-01-25 00:00:00+00:00, run_after=2025-01-26 00:00:00+00:00
[2025-01-25T10:48:50.472+0000] {processor.py:208} INFO - Processing /opt/airflow/dags/main_pipeline.py took 0.166 seconds
[2025-01-25T10:48:56.659+0000] {processor.py:186} INFO - Started process (PID=299) to work on /opt/airflow/dags/main_pipeline.py
[2025-01-25T10:48:56.663+0000] {processor.py:914} INFO - Processing file /opt/airflow/dags/main_pipeline.py for tasks to queue
[2025-01-25T10:48:56.670+0000] {logging_mixin.py:190} INFO - [2025-01-25T10:48:56.668+0000] {dagbag.py:588} INFO - Filling up the DagBag from /opt/airflow/dags/main_pipeline.py
[2025-01-25T10:48:56.803+0000] {processor.py:925} INFO - DAG(s) 'save_to_minio' retrieved from /opt/airflow/dags/main_pipeline.py
[2025-01-25T10:48:56.821+0000] {logging_mixin.py:190} INFO - [2025-01-25T10:48:56.820+0000] {dag.py:3239} INFO - Sync 1 DAGs
[2025-01-25T10:48:56.840+0000] {logging_mixin.py:190} INFO - [2025-01-25T10:48:56.840+0000] {dag.py:4180} INFO - Setting next_dagrun for save_to_minio to 2025-01-25 00:00:00+00:00, run_after=2025-01-26 00:00:00+00:00
[2025-01-25T10:48:56.855+0000] {processor.py:208} INFO - Processing /opt/airflow/dags/main_pipeline.py took 0.204 seconds
[2025-01-25T10:49:27.027+0000] {processor.py:186} INFO - Started process (PID=343) to work on /opt/airflow/dags/main_pipeline.py
[2025-01-25T10:49:27.029+0000] {processor.py:914} INFO - Processing file /opt/airflow/dags/main_pipeline.py for tasks to queue
[2025-01-25T10:49:27.031+0000] {logging_mixin.py:190} INFO - [2025-01-25T10:49:27.031+0000] {dagbag.py:588} INFO - Filling up the DagBag from /opt/airflow/dags/main_pipeline.py
[2025-01-25T10:49:27.149+0000] {processor.py:925} INFO - DAG(s) 'save_to_minio' retrieved from /opt/airflow/dags/main_pipeline.py
[2025-01-25T10:49:27.168+0000] {logging_mixin.py:190} INFO - [2025-01-25T10:49:27.167+0000] {dag.py:3239} INFO - Sync 1 DAGs
[2025-01-25T10:49:27.186+0000] {logging_mixin.py:190} INFO - [2025-01-25T10:49:27.186+0000] {dag.py:4180} INFO - Setting next_dagrun for save_to_minio to 2025-01-25 00:00:00+00:00, run_after=2025-01-26 00:00:00+00:00
[2025-01-25T10:49:27.201+0000] {processor.py:208} INFO - Processing /opt/airflow/dags/main_pipeline.py took 0.179 seconds
[2025-01-25T10:49:57.284+0000] {processor.py:186} INFO - Started process (PID=376) to work on /opt/airflow/dags/main_pipeline.py
[2025-01-25T10:49:57.285+0000] {processor.py:914} INFO - Processing file /opt/airflow/dags/main_pipeline.py for tasks to queue
[2025-01-25T10:49:57.287+0000] {logging_mixin.py:190} INFO - [2025-01-25T10:49:57.286+0000] {dagbag.py:588} INFO - Filling up the DagBag from /opt/airflow/dags/main_pipeline.py
[2025-01-25T10:49:57.377+0000] {processor.py:925} INFO - DAG(s) 'save_to_minio' retrieved from /opt/airflow/dags/main_pipeline.py
[2025-01-25T10:49:57.393+0000] {logging_mixin.py:190} INFO - [2025-01-25T10:49:57.392+0000] {dag.py:3239} INFO - Sync 1 DAGs
[2025-01-25T10:49:57.410+0000] {logging_mixin.py:190} INFO - [2025-01-25T10:49:57.409+0000] {dag.py:4180} INFO - Setting next_dagrun for save_to_minio to 2025-01-25 00:00:00+00:00, run_after=2025-01-26 00:00:00+00:00
[2025-01-25T10:49:57.421+0000] {processor.py:208} INFO - Processing /opt/airflow/dags/main_pipeline.py took 0.143 seconds
[2025-01-25T10:50:27.569+0000] {processor.py:186} INFO - Started process (PID=387) to work on /opt/airflow/dags/main_pipeline.py
[2025-01-25T10:50:27.570+0000] {processor.py:914} INFO - Processing file /opt/airflow/dags/main_pipeline.py for tasks to queue
[2025-01-25T10:50:27.571+0000] {logging_mixin.py:190} INFO - [2025-01-25T10:50:27.571+0000] {dagbag.py:588} INFO - Filling up the DagBag from /opt/airflow/dags/main_pipeline.py
[2025-01-25T10:50:27.655+0000] {processor.py:925} INFO - DAG(s) 'save_to_minio' retrieved from /opt/airflow/dags/main_pipeline.py
[2025-01-25T10:50:27.671+0000] {logging_mixin.py:190} INFO - [2025-01-25T10:50:27.671+0000] {dag.py:3239} INFO - Sync 1 DAGs
[2025-01-25T10:50:27.690+0000] {logging_mixin.py:190} INFO - [2025-01-25T10:50:27.689+0000] {dag.py:4180} INFO - Setting next_dagrun for save_to_minio to 2025-01-25 00:00:00+00:00, run_after=2025-01-26 00:00:00+00:00
[2025-01-25T10:50:27.702+0000] {processor.py:208} INFO - Processing /opt/airflow/dags/main_pipeline.py took 0.137 seconds
[2025-01-25T10:50:57.737+0000] {processor.py:186} INFO - Started process (PID=398) to work on /opt/airflow/dags/main_pipeline.py
[2025-01-25T10:50:57.738+0000] {processor.py:914} INFO - Processing file /opt/airflow/dags/main_pipeline.py for tasks to queue
[2025-01-25T10:50:57.740+0000] {logging_mixin.py:190} INFO - [2025-01-25T10:50:57.740+0000] {dagbag.py:588} INFO - Filling up the DagBag from /opt/airflow/dags/main_pipeline.py
[2025-01-25T10:50:57.837+0000] {processor.py:925} INFO - DAG(s) 'save_to_minio' retrieved from /opt/airflow/dags/main_pipeline.py
[2025-01-25T10:50:57.864+0000] {logging_mixin.py:190} INFO - [2025-01-25T10:50:57.864+0000] {dag.py:3239} INFO - Sync 1 DAGs
[2025-01-25T10:50:57.884+0000] {logging_mixin.py:190} INFO - [2025-01-25T10:50:57.884+0000] {dag.py:4180} INFO - Setting next_dagrun for save_to_minio to 2025-01-25 00:00:00+00:00, run_after=2025-01-26 00:00:00+00:00
[2025-01-25T10:50:57.897+0000] {processor.py:208} INFO - Processing /opt/airflow/dags/main_pipeline.py took 0.165 seconds
[2025-01-25T10:51:28.063+0000] {processor.py:186} INFO - Started process (PID=409) to work on /opt/airflow/dags/main_pipeline.py
[2025-01-25T10:51:28.064+0000] {processor.py:914} INFO - Processing file /opt/airflow/dags/main_pipeline.py for tasks to queue
[2025-01-25T10:51:28.066+0000] {logging_mixin.py:190} INFO - [2025-01-25T10:51:28.066+0000] {dagbag.py:588} INFO - Filling up the DagBag from /opt/airflow/dags/main_pipeline.py
[2025-01-25T10:51:28.154+0000] {processor.py:925} INFO - DAG(s) 'save_to_minio' retrieved from /opt/airflow/dags/main_pipeline.py
[2025-01-25T10:51:28.170+0000] {logging_mixin.py:190} INFO - [2025-01-25T10:51:28.170+0000] {dag.py:3239} INFO - Sync 1 DAGs
[2025-01-25T10:51:28.186+0000] {logging_mixin.py:190} INFO - [2025-01-25T10:51:28.186+0000] {dag.py:4180} INFO - Setting next_dagrun for save_to_minio to 2025-01-25 00:00:00+00:00, run_after=2025-01-26 00:00:00+00:00
[2025-01-25T10:51:28.198+0000] {processor.py:208} INFO - Processing /opt/airflow/dags/main_pipeline.py took 0.140 seconds
[2025-01-25T10:51:58.251+0000] {processor.py:186} INFO - Started process (PID=420) to work on /opt/airflow/dags/main_pipeline.py
[2025-01-25T10:51:58.252+0000] {processor.py:914} INFO - Processing file /opt/airflow/dags/main_pipeline.py for tasks to queue
[2025-01-25T10:51:58.254+0000] {logging_mixin.py:190} INFO - [2025-01-25T10:51:58.254+0000] {dagbag.py:588} INFO - Filling up the DagBag from /opt/airflow/dags/main_pipeline.py
[2025-01-25T10:51:58.336+0000] {processor.py:925} INFO - DAG(s) 'save_to_minio' retrieved from /opt/airflow/dags/main_pipeline.py
[2025-01-25T10:51:58.351+0000] {logging_mixin.py:190} INFO - [2025-01-25T10:51:58.351+0000] {dag.py:3239} INFO - Sync 1 DAGs
[2025-01-25T10:51:58.366+0000] {logging_mixin.py:190} INFO - [2025-01-25T10:51:58.365+0000] {dag.py:4180} INFO - Setting next_dagrun for save_to_minio to 2025-01-25 00:00:00+00:00, run_after=2025-01-26 00:00:00+00:00
[2025-01-25T10:51:58.377+0000] {processor.py:208} INFO - Processing /opt/airflow/dags/main_pipeline.py took 0.129 seconds
[2025-01-25T10:52:28.578+0000] {processor.py:186} INFO - Started process (PID=431) to work on /opt/airflow/dags/main_pipeline.py
[2025-01-25T10:52:28.579+0000] {processor.py:914} INFO - Processing file /opt/airflow/dags/main_pipeline.py for tasks to queue
[2025-01-25T10:52:28.581+0000] {logging_mixin.py:190} INFO - [2025-01-25T10:52:28.581+0000] {dagbag.py:588} INFO - Filling up the DagBag from /opt/airflow/dags/main_pipeline.py
[2025-01-25T10:52:28.669+0000] {processor.py:925} INFO - DAG(s) 'save_to_minio' retrieved from /opt/airflow/dags/main_pipeline.py
[2025-01-25T10:52:28.685+0000] {logging_mixin.py:190} INFO - [2025-01-25T10:52:28.685+0000] {dag.py:3239} INFO - Sync 1 DAGs
[2025-01-25T10:52:28.701+0000] {logging_mixin.py:190} INFO - [2025-01-25T10:52:28.701+0000] {dag.py:4180} INFO - Setting next_dagrun for save_to_minio to 2025-01-25 00:00:00+00:00, run_after=2025-01-26 00:00:00+00:00
[2025-01-25T10:52:28.717+0000] {processor.py:208} INFO - Processing /opt/airflow/dags/main_pipeline.py took 0.144 seconds
[2025-01-25T10:52:58.765+0000] {processor.py:186} INFO - Started process (PID=442) to work on /opt/airflow/dags/main_pipeline.py
[2025-01-25T10:52:58.766+0000] {processor.py:914} INFO - Processing file /opt/airflow/dags/main_pipeline.py for tasks to queue
[2025-01-25T10:52:58.768+0000] {logging_mixin.py:190} INFO - [2025-01-25T10:52:58.768+0000] {dagbag.py:588} INFO - Filling up the DagBag from /opt/airflow/dags/main_pipeline.py
[2025-01-25T10:52:58.851+0000] {processor.py:925} INFO - DAG(s) 'save_to_minio' retrieved from /opt/airflow/dags/main_pipeline.py
[2025-01-25T10:52:58.868+0000] {logging_mixin.py:190} INFO - [2025-01-25T10:52:58.868+0000] {dag.py:3239} INFO - Sync 1 DAGs
[2025-01-25T10:52:58.884+0000] {logging_mixin.py:190} INFO - [2025-01-25T10:52:58.884+0000] {dag.py:4180} INFO - Setting next_dagrun for save_to_minio to 2025-01-25 00:00:00+00:00, run_after=2025-01-26 00:00:00+00:00
[2025-01-25T10:52:58.901+0000] {processor.py:208} INFO - Processing /opt/airflow/dags/main_pipeline.py took 0.140 seconds
[2025-01-25T10:53:29.063+0000] {processor.py:186} INFO - Started process (PID=453) to work on /opt/airflow/dags/main_pipeline.py
[2025-01-25T10:53:29.064+0000] {processor.py:914} INFO - Processing file /opt/airflow/dags/main_pipeline.py for tasks to queue
[2025-01-25T10:53:29.066+0000] {logging_mixin.py:190} INFO - [2025-01-25T10:53:29.066+0000] {dagbag.py:588} INFO - Filling up the DagBag from /opt/airflow/dags/main_pipeline.py
[2025-01-25T10:53:29.162+0000] {processor.py:925} INFO - DAG(s) 'save_to_minio' retrieved from /opt/airflow/dags/main_pipeline.py
[2025-01-25T10:53:29.181+0000] {logging_mixin.py:190} INFO - [2025-01-25T10:53:29.181+0000] {dag.py:3239} INFO - Sync 1 DAGs
[2025-01-25T10:53:29.198+0000] {logging_mixin.py:190} INFO - [2025-01-25T10:53:29.198+0000] {dag.py:4180} INFO - Setting next_dagrun for save_to_minio to 2025-01-25 00:00:00+00:00, run_after=2025-01-26 00:00:00+00:00
[2025-01-25T10:53:29.218+0000] {processor.py:208} INFO - Processing /opt/airflow/dags/main_pipeline.py took 0.161 seconds
[2025-01-25T10:53:59.396+0000] {processor.py:186} INFO - Started process (PID=464) to work on /opt/airflow/dags/main_pipeline.py
[2025-01-25T10:53:59.397+0000] {processor.py:914} INFO - Processing file /opt/airflow/dags/main_pipeline.py for tasks to queue
[2025-01-25T10:53:59.398+0000] {logging_mixin.py:190} INFO - [2025-01-25T10:53:59.398+0000] {dagbag.py:588} INFO - Filling up the DagBag from /opt/airflow/dags/main_pipeline.py
[2025-01-25T10:53:59.491+0000] {processor.py:925} INFO - DAG(s) 'save_to_minio' retrieved from /opt/airflow/dags/main_pipeline.py
[2025-01-25T10:53:59.509+0000] {logging_mixin.py:190} INFO - [2025-01-25T10:53:59.508+0000] {dag.py:3239} INFO - Sync 1 DAGs
[2025-01-25T10:53:59.525+0000] {logging_mixin.py:190} INFO - [2025-01-25T10:53:59.525+0000] {dag.py:4180} INFO - Setting next_dagrun for save_to_minio to 2025-01-25 00:00:00+00:00, run_after=2025-01-26 00:00:00+00:00
[2025-01-25T10:53:59.546+0000] {processor.py:208} INFO - Processing /opt/airflow/dags/main_pipeline.py took 0.155 seconds
[2025-01-25T10:54:29.719+0000] {processor.py:186} INFO - Started process (PID=475) to work on /opt/airflow/dags/main_pipeline.py
[2025-01-25T10:54:29.719+0000] {processor.py:914} INFO - Processing file /opt/airflow/dags/main_pipeline.py for tasks to queue
[2025-01-25T10:54:29.721+0000] {logging_mixin.py:190} INFO - [2025-01-25T10:54:29.721+0000] {dagbag.py:588} INFO - Filling up the DagBag from /opt/airflow/dags/main_pipeline.py
[2025-01-25T10:54:29.811+0000] {processor.py:925} INFO - DAG(s) 'save_to_minio' retrieved from /opt/airflow/dags/main_pipeline.py
[2025-01-25T10:54:29.828+0000] {logging_mixin.py:190} INFO - [2025-01-25T10:54:29.828+0000] {dag.py:3239} INFO - Sync 1 DAGs
[2025-01-25T10:54:29.846+0000] {logging_mixin.py:190} INFO - [2025-01-25T10:54:29.845+0000] {dag.py:4180} INFO - Setting next_dagrun for save_to_minio to 2025-01-25 00:00:00+00:00, run_after=2025-01-26 00:00:00+00:00
[2025-01-25T10:54:29.859+0000] {processor.py:208} INFO - Processing /opt/airflow/dags/main_pipeline.py took 0.144 seconds
[2025-01-25T10:55:00.033+0000] {processor.py:186} INFO - Started process (PID=486) to work on /opt/airflow/dags/main_pipeline.py
[2025-01-25T10:55:00.034+0000] {processor.py:914} INFO - Processing file /opt/airflow/dags/main_pipeline.py for tasks to queue
[2025-01-25T10:55:00.036+0000] {logging_mixin.py:190} INFO - [2025-01-25T10:55:00.036+0000] {dagbag.py:588} INFO - Filling up the DagBag from /opt/airflow/dags/main_pipeline.py
[2025-01-25T10:55:00.136+0000] {processor.py:925} INFO - DAG(s) 'save_to_minio' retrieved from /opt/airflow/dags/main_pipeline.py
[2025-01-25T10:55:00.156+0000] {logging_mixin.py:190} INFO - [2025-01-25T10:55:00.156+0000] {dag.py:3239} INFO - Sync 1 DAGs
[2025-01-25T10:55:00.175+0000] {logging_mixin.py:190} INFO - [2025-01-25T10:55:00.175+0000] {dag.py:4180} INFO - Setting next_dagrun for save_to_minio to 2025-01-25 00:00:00+00:00, run_after=2025-01-26 00:00:00+00:00
[2025-01-25T10:55:00.191+0000] {processor.py:208} INFO - Processing /opt/airflow/dags/main_pipeline.py took 0.163 seconds
[2025-01-25T10:55:30.362+0000] {processor.py:186} INFO - Started process (PID=497) to work on /opt/airflow/dags/main_pipeline.py
[2025-01-25T10:55:30.363+0000] {processor.py:914} INFO - Processing file /opt/airflow/dags/main_pipeline.py for tasks to queue
[2025-01-25T10:55:30.364+0000] {logging_mixin.py:190} INFO - [2025-01-25T10:55:30.364+0000] {dagbag.py:588} INFO - Filling up the DagBag from /opt/airflow/dags/main_pipeline.py
[2025-01-25T10:55:30.449+0000] {processor.py:925} INFO - DAG(s) 'save_to_minio' retrieved from /opt/airflow/dags/main_pipeline.py
[2025-01-25T10:55:30.465+0000] {logging_mixin.py:190} INFO - [2025-01-25T10:55:30.465+0000] {dag.py:3239} INFO - Sync 1 DAGs
[2025-01-25T10:55:30.481+0000] {logging_mixin.py:190} INFO - [2025-01-25T10:55:30.481+0000] {dag.py:4180} INFO - Setting next_dagrun for save_to_minio to 2025-01-25 00:00:00+00:00, run_after=2025-01-26 00:00:00+00:00
[2025-01-25T10:55:30.493+0000] {processor.py:208} INFO - Processing /opt/airflow/dags/main_pipeline.py took 0.135 seconds
[2025-01-25T10:56:00.528+0000] {processor.py:186} INFO - Started process (PID=508) to work on /opt/airflow/dags/main_pipeline.py
[2025-01-25T10:56:00.528+0000] {processor.py:914} INFO - Processing file /opt/airflow/dags/main_pipeline.py for tasks to queue
[2025-01-25T10:56:00.530+0000] {logging_mixin.py:190} INFO - [2025-01-25T10:56:00.530+0000] {dagbag.py:588} INFO - Filling up the DagBag from /opt/airflow/dags/main_pipeline.py
[2025-01-25T10:56:00.617+0000] {processor.py:925} INFO - DAG(s) 'save_to_minio' retrieved from /opt/airflow/dags/main_pipeline.py
[2025-01-25T10:56:00.632+0000] {logging_mixin.py:190} INFO - [2025-01-25T10:56:00.632+0000] {dag.py:3239} INFO - Sync 1 DAGs
[2025-01-25T10:56:00.648+0000] {logging_mixin.py:190} INFO - [2025-01-25T10:56:00.648+0000] {dag.py:4180} INFO - Setting next_dagrun for save_to_minio to 2025-01-25 00:00:00+00:00, run_after=2025-01-26 00:00:00+00:00
[2025-01-25T10:56:00.661+0000] {processor.py:208} INFO - Processing /opt/airflow/dags/main_pipeline.py took 0.137 seconds
[2025-01-25T10:56:30.815+0000] {processor.py:186} INFO - Started process (PID=519) to work on /opt/airflow/dags/main_pipeline.py
[2025-01-25T10:56:30.816+0000] {processor.py:914} INFO - Processing file /opt/airflow/dags/main_pipeline.py for tasks to queue
[2025-01-25T10:56:30.817+0000] {logging_mixin.py:190} INFO - [2025-01-25T10:56:30.817+0000] {dagbag.py:588} INFO - Filling up the DagBag from /opt/airflow/dags/main_pipeline.py
[2025-01-25T10:56:30.899+0000] {processor.py:925} INFO - DAG(s) 'save_to_minio' retrieved from /opt/airflow/dags/main_pipeline.py
[2025-01-25T10:56:30.914+0000] {logging_mixin.py:190} INFO - [2025-01-25T10:56:30.914+0000] {dag.py:3239} INFO - Sync 1 DAGs
[2025-01-25T10:56:30.930+0000] {logging_mixin.py:190} INFO - [2025-01-25T10:56:30.929+0000] {dag.py:4180} INFO - Setting next_dagrun for save_to_minio to 2025-01-25 00:00:00+00:00, run_after=2025-01-26 00:00:00+00:00
[2025-01-25T10:56:30.941+0000] {processor.py:208} INFO - Processing /opt/airflow/dags/main_pipeline.py took 0.130 seconds
[2025-01-25T10:57:01.020+0000] {processor.py:186} INFO - Started process (PID=530) to work on /opt/airflow/dags/main_pipeline.py
[2025-01-25T10:57:01.020+0000] {processor.py:914} INFO - Processing file /opt/airflow/dags/main_pipeline.py for tasks to queue
[2025-01-25T10:57:01.022+0000] {logging_mixin.py:190} INFO - [2025-01-25T10:57:01.022+0000] {dagbag.py:588} INFO - Filling up the DagBag from /opt/airflow/dags/main_pipeline.py
[2025-01-25T10:57:01.117+0000] {processor.py:925} INFO - DAG(s) 'save_to_minio' retrieved from /opt/airflow/dags/main_pipeline.py
[2025-01-25T10:57:01.134+0000] {logging_mixin.py:190} INFO - [2025-01-25T10:57:01.134+0000] {dag.py:3239} INFO - Sync 1 DAGs
[2025-01-25T10:57:01.150+0000] {logging_mixin.py:190} INFO - [2025-01-25T10:57:01.150+0000] {dag.py:4180} INFO - Setting next_dagrun for save_to_minio to 2025-01-25 00:00:00+00:00, run_after=2025-01-26 00:00:00+00:00
[2025-01-25T10:57:01.162+0000] {processor.py:208} INFO - Processing /opt/airflow/dags/main_pipeline.py took 0.148 seconds
[2025-01-25T10:57:31.277+0000] {processor.py:186} INFO - Started process (PID=541) to work on /opt/airflow/dags/main_pipeline.py
[2025-01-25T10:57:31.278+0000] {processor.py:914} INFO - Processing file /opt/airflow/dags/main_pipeline.py for tasks to queue
[2025-01-25T10:57:31.280+0000] {logging_mixin.py:190} INFO - [2025-01-25T10:57:31.279+0000] {dagbag.py:588} INFO - Filling up the DagBag from /opt/airflow/dags/main_pipeline.py
[2025-01-25T10:57:31.366+0000] {processor.py:925} INFO - DAG(s) 'save_to_minio' retrieved from /opt/airflow/dags/main_pipeline.py
[2025-01-25T10:57:31.381+0000] {logging_mixin.py:190} INFO - [2025-01-25T10:57:31.381+0000] {dag.py:3239} INFO - Sync 1 DAGs
[2025-01-25T10:57:31.397+0000] {logging_mixin.py:190} INFO - [2025-01-25T10:57:31.396+0000] {dag.py:4180} INFO - Setting next_dagrun for save_to_minio to 2025-01-25 00:00:00+00:00, run_after=2025-01-26 00:00:00+00:00
[2025-01-25T10:57:31.407+0000] {processor.py:208} INFO - Processing /opt/airflow/dags/main_pipeline.py took 0.134 seconds
[2025-01-25T10:58:01.489+0000] {processor.py:186} INFO - Started process (PID=552) to work on /opt/airflow/dags/main_pipeline.py
[2025-01-25T10:58:01.489+0000] {processor.py:914} INFO - Processing file /opt/airflow/dags/main_pipeline.py for tasks to queue
[2025-01-25T10:58:01.491+0000] {logging_mixin.py:190} INFO - [2025-01-25T10:58:01.491+0000] {dagbag.py:588} INFO - Filling up the DagBag from /opt/airflow/dags/main_pipeline.py
[2025-01-25T10:58:01.573+0000] {processor.py:925} INFO - DAG(s) 'save_to_minio' retrieved from /opt/airflow/dags/main_pipeline.py
[2025-01-25T10:58:01.588+0000] {logging_mixin.py:190} INFO - [2025-01-25T10:58:01.588+0000] {dag.py:3239} INFO - Sync 1 DAGs
[2025-01-25T10:58:01.603+0000] {logging_mixin.py:190} INFO - [2025-01-25T10:58:01.603+0000] {dag.py:4180} INFO - Setting next_dagrun for save_to_minio to 2025-01-25 00:00:00+00:00, run_after=2025-01-26 00:00:00+00:00
[2025-01-25T10:58:01.616+0000] {processor.py:208} INFO - Processing /opt/airflow/dags/main_pipeline.py took 0.131 seconds
[2025-01-25T10:58:31.737+0000] {processor.py:186} INFO - Started process (PID=563) to work on /opt/airflow/dags/main_pipeline.py
[2025-01-25T10:58:31.738+0000] {processor.py:914} INFO - Processing file /opt/airflow/dags/main_pipeline.py for tasks to queue
[2025-01-25T10:58:31.740+0000] {logging_mixin.py:190} INFO - [2025-01-25T10:58:31.740+0000] {dagbag.py:588} INFO - Filling up the DagBag from /opt/airflow/dags/main_pipeline.py
[2025-01-25T10:58:31.830+0000] {processor.py:925} INFO - DAG(s) 'save_to_minio' retrieved from /opt/airflow/dags/main_pipeline.py
[2025-01-25T10:58:31.845+0000] {logging_mixin.py:190} INFO - [2025-01-25T10:58:31.845+0000] {dag.py:3239} INFO - Sync 1 DAGs
[2025-01-25T10:58:31.861+0000] {logging_mixin.py:190} INFO - [2025-01-25T10:58:31.861+0000] {dag.py:4180} INFO - Setting next_dagrun for save_to_minio to 2025-01-25 00:00:00+00:00, run_after=2025-01-26 00:00:00+00:00
[2025-01-25T10:58:31.873+0000] {processor.py:208} INFO - Processing /opt/airflow/dags/main_pipeline.py took 0.139 seconds
[2025-01-25T10:58:50.899+0000] {processor.py:186} INFO - Started process (PID=574) to work on /opt/airflow/dags/main_pipeline.py
[2025-01-25T10:58:50.901+0000] {processor.py:914} INFO - Processing file /opt/airflow/dags/main_pipeline.py for tasks to queue
[2025-01-25T10:58:50.903+0000] {logging_mixin.py:190} INFO - [2025-01-25T10:58:50.903+0000] {dagbag.py:588} INFO - Filling up the DagBag from /opt/airflow/dags/main_pipeline.py
[2025-01-25T10:58:51.020+0000] {processor.py:925} INFO - DAG(s) 'save_to_minio' retrieved from /opt/airflow/dags/main_pipeline.py
[2025-01-25T10:58:51.039+0000] {logging_mixin.py:190} INFO - [2025-01-25T10:58:51.039+0000] {dag.py:3239} INFO - Sync 1 DAGs
[2025-01-25T10:58:51.072+0000] {logging_mixin.py:190} INFO - [2025-01-25T10:58:51.072+0000] {dag.py:4180} INFO - Setting next_dagrun for save_to_minio to 2025-01-25 00:00:00+00:00, run_after=2025-01-26 00:00:00+00:00
[2025-01-25T10:58:51.096+0000] {processor.py:208} INFO - Processing /opt/airflow/dags/main_pipeline.py took 0.203 seconds
[2025-01-25T10:59:00.049+0000] {processor.py:186} INFO - Started process (PID=582) to work on /opt/airflow/dags/main_pipeline.py
[2025-01-25T10:59:00.050+0000] {processor.py:914} INFO - Processing file /opt/airflow/dags/main_pipeline.py for tasks to queue
[2025-01-25T10:59:00.053+0000] {logging_mixin.py:190} INFO - [2025-01-25T10:59:00.052+0000] {dagbag.py:588} INFO - Filling up the DagBag from /opt/airflow/dags/main_pipeline.py
[2025-01-25T10:59:00.144+0000] {processor.py:925} INFO - DAG(s) 'save_to_minio' retrieved from /opt/airflow/dags/main_pipeline.py
[2025-01-25T10:59:00.161+0000] {logging_mixin.py:190} INFO - [2025-01-25T10:59:00.161+0000] {dag.py:3239} INFO - Sync 1 DAGs
[2025-01-25T10:59:00.178+0000] {logging_mixin.py:190} INFO - [2025-01-25T10:59:00.178+0000] {dag.py:4180} INFO - Setting next_dagrun for save_to_minio to 2025-01-25 00:00:00+00:00, run_after=2025-01-26 00:00:00+00:00
[2025-01-25T10:59:00.191+0000] {processor.py:208} INFO - Processing /opt/airflow/dags/main_pipeline.py took 0.146 seconds
[2025-01-25T10:59:30.385+0000] {processor.py:186} INFO - Started process (PID=632) to work on /opt/airflow/dags/main_pipeline.py
[2025-01-25T10:59:30.386+0000] {processor.py:914} INFO - Processing file /opt/airflow/dags/main_pipeline.py for tasks to queue
[2025-01-25T10:59:30.387+0000] {logging_mixin.py:190} INFO - [2025-01-25T10:59:30.387+0000] {dagbag.py:588} INFO - Filling up the DagBag from /opt/airflow/dags/main_pipeline.py
[2025-01-25T10:59:30.469+0000] {processor.py:925} INFO - DAG(s) 'save_to_minio' retrieved from /opt/airflow/dags/main_pipeline.py
[2025-01-25T10:59:30.484+0000] {logging_mixin.py:190} INFO - [2025-01-25T10:59:30.484+0000] {dag.py:3239} INFO - Sync 1 DAGs
[2025-01-25T10:59:30.500+0000] {logging_mixin.py:190} INFO - [2025-01-25T10:59:30.499+0000] {dag.py:4180} INFO - Setting next_dagrun for save_to_minio to 2025-01-25 00:00:00+00:00, run_after=2025-01-26 00:00:00+00:00
[2025-01-25T10:59:30.511+0000] {processor.py:208} INFO - Processing /opt/airflow/dags/main_pipeline.py took 0.130 seconds
[2025-01-25T10:59:49.535+0000] {processor.py:186} INFO - Started process (PID=665) to work on /opt/airflow/dags/main_pipeline.py
[2025-01-25T10:59:49.537+0000] {processor.py:914} INFO - Processing file /opt/airflow/dags/main_pipeline.py for tasks to queue
[2025-01-25T10:59:49.539+0000] {logging_mixin.py:190} INFO - [2025-01-25T10:59:49.538+0000] {dagbag.py:588} INFO - Filling up the DagBag from /opt/airflow/dags/main_pipeline.py
[2025-01-25T10:59:49.679+0000] {processor.py:925} INFO - DAG(s) 'save_to_minio' retrieved from /opt/airflow/dags/main_pipeline.py
[2025-01-25T10:59:49.699+0000] {logging_mixin.py:190} INFO - [2025-01-25T10:59:49.699+0000] {dag.py:3239} INFO - Sync 1 DAGs
[2025-01-25T10:59:49.719+0000] {logging_mixin.py:190} INFO - [2025-01-25T10:59:49.718+0000] {dag.py:4180} INFO - Setting next_dagrun for save_to_minio to 2025-01-25 00:00:00+00:00, run_after=2025-01-26 00:00:00+00:00
[2025-01-25T10:59:49.739+0000] {processor.py:208} INFO - Processing /opt/airflow/dags/main_pipeline.py took 0.208 seconds
[2025-01-25T11:00:19.866+0000] {processor.py:186} INFO - Started process (PID=687) to work on /opt/airflow/dags/main_pipeline.py
[2025-01-25T11:00:19.867+0000] {processor.py:914} INFO - Processing file /opt/airflow/dags/main_pipeline.py for tasks to queue
[2025-01-25T11:00:19.869+0000] {logging_mixin.py:190} INFO - [2025-01-25T11:00:19.868+0000] {dagbag.py:588} INFO - Filling up the DagBag from /opt/airflow/dags/main_pipeline.py
[2025-01-25T11:00:19.952+0000] {processor.py:925} INFO - DAG(s) 'save_to_minio' retrieved from /opt/airflow/dags/main_pipeline.py
[2025-01-25T11:00:19.967+0000] {logging_mixin.py:190} INFO - [2025-01-25T11:00:19.966+0000] {dag.py:3239} INFO - Sync 1 DAGs
[2025-01-25T11:00:19.982+0000] {logging_mixin.py:190} INFO - [2025-01-25T11:00:19.982+0000] {dag.py:4180} INFO - Setting next_dagrun for save_to_minio to 2025-01-25 00:00:00+00:00, run_after=2025-01-26 00:00:00+00:00
[2025-01-25T11:00:19.993+0000] {processor.py:208} INFO - Processing /opt/airflow/dags/main_pipeline.py took 0.131 seconds
[2025-01-25T11:00:50.076+0000] {processor.py:186} INFO - Started process (PID=698) to work on /opt/airflow/dags/main_pipeline.py
[2025-01-25T11:00:50.076+0000] {processor.py:914} INFO - Processing file /opt/airflow/dags/main_pipeline.py for tasks to queue
[2025-01-25T11:00:50.078+0000] {logging_mixin.py:190} INFO - [2025-01-25T11:00:50.078+0000] {dagbag.py:588} INFO - Filling up the DagBag from /opt/airflow/dags/main_pipeline.py
[2025-01-25T11:00:50.161+0000] {processor.py:925} INFO - DAG(s) 'save_to_minio' retrieved from /opt/airflow/dags/main_pipeline.py
[2025-01-25T11:00:50.176+0000] {logging_mixin.py:190} INFO - [2025-01-25T11:00:50.176+0000] {dag.py:3239} INFO - Sync 1 DAGs
[2025-01-25T11:00:50.192+0000] {logging_mixin.py:190} INFO - [2025-01-25T11:00:50.191+0000] {dag.py:4180} INFO - Setting next_dagrun for save_to_minio to 2025-01-25 00:00:00+00:00, run_after=2025-01-26 00:00:00+00:00
[2025-01-25T11:00:50.203+0000] {processor.py:208} INFO - Processing /opt/airflow/dags/main_pipeline.py took 0.131 seconds
[2025-01-25T11:01:20.328+0000] {processor.py:186} INFO - Started process (PID=709) to work on /opt/airflow/dags/main_pipeline.py
[2025-01-25T11:01:20.329+0000] {processor.py:914} INFO - Processing file /opt/airflow/dags/main_pipeline.py for tasks to queue
[2025-01-25T11:01:20.331+0000] {logging_mixin.py:190} INFO - [2025-01-25T11:01:20.330+0000] {dagbag.py:588} INFO - Filling up the DagBag from /opt/airflow/dags/main_pipeline.py
[2025-01-25T11:01:20.412+0000] {processor.py:925} INFO - DAG(s) 'save_to_minio' retrieved from /opt/airflow/dags/main_pipeline.py
[2025-01-25T11:01:20.427+0000] {logging_mixin.py:190} INFO - [2025-01-25T11:01:20.427+0000] {dag.py:3239} INFO - Sync 1 DAGs
[2025-01-25T11:01:20.442+0000] {logging_mixin.py:190} INFO - [2025-01-25T11:01:20.442+0000] {dag.py:4180} INFO - Setting next_dagrun for save_to_minio to 2025-01-25 00:00:00+00:00, run_after=2025-01-26 00:00:00+00:00
[2025-01-25T11:01:20.453+0000] {processor.py:208} INFO - Processing /opt/airflow/dags/main_pipeline.py took 0.129 seconds
[2025-01-25T11:01:50.526+0000] {processor.py:186} INFO - Started process (PID=720) to work on /opt/airflow/dags/main_pipeline.py
[2025-01-25T11:01:50.527+0000] {processor.py:914} INFO - Processing file /opt/airflow/dags/main_pipeline.py for tasks to queue
[2025-01-25T11:01:50.528+0000] {logging_mixin.py:190} INFO - [2025-01-25T11:01:50.528+0000] {dagbag.py:588} INFO - Filling up the DagBag from /opt/airflow/dags/main_pipeline.py
[2025-01-25T11:01:50.622+0000] {processor.py:925} INFO - DAG(s) 'save_to_minio' retrieved from /opt/airflow/dags/main_pipeline.py
[2025-01-25T11:01:50.639+0000] {logging_mixin.py:190} INFO - [2025-01-25T11:01:50.638+0000] {dag.py:3239} INFO - Sync 1 DAGs
[2025-01-25T11:01:50.656+0000] {logging_mixin.py:190} INFO - [2025-01-25T11:01:50.655+0000] {dag.py:4180} INFO - Setting next_dagrun for save_to_minio to 2025-01-25 00:00:00+00:00, run_after=2025-01-26 00:00:00+00:00
[2025-01-25T11:01:50.667+0000] {processor.py:208} INFO - Processing /opt/airflow/dags/main_pipeline.py took 0.146 seconds
[2025-01-25T11:02:20.820+0000] {processor.py:186} INFO - Started process (PID=731) to work on /opt/airflow/dags/main_pipeline.py
[2025-01-25T11:02:20.820+0000] {processor.py:914} INFO - Processing file /opt/airflow/dags/main_pipeline.py for tasks to queue
[2025-01-25T11:02:20.822+0000] {logging_mixin.py:190} INFO - [2025-01-25T11:02:20.822+0000] {dagbag.py:588} INFO - Filling up the DagBag from /opt/airflow/dags/main_pipeline.py
[2025-01-25T11:02:20.907+0000] {processor.py:925} INFO - DAG(s) 'save_to_minio' retrieved from /opt/airflow/dags/main_pipeline.py
[2025-01-25T11:02:20.922+0000] {logging_mixin.py:190} INFO - [2025-01-25T11:02:20.922+0000] {dag.py:3239} INFO - Sync 1 DAGs
[2025-01-25T11:02:20.937+0000] {logging_mixin.py:190} INFO - [2025-01-25T11:02:20.937+0000] {dag.py:4180} INFO - Setting next_dagrun for save_to_minio to 2025-01-25 00:00:00+00:00, run_after=2025-01-26 00:00:00+00:00
[2025-01-25T11:02:20.954+0000] {processor.py:208} INFO - Processing /opt/airflow/dags/main_pipeline.py took 0.138 seconds
[2025-01-25T11:02:50.995+0000] {processor.py:186} INFO - Started process (PID=742) to work on /opt/airflow/dags/main_pipeline.py
[2025-01-25T11:02:50.995+0000] {processor.py:914} INFO - Processing file /opt/airflow/dags/main_pipeline.py for tasks to queue
[2025-01-25T11:02:50.997+0000] {logging_mixin.py:190} INFO - [2025-01-25T11:02:50.997+0000] {dagbag.py:588} INFO - Filling up the DagBag from /opt/airflow/dags/main_pipeline.py
[2025-01-25T11:02:51.086+0000] {processor.py:925} INFO - DAG(s) 'save_to_minio' retrieved from /opt/airflow/dags/main_pipeline.py
[2025-01-25T11:02:51.102+0000] {logging_mixin.py:190} INFO - [2025-01-25T11:02:51.102+0000] {dag.py:3239} INFO - Sync 1 DAGs
[2025-01-25T11:02:51.120+0000] {logging_mixin.py:190} INFO - [2025-01-25T11:02:51.120+0000] {dag.py:4180} INFO - Setting next_dagrun for save_to_minio to 2025-01-25 00:00:00+00:00, run_after=2025-01-26 00:00:00+00:00
[2025-01-25T11:02:51.131+0000] {processor.py:208} INFO - Processing /opt/airflow/dags/main_pipeline.py took 0.140 seconds
[2025-01-25T11:03:21.298+0000] {processor.py:186} INFO - Started process (PID=761) to work on /opt/airflow/dags/main_pipeline.py
[2025-01-25T11:03:21.299+0000] {processor.py:914} INFO - Processing file /opt/airflow/dags/main_pipeline.py for tasks to queue
[2025-01-25T11:03:21.301+0000] {logging_mixin.py:190} INFO - [2025-01-25T11:03:21.300+0000] {dagbag.py:588} INFO - Filling up the DagBag from /opt/airflow/dags/main_pipeline.py
[2025-01-25T11:03:21.386+0000] {processor.py:925} INFO - DAG(s) 'save_to_minio' retrieved from /opt/airflow/dags/main_pipeline.py
[2025-01-25T11:03:21.405+0000] {logging_mixin.py:190} INFO - [2025-01-25T11:03:21.404+0000] {dag.py:3239} INFO - Sync 1 DAGs
[2025-01-25T11:03:21.425+0000] {logging_mixin.py:190} INFO - [2025-01-25T11:03:21.424+0000] {dag.py:4180} INFO - Setting next_dagrun for save_to_minio to 2025-01-25 00:00:00+00:00, run_after=2025-01-26 00:00:00+00:00
[2025-01-25T11:03:21.447+0000] {processor.py:208} INFO - Processing /opt/airflow/dags/main_pipeline.py took 0.153 seconds
[2025-01-25T11:03:51.628+0000] {processor.py:186} INFO - Started process (PID=773) to work on /opt/airflow/dags/main_pipeline.py
[2025-01-25T11:03:51.629+0000] {processor.py:914} INFO - Processing file /opt/airflow/dags/main_pipeline.py for tasks to queue
[2025-01-25T11:03:51.630+0000] {logging_mixin.py:190} INFO - [2025-01-25T11:03:51.630+0000] {dagbag.py:588} INFO - Filling up the DagBag from /opt/airflow/dags/main_pipeline.py
[2025-01-25T11:03:51.711+0000] {processor.py:925} INFO - DAG(s) 'save_to_minio' retrieved from /opt/airflow/dags/main_pipeline.py
[2025-01-25T11:03:51.727+0000] {logging_mixin.py:190} INFO - [2025-01-25T11:03:51.727+0000] {dag.py:3239} INFO - Sync 1 DAGs
[2025-01-25T11:03:51.742+0000] {logging_mixin.py:190} INFO - [2025-01-25T11:03:51.742+0000] {dag.py:4180} INFO - Setting next_dagrun for save_to_minio to 2025-01-25 00:00:00+00:00, run_after=2025-01-26 00:00:00+00:00
[2025-01-25T11:03:51.759+0000] {processor.py:208} INFO - Processing /opt/airflow/dags/main_pipeline.py took 0.135 seconds
[2025-01-25T11:04:21.834+0000] {processor.py:186} INFO - Started process (PID=784) to work on /opt/airflow/dags/main_pipeline.py
[2025-01-25T11:04:21.834+0000] {processor.py:914} INFO - Processing file /opt/airflow/dags/main_pipeline.py for tasks to queue
[2025-01-25T11:04:21.836+0000] {logging_mixin.py:190} INFO - [2025-01-25T11:04:21.836+0000] {dagbag.py:588} INFO - Filling up the DagBag from /opt/airflow/dags/main_pipeline.py
[2025-01-25T11:04:21.941+0000] {processor.py:925} INFO - DAG(s) 'save_to_minio' retrieved from /opt/airflow/dags/main_pipeline.py
[2025-01-25T11:04:21.958+0000] {logging_mixin.py:190} INFO - [2025-01-25T11:04:21.958+0000] {dag.py:3239} INFO - Sync 1 DAGs
[2025-01-25T11:04:21.976+0000] {logging_mixin.py:190} INFO - [2025-01-25T11:04:21.976+0000] {dag.py:4180} INFO - Setting next_dagrun for save_to_minio to 2025-01-25 00:00:00+00:00, run_after=2025-01-26 00:00:00+00:00
[2025-01-25T11:04:21.994+0000] {processor.py:208} INFO - Processing /opt/airflow/dags/main_pipeline.py took 0.164 seconds
[2025-01-25T11:04:52.088+0000] {processor.py:186} INFO - Started process (PID=795) to work on /opt/airflow/dags/main_pipeline.py
[2025-01-25T11:04:52.088+0000] {processor.py:914} INFO - Processing file /opt/airflow/dags/main_pipeline.py for tasks to queue
[2025-01-25T11:04:52.090+0000] {logging_mixin.py:190} INFO - [2025-01-25T11:04:52.090+0000] {dagbag.py:588} INFO - Filling up the DagBag from /opt/airflow/dags/main_pipeline.py
[2025-01-25T11:04:52.182+0000] {processor.py:925} INFO - DAG(s) 'save_to_minio' retrieved from /opt/airflow/dags/main_pipeline.py
[2025-01-25T11:04:52.198+0000] {logging_mixin.py:190} INFO - [2025-01-25T11:04:52.198+0000] {dag.py:3239} INFO - Sync 1 DAGs
[2025-01-25T11:04:52.215+0000] {logging_mixin.py:190} INFO - [2025-01-25T11:04:52.215+0000] {dag.py:4180} INFO - Setting next_dagrun for save_to_minio to 2025-01-25 00:00:00+00:00, run_after=2025-01-26 00:00:00+00:00
[2025-01-25T11:04:52.228+0000] {processor.py:208} INFO - Processing /opt/airflow/dags/main_pipeline.py took 0.145 seconds
[2025-01-25T11:05:16.374+0000] {processor.py:186} INFO - Started process (PID=806) to work on /opt/airflow/dags/main_pipeline.py
[2025-01-25T11:05:16.375+0000] {processor.py:914} INFO - Processing file /opt/airflow/dags/main_pipeline.py for tasks to queue
[2025-01-25T11:05:16.377+0000] {logging_mixin.py:190} INFO - [2025-01-25T11:05:16.377+0000] {dagbag.py:588} INFO - Filling up the DagBag from /opt/airflow/dags/main_pipeline.py
[2025-01-25T11:05:16.478+0000] {processor.py:925} INFO - DAG(s) 'save_to_minio' retrieved from /opt/airflow/dags/main_pipeline.py
[2025-01-25T11:05:16.495+0000] {logging_mixin.py:190} INFO - [2025-01-25T11:05:16.495+0000] {dag.py:3239} INFO - Sync 1 DAGs
[2025-01-25T11:05:16.514+0000] {logging_mixin.py:190} INFO - [2025-01-25T11:05:16.514+0000] {dag.py:4180} INFO - Setting next_dagrun for save_to_minio to 2025-01-25 00:00:00+00:00, run_after=2025-01-26 00:00:00+00:00
[2025-01-25T11:05:16.529+0000] {processor.py:208} INFO - Processing /opt/airflow/dags/main_pipeline.py took 0.159 seconds
[2025-01-25T11:05:46.705+0000] {processor.py:186} INFO - Started process (PID=817) to work on /opt/airflow/dags/main_pipeline.py
[2025-01-25T11:05:46.706+0000] {processor.py:914} INFO - Processing file /opt/airflow/dags/main_pipeline.py for tasks to queue
[2025-01-25T11:05:46.707+0000] {logging_mixin.py:190} INFO - [2025-01-25T11:05:46.707+0000] {dagbag.py:588} INFO - Filling up the DagBag from /opt/airflow/dags/main_pipeline.py
[2025-01-25T11:05:46.790+0000] {processor.py:925} INFO - DAG(s) 'save_to_minio' retrieved from /opt/airflow/dags/main_pipeline.py
[2025-01-25T11:05:46.805+0000] {logging_mixin.py:190} INFO - [2025-01-25T11:05:46.805+0000] {dag.py:3239} INFO - Sync 1 DAGs
[2025-01-25T11:05:46.819+0000] {logging_mixin.py:190} INFO - [2025-01-25T11:05:46.819+0000] {dag.py:4180} INFO - Setting next_dagrun for save_to_minio to 2025-01-25 00:00:00+00:00, run_after=2025-01-26 00:00:00+00:00
[2025-01-25T11:05:46.838+0000] {processor.py:208} INFO - Processing /opt/airflow/dags/main_pipeline.py took 0.137 seconds
[2025-01-25T11:06:17.008+0000] {processor.py:186} INFO - Started process (PID=828) to work on /opt/airflow/dags/main_pipeline.py
[2025-01-25T11:06:17.009+0000] {processor.py:914} INFO - Processing file /opt/airflow/dags/main_pipeline.py for tasks to queue
[2025-01-25T11:06:17.010+0000] {logging_mixin.py:190} INFO - [2025-01-25T11:06:17.010+0000] {dagbag.py:588} INFO - Filling up the DagBag from /opt/airflow/dags/main_pipeline.py
[2025-01-25T11:06:17.097+0000] {processor.py:925} INFO - DAG(s) 'save_to_minio' retrieved from /opt/airflow/dags/main_pipeline.py
[2025-01-25T11:06:17.112+0000] {logging_mixin.py:190} INFO - [2025-01-25T11:06:17.112+0000] {dag.py:3239} INFO - Sync 1 DAGs
[2025-01-25T11:06:17.129+0000] {logging_mixin.py:190} INFO - [2025-01-25T11:06:17.128+0000] {dag.py:4180} INFO - Setting next_dagrun for save_to_minio to 2025-01-25 00:00:00+00:00, run_after=2025-01-26 00:00:00+00:00
[2025-01-25T11:06:17.147+0000] {processor.py:208} INFO - Processing /opt/airflow/dags/main_pipeline.py took 0.143 seconds
[2025-01-25T11:06:47.181+0000] {processor.py:186} INFO - Started process (PID=839) to work on /opt/airflow/dags/main_pipeline.py
[2025-01-25T11:06:47.181+0000] {processor.py:914} INFO - Processing file /opt/airflow/dags/main_pipeline.py for tasks to queue
[2025-01-25T11:06:47.183+0000] {logging_mixin.py:190} INFO - [2025-01-25T11:06:47.183+0000] {dagbag.py:588} INFO - Filling up the DagBag from /opt/airflow/dags/main_pipeline.py
[2025-01-25T11:06:47.264+0000] {processor.py:925} INFO - DAG(s) 'save_to_minio' retrieved from /opt/airflow/dags/main_pipeline.py
[2025-01-25T11:06:47.280+0000] {logging_mixin.py:190} INFO - [2025-01-25T11:06:47.280+0000] {dag.py:3239} INFO - Sync 1 DAGs
[2025-01-25T11:06:47.298+0000] {logging_mixin.py:190} INFO - [2025-01-25T11:06:47.298+0000] {dag.py:4180} INFO - Setting next_dagrun for save_to_minio to 2025-01-25 00:00:00+00:00, run_after=2025-01-26 00:00:00+00:00
[2025-01-25T11:06:47.309+0000] {processor.py:208} INFO - Processing /opt/airflow/dags/main_pipeline.py took 0.132 seconds
[2025-01-25T11:07:17.514+0000] {processor.py:186} INFO - Started process (PID=850) to work on /opt/airflow/dags/main_pipeline.py
[2025-01-25T11:07:17.515+0000] {processor.py:914} INFO - Processing file /opt/airflow/dags/main_pipeline.py for tasks to queue
[2025-01-25T11:07:17.516+0000] {logging_mixin.py:190} INFO - [2025-01-25T11:07:17.516+0000] {dagbag.py:588} INFO - Filling up the DagBag from /opt/airflow/dags/main_pipeline.py
[2025-01-25T11:07:17.597+0000] {processor.py:925} INFO - DAG(s) 'save_to_minio' retrieved from /opt/airflow/dags/main_pipeline.py
[2025-01-25T11:07:17.612+0000] {logging_mixin.py:190} INFO - [2025-01-25T11:07:17.612+0000] {dag.py:3239} INFO - Sync 1 DAGs
[2025-01-25T11:07:17.627+0000] {logging_mixin.py:190} INFO - [2025-01-25T11:07:17.627+0000] {dag.py:4180} INFO - Setting next_dagrun for save_to_minio to 2025-01-25 00:00:00+00:00, run_after=2025-01-26 00:00:00+00:00
[2025-01-25T11:07:17.644+0000] {processor.py:208} INFO - Processing /opt/airflow/dags/main_pipeline.py took 0.133 seconds
[2025-01-25T11:07:47.694+0000] {processor.py:186} INFO - Started process (PID=861) to work on /opt/airflow/dags/main_pipeline.py
[2025-01-25T11:07:47.695+0000] {processor.py:914} INFO - Processing file /opt/airflow/dags/main_pipeline.py for tasks to queue
[2025-01-25T11:07:47.697+0000] {logging_mixin.py:190} INFO - [2025-01-25T11:07:47.696+0000] {dagbag.py:588} INFO - Filling up the DagBag from /opt/airflow/dags/main_pipeline.py
[2025-01-25T11:07:47.792+0000] {processor.py:925} INFO - DAG(s) 'save_to_minio' retrieved from /opt/airflow/dags/main_pipeline.py
[2025-01-25T11:07:47.809+0000] {logging_mixin.py:190} INFO - [2025-01-25T11:07:47.809+0000] {dag.py:3239} INFO - Sync 1 DAGs
[2025-01-25T11:07:47.827+0000] {logging_mixin.py:190} INFO - [2025-01-25T11:07:47.827+0000] {dag.py:4180} INFO - Setting next_dagrun for save_to_minio to 2025-01-25 00:00:00+00:00, run_after=2025-01-26 00:00:00+00:00
[2025-01-25T11:07:47.843+0000] {processor.py:208} INFO - Processing /opt/airflow/dags/main_pipeline.py took 0.155 seconds
[2025-01-25T11:08:17.976+0000] {processor.py:186} INFO - Started process (PID=872) to work on /opt/airflow/dags/main_pipeline.py
[2025-01-25T11:08:17.977+0000] {processor.py:914} INFO - Processing file /opt/airflow/dags/main_pipeline.py for tasks to queue
[2025-01-25T11:08:17.978+0000] {logging_mixin.py:190} INFO - [2025-01-25T11:08:17.978+0000] {dagbag.py:588} INFO - Filling up the DagBag from /opt/airflow/dags/main_pipeline.py
[2025-01-25T11:08:18.061+0000] {processor.py:925} INFO - DAG(s) 'save_to_minio' retrieved from /opt/airflow/dags/main_pipeline.py
[2025-01-25T11:08:18.076+0000] {logging_mixin.py:190} INFO - [2025-01-25T11:08:18.076+0000] {dag.py:3239} INFO - Sync 1 DAGs
[2025-01-25T11:08:18.091+0000] {logging_mixin.py:190} INFO - [2025-01-25T11:08:18.091+0000] {dag.py:4180} INFO - Setting next_dagrun for save_to_minio to 2025-01-25 00:00:00+00:00, run_after=2025-01-26 00:00:00+00:00
[2025-01-25T11:08:18.103+0000] {processor.py:208} INFO - Processing /opt/airflow/dags/main_pipeline.py took 0.131 seconds
