[2025-01-16T15:34:06.610+0000] {processor.py:186} INFO - Started process (PID=382) to work on /home/airflow/.local/lib/python3.12/site-packages/airflow/example_dags/example_latest_only_with_trigger.py
[2025-01-16T15:34:06.611+0000] {processor.py:914} INFO - Processing file /home/airflow/.local/lib/python3.12/site-packages/airflow/example_dags/example_latest_only_with_trigger.py for tasks to queue
[2025-01-16T15:34:06.613+0000] {logging_mixin.py:190} INFO - [2025-01-16T15:34:06.613+0000] {dagbag.py:588} INFO - Filling up the DagBag from /home/airflow/.local/lib/python3.12/site-packages/airflow/example_dags/example_latest_only_with_trigger.py
[2025-01-16T15:34:06.620+0000] {processor.py:925} INFO - DAG(s) 'latest_only_with_trigger' retrieved from /home/airflow/.local/lib/python3.12/site-packages/airflow/example_dags/example_latest_only_with_trigger.py
[2025-01-16T15:34:06.718+0000] {logging_mixin.py:190} INFO - [2025-01-16T15:34:06.718+0000] {override.py:1911} INFO - Created Permission View: can edit on DAG:latest_only_with_trigger
[2025-01-16T15:34:06.726+0000] {logging_mixin.py:190} INFO - [2025-01-16T15:34:06.726+0000] {override.py:1911} INFO - Created Permission View: can delete on DAG:latest_only_with_trigger
[2025-01-16T15:34:06.731+0000] {logging_mixin.py:190} INFO - [2025-01-16T15:34:06.730+0000] {override.py:1911} INFO - Created Permission View: can read on DAG:latest_only_with_trigger
[2025-01-16T15:34:06.736+0000] {logging_mixin.py:190} INFO - [2025-01-16T15:34:06.736+0000] {override.py:1911} INFO - Created Permission View: can create on DAG Run:latest_only_with_trigger
[2025-01-16T15:34:06.741+0000] {logging_mixin.py:190} INFO - [2025-01-16T15:34:06.740+0000] {override.py:1911} INFO - Created Permission View: can delete on DAG Run:latest_only_with_trigger
[2025-01-16T15:34:06.746+0000] {logging_mixin.py:190} INFO - [2025-01-16T15:34:06.746+0000] {override.py:1911} INFO - Created Permission View: menu access on DAG Run:latest_only_with_trigger
[2025-01-16T15:34:06.751+0000] {logging_mixin.py:190} INFO - [2025-01-16T15:34:06.750+0000] {override.py:1911} INFO - Created Permission View: can read on DAG Run:latest_only_with_trigger
[2025-01-16T15:34:06.751+0000] {logging_mixin.py:190} INFO - [2025-01-16T15:34:06.751+0000] {dag.py:3239} INFO - Sync 1 DAGs
[2025-01-16T15:34:06.761+0000] {logging_mixin.py:190} INFO - [2025-01-16T15:34:06.760+0000] {dag.py:3262} INFO - Creating ORM DAG for latest_only_with_trigger
[2025-01-16T15:34:06.769+0000] {logging_mixin.py:190} INFO - [2025-01-16T15:34:06.769+0000] {dag.py:4180} INFO - Setting next_dagrun for latest_only_with_trigger to 2025-01-16 08:00:00+00:00, run_after=2025-01-16 12:00:00+00:00
[2025-01-16T15:34:06.781+0000] {processor.py:208} INFO - Processing /home/airflow/.local/lib/python3.12/site-packages/airflow/example_dags/example_latest_only_with_trigger.py took 0.175 seconds
[2025-01-16T15:34:37.697+0000] {processor.py:186} INFO - Started process (PID=678) to work on /home/airflow/.local/lib/python3.12/site-packages/airflow/example_dags/example_latest_only_with_trigger.py
[2025-01-16T15:34:37.699+0000] {processor.py:914} INFO - Processing file /home/airflow/.local/lib/python3.12/site-packages/airflow/example_dags/example_latest_only_with_trigger.py for tasks to queue
[2025-01-16T15:34:37.702+0000] {logging_mixin.py:190} INFO - [2025-01-16T15:34:37.702+0000] {dagbag.py:588} INFO - Filling up the DagBag from /home/airflow/.local/lib/python3.12/site-packages/airflow/example_dags/example_latest_only_with_trigger.py
[2025-01-16T15:34:37.711+0000] {processor.py:925} INFO - DAG(s) 'latest_only_with_trigger' retrieved from /home/airflow/.local/lib/python3.12/site-packages/airflow/example_dags/example_latest_only_with_trigger.py
[2025-01-16T15:34:37.734+0000] {logging_mixin.py:190} INFO - [2025-01-16T15:34:37.734+0000] {dag.py:3239} INFO - Sync 1 DAGs
[2025-01-16T15:34:37.768+0000] {logging_mixin.py:190} INFO - [2025-01-16T15:34:37.768+0000] {dag.py:4180} INFO - Setting next_dagrun for latest_only_with_trigger to 2025-01-16 08:00:00+00:00, run_after=2025-01-16 12:00:00+00:00
[2025-01-16T15:34:37.795+0000] {processor.py:208} INFO - Processing /home/airflow/.local/lib/python3.12/site-packages/airflow/example_dags/example_latest_only_with_trigger.py took 0.104 seconds
[2025-01-16T15:35:08.740+0000] {processor.py:186} INFO - Started process (PID=975) to work on /home/airflow/.local/lib/python3.12/site-packages/airflow/example_dags/example_latest_only_with_trigger.py
[2025-01-16T15:35:08.741+0000] {processor.py:914} INFO - Processing file /home/airflow/.local/lib/python3.12/site-packages/airflow/example_dags/example_latest_only_with_trigger.py for tasks to queue
[2025-01-16T15:35:08.743+0000] {logging_mixin.py:190} INFO - [2025-01-16T15:35:08.742+0000] {dagbag.py:588} INFO - Filling up the DagBag from /home/airflow/.local/lib/python3.12/site-packages/airflow/example_dags/example_latest_only_with_trigger.py
[2025-01-16T15:35:08.748+0000] {processor.py:925} INFO - DAG(s) 'latest_only_with_trigger' retrieved from /home/airflow/.local/lib/python3.12/site-packages/airflow/example_dags/example_latest_only_with_trigger.py
[2025-01-16T15:35:08.763+0000] {logging_mixin.py:190} INFO - [2025-01-16T15:35:08.763+0000] {dag.py:3239} INFO - Sync 1 DAGs
[2025-01-16T15:35:08.780+0000] {logging_mixin.py:190} INFO - [2025-01-16T15:35:08.780+0000] {dag.py:4180} INFO - Setting next_dagrun for latest_only_with_trigger to 2025-01-16 08:00:00+00:00, run_after=2025-01-16 12:00:00+00:00
[2025-01-16T15:35:08.794+0000] {processor.py:208} INFO - Processing /home/airflow/.local/lib/python3.12/site-packages/airflow/example_dags/example_latest_only_with_trigger.py took 0.057 seconds
[2025-01-16T15:35:38.934+0000] {processor.py:186} INFO - Started process (PID=1268) to work on /home/airflow/.local/lib/python3.12/site-packages/airflow/example_dags/example_latest_only_with_trigger.py
[2025-01-16T15:35:38.935+0000] {processor.py:914} INFO - Processing file /home/airflow/.local/lib/python3.12/site-packages/airflow/example_dags/example_latest_only_with_trigger.py for tasks to queue
[2025-01-16T15:35:38.937+0000] {logging_mixin.py:190} INFO - [2025-01-16T15:35:38.937+0000] {dagbag.py:588} INFO - Filling up the DagBag from /home/airflow/.local/lib/python3.12/site-packages/airflow/example_dags/example_latest_only_with_trigger.py
[2025-01-16T15:35:38.943+0000] {processor.py:925} INFO - DAG(s) 'latest_only_with_trigger' retrieved from /home/airflow/.local/lib/python3.12/site-packages/airflow/example_dags/example_latest_only_with_trigger.py
[2025-01-16T15:35:38.958+0000] {logging_mixin.py:190} INFO - [2025-01-16T15:35:38.958+0000] {dag.py:3239} INFO - Sync 1 DAGs
[2025-01-16T15:35:38.974+0000] {logging_mixin.py:190} INFO - [2025-01-16T15:35:38.974+0000] {dag.py:4180} INFO - Setting next_dagrun for latest_only_with_trigger to 2025-01-16 08:00:00+00:00, run_after=2025-01-16 12:00:00+00:00
[2025-01-16T15:35:38.989+0000] {processor.py:208} INFO - Processing /home/airflow/.local/lib/python3.12/site-packages/airflow/example_dags/example_latest_only_with_trigger.py took 0.060 seconds
[2025-01-16T15:36:09.745+0000] {processor.py:186} INFO - Started process (PID=1564) to work on /home/airflow/.local/lib/python3.12/site-packages/airflow/example_dags/example_latest_only_with_trigger.py
[2025-01-16T15:36:09.746+0000] {processor.py:914} INFO - Processing file /home/airflow/.local/lib/python3.12/site-packages/airflow/example_dags/example_latest_only_with_trigger.py for tasks to queue
[2025-01-16T15:36:09.748+0000] {logging_mixin.py:190} INFO - [2025-01-16T15:36:09.748+0000] {dagbag.py:588} INFO - Filling up the DagBag from /home/airflow/.local/lib/python3.12/site-packages/airflow/example_dags/example_latest_only_with_trigger.py
[2025-01-16T15:36:09.754+0000] {processor.py:925} INFO - DAG(s) 'latest_only_with_trigger' retrieved from /home/airflow/.local/lib/python3.12/site-packages/airflow/example_dags/example_latest_only_with_trigger.py
[2025-01-16T15:36:09.775+0000] {logging_mixin.py:190} INFO - [2025-01-16T15:36:09.775+0000] {dag.py:3239} INFO - Sync 1 DAGs
[2025-01-16T15:36:09.794+0000] {logging_mixin.py:190} INFO - [2025-01-16T15:36:09.794+0000] {dag.py:4180} INFO - Setting next_dagrun for latest_only_with_trigger to 2025-01-16 08:00:00+00:00, run_after=2025-01-16 12:00:00+00:00
[2025-01-16T15:36:09.810+0000] {processor.py:208} INFO - Processing /home/airflow/.local/lib/python3.12/site-packages/airflow/example_dags/example_latest_only_with_trigger.py took 0.070 seconds
[2025-01-16T15:36:40.760+0000] {processor.py:186} INFO - Started process (PID=1860) to work on /home/airflow/.local/lib/python3.12/site-packages/airflow/example_dags/example_latest_only_with_trigger.py
[2025-01-16T15:36:40.761+0000] {processor.py:914} INFO - Processing file /home/airflow/.local/lib/python3.12/site-packages/airflow/example_dags/example_latest_only_with_trigger.py for tasks to queue
[2025-01-16T15:36:40.763+0000] {logging_mixin.py:190} INFO - [2025-01-16T15:36:40.763+0000] {dagbag.py:588} INFO - Filling up the DagBag from /home/airflow/.local/lib/python3.12/site-packages/airflow/example_dags/example_latest_only_with_trigger.py
[2025-01-16T15:36:40.768+0000] {processor.py:925} INFO - DAG(s) 'latest_only_with_trigger' retrieved from /home/airflow/.local/lib/python3.12/site-packages/airflow/example_dags/example_latest_only_with_trigger.py
[2025-01-16T15:36:40.785+0000] {logging_mixin.py:190} INFO - [2025-01-16T15:36:40.785+0000] {dag.py:3239} INFO - Sync 1 DAGs
[2025-01-16T15:36:40.802+0000] {logging_mixin.py:190} INFO - [2025-01-16T15:36:40.802+0000] {dag.py:4180} INFO - Setting next_dagrun for latest_only_with_trigger to 2025-01-16 08:00:00+00:00, run_after=2025-01-16 12:00:00+00:00
[2025-01-16T15:36:40.817+0000] {processor.py:208} INFO - Processing /home/airflow/.local/lib/python3.12/site-packages/airflow/example_dags/example_latest_only_with_trigger.py took 0.061 seconds
[2025-01-16T15:37:11.465+0000] {processor.py:186} INFO - Started process (PID=2154) to work on /home/airflow/.local/lib/python3.12/site-packages/airflow/example_dags/example_latest_only_with_trigger.py
[2025-01-16T15:37:11.466+0000] {processor.py:914} INFO - Processing file /home/airflow/.local/lib/python3.12/site-packages/airflow/example_dags/example_latest_only_with_trigger.py for tasks to queue
[2025-01-16T15:37:11.468+0000] {logging_mixin.py:190} INFO - [2025-01-16T15:37:11.468+0000] {dagbag.py:588} INFO - Filling up the DagBag from /home/airflow/.local/lib/python3.12/site-packages/airflow/example_dags/example_latest_only_with_trigger.py
[2025-01-16T15:37:11.474+0000] {processor.py:925} INFO - DAG(s) 'latest_only_with_trigger' retrieved from /home/airflow/.local/lib/python3.12/site-packages/airflow/example_dags/example_latest_only_with_trigger.py
[2025-01-16T15:37:11.489+0000] {logging_mixin.py:190} INFO - [2025-01-16T15:37:11.489+0000] {dag.py:3239} INFO - Sync 1 DAGs
[2025-01-16T15:37:11.509+0000] {logging_mixin.py:190} INFO - [2025-01-16T15:37:11.508+0000] {dag.py:4180} INFO - Setting next_dagrun for latest_only_with_trigger to 2025-01-16 08:00:00+00:00, run_after=2025-01-16 12:00:00+00:00
[2025-01-16T15:37:11.524+0000] {processor.py:208} INFO - Processing /home/airflow/.local/lib/python3.12/site-packages/airflow/example_dags/example_latest_only_with_trigger.py took 0.063 seconds
[2025-01-16T15:37:42.249+0000] {processor.py:186} INFO - Started process (PID=2452) to work on /home/airflow/.local/lib/python3.12/site-packages/airflow/example_dags/example_latest_only_with_trigger.py
[2025-01-16T15:37:42.250+0000] {processor.py:914} INFO - Processing file /home/airflow/.local/lib/python3.12/site-packages/airflow/example_dags/example_latest_only_with_trigger.py for tasks to queue
[2025-01-16T15:37:42.252+0000] {logging_mixin.py:190} INFO - [2025-01-16T15:37:42.252+0000] {dagbag.py:588} INFO - Filling up the DagBag from /home/airflow/.local/lib/python3.12/site-packages/airflow/example_dags/example_latest_only_with_trigger.py
[2025-01-16T15:37:42.258+0000] {processor.py:925} INFO - DAG(s) 'latest_only_with_trigger' retrieved from /home/airflow/.local/lib/python3.12/site-packages/airflow/example_dags/example_latest_only_with_trigger.py
[2025-01-16T15:37:42.273+0000] {logging_mixin.py:190} INFO - [2025-01-16T15:37:42.273+0000] {dag.py:3239} INFO - Sync 1 DAGs
[2025-01-16T15:37:42.292+0000] {logging_mixin.py:190} INFO - [2025-01-16T15:37:42.291+0000] {dag.py:4180} INFO - Setting next_dagrun for latest_only_with_trigger to 2025-01-16 08:00:00+00:00, run_after=2025-01-16 12:00:00+00:00
[2025-01-16T15:37:42.310+0000] {processor.py:208} INFO - Processing /home/airflow/.local/lib/python3.12/site-packages/airflow/example_dags/example_latest_only_with_trigger.py took 0.065 seconds
[2025-01-16T15:38:12.874+0000] {processor.py:186} INFO - Started process (PID=2746) to work on /home/airflow/.local/lib/python3.12/site-packages/airflow/example_dags/example_latest_only_with_trigger.py
[2025-01-16T15:38:12.875+0000] {processor.py:914} INFO - Processing file /home/airflow/.local/lib/python3.12/site-packages/airflow/example_dags/example_latest_only_with_trigger.py for tasks to queue
[2025-01-16T15:38:12.878+0000] {logging_mixin.py:190} INFO - [2025-01-16T15:38:12.877+0000] {dagbag.py:588} INFO - Filling up the DagBag from /home/airflow/.local/lib/python3.12/site-packages/airflow/example_dags/example_latest_only_with_trigger.py
[2025-01-16T15:38:12.884+0000] {processor.py:925} INFO - DAG(s) 'latest_only_with_trigger' retrieved from /home/airflow/.local/lib/python3.12/site-packages/airflow/example_dags/example_latest_only_with_trigger.py
[2025-01-16T15:38:12.903+0000] {logging_mixin.py:190} INFO - [2025-01-16T15:38:12.902+0000] {dag.py:3239} INFO - Sync 1 DAGs
[2025-01-16T15:38:12.924+0000] {logging_mixin.py:190} INFO - [2025-01-16T15:38:12.923+0000] {dag.py:4180} INFO - Setting next_dagrun for latest_only_with_trigger to 2025-01-16 08:00:00+00:00, run_after=2025-01-16 12:00:00+00:00
[2025-01-16T15:38:12.943+0000] {processor.py:208} INFO - Processing /home/airflow/.local/lib/python3.12/site-packages/airflow/example_dags/example_latest_only_with_trigger.py took 0.074 seconds
[2025-01-16T15:38:44.306+0000] {processor.py:186} INFO - Started process (PID=3042) to work on /home/airflow/.local/lib/python3.12/site-packages/airflow/example_dags/example_latest_only_with_trigger.py
[2025-01-16T15:38:44.307+0000] {processor.py:914} INFO - Processing file /home/airflow/.local/lib/python3.12/site-packages/airflow/example_dags/example_latest_only_with_trigger.py for tasks to queue
[2025-01-16T15:38:44.308+0000] {logging_mixin.py:190} INFO - [2025-01-16T15:38:44.308+0000] {dagbag.py:588} INFO - Filling up the DagBag from /home/airflow/.local/lib/python3.12/site-packages/airflow/example_dags/example_latest_only_with_trigger.py
[2025-01-16T15:38:44.314+0000] {processor.py:925} INFO - DAG(s) 'latest_only_with_trigger' retrieved from /home/airflow/.local/lib/python3.12/site-packages/airflow/example_dags/example_latest_only_with_trigger.py
[2025-01-16T15:38:44.330+0000] {logging_mixin.py:190} INFO - [2025-01-16T15:38:44.330+0000] {dag.py:3239} INFO - Sync 1 DAGs
[2025-01-16T15:38:44.349+0000] {logging_mixin.py:190} INFO - [2025-01-16T15:38:44.349+0000] {dag.py:4180} INFO - Setting next_dagrun for latest_only_with_trigger to 2025-01-16 08:00:00+00:00, run_after=2025-01-16 12:00:00+00:00
[2025-01-16T15:38:44.365+0000] {processor.py:208} INFO - Processing /home/airflow/.local/lib/python3.12/site-packages/airflow/example_dags/example_latest_only_with_trigger.py took 0.063 seconds
[2025-01-16T15:39:15.698+0000] {processor.py:186} INFO - Started process (PID=3338) to work on /home/airflow/.local/lib/python3.12/site-packages/airflow/example_dags/example_latest_only_with_trigger.py
[2025-01-16T15:39:15.699+0000] {processor.py:914} INFO - Processing file /home/airflow/.local/lib/python3.12/site-packages/airflow/example_dags/example_latest_only_with_trigger.py for tasks to queue
[2025-01-16T15:39:15.701+0000] {logging_mixin.py:190} INFO - [2025-01-16T15:39:15.701+0000] {dagbag.py:588} INFO - Filling up the DagBag from /home/airflow/.local/lib/python3.12/site-packages/airflow/example_dags/example_latest_only_with_trigger.py
[2025-01-16T15:39:15.707+0000] {processor.py:925} INFO - DAG(s) 'latest_only_with_trigger' retrieved from /home/airflow/.local/lib/python3.12/site-packages/airflow/example_dags/example_latest_only_with_trigger.py
[2025-01-16T15:39:15.722+0000] {logging_mixin.py:190} INFO - [2025-01-16T15:39:15.722+0000] {dag.py:3239} INFO - Sync 1 DAGs
[2025-01-16T15:39:15.740+0000] {logging_mixin.py:190} INFO - [2025-01-16T15:39:15.739+0000] {dag.py:4180} INFO - Setting next_dagrun for latest_only_with_trigger to 2025-01-16 08:00:00+00:00, run_after=2025-01-16 12:00:00+00:00
[2025-01-16T15:39:15.754+0000] {processor.py:208} INFO - Processing /home/airflow/.local/lib/python3.12/site-packages/airflow/example_dags/example_latest_only_with_trigger.py took 0.060 seconds
[2025-01-16T15:39:46.073+0000] {processor.py:186} INFO - Started process (PID=3634) to work on /home/airflow/.local/lib/python3.12/site-packages/airflow/example_dags/example_latest_only_with_trigger.py
[2025-01-16T15:39:46.074+0000] {processor.py:914} INFO - Processing file /home/airflow/.local/lib/python3.12/site-packages/airflow/example_dags/example_latest_only_with_trigger.py for tasks to queue
[2025-01-16T15:39:46.076+0000] {logging_mixin.py:190} INFO - [2025-01-16T15:39:46.075+0000] {dagbag.py:588} INFO - Filling up the DagBag from /home/airflow/.local/lib/python3.12/site-packages/airflow/example_dags/example_latest_only_with_trigger.py
[2025-01-16T15:39:46.082+0000] {processor.py:925} INFO - DAG(s) 'latest_only_with_trigger' retrieved from /home/airflow/.local/lib/python3.12/site-packages/airflow/example_dags/example_latest_only_with_trigger.py
[2025-01-16T15:39:46.100+0000] {logging_mixin.py:190} INFO - [2025-01-16T15:39:46.100+0000] {dag.py:3239} INFO - Sync 1 DAGs
[2025-01-16T15:39:46.119+0000] {logging_mixin.py:190} INFO - [2025-01-16T15:39:46.119+0000] {dag.py:4180} INFO - Setting next_dagrun for latest_only_with_trigger to 2025-01-16 08:00:00+00:00, run_after=2025-01-16 12:00:00+00:00
[2025-01-16T15:39:46.134+0000] {processor.py:208} INFO - Processing /home/airflow/.local/lib/python3.12/site-packages/airflow/example_dags/example_latest_only_with_trigger.py took 0.065 seconds
[2025-01-16T15:40:17.534+0000] {processor.py:186} INFO - Started process (PID=3930) to work on /home/airflow/.local/lib/python3.12/site-packages/airflow/example_dags/example_latest_only_with_trigger.py
[2025-01-16T15:40:17.535+0000] {processor.py:914} INFO - Processing file /home/airflow/.local/lib/python3.12/site-packages/airflow/example_dags/example_latest_only_with_trigger.py for tasks to queue
[2025-01-16T15:40:17.537+0000] {logging_mixin.py:190} INFO - [2025-01-16T15:40:17.537+0000] {dagbag.py:588} INFO - Filling up the DagBag from /home/airflow/.local/lib/python3.12/site-packages/airflow/example_dags/example_latest_only_with_trigger.py
[2025-01-16T15:40:17.543+0000] {processor.py:925} INFO - DAG(s) 'latest_only_with_trigger' retrieved from /home/airflow/.local/lib/python3.12/site-packages/airflow/example_dags/example_latest_only_with_trigger.py
[2025-01-16T15:40:17.560+0000] {logging_mixin.py:190} INFO - [2025-01-16T15:40:17.560+0000] {dag.py:3239} INFO - Sync 1 DAGs
[2025-01-16T15:40:17.580+0000] {logging_mixin.py:190} INFO - [2025-01-16T15:40:17.580+0000] {dag.py:4180} INFO - Setting next_dagrun for latest_only_with_trigger to 2025-01-16 08:00:00+00:00, run_after=2025-01-16 12:00:00+00:00
[2025-01-16T15:40:17.597+0000] {processor.py:208} INFO - Processing /home/airflow/.local/lib/python3.12/site-packages/airflow/example_dags/example_latest_only_with_trigger.py took 0.070 seconds
[2025-01-16T15:40:49.837+0000] {processor.py:186} INFO - Started process (PID=4231) to work on /home/airflow/.local/lib/python3.12/site-packages/airflow/example_dags/example_latest_only_with_trigger.py
[2025-01-16T15:40:49.838+0000] {processor.py:914} INFO - Processing file /home/airflow/.local/lib/python3.12/site-packages/airflow/example_dags/example_latest_only_with_trigger.py for tasks to queue
[2025-01-16T15:40:49.840+0000] {logging_mixin.py:190} INFO - [2025-01-16T15:40:49.840+0000] {dagbag.py:588} INFO - Filling up the DagBag from /home/airflow/.local/lib/python3.12/site-packages/airflow/example_dags/example_latest_only_with_trigger.py
[2025-01-16T15:40:49.846+0000] {processor.py:925} INFO - DAG(s) 'latest_only_with_trigger' retrieved from /home/airflow/.local/lib/python3.12/site-packages/airflow/example_dags/example_latest_only_with_trigger.py
[2025-01-16T15:40:49.861+0000] {logging_mixin.py:190} INFO - [2025-01-16T15:40:49.861+0000] {dag.py:3239} INFO - Sync 1 DAGs
[2025-01-16T15:40:49.884+0000] {logging_mixin.py:190} INFO - [2025-01-16T15:40:49.884+0000] {dag.py:4180} INFO - Setting next_dagrun for latest_only_with_trigger to 2025-01-16 08:00:00+00:00, run_after=2025-01-16 12:00:00+00:00
[2025-01-16T15:40:49.902+0000] {processor.py:208} INFO - Processing /home/airflow/.local/lib/python3.12/site-packages/airflow/example_dags/example_latest_only_with_trigger.py took 0.071 seconds
[2025-01-16T15:41:20.343+0000] {processor.py:186} INFO - Started process (PID=4527) to work on /home/airflow/.local/lib/python3.12/site-packages/airflow/example_dags/example_latest_only_with_trigger.py
[2025-01-16T15:41:20.344+0000] {processor.py:914} INFO - Processing file /home/airflow/.local/lib/python3.12/site-packages/airflow/example_dags/example_latest_only_with_trigger.py for tasks to queue
[2025-01-16T15:41:20.346+0000] {logging_mixin.py:190} INFO - [2025-01-16T15:41:20.345+0000] {dagbag.py:588} INFO - Filling up the DagBag from /home/airflow/.local/lib/python3.12/site-packages/airflow/example_dags/example_latest_only_with_trigger.py
[2025-01-16T15:41:20.351+0000] {processor.py:925} INFO - DAG(s) 'latest_only_with_trigger' retrieved from /home/airflow/.local/lib/python3.12/site-packages/airflow/example_dags/example_latest_only_with_trigger.py
[2025-01-16T15:41:20.367+0000] {logging_mixin.py:190} INFO - [2025-01-16T15:41:20.366+0000] {dag.py:3239} INFO - Sync 1 DAGs
[2025-01-16T15:41:20.384+0000] {logging_mixin.py:190} INFO - [2025-01-16T15:41:20.384+0000] {dag.py:4180} INFO - Setting next_dagrun for latest_only_with_trigger to 2025-01-16 08:00:00+00:00, run_after=2025-01-16 12:00:00+00:00
[2025-01-16T15:41:20.397+0000] {processor.py:208} INFO - Processing /home/airflow/.local/lib/python3.12/site-packages/airflow/example_dags/example_latest_only_with_trigger.py took 0.058 seconds
[2025-01-16T15:41:51.808+0000] {processor.py:186} INFO - Started process (PID=4823) to work on /home/airflow/.local/lib/python3.12/site-packages/airflow/example_dags/example_latest_only_with_trigger.py
[2025-01-16T15:41:51.809+0000] {processor.py:914} INFO - Processing file /home/airflow/.local/lib/python3.12/site-packages/airflow/example_dags/example_latest_only_with_trigger.py for tasks to queue
[2025-01-16T15:41:51.811+0000] {logging_mixin.py:190} INFO - [2025-01-16T15:41:51.811+0000] {dagbag.py:588} INFO - Filling up the DagBag from /home/airflow/.local/lib/python3.12/site-packages/airflow/example_dags/example_latest_only_with_trigger.py
[2025-01-16T15:41:51.816+0000] {processor.py:925} INFO - DAG(s) 'latest_only_with_trigger' retrieved from /home/airflow/.local/lib/python3.12/site-packages/airflow/example_dags/example_latest_only_with_trigger.py
[2025-01-16T15:41:51.832+0000] {logging_mixin.py:190} INFO - [2025-01-16T15:41:51.832+0000] {dag.py:3239} INFO - Sync 1 DAGs
[2025-01-16T15:41:51.850+0000] {logging_mixin.py:190} INFO - [2025-01-16T15:41:51.850+0000] {dag.py:4180} INFO - Setting next_dagrun for latest_only_with_trigger to 2025-01-16 08:00:00+00:00, run_after=2025-01-16 12:00:00+00:00
[2025-01-16T15:41:51.864+0000] {processor.py:208} INFO - Processing /home/airflow/.local/lib/python3.12/site-packages/airflow/example_dags/example_latest_only_with_trigger.py took 0.061 seconds
[2025-01-16T15:42:23.127+0000] {processor.py:186} INFO - Started process (PID=5119) to work on /home/airflow/.local/lib/python3.12/site-packages/airflow/example_dags/example_latest_only_with_trigger.py
[2025-01-16T15:42:23.128+0000] {processor.py:914} INFO - Processing file /home/airflow/.local/lib/python3.12/site-packages/airflow/example_dags/example_latest_only_with_trigger.py for tasks to queue
[2025-01-16T15:42:23.130+0000] {logging_mixin.py:190} INFO - [2025-01-16T15:42:23.129+0000] {dagbag.py:588} INFO - Filling up the DagBag from /home/airflow/.local/lib/python3.12/site-packages/airflow/example_dags/example_latest_only_with_trigger.py
[2025-01-16T15:42:23.135+0000] {processor.py:925} INFO - DAG(s) 'latest_only_with_trigger' retrieved from /home/airflow/.local/lib/python3.12/site-packages/airflow/example_dags/example_latest_only_with_trigger.py
[2025-01-16T15:42:23.150+0000] {logging_mixin.py:190} INFO - [2025-01-16T15:42:23.150+0000] {dag.py:3239} INFO - Sync 1 DAGs
[2025-01-16T15:42:23.167+0000] {logging_mixin.py:190} INFO - [2025-01-16T15:42:23.167+0000] {dag.py:4180} INFO - Setting next_dagrun for latest_only_with_trigger to 2025-01-16 08:00:00+00:00, run_after=2025-01-16 12:00:00+00:00
[2025-01-16T15:42:23.181+0000] {processor.py:208} INFO - Processing /home/airflow/.local/lib/python3.12/site-packages/airflow/example_dags/example_latest_only_with_trigger.py took 0.058 seconds
[2025-01-16T15:42:54.278+0000] {processor.py:186} INFO - Started process (PID=5415) to work on /home/airflow/.local/lib/python3.12/site-packages/airflow/example_dags/example_latest_only_with_trigger.py
[2025-01-16T15:42:54.279+0000] {processor.py:914} INFO - Processing file /home/airflow/.local/lib/python3.12/site-packages/airflow/example_dags/example_latest_only_with_trigger.py for tasks to queue
[2025-01-16T15:42:54.280+0000] {logging_mixin.py:190} INFO - [2025-01-16T15:42:54.280+0000] {dagbag.py:588} INFO - Filling up the DagBag from /home/airflow/.local/lib/python3.12/site-packages/airflow/example_dags/example_latest_only_with_trigger.py
[2025-01-16T15:42:54.286+0000] {processor.py:925} INFO - DAG(s) 'latest_only_with_trigger' retrieved from /home/airflow/.local/lib/python3.12/site-packages/airflow/example_dags/example_latest_only_with_trigger.py
[2025-01-16T15:42:54.303+0000] {logging_mixin.py:190} INFO - [2025-01-16T15:42:54.302+0000] {dag.py:3239} INFO - Sync 1 DAGs
[2025-01-16T15:42:54.320+0000] {logging_mixin.py:190} INFO - [2025-01-16T15:42:54.320+0000] {dag.py:4180} INFO - Setting next_dagrun for latest_only_with_trigger to 2025-01-16 08:00:00+00:00, run_after=2025-01-16 12:00:00+00:00
[2025-01-16T15:42:54.333+0000] {processor.py:208} INFO - Processing /home/airflow/.local/lib/python3.12/site-packages/airflow/example_dags/example_latest_only_with_trigger.py took 0.059 seconds
[2025-01-16T15:43:25.381+0000] {processor.py:186} INFO - Started process (PID=5711) to work on /home/airflow/.local/lib/python3.12/site-packages/airflow/example_dags/example_latest_only_with_trigger.py
[2025-01-16T15:43:25.382+0000] {processor.py:914} INFO - Processing file /home/airflow/.local/lib/python3.12/site-packages/airflow/example_dags/example_latest_only_with_trigger.py for tasks to queue
[2025-01-16T15:43:25.384+0000] {logging_mixin.py:190} INFO - [2025-01-16T15:43:25.383+0000] {dagbag.py:588} INFO - Filling up the DagBag from /home/airflow/.local/lib/python3.12/site-packages/airflow/example_dags/example_latest_only_with_trigger.py
[2025-01-16T15:43:25.389+0000] {processor.py:925} INFO - DAG(s) 'latest_only_with_trigger' retrieved from /home/airflow/.local/lib/python3.12/site-packages/airflow/example_dags/example_latest_only_with_trigger.py
[2025-01-16T15:43:25.405+0000] {logging_mixin.py:190} INFO - [2025-01-16T15:43:25.404+0000] {dag.py:3239} INFO - Sync 1 DAGs
[2025-01-16T15:43:25.423+0000] {logging_mixin.py:190} INFO - [2025-01-16T15:43:25.423+0000] {dag.py:4180} INFO - Setting next_dagrun for latest_only_with_trigger to 2025-01-16 08:00:00+00:00, run_after=2025-01-16 12:00:00+00:00
[2025-01-16T15:43:25.437+0000] {processor.py:208} INFO - Processing /home/airflow/.local/lib/python3.12/site-packages/airflow/example_dags/example_latest_only_with_trigger.py took 0.061 seconds
[2025-01-16T15:43:57.233+0000] {processor.py:186} INFO - Started process (PID=6007) to work on /home/airflow/.local/lib/python3.12/site-packages/airflow/example_dags/example_latest_only_with_trigger.py
[2025-01-16T15:43:57.234+0000] {processor.py:914} INFO - Processing file /home/airflow/.local/lib/python3.12/site-packages/airflow/example_dags/example_latest_only_with_trigger.py for tasks to queue
[2025-01-16T15:43:57.236+0000] {logging_mixin.py:190} INFO - [2025-01-16T15:43:57.236+0000] {dagbag.py:588} INFO - Filling up the DagBag from /home/airflow/.local/lib/python3.12/site-packages/airflow/example_dags/example_latest_only_with_trigger.py
[2025-01-16T15:43:57.241+0000] {processor.py:925} INFO - DAG(s) 'latest_only_with_trigger' retrieved from /home/airflow/.local/lib/python3.12/site-packages/airflow/example_dags/example_latest_only_with_trigger.py
[2025-01-16T15:43:57.257+0000] {logging_mixin.py:190} INFO - [2025-01-16T15:43:57.256+0000] {dag.py:3239} INFO - Sync 1 DAGs
[2025-01-16T15:43:57.275+0000] {logging_mixin.py:190} INFO - [2025-01-16T15:43:57.275+0000] {dag.py:4180} INFO - Setting next_dagrun for latest_only_with_trigger to 2025-01-16 08:00:00+00:00, run_after=2025-01-16 12:00:00+00:00
[2025-01-16T15:43:57.288+0000] {processor.py:208} INFO - Processing /home/airflow/.local/lib/python3.12/site-packages/airflow/example_dags/example_latest_only_with_trigger.py took 0.059 seconds
[2025-01-16T15:44:28.416+0000] {processor.py:186} INFO - Started process (PID=6303) to work on /home/airflow/.local/lib/python3.12/site-packages/airflow/example_dags/example_latest_only_with_trigger.py
[2025-01-16T15:44:28.417+0000] {processor.py:914} INFO - Processing file /home/airflow/.local/lib/python3.12/site-packages/airflow/example_dags/example_latest_only_with_trigger.py for tasks to queue
[2025-01-16T15:44:28.418+0000] {logging_mixin.py:190} INFO - [2025-01-16T15:44:28.418+0000] {dagbag.py:588} INFO - Filling up the DagBag from /home/airflow/.local/lib/python3.12/site-packages/airflow/example_dags/example_latest_only_with_trigger.py
[2025-01-16T15:44:28.424+0000] {processor.py:925} INFO - DAG(s) 'latest_only_with_trigger' retrieved from /home/airflow/.local/lib/python3.12/site-packages/airflow/example_dags/example_latest_only_with_trigger.py
[2025-01-16T15:44:28.439+0000] {logging_mixin.py:190} INFO - [2025-01-16T15:44:28.439+0000] {dag.py:3239} INFO - Sync 1 DAGs
[2025-01-16T15:44:28.456+0000] {logging_mixin.py:190} INFO - [2025-01-16T15:44:28.455+0000] {dag.py:4180} INFO - Setting next_dagrun for latest_only_with_trigger to 2025-01-16 08:00:00+00:00, run_after=2025-01-16 12:00:00+00:00
[2025-01-16T15:44:28.469+0000] {processor.py:208} INFO - Processing /home/airflow/.local/lib/python3.12/site-packages/airflow/example_dags/example_latest_only_with_trigger.py took 0.057 seconds
[2025-01-16T15:44:59.414+0000] {processor.py:186} INFO - Started process (PID=6599) to work on /home/airflow/.local/lib/python3.12/site-packages/airflow/example_dags/example_latest_only_with_trigger.py
[2025-01-16T15:44:59.415+0000] {processor.py:914} INFO - Processing file /home/airflow/.local/lib/python3.12/site-packages/airflow/example_dags/example_latest_only_with_trigger.py for tasks to queue
[2025-01-16T15:44:59.417+0000] {logging_mixin.py:190} INFO - [2025-01-16T15:44:59.416+0000] {dagbag.py:588} INFO - Filling up the DagBag from /home/airflow/.local/lib/python3.12/site-packages/airflow/example_dags/example_latest_only_with_trigger.py
[2025-01-16T15:44:59.422+0000] {processor.py:925} INFO - DAG(s) 'latest_only_with_trigger' retrieved from /home/airflow/.local/lib/python3.12/site-packages/airflow/example_dags/example_latest_only_with_trigger.py
[2025-01-16T15:44:59.437+0000] {logging_mixin.py:190} INFO - [2025-01-16T15:44:59.437+0000] {dag.py:3239} INFO - Sync 1 DAGs
[2025-01-16T15:44:59.455+0000] {logging_mixin.py:190} INFO - [2025-01-16T15:44:59.455+0000] {dag.py:4180} INFO - Setting next_dagrun for latest_only_with_trigger to 2025-01-16 08:00:00+00:00, run_after=2025-01-16 12:00:00+00:00
[2025-01-16T15:44:59.468+0000] {processor.py:208} INFO - Processing /home/airflow/.local/lib/python3.12/site-packages/airflow/example_dags/example_latest_only_with_trigger.py took 0.059 seconds
[2025-01-16T15:45:30.638+0000] {processor.py:186} INFO - Started process (PID=6901) to work on /home/airflow/.local/lib/python3.12/site-packages/airflow/example_dags/example_latest_only_with_trigger.py
[2025-01-16T15:45:30.639+0000] {processor.py:914} INFO - Processing file /home/airflow/.local/lib/python3.12/site-packages/airflow/example_dags/example_latest_only_with_trigger.py for tasks to queue
[2025-01-16T15:45:30.641+0000] {logging_mixin.py:190} INFO - [2025-01-16T15:45:30.641+0000] {dagbag.py:588} INFO - Filling up the DagBag from /home/airflow/.local/lib/python3.12/site-packages/airflow/example_dags/example_latest_only_with_trigger.py
[2025-01-16T15:45:30.646+0000] {processor.py:925} INFO - DAG(s) 'latest_only_with_trigger' retrieved from /home/airflow/.local/lib/python3.12/site-packages/airflow/example_dags/example_latest_only_with_trigger.py
[2025-01-16T15:45:30.661+0000] {logging_mixin.py:190} INFO - [2025-01-16T15:45:30.661+0000] {dag.py:3239} INFO - Sync 1 DAGs
[2025-01-16T15:45:30.679+0000] {logging_mixin.py:190} INFO - [2025-01-16T15:45:30.678+0000] {dag.py:4180} INFO - Setting next_dagrun for latest_only_with_trigger to 2025-01-16 08:00:00+00:00, run_after=2025-01-16 12:00:00+00:00
[2025-01-16T15:45:30.692+0000] {processor.py:208} INFO - Processing /home/airflow/.local/lib/python3.12/site-packages/airflow/example_dags/example_latest_only_with_trigger.py took 0.057 seconds
[2025-01-16T15:46:02.340+0000] {processor.py:186} INFO - Started process (PID=7197) to work on /home/airflow/.local/lib/python3.12/site-packages/airflow/example_dags/example_latest_only_with_trigger.py
[2025-01-16T15:46:02.341+0000] {processor.py:914} INFO - Processing file /home/airflow/.local/lib/python3.12/site-packages/airflow/example_dags/example_latest_only_with_trigger.py for tasks to queue
[2025-01-16T15:46:02.344+0000] {logging_mixin.py:190} INFO - [2025-01-16T15:46:02.343+0000] {dagbag.py:588} INFO - Filling up the DagBag from /home/airflow/.local/lib/python3.12/site-packages/airflow/example_dags/example_latest_only_with_trigger.py
[2025-01-16T15:46:02.350+0000] {processor.py:925} INFO - DAG(s) 'latest_only_with_trigger' retrieved from /home/airflow/.local/lib/python3.12/site-packages/airflow/example_dags/example_latest_only_with_trigger.py
[2025-01-16T15:46:02.369+0000] {logging_mixin.py:190} INFO - [2025-01-16T15:46:02.369+0000] {dag.py:3239} INFO - Sync 1 DAGs
[2025-01-16T15:46:02.392+0000] {logging_mixin.py:190} INFO - [2025-01-16T15:46:02.391+0000] {dag.py:4180} INFO - Setting next_dagrun for latest_only_with_trigger to 2025-01-16 08:00:00+00:00, run_after=2025-01-16 12:00:00+00:00
[2025-01-16T15:46:02.408+0000] {processor.py:208} INFO - Processing /home/airflow/.local/lib/python3.12/site-packages/airflow/example_dags/example_latest_only_with_trigger.py took 0.072 seconds
[2025-01-16T15:46:33.433+0000] {processor.py:186} INFO - Started process (PID=7493) to work on /home/airflow/.local/lib/python3.12/site-packages/airflow/example_dags/example_latest_only_with_trigger.py
[2025-01-16T15:46:33.434+0000] {processor.py:914} INFO - Processing file /home/airflow/.local/lib/python3.12/site-packages/airflow/example_dags/example_latest_only_with_trigger.py for tasks to queue
[2025-01-16T15:46:33.436+0000] {logging_mixin.py:190} INFO - [2025-01-16T15:46:33.435+0000] {dagbag.py:588} INFO - Filling up the DagBag from /home/airflow/.local/lib/python3.12/site-packages/airflow/example_dags/example_latest_only_with_trigger.py
[2025-01-16T15:46:33.441+0000] {processor.py:925} INFO - DAG(s) 'latest_only_with_trigger' retrieved from /home/airflow/.local/lib/python3.12/site-packages/airflow/example_dags/example_latest_only_with_trigger.py
[2025-01-16T15:46:33.458+0000] {logging_mixin.py:190} INFO - [2025-01-16T15:46:33.458+0000] {dag.py:3239} INFO - Sync 1 DAGs
[2025-01-16T15:46:33.476+0000] {logging_mixin.py:190} INFO - [2025-01-16T15:46:33.476+0000] {dag.py:4180} INFO - Setting next_dagrun for latest_only_with_trigger to 2025-01-16 08:00:00+00:00, run_after=2025-01-16 12:00:00+00:00
[2025-01-16T15:46:33.489+0000] {processor.py:208} INFO - Processing /home/airflow/.local/lib/python3.12/site-packages/airflow/example_dags/example_latest_only_with_trigger.py took 0.062 seconds
[2025-01-16T15:47:04.101+0000] {processor.py:186} INFO - Started process (PID=7789) to work on /home/airflow/.local/lib/python3.12/site-packages/airflow/example_dags/example_latest_only_with_trigger.py
[2025-01-16T15:47:04.102+0000] {processor.py:914} INFO - Processing file /home/airflow/.local/lib/python3.12/site-packages/airflow/example_dags/example_latest_only_with_trigger.py for tasks to queue
[2025-01-16T15:47:04.103+0000] {logging_mixin.py:190} INFO - [2025-01-16T15:47:04.103+0000] {dagbag.py:588} INFO - Filling up the DagBag from /home/airflow/.local/lib/python3.12/site-packages/airflow/example_dags/example_latest_only_with_trigger.py
[2025-01-16T15:47:04.109+0000] {processor.py:925} INFO - DAG(s) 'latest_only_with_trigger' retrieved from /home/airflow/.local/lib/python3.12/site-packages/airflow/example_dags/example_latest_only_with_trigger.py
[2025-01-16T15:47:04.124+0000] {logging_mixin.py:190} INFO - [2025-01-16T15:47:04.124+0000] {dag.py:3239} INFO - Sync 1 DAGs
[2025-01-16T15:47:04.142+0000] {logging_mixin.py:190} INFO - [2025-01-16T15:47:04.142+0000] {dag.py:4180} INFO - Setting next_dagrun for latest_only_with_trigger to 2025-01-16 08:00:00+00:00, run_after=2025-01-16 12:00:00+00:00
[2025-01-16T15:47:04.156+0000] {processor.py:208} INFO - Processing /home/airflow/.local/lib/python3.12/site-packages/airflow/example_dags/example_latest_only_with_trigger.py took 0.060 seconds
[2025-01-16T15:47:34.999+0000] {processor.py:186} INFO - Started process (PID=8085) to work on /home/airflow/.local/lib/python3.12/site-packages/airflow/example_dags/example_latest_only_with_trigger.py
[2025-01-16T15:47:35.000+0000] {processor.py:914} INFO - Processing file /home/airflow/.local/lib/python3.12/site-packages/airflow/example_dags/example_latest_only_with_trigger.py for tasks to queue
[2025-01-16T15:47:35.001+0000] {logging_mixin.py:190} INFO - [2025-01-16T15:47:35.001+0000] {dagbag.py:588} INFO - Filling up the DagBag from /home/airflow/.local/lib/python3.12/site-packages/airflow/example_dags/example_latest_only_with_trigger.py
[2025-01-16T15:47:35.007+0000] {processor.py:925} INFO - DAG(s) 'latest_only_with_trigger' retrieved from /home/airflow/.local/lib/python3.12/site-packages/airflow/example_dags/example_latest_only_with_trigger.py
[2025-01-16T15:47:35.023+0000] {logging_mixin.py:190} INFO - [2025-01-16T15:47:35.023+0000] {dag.py:3239} INFO - Sync 1 DAGs
[2025-01-16T15:47:35.040+0000] {logging_mixin.py:190} INFO - [2025-01-16T15:47:35.040+0000] {dag.py:4180} INFO - Setting next_dagrun for latest_only_with_trigger to 2025-01-16 08:00:00+00:00, run_after=2025-01-16 12:00:00+00:00
[2025-01-16T15:47:35.054+0000] {processor.py:208} INFO - Processing /home/airflow/.local/lib/python3.12/site-packages/airflow/example_dags/example_latest_only_with_trigger.py took 0.060 seconds
[2025-01-16T15:48:06.529+0000] {processor.py:186} INFO - Started process (PID=8381) to work on /home/airflow/.local/lib/python3.12/site-packages/airflow/example_dags/example_latest_only_with_trigger.py
[2025-01-16T15:48:06.530+0000] {processor.py:914} INFO - Processing file /home/airflow/.local/lib/python3.12/site-packages/airflow/example_dags/example_latest_only_with_trigger.py for tasks to queue
[2025-01-16T15:48:06.531+0000] {logging_mixin.py:190} INFO - [2025-01-16T15:48:06.531+0000] {dagbag.py:588} INFO - Filling up the DagBag from /home/airflow/.local/lib/python3.12/site-packages/airflow/example_dags/example_latest_only_with_trigger.py
[2025-01-16T15:48:06.537+0000] {processor.py:925} INFO - DAG(s) 'latest_only_with_trigger' retrieved from /home/airflow/.local/lib/python3.12/site-packages/airflow/example_dags/example_latest_only_with_trigger.py
[2025-01-16T15:48:06.553+0000] {logging_mixin.py:190} INFO - [2025-01-16T15:48:06.552+0000] {dag.py:3239} INFO - Sync 1 DAGs
[2025-01-16T15:48:06.570+0000] {logging_mixin.py:190} INFO - [2025-01-16T15:48:06.570+0000] {dag.py:4180} INFO - Setting next_dagrun for latest_only_with_trigger to 2025-01-16 08:00:00+00:00, run_after=2025-01-16 12:00:00+00:00
[2025-01-16T15:48:06.582+0000] {processor.py:208} INFO - Processing /home/airflow/.local/lib/python3.12/site-packages/airflow/example_dags/example_latest_only_with_trigger.py took 0.057 seconds
[2025-01-16T15:48:37.308+0000] {processor.py:186} INFO - Started process (PID=8677) to work on /home/airflow/.local/lib/python3.12/site-packages/airflow/example_dags/example_latest_only_with_trigger.py
[2025-01-16T15:48:37.309+0000] {processor.py:914} INFO - Processing file /home/airflow/.local/lib/python3.12/site-packages/airflow/example_dags/example_latest_only_with_trigger.py for tasks to queue
[2025-01-16T15:48:37.311+0000] {logging_mixin.py:190} INFO - [2025-01-16T15:48:37.311+0000] {dagbag.py:588} INFO - Filling up the DagBag from /home/airflow/.local/lib/python3.12/site-packages/airflow/example_dags/example_latest_only_with_trigger.py
[2025-01-16T15:48:37.317+0000] {processor.py:925} INFO - DAG(s) 'latest_only_with_trigger' retrieved from /home/airflow/.local/lib/python3.12/site-packages/airflow/example_dags/example_latest_only_with_trigger.py
[2025-01-16T15:48:37.332+0000] {logging_mixin.py:190} INFO - [2025-01-16T15:48:37.332+0000] {dag.py:3239} INFO - Sync 1 DAGs
[2025-01-16T15:48:37.350+0000] {logging_mixin.py:190} INFO - [2025-01-16T15:48:37.350+0000] {dag.py:4180} INFO - Setting next_dagrun for latest_only_with_trigger to 2025-01-16 08:00:00+00:00, run_after=2025-01-16 12:00:00+00:00
[2025-01-16T15:48:37.362+0000] {processor.py:208} INFO - Processing /home/airflow/.local/lib/python3.12/site-packages/airflow/example_dags/example_latest_only_with_trigger.py took 0.059 seconds
[2025-01-16T15:49:09.509+0000] {processor.py:186} INFO - Started process (PID=8973) to work on /home/airflow/.local/lib/python3.12/site-packages/airflow/example_dags/example_latest_only_with_trigger.py
[2025-01-16T15:49:09.510+0000] {processor.py:914} INFO - Processing file /home/airflow/.local/lib/python3.12/site-packages/airflow/example_dags/example_latest_only_with_trigger.py for tasks to queue
[2025-01-16T15:49:09.511+0000] {logging_mixin.py:190} INFO - [2025-01-16T15:49:09.511+0000] {dagbag.py:588} INFO - Filling up the DagBag from /home/airflow/.local/lib/python3.12/site-packages/airflow/example_dags/example_latest_only_with_trigger.py
[2025-01-16T15:49:09.517+0000] {processor.py:925} INFO - DAG(s) 'latest_only_with_trigger' retrieved from /home/airflow/.local/lib/python3.12/site-packages/airflow/example_dags/example_latest_only_with_trigger.py
[2025-01-16T15:49:09.535+0000] {logging_mixin.py:190} INFO - [2025-01-16T15:49:09.535+0000] {dag.py:3239} INFO - Sync 1 DAGs
[2025-01-16T15:49:09.557+0000] {logging_mixin.py:190} INFO - [2025-01-16T15:49:09.557+0000] {dag.py:4180} INFO - Setting next_dagrun for latest_only_with_trigger to 2025-01-16 08:00:00+00:00, run_after=2025-01-16 12:00:00+00:00
[2025-01-16T15:49:09.576+0000] {processor.py:208} INFO - Processing /home/airflow/.local/lib/python3.12/site-packages/airflow/example_dags/example_latest_only_with_trigger.py took 0.072 seconds
[2025-01-16T15:49:40.264+0000] {processor.py:186} INFO - Started process (PID=9269) to work on /home/airflow/.local/lib/python3.12/site-packages/airflow/example_dags/example_latest_only_with_trigger.py
[2025-01-16T15:49:40.265+0000] {processor.py:914} INFO - Processing file /home/airflow/.local/lib/python3.12/site-packages/airflow/example_dags/example_latest_only_with_trigger.py for tasks to queue
[2025-01-16T15:49:40.267+0000] {logging_mixin.py:190} INFO - [2025-01-16T15:49:40.267+0000] {dagbag.py:588} INFO - Filling up the DagBag from /home/airflow/.local/lib/python3.12/site-packages/airflow/example_dags/example_latest_only_with_trigger.py
[2025-01-16T15:49:40.273+0000] {processor.py:925} INFO - DAG(s) 'latest_only_with_trigger' retrieved from /home/airflow/.local/lib/python3.12/site-packages/airflow/example_dags/example_latest_only_with_trigger.py
[2025-01-16T15:49:40.291+0000] {logging_mixin.py:190} INFO - [2025-01-16T15:49:40.291+0000] {dag.py:3239} INFO - Sync 1 DAGs
[2025-01-16T15:49:40.308+0000] {logging_mixin.py:190} INFO - [2025-01-16T15:49:40.308+0000] {dag.py:4180} INFO - Setting next_dagrun for latest_only_with_trigger to 2025-01-16 08:00:00+00:00, run_after=2025-01-16 12:00:00+00:00
[2025-01-16T15:49:40.325+0000] {processor.py:208} INFO - Processing /home/airflow/.local/lib/python3.12/site-packages/airflow/example_dags/example_latest_only_with_trigger.py took 0.065 seconds
[2025-01-16T15:50:11.898+0000] {processor.py:186} INFO - Started process (PID=9595) to work on /home/airflow/.local/lib/python3.12/site-packages/airflow/example_dags/example_latest_only_with_trigger.py
[2025-01-16T15:50:11.900+0000] {processor.py:914} INFO - Processing file /home/airflow/.local/lib/python3.12/site-packages/airflow/example_dags/example_latest_only_with_trigger.py for tasks to queue
[2025-01-16T15:50:11.902+0000] {logging_mixin.py:190} INFO - [2025-01-16T15:50:11.901+0000] {dagbag.py:588} INFO - Filling up the DagBag from /home/airflow/.local/lib/python3.12/site-packages/airflow/example_dags/example_latest_only_with_trigger.py
[2025-01-16T15:50:11.911+0000] {processor.py:925} INFO - DAG(s) 'latest_only_with_trigger' retrieved from /home/airflow/.local/lib/python3.12/site-packages/airflow/example_dags/example_latest_only_with_trigger.py
[2025-01-16T15:50:11.932+0000] {logging_mixin.py:190} INFO - [2025-01-16T15:50:11.931+0000] {dag.py:3239} INFO - Sync 1 DAGs
[2025-01-16T15:50:11.952+0000] {logging_mixin.py:190} INFO - [2025-01-16T15:50:11.952+0000] {dag.py:4180} INFO - Setting next_dagrun for latest_only_with_trigger to 2025-01-16 08:00:00+00:00, run_after=2025-01-16 12:00:00+00:00
[2025-01-16T15:50:11.969+0000] {processor.py:208} INFO - Processing /home/airflow/.local/lib/python3.12/site-packages/airflow/example_dags/example_latest_only_with_trigger.py took 0.077 seconds
[2025-01-16T15:50:42.547+0000] {processor.py:186} INFO - Started process (PID=9893) to work on /home/airflow/.local/lib/python3.12/site-packages/airflow/example_dags/example_latest_only_with_trigger.py
[2025-01-16T15:50:42.548+0000] {processor.py:914} INFO - Processing file /home/airflow/.local/lib/python3.12/site-packages/airflow/example_dags/example_latest_only_with_trigger.py for tasks to queue
[2025-01-16T15:50:42.550+0000] {logging_mixin.py:190} INFO - [2025-01-16T15:50:42.549+0000] {dagbag.py:588} INFO - Filling up the DagBag from /home/airflow/.local/lib/python3.12/site-packages/airflow/example_dags/example_latest_only_with_trigger.py
[2025-01-16T15:50:42.555+0000] {processor.py:925} INFO - DAG(s) 'latest_only_with_trigger' retrieved from /home/airflow/.local/lib/python3.12/site-packages/airflow/example_dags/example_latest_only_with_trigger.py
[2025-01-16T15:50:42.573+0000] {logging_mixin.py:190} INFO - [2025-01-16T15:50:42.573+0000] {dag.py:3239} INFO - Sync 1 DAGs
[2025-01-16T15:50:42.595+0000] {logging_mixin.py:190} INFO - [2025-01-16T15:50:42.595+0000] {dag.py:4180} INFO - Setting next_dagrun for latest_only_with_trigger to 2025-01-16 08:00:00+00:00, run_after=2025-01-16 12:00:00+00:00
[2025-01-16T15:50:42.612+0000] {processor.py:208} INFO - Processing /home/airflow/.local/lib/python3.12/site-packages/airflow/example_dags/example_latest_only_with_trigger.py took 0.070 seconds
[2025-01-16T15:51:13.121+0000] {processor.py:186} INFO - Started process (PID=10191) to work on /home/airflow/.local/lib/python3.12/site-packages/airflow/example_dags/example_latest_only_with_trigger.py
[2025-01-16T15:51:13.122+0000] {processor.py:914} INFO - Processing file /home/airflow/.local/lib/python3.12/site-packages/airflow/example_dags/example_latest_only_with_trigger.py for tasks to queue
[2025-01-16T15:51:13.123+0000] {logging_mixin.py:190} INFO - [2025-01-16T15:51:13.123+0000] {dagbag.py:588} INFO - Filling up the DagBag from /home/airflow/.local/lib/python3.12/site-packages/airflow/example_dags/example_latest_only_with_trigger.py
[2025-01-16T15:51:13.129+0000] {processor.py:925} INFO - DAG(s) 'latest_only_with_trigger' retrieved from /home/airflow/.local/lib/python3.12/site-packages/airflow/example_dags/example_latest_only_with_trigger.py
[2025-01-16T15:51:13.145+0000] {logging_mixin.py:190} INFO - [2025-01-16T15:51:13.145+0000] {dag.py:3239} INFO - Sync 1 DAGs
[2025-01-16T15:51:13.164+0000] {logging_mixin.py:190} INFO - [2025-01-16T15:51:13.164+0000] {dag.py:4180} INFO - Setting next_dagrun for latest_only_with_trigger to 2025-01-16 08:00:00+00:00, run_after=2025-01-16 12:00:00+00:00
[2025-01-16T15:51:13.180+0000] {processor.py:208} INFO - Processing /home/airflow/.local/lib/python3.12/site-packages/airflow/example_dags/example_latest_only_with_trigger.py took 0.064 seconds
[2025-01-16T15:51:44.853+0000] {processor.py:186} INFO - Started process (PID=10492) to work on /home/airflow/.local/lib/python3.12/site-packages/airflow/example_dags/example_latest_only_with_trigger.py
[2025-01-16T15:51:44.854+0000] {processor.py:914} INFO - Processing file /home/airflow/.local/lib/python3.12/site-packages/airflow/example_dags/example_latest_only_with_trigger.py for tasks to queue
[2025-01-16T15:51:44.855+0000] {logging_mixin.py:190} INFO - [2025-01-16T15:51:44.855+0000] {dagbag.py:588} INFO - Filling up the DagBag from /home/airflow/.local/lib/python3.12/site-packages/airflow/example_dags/example_latest_only_with_trigger.py
[2025-01-16T15:51:44.862+0000] {processor.py:925} INFO - DAG(s) 'latest_only_with_trigger' retrieved from /home/airflow/.local/lib/python3.12/site-packages/airflow/example_dags/example_latest_only_with_trigger.py
[2025-01-16T15:51:44.884+0000] {logging_mixin.py:190} INFO - [2025-01-16T15:51:44.883+0000] {dag.py:3239} INFO - Sync 1 DAGs
[2025-01-16T15:51:44.903+0000] {logging_mixin.py:190} INFO - [2025-01-16T15:51:44.903+0000] {dag.py:4180} INFO - Setting next_dagrun for latest_only_with_trigger to 2025-01-16 08:00:00+00:00, run_after=2025-01-16 12:00:00+00:00
[2025-01-16T15:51:44.918+0000] {processor.py:208} INFO - Processing /home/airflow/.local/lib/python3.12/site-packages/airflow/example_dags/example_latest_only_with_trigger.py took 0.070 seconds
[2025-01-16T15:52:15.950+0000] {processor.py:186} INFO - Started process (PID=10788) to work on /home/airflow/.local/lib/python3.12/site-packages/airflow/example_dags/example_latest_only_with_trigger.py
[2025-01-16T15:52:15.950+0000] {processor.py:914} INFO - Processing file /home/airflow/.local/lib/python3.12/site-packages/airflow/example_dags/example_latest_only_with_trigger.py for tasks to queue
[2025-01-16T15:52:15.952+0000] {logging_mixin.py:190} INFO - [2025-01-16T15:52:15.952+0000] {dagbag.py:588} INFO - Filling up the DagBag from /home/airflow/.local/lib/python3.12/site-packages/airflow/example_dags/example_latest_only_with_trigger.py
[2025-01-16T15:52:15.957+0000] {processor.py:925} INFO - DAG(s) 'latest_only_with_trigger' retrieved from /home/airflow/.local/lib/python3.12/site-packages/airflow/example_dags/example_latest_only_with_trigger.py
[2025-01-16T15:52:15.972+0000] {logging_mixin.py:190} INFO - [2025-01-16T15:52:15.972+0000] {dag.py:3239} INFO - Sync 1 DAGs
[2025-01-16T15:52:15.990+0000] {logging_mixin.py:190} INFO - [2025-01-16T15:52:15.989+0000] {dag.py:4180} INFO - Setting next_dagrun for latest_only_with_trigger to 2025-01-16 08:00:00+00:00, run_after=2025-01-16 12:00:00+00:00
[2025-01-16T15:52:16.002+0000] {processor.py:208} INFO - Processing /home/airflow/.local/lib/python3.12/site-packages/airflow/example_dags/example_latest_only_with_trigger.py took 0.057 seconds
[2025-01-16T15:52:47.146+0000] {processor.py:186} INFO - Started process (PID=11084) to work on /home/airflow/.local/lib/python3.12/site-packages/airflow/example_dags/example_latest_only_with_trigger.py
[2025-01-16T15:52:47.146+0000] {processor.py:914} INFO - Processing file /home/airflow/.local/lib/python3.12/site-packages/airflow/example_dags/example_latest_only_with_trigger.py for tasks to queue
[2025-01-16T15:52:47.148+0000] {logging_mixin.py:190} INFO - [2025-01-16T15:52:47.148+0000] {dagbag.py:588} INFO - Filling up the DagBag from /home/airflow/.local/lib/python3.12/site-packages/airflow/example_dags/example_latest_only_with_trigger.py
[2025-01-16T15:52:47.154+0000] {processor.py:925} INFO - DAG(s) 'latest_only_with_trigger' retrieved from /home/airflow/.local/lib/python3.12/site-packages/airflow/example_dags/example_latest_only_with_trigger.py
[2025-01-16T15:52:47.169+0000] {logging_mixin.py:190} INFO - [2025-01-16T15:52:47.169+0000] {dag.py:3239} INFO - Sync 1 DAGs
[2025-01-16T15:52:47.185+0000] {logging_mixin.py:190} INFO - [2025-01-16T15:52:47.185+0000] {dag.py:4180} INFO - Setting next_dagrun for latest_only_with_trigger to 2025-01-16 08:00:00+00:00, run_after=2025-01-16 12:00:00+00:00
[2025-01-16T15:52:47.198+0000] {processor.py:208} INFO - Processing /home/airflow/.local/lib/python3.12/site-packages/airflow/example_dags/example_latest_only_with_trigger.py took 0.057 seconds
[2025-01-16T15:53:18.031+0000] {processor.py:186} INFO - Started process (PID=11380) to work on /home/airflow/.local/lib/python3.12/site-packages/airflow/example_dags/example_latest_only_with_trigger.py
[2025-01-16T15:53:18.032+0000] {processor.py:914} INFO - Processing file /home/airflow/.local/lib/python3.12/site-packages/airflow/example_dags/example_latest_only_with_trigger.py for tasks to queue
[2025-01-16T15:53:18.034+0000] {logging_mixin.py:190} INFO - [2025-01-16T15:53:18.033+0000] {dagbag.py:588} INFO - Filling up the DagBag from /home/airflow/.local/lib/python3.12/site-packages/airflow/example_dags/example_latest_only_with_trigger.py
[2025-01-16T15:53:18.039+0000] {processor.py:925} INFO - DAG(s) 'latest_only_with_trigger' retrieved from /home/airflow/.local/lib/python3.12/site-packages/airflow/example_dags/example_latest_only_with_trigger.py
[2025-01-16T15:53:18.054+0000] {logging_mixin.py:190} INFO - [2025-01-16T15:53:18.053+0000] {dag.py:3239} INFO - Sync 1 DAGs
[2025-01-16T15:53:18.071+0000] {logging_mixin.py:190} INFO - [2025-01-16T15:53:18.070+0000] {dag.py:4180} INFO - Setting next_dagrun for latest_only_with_trigger to 2025-01-16 08:00:00+00:00, run_after=2025-01-16 12:00:00+00:00
[2025-01-16T15:53:18.083+0000] {processor.py:208} INFO - Processing /home/airflow/.local/lib/python3.12/site-packages/airflow/example_dags/example_latest_only_with_trigger.py took 0.056 seconds
[2025-01-16T15:53:48.668+0000] {processor.py:186} INFO - Started process (PID=11676) to work on /home/airflow/.local/lib/python3.12/site-packages/airflow/example_dags/example_latest_only_with_trigger.py
[2025-01-16T15:53:48.669+0000] {processor.py:914} INFO - Processing file /home/airflow/.local/lib/python3.12/site-packages/airflow/example_dags/example_latest_only_with_trigger.py for tasks to queue
[2025-01-16T15:53:48.671+0000] {logging_mixin.py:190} INFO - [2025-01-16T15:53:48.671+0000] {dagbag.py:588} INFO - Filling up the DagBag from /home/airflow/.local/lib/python3.12/site-packages/airflow/example_dags/example_latest_only_with_trigger.py
[2025-01-16T15:53:48.676+0000] {processor.py:925} INFO - DAG(s) 'latest_only_with_trigger' retrieved from /home/airflow/.local/lib/python3.12/site-packages/airflow/example_dags/example_latest_only_with_trigger.py
[2025-01-16T15:53:48.691+0000] {logging_mixin.py:190} INFO - [2025-01-16T15:53:48.691+0000] {dag.py:3239} INFO - Sync 1 DAGs
[2025-01-16T15:53:48.707+0000] {logging_mixin.py:190} INFO - [2025-01-16T15:53:48.707+0000] {dag.py:4180} INFO - Setting next_dagrun for latest_only_with_trigger to 2025-01-16 08:00:00+00:00, run_after=2025-01-16 12:00:00+00:00
[2025-01-16T15:53:48.719+0000] {processor.py:208} INFO - Processing /home/airflow/.local/lib/python3.12/site-packages/airflow/example_dags/example_latest_only_with_trigger.py took 0.056 seconds
[2025-01-16T15:54:19.323+0000] {processor.py:186} INFO - Started process (PID=11972) to work on /home/airflow/.local/lib/python3.12/site-packages/airflow/example_dags/example_latest_only_with_trigger.py
[2025-01-16T15:54:19.324+0000] {processor.py:914} INFO - Processing file /home/airflow/.local/lib/python3.12/site-packages/airflow/example_dags/example_latest_only_with_trigger.py for tasks to queue
[2025-01-16T15:54:19.325+0000] {logging_mixin.py:190} INFO - [2025-01-16T15:54:19.325+0000] {dagbag.py:588} INFO - Filling up the DagBag from /home/airflow/.local/lib/python3.12/site-packages/airflow/example_dags/example_latest_only_with_trigger.py
[2025-01-16T15:54:19.331+0000] {processor.py:925} INFO - DAG(s) 'latest_only_with_trigger' retrieved from /home/airflow/.local/lib/python3.12/site-packages/airflow/example_dags/example_latest_only_with_trigger.py
[2025-01-16T15:54:19.346+0000] {logging_mixin.py:190} INFO - [2025-01-16T15:54:19.345+0000] {dag.py:3239} INFO - Sync 1 DAGs
[2025-01-16T15:54:19.361+0000] {logging_mixin.py:190} INFO - [2025-01-16T15:54:19.361+0000] {dag.py:4180} INFO - Setting next_dagrun for latest_only_with_trigger to 2025-01-16 08:00:00+00:00, run_after=2025-01-16 12:00:00+00:00
[2025-01-16T15:54:19.374+0000] {processor.py:208} INFO - Processing /home/airflow/.local/lib/python3.12/site-packages/airflow/example_dags/example_latest_only_with_trigger.py took 0.055 seconds
[2025-01-16T15:54:50.015+0000] {processor.py:186} INFO - Started process (PID=12268) to work on /home/airflow/.local/lib/python3.12/site-packages/airflow/example_dags/example_latest_only_with_trigger.py
[2025-01-16T15:54:50.016+0000] {processor.py:914} INFO - Processing file /home/airflow/.local/lib/python3.12/site-packages/airflow/example_dags/example_latest_only_with_trigger.py for tasks to queue
[2025-01-16T15:54:50.017+0000] {logging_mixin.py:190} INFO - [2025-01-16T15:54:50.017+0000] {dagbag.py:588} INFO - Filling up the DagBag from /home/airflow/.local/lib/python3.12/site-packages/airflow/example_dags/example_latest_only_with_trigger.py
[2025-01-16T15:54:50.023+0000] {processor.py:925} INFO - DAG(s) 'latest_only_with_trigger' retrieved from /home/airflow/.local/lib/python3.12/site-packages/airflow/example_dags/example_latest_only_with_trigger.py
[2025-01-16T15:54:50.038+0000] {logging_mixin.py:190} INFO - [2025-01-16T15:54:50.037+0000] {dag.py:3239} INFO - Sync 1 DAGs
[2025-01-16T15:54:50.054+0000] {logging_mixin.py:190} INFO - [2025-01-16T15:54:50.054+0000] {dag.py:4180} INFO - Setting next_dagrun for latest_only_with_trigger to 2025-01-16 08:00:00+00:00, run_after=2025-01-16 12:00:00+00:00
[2025-01-16T15:54:50.066+0000] {processor.py:208} INFO - Processing /home/airflow/.local/lib/python3.12/site-packages/airflow/example_dags/example_latest_only_with_trigger.py took 0.055 seconds
[2025-01-16T15:55:20.781+0000] {processor.py:186} INFO - Started process (PID=12564) to work on /home/airflow/.local/lib/python3.12/site-packages/airflow/example_dags/example_latest_only_with_trigger.py
[2025-01-16T15:55:20.782+0000] {processor.py:914} INFO - Processing file /home/airflow/.local/lib/python3.12/site-packages/airflow/example_dags/example_latest_only_with_trigger.py for tasks to queue
[2025-01-16T15:55:20.783+0000] {logging_mixin.py:190} INFO - [2025-01-16T15:55:20.783+0000] {dagbag.py:588} INFO - Filling up the DagBag from /home/airflow/.local/lib/python3.12/site-packages/airflow/example_dags/example_latest_only_with_trigger.py
[2025-01-16T15:55:20.788+0000] {processor.py:925} INFO - DAG(s) 'latest_only_with_trigger' retrieved from /home/airflow/.local/lib/python3.12/site-packages/airflow/example_dags/example_latest_only_with_trigger.py
[2025-01-16T15:55:20.803+0000] {logging_mixin.py:190} INFO - [2025-01-16T15:55:20.803+0000] {dag.py:3239} INFO - Sync 1 DAGs
[2025-01-16T15:55:20.820+0000] {logging_mixin.py:190} INFO - [2025-01-16T15:55:20.820+0000] {dag.py:4180} INFO - Setting next_dagrun for latest_only_with_trigger to 2025-01-16 08:00:00+00:00, run_after=2025-01-16 12:00:00+00:00
[2025-01-16T15:55:20.833+0000] {processor.py:208} INFO - Processing /home/airflow/.local/lib/python3.12/site-packages/airflow/example_dags/example_latest_only_with_trigger.py took 0.056 seconds
[2025-01-16T15:55:51.562+0000] {processor.py:186} INFO - Started process (PID=12860) to work on /home/airflow/.local/lib/python3.12/site-packages/airflow/example_dags/example_latest_only_with_trigger.py
[2025-01-16T15:55:51.563+0000] {processor.py:914} INFO - Processing file /home/airflow/.local/lib/python3.12/site-packages/airflow/example_dags/example_latest_only_with_trigger.py for tasks to queue
[2025-01-16T15:55:51.564+0000] {logging_mixin.py:190} INFO - [2025-01-16T15:55:51.564+0000] {dagbag.py:588} INFO - Filling up the DagBag from /home/airflow/.local/lib/python3.12/site-packages/airflow/example_dags/example_latest_only_with_trigger.py
[2025-01-16T15:55:51.569+0000] {processor.py:925} INFO - DAG(s) 'latest_only_with_trigger' retrieved from /home/airflow/.local/lib/python3.12/site-packages/airflow/example_dags/example_latest_only_with_trigger.py
[2025-01-16T15:55:51.585+0000] {logging_mixin.py:190} INFO - [2025-01-16T15:55:51.584+0000] {dag.py:3239} INFO - Sync 1 DAGs
[2025-01-16T15:55:51.601+0000] {logging_mixin.py:190} INFO - [2025-01-16T15:55:51.601+0000] {dag.py:4180} INFO - Setting next_dagrun for latest_only_with_trigger to 2025-01-16 08:00:00+00:00, run_after=2025-01-16 12:00:00+00:00
[2025-01-16T15:55:51.614+0000] {processor.py:208} INFO - Processing /home/airflow/.local/lib/python3.12/site-packages/airflow/example_dags/example_latest_only_with_trigger.py took 0.056 seconds
[2025-01-16T15:56:22.646+0000] {processor.py:186} INFO - Started process (PID=13156) to work on /home/airflow/.local/lib/python3.12/site-packages/airflow/example_dags/example_latest_only_with_trigger.py
[2025-01-16T15:56:22.647+0000] {processor.py:914} INFO - Processing file /home/airflow/.local/lib/python3.12/site-packages/airflow/example_dags/example_latest_only_with_trigger.py for tasks to queue
[2025-01-16T15:56:22.649+0000] {logging_mixin.py:190} INFO - [2025-01-16T15:56:22.648+0000] {dagbag.py:588} INFO - Filling up the DagBag from /home/airflow/.local/lib/python3.12/site-packages/airflow/example_dags/example_latest_only_with_trigger.py
[2025-01-16T15:56:22.654+0000] {processor.py:925} INFO - DAG(s) 'latest_only_with_trigger' retrieved from /home/airflow/.local/lib/python3.12/site-packages/airflow/example_dags/example_latest_only_with_trigger.py
[2025-01-16T15:56:22.669+0000] {logging_mixin.py:190} INFO - [2025-01-16T15:56:22.669+0000] {dag.py:3239} INFO - Sync 1 DAGs
[2025-01-16T15:56:22.686+0000] {logging_mixin.py:190} INFO - [2025-01-16T15:56:22.686+0000] {dag.py:4180} INFO - Setting next_dagrun for latest_only_with_trigger to 2025-01-16 08:00:00+00:00, run_after=2025-01-16 12:00:00+00:00
[2025-01-16T15:56:22.699+0000] {processor.py:208} INFO - Processing /home/airflow/.local/lib/python3.12/site-packages/airflow/example_dags/example_latest_only_with_trigger.py took 0.058 seconds
[2025-01-16T15:56:53.550+0000] {processor.py:186} INFO - Started process (PID=13452) to work on /home/airflow/.local/lib/python3.12/site-packages/airflow/example_dags/example_latest_only_with_trigger.py
[2025-01-16T15:56:53.551+0000] {processor.py:914} INFO - Processing file /home/airflow/.local/lib/python3.12/site-packages/airflow/example_dags/example_latest_only_with_trigger.py for tasks to queue
[2025-01-16T15:56:53.553+0000] {logging_mixin.py:190} INFO - [2025-01-16T15:56:53.553+0000] {dagbag.py:588} INFO - Filling up the DagBag from /home/airflow/.local/lib/python3.12/site-packages/airflow/example_dags/example_latest_only_with_trigger.py
[2025-01-16T15:56:53.558+0000] {processor.py:925} INFO - DAG(s) 'latest_only_with_trigger' retrieved from /home/airflow/.local/lib/python3.12/site-packages/airflow/example_dags/example_latest_only_with_trigger.py
[2025-01-16T15:56:53.574+0000] {logging_mixin.py:190} INFO - [2025-01-16T15:56:53.574+0000] {dag.py:3239} INFO - Sync 1 DAGs
[2025-01-16T15:56:53.591+0000] {logging_mixin.py:190} INFO - [2025-01-16T15:56:53.591+0000] {dag.py:4180} INFO - Setting next_dagrun for latest_only_with_trigger to 2025-01-16 08:00:00+00:00, run_after=2025-01-16 12:00:00+00:00
[2025-01-16T15:56:53.604+0000] {processor.py:208} INFO - Processing /home/airflow/.local/lib/python3.12/site-packages/airflow/example_dags/example_latest_only_with_trigger.py took 0.058 seconds
[2025-01-16T15:57:24.590+0000] {processor.py:186} INFO - Started process (PID=13749) to work on /home/airflow/.local/lib/python3.12/site-packages/airflow/example_dags/example_latest_only_with_trigger.py
[2025-01-16T15:57:24.591+0000] {processor.py:914} INFO - Processing file /home/airflow/.local/lib/python3.12/site-packages/airflow/example_dags/example_latest_only_with_trigger.py for tasks to queue
[2025-01-16T15:57:24.592+0000] {logging_mixin.py:190} INFO - [2025-01-16T15:57:24.592+0000] {dagbag.py:588} INFO - Filling up the DagBag from /home/airflow/.local/lib/python3.12/site-packages/airflow/example_dags/example_latest_only_with_trigger.py
[2025-01-16T15:57:24.598+0000] {processor.py:925} INFO - DAG(s) 'latest_only_with_trigger' retrieved from /home/airflow/.local/lib/python3.12/site-packages/airflow/example_dags/example_latest_only_with_trigger.py
[2025-01-16T15:57:24.614+0000] {logging_mixin.py:190} INFO - [2025-01-16T15:57:24.614+0000] {dag.py:3239} INFO - Sync 1 DAGs
[2025-01-16T15:57:24.633+0000] {logging_mixin.py:190} INFO - [2025-01-16T15:57:24.632+0000] {dag.py:4180} INFO - Setting next_dagrun for latest_only_with_trigger to 2025-01-16 08:00:00+00:00, run_after=2025-01-16 12:00:00+00:00
[2025-01-16T15:57:24.647+0000] {processor.py:208} INFO - Processing /home/airflow/.local/lib/python3.12/site-packages/airflow/example_dags/example_latest_only_with_trigger.py took 0.062 seconds
[2025-01-16T15:57:55.629+0000] {processor.py:186} INFO - Started process (PID=14044) to work on /home/airflow/.local/lib/python3.12/site-packages/airflow/example_dags/example_latest_only_with_trigger.py
[2025-01-16T15:57:55.630+0000] {processor.py:914} INFO - Processing file /home/airflow/.local/lib/python3.12/site-packages/airflow/example_dags/example_latest_only_with_trigger.py for tasks to queue
[2025-01-16T15:57:55.632+0000] {logging_mixin.py:190} INFO - [2025-01-16T15:57:55.632+0000] {dagbag.py:588} INFO - Filling up the DagBag from /home/airflow/.local/lib/python3.12/site-packages/airflow/example_dags/example_latest_only_with_trigger.py
[2025-01-16T15:57:55.638+0000] {processor.py:925} INFO - DAG(s) 'latest_only_with_trigger' retrieved from /home/airflow/.local/lib/python3.12/site-packages/airflow/example_dags/example_latest_only_with_trigger.py
[2025-01-16T15:57:55.653+0000] {logging_mixin.py:190} INFO - [2025-01-16T15:57:55.653+0000] {dag.py:3239} INFO - Sync 1 DAGs
[2025-01-16T15:57:55.671+0000] {logging_mixin.py:190} INFO - [2025-01-16T15:57:55.671+0000] {dag.py:4180} INFO - Setting next_dagrun for latest_only_with_trigger to 2025-01-16 08:00:00+00:00, run_after=2025-01-16 12:00:00+00:00
[2025-01-16T15:57:55.685+0000] {processor.py:208} INFO - Processing /home/airflow/.local/lib/python3.12/site-packages/airflow/example_dags/example_latest_only_with_trigger.py took 0.060 seconds
[2025-01-16T15:58:26.877+0000] {processor.py:186} INFO - Started process (PID=14340) to work on /home/airflow/.local/lib/python3.12/site-packages/airflow/example_dags/example_latest_only_with_trigger.py
[2025-01-16T15:58:26.878+0000] {processor.py:914} INFO - Processing file /home/airflow/.local/lib/python3.12/site-packages/airflow/example_dags/example_latest_only_with_trigger.py for tasks to queue
[2025-01-16T15:58:26.879+0000] {logging_mixin.py:190} INFO - [2025-01-16T15:58:26.879+0000] {dagbag.py:588} INFO - Filling up the DagBag from /home/airflow/.local/lib/python3.12/site-packages/airflow/example_dags/example_latest_only_with_trigger.py
[2025-01-16T15:58:26.887+0000] {processor.py:925} INFO - DAG(s) 'latest_only_with_trigger' retrieved from /home/airflow/.local/lib/python3.12/site-packages/airflow/example_dags/example_latest_only_with_trigger.py
[2025-01-16T15:58:26.906+0000] {logging_mixin.py:190} INFO - [2025-01-16T15:58:26.906+0000] {dag.py:3239} INFO - Sync 1 DAGs
[2025-01-16T15:58:26.929+0000] {logging_mixin.py:190} INFO - [2025-01-16T15:58:26.929+0000] {dag.py:4180} INFO - Setting next_dagrun for latest_only_with_trigger to 2025-01-16 08:00:00+00:00, run_after=2025-01-16 12:00:00+00:00
[2025-01-16T15:58:26.945+0000] {processor.py:208} INFO - Processing /home/airflow/.local/lib/python3.12/site-packages/airflow/example_dags/example_latest_only_with_trigger.py took 0.073 seconds
[2025-01-16T15:58:57.883+0000] {processor.py:186} INFO - Started process (PID=14631) to work on /home/airflow/.local/lib/python3.12/site-packages/airflow/example_dags/example_latest_only_with_trigger.py
[2025-01-16T15:58:57.884+0000] {processor.py:914} INFO - Processing file /home/airflow/.local/lib/python3.12/site-packages/airflow/example_dags/example_latest_only_with_trigger.py for tasks to queue
[2025-01-16T15:58:57.886+0000] {logging_mixin.py:190} INFO - [2025-01-16T15:58:57.885+0000] {dagbag.py:588} INFO - Filling up the DagBag from /home/airflow/.local/lib/python3.12/site-packages/airflow/example_dags/example_latest_only_with_trigger.py
[2025-01-16T15:58:57.891+0000] {processor.py:925} INFO - DAG(s) 'latest_only_with_trigger' retrieved from /home/airflow/.local/lib/python3.12/site-packages/airflow/example_dags/example_latest_only_with_trigger.py
[2025-01-16T15:58:57.906+0000] {logging_mixin.py:190} INFO - [2025-01-16T15:58:57.906+0000] {dag.py:3239} INFO - Sync 1 DAGs
[2025-01-16T15:58:57.924+0000] {logging_mixin.py:190} INFO - [2025-01-16T15:58:57.924+0000] {dag.py:4180} INFO - Setting next_dagrun for latest_only_with_trigger to 2025-01-16 08:00:00+00:00, run_after=2025-01-16 12:00:00+00:00
[2025-01-16T15:58:57.937+0000] {processor.py:208} INFO - Processing /home/airflow/.local/lib/python3.12/site-packages/airflow/example_dags/example_latest_only_with_trigger.py took 0.059 seconds
[2025-01-16T15:59:29.050+0000] {processor.py:186} INFO - Started process (PID=14927) to work on /home/airflow/.local/lib/python3.12/site-packages/airflow/example_dags/example_latest_only_with_trigger.py
[2025-01-16T15:59:29.051+0000] {processor.py:914} INFO - Processing file /home/airflow/.local/lib/python3.12/site-packages/airflow/example_dags/example_latest_only_with_trigger.py for tasks to queue
[2025-01-16T15:59:29.053+0000] {logging_mixin.py:190} INFO - [2025-01-16T15:59:29.052+0000] {dagbag.py:588} INFO - Filling up the DagBag from /home/airflow/.local/lib/python3.12/site-packages/airflow/example_dags/example_latest_only_with_trigger.py
[2025-01-16T15:59:29.058+0000] {processor.py:925} INFO - DAG(s) 'latest_only_with_trigger' retrieved from /home/airflow/.local/lib/python3.12/site-packages/airflow/example_dags/example_latest_only_with_trigger.py
[2025-01-16T15:59:29.073+0000] {logging_mixin.py:190} INFO - [2025-01-16T15:59:29.073+0000] {dag.py:3239} INFO - Sync 1 DAGs
[2025-01-16T15:59:29.090+0000] {logging_mixin.py:190} INFO - [2025-01-16T15:59:29.090+0000] {dag.py:4180} INFO - Setting next_dagrun for latest_only_with_trigger to 2025-01-16 08:00:00+00:00, run_after=2025-01-16 12:00:00+00:00
[2025-01-16T15:59:29.103+0000] {processor.py:208} INFO - Processing /home/airflow/.local/lib/python3.12/site-packages/airflow/example_dags/example_latest_only_with_trigger.py took 0.058 seconds
[2025-01-16T16:00:00.223+0000] {processor.py:186} INFO - Started process (PID=15223) to work on /home/airflow/.local/lib/python3.12/site-packages/airflow/example_dags/example_latest_only_with_trigger.py
[2025-01-16T16:00:00.224+0000] {processor.py:914} INFO - Processing file /home/airflow/.local/lib/python3.12/site-packages/airflow/example_dags/example_latest_only_with_trigger.py for tasks to queue
[2025-01-16T16:00:00.226+0000] {logging_mixin.py:190} INFO - [2025-01-16T16:00:00.225+0000] {dagbag.py:588} INFO - Filling up the DagBag from /home/airflow/.local/lib/python3.12/site-packages/airflow/example_dags/example_latest_only_with_trigger.py
[2025-01-16T16:00:00.231+0000] {processor.py:925} INFO - DAG(s) 'latest_only_with_trigger' retrieved from /home/airflow/.local/lib/python3.12/site-packages/airflow/example_dags/example_latest_only_with_trigger.py
[2025-01-16T16:00:00.247+0000] {logging_mixin.py:190} INFO - [2025-01-16T16:00:00.246+0000] {dag.py:3239} INFO - Sync 1 DAGs
[2025-01-16T16:00:00.265+0000] {logging_mixin.py:190} INFO - [2025-01-16T16:00:00.264+0000] {dag.py:4180} INFO - Setting next_dagrun for latest_only_with_trigger to 2025-01-16 12:00:00+00:00, run_after=2025-01-16 16:00:00+00:00
[2025-01-16T16:00:00.278+0000] {processor.py:208} INFO - Processing /home/airflow/.local/lib/python3.12/site-packages/airflow/example_dags/example_latest_only_with_trigger.py took 0.059 seconds
[2025-01-16T16:00:33.987+0000] {processor.py:186} INFO - Started process (PID=15540) to work on /home/airflow/.local/lib/python3.12/site-packages/airflow/example_dags/example_latest_only_with_trigger.py
[2025-01-16T16:00:33.988+0000] {processor.py:914} INFO - Processing file /home/airflow/.local/lib/python3.12/site-packages/airflow/example_dags/example_latest_only_with_trigger.py for tasks to queue
[2025-01-16T16:00:33.989+0000] {logging_mixin.py:190} INFO - [2025-01-16T16:00:33.989+0000] {dagbag.py:588} INFO - Filling up the DagBag from /home/airflow/.local/lib/python3.12/site-packages/airflow/example_dags/example_latest_only_with_trigger.py
[2025-01-16T16:00:33.995+0000] {processor.py:925} INFO - DAG(s) 'latest_only_with_trigger' retrieved from /home/airflow/.local/lib/python3.12/site-packages/airflow/example_dags/example_latest_only_with_trigger.py
[2025-01-16T16:00:34.011+0000] {logging_mixin.py:190} INFO - [2025-01-16T16:00:34.011+0000] {dag.py:3239} INFO - Sync 1 DAGs
[2025-01-16T16:00:34.030+0000] {logging_mixin.py:190} INFO - [2025-01-16T16:00:34.029+0000] {dag.py:4180} INFO - Setting next_dagrun for latest_only_with_trigger to 2025-01-16 12:00:00+00:00, run_after=2025-01-16 16:00:00+00:00
[2025-01-16T16:00:34.044+0000] {processor.py:208} INFO - Processing /home/airflow/.local/lib/python3.12/site-packages/airflow/example_dags/example_latest_only_with_trigger.py took 0.062 seconds
[2025-01-16T16:01:04.790+0000] {processor.py:186} INFO - Started process (PID=15836) to work on /home/airflow/.local/lib/python3.12/site-packages/airflow/example_dags/example_latest_only_with_trigger.py
[2025-01-16T16:01:04.791+0000] {processor.py:914} INFO - Processing file /home/airflow/.local/lib/python3.12/site-packages/airflow/example_dags/example_latest_only_with_trigger.py for tasks to queue
[2025-01-16T16:01:04.793+0000] {logging_mixin.py:190} INFO - [2025-01-16T16:01:04.793+0000] {dagbag.py:588} INFO - Filling up the DagBag from /home/airflow/.local/lib/python3.12/site-packages/airflow/example_dags/example_latest_only_with_trigger.py
[2025-01-16T16:01:04.799+0000] {processor.py:925} INFO - DAG(s) 'latest_only_with_trigger' retrieved from /home/airflow/.local/lib/python3.12/site-packages/airflow/example_dags/example_latest_only_with_trigger.py
[2025-01-16T16:01:04.819+0000] {logging_mixin.py:190} INFO - [2025-01-16T16:01:04.818+0000] {dag.py:3239} INFO - Sync 1 DAGs
[2025-01-16T16:01:04.836+0000] {logging_mixin.py:190} INFO - [2025-01-16T16:01:04.836+0000] {dag.py:4180} INFO - Setting next_dagrun for latest_only_with_trigger to 2025-01-16 12:00:00+00:00, run_after=2025-01-16 16:00:00+00:00
[2025-01-16T16:01:04.850+0000] {processor.py:208} INFO - Processing /home/airflow/.local/lib/python3.12/site-packages/airflow/example_dags/example_latest_only_with_trigger.py took 0.065 seconds
[2025-01-16T16:01:35.803+0000] {processor.py:186} INFO - Started process (PID=16132) to work on /home/airflow/.local/lib/python3.12/site-packages/airflow/example_dags/example_latest_only_with_trigger.py
[2025-01-16T16:01:35.805+0000] {processor.py:914} INFO - Processing file /home/airflow/.local/lib/python3.12/site-packages/airflow/example_dags/example_latest_only_with_trigger.py for tasks to queue
[2025-01-16T16:01:35.807+0000] {logging_mixin.py:190} INFO - [2025-01-16T16:01:35.807+0000] {dagbag.py:588} INFO - Filling up the DagBag from /home/airflow/.local/lib/python3.12/site-packages/airflow/example_dags/example_latest_only_with_trigger.py
[2025-01-16T16:01:35.814+0000] {processor.py:925} INFO - DAG(s) 'latest_only_with_trigger' retrieved from /home/airflow/.local/lib/python3.12/site-packages/airflow/example_dags/example_latest_only_with_trigger.py
[2025-01-16T16:01:35.830+0000] {logging_mixin.py:190} INFO - [2025-01-16T16:01:35.829+0000] {dag.py:3239} INFO - Sync 1 DAGs
[2025-01-16T16:01:35.849+0000] {logging_mixin.py:190} INFO - [2025-01-16T16:01:35.849+0000] {dag.py:4180} INFO - Setting next_dagrun for latest_only_with_trigger to 2025-01-16 12:00:00+00:00, run_after=2025-01-16 16:00:00+00:00
[2025-01-16T16:01:35.866+0000] {processor.py:208} INFO - Processing /home/airflow/.local/lib/python3.12/site-packages/airflow/example_dags/example_latest_only_with_trigger.py took 0.068 seconds
[2025-01-16T16:02:06.671+0000] {processor.py:186} INFO - Started process (PID=16428) to work on /home/airflow/.local/lib/python3.12/site-packages/airflow/example_dags/example_latest_only_with_trigger.py
[2025-01-16T16:02:06.672+0000] {processor.py:914} INFO - Processing file /home/airflow/.local/lib/python3.12/site-packages/airflow/example_dags/example_latest_only_with_trigger.py for tasks to queue
[2025-01-16T16:02:06.674+0000] {logging_mixin.py:190} INFO - [2025-01-16T16:02:06.673+0000] {dagbag.py:588} INFO - Filling up the DagBag from /home/airflow/.local/lib/python3.12/site-packages/airflow/example_dags/example_latest_only_with_trigger.py
[2025-01-16T16:02:06.679+0000] {processor.py:925} INFO - DAG(s) 'latest_only_with_trigger' retrieved from /home/airflow/.local/lib/python3.12/site-packages/airflow/example_dags/example_latest_only_with_trigger.py
[2025-01-16T16:02:06.694+0000] {logging_mixin.py:190} INFO - [2025-01-16T16:02:06.694+0000] {dag.py:3239} INFO - Sync 1 DAGs
[2025-01-16T16:02:06.712+0000] {logging_mixin.py:190} INFO - [2025-01-16T16:02:06.712+0000] {dag.py:4180} INFO - Setting next_dagrun for latest_only_with_trigger to 2025-01-16 12:00:00+00:00, run_after=2025-01-16 16:00:00+00:00
[2025-01-16T16:02:06.727+0000] {processor.py:208} INFO - Processing /home/airflow/.local/lib/python3.12/site-packages/airflow/example_dags/example_latest_only_with_trigger.py took 0.060 seconds
[2025-01-16T16:02:37.398+0000] {processor.py:186} INFO - Started process (PID=16729) to work on /home/airflow/.local/lib/python3.12/site-packages/airflow/example_dags/example_latest_only_with_trigger.py
[2025-01-16T16:02:37.399+0000] {processor.py:914} INFO - Processing file /home/airflow/.local/lib/python3.12/site-packages/airflow/example_dags/example_latest_only_with_trigger.py for tasks to queue
[2025-01-16T16:02:37.401+0000] {logging_mixin.py:190} INFO - [2025-01-16T16:02:37.400+0000] {dagbag.py:588} INFO - Filling up the DagBag from /home/airflow/.local/lib/python3.12/site-packages/airflow/example_dags/example_latest_only_with_trigger.py
[2025-01-16T16:02:37.406+0000] {processor.py:925} INFO - DAG(s) 'latest_only_with_trigger' retrieved from /home/airflow/.local/lib/python3.12/site-packages/airflow/example_dags/example_latest_only_with_trigger.py
[2025-01-16T16:02:37.421+0000] {logging_mixin.py:190} INFO - [2025-01-16T16:02:37.421+0000] {dag.py:3239} INFO - Sync 1 DAGs
[2025-01-16T16:02:37.438+0000] {logging_mixin.py:190} INFO - [2025-01-16T16:02:37.438+0000] {dag.py:4180} INFO - Setting next_dagrun for latest_only_with_trigger to 2025-01-16 12:00:00+00:00, run_after=2025-01-16 16:00:00+00:00
[2025-01-16T16:02:37.452+0000] {processor.py:208} INFO - Processing /home/airflow/.local/lib/python3.12/site-packages/airflow/example_dags/example_latest_only_with_trigger.py took 0.059 seconds
[2025-01-16T16:03:08.419+0000] {processor.py:186} INFO - Started process (PID=17040) to work on /home/airflow/.local/lib/python3.12/site-packages/airflow/example_dags/example_latest_only_with_trigger.py
[2025-01-16T16:03:08.420+0000] {processor.py:914} INFO - Processing file /home/airflow/.local/lib/python3.12/site-packages/airflow/example_dags/example_latest_only_with_trigger.py for tasks to queue
[2025-01-16T16:03:08.421+0000] {logging_mixin.py:190} INFO - [2025-01-16T16:03:08.421+0000] {dagbag.py:588} INFO - Filling up the DagBag from /home/airflow/.local/lib/python3.12/site-packages/airflow/example_dags/example_latest_only_with_trigger.py
[2025-01-16T16:03:08.427+0000] {processor.py:925} INFO - DAG(s) 'latest_only_with_trigger' retrieved from /home/airflow/.local/lib/python3.12/site-packages/airflow/example_dags/example_latest_only_with_trigger.py
[2025-01-16T16:03:08.443+0000] {logging_mixin.py:190} INFO - [2025-01-16T16:03:08.443+0000] {dag.py:3239} INFO - Sync 1 DAGs
[2025-01-16T16:03:08.467+0000] {logging_mixin.py:190} INFO - [2025-01-16T16:03:08.467+0000] {dag.py:4180} INFO - Setting next_dagrun for latest_only_with_trigger to 2025-01-16 12:00:00+00:00, run_after=2025-01-16 16:00:00+00:00
[2025-01-16T16:03:08.481+0000] {processor.py:208} INFO - Processing /home/airflow/.local/lib/python3.12/site-packages/airflow/example_dags/example_latest_only_with_trigger.py took 0.067 seconds
[2025-01-16T16:03:38.960+0000] {processor.py:186} INFO - Started process (PID=17336) to work on /home/airflow/.local/lib/python3.12/site-packages/airflow/example_dags/example_latest_only_with_trigger.py
[2025-01-16T16:03:38.960+0000] {processor.py:914} INFO - Processing file /home/airflow/.local/lib/python3.12/site-packages/airflow/example_dags/example_latest_only_with_trigger.py for tasks to queue
[2025-01-16T16:03:38.962+0000] {logging_mixin.py:190} INFO - [2025-01-16T16:03:38.962+0000] {dagbag.py:588} INFO - Filling up the DagBag from /home/airflow/.local/lib/python3.12/site-packages/airflow/example_dags/example_latest_only_with_trigger.py
[2025-01-16T16:03:38.968+0000] {processor.py:925} INFO - DAG(s) 'latest_only_with_trigger' retrieved from /home/airflow/.local/lib/python3.12/site-packages/airflow/example_dags/example_latest_only_with_trigger.py
[2025-01-16T16:03:38.985+0000] {logging_mixin.py:190} INFO - [2025-01-16T16:03:38.984+0000] {dag.py:3239} INFO - Sync 1 DAGs
[2025-01-16T16:03:39.003+0000] {logging_mixin.py:190} INFO - [2025-01-16T16:03:39.003+0000] {dag.py:4180} INFO - Setting next_dagrun for latest_only_with_trigger to 2025-01-16 12:00:00+00:00, run_after=2025-01-16 16:00:00+00:00
[2025-01-16T16:03:39.018+0000] {processor.py:208} INFO - Processing /home/airflow/.local/lib/python3.12/site-packages/airflow/example_dags/example_latest_only_with_trigger.py took 0.064 seconds
[2025-01-16T16:04:09.736+0000] {processor.py:186} INFO - Started process (PID=17632) to work on /home/airflow/.local/lib/python3.12/site-packages/airflow/example_dags/example_latest_only_with_trigger.py
[2025-01-16T16:04:09.737+0000] {processor.py:914} INFO - Processing file /home/airflow/.local/lib/python3.12/site-packages/airflow/example_dags/example_latest_only_with_trigger.py for tasks to queue
[2025-01-16T16:04:09.739+0000] {logging_mixin.py:190} INFO - [2025-01-16T16:04:09.739+0000] {dagbag.py:588} INFO - Filling up the DagBag from /home/airflow/.local/lib/python3.12/site-packages/airflow/example_dags/example_latest_only_with_trigger.py
[2025-01-16T16:04:09.745+0000] {processor.py:925} INFO - DAG(s) 'latest_only_with_trigger' retrieved from /home/airflow/.local/lib/python3.12/site-packages/airflow/example_dags/example_latest_only_with_trigger.py
[2025-01-16T16:04:09.761+0000] {logging_mixin.py:190} INFO - [2025-01-16T16:04:09.761+0000] {dag.py:3239} INFO - Sync 1 DAGs
[2025-01-16T16:04:09.779+0000] {logging_mixin.py:190} INFO - [2025-01-16T16:04:09.779+0000] {dag.py:4180} INFO - Setting next_dagrun for latest_only_with_trigger to 2025-01-16 12:00:00+00:00, run_after=2025-01-16 16:00:00+00:00
[2025-01-16T16:04:09.793+0000] {processor.py:208} INFO - Processing /home/airflow/.local/lib/python3.12/site-packages/airflow/example_dags/example_latest_only_with_trigger.py took 0.062 seconds
[2025-01-16T16:04:41.206+0000] {processor.py:186} INFO - Started process (PID=17928) to work on /home/airflow/.local/lib/python3.12/site-packages/airflow/example_dags/example_latest_only_with_trigger.py
[2025-01-16T16:04:41.207+0000] {processor.py:914} INFO - Processing file /home/airflow/.local/lib/python3.12/site-packages/airflow/example_dags/example_latest_only_with_trigger.py for tasks to queue
[2025-01-16T16:04:41.208+0000] {logging_mixin.py:190} INFO - [2025-01-16T16:04:41.208+0000] {dagbag.py:588} INFO - Filling up the DagBag from /home/airflow/.local/lib/python3.12/site-packages/airflow/example_dags/example_latest_only_with_trigger.py
[2025-01-16T16:04:41.214+0000] {processor.py:925} INFO - DAG(s) 'latest_only_with_trigger' retrieved from /home/airflow/.local/lib/python3.12/site-packages/airflow/example_dags/example_latest_only_with_trigger.py
[2025-01-16T16:04:41.229+0000] {logging_mixin.py:190} INFO - [2025-01-16T16:04:41.229+0000] {dag.py:3239} INFO - Sync 1 DAGs
[2025-01-16T16:04:41.247+0000] {logging_mixin.py:190} INFO - [2025-01-16T16:04:41.246+0000] {dag.py:4180} INFO - Setting next_dagrun for latest_only_with_trigger to 2025-01-16 12:00:00+00:00, run_after=2025-01-16 16:00:00+00:00
[2025-01-16T16:04:41.260+0000] {processor.py:208} INFO - Processing /home/airflow/.local/lib/python3.12/site-packages/airflow/example_dags/example_latest_only_with_trigger.py took 0.058 seconds
[2025-01-16T16:05:12.306+0000] {processor.py:186} INFO - Started process (PID=18224) to work on /home/airflow/.local/lib/python3.12/site-packages/airflow/example_dags/example_latest_only_with_trigger.py
[2025-01-16T16:05:12.307+0000] {processor.py:914} INFO - Processing file /home/airflow/.local/lib/python3.12/site-packages/airflow/example_dags/example_latest_only_with_trigger.py for tasks to queue
[2025-01-16T16:05:12.308+0000] {logging_mixin.py:190} INFO - [2025-01-16T16:05:12.308+0000] {dagbag.py:588} INFO - Filling up the DagBag from /home/airflow/.local/lib/python3.12/site-packages/airflow/example_dags/example_latest_only_with_trigger.py
[2025-01-16T16:05:12.314+0000] {processor.py:925} INFO - DAG(s) 'latest_only_with_trigger' retrieved from /home/airflow/.local/lib/python3.12/site-packages/airflow/example_dags/example_latest_only_with_trigger.py
[2025-01-16T16:05:12.330+0000] {logging_mixin.py:190} INFO - [2025-01-16T16:05:12.330+0000] {dag.py:3239} INFO - Sync 1 DAGs
[2025-01-16T16:05:12.506+0000] {logging_mixin.py:190} INFO - [2025-01-16T16:05:12.506+0000] {dag.py:4180} INFO - Setting next_dagrun for latest_only_with_trigger to 2025-01-16 12:00:00+00:00, run_after=2025-01-16 16:00:00+00:00
[2025-01-16T16:05:12.519+0000] {processor.py:208} INFO - Processing /home/airflow/.local/lib/python3.12/site-packages/airflow/example_dags/example_latest_only_with_trigger.py took 0.217 seconds
[2025-01-16T16:05:42.934+0000] {processor.py:186} INFO - Started process (PID=18520) to work on /home/airflow/.local/lib/python3.12/site-packages/airflow/example_dags/example_latest_only_with_trigger.py
[2025-01-16T16:05:42.934+0000] {processor.py:914} INFO - Processing file /home/airflow/.local/lib/python3.12/site-packages/airflow/example_dags/example_latest_only_with_trigger.py for tasks to queue
[2025-01-16T16:05:42.935+0000] {logging_mixin.py:190} INFO - [2025-01-16T16:05:42.935+0000] {dagbag.py:588} INFO - Filling up the DagBag from /home/airflow/.local/lib/python3.12/site-packages/airflow/example_dags/example_latest_only_with_trigger.py
[2025-01-16T16:05:42.941+0000] {processor.py:925} INFO - DAG(s) 'latest_only_with_trigger' retrieved from /home/airflow/.local/lib/python3.12/site-packages/airflow/example_dags/example_latest_only_with_trigger.py
[2025-01-16T16:05:42.956+0000] {logging_mixin.py:190} INFO - [2025-01-16T16:05:42.956+0000] {dag.py:3239} INFO - Sync 1 DAGs
[2025-01-16T16:05:42.973+0000] {logging_mixin.py:190} INFO - [2025-01-16T16:05:42.973+0000] {dag.py:4180} INFO - Setting next_dagrun for latest_only_with_trigger to 2025-01-16 12:00:00+00:00, run_after=2025-01-16 16:00:00+00:00
[2025-01-16T16:05:43.138+0000] {processor.py:208} INFO - Processing /home/airflow/.local/lib/python3.12/site-packages/airflow/example_dags/example_latest_only_with_trigger.py took 0.209 seconds
[2025-01-16T16:06:14.442+0000] {processor.py:186} INFO - Started process (PID=18816) to work on /home/airflow/.local/lib/python3.12/site-packages/airflow/example_dags/example_latest_only_with_trigger.py
[2025-01-16T16:06:14.443+0000] {processor.py:914} INFO - Processing file /home/airflow/.local/lib/python3.12/site-packages/airflow/example_dags/example_latest_only_with_trigger.py for tasks to queue
[2025-01-16T16:06:14.444+0000] {logging_mixin.py:190} INFO - [2025-01-16T16:06:14.444+0000] {dagbag.py:588} INFO - Filling up the DagBag from /home/airflow/.local/lib/python3.12/site-packages/airflow/example_dags/example_latest_only_with_trigger.py
[2025-01-16T16:06:14.451+0000] {processor.py:925} INFO - DAG(s) 'latest_only_with_trigger' retrieved from /home/airflow/.local/lib/python3.12/site-packages/airflow/example_dags/example_latest_only_with_trigger.py
[2025-01-16T16:06:14.467+0000] {logging_mixin.py:190} INFO - [2025-01-16T16:06:14.467+0000] {dag.py:3239} INFO - Sync 1 DAGs
[2025-01-16T16:06:14.486+0000] {logging_mixin.py:190} INFO - [2025-01-16T16:06:14.486+0000] {dag.py:4180} INFO - Setting next_dagrun for latest_only_with_trigger to 2025-01-16 12:00:00+00:00, run_after=2025-01-16 16:00:00+00:00
[2025-01-16T16:06:14.500+0000] {processor.py:208} INFO - Processing /home/airflow/.local/lib/python3.12/site-packages/airflow/example_dags/example_latest_only_with_trigger.py took 0.062 seconds
[2025-01-16T16:06:45.838+0000] {processor.py:186} INFO - Started process (PID=19112) to work on /home/airflow/.local/lib/python3.12/site-packages/airflow/example_dags/example_latest_only_with_trigger.py
[2025-01-16T16:06:45.838+0000] {processor.py:914} INFO - Processing file /home/airflow/.local/lib/python3.12/site-packages/airflow/example_dags/example_latest_only_with_trigger.py for tasks to queue
[2025-01-16T16:06:45.839+0000] {logging_mixin.py:190} INFO - [2025-01-16T16:06:45.839+0000] {dagbag.py:588} INFO - Filling up the DagBag from /home/airflow/.local/lib/python3.12/site-packages/airflow/example_dags/example_latest_only_with_trigger.py
[2025-01-16T16:06:45.845+0000] {processor.py:925} INFO - DAG(s) 'latest_only_with_trigger' retrieved from /home/airflow/.local/lib/python3.12/site-packages/airflow/example_dags/example_latest_only_with_trigger.py
[2025-01-16T16:06:45.860+0000] {logging_mixin.py:190} INFO - [2025-01-16T16:06:45.860+0000] {dag.py:3239} INFO - Sync 1 DAGs
[2025-01-16T16:06:45.877+0000] {logging_mixin.py:190} INFO - [2025-01-16T16:06:45.877+0000] {dag.py:4180} INFO - Setting next_dagrun for latest_only_with_trigger to 2025-01-16 12:00:00+00:00, run_after=2025-01-16 16:00:00+00:00
[2025-01-16T16:06:45.890+0000] {processor.py:208} INFO - Processing /home/airflow/.local/lib/python3.12/site-packages/airflow/example_dags/example_latest_only_with_trigger.py took 0.057 seconds
[2025-01-16T16:07:16.793+0000] {processor.py:186} INFO - Started process (PID=19408) to work on /home/airflow/.local/lib/python3.12/site-packages/airflow/example_dags/example_latest_only_with_trigger.py
[2025-01-16T16:07:16.794+0000] {processor.py:914} INFO - Processing file /home/airflow/.local/lib/python3.12/site-packages/airflow/example_dags/example_latest_only_with_trigger.py for tasks to queue
[2025-01-16T16:07:16.795+0000] {logging_mixin.py:190} INFO - [2025-01-16T16:07:16.794+0000] {dagbag.py:588} INFO - Filling up the DagBag from /home/airflow/.local/lib/python3.12/site-packages/airflow/example_dags/example_latest_only_with_trigger.py
[2025-01-16T16:07:16.802+0000] {processor.py:925} INFO - DAG(s) 'latest_only_with_trigger' retrieved from /home/airflow/.local/lib/python3.12/site-packages/airflow/example_dags/example_latest_only_with_trigger.py
[2025-01-16T16:07:16.818+0000] {logging_mixin.py:190} INFO - [2025-01-16T16:07:16.818+0000] {dag.py:3239} INFO - Sync 1 DAGs
[2025-01-16T16:07:16.836+0000] {logging_mixin.py:190} INFO - [2025-01-16T16:07:16.835+0000] {dag.py:4180} INFO - Setting next_dagrun for latest_only_with_trigger to 2025-01-16 12:00:00+00:00, run_after=2025-01-16 16:00:00+00:00
[2025-01-16T16:07:16.849+0000] {processor.py:208} INFO - Processing /home/airflow/.local/lib/python3.12/site-packages/airflow/example_dags/example_latest_only_with_trigger.py took 0.061 seconds
[2025-01-16T16:07:47.790+0000] {processor.py:186} INFO - Started process (PID=19704) to work on /home/airflow/.local/lib/python3.12/site-packages/airflow/example_dags/example_latest_only_with_trigger.py
[2025-01-16T16:07:47.791+0000] {processor.py:914} INFO - Processing file /home/airflow/.local/lib/python3.12/site-packages/airflow/example_dags/example_latest_only_with_trigger.py for tasks to queue
[2025-01-16T16:07:47.792+0000] {logging_mixin.py:190} INFO - [2025-01-16T16:07:47.791+0000] {dagbag.py:588} INFO - Filling up the DagBag from /home/airflow/.local/lib/python3.12/site-packages/airflow/example_dags/example_latest_only_with_trigger.py
[2025-01-16T16:07:47.799+0000] {processor.py:925} INFO - DAG(s) 'latest_only_with_trigger' retrieved from /home/airflow/.local/lib/python3.12/site-packages/airflow/example_dags/example_latest_only_with_trigger.py
[2025-01-16T16:07:47.814+0000] {logging_mixin.py:190} INFO - [2025-01-16T16:07:47.814+0000] {dag.py:3239} INFO - Sync 1 DAGs
[2025-01-16T16:07:47.831+0000] {logging_mixin.py:190} INFO - [2025-01-16T16:07:47.831+0000] {dag.py:4180} INFO - Setting next_dagrun for latest_only_with_trigger to 2025-01-16 12:00:00+00:00, run_after=2025-01-16 16:00:00+00:00
[2025-01-16T16:07:47.844+0000] {processor.py:208} INFO - Processing /home/airflow/.local/lib/python3.12/site-packages/airflow/example_dags/example_latest_only_with_trigger.py took 0.059 seconds
[2025-01-16T16:08:19.215+0000] {processor.py:186} INFO - Started process (PID=20002) to work on /home/airflow/.local/lib/python3.12/site-packages/airflow/example_dags/example_latest_only_with_trigger.py
[2025-01-16T16:08:19.216+0000] {processor.py:914} INFO - Processing file /home/airflow/.local/lib/python3.12/site-packages/airflow/example_dags/example_latest_only_with_trigger.py for tasks to queue
[2025-01-16T16:08:19.217+0000] {logging_mixin.py:190} INFO - [2025-01-16T16:08:19.217+0000] {dagbag.py:588} INFO - Filling up the DagBag from /home/airflow/.local/lib/python3.12/site-packages/airflow/example_dags/example_latest_only_with_trigger.py
[2025-01-16T16:08:19.223+0000] {processor.py:925} INFO - DAG(s) 'latest_only_with_trigger' retrieved from /home/airflow/.local/lib/python3.12/site-packages/airflow/example_dags/example_latest_only_with_trigger.py
[2025-01-16T16:08:19.239+0000] {logging_mixin.py:190} INFO - [2025-01-16T16:08:19.238+0000] {dag.py:3239} INFO - Sync 1 DAGs
[2025-01-16T16:08:19.255+0000] {logging_mixin.py:190} INFO - [2025-01-16T16:08:19.255+0000] {dag.py:4180} INFO - Setting next_dagrun for latest_only_with_trigger to 2025-01-16 12:00:00+00:00, run_after=2025-01-16 16:00:00+00:00
[2025-01-16T16:08:19.271+0000] {processor.py:208} INFO - Processing /home/airflow/.local/lib/python3.12/site-packages/airflow/example_dags/example_latest_only_with_trigger.py took 0.060 seconds
