[2025-01-16T15:34:07.015+0000] {processor.py:186} INFO - Started process (PID=402) to work on /home/airflow/.local/lib/python3.12/site-packages/airflow/example_dags/example_bash_operator.py
[2025-01-16T15:34:07.016+0000] {processor.py:914} INFO - Processing file /home/airflow/.local/lib/python3.12/site-packages/airflow/example_dags/example_bash_operator.py for tasks to queue
[2025-01-16T15:34:07.019+0000] {logging_mixin.py:190} INFO - [2025-01-16T15:34:07.018+0000] {dagbag.py:588} INFO - Filling up the DagBag from /home/airflow/.local/lib/python3.12/site-packages/airflow/example_dags/example_bash_operator.py
[2025-01-16T15:34:07.030+0000] {processor.py:925} INFO - DAG(s) 'example_bash_operator' retrieved from /home/airflow/.local/lib/python3.12/site-packages/airflow/example_dags/example_bash_operator.py
[2025-01-16T15:34:07.147+0000] {logging_mixin.py:190} INFO - [2025-01-16T15:34:07.146+0000] {override.py:1911} INFO - Created Permission View: can edit on DAG:example_bash_operator
[2025-01-16T15:34:07.162+0000] {logging_mixin.py:190} INFO - [2025-01-16T15:34:07.162+0000] {override.py:1911} INFO - Created Permission View: can delete on DAG:example_bash_operator
[2025-01-16T15:34:07.171+0000] {logging_mixin.py:190} INFO - [2025-01-16T15:34:07.170+0000] {override.py:1911} INFO - Created Permission View: can read on DAG:example_bash_operator
[2025-01-16T15:34:07.180+0000] {logging_mixin.py:190} INFO - [2025-01-16T15:34:07.179+0000] {override.py:1911} INFO - Created Permission View: can create on DAG Run:example_bash_operator
[2025-01-16T15:34:07.189+0000] {logging_mixin.py:190} INFO - [2025-01-16T15:34:07.189+0000] {override.py:1911} INFO - Created Permission View: can delete on DAG Run:example_bash_operator
[2025-01-16T15:34:07.199+0000] {logging_mixin.py:190} INFO - [2025-01-16T15:34:07.199+0000] {override.py:1911} INFO - Created Permission View: menu access on DAG Run:example_bash_operator
[2025-01-16T15:34:07.211+0000] {logging_mixin.py:190} INFO - [2025-01-16T15:34:07.211+0000] {override.py:1911} INFO - Created Permission View: can read on DAG Run:example_bash_operator
[2025-01-16T15:34:07.212+0000] {logging_mixin.py:190} INFO - [2025-01-16T15:34:07.212+0000] {dag.py:3239} INFO - Sync 1 DAGs
[2025-01-16T15:34:07.229+0000] {logging_mixin.py:190} INFO - [2025-01-16T15:34:07.229+0000] {dag.py:3262} INFO - Creating ORM DAG for example_bash_operator
[2025-01-16T15:34:07.244+0000] {logging_mixin.py:190} INFO - [2025-01-16T15:34:07.244+0000] {dag.py:4180} INFO - Setting next_dagrun for example_bash_operator to 2025-01-15 00:00:00+00:00, run_after=2025-01-16 00:00:00+00:00
[2025-01-16T15:34:07.267+0000] {processor.py:208} INFO - Processing /home/airflow/.local/lib/python3.12/site-packages/airflow/example_dags/example_bash_operator.py took 0.258 seconds
[2025-01-16T15:34:38.190+0000] {processor.py:186} INFO - Started process (PID=698) to work on /home/airflow/.local/lib/python3.12/site-packages/airflow/example_dags/example_bash_operator.py
[2025-01-16T15:34:38.193+0000] {processor.py:914} INFO - Processing file /home/airflow/.local/lib/python3.12/site-packages/airflow/example_dags/example_bash_operator.py for tasks to queue
[2025-01-16T15:34:38.200+0000] {logging_mixin.py:190} INFO - [2025-01-16T15:34:38.199+0000] {dagbag.py:588} INFO - Filling up the DagBag from /home/airflow/.local/lib/python3.12/site-packages/airflow/example_dags/example_bash_operator.py
[2025-01-16T15:34:38.229+0000] {processor.py:925} INFO - DAG(s) 'example_bash_operator' retrieved from /home/airflow/.local/lib/python3.12/site-packages/airflow/example_dags/example_bash_operator.py
[2025-01-16T15:34:38.286+0000] {logging_mixin.py:190} INFO - [2025-01-16T15:34:38.285+0000] {dag.py:3239} INFO - Sync 1 DAGs
[2025-01-16T15:34:38.338+0000] {logging_mixin.py:190} INFO - [2025-01-16T15:34:38.338+0000] {dag.py:4180} INFO - Setting next_dagrun for example_bash_operator to 2025-01-15 00:00:00+00:00, run_after=2025-01-16 00:00:00+00:00
[2025-01-16T15:34:38.368+0000] {processor.py:208} INFO - Processing /home/airflow/.local/lib/python3.12/site-packages/airflow/example_dags/example_bash_operator.py took 0.190 seconds
[2025-01-16T15:35:09.075+0000] {processor.py:186} INFO - Started process (PID=995) to work on /home/airflow/.local/lib/python3.12/site-packages/airflow/example_dags/example_bash_operator.py
[2025-01-16T15:35:09.076+0000] {processor.py:914} INFO - Processing file /home/airflow/.local/lib/python3.12/site-packages/airflow/example_dags/example_bash_operator.py for tasks to queue
[2025-01-16T15:35:09.078+0000] {logging_mixin.py:190} INFO - [2025-01-16T15:35:09.077+0000] {dagbag.py:588} INFO - Filling up the DagBag from /home/airflow/.local/lib/python3.12/site-packages/airflow/example_dags/example_bash_operator.py
[2025-01-16T15:35:09.088+0000] {processor.py:925} INFO - DAG(s) 'example_bash_operator' retrieved from /home/airflow/.local/lib/python3.12/site-packages/airflow/example_dags/example_bash_operator.py
[2025-01-16T15:35:09.108+0000] {logging_mixin.py:190} INFO - [2025-01-16T15:35:09.108+0000] {dag.py:3239} INFO - Sync 1 DAGs
[2025-01-16T15:35:09.126+0000] {logging_mixin.py:190} INFO - [2025-01-16T15:35:09.126+0000] {dag.py:4180} INFO - Setting next_dagrun for example_bash_operator to 2025-01-15 00:00:00+00:00, run_after=2025-01-16 00:00:00+00:00
[2025-01-16T15:35:09.141+0000] {processor.py:208} INFO - Processing /home/airflow/.local/lib/python3.12/site-packages/airflow/example_dags/example_bash_operator.py took 0.071 seconds
[2025-01-16T15:35:39.190+0000] {processor.py:186} INFO - Started process (PID=1288) to work on /home/airflow/.local/lib/python3.12/site-packages/airflow/example_dags/example_bash_operator.py
[2025-01-16T15:35:39.191+0000] {processor.py:914} INFO - Processing file /home/airflow/.local/lib/python3.12/site-packages/airflow/example_dags/example_bash_operator.py for tasks to queue
[2025-01-16T15:35:39.193+0000] {logging_mixin.py:190} INFO - [2025-01-16T15:35:39.192+0000] {dagbag.py:588} INFO - Filling up the DagBag from /home/airflow/.local/lib/python3.12/site-packages/airflow/example_dags/example_bash_operator.py
[2025-01-16T15:35:39.202+0000] {processor.py:925} INFO - DAG(s) 'example_bash_operator' retrieved from /home/airflow/.local/lib/python3.12/site-packages/airflow/example_dags/example_bash_operator.py
[2025-01-16T15:35:39.221+0000] {logging_mixin.py:190} INFO - [2025-01-16T15:35:39.221+0000] {dag.py:3239} INFO - Sync 1 DAGs
[2025-01-16T15:35:39.238+0000] {logging_mixin.py:190} INFO - [2025-01-16T15:35:39.238+0000] {dag.py:4180} INFO - Setting next_dagrun for example_bash_operator to 2025-01-15 00:00:00+00:00, run_after=2025-01-16 00:00:00+00:00
[2025-01-16T15:35:39.251+0000] {processor.py:208} INFO - Processing /home/airflow/.local/lib/python3.12/site-packages/airflow/example_dags/example_bash_operator.py took 0.065 seconds
[2025-01-16T15:36:09.940+0000] {processor.py:186} INFO - Started process (PID=1582) to work on /home/airflow/.local/lib/python3.12/site-packages/airflow/example_dags/example_bash_operator.py
[2025-01-16T15:36:09.941+0000] {processor.py:914} INFO - Processing file /home/airflow/.local/lib/python3.12/site-packages/airflow/example_dags/example_bash_operator.py for tasks to queue
[2025-01-16T15:36:09.943+0000] {logging_mixin.py:190} INFO - [2025-01-16T15:36:09.942+0000] {dagbag.py:588} INFO - Filling up the DagBag from /home/airflow/.local/lib/python3.12/site-packages/airflow/example_dags/example_bash_operator.py
[2025-01-16T15:36:09.954+0000] {processor.py:925} INFO - DAG(s) 'example_bash_operator' retrieved from /home/airflow/.local/lib/python3.12/site-packages/airflow/example_dags/example_bash_operator.py
[2025-01-16T15:36:09.974+0000] {logging_mixin.py:190} INFO - [2025-01-16T15:36:09.974+0000] {dag.py:3239} INFO - Sync 1 DAGs
[2025-01-16T15:36:09.993+0000] {logging_mixin.py:190} INFO - [2025-01-16T15:36:09.993+0000] {dag.py:4180} INFO - Setting next_dagrun for example_bash_operator to 2025-01-15 00:00:00+00:00, run_after=2025-01-16 00:00:00+00:00
[2025-01-16T15:36:10.010+0000] {processor.py:208} INFO - Processing /home/airflow/.local/lib/python3.12/site-packages/airflow/example_dags/example_bash_operator.py took 0.074 seconds
[2025-01-16T15:36:40.934+0000] {processor.py:186} INFO - Started process (PID=1878) to work on /home/airflow/.local/lib/python3.12/site-packages/airflow/example_dags/example_bash_operator.py
[2025-01-16T15:36:40.935+0000] {processor.py:914} INFO - Processing file /home/airflow/.local/lib/python3.12/site-packages/airflow/example_dags/example_bash_operator.py for tasks to queue
[2025-01-16T15:36:40.936+0000] {logging_mixin.py:190} INFO - [2025-01-16T15:36:40.936+0000] {dagbag.py:588} INFO - Filling up the DagBag from /home/airflow/.local/lib/python3.12/site-packages/airflow/example_dags/example_bash_operator.py
[2025-01-16T15:36:40.946+0000] {processor.py:925} INFO - DAG(s) 'example_bash_operator' retrieved from /home/airflow/.local/lib/python3.12/site-packages/airflow/example_dags/example_bash_operator.py
[2025-01-16T15:36:40.966+0000] {logging_mixin.py:190} INFO - [2025-01-16T15:36:40.966+0000] {dag.py:3239} INFO - Sync 1 DAGs
[2025-01-16T15:36:40.984+0000] {logging_mixin.py:190} INFO - [2025-01-16T15:36:40.984+0000] {dag.py:4180} INFO - Setting next_dagrun for example_bash_operator to 2025-01-15 00:00:00+00:00, run_after=2025-01-16 00:00:00+00:00
[2025-01-16T15:36:40.999+0000] {processor.py:208} INFO - Processing /home/airflow/.local/lib/python3.12/site-packages/airflow/example_dags/example_bash_operator.py took 0.069 seconds
[2025-01-16T15:37:11.648+0000] {processor.py:186} INFO - Started process (PID=2174) to work on /home/airflow/.local/lib/python3.12/site-packages/airflow/example_dags/example_bash_operator.py
[2025-01-16T15:37:11.649+0000] {processor.py:914} INFO - Processing file /home/airflow/.local/lib/python3.12/site-packages/airflow/example_dags/example_bash_operator.py for tasks to queue
[2025-01-16T15:37:11.650+0000] {logging_mixin.py:190} INFO - [2025-01-16T15:37:11.650+0000] {dagbag.py:588} INFO - Filling up the DagBag from /home/airflow/.local/lib/python3.12/site-packages/airflow/example_dags/example_bash_operator.py
[2025-01-16T15:37:11.659+0000] {processor.py:925} INFO - DAG(s) 'example_bash_operator' retrieved from /home/airflow/.local/lib/python3.12/site-packages/airflow/example_dags/example_bash_operator.py
[2025-01-16T15:37:11.680+0000] {logging_mixin.py:190} INFO - [2025-01-16T15:37:11.680+0000] {dag.py:3239} INFO - Sync 1 DAGs
[2025-01-16T15:37:11.698+0000] {logging_mixin.py:190} INFO - [2025-01-16T15:37:11.698+0000] {dag.py:4180} INFO - Setting next_dagrun for example_bash_operator to 2025-01-15 00:00:00+00:00, run_after=2025-01-16 00:00:00+00:00
[2025-01-16T15:37:11.715+0000] {processor.py:208} INFO - Processing /home/airflow/.local/lib/python3.12/site-packages/airflow/example_dags/example_bash_operator.py took 0.072 seconds
[2025-01-16T15:37:42.429+0000] {processor.py:186} INFO - Started process (PID=2470) to work on /home/airflow/.local/lib/python3.12/site-packages/airflow/example_dags/example_bash_operator.py
[2025-01-16T15:37:42.430+0000] {processor.py:914} INFO - Processing file /home/airflow/.local/lib/python3.12/site-packages/airflow/example_dags/example_bash_operator.py for tasks to queue
[2025-01-16T15:37:42.432+0000] {logging_mixin.py:190} INFO - [2025-01-16T15:37:42.432+0000] {dagbag.py:588} INFO - Filling up the DagBag from /home/airflow/.local/lib/python3.12/site-packages/airflow/example_dags/example_bash_operator.py
[2025-01-16T15:37:42.443+0000] {processor.py:925} INFO - DAG(s) 'example_bash_operator' retrieved from /home/airflow/.local/lib/python3.12/site-packages/airflow/example_dags/example_bash_operator.py
[2025-01-16T15:37:42.464+0000] {logging_mixin.py:190} INFO - [2025-01-16T15:37:42.463+0000] {dag.py:3239} INFO - Sync 1 DAGs
[2025-01-16T15:37:42.481+0000] {logging_mixin.py:190} INFO - [2025-01-16T15:37:42.481+0000] {dag.py:4180} INFO - Setting next_dagrun for example_bash_operator to 2025-01-15 00:00:00+00:00, run_after=2025-01-16 00:00:00+00:00
[2025-01-16T15:37:42.498+0000] {processor.py:208} INFO - Processing /home/airflow/.local/lib/python3.12/site-packages/airflow/example_dags/example_bash_operator.py took 0.073 seconds
[2025-01-16T15:38:13.168+0000] {processor.py:186} INFO - Started process (PID=2766) to work on /home/airflow/.local/lib/python3.12/site-packages/airflow/example_dags/example_bash_operator.py
[2025-01-16T15:38:13.169+0000] {processor.py:914} INFO - Processing file /home/airflow/.local/lib/python3.12/site-packages/airflow/example_dags/example_bash_operator.py for tasks to queue
[2025-01-16T15:38:13.173+0000] {logging_mixin.py:190} INFO - [2025-01-16T15:38:13.172+0000] {dagbag.py:588} INFO - Filling up the DagBag from /home/airflow/.local/lib/python3.12/site-packages/airflow/example_dags/example_bash_operator.py
[2025-01-16T15:38:13.191+0000] {processor.py:925} INFO - DAG(s) 'example_bash_operator' retrieved from /home/airflow/.local/lib/python3.12/site-packages/airflow/example_dags/example_bash_operator.py
[2025-01-16T15:38:13.216+0000] {logging_mixin.py:190} INFO - [2025-01-16T15:38:13.215+0000] {dag.py:3239} INFO - Sync 1 DAGs
[2025-01-16T15:38:13.236+0000] {logging_mixin.py:190} INFO - [2025-01-16T15:38:13.235+0000] {dag.py:4180} INFO - Setting next_dagrun for example_bash_operator to 2025-01-15 00:00:00+00:00, run_after=2025-01-16 00:00:00+00:00
[2025-01-16T15:38:13.252+0000] {processor.py:208} INFO - Processing /home/airflow/.local/lib/python3.12/site-packages/airflow/example_dags/example_bash_operator.py took 0.094 seconds
[2025-01-16T15:38:44.498+0000] {processor.py:186} INFO - Started process (PID=3062) to work on /home/airflow/.local/lib/python3.12/site-packages/airflow/example_dags/example_bash_operator.py
[2025-01-16T15:38:44.499+0000] {processor.py:914} INFO - Processing file /home/airflow/.local/lib/python3.12/site-packages/airflow/example_dags/example_bash_operator.py for tasks to queue
[2025-01-16T15:38:44.501+0000] {logging_mixin.py:190} INFO - [2025-01-16T15:38:44.500+0000] {dagbag.py:588} INFO - Filling up the DagBag from /home/airflow/.local/lib/python3.12/site-packages/airflow/example_dags/example_bash_operator.py
[2025-01-16T15:38:44.510+0000] {processor.py:925} INFO - DAG(s) 'example_bash_operator' retrieved from /home/airflow/.local/lib/python3.12/site-packages/airflow/example_dags/example_bash_operator.py
[2025-01-16T15:38:44.529+0000] {logging_mixin.py:190} INFO - [2025-01-16T15:38:44.529+0000] {dag.py:3239} INFO - Sync 1 DAGs
[2025-01-16T15:38:44.548+0000] {logging_mixin.py:190} INFO - [2025-01-16T15:38:44.548+0000] {dag.py:4180} INFO - Setting next_dagrun for example_bash_operator to 2025-01-15 00:00:00+00:00, run_after=2025-01-16 00:00:00+00:00
[2025-01-16T15:38:44.564+0000] {processor.py:208} INFO - Processing /home/airflow/.local/lib/python3.12/site-packages/airflow/example_dags/example_bash_operator.py took 0.070 seconds
[2025-01-16T15:39:15.958+0000] {processor.py:186} INFO - Started process (PID=3363) to work on /home/airflow/.local/lib/python3.12/site-packages/airflow/example_dags/example_bash_operator.py
[2025-01-16T15:39:15.959+0000] {processor.py:914} INFO - Processing file /home/airflow/.local/lib/python3.12/site-packages/airflow/example_dags/example_bash_operator.py for tasks to queue
[2025-01-16T15:39:15.961+0000] {logging_mixin.py:190} INFO - [2025-01-16T15:39:15.960+0000] {dagbag.py:588} INFO - Filling up the DagBag from /home/airflow/.local/lib/python3.12/site-packages/airflow/example_dags/example_bash_operator.py
[2025-01-16T15:39:15.970+0000] {processor.py:925} INFO - DAG(s) 'example_bash_operator' retrieved from /home/airflow/.local/lib/python3.12/site-packages/airflow/example_dags/example_bash_operator.py
[2025-01-16T15:39:15.989+0000] {logging_mixin.py:190} INFO - [2025-01-16T15:39:15.989+0000] {dag.py:3239} INFO - Sync 1 DAGs
[2025-01-16T15:39:16.007+0000] {logging_mixin.py:190} INFO - [2025-01-16T15:39:16.006+0000] {dag.py:4180} INFO - Setting next_dagrun for example_bash_operator to 2025-01-15 00:00:00+00:00, run_after=2025-01-16 00:00:00+00:00
[2025-01-16T15:39:16.023+0000] {processor.py:208} INFO - Processing /home/airflow/.local/lib/python3.12/site-packages/airflow/example_dags/example_bash_operator.py took 0.069 seconds
[2025-01-16T15:39:46.250+0000] {processor.py:186} INFO - Started process (PID=3654) to work on /home/airflow/.local/lib/python3.12/site-packages/airflow/example_dags/example_bash_operator.py
[2025-01-16T15:39:46.251+0000] {processor.py:914} INFO - Processing file /home/airflow/.local/lib/python3.12/site-packages/airflow/example_dags/example_bash_operator.py for tasks to queue
[2025-01-16T15:39:46.253+0000] {logging_mixin.py:190} INFO - [2025-01-16T15:39:46.253+0000] {dagbag.py:588} INFO - Filling up the DagBag from /home/airflow/.local/lib/python3.12/site-packages/airflow/example_dags/example_bash_operator.py
[2025-01-16T15:39:46.262+0000] {processor.py:925} INFO - DAG(s) 'example_bash_operator' retrieved from /home/airflow/.local/lib/python3.12/site-packages/airflow/example_dags/example_bash_operator.py
[2025-01-16T15:39:46.283+0000] {logging_mixin.py:190} INFO - [2025-01-16T15:39:46.282+0000] {dag.py:3239} INFO - Sync 1 DAGs
[2025-01-16T15:39:46.301+0000] {logging_mixin.py:190} INFO - [2025-01-16T15:39:46.301+0000] {dag.py:4180} INFO - Setting next_dagrun for example_bash_operator to 2025-01-15 00:00:00+00:00, run_after=2025-01-16 00:00:00+00:00
[2025-01-16T15:39:46.316+0000] {processor.py:208} INFO - Processing /home/airflow/.local/lib/python3.12/site-packages/airflow/example_dags/example_bash_operator.py took 0.070 seconds
[2025-01-16T15:40:17.725+0000] {processor.py:186} INFO - Started process (PID=3950) to work on /home/airflow/.local/lib/python3.12/site-packages/airflow/example_dags/example_bash_operator.py
[2025-01-16T15:40:17.725+0000] {processor.py:914} INFO - Processing file /home/airflow/.local/lib/python3.12/site-packages/airflow/example_dags/example_bash_operator.py for tasks to queue
[2025-01-16T15:40:17.727+0000] {logging_mixin.py:190} INFO - [2025-01-16T15:40:17.727+0000] {dagbag.py:588} INFO - Filling up the DagBag from /home/airflow/.local/lib/python3.12/site-packages/airflow/example_dags/example_bash_operator.py
[2025-01-16T15:40:17.739+0000] {processor.py:925} INFO - DAG(s) 'example_bash_operator' retrieved from /home/airflow/.local/lib/python3.12/site-packages/airflow/example_dags/example_bash_operator.py
[2025-01-16T15:40:17.760+0000] {logging_mixin.py:190} INFO - [2025-01-16T15:40:17.760+0000] {dag.py:3239} INFO - Sync 1 DAGs
[2025-01-16T15:40:17.780+0000] {logging_mixin.py:190} INFO - [2025-01-16T15:40:17.779+0000] {dag.py:4180} INFO - Setting next_dagrun for example_bash_operator to 2025-01-15 00:00:00+00:00, run_after=2025-01-16 00:00:00+00:00
[2025-01-16T15:40:17.796+0000] {processor.py:208} INFO - Processing /home/airflow/.local/lib/python3.12/site-packages/airflow/example_dags/example_bash_operator.py took 0.076 seconds
[2025-01-16T15:40:50.027+0000] {processor.py:186} INFO - Started process (PID=4251) to work on /home/airflow/.local/lib/python3.12/site-packages/airflow/example_dags/example_bash_operator.py
[2025-01-16T15:40:50.028+0000] {processor.py:914} INFO - Processing file /home/airflow/.local/lib/python3.12/site-packages/airflow/example_dags/example_bash_operator.py for tasks to queue
[2025-01-16T15:40:50.030+0000] {logging_mixin.py:190} INFO - [2025-01-16T15:40:50.030+0000] {dagbag.py:588} INFO - Filling up the DagBag from /home/airflow/.local/lib/python3.12/site-packages/airflow/example_dags/example_bash_operator.py
[2025-01-16T15:40:50.040+0000] {processor.py:925} INFO - DAG(s) 'example_bash_operator' retrieved from /home/airflow/.local/lib/python3.12/site-packages/airflow/example_dags/example_bash_operator.py
[2025-01-16T15:40:50.063+0000] {logging_mixin.py:190} INFO - [2025-01-16T15:40:50.063+0000] {dag.py:3239} INFO - Sync 1 DAGs
[2025-01-16T15:40:50.083+0000] {logging_mixin.py:190} INFO - [2025-01-16T15:40:50.083+0000] {dag.py:4180} INFO - Setting next_dagrun for example_bash_operator to 2025-01-15 00:00:00+00:00, run_after=2025-01-16 00:00:00+00:00
[2025-01-16T15:40:50.098+0000] {processor.py:208} INFO - Processing /home/airflow/.local/lib/python3.12/site-packages/airflow/example_dags/example_bash_operator.py took 0.075 seconds
[2025-01-16T15:41:20.516+0000] {processor.py:186} INFO - Started process (PID=4547) to work on /home/airflow/.local/lib/python3.12/site-packages/airflow/example_dags/example_bash_operator.py
[2025-01-16T15:41:20.517+0000] {processor.py:914} INFO - Processing file /home/airflow/.local/lib/python3.12/site-packages/airflow/example_dags/example_bash_operator.py for tasks to queue
[2025-01-16T15:41:20.519+0000] {logging_mixin.py:190} INFO - [2025-01-16T15:41:20.519+0000] {dagbag.py:588} INFO - Filling up the DagBag from /home/airflow/.local/lib/python3.12/site-packages/airflow/example_dags/example_bash_operator.py
[2025-01-16T15:41:20.529+0000] {processor.py:925} INFO - DAG(s) 'example_bash_operator' retrieved from /home/airflow/.local/lib/python3.12/site-packages/airflow/example_dags/example_bash_operator.py
[2025-01-16T15:41:20.549+0000] {logging_mixin.py:190} INFO - [2025-01-16T15:41:20.548+0000] {dag.py:3239} INFO - Sync 1 DAGs
[2025-01-16T15:41:20.566+0000] {logging_mixin.py:190} INFO - [2025-01-16T15:41:20.566+0000] {dag.py:4180} INFO - Setting next_dagrun for example_bash_operator to 2025-01-15 00:00:00+00:00, run_after=2025-01-16 00:00:00+00:00
[2025-01-16T15:41:20.579+0000] {processor.py:208} INFO - Processing /home/airflow/.local/lib/python3.12/site-packages/airflow/example_dags/example_bash_operator.py took 0.067 seconds
[2025-01-16T15:41:51.978+0000] {processor.py:186} INFO - Started process (PID=4845) to work on /home/airflow/.local/lib/python3.12/site-packages/airflow/example_dags/example_bash_operator.py
[2025-01-16T15:41:51.979+0000] {processor.py:914} INFO - Processing file /home/airflow/.local/lib/python3.12/site-packages/airflow/example_dags/example_bash_operator.py for tasks to queue
[2025-01-16T15:41:51.981+0000] {logging_mixin.py:190} INFO - [2025-01-16T15:41:51.981+0000] {dagbag.py:588} INFO - Filling up the DagBag from /home/airflow/.local/lib/python3.12/site-packages/airflow/example_dags/example_bash_operator.py
[2025-01-16T15:41:51.991+0000] {processor.py:925} INFO - DAG(s) 'example_bash_operator' retrieved from /home/airflow/.local/lib/python3.12/site-packages/airflow/example_dags/example_bash_operator.py
[2025-01-16T15:41:52.011+0000] {logging_mixin.py:190} INFO - [2025-01-16T15:41:52.011+0000] {dag.py:3239} INFO - Sync 1 DAGs
[2025-01-16T15:41:52.029+0000] {logging_mixin.py:190} INFO - [2025-01-16T15:41:52.029+0000] {dag.py:4180} INFO - Setting next_dagrun for example_bash_operator to 2025-01-15 00:00:00+00:00, run_after=2025-01-16 00:00:00+00:00
[2025-01-16T15:41:52.043+0000] {processor.py:208} INFO - Processing /home/airflow/.local/lib/python3.12/site-packages/airflow/example_dags/example_bash_operator.py took 0.069 seconds
[2025-01-16T15:42:23.295+0000] {processor.py:186} INFO - Started process (PID=5139) to work on /home/airflow/.local/lib/python3.12/site-packages/airflow/example_dags/example_bash_operator.py
[2025-01-16T15:42:23.296+0000] {processor.py:914} INFO - Processing file /home/airflow/.local/lib/python3.12/site-packages/airflow/example_dags/example_bash_operator.py for tasks to queue
[2025-01-16T15:42:23.298+0000] {logging_mixin.py:190} INFO - [2025-01-16T15:42:23.297+0000] {dagbag.py:588} INFO - Filling up the DagBag from /home/airflow/.local/lib/python3.12/site-packages/airflow/example_dags/example_bash_operator.py
[2025-01-16T15:42:23.307+0000] {processor.py:925} INFO - DAG(s) 'example_bash_operator' retrieved from /home/airflow/.local/lib/python3.12/site-packages/airflow/example_dags/example_bash_operator.py
[2025-01-16T15:42:23.327+0000] {logging_mixin.py:190} INFO - [2025-01-16T15:42:23.327+0000] {dag.py:3239} INFO - Sync 1 DAGs
[2025-01-16T15:42:23.347+0000] {logging_mixin.py:190} INFO - [2025-01-16T15:42:23.347+0000] {dag.py:4180} INFO - Setting next_dagrun for example_bash_operator to 2025-01-15 00:00:00+00:00, run_after=2025-01-16 00:00:00+00:00
[2025-01-16T15:42:23.361+0000] {processor.py:208} INFO - Processing /home/airflow/.local/lib/python3.12/site-packages/airflow/example_dags/example_bash_operator.py took 0.069 seconds
[2025-01-16T15:42:54.456+0000] {processor.py:186} INFO - Started process (PID=5435) to work on /home/airflow/.local/lib/python3.12/site-packages/airflow/example_dags/example_bash_operator.py
[2025-01-16T15:42:54.457+0000] {processor.py:914} INFO - Processing file /home/airflow/.local/lib/python3.12/site-packages/airflow/example_dags/example_bash_operator.py for tasks to queue
[2025-01-16T15:42:54.458+0000] {logging_mixin.py:190} INFO - [2025-01-16T15:42:54.458+0000] {dagbag.py:588} INFO - Filling up the DagBag from /home/airflow/.local/lib/python3.12/site-packages/airflow/example_dags/example_bash_operator.py
[2025-01-16T15:42:54.467+0000] {processor.py:925} INFO - DAG(s) 'example_bash_operator' retrieved from /home/airflow/.local/lib/python3.12/site-packages/airflow/example_dags/example_bash_operator.py
[2025-01-16T15:42:54.487+0000] {logging_mixin.py:190} INFO - [2025-01-16T15:42:54.487+0000] {dag.py:3239} INFO - Sync 1 DAGs
[2025-01-16T15:42:54.506+0000] {logging_mixin.py:190} INFO - [2025-01-16T15:42:54.505+0000] {dag.py:4180} INFO - Setting next_dagrun for example_bash_operator to 2025-01-15 00:00:00+00:00, run_after=2025-01-16 00:00:00+00:00
[2025-01-16T15:42:54.519+0000] {processor.py:208} INFO - Processing /home/airflow/.local/lib/python3.12/site-packages/airflow/example_dags/example_bash_operator.py took 0.068 seconds
[2025-01-16T15:43:25.558+0000] {processor.py:186} INFO - Started process (PID=5731) to work on /home/airflow/.local/lib/python3.12/site-packages/airflow/example_dags/example_bash_operator.py
[2025-01-16T15:43:25.559+0000] {processor.py:914} INFO - Processing file /home/airflow/.local/lib/python3.12/site-packages/airflow/example_dags/example_bash_operator.py for tasks to queue
[2025-01-16T15:43:25.560+0000] {logging_mixin.py:190} INFO - [2025-01-16T15:43:25.560+0000] {dagbag.py:588} INFO - Filling up the DagBag from /home/airflow/.local/lib/python3.12/site-packages/airflow/example_dags/example_bash_operator.py
[2025-01-16T15:43:25.570+0000] {processor.py:925} INFO - DAG(s) 'example_bash_operator' retrieved from /home/airflow/.local/lib/python3.12/site-packages/airflow/example_dags/example_bash_operator.py
[2025-01-16T15:43:25.590+0000] {logging_mixin.py:190} INFO - [2025-01-16T15:43:25.590+0000] {dag.py:3239} INFO - Sync 1 DAGs
[2025-01-16T15:43:25.609+0000] {logging_mixin.py:190} INFO - [2025-01-16T15:43:25.608+0000] {dag.py:4180} INFO - Setting next_dagrun for example_bash_operator to 2025-01-15 00:00:00+00:00, run_after=2025-01-16 00:00:00+00:00
[2025-01-16T15:43:25.622+0000] {processor.py:208} INFO - Processing /home/airflow/.local/lib/python3.12/site-packages/airflow/example_dags/example_bash_operator.py took 0.069 seconds
[2025-01-16T15:43:57.404+0000] {processor.py:186} INFO - Started process (PID=6027) to work on /home/airflow/.local/lib/python3.12/site-packages/airflow/example_dags/example_bash_operator.py
[2025-01-16T15:43:57.404+0000] {processor.py:914} INFO - Processing file /home/airflow/.local/lib/python3.12/site-packages/airflow/example_dags/example_bash_operator.py for tasks to queue
[2025-01-16T15:43:57.406+0000] {logging_mixin.py:190} INFO - [2025-01-16T15:43:57.406+0000] {dagbag.py:588} INFO - Filling up the DagBag from /home/airflow/.local/lib/python3.12/site-packages/airflow/example_dags/example_bash_operator.py
[2025-01-16T15:43:57.416+0000] {processor.py:925} INFO - DAG(s) 'example_bash_operator' retrieved from /home/airflow/.local/lib/python3.12/site-packages/airflow/example_dags/example_bash_operator.py
[2025-01-16T15:43:57.436+0000] {logging_mixin.py:190} INFO - [2025-01-16T15:43:57.436+0000] {dag.py:3239} INFO - Sync 1 DAGs
[2025-01-16T15:43:57.455+0000] {logging_mixin.py:190} INFO - [2025-01-16T15:43:57.455+0000] {dag.py:4180} INFO - Setting next_dagrun for example_bash_operator to 2025-01-15 00:00:00+00:00, run_after=2025-01-16 00:00:00+00:00
[2025-01-16T15:43:57.469+0000] {processor.py:208} INFO - Processing /home/airflow/.local/lib/python3.12/site-packages/airflow/example_dags/example_bash_operator.py took 0.069 seconds
[2025-01-16T15:44:28.588+0000] {processor.py:186} INFO - Started process (PID=6323) to work on /home/airflow/.local/lib/python3.12/site-packages/airflow/example_dags/example_bash_operator.py
[2025-01-16T15:44:28.589+0000] {processor.py:914} INFO - Processing file /home/airflow/.local/lib/python3.12/site-packages/airflow/example_dags/example_bash_operator.py for tasks to queue
[2025-01-16T15:44:28.590+0000] {logging_mixin.py:190} INFO - [2025-01-16T15:44:28.590+0000] {dagbag.py:588} INFO - Filling up the DagBag from /home/airflow/.local/lib/python3.12/site-packages/airflow/example_dags/example_bash_operator.py
[2025-01-16T15:44:28.599+0000] {processor.py:925} INFO - DAG(s) 'example_bash_operator' retrieved from /home/airflow/.local/lib/python3.12/site-packages/airflow/example_dags/example_bash_operator.py
[2025-01-16T15:44:28.619+0000] {logging_mixin.py:190} INFO - [2025-01-16T15:44:28.619+0000] {dag.py:3239} INFO - Sync 1 DAGs
[2025-01-16T15:44:28.638+0000] {logging_mixin.py:190} INFO - [2025-01-16T15:44:28.638+0000] {dag.py:4180} INFO - Setting next_dagrun for example_bash_operator to 2025-01-15 00:00:00+00:00, run_after=2025-01-16 00:00:00+00:00
[2025-01-16T15:44:28.651+0000] {processor.py:208} INFO - Processing /home/airflow/.local/lib/python3.12/site-packages/airflow/example_dags/example_bash_operator.py took 0.067 seconds
[2025-01-16T15:44:59.586+0000] {processor.py:186} INFO - Started process (PID=6619) to work on /home/airflow/.local/lib/python3.12/site-packages/airflow/example_dags/example_bash_operator.py
[2025-01-16T15:44:59.587+0000] {processor.py:914} INFO - Processing file /home/airflow/.local/lib/python3.12/site-packages/airflow/example_dags/example_bash_operator.py for tasks to queue
[2025-01-16T15:44:59.588+0000] {logging_mixin.py:190} INFO - [2025-01-16T15:44:59.588+0000] {dagbag.py:588} INFO - Filling up the DagBag from /home/airflow/.local/lib/python3.12/site-packages/airflow/example_dags/example_bash_operator.py
[2025-01-16T15:44:59.597+0000] {processor.py:925} INFO - DAG(s) 'example_bash_operator' retrieved from /home/airflow/.local/lib/python3.12/site-packages/airflow/example_dags/example_bash_operator.py
[2025-01-16T15:44:59.618+0000] {logging_mixin.py:190} INFO - [2025-01-16T15:44:59.618+0000] {dag.py:3239} INFO - Sync 1 DAGs
[2025-01-16T15:44:59.636+0000] {logging_mixin.py:190} INFO - [2025-01-16T15:44:59.635+0000] {dag.py:4180} INFO - Setting next_dagrun for example_bash_operator to 2025-01-15 00:00:00+00:00, run_after=2025-01-16 00:00:00+00:00
[2025-01-16T15:44:59.648+0000] {processor.py:208} INFO - Processing /home/airflow/.local/lib/python3.12/site-packages/airflow/example_dags/example_bash_operator.py took 0.066 seconds
[2025-01-16T15:45:30.809+0000] {processor.py:186} INFO - Started process (PID=6921) to work on /home/airflow/.local/lib/python3.12/site-packages/airflow/example_dags/example_bash_operator.py
[2025-01-16T15:45:30.810+0000] {processor.py:914} INFO - Processing file /home/airflow/.local/lib/python3.12/site-packages/airflow/example_dags/example_bash_operator.py for tasks to queue
[2025-01-16T15:45:30.811+0000] {logging_mixin.py:190} INFO - [2025-01-16T15:45:30.811+0000] {dagbag.py:588} INFO - Filling up the DagBag from /home/airflow/.local/lib/python3.12/site-packages/airflow/example_dags/example_bash_operator.py
[2025-01-16T15:45:30.825+0000] {processor.py:925} INFO - DAG(s) 'example_bash_operator' retrieved from /home/airflow/.local/lib/python3.12/site-packages/airflow/example_dags/example_bash_operator.py
[2025-01-16T15:45:30.852+0000] {logging_mixin.py:190} INFO - [2025-01-16T15:45:30.852+0000] {dag.py:3239} INFO - Sync 1 DAGs
[2025-01-16T15:45:30.882+0000] {logging_mixin.py:190} INFO - [2025-01-16T15:45:30.882+0000] {dag.py:4180} INFO - Setting next_dagrun for example_bash_operator to 2025-01-15 00:00:00+00:00, run_after=2025-01-16 00:00:00+00:00
[2025-01-16T15:45:30.898+0000] {processor.py:208} INFO - Processing /home/airflow/.local/lib/python3.12/site-packages/airflow/example_dags/example_bash_operator.py took 0.093 seconds
[2025-01-16T15:46:02.641+0000] {processor.py:186} INFO - Started process (PID=7219) to work on /home/airflow/.local/lib/python3.12/site-packages/airflow/example_dags/example_bash_operator.py
[2025-01-16T15:46:02.642+0000] {processor.py:914} INFO - Processing file /home/airflow/.local/lib/python3.12/site-packages/airflow/example_dags/example_bash_operator.py for tasks to queue
[2025-01-16T15:46:02.644+0000] {logging_mixin.py:190} INFO - [2025-01-16T15:46:02.644+0000] {dagbag.py:588} INFO - Filling up the DagBag from /home/airflow/.local/lib/python3.12/site-packages/airflow/example_dags/example_bash_operator.py
[2025-01-16T15:46:02.655+0000] {processor.py:925} INFO - DAG(s) 'example_bash_operator' retrieved from /home/airflow/.local/lib/python3.12/site-packages/airflow/example_dags/example_bash_operator.py
[2025-01-16T15:46:02.679+0000] {logging_mixin.py:190} INFO - [2025-01-16T15:46:02.679+0000] {dag.py:3239} INFO - Sync 1 DAGs
[2025-01-16T15:46:02.700+0000] {logging_mixin.py:190} INFO - [2025-01-16T15:46:02.700+0000] {dag.py:4180} INFO - Setting next_dagrun for example_bash_operator to 2025-01-15 00:00:00+00:00, run_after=2025-01-16 00:00:00+00:00
[2025-01-16T15:46:02.715+0000] {processor.py:208} INFO - Processing /home/airflow/.local/lib/python3.12/site-packages/airflow/example_dags/example_bash_operator.py took 0.078 seconds
[2025-01-16T15:46:33.607+0000] {processor.py:186} INFO - Started process (PID=7513) to work on /home/airflow/.local/lib/python3.12/site-packages/airflow/example_dags/example_bash_operator.py
[2025-01-16T15:46:33.608+0000] {processor.py:914} INFO - Processing file /home/airflow/.local/lib/python3.12/site-packages/airflow/example_dags/example_bash_operator.py for tasks to queue
[2025-01-16T15:46:33.610+0000] {logging_mixin.py:190} INFO - [2025-01-16T15:46:33.609+0000] {dagbag.py:588} INFO - Filling up the DagBag from /home/airflow/.local/lib/python3.12/site-packages/airflow/example_dags/example_bash_operator.py
[2025-01-16T15:46:33.619+0000] {processor.py:925} INFO - DAG(s) 'example_bash_operator' retrieved from /home/airflow/.local/lib/python3.12/site-packages/airflow/example_dags/example_bash_operator.py
[2025-01-16T15:46:33.638+0000] {logging_mixin.py:190} INFO - [2025-01-16T15:46:33.638+0000] {dag.py:3239} INFO - Sync 1 DAGs
[2025-01-16T15:46:33.658+0000] {logging_mixin.py:190} INFO - [2025-01-16T15:46:33.657+0000] {dag.py:4180} INFO - Setting next_dagrun for example_bash_operator to 2025-01-15 00:00:00+00:00, run_after=2025-01-16 00:00:00+00:00
[2025-01-16T15:46:33.671+0000] {processor.py:208} INFO - Processing /home/airflow/.local/lib/python3.12/site-packages/airflow/example_dags/example_bash_operator.py took 0.067 seconds
[2025-01-16T15:47:04.275+0000] {processor.py:186} INFO - Started process (PID=7809) to work on /home/airflow/.local/lib/python3.12/site-packages/airflow/example_dags/example_bash_operator.py
[2025-01-16T15:47:04.276+0000] {processor.py:914} INFO - Processing file /home/airflow/.local/lib/python3.12/site-packages/airflow/example_dags/example_bash_operator.py for tasks to queue
[2025-01-16T15:47:04.278+0000] {logging_mixin.py:190} INFO - [2025-01-16T15:47:04.278+0000] {dagbag.py:588} INFO - Filling up the DagBag from /home/airflow/.local/lib/python3.12/site-packages/airflow/example_dags/example_bash_operator.py
[2025-01-16T15:47:04.288+0000] {processor.py:925} INFO - DAG(s) 'example_bash_operator' retrieved from /home/airflow/.local/lib/python3.12/site-packages/airflow/example_dags/example_bash_operator.py
[2025-01-16T15:47:04.307+0000] {logging_mixin.py:190} INFO - [2025-01-16T15:47:04.307+0000] {dag.py:3239} INFO - Sync 1 DAGs
[2025-01-16T15:47:04.327+0000] {logging_mixin.py:190} INFO - [2025-01-16T15:47:04.327+0000] {dag.py:4180} INFO - Setting next_dagrun for example_bash_operator to 2025-01-15 00:00:00+00:00, run_after=2025-01-16 00:00:00+00:00
[2025-01-16T15:47:04.339+0000] {processor.py:208} INFO - Processing /home/airflow/.local/lib/python3.12/site-packages/airflow/example_dags/example_bash_operator.py took 0.069 seconds
[2025-01-16T15:47:35.174+0000] {processor.py:186} INFO - Started process (PID=8105) to work on /home/airflow/.local/lib/python3.12/site-packages/airflow/example_dags/example_bash_operator.py
[2025-01-16T15:47:35.175+0000] {processor.py:914} INFO - Processing file /home/airflow/.local/lib/python3.12/site-packages/airflow/example_dags/example_bash_operator.py for tasks to queue
[2025-01-16T15:47:35.177+0000] {logging_mixin.py:190} INFO - [2025-01-16T15:47:35.176+0000] {dagbag.py:588} INFO - Filling up the DagBag from /home/airflow/.local/lib/python3.12/site-packages/airflow/example_dags/example_bash_operator.py
[2025-01-16T15:47:35.186+0000] {processor.py:925} INFO - DAG(s) 'example_bash_operator' retrieved from /home/airflow/.local/lib/python3.12/site-packages/airflow/example_dags/example_bash_operator.py
[2025-01-16T15:47:35.206+0000] {logging_mixin.py:190} INFO - [2025-01-16T15:47:35.206+0000] {dag.py:3239} INFO - Sync 1 DAGs
[2025-01-16T15:47:35.224+0000] {logging_mixin.py:190} INFO - [2025-01-16T15:47:35.224+0000] {dag.py:4180} INFO - Setting next_dagrun for example_bash_operator to 2025-01-15 00:00:00+00:00, run_after=2025-01-16 00:00:00+00:00
[2025-01-16T15:47:35.237+0000] {processor.py:208} INFO - Processing /home/airflow/.local/lib/python3.12/site-packages/airflow/example_dags/example_bash_operator.py took 0.067 seconds
[2025-01-16T15:48:06.709+0000] {processor.py:186} INFO - Started process (PID=8401) to work on /home/airflow/.local/lib/python3.12/site-packages/airflow/example_dags/example_bash_operator.py
[2025-01-16T15:48:06.710+0000] {processor.py:914} INFO - Processing file /home/airflow/.local/lib/python3.12/site-packages/airflow/example_dags/example_bash_operator.py for tasks to queue
[2025-01-16T15:48:06.711+0000] {logging_mixin.py:190} INFO - [2025-01-16T15:48:06.711+0000] {dagbag.py:588} INFO - Filling up the DagBag from /home/airflow/.local/lib/python3.12/site-packages/airflow/example_dags/example_bash_operator.py
[2025-01-16T15:48:06.721+0000] {processor.py:925} INFO - DAG(s) 'example_bash_operator' retrieved from /home/airflow/.local/lib/python3.12/site-packages/airflow/example_dags/example_bash_operator.py
[2025-01-16T15:48:06.740+0000] {logging_mixin.py:190} INFO - [2025-01-16T15:48:06.740+0000] {dag.py:3239} INFO - Sync 1 DAGs
[2025-01-16T15:48:06.759+0000] {logging_mixin.py:190} INFO - [2025-01-16T15:48:06.759+0000] {dag.py:4180} INFO - Setting next_dagrun for example_bash_operator to 2025-01-15 00:00:00+00:00, run_after=2025-01-16 00:00:00+00:00
[2025-01-16T15:48:06.772+0000] {processor.py:208} INFO - Processing /home/airflow/.local/lib/python3.12/site-packages/airflow/example_dags/example_bash_operator.py took 0.067 seconds
[2025-01-16T15:48:37.559+0000] {processor.py:186} INFO - Started process (PID=8699) to work on /home/airflow/.local/lib/python3.12/site-packages/airflow/example_dags/example_bash_operator.py
[2025-01-16T15:48:37.560+0000] {processor.py:914} INFO - Processing file /home/airflow/.local/lib/python3.12/site-packages/airflow/example_dags/example_bash_operator.py for tasks to queue
[2025-01-16T15:48:37.562+0000] {logging_mixin.py:190} INFO - [2025-01-16T15:48:37.561+0000] {dagbag.py:588} INFO - Filling up the DagBag from /home/airflow/.local/lib/python3.12/site-packages/airflow/example_dags/example_bash_operator.py
[2025-01-16T15:48:37.571+0000] {processor.py:925} INFO - DAG(s) 'example_bash_operator' retrieved from /home/airflow/.local/lib/python3.12/site-packages/airflow/example_dags/example_bash_operator.py
[2025-01-16T15:48:37.591+0000] {logging_mixin.py:190} INFO - [2025-01-16T15:48:37.591+0000] {dag.py:3239} INFO - Sync 1 DAGs
[2025-01-16T15:48:37.609+0000] {logging_mixin.py:190} INFO - [2025-01-16T15:48:37.609+0000] {dag.py:4180} INFO - Setting next_dagrun for example_bash_operator to 2025-01-15 00:00:00+00:00, run_after=2025-01-16 00:00:00+00:00
[2025-01-16T15:48:37.622+0000] {processor.py:208} INFO - Processing /home/airflow/.local/lib/python3.12/site-packages/airflow/example_dags/example_bash_operator.py took 0.067 seconds
[2025-01-16T15:49:10.186+0000] {processor.py:186} INFO - Started process (PID=9028) to work on /home/airflow/.local/lib/python3.12/site-packages/airflow/example_dags/example_bash_operator.py
[2025-01-16T15:49:10.186+0000] {processor.py:914} INFO - Processing file /home/airflow/.local/lib/python3.12/site-packages/airflow/example_dags/example_bash_operator.py for tasks to queue
[2025-01-16T15:49:10.188+0000] {logging_mixin.py:190} INFO - [2025-01-16T15:49:10.188+0000] {dagbag.py:588} INFO - Filling up the DagBag from /home/airflow/.local/lib/python3.12/site-packages/airflow/example_dags/example_bash_operator.py
[2025-01-16T15:49:10.198+0000] {processor.py:925} INFO - DAG(s) 'example_bash_operator' retrieved from /home/airflow/.local/lib/python3.12/site-packages/airflow/example_dags/example_bash_operator.py
[2025-01-16T15:49:10.220+0000] {logging_mixin.py:190} INFO - [2025-01-16T15:49:10.219+0000] {dag.py:3239} INFO - Sync 1 DAGs
[2025-01-16T15:49:10.240+0000] {logging_mixin.py:190} INFO - [2025-01-16T15:49:10.240+0000] {dag.py:4180} INFO - Setting next_dagrun for example_bash_operator to 2025-01-15 00:00:00+00:00, run_after=2025-01-16 00:00:00+00:00
[2025-01-16T15:49:10.255+0000] {processor.py:208} INFO - Processing /home/airflow/.local/lib/python3.12/site-packages/airflow/example_dags/example_bash_operator.py took 0.075 seconds
[2025-01-16T15:49:41.208+0000] {processor.py:186} INFO - Started process (PID=9326) to work on /home/airflow/.local/lib/python3.12/site-packages/airflow/example_dags/example_bash_operator.py
[2025-01-16T15:49:41.209+0000] {processor.py:914} INFO - Processing file /home/airflow/.local/lib/python3.12/site-packages/airflow/example_dags/example_bash_operator.py for tasks to queue
[2025-01-16T15:49:41.211+0000] {logging_mixin.py:190} INFO - [2025-01-16T15:49:41.211+0000] {dagbag.py:588} INFO - Filling up the DagBag from /home/airflow/.local/lib/python3.12/site-packages/airflow/example_dags/example_bash_operator.py
[2025-01-16T15:49:41.220+0000] {processor.py:925} INFO - DAG(s) 'example_bash_operator' retrieved from /home/airflow/.local/lib/python3.12/site-packages/airflow/example_dags/example_bash_operator.py
[2025-01-16T15:49:41.245+0000] {logging_mixin.py:190} INFO - [2025-01-16T15:49:41.244+0000] {dag.py:3239} INFO - Sync 1 DAGs
[2025-01-16T15:49:41.269+0000] {logging_mixin.py:190} INFO - [2025-01-16T15:49:41.269+0000] {dag.py:4180} INFO - Setting next_dagrun for example_bash_operator to 2025-01-15 00:00:00+00:00, run_after=2025-01-16 00:00:00+00:00
[2025-01-16T15:49:41.285+0000] {processor.py:208} INFO - Processing /home/airflow/.local/lib/python3.12/site-packages/airflow/example_dags/example_bash_operator.py took 0.082 seconds
[2025-01-16T15:50:12.305+0000] {processor.py:186} INFO - Started process (PID=9620) to work on /home/airflow/.local/lib/python3.12/site-packages/airflow/example_dags/example_bash_operator.py
[2025-01-16T15:50:12.306+0000] {processor.py:914} INFO - Processing file /home/airflow/.local/lib/python3.12/site-packages/airflow/example_dags/example_bash_operator.py for tasks to queue
[2025-01-16T15:50:12.307+0000] {logging_mixin.py:190} INFO - [2025-01-16T15:50:12.307+0000] {dagbag.py:588} INFO - Filling up the DagBag from /home/airflow/.local/lib/python3.12/site-packages/airflow/example_dags/example_bash_operator.py
[2025-01-16T15:50:12.319+0000] {processor.py:925} INFO - DAG(s) 'example_bash_operator' retrieved from /home/airflow/.local/lib/python3.12/site-packages/airflow/example_dags/example_bash_operator.py
[2025-01-16T15:50:12.345+0000] {logging_mixin.py:190} INFO - [2025-01-16T15:50:12.345+0000] {dag.py:3239} INFO - Sync 1 DAGs
[2025-01-16T15:50:12.369+0000] {logging_mixin.py:190} INFO - [2025-01-16T15:50:12.369+0000] {dag.py:4180} INFO - Setting next_dagrun for example_bash_operator to 2025-01-15 00:00:00+00:00, run_after=2025-01-16 00:00:00+00:00
[2025-01-16T15:50:12.388+0000] {processor.py:208} INFO - Processing /home/airflow/.local/lib/python3.12/site-packages/airflow/example_dags/example_bash_operator.py took 0.088 seconds
[2025-01-16T15:50:42.931+0000] {processor.py:186} INFO - Started process (PID=9916) to work on /home/airflow/.local/lib/python3.12/site-packages/airflow/example_dags/example_bash_operator.py
[2025-01-16T15:50:42.932+0000] {processor.py:914} INFO - Processing file /home/airflow/.local/lib/python3.12/site-packages/airflow/example_dags/example_bash_operator.py for tasks to queue
[2025-01-16T15:50:42.934+0000] {logging_mixin.py:190} INFO - [2025-01-16T15:50:42.933+0000] {dagbag.py:588} INFO - Filling up the DagBag from /home/airflow/.local/lib/python3.12/site-packages/airflow/example_dags/example_bash_operator.py
[2025-01-16T15:50:42.943+0000] {processor.py:925} INFO - DAG(s) 'example_bash_operator' retrieved from /home/airflow/.local/lib/python3.12/site-packages/airflow/example_dags/example_bash_operator.py
[2025-01-16T15:50:42.964+0000] {logging_mixin.py:190} INFO - [2025-01-16T15:50:42.963+0000] {dag.py:3239} INFO - Sync 1 DAGs
[2025-01-16T15:50:42.981+0000] {logging_mixin.py:190} INFO - [2025-01-16T15:50:42.981+0000] {dag.py:4180} INFO - Setting next_dagrun for example_bash_operator to 2025-01-15 00:00:00+00:00, run_after=2025-01-16 00:00:00+00:00
[2025-01-16T15:50:42.996+0000] {processor.py:208} INFO - Processing /home/airflow/.local/lib/python3.12/site-packages/airflow/example_dags/example_bash_operator.py took 0.070 seconds
[2025-01-16T15:51:13.301+0000] {processor.py:186} INFO - Started process (PID=10211) to work on /home/airflow/.local/lib/python3.12/site-packages/airflow/example_dags/example_bash_operator.py
[2025-01-16T15:51:13.302+0000] {processor.py:914} INFO - Processing file /home/airflow/.local/lib/python3.12/site-packages/airflow/example_dags/example_bash_operator.py for tasks to queue
[2025-01-16T15:51:13.305+0000] {logging_mixin.py:190} INFO - [2025-01-16T15:51:13.304+0000] {dagbag.py:588} INFO - Filling up the DagBag from /home/airflow/.local/lib/python3.12/site-packages/airflow/example_dags/example_bash_operator.py
[2025-01-16T15:51:13.317+0000] {processor.py:925} INFO - DAG(s) 'example_bash_operator' retrieved from /home/airflow/.local/lib/python3.12/site-packages/airflow/example_dags/example_bash_operator.py
[2025-01-16T15:51:13.338+0000] {logging_mixin.py:190} INFO - [2025-01-16T15:51:13.338+0000] {dag.py:3239} INFO - Sync 1 DAGs
[2025-01-16T15:51:13.358+0000] {logging_mixin.py:190} INFO - [2025-01-16T15:51:13.358+0000] {dag.py:4180} INFO - Setting next_dagrun for example_bash_operator to 2025-01-15 00:00:00+00:00, run_after=2025-01-16 00:00:00+00:00
[2025-01-16T15:51:13.370+0000] {processor.py:208} INFO - Processing /home/airflow/.local/lib/python3.12/site-packages/airflow/example_dags/example_bash_operator.py took 0.075 seconds
[2025-01-16T15:51:45.096+0000] {processor.py:186} INFO - Started process (PID=10512) to work on /home/airflow/.local/lib/python3.12/site-packages/airflow/example_dags/example_bash_operator.py
[2025-01-16T15:51:45.096+0000] {processor.py:914} INFO - Processing file /home/airflow/.local/lib/python3.12/site-packages/airflow/example_dags/example_bash_operator.py for tasks to queue
[2025-01-16T15:51:45.099+0000] {logging_mixin.py:190} INFO - [2025-01-16T15:51:45.098+0000] {dagbag.py:588} INFO - Filling up the DagBag from /home/airflow/.local/lib/python3.12/site-packages/airflow/example_dags/example_bash_operator.py
[2025-01-16T15:51:45.112+0000] {processor.py:925} INFO - DAG(s) 'example_bash_operator' retrieved from /home/airflow/.local/lib/python3.12/site-packages/airflow/example_dags/example_bash_operator.py
[2025-01-16T15:51:45.136+0000] {logging_mixin.py:190} INFO - [2025-01-16T15:51:45.135+0000] {dag.py:3239} INFO - Sync 1 DAGs
[2025-01-16T15:51:45.159+0000] {logging_mixin.py:190} INFO - [2025-01-16T15:51:45.158+0000] {dag.py:4180} INFO - Setting next_dagrun for example_bash_operator to 2025-01-15 00:00:00+00:00, run_after=2025-01-16 00:00:00+00:00
[2025-01-16T15:51:45.179+0000] {processor.py:208} INFO - Processing /home/airflow/.local/lib/python3.12/site-packages/airflow/example_dags/example_bash_operator.py took 0.090 seconds
[2025-01-16T15:52:16.119+0000] {processor.py:186} INFO - Started process (PID=10808) to work on /home/airflow/.local/lib/python3.12/site-packages/airflow/example_dags/example_bash_operator.py
[2025-01-16T15:52:16.120+0000] {processor.py:914} INFO - Processing file /home/airflow/.local/lib/python3.12/site-packages/airflow/example_dags/example_bash_operator.py for tasks to queue
[2025-01-16T15:52:16.121+0000] {logging_mixin.py:190} INFO - [2025-01-16T15:52:16.121+0000] {dagbag.py:588} INFO - Filling up the DagBag from /home/airflow/.local/lib/python3.12/site-packages/airflow/example_dags/example_bash_operator.py
[2025-01-16T15:52:16.131+0000] {processor.py:925} INFO - DAG(s) 'example_bash_operator' retrieved from /home/airflow/.local/lib/python3.12/site-packages/airflow/example_dags/example_bash_operator.py
[2025-01-16T15:52:16.151+0000] {logging_mixin.py:190} INFO - [2025-01-16T15:52:16.151+0000] {dag.py:3239} INFO - Sync 1 DAGs
[2025-01-16T15:52:16.169+0000] {logging_mixin.py:190} INFO - [2025-01-16T15:52:16.169+0000] {dag.py:4180} INFO - Setting next_dagrun for example_bash_operator to 2025-01-15 00:00:00+00:00, run_after=2025-01-16 00:00:00+00:00
[2025-01-16T15:52:16.181+0000] {processor.py:208} INFO - Processing /home/airflow/.local/lib/python3.12/site-packages/airflow/example_dags/example_bash_operator.py took 0.067 seconds
[2025-01-16T15:52:47.311+0000] {processor.py:186} INFO - Started process (PID=11104) to work on /home/airflow/.local/lib/python3.12/site-packages/airflow/example_dags/example_bash_operator.py
[2025-01-16T15:52:47.312+0000] {processor.py:914} INFO - Processing file /home/airflow/.local/lib/python3.12/site-packages/airflow/example_dags/example_bash_operator.py for tasks to queue
[2025-01-16T15:52:47.313+0000] {logging_mixin.py:190} INFO - [2025-01-16T15:52:47.313+0000] {dagbag.py:588} INFO - Filling up the DagBag from /home/airflow/.local/lib/python3.12/site-packages/airflow/example_dags/example_bash_operator.py
[2025-01-16T15:52:47.322+0000] {processor.py:925} INFO - DAG(s) 'example_bash_operator' retrieved from /home/airflow/.local/lib/python3.12/site-packages/airflow/example_dags/example_bash_operator.py
[2025-01-16T15:52:47.351+0000] {logging_mixin.py:190} INFO - [2025-01-16T15:52:47.351+0000] {dag.py:3239} INFO - Sync 1 DAGs
[2025-01-16T15:52:47.377+0000] {logging_mixin.py:190} INFO - [2025-01-16T15:52:47.377+0000] {dag.py:4180} INFO - Setting next_dagrun for example_bash_operator to 2025-01-15 00:00:00+00:00, run_after=2025-01-16 00:00:00+00:00
[2025-01-16T15:52:47.395+0000] {processor.py:208} INFO - Processing /home/airflow/.local/lib/python3.12/site-packages/airflow/example_dags/example_bash_operator.py took 0.088 seconds
[2025-01-16T15:53:18.196+0000] {processor.py:186} INFO - Started process (PID=11400) to work on /home/airflow/.local/lib/python3.12/site-packages/airflow/example_dags/example_bash_operator.py
[2025-01-16T15:53:18.197+0000] {processor.py:914} INFO - Processing file /home/airflow/.local/lib/python3.12/site-packages/airflow/example_dags/example_bash_operator.py for tasks to queue
[2025-01-16T15:53:18.198+0000] {logging_mixin.py:190} INFO - [2025-01-16T15:53:18.198+0000] {dagbag.py:588} INFO - Filling up the DagBag from /home/airflow/.local/lib/python3.12/site-packages/airflow/example_dags/example_bash_operator.py
[2025-01-16T15:53:18.208+0000] {processor.py:925} INFO - DAG(s) 'example_bash_operator' retrieved from /home/airflow/.local/lib/python3.12/site-packages/airflow/example_dags/example_bash_operator.py
[2025-01-16T15:53:18.227+0000] {logging_mixin.py:190} INFO - [2025-01-16T15:53:18.227+0000] {dag.py:3239} INFO - Sync 1 DAGs
[2025-01-16T15:53:18.245+0000] {logging_mixin.py:190} INFO - [2025-01-16T15:53:18.244+0000] {dag.py:4180} INFO - Setting next_dagrun for example_bash_operator to 2025-01-15 00:00:00+00:00, run_after=2025-01-16 00:00:00+00:00
[2025-01-16T15:53:18.257+0000] {processor.py:208} INFO - Processing /home/airflow/.local/lib/python3.12/site-packages/airflow/example_dags/example_bash_operator.py took 0.065 seconds
[2025-01-16T15:53:48.833+0000] {processor.py:186} INFO - Started process (PID=11696) to work on /home/airflow/.local/lib/python3.12/site-packages/airflow/example_dags/example_bash_operator.py
[2025-01-16T15:53:48.834+0000] {processor.py:914} INFO - Processing file /home/airflow/.local/lib/python3.12/site-packages/airflow/example_dags/example_bash_operator.py for tasks to queue
[2025-01-16T15:53:48.835+0000] {logging_mixin.py:190} INFO - [2025-01-16T15:53:48.835+0000] {dagbag.py:588} INFO - Filling up the DagBag from /home/airflow/.local/lib/python3.12/site-packages/airflow/example_dags/example_bash_operator.py
[2025-01-16T15:53:48.844+0000] {processor.py:925} INFO - DAG(s) 'example_bash_operator' retrieved from /home/airflow/.local/lib/python3.12/site-packages/airflow/example_dags/example_bash_operator.py
[2025-01-16T15:53:48.863+0000] {logging_mixin.py:190} INFO - [2025-01-16T15:53:48.863+0000] {dag.py:3239} INFO - Sync 1 DAGs
[2025-01-16T15:53:48.881+0000] {logging_mixin.py:190} INFO - [2025-01-16T15:53:48.881+0000] {dag.py:4180} INFO - Setting next_dagrun for example_bash_operator to 2025-01-15 00:00:00+00:00, run_after=2025-01-16 00:00:00+00:00
[2025-01-16T15:53:48.894+0000] {processor.py:208} INFO - Processing /home/airflow/.local/lib/python3.12/site-packages/airflow/example_dags/example_bash_operator.py took 0.065 seconds
[2025-01-16T15:54:19.558+0000] {processor.py:186} INFO - Started process (PID=11994) to work on /home/airflow/.local/lib/python3.12/site-packages/airflow/example_dags/example_bash_operator.py
[2025-01-16T15:54:19.559+0000] {processor.py:914} INFO - Processing file /home/airflow/.local/lib/python3.12/site-packages/airflow/example_dags/example_bash_operator.py for tasks to queue
[2025-01-16T15:54:19.561+0000] {logging_mixin.py:190} INFO - [2025-01-16T15:54:19.561+0000] {dagbag.py:588} INFO - Filling up the DagBag from /home/airflow/.local/lib/python3.12/site-packages/airflow/example_dags/example_bash_operator.py
[2025-01-16T15:54:19.570+0000] {processor.py:925} INFO - DAG(s) 'example_bash_operator' retrieved from /home/airflow/.local/lib/python3.12/site-packages/airflow/example_dags/example_bash_operator.py
[2025-01-16T15:54:19.589+0000] {logging_mixin.py:190} INFO - [2025-01-16T15:54:19.589+0000] {dag.py:3239} INFO - Sync 1 DAGs
[2025-01-16T15:54:19.607+0000] {logging_mixin.py:190} INFO - [2025-01-16T15:54:19.606+0000] {dag.py:4180} INFO - Setting next_dagrun for example_bash_operator to 2025-01-15 00:00:00+00:00, run_after=2025-01-16 00:00:00+00:00
[2025-01-16T15:54:19.618+0000] {processor.py:208} INFO - Processing /home/airflow/.local/lib/python3.12/site-packages/airflow/example_dags/example_bash_operator.py took 0.064 seconds
[2025-01-16T15:54:50.192+0000] {processor.py:186} INFO - Started process (PID=12288) to work on /home/airflow/.local/lib/python3.12/site-packages/airflow/example_dags/example_bash_operator.py
[2025-01-16T15:54:50.193+0000] {processor.py:914} INFO - Processing file /home/airflow/.local/lib/python3.12/site-packages/airflow/example_dags/example_bash_operator.py for tasks to queue
[2025-01-16T15:54:50.195+0000] {logging_mixin.py:190} INFO - [2025-01-16T15:54:50.195+0000] {dagbag.py:588} INFO - Filling up the DagBag from /home/airflow/.local/lib/python3.12/site-packages/airflow/example_dags/example_bash_operator.py
[2025-01-16T15:54:50.204+0000] {processor.py:925} INFO - DAG(s) 'example_bash_operator' retrieved from /home/airflow/.local/lib/python3.12/site-packages/airflow/example_dags/example_bash_operator.py
[2025-01-16T15:54:50.223+0000] {logging_mixin.py:190} INFO - [2025-01-16T15:54:50.223+0000] {dag.py:3239} INFO - Sync 1 DAGs
[2025-01-16T15:54:50.241+0000] {logging_mixin.py:190} INFO - [2025-01-16T15:54:50.241+0000] {dag.py:4180} INFO - Setting next_dagrun for example_bash_operator to 2025-01-15 00:00:00+00:00, run_after=2025-01-16 00:00:00+00:00
[2025-01-16T15:54:50.254+0000] {processor.py:208} INFO - Processing /home/airflow/.local/lib/python3.12/site-packages/airflow/example_dags/example_bash_operator.py took 0.065 seconds
[2025-01-16T15:55:20.946+0000] {processor.py:186} INFO - Started process (PID=12584) to work on /home/airflow/.local/lib/python3.12/site-packages/airflow/example_dags/example_bash_operator.py
[2025-01-16T15:55:20.947+0000] {processor.py:914} INFO - Processing file /home/airflow/.local/lib/python3.12/site-packages/airflow/example_dags/example_bash_operator.py for tasks to queue
[2025-01-16T15:55:20.949+0000] {logging_mixin.py:190} INFO - [2025-01-16T15:55:20.948+0000] {dagbag.py:588} INFO - Filling up the DagBag from /home/airflow/.local/lib/python3.12/site-packages/airflow/example_dags/example_bash_operator.py
[2025-01-16T15:55:20.958+0000] {processor.py:925} INFO - DAG(s) 'example_bash_operator' retrieved from /home/airflow/.local/lib/python3.12/site-packages/airflow/example_dags/example_bash_operator.py
[2025-01-16T15:55:20.978+0000] {logging_mixin.py:190} INFO - [2025-01-16T15:55:20.978+0000] {dag.py:3239} INFO - Sync 1 DAGs
[2025-01-16T15:55:20.997+0000] {logging_mixin.py:190} INFO - [2025-01-16T15:55:20.997+0000] {dag.py:4180} INFO - Setting next_dagrun for example_bash_operator to 2025-01-15 00:00:00+00:00, run_after=2025-01-16 00:00:00+00:00
[2025-01-16T15:55:21.010+0000] {processor.py:208} INFO - Processing /home/airflow/.local/lib/python3.12/site-packages/airflow/example_dags/example_bash_operator.py took 0.067 seconds
[2025-01-16T15:55:51.742+0000] {processor.py:186} INFO - Started process (PID=12880) to work on /home/airflow/.local/lib/python3.12/site-packages/airflow/example_dags/example_bash_operator.py
[2025-01-16T15:55:51.743+0000] {processor.py:914} INFO - Processing file /home/airflow/.local/lib/python3.12/site-packages/airflow/example_dags/example_bash_operator.py for tasks to queue
[2025-01-16T15:55:51.745+0000] {logging_mixin.py:190} INFO - [2025-01-16T15:55:51.745+0000] {dagbag.py:588} INFO - Filling up the DagBag from /home/airflow/.local/lib/python3.12/site-packages/airflow/example_dags/example_bash_operator.py
[2025-01-16T15:55:51.754+0000] {processor.py:925} INFO - DAG(s) 'example_bash_operator' retrieved from /home/airflow/.local/lib/python3.12/site-packages/airflow/example_dags/example_bash_operator.py
[2025-01-16T15:55:51.774+0000] {logging_mixin.py:190} INFO - [2025-01-16T15:55:51.774+0000] {dag.py:3239} INFO - Sync 1 DAGs
[2025-01-16T15:55:51.792+0000] {logging_mixin.py:190} INFO - [2025-01-16T15:55:51.792+0000] {dag.py:4180} INFO - Setting next_dagrun for example_bash_operator to 2025-01-15 00:00:00+00:00, run_after=2025-01-16 00:00:00+00:00
[2025-01-16T15:55:51.805+0000] {processor.py:208} INFO - Processing /home/airflow/.local/lib/python3.12/site-packages/airflow/example_dags/example_bash_operator.py took 0.067 seconds
[2025-01-16T15:56:22.900+0000] {processor.py:186} INFO - Started process (PID=13178) to work on /home/airflow/.local/lib/python3.12/site-packages/airflow/example_dags/example_bash_operator.py
[2025-01-16T15:56:22.901+0000] {processor.py:914} INFO - Processing file /home/airflow/.local/lib/python3.12/site-packages/airflow/example_dags/example_bash_operator.py for tasks to queue
[2025-01-16T15:56:22.903+0000] {logging_mixin.py:190} INFO - [2025-01-16T15:56:22.903+0000] {dagbag.py:588} INFO - Filling up the DagBag from /home/airflow/.local/lib/python3.12/site-packages/airflow/example_dags/example_bash_operator.py
[2025-01-16T15:56:22.914+0000] {processor.py:925} INFO - DAG(s) 'example_bash_operator' retrieved from /home/airflow/.local/lib/python3.12/site-packages/airflow/example_dags/example_bash_operator.py
[2025-01-16T15:56:22.934+0000] {logging_mixin.py:190} INFO - [2025-01-16T15:56:22.934+0000] {dag.py:3239} INFO - Sync 1 DAGs
[2025-01-16T15:56:22.954+0000] {logging_mixin.py:190} INFO - [2025-01-16T15:56:22.954+0000] {dag.py:4180} INFO - Setting next_dagrun for example_bash_operator to 2025-01-15 00:00:00+00:00, run_after=2025-01-16 00:00:00+00:00
[2025-01-16T15:56:22.969+0000] {processor.py:208} INFO - Processing /home/airflow/.local/lib/python3.12/site-packages/airflow/example_dags/example_bash_operator.py took 0.074 seconds
[2025-01-16T15:56:53.883+0000] {processor.py:186} INFO - Started process (PID=13474) to work on /home/airflow/.local/lib/python3.12/site-packages/airflow/example_dags/example_bash_operator.py
[2025-01-16T15:56:53.883+0000] {processor.py:914} INFO - Processing file /home/airflow/.local/lib/python3.12/site-packages/airflow/example_dags/example_bash_operator.py for tasks to queue
[2025-01-16T15:56:53.885+0000] {logging_mixin.py:190} INFO - [2025-01-16T15:56:53.885+0000] {dagbag.py:588} INFO - Filling up the DagBag from /home/airflow/.local/lib/python3.12/site-packages/airflow/example_dags/example_bash_operator.py
[2025-01-16T15:56:53.894+0000] {processor.py:925} INFO - DAG(s) 'example_bash_operator' retrieved from /home/airflow/.local/lib/python3.12/site-packages/airflow/example_dags/example_bash_operator.py
[2025-01-16T15:56:53.914+0000] {logging_mixin.py:190} INFO - [2025-01-16T15:56:53.914+0000] {dag.py:3239} INFO - Sync 1 DAGs
[2025-01-16T15:56:53.932+0000] {logging_mixin.py:190} INFO - [2025-01-16T15:56:53.931+0000] {dag.py:4180} INFO - Setting next_dagrun for example_bash_operator to 2025-01-15 00:00:00+00:00, run_after=2025-01-16 00:00:00+00:00
[2025-01-16T15:56:53.945+0000] {processor.py:208} INFO - Processing /home/airflow/.local/lib/python3.12/site-packages/airflow/example_dags/example_bash_operator.py took 0.067 seconds
[2025-01-16T15:57:24.762+0000] {processor.py:186} INFO - Started process (PID=13768) to work on /home/airflow/.local/lib/python3.12/site-packages/airflow/example_dags/example_bash_operator.py
[2025-01-16T15:57:24.762+0000] {processor.py:914} INFO - Processing file /home/airflow/.local/lib/python3.12/site-packages/airflow/example_dags/example_bash_operator.py for tasks to queue
[2025-01-16T15:57:24.764+0000] {logging_mixin.py:190} INFO - [2025-01-16T15:57:24.764+0000] {dagbag.py:588} INFO - Filling up the DagBag from /home/airflow/.local/lib/python3.12/site-packages/airflow/example_dags/example_bash_operator.py
[2025-01-16T15:57:24.774+0000] {processor.py:925} INFO - DAG(s) 'example_bash_operator' retrieved from /home/airflow/.local/lib/python3.12/site-packages/airflow/example_dags/example_bash_operator.py
[2025-01-16T15:57:24.794+0000] {logging_mixin.py:190} INFO - [2025-01-16T15:57:24.794+0000] {dag.py:3239} INFO - Sync 1 DAGs
[2025-01-16T15:57:24.813+0000] {logging_mixin.py:190} INFO - [2025-01-16T15:57:24.812+0000] {dag.py:4180} INFO - Setting next_dagrun for example_bash_operator to 2025-01-15 00:00:00+00:00, run_after=2025-01-16 00:00:00+00:00
[2025-01-16T15:57:24.826+0000] {processor.py:208} INFO - Processing /home/airflow/.local/lib/python3.12/site-packages/airflow/example_dags/example_bash_operator.py took 0.069 seconds
[2025-01-16T15:57:55.806+0000] {processor.py:186} INFO - Started process (PID=14066) to work on /home/airflow/.local/lib/python3.12/site-packages/airflow/example_dags/example_bash_operator.py
[2025-01-16T15:57:55.807+0000] {processor.py:914} INFO - Processing file /home/airflow/.local/lib/python3.12/site-packages/airflow/example_dags/example_bash_operator.py for tasks to queue
[2025-01-16T15:57:55.809+0000] {logging_mixin.py:190} INFO - [2025-01-16T15:57:55.808+0000] {dagbag.py:588} INFO - Filling up the DagBag from /home/airflow/.local/lib/python3.12/site-packages/airflow/example_dags/example_bash_operator.py
[2025-01-16T15:57:55.820+0000] {processor.py:925} INFO - DAG(s) 'example_bash_operator' retrieved from /home/airflow/.local/lib/python3.12/site-packages/airflow/example_dags/example_bash_operator.py
[2025-01-16T15:57:55.842+0000] {logging_mixin.py:190} INFO - [2025-01-16T15:57:55.842+0000] {dag.py:3239} INFO - Sync 1 DAGs
[2025-01-16T15:57:55.866+0000] {logging_mixin.py:190} INFO - [2025-01-16T15:57:55.866+0000] {dag.py:4180} INFO - Setting next_dagrun for example_bash_operator to 2025-01-15 00:00:00+00:00, run_after=2025-01-16 00:00:00+00:00
[2025-01-16T15:57:55.884+0000] {processor.py:208} INFO - Processing /home/airflow/.local/lib/python3.12/site-packages/airflow/example_dags/example_bash_operator.py took 0.083 seconds
[2025-01-16T15:58:27.295+0000] {processor.py:186} INFO - Started process (PID=14360) to work on /home/airflow/.local/lib/python3.12/site-packages/airflow/example_dags/example_bash_operator.py
[2025-01-16T15:58:27.296+0000] {processor.py:914} INFO - Processing file /home/airflow/.local/lib/python3.12/site-packages/airflow/example_dags/example_bash_operator.py for tasks to queue
[2025-01-16T15:58:27.298+0000] {logging_mixin.py:190} INFO - [2025-01-16T15:58:27.298+0000] {dagbag.py:588} INFO - Filling up the DagBag from /home/airflow/.local/lib/python3.12/site-packages/airflow/example_dags/example_bash_operator.py
[2025-01-16T15:58:27.308+0000] {processor.py:925} INFO - DAG(s) 'example_bash_operator' retrieved from /home/airflow/.local/lib/python3.12/site-packages/airflow/example_dags/example_bash_operator.py
[2025-01-16T15:58:27.331+0000] {logging_mixin.py:190} INFO - [2025-01-16T15:58:27.331+0000] {dag.py:3239} INFO - Sync 1 DAGs
[2025-01-16T15:58:27.351+0000] {logging_mixin.py:190} INFO - [2025-01-16T15:58:27.351+0000] {dag.py:4180} INFO - Setting next_dagrun for example_bash_operator to 2025-01-15 00:00:00+00:00, run_after=2025-01-16 00:00:00+00:00
[2025-01-16T15:58:27.365+0000] {processor.py:208} INFO - Processing /home/airflow/.local/lib/python3.12/site-packages/airflow/example_dags/example_bash_operator.py took 0.075 seconds
[2025-01-16T15:58:58.693+0000] {processor.py:186} INFO - Started process (PID=14658) to work on /home/airflow/.local/lib/python3.12/site-packages/airflow/example_dags/example_bash_operator.py
[2025-01-16T15:58:58.694+0000] {processor.py:914} INFO - Processing file /home/airflow/.local/lib/python3.12/site-packages/airflow/example_dags/example_bash_operator.py for tasks to queue
[2025-01-16T15:58:58.696+0000] {logging_mixin.py:190} INFO - [2025-01-16T15:58:58.695+0000] {dagbag.py:588} INFO - Filling up the DagBag from /home/airflow/.local/lib/python3.12/site-packages/airflow/example_dags/example_bash_operator.py
[2025-01-16T15:58:58.706+0000] {processor.py:925} INFO - DAG(s) 'example_bash_operator' retrieved from /home/airflow/.local/lib/python3.12/site-packages/airflow/example_dags/example_bash_operator.py
[2025-01-16T15:58:58.726+0000] {logging_mixin.py:190} INFO - [2025-01-16T15:58:58.726+0000] {dag.py:3239} INFO - Sync 1 DAGs
[2025-01-16T15:58:58.744+0000] {logging_mixin.py:190} INFO - [2025-01-16T15:58:58.744+0000] {dag.py:4180} INFO - Setting next_dagrun for example_bash_operator to 2025-01-15 00:00:00+00:00, run_after=2025-01-16 00:00:00+00:00
[2025-01-16T15:58:58.756+0000] {processor.py:208} INFO - Processing /home/airflow/.local/lib/python3.12/site-packages/airflow/example_dags/example_bash_operator.py took 0.069 seconds
[2025-01-16T15:59:29.394+0000] {processor.py:186} INFO - Started process (PID=14952) to work on /home/airflow/.local/lib/python3.12/site-packages/airflow/example_dags/example_bash_operator.py
[2025-01-16T15:59:29.395+0000] {processor.py:914} INFO - Processing file /home/airflow/.local/lib/python3.12/site-packages/airflow/example_dags/example_bash_operator.py for tasks to queue
[2025-01-16T15:59:29.397+0000] {logging_mixin.py:190} INFO - [2025-01-16T15:59:29.397+0000] {dagbag.py:588} INFO - Filling up the DagBag from /home/airflow/.local/lib/python3.12/site-packages/airflow/example_dags/example_bash_operator.py
[2025-01-16T15:59:29.406+0000] {processor.py:925} INFO - DAG(s) 'example_bash_operator' retrieved from /home/airflow/.local/lib/python3.12/site-packages/airflow/example_dags/example_bash_operator.py
[2025-01-16T15:59:29.425+0000] {logging_mixin.py:190} INFO - [2025-01-16T15:59:29.425+0000] {dag.py:3239} INFO - Sync 1 DAGs
[2025-01-16T15:59:29.443+0000] {logging_mixin.py:190} INFO - [2025-01-16T15:59:29.443+0000] {dag.py:4180} INFO - Setting next_dagrun for example_bash_operator to 2025-01-15 00:00:00+00:00, run_after=2025-01-16 00:00:00+00:00
[2025-01-16T15:59:29.456+0000] {processor.py:208} INFO - Processing /home/airflow/.local/lib/python3.12/site-packages/airflow/example_dags/example_bash_operator.py took 0.065 seconds
[2025-01-16T16:00:00.534+0000] {processor.py:186} INFO - Started process (PID=15248) to work on /home/airflow/.local/lib/python3.12/site-packages/airflow/example_dags/example_bash_operator.py
[2025-01-16T16:00:00.535+0000] {processor.py:914} INFO - Processing file /home/airflow/.local/lib/python3.12/site-packages/airflow/example_dags/example_bash_operator.py for tasks to queue
[2025-01-16T16:00:00.537+0000] {logging_mixin.py:190} INFO - [2025-01-16T16:00:00.536+0000] {dagbag.py:588} INFO - Filling up the DagBag from /home/airflow/.local/lib/python3.12/site-packages/airflow/example_dags/example_bash_operator.py
[2025-01-16T16:00:00.546+0000] {processor.py:925} INFO - DAG(s) 'example_bash_operator' retrieved from /home/airflow/.local/lib/python3.12/site-packages/airflow/example_dags/example_bash_operator.py
[2025-01-16T16:00:00.567+0000] {logging_mixin.py:190} INFO - [2025-01-16T16:00:00.566+0000] {dag.py:3239} INFO - Sync 1 DAGs
[2025-01-16T16:00:00.585+0000] {logging_mixin.py:190} INFO - [2025-01-16T16:00:00.584+0000] {dag.py:4180} INFO - Setting next_dagrun for example_bash_operator to 2025-01-15 00:00:00+00:00, run_after=2025-01-16 00:00:00+00:00
[2025-01-16T16:00:00.598+0000] {processor.py:208} INFO - Processing /home/airflow/.local/lib/python3.12/site-packages/airflow/example_dags/example_bash_operator.py took 0.068 seconds
[2025-01-16T16:00:34.246+0000] {processor.py:186} INFO - Started process (PID=15562) to work on /home/airflow/.local/lib/python3.12/site-packages/airflow/example_dags/example_bash_operator.py
[2025-01-16T16:00:34.247+0000] {processor.py:914} INFO - Processing file /home/airflow/.local/lib/python3.12/site-packages/airflow/example_dags/example_bash_operator.py for tasks to queue
[2025-01-16T16:00:34.249+0000] {logging_mixin.py:190} INFO - [2025-01-16T16:00:34.248+0000] {dagbag.py:588} INFO - Filling up the DagBag from /home/airflow/.local/lib/python3.12/site-packages/airflow/example_dags/example_bash_operator.py
[2025-01-16T16:00:34.258+0000] {processor.py:925} INFO - DAG(s) 'example_bash_operator' retrieved from /home/airflow/.local/lib/python3.12/site-packages/airflow/example_dags/example_bash_operator.py
[2025-01-16T16:00:34.278+0000] {logging_mixin.py:190} INFO - [2025-01-16T16:00:34.278+0000] {dag.py:3239} INFO - Sync 1 DAGs
[2025-01-16T16:00:34.297+0000] {logging_mixin.py:190} INFO - [2025-01-16T16:00:34.296+0000] {dag.py:4180} INFO - Setting next_dagrun for example_bash_operator to 2025-01-15 00:00:00+00:00, run_after=2025-01-16 00:00:00+00:00
[2025-01-16T16:00:34.310+0000] {processor.py:208} INFO - Processing /home/airflow/.local/lib/python3.12/site-packages/airflow/example_dags/example_bash_operator.py took 0.068 seconds
[2025-01-16T16:01:04.983+0000] {processor.py:186} INFO - Started process (PID=15856) to work on /home/airflow/.local/lib/python3.12/site-packages/airflow/example_dags/example_bash_operator.py
[2025-01-16T16:01:04.984+0000] {processor.py:914} INFO - Processing file /home/airflow/.local/lib/python3.12/site-packages/airflow/example_dags/example_bash_operator.py for tasks to queue
[2025-01-16T16:01:04.986+0000] {logging_mixin.py:190} INFO - [2025-01-16T16:01:04.986+0000] {dagbag.py:588} INFO - Filling up the DagBag from /home/airflow/.local/lib/python3.12/site-packages/airflow/example_dags/example_bash_operator.py
[2025-01-16T16:01:04.999+0000] {processor.py:925} INFO - DAG(s) 'example_bash_operator' retrieved from /home/airflow/.local/lib/python3.12/site-packages/airflow/example_dags/example_bash_operator.py
[2025-01-16T16:01:05.020+0000] {logging_mixin.py:190} INFO - [2025-01-16T16:01:05.020+0000] {dag.py:3239} INFO - Sync 1 DAGs
[2025-01-16T16:01:05.044+0000] {logging_mixin.py:190} INFO - [2025-01-16T16:01:05.044+0000] {dag.py:4180} INFO - Setting next_dagrun for example_bash_operator to 2025-01-15 00:00:00+00:00, run_after=2025-01-16 00:00:00+00:00
[2025-01-16T16:01:05.060+0000] {processor.py:208} INFO - Processing /home/airflow/.local/lib/python3.12/site-packages/airflow/example_dags/example_bash_operator.py took 0.082 seconds
[2025-01-16T16:01:35.995+0000] {processor.py:186} INFO - Started process (PID=16152) to work on /home/airflow/.local/lib/python3.12/site-packages/airflow/example_dags/example_bash_operator.py
[2025-01-16T16:01:35.995+0000] {processor.py:914} INFO - Processing file /home/airflow/.local/lib/python3.12/site-packages/airflow/example_dags/example_bash_operator.py for tasks to queue
[2025-01-16T16:01:35.997+0000] {logging_mixin.py:190} INFO - [2025-01-16T16:01:35.997+0000] {dagbag.py:588} INFO - Filling up the DagBag from /home/airflow/.local/lib/python3.12/site-packages/airflow/example_dags/example_bash_operator.py
[2025-01-16T16:01:36.007+0000] {processor.py:925} INFO - DAG(s) 'example_bash_operator' retrieved from /home/airflow/.local/lib/python3.12/site-packages/airflow/example_dags/example_bash_operator.py
[2025-01-16T16:01:36.029+0000] {logging_mixin.py:190} INFO - [2025-01-16T16:01:36.029+0000] {dag.py:3239} INFO - Sync 1 DAGs
[2025-01-16T16:01:36.052+0000] {logging_mixin.py:190} INFO - [2025-01-16T16:01:36.051+0000] {dag.py:4180} INFO - Setting next_dagrun for example_bash_operator to 2025-01-15 00:00:00+00:00, run_after=2025-01-16 00:00:00+00:00
[2025-01-16T16:01:36.067+0000] {processor.py:208} INFO - Processing /home/airflow/.local/lib/python3.12/site-packages/airflow/example_dags/example_bash_operator.py took 0.077 seconds
[2025-01-16T16:02:06.845+0000] {processor.py:186} INFO - Started process (PID=16448) to work on /home/airflow/.local/lib/python3.12/site-packages/airflow/example_dags/example_bash_operator.py
[2025-01-16T16:02:06.846+0000] {processor.py:914} INFO - Processing file /home/airflow/.local/lib/python3.12/site-packages/airflow/example_dags/example_bash_operator.py for tasks to queue
[2025-01-16T16:02:06.848+0000] {logging_mixin.py:190} INFO - [2025-01-16T16:02:06.848+0000] {dagbag.py:588} INFO - Filling up the DagBag from /home/airflow/.local/lib/python3.12/site-packages/airflow/example_dags/example_bash_operator.py
[2025-01-16T16:02:06.857+0000] {processor.py:925} INFO - DAG(s) 'example_bash_operator' retrieved from /home/airflow/.local/lib/python3.12/site-packages/airflow/example_dags/example_bash_operator.py
[2025-01-16T16:02:06.877+0000] {logging_mixin.py:190} INFO - [2025-01-16T16:02:06.876+0000] {dag.py:3239} INFO - Sync 1 DAGs
[2025-01-16T16:02:06.898+0000] {logging_mixin.py:190} INFO - [2025-01-16T16:02:06.897+0000] {dag.py:4180} INFO - Setting next_dagrun for example_bash_operator to 2025-01-15 00:00:00+00:00, run_after=2025-01-16 00:00:00+00:00
[2025-01-16T16:02:06.912+0000] {processor.py:208} INFO - Processing /home/airflow/.local/lib/python3.12/site-packages/airflow/example_dags/example_bash_operator.py took 0.071 seconds
[2025-01-16T16:02:37.565+0000] {processor.py:186} INFO - Started process (PID=16749) to work on /home/airflow/.local/lib/python3.12/site-packages/airflow/example_dags/example_bash_operator.py
[2025-01-16T16:02:37.566+0000] {processor.py:914} INFO - Processing file /home/airflow/.local/lib/python3.12/site-packages/airflow/example_dags/example_bash_operator.py for tasks to queue
[2025-01-16T16:02:37.567+0000] {logging_mixin.py:190} INFO - [2025-01-16T16:02:37.567+0000] {dagbag.py:588} INFO - Filling up the DagBag from /home/airflow/.local/lib/python3.12/site-packages/airflow/example_dags/example_bash_operator.py
[2025-01-16T16:02:37.577+0000] {processor.py:925} INFO - DAG(s) 'example_bash_operator' retrieved from /home/airflow/.local/lib/python3.12/site-packages/airflow/example_dags/example_bash_operator.py
[2025-01-16T16:02:37.597+0000] {logging_mixin.py:190} INFO - [2025-01-16T16:02:37.596+0000] {dag.py:3239} INFO - Sync 1 DAGs
[2025-01-16T16:02:37.621+0000] {logging_mixin.py:190} INFO - [2025-01-16T16:02:37.620+0000] {dag.py:4180} INFO - Setting next_dagrun for example_bash_operator to 2025-01-15 00:00:00+00:00, run_after=2025-01-16 00:00:00+00:00
[2025-01-16T16:02:37.634+0000] {processor.py:208} INFO - Processing /home/airflow/.local/lib/python3.12/site-packages/airflow/example_dags/example_bash_operator.py took 0.074 seconds
[2025-01-16T16:03:08.622+0000] {processor.py:186} INFO - Started process (PID=17060) to work on /home/airflow/.local/lib/python3.12/site-packages/airflow/example_dags/example_bash_operator.py
[2025-01-16T16:03:08.623+0000] {processor.py:914} INFO - Processing file /home/airflow/.local/lib/python3.12/site-packages/airflow/example_dags/example_bash_operator.py for tasks to queue
[2025-01-16T16:03:08.624+0000] {logging_mixin.py:190} INFO - [2025-01-16T16:03:08.624+0000] {dagbag.py:588} INFO - Filling up the DagBag from /home/airflow/.local/lib/python3.12/site-packages/airflow/example_dags/example_bash_operator.py
[2025-01-16T16:03:08.635+0000] {processor.py:925} INFO - DAG(s) 'example_bash_operator' retrieved from /home/airflow/.local/lib/python3.12/site-packages/airflow/example_dags/example_bash_operator.py
[2025-01-16T16:03:08.656+0000] {logging_mixin.py:190} INFO - [2025-01-16T16:03:08.655+0000] {dag.py:3239} INFO - Sync 1 DAGs
[2025-01-16T16:03:08.676+0000] {logging_mixin.py:190} INFO - [2025-01-16T16:03:08.676+0000] {dag.py:4180} INFO - Setting next_dagrun for example_bash_operator to 2025-01-15 00:00:00+00:00, run_after=2025-01-16 00:00:00+00:00
[2025-01-16T16:03:08.693+0000] {processor.py:208} INFO - Processing /home/airflow/.local/lib/python3.12/site-packages/airflow/example_dags/example_bash_operator.py took 0.076 seconds
[2025-01-16T16:03:39.144+0000] {processor.py:186} INFO - Started process (PID=17356) to work on /home/airflow/.local/lib/python3.12/site-packages/airflow/example_dags/example_bash_operator.py
[2025-01-16T16:03:39.145+0000] {processor.py:914} INFO - Processing file /home/airflow/.local/lib/python3.12/site-packages/airflow/example_dags/example_bash_operator.py for tasks to queue
[2025-01-16T16:03:39.147+0000] {logging_mixin.py:190} INFO - [2025-01-16T16:03:39.147+0000] {dagbag.py:588} INFO - Filling up the DagBag from /home/airflow/.local/lib/python3.12/site-packages/airflow/example_dags/example_bash_operator.py
[2025-01-16T16:03:39.158+0000] {processor.py:925} INFO - DAG(s) 'example_bash_operator' retrieved from /home/airflow/.local/lib/python3.12/site-packages/airflow/example_dags/example_bash_operator.py
[2025-01-16T16:03:39.179+0000] {logging_mixin.py:190} INFO - [2025-01-16T16:03:39.178+0000] {dag.py:3239} INFO - Sync 1 DAGs
[2025-01-16T16:03:39.199+0000] {logging_mixin.py:190} INFO - [2025-01-16T16:03:39.199+0000] {dag.py:4180} INFO - Setting next_dagrun for example_bash_operator to 2025-01-15 00:00:00+00:00, run_after=2025-01-16 00:00:00+00:00
[2025-01-16T16:03:39.213+0000] {processor.py:208} INFO - Processing /home/airflow/.local/lib/python3.12/site-packages/airflow/example_dags/example_bash_operator.py took 0.073 seconds
[2025-01-16T16:04:09.937+0000] {processor.py:186} INFO - Started process (PID=17652) to work on /home/airflow/.local/lib/python3.12/site-packages/airflow/example_dags/example_bash_operator.py
[2025-01-16T16:04:09.938+0000] {processor.py:914} INFO - Processing file /home/airflow/.local/lib/python3.12/site-packages/airflow/example_dags/example_bash_operator.py for tasks to queue
[2025-01-16T16:04:09.939+0000] {logging_mixin.py:190} INFO - [2025-01-16T16:04:09.939+0000] {dagbag.py:588} INFO - Filling up the DagBag from /home/airflow/.local/lib/python3.12/site-packages/airflow/example_dags/example_bash_operator.py
[2025-01-16T16:04:09.956+0000] {processor.py:925} INFO - DAG(s) 'example_bash_operator' retrieved from /home/airflow/.local/lib/python3.12/site-packages/airflow/example_dags/example_bash_operator.py
[2025-01-16T16:04:09.992+0000] {logging_mixin.py:190} INFO - [2025-01-16T16:04:09.992+0000] {dag.py:3239} INFO - Sync 1 DAGs
[2025-01-16T16:04:10.028+0000] {logging_mixin.py:190} INFO - [2025-01-16T16:04:10.027+0000] {dag.py:4180} INFO - Setting next_dagrun for example_bash_operator to 2025-01-15 00:00:00+00:00, run_after=2025-01-16 00:00:00+00:00
[2025-01-16T16:04:10.051+0000] {processor.py:208} INFO - Processing /home/airflow/.local/lib/python3.12/site-packages/airflow/example_dags/example_bash_operator.py took 0.120 seconds
[2025-01-16T16:04:41.378+0000] {processor.py:186} INFO - Started process (PID=17948) to work on /home/airflow/.local/lib/python3.12/site-packages/airflow/example_dags/example_bash_operator.py
[2025-01-16T16:04:41.379+0000] {processor.py:914} INFO - Processing file /home/airflow/.local/lib/python3.12/site-packages/airflow/example_dags/example_bash_operator.py for tasks to queue
[2025-01-16T16:04:41.380+0000] {logging_mixin.py:190} INFO - [2025-01-16T16:04:41.380+0000] {dagbag.py:588} INFO - Filling up the DagBag from /home/airflow/.local/lib/python3.12/site-packages/airflow/example_dags/example_bash_operator.py
[2025-01-16T16:04:41.391+0000] {processor.py:925} INFO - DAG(s) 'example_bash_operator' retrieved from /home/airflow/.local/lib/python3.12/site-packages/airflow/example_dags/example_bash_operator.py
[2025-01-16T16:04:41.412+0000] {logging_mixin.py:190} INFO - [2025-01-16T16:04:41.412+0000] {dag.py:3239} INFO - Sync 1 DAGs
[2025-01-16T16:04:41.431+0000] {logging_mixin.py:190} INFO - [2025-01-16T16:04:41.430+0000] {dag.py:4180} INFO - Setting next_dagrun for example_bash_operator to 2025-01-15 00:00:00+00:00, run_after=2025-01-16 00:00:00+00:00
[2025-01-16T16:04:41.444+0000] {processor.py:208} INFO - Processing /home/airflow/.local/lib/python3.12/site-packages/airflow/example_dags/example_bash_operator.py took 0.071 seconds
[2025-01-16T16:05:12.890+0000] {processor.py:186} INFO - Started process (PID=18244) to work on /home/airflow/.local/lib/python3.12/site-packages/airflow/example_dags/example_bash_operator.py
[2025-01-16T16:05:12.891+0000] {processor.py:914} INFO - Processing file /home/airflow/.local/lib/python3.12/site-packages/airflow/example_dags/example_bash_operator.py for tasks to queue
[2025-01-16T16:05:12.892+0000] {logging_mixin.py:190} INFO - [2025-01-16T16:05:12.892+0000] {dagbag.py:588} INFO - Filling up the DagBag from /home/airflow/.local/lib/python3.12/site-packages/airflow/example_dags/example_bash_operator.py
[2025-01-16T16:05:12.907+0000] {processor.py:925} INFO - DAG(s) 'example_bash_operator' retrieved from /home/airflow/.local/lib/python3.12/site-packages/airflow/example_dags/example_bash_operator.py
[2025-01-16T16:05:12.938+0000] {logging_mixin.py:190} INFO - [2025-01-16T16:05:12.938+0000] {dag.py:3239} INFO - Sync 1 DAGs
[2025-01-16T16:05:13.142+0000] {logging_mixin.py:190} INFO - [2025-01-16T16:05:13.142+0000] {dag.py:4180} INFO - Setting next_dagrun for example_bash_operator to 2025-01-15 00:00:00+00:00, run_after=2025-01-16 00:00:00+00:00
[2025-01-16T16:05:13.154+0000] {processor.py:208} INFO - Processing /home/airflow/.local/lib/python3.12/site-packages/airflow/example_dags/example_bash_operator.py took 0.270 seconds
[2025-01-16T16:05:43.310+0000] {processor.py:186} INFO - Started process (PID=18540) to work on /home/airflow/.local/lib/python3.12/site-packages/airflow/example_dags/example_bash_operator.py
[2025-01-16T16:05:43.310+0000] {processor.py:914} INFO - Processing file /home/airflow/.local/lib/python3.12/site-packages/airflow/example_dags/example_bash_operator.py for tasks to queue
[2025-01-16T16:05:43.311+0000] {logging_mixin.py:190} INFO - [2025-01-16T16:05:43.311+0000] {dagbag.py:588} INFO - Filling up the DagBag from /home/airflow/.local/lib/python3.12/site-packages/airflow/example_dags/example_bash_operator.py
[2025-01-16T16:05:43.321+0000] {processor.py:925} INFO - DAG(s) 'example_bash_operator' retrieved from /home/airflow/.local/lib/python3.12/site-packages/airflow/example_dags/example_bash_operator.py
[2025-01-16T16:05:43.343+0000] {logging_mixin.py:190} INFO - [2025-01-16T16:05:43.342+0000] {dag.py:3239} INFO - Sync 1 DAGs
[2025-01-16T16:05:43.361+0000] {logging_mixin.py:190} INFO - [2025-01-16T16:05:43.361+0000] {dag.py:4180} INFO - Setting next_dagrun for example_bash_operator to 2025-01-15 00:00:00+00:00, run_after=2025-01-16 00:00:00+00:00
[2025-01-16T16:05:43.516+0000] {processor.py:208} INFO - Processing /home/airflow/.local/lib/python3.12/site-packages/airflow/example_dags/example_bash_operator.py took 0.211 seconds
[2025-01-16T16:06:14.616+0000] {processor.py:186} INFO - Started process (PID=18836) to work on /home/airflow/.local/lib/python3.12/site-packages/airflow/example_dags/example_bash_operator.py
[2025-01-16T16:06:14.616+0000] {processor.py:914} INFO - Processing file /home/airflow/.local/lib/python3.12/site-packages/airflow/example_dags/example_bash_operator.py for tasks to queue
[2025-01-16T16:06:14.617+0000] {logging_mixin.py:190} INFO - [2025-01-16T16:06:14.617+0000] {dagbag.py:588} INFO - Filling up the DagBag from /home/airflow/.local/lib/python3.12/site-packages/airflow/example_dags/example_bash_operator.py
[2025-01-16T16:06:14.628+0000] {processor.py:925} INFO - DAG(s) 'example_bash_operator' retrieved from /home/airflow/.local/lib/python3.12/site-packages/airflow/example_dags/example_bash_operator.py
[2025-01-16T16:06:14.649+0000] {logging_mixin.py:190} INFO - [2025-01-16T16:06:14.648+0000] {dag.py:3239} INFO - Sync 1 DAGs
[2025-01-16T16:06:14.667+0000] {logging_mixin.py:190} INFO - [2025-01-16T16:06:14.667+0000] {dag.py:4180} INFO - Setting next_dagrun for example_bash_operator to 2025-01-15 00:00:00+00:00, run_after=2025-01-16 00:00:00+00:00
[2025-01-16T16:06:14.681+0000] {processor.py:208} INFO - Processing /home/airflow/.local/lib/python3.12/site-packages/airflow/example_dags/example_bash_operator.py took 0.070 seconds
[2025-01-16T16:06:46.005+0000] {processor.py:186} INFO - Started process (PID=19132) to work on /home/airflow/.local/lib/python3.12/site-packages/airflow/example_dags/example_bash_operator.py
[2025-01-16T16:06:46.005+0000] {processor.py:914} INFO - Processing file /home/airflow/.local/lib/python3.12/site-packages/airflow/example_dags/example_bash_operator.py for tasks to queue
[2025-01-16T16:06:46.006+0000] {logging_mixin.py:190} INFO - [2025-01-16T16:06:46.006+0000] {dagbag.py:588} INFO - Filling up the DagBag from /home/airflow/.local/lib/python3.12/site-packages/airflow/example_dags/example_bash_operator.py
[2025-01-16T16:06:46.016+0000] {processor.py:925} INFO - DAG(s) 'example_bash_operator' retrieved from /home/airflow/.local/lib/python3.12/site-packages/airflow/example_dags/example_bash_operator.py
[2025-01-16T16:06:46.036+0000] {logging_mixin.py:190} INFO - [2025-01-16T16:06:46.035+0000] {dag.py:3239} INFO - Sync 1 DAGs
[2025-01-16T16:06:46.053+0000] {logging_mixin.py:190} INFO - [2025-01-16T16:06:46.053+0000] {dag.py:4180} INFO - Setting next_dagrun for example_bash_operator to 2025-01-15 00:00:00+00:00, run_after=2025-01-16 00:00:00+00:00
[2025-01-16T16:06:46.066+0000] {processor.py:208} INFO - Processing /home/airflow/.local/lib/python3.12/site-packages/airflow/example_dags/example_bash_operator.py took 0.065 seconds
[2025-01-16T16:07:16.970+0000] {processor.py:186} INFO - Started process (PID=19428) to work on /home/airflow/.local/lib/python3.12/site-packages/airflow/example_dags/example_bash_operator.py
[2025-01-16T16:07:16.971+0000] {processor.py:914} INFO - Processing file /home/airflow/.local/lib/python3.12/site-packages/airflow/example_dags/example_bash_operator.py for tasks to queue
[2025-01-16T16:07:16.971+0000] {logging_mixin.py:190} INFO - [2025-01-16T16:07:16.971+0000] {dagbag.py:588} INFO - Filling up the DagBag from /home/airflow/.local/lib/python3.12/site-packages/airflow/example_dags/example_bash_operator.py
[2025-01-16T16:07:16.981+0000] {processor.py:925} INFO - DAG(s) 'example_bash_operator' retrieved from /home/airflow/.local/lib/python3.12/site-packages/airflow/example_dags/example_bash_operator.py
[2025-01-16T16:07:17.000+0000] {logging_mixin.py:190} INFO - [2025-01-16T16:07:17.000+0000] {dag.py:3239} INFO - Sync 1 DAGs
[2025-01-16T16:07:17.018+0000] {logging_mixin.py:190} INFO - [2025-01-16T16:07:17.018+0000] {dag.py:4180} INFO - Setting next_dagrun for example_bash_operator to 2025-01-15 00:00:00+00:00, run_after=2025-01-16 00:00:00+00:00
[2025-01-16T16:07:17.030+0000] {processor.py:208} INFO - Processing /home/airflow/.local/lib/python3.12/site-packages/airflow/example_dags/example_bash_operator.py took 0.065 seconds
[2025-01-16T16:07:47.958+0000] {processor.py:186} INFO - Started process (PID=19724) to work on /home/airflow/.local/lib/python3.12/site-packages/airflow/example_dags/example_bash_operator.py
[2025-01-16T16:07:47.959+0000] {processor.py:914} INFO - Processing file /home/airflow/.local/lib/python3.12/site-packages/airflow/example_dags/example_bash_operator.py for tasks to queue
[2025-01-16T16:07:47.960+0000] {logging_mixin.py:190} INFO - [2025-01-16T16:07:47.959+0000] {dagbag.py:588} INFO - Filling up the DagBag from /home/airflow/.local/lib/python3.12/site-packages/airflow/example_dags/example_bash_operator.py
[2025-01-16T16:07:47.969+0000] {processor.py:925} INFO - DAG(s) 'example_bash_operator' retrieved from /home/airflow/.local/lib/python3.12/site-packages/airflow/example_dags/example_bash_operator.py
[2025-01-16T16:07:47.989+0000] {logging_mixin.py:190} INFO - [2025-01-16T16:07:47.988+0000] {dag.py:3239} INFO - Sync 1 DAGs
[2025-01-16T16:07:48.007+0000] {logging_mixin.py:190} INFO - [2025-01-16T16:07:48.006+0000] {dag.py:4180} INFO - Setting next_dagrun for example_bash_operator to 2025-01-15 00:00:00+00:00, run_after=2025-01-16 00:00:00+00:00
[2025-01-16T16:07:48.019+0000] {processor.py:208} INFO - Processing /home/airflow/.local/lib/python3.12/site-packages/airflow/example_dags/example_bash_operator.py took 0.065 seconds
[2025-01-16T16:08:19.394+0000] {processor.py:186} INFO - Started process (PID=20020) to work on /home/airflow/.local/lib/python3.12/site-packages/airflow/example_dags/example_bash_operator.py
[2025-01-16T16:08:19.395+0000] {processor.py:914} INFO - Processing file /home/airflow/.local/lib/python3.12/site-packages/airflow/example_dags/example_bash_operator.py for tasks to queue
[2025-01-16T16:08:19.397+0000] {logging_mixin.py:190} INFO - [2025-01-16T16:08:19.397+0000] {dagbag.py:588} INFO - Filling up the DagBag from /home/airflow/.local/lib/python3.12/site-packages/airflow/example_dags/example_bash_operator.py
[2025-01-16T16:08:19.410+0000] {processor.py:925} INFO - DAG(s) 'example_bash_operator' retrieved from /home/airflow/.local/lib/python3.12/site-packages/airflow/example_dags/example_bash_operator.py
[2025-01-16T16:08:19.437+0000] {logging_mixin.py:190} INFO - [2025-01-16T16:08:19.437+0000] {dag.py:3239} INFO - Sync 1 DAGs
[2025-01-16T16:08:19.460+0000] {logging_mixin.py:190} INFO - [2025-01-16T16:08:19.460+0000] {dag.py:4180} INFO - Setting next_dagrun for example_bash_operator to 2025-01-15 00:00:00+00:00, run_after=2025-01-16 00:00:00+00:00
[2025-01-16T16:08:19.475+0000] {processor.py:208} INFO - Processing /home/airflow/.local/lib/python3.12/site-packages/airflow/example_dags/example_bash_operator.py took 0.086 seconds
