[2025-01-16T15:34:01.384+0000] {processor.py:186} INFO - Started process (PID=262) to work on /home/airflow/.local/lib/python3.12/site-packages/airflow/example_dags/example_bash_decorator.py
[2025-01-16T15:34:01.385+0000] {processor.py:914} INFO - Processing file /home/airflow/.local/lib/python3.12/site-packages/airflow/example_dags/example_bash_decorator.py for tasks to queue
[2025-01-16T15:34:01.388+0000] {logging_mixin.py:190} INFO - [2025-01-16T15:34:01.388+0000] {dagbag.py:588} INFO - Filling up the DagBag from /home/airflow/.local/lib/python3.12/site-packages/airflow/example_dags/example_bash_decorator.py
[2025-01-16T15:34:01.413+0000] {processor.py:925} INFO - DAG(s) 'example_bash_decorator' retrieved from /home/airflow/.local/lib/python3.12/site-packages/airflow/example_dags/example_bash_decorator.py
[2025-01-16T15:34:01.539+0000] {logging_mixin.py:190} INFO - [2025-01-16T15:34:01.539+0000] {override.py:1911} INFO - Created Permission View: can edit on DAG:example_bash_decorator
[2025-01-16T15:34:01.549+0000] {logging_mixin.py:190} INFO - [2025-01-16T15:34:01.549+0000] {override.py:1911} INFO - Created Permission View: can delete on DAG:example_bash_decorator
[2025-01-16T15:34:01.555+0000] {logging_mixin.py:190} INFO - [2025-01-16T15:34:01.555+0000] {override.py:1911} INFO - Created Permission View: can read on DAG:example_bash_decorator
[2025-01-16T15:34:01.563+0000] {logging_mixin.py:190} INFO - [2025-01-16T15:34:01.563+0000] {override.py:1911} INFO - Created Permission View: can create on DAG Run:example_bash_decorator
[2025-01-16T15:34:01.570+0000] {logging_mixin.py:190} INFO - [2025-01-16T15:34:01.569+0000] {override.py:1911} INFO - Created Permission View: can delete on DAG Run:example_bash_decorator
[2025-01-16T15:34:01.577+0000] {logging_mixin.py:190} INFO - [2025-01-16T15:34:01.577+0000] {override.py:1911} INFO - Created Permission View: menu access on DAG Run:example_bash_decorator
[2025-01-16T15:34:01.584+0000] {logging_mixin.py:190} INFO - [2025-01-16T15:34:01.584+0000] {override.py:1911} INFO - Created Permission View: can read on DAG Run:example_bash_decorator
[2025-01-16T15:34:01.585+0000] {logging_mixin.py:190} INFO - [2025-01-16T15:34:01.585+0000] {dag.py:3239} INFO - Sync 1 DAGs
[2025-01-16T15:34:01.605+0000] {logging_mixin.py:190} INFO - [2025-01-16T15:34:01.604+0000] {dag.py:3262} INFO - Creating ORM DAG for example_bash_decorator
[2025-01-16T15:34:01.607+0000] {logging_mixin.py:190} INFO - [2025-01-16T15:34:01.606+0000] {dag.py:4180} INFO - Setting next_dagrun for example_bash_decorator to None, run_after=None
[2025-01-16T15:34:01.622+0000] {processor.py:208} INFO - Processing /home/airflow/.local/lib/python3.12/site-packages/airflow/example_dags/example_bash_decorator.py took 0.248 seconds
[2025-01-16T15:34:32.406+0000] {processor.py:186} INFO - Started process (PID=558) to work on /home/airflow/.local/lib/python3.12/site-packages/airflow/example_dags/example_bash_decorator.py
[2025-01-16T15:34:32.407+0000] {processor.py:914} INFO - Processing file /home/airflow/.local/lib/python3.12/site-packages/airflow/example_dags/example_bash_decorator.py for tasks to queue
[2025-01-16T15:34:32.409+0000] {logging_mixin.py:190} INFO - [2025-01-16T15:34:32.408+0000] {dagbag.py:588} INFO - Filling up the DagBag from /home/airflow/.local/lib/python3.12/site-packages/airflow/example_dags/example_bash_decorator.py
[2025-01-16T15:34:32.420+0000] {processor.py:925} INFO - DAG(s) 'example_bash_decorator' retrieved from /home/airflow/.local/lib/python3.12/site-packages/airflow/example_dags/example_bash_decorator.py
[2025-01-16T15:34:32.439+0000] {logging_mixin.py:190} INFO - [2025-01-16T15:34:32.438+0000] {dag.py:3239} INFO - Sync 1 DAGs
[2025-01-16T15:34:32.449+0000] {logging_mixin.py:190} INFO - [2025-01-16T15:34:32.449+0000] {dag.py:4180} INFO - Setting next_dagrun for example_bash_decorator to None, run_after=None
[2025-01-16T15:34:32.463+0000] {processor.py:208} INFO - Processing /home/airflow/.local/lib/python3.12/site-packages/airflow/example_dags/example_bash_decorator.py took 0.061 seconds
[2025-01-16T15:35:04.804+0000] {processor.py:186} INFO - Started process (PID=855) to work on /home/airflow/.local/lib/python3.12/site-packages/airflow/example_dags/example_bash_decorator.py
[2025-01-16T15:35:04.806+0000] {processor.py:914} INFO - Processing file /home/airflow/.local/lib/python3.12/site-packages/airflow/example_dags/example_bash_decorator.py for tasks to queue
[2025-01-16T15:35:04.810+0000] {logging_mixin.py:190} INFO - [2025-01-16T15:35:04.809+0000] {dagbag.py:588} INFO - Filling up the DagBag from /home/airflow/.local/lib/python3.12/site-packages/airflow/example_dags/example_bash_decorator.py
[2025-01-16T15:35:04.827+0000] {processor.py:925} INFO - DAG(s) 'example_bash_decorator' retrieved from /home/airflow/.local/lib/python3.12/site-packages/airflow/example_dags/example_bash_decorator.py
[2025-01-16T15:35:04.852+0000] {logging_mixin.py:190} INFO - [2025-01-16T15:35:04.852+0000] {dag.py:3239} INFO - Sync 1 DAGs
[2025-01-16T15:35:04.867+0000] {logging_mixin.py:190} INFO - [2025-01-16T15:35:04.867+0000] {dag.py:4180} INFO - Setting next_dagrun for example_bash_decorator to None, run_after=None
[2025-01-16T15:35:04.895+0000] {processor.py:208} INFO - Processing /home/airflow/.local/lib/python3.12/site-packages/airflow/example_dags/example_bash_decorator.py took 0.096 seconds
[2025-01-16T15:35:35.517+0000] {processor.py:186} INFO - Started process (PID=1151) to work on /home/airflow/.local/lib/python3.12/site-packages/airflow/example_dags/example_bash_decorator.py
[2025-01-16T15:35:35.518+0000] {processor.py:914} INFO - Processing file /home/airflow/.local/lib/python3.12/site-packages/airflow/example_dags/example_bash_decorator.py for tasks to queue
[2025-01-16T15:35:35.520+0000] {logging_mixin.py:190} INFO - [2025-01-16T15:35:35.520+0000] {dagbag.py:588} INFO - Filling up the DagBag from /home/airflow/.local/lib/python3.12/site-packages/airflow/example_dags/example_bash_decorator.py
[2025-01-16T15:35:35.531+0000] {processor.py:925} INFO - DAG(s) 'example_bash_decorator' retrieved from /home/airflow/.local/lib/python3.12/site-packages/airflow/example_dags/example_bash_decorator.py
[2025-01-16T15:35:35.552+0000] {logging_mixin.py:190} INFO - [2025-01-16T15:35:35.552+0000] {dag.py:3239} INFO - Sync 1 DAGs
[2025-01-16T15:35:35.570+0000] {logging_mixin.py:190} INFO - [2025-01-16T15:35:35.570+0000] {dag.py:4180} INFO - Setting next_dagrun for example_bash_decorator to None, run_after=None
[2025-01-16T15:35:35.586+0000] {processor.py:208} INFO - Processing /home/airflow/.local/lib/python3.12/site-packages/airflow/example_dags/example_bash_decorator.py took 0.074 seconds
[2025-01-16T15:36:07.257+0000] {processor.py:186} INFO - Started process (PID=1449) to work on /home/airflow/.local/lib/python3.12/site-packages/airflow/example_dags/example_bash_decorator.py
[2025-01-16T15:36:07.258+0000] {processor.py:914} INFO - Processing file /home/airflow/.local/lib/python3.12/site-packages/airflow/example_dags/example_bash_decorator.py for tasks to queue
[2025-01-16T15:36:07.260+0000] {logging_mixin.py:190} INFO - [2025-01-16T15:36:07.260+0000] {dagbag.py:588} INFO - Filling up the DagBag from /home/airflow/.local/lib/python3.12/site-packages/airflow/example_dags/example_bash_decorator.py
[2025-01-16T15:36:07.272+0000] {processor.py:925} INFO - DAG(s) 'example_bash_decorator' retrieved from /home/airflow/.local/lib/python3.12/site-packages/airflow/example_dags/example_bash_decorator.py
[2025-01-16T15:36:07.290+0000] {logging_mixin.py:190} INFO - [2025-01-16T15:36:07.290+0000] {dag.py:3239} INFO - Sync 1 DAGs
[2025-01-16T15:36:07.302+0000] {logging_mixin.py:190} INFO - [2025-01-16T15:36:07.301+0000] {dag.py:4180} INFO - Setting next_dagrun for example_bash_decorator to None, run_after=None
[2025-01-16T15:36:07.318+0000] {processor.py:208} INFO - Processing /home/airflow/.local/lib/python3.12/site-packages/airflow/example_dags/example_bash_decorator.py took 0.065 seconds
[2025-01-16T15:36:38.138+0000] {processor.py:186} INFO - Started process (PID=1745) to work on /home/airflow/.local/lib/python3.12/site-packages/airflow/example_dags/example_bash_decorator.py
[2025-01-16T15:36:38.139+0000] {processor.py:914} INFO - Processing file /home/airflow/.local/lib/python3.12/site-packages/airflow/example_dags/example_bash_decorator.py for tasks to queue
[2025-01-16T15:36:38.141+0000] {logging_mixin.py:190} INFO - [2025-01-16T15:36:38.140+0000] {dagbag.py:588} INFO - Filling up the DagBag from /home/airflow/.local/lib/python3.12/site-packages/airflow/example_dags/example_bash_decorator.py
[2025-01-16T15:36:38.152+0000] {processor.py:925} INFO - DAG(s) 'example_bash_decorator' retrieved from /home/airflow/.local/lib/python3.12/site-packages/airflow/example_dags/example_bash_decorator.py
[2025-01-16T15:36:38.171+0000] {logging_mixin.py:190} INFO - [2025-01-16T15:36:38.170+0000] {dag.py:3239} INFO - Sync 1 DAGs
[2025-01-16T15:36:38.182+0000] {logging_mixin.py:190} INFO - [2025-01-16T15:36:38.182+0000] {dag.py:4180} INFO - Setting next_dagrun for example_bash_decorator to None, run_after=None
[2025-01-16T15:36:38.197+0000] {processor.py:208} INFO - Processing /home/airflow/.local/lib/python3.12/site-packages/airflow/example_dags/example_bash_decorator.py took 0.063 seconds
[2025-01-16T15:37:09.556+0000] {processor.py:186} INFO - Started process (PID=2039) to work on /home/airflow/.local/lib/python3.12/site-packages/airflow/example_dags/example_bash_decorator.py
[2025-01-16T15:37:09.557+0000] {processor.py:914} INFO - Processing file /home/airflow/.local/lib/python3.12/site-packages/airflow/example_dags/example_bash_decorator.py for tasks to queue
[2025-01-16T15:37:09.558+0000] {logging_mixin.py:190} INFO - [2025-01-16T15:37:09.558+0000] {dagbag.py:588} INFO - Filling up the DagBag from /home/airflow/.local/lib/python3.12/site-packages/airflow/example_dags/example_bash_decorator.py
[2025-01-16T15:37:09.569+0000] {processor.py:925} INFO - DAG(s) 'example_bash_decorator' retrieved from /home/airflow/.local/lib/python3.12/site-packages/airflow/example_dags/example_bash_decorator.py
[2025-01-16T15:37:09.587+0000] {logging_mixin.py:190} INFO - [2025-01-16T15:37:09.586+0000] {dag.py:3239} INFO - Sync 1 DAGs
[2025-01-16T15:37:09.597+0000] {logging_mixin.py:190} INFO - [2025-01-16T15:37:09.596+0000] {dag.py:4180} INFO - Setting next_dagrun for example_bash_decorator to None, run_after=None
[2025-01-16T15:37:09.612+0000] {processor.py:208} INFO - Processing /home/airflow/.local/lib/python3.12/site-packages/airflow/example_dags/example_bash_decorator.py took 0.060 seconds
[2025-01-16T15:37:40.724+0000] {processor.py:186} INFO - Started process (PID=2335) to work on /home/airflow/.local/lib/python3.12/site-packages/airflow/example_dags/example_bash_decorator.py
[2025-01-16T15:37:40.725+0000] {processor.py:914} INFO - Processing file /home/airflow/.local/lib/python3.12/site-packages/airflow/example_dags/example_bash_decorator.py for tasks to queue
[2025-01-16T15:37:40.726+0000] {logging_mixin.py:190} INFO - [2025-01-16T15:37:40.726+0000] {dagbag.py:588} INFO - Filling up the DagBag from /home/airflow/.local/lib/python3.12/site-packages/airflow/example_dags/example_bash_decorator.py
[2025-01-16T15:37:40.737+0000] {processor.py:925} INFO - DAG(s) 'example_bash_decorator' retrieved from /home/airflow/.local/lib/python3.12/site-packages/airflow/example_dags/example_bash_decorator.py
[2025-01-16T15:37:40.753+0000] {logging_mixin.py:190} INFO - [2025-01-16T15:37:40.753+0000] {dag.py:3239} INFO - Sync 1 DAGs
[2025-01-16T15:37:40.764+0000] {logging_mixin.py:190} INFO - [2025-01-16T15:37:40.764+0000] {dag.py:4180} INFO - Setting next_dagrun for example_bash_decorator to None, run_after=None
[2025-01-16T15:37:40.779+0000] {processor.py:208} INFO - Processing /home/airflow/.local/lib/python3.12/site-packages/airflow/example_dags/example_bash_decorator.py took 0.059 seconds
[2025-01-16T15:38:11.415+0000] {processor.py:186} INFO - Started process (PID=2633) to work on /home/airflow/.local/lib/python3.12/site-packages/airflow/example_dags/example_bash_decorator.py
[2025-01-16T15:38:11.416+0000] {processor.py:914} INFO - Processing file /home/airflow/.local/lib/python3.12/site-packages/airflow/example_dags/example_bash_decorator.py for tasks to queue
[2025-01-16T15:38:11.417+0000] {logging_mixin.py:190} INFO - [2025-01-16T15:38:11.417+0000] {dagbag.py:588} INFO - Filling up the DagBag from /home/airflow/.local/lib/python3.12/site-packages/airflow/example_dags/example_bash_decorator.py
[2025-01-16T15:38:11.429+0000] {processor.py:925} INFO - DAG(s) 'example_bash_decorator' retrieved from /home/airflow/.local/lib/python3.12/site-packages/airflow/example_dags/example_bash_decorator.py
[2025-01-16T15:38:11.451+0000] {logging_mixin.py:190} INFO - [2025-01-16T15:38:11.450+0000] {dag.py:3239} INFO - Sync 1 DAGs
[2025-01-16T15:38:11.461+0000] {logging_mixin.py:190} INFO - [2025-01-16T15:38:11.461+0000] {dag.py:4180} INFO - Setting next_dagrun for example_bash_decorator to None, run_after=None
[2025-01-16T15:38:11.478+0000] {processor.py:208} INFO - Processing /home/airflow/.local/lib/python3.12/site-packages/airflow/example_dags/example_bash_decorator.py took 0.067 seconds
[2025-01-16T15:38:42.585+0000] {processor.py:186} INFO - Started process (PID=2927) to work on /home/airflow/.local/lib/python3.12/site-packages/airflow/example_dags/example_bash_decorator.py
[2025-01-16T15:38:42.586+0000] {processor.py:914} INFO - Processing file /home/airflow/.local/lib/python3.12/site-packages/airflow/example_dags/example_bash_decorator.py for tasks to queue
[2025-01-16T15:38:42.588+0000] {logging_mixin.py:190} INFO - [2025-01-16T15:38:42.588+0000] {dagbag.py:588} INFO - Filling up the DagBag from /home/airflow/.local/lib/python3.12/site-packages/airflow/example_dags/example_bash_decorator.py
[2025-01-16T15:38:42.599+0000] {processor.py:925} INFO - DAG(s) 'example_bash_decorator' retrieved from /home/airflow/.local/lib/python3.12/site-packages/airflow/example_dags/example_bash_decorator.py
[2025-01-16T15:38:42.617+0000] {logging_mixin.py:190} INFO - [2025-01-16T15:38:42.616+0000] {dag.py:3239} INFO - Sync 1 DAGs
[2025-01-16T15:38:42.627+0000] {logging_mixin.py:190} INFO - [2025-01-16T15:38:42.627+0000] {dag.py:4180} INFO - Setting next_dagrun for example_bash_decorator to None, run_after=None
[2025-01-16T15:38:42.642+0000] {processor.py:208} INFO - Processing /home/airflow/.local/lib/python3.12/site-packages/airflow/example_dags/example_bash_decorator.py took 0.061 seconds
[2025-01-16T15:39:14.021+0000] {processor.py:186} INFO - Started process (PID=3223) to work on /home/airflow/.local/lib/python3.12/site-packages/airflow/example_dags/example_bash_decorator.py
[2025-01-16T15:39:14.022+0000] {processor.py:914} INFO - Processing file /home/airflow/.local/lib/python3.12/site-packages/airflow/example_dags/example_bash_decorator.py for tasks to queue
[2025-01-16T15:39:14.023+0000] {logging_mixin.py:190} INFO - [2025-01-16T15:39:14.023+0000] {dagbag.py:588} INFO - Filling up the DagBag from /home/airflow/.local/lib/python3.12/site-packages/airflow/example_dags/example_bash_decorator.py
[2025-01-16T15:39:14.033+0000] {processor.py:925} INFO - DAG(s) 'example_bash_decorator' retrieved from /home/airflow/.local/lib/python3.12/site-packages/airflow/example_dags/example_bash_decorator.py
[2025-01-16T15:39:14.050+0000] {logging_mixin.py:190} INFO - [2025-01-16T15:39:14.049+0000] {dag.py:3239} INFO - Sync 1 DAGs
[2025-01-16T15:39:14.060+0000] {logging_mixin.py:190} INFO - [2025-01-16T15:39:14.060+0000] {dag.py:4180} INFO - Setting next_dagrun for example_bash_decorator to None, run_after=None
[2025-01-16T15:39:14.077+0000] {processor.py:208} INFO - Processing /home/airflow/.local/lib/python3.12/site-packages/airflow/example_dags/example_bash_decorator.py took 0.060 seconds
[2025-01-16T15:39:44.582+0000] {processor.py:186} INFO - Started process (PID=3519) to work on /home/airflow/.local/lib/python3.12/site-packages/airflow/example_dags/example_bash_decorator.py
[2025-01-16T15:39:44.583+0000] {processor.py:914} INFO - Processing file /home/airflow/.local/lib/python3.12/site-packages/airflow/example_dags/example_bash_decorator.py for tasks to queue
[2025-01-16T15:39:44.585+0000] {logging_mixin.py:190} INFO - [2025-01-16T15:39:44.584+0000] {dagbag.py:588} INFO - Filling up the DagBag from /home/airflow/.local/lib/python3.12/site-packages/airflow/example_dags/example_bash_decorator.py
[2025-01-16T15:39:44.596+0000] {processor.py:925} INFO - DAG(s) 'example_bash_decorator' retrieved from /home/airflow/.local/lib/python3.12/site-packages/airflow/example_dags/example_bash_decorator.py
[2025-01-16T15:39:44.612+0000] {logging_mixin.py:190} INFO - [2025-01-16T15:39:44.612+0000] {dag.py:3239} INFO - Sync 1 DAGs
[2025-01-16T15:39:44.622+0000] {logging_mixin.py:190} INFO - [2025-01-16T15:39:44.622+0000] {dag.py:4180} INFO - Setting next_dagrun for example_bash_decorator to None, run_after=None
[2025-01-16T15:39:44.636+0000] {processor.py:208} INFO - Processing /home/airflow/.local/lib/python3.12/site-packages/airflow/example_dags/example_bash_decorator.py took 0.059 seconds
[2025-01-16T15:40:15.994+0000] {processor.py:186} INFO - Started process (PID=3815) to work on /home/airflow/.local/lib/python3.12/site-packages/airflow/example_dags/example_bash_decorator.py
[2025-01-16T15:40:15.995+0000] {processor.py:914} INFO - Processing file /home/airflow/.local/lib/python3.12/site-packages/airflow/example_dags/example_bash_decorator.py for tasks to queue
[2025-01-16T15:40:15.996+0000] {logging_mixin.py:190} INFO - [2025-01-16T15:40:15.996+0000] {dagbag.py:588} INFO - Filling up the DagBag from /home/airflow/.local/lib/python3.12/site-packages/airflow/example_dags/example_bash_decorator.py
[2025-01-16T15:40:16.008+0000] {processor.py:925} INFO - DAG(s) 'example_bash_decorator' retrieved from /home/airflow/.local/lib/python3.12/site-packages/airflow/example_dags/example_bash_decorator.py
[2025-01-16T15:40:16.026+0000] {logging_mixin.py:190} INFO - [2025-01-16T15:40:16.026+0000] {dag.py:3239} INFO - Sync 1 DAGs
[2025-01-16T15:40:16.036+0000] {logging_mixin.py:190} INFO - [2025-01-16T15:40:16.036+0000] {dag.py:4180} INFO - Setting next_dagrun for example_bash_decorator to None, run_after=None
[2025-01-16T15:40:16.051+0000] {processor.py:208} INFO - Processing /home/airflow/.local/lib/python3.12/site-packages/airflow/example_dags/example_bash_decorator.py took 0.061 seconds
[2025-01-16T15:40:47.958+0000] {processor.py:186} INFO - Started process (PID=4113) to work on /home/airflow/.local/lib/python3.12/site-packages/airflow/example_dags/example_bash_decorator.py
[2025-01-16T15:40:47.960+0000] {processor.py:914} INFO - Processing file /home/airflow/.local/lib/python3.12/site-packages/airflow/example_dags/example_bash_decorator.py for tasks to queue
[2025-01-16T15:40:47.962+0000] {logging_mixin.py:190} INFO - [2025-01-16T15:40:47.962+0000] {dagbag.py:588} INFO - Filling up the DagBag from /home/airflow/.local/lib/python3.12/site-packages/airflow/example_dags/example_bash_decorator.py
[2025-01-16T15:40:47.975+0000] {processor.py:925} INFO - DAG(s) 'example_bash_decorator' retrieved from /home/airflow/.local/lib/python3.12/site-packages/airflow/example_dags/example_bash_decorator.py
[2025-01-16T15:40:47.997+0000] {logging_mixin.py:190} INFO - [2025-01-16T15:40:47.996+0000] {dag.py:3239} INFO - Sync 1 DAGs
[2025-01-16T15:40:48.012+0000] {logging_mixin.py:190} INFO - [2025-01-16T15:40:48.012+0000] {dag.py:4180} INFO - Setting next_dagrun for example_bash_decorator to None, run_after=None
[2025-01-16T15:40:48.044+0000] {processor.py:208} INFO - Processing /home/airflow/.local/lib/python3.12/site-packages/airflow/example_dags/example_bash_decorator.py took 0.090 seconds
[2025-01-16T15:41:18.748+0000] {processor.py:186} INFO - Started process (PID=4407) to work on /home/airflow/.local/lib/python3.12/site-packages/airflow/example_dags/example_bash_decorator.py
[2025-01-16T15:41:18.749+0000] {processor.py:914} INFO - Processing file /home/airflow/.local/lib/python3.12/site-packages/airflow/example_dags/example_bash_decorator.py for tasks to queue
[2025-01-16T15:41:18.751+0000] {logging_mixin.py:190} INFO - [2025-01-16T15:41:18.751+0000] {dagbag.py:588} INFO - Filling up the DagBag from /home/airflow/.local/lib/python3.12/site-packages/airflow/example_dags/example_bash_decorator.py
[2025-01-16T15:41:18.762+0000] {processor.py:925} INFO - DAG(s) 'example_bash_decorator' retrieved from /home/airflow/.local/lib/python3.12/site-packages/airflow/example_dags/example_bash_decorator.py
[2025-01-16T15:41:18.780+0000] {logging_mixin.py:190} INFO - [2025-01-16T15:41:18.779+0000] {dag.py:3239} INFO - Sync 1 DAGs
[2025-01-16T15:41:18.790+0000] {logging_mixin.py:190} INFO - [2025-01-16T15:41:18.790+0000] {dag.py:4180} INFO - Setting next_dagrun for example_bash_decorator to None, run_after=None
[2025-01-16T15:41:18.803+0000] {processor.py:208} INFO - Processing /home/airflow/.local/lib/python3.12/site-packages/airflow/example_dags/example_bash_decorator.py took 0.059 seconds
[2025-01-16T15:41:50.088+0000] {processor.py:186} INFO - Started process (PID=4705) to work on /home/airflow/.local/lib/python3.12/site-packages/airflow/example_dags/example_bash_decorator.py
[2025-01-16T15:41:50.089+0000] {processor.py:914} INFO - Processing file /home/airflow/.local/lib/python3.12/site-packages/airflow/example_dags/example_bash_decorator.py for tasks to queue
[2025-01-16T15:41:50.090+0000] {logging_mixin.py:190} INFO - [2025-01-16T15:41:50.090+0000] {dagbag.py:588} INFO - Filling up the DagBag from /home/airflow/.local/lib/python3.12/site-packages/airflow/example_dags/example_bash_decorator.py
[2025-01-16T15:41:50.100+0000] {processor.py:925} INFO - DAG(s) 'example_bash_decorator' retrieved from /home/airflow/.local/lib/python3.12/site-packages/airflow/example_dags/example_bash_decorator.py
[2025-01-16T15:41:50.118+0000] {logging_mixin.py:190} INFO - [2025-01-16T15:41:50.118+0000] {dag.py:3239} INFO - Sync 1 DAGs
[2025-01-16T15:41:50.129+0000] {logging_mixin.py:190} INFO - [2025-01-16T15:41:50.129+0000] {dag.py:4180} INFO - Setting next_dagrun for example_bash_decorator to None, run_after=None
[2025-01-16T15:41:50.140+0000] {processor.py:208} INFO - Processing /home/airflow/.local/lib/python3.12/site-packages/airflow/example_dags/example_bash_decorator.py took 0.057 seconds
[2025-01-16T15:42:21.429+0000] {processor.py:186} INFO - Started process (PID=4999) to work on /home/airflow/.local/lib/python3.12/site-packages/airflow/example_dags/example_bash_decorator.py
[2025-01-16T15:42:21.429+0000] {processor.py:914} INFO - Processing file /home/airflow/.local/lib/python3.12/site-packages/airflow/example_dags/example_bash_decorator.py for tasks to queue
[2025-01-16T15:42:21.431+0000] {logging_mixin.py:190} INFO - [2025-01-16T15:42:21.431+0000] {dagbag.py:588} INFO - Filling up the DagBag from /home/airflow/.local/lib/python3.12/site-packages/airflow/example_dags/example_bash_decorator.py
[2025-01-16T15:42:21.444+0000] {processor.py:925} INFO - DAG(s) 'example_bash_decorator' retrieved from /home/airflow/.local/lib/python3.12/site-packages/airflow/example_dags/example_bash_decorator.py
[2025-01-16T15:42:21.460+0000] {logging_mixin.py:190} INFO - [2025-01-16T15:42:21.460+0000] {dag.py:3239} INFO - Sync 1 DAGs
[2025-01-16T15:42:21.472+0000] {logging_mixin.py:190} INFO - [2025-01-16T15:42:21.472+0000] {dag.py:4180} INFO - Setting next_dagrun for example_bash_decorator to None, run_after=None
[2025-01-16T15:42:21.485+0000] {processor.py:208} INFO - Processing /home/airflow/.local/lib/python3.12/site-packages/airflow/example_dags/example_bash_decorator.py took 0.062 seconds
[2025-01-16T15:42:52.707+0000] {processor.py:186} INFO - Started process (PID=5296) to work on /home/airflow/.local/lib/python3.12/site-packages/airflow/example_dags/example_bash_decorator.py
[2025-01-16T15:42:52.708+0000] {processor.py:914} INFO - Processing file /home/airflow/.local/lib/python3.12/site-packages/airflow/example_dags/example_bash_decorator.py for tasks to queue
[2025-01-16T15:42:52.710+0000] {logging_mixin.py:190} INFO - [2025-01-16T15:42:52.709+0000] {dagbag.py:588} INFO - Filling up the DagBag from /home/airflow/.local/lib/python3.12/site-packages/airflow/example_dags/example_bash_decorator.py
[2025-01-16T15:42:52.720+0000] {processor.py:925} INFO - DAG(s) 'example_bash_decorator' retrieved from /home/airflow/.local/lib/python3.12/site-packages/airflow/example_dags/example_bash_decorator.py
[2025-01-16T15:42:52.738+0000] {logging_mixin.py:190} INFO - [2025-01-16T15:42:52.738+0000] {dag.py:3239} INFO - Sync 1 DAGs
[2025-01-16T15:42:52.750+0000] {logging_mixin.py:190} INFO - [2025-01-16T15:42:52.750+0000] {dag.py:4180} INFO - Setting next_dagrun for example_bash_decorator to None, run_after=None
[2025-01-16T15:42:52.763+0000] {processor.py:208} INFO - Processing /home/airflow/.local/lib/python3.12/site-packages/airflow/example_dags/example_bash_decorator.py took 0.060 seconds
[2025-01-16T15:43:23.886+0000] {processor.py:186} INFO - Started process (PID=5593) to work on /home/airflow/.local/lib/python3.12/site-packages/airflow/example_dags/example_bash_decorator.py
[2025-01-16T15:43:23.886+0000] {processor.py:914} INFO - Processing file /home/airflow/.local/lib/python3.12/site-packages/airflow/example_dags/example_bash_decorator.py for tasks to queue
[2025-01-16T15:43:23.888+0000] {logging_mixin.py:190} INFO - [2025-01-16T15:43:23.888+0000] {dagbag.py:588} INFO - Filling up the DagBag from /home/airflow/.local/lib/python3.12/site-packages/airflow/example_dags/example_bash_decorator.py
[2025-01-16T15:43:23.899+0000] {processor.py:925} INFO - DAG(s) 'example_bash_decorator' retrieved from /home/airflow/.local/lib/python3.12/site-packages/airflow/example_dags/example_bash_decorator.py
[2025-01-16T15:43:23.916+0000] {logging_mixin.py:190} INFO - [2025-01-16T15:43:23.915+0000] {dag.py:3239} INFO - Sync 1 DAGs
[2025-01-16T15:43:23.926+0000] {logging_mixin.py:190} INFO - [2025-01-16T15:43:23.926+0000] {dag.py:4180} INFO - Setting next_dagrun for example_bash_decorator to None, run_after=None
[2025-01-16T15:43:23.937+0000] {processor.py:208} INFO - Processing /home/airflow/.local/lib/python3.12/site-packages/airflow/example_dags/example_bash_decorator.py took 0.056 seconds
[2025-01-16T15:43:55.394+0000] {processor.py:186} INFO - Started process (PID=5887) to work on /home/airflow/.local/lib/python3.12/site-packages/airflow/example_dags/example_bash_decorator.py
[2025-01-16T15:43:55.394+0000] {processor.py:914} INFO - Processing file /home/airflow/.local/lib/python3.12/site-packages/airflow/example_dags/example_bash_decorator.py for tasks to queue
[2025-01-16T15:43:55.396+0000] {logging_mixin.py:190} INFO - [2025-01-16T15:43:55.396+0000] {dagbag.py:588} INFO - Filling up the DagBag from /home/airflow/.local/lib/python3.12/site-packages/airflow/example_dags/example_bash_decorator.py
[2025-01-16T15:43:55.407+0000] {processor.py:925} INFO - DAG(s) 'example_bash_decorator' retrieved from /home/airflow/.local/lib/python3.12/site-packages/airflow/example_dags/example_bash_decorator.py
[2025-01-16T15:43:55.424+0000] {logging_mixin.py:190} INFO - [2025-01-16T15:43:55.424+0000] {dag.py:3239} INFO - Sync 1 DAGs
[2025-01-16T15:43:55.435+0000] {logging_mixin.py:190} INFO - [2025-01-16T15:43:55.435+0000] {dag.py:4180} INFO - Setting next_dagrun for example_bash_decorator to None, run_after=None
[2025-01-16T15:43:55.447+0000] {processor.py:208} INFO - Processing /home/airflow/.local/lib/python3.12/site-packages/airflow/example_dags/example_bash_decorator.py took 0.058 seconds
[2025-01-16T15:44:26.787+0000] {processor.py:186} INFO - Started process (PID=6183) to work on /home/airflow/.local/lib/python3.12/site-packages/airflow/example_dags/example_bash_decorator.py
[2025-01-16T15:44:26.788+0000] {processor.py:914} INFO - Processing file /home/airflow/.local/lib/python3.12/site-packages/airflow/example_dags/example_bash_decorator.py for tasks to queue
[2025-01-16T15:44:26.790+0000] {logging_mixin.py:190} INFO - [2025-01-16T15:44:26.789+0000] {dagbag.py:588} INFO - Filling up the DagBag from /home/airflow/.local/lib/python3.12/site-packages/airflow/example_dags/example_bash_decorator.py
[2025-01-16T15:44:26.801+0000] {processor.py:925} INFO - DAG(s) 'example_bash_decorator' retrieved from /home/airflow/.local/lib/python3.12/site-packages/airflow/example_dags/example_bash_decorator.py
[2025-01-16T15:44:26.818+0000] {logging_mixin.py:190} INFO - [2025-01-16T15:44:26.818+0000] {dag.py:3239} INFO - Sync 1 DAGs
[2025-01-16T15:44:26.829+0000] {logging_mixin.py:190} INFO - [2025-01-16T15:44:26.829+0000] {dag.py:4180} INFO - Setting next_dagrun for example_bash_decorator to None, run_after=None
[2025-01-16T15:44:26.842+0000] {processor.py:208} INFO - Processing /home/airflow/.local/lib/python3.12/site-packages/airflow/example_dags/example_bash_decorator.py took 0.059 seconds
[2025-01-16T15:44:57.938+0000] {processor.py:186} INFO - Started process (PID=6481) to work on /home/airflow/.local/lib/python3.12/site-packages/airflow/example_dags/example_bash_decorator.py
[2025-01-16T15:44:57.939+0000] {processor.py:914} INFO - Processing file /home/airflow/.local/lib/python3.12/site-packages/airflow/example_dags/example_bash_decorator.py for tasks to queue
[2025-01-16T15:44:57.941+0000] {logging_mixin.py:190} INFO - [2025-01-16T15:44:57.941+0000] {dagbag.py:588} INFO - Filling up the DagBag from /home/airflow/.local/lib/python3.12/site-packages/airflow/example_dags/example_bash_decorator.py
[2025-01-16T15:44:57.954+0000] {processor.py:925} INFO - DAG(s) 'example_bash_decorator' retrieved from /home/airflow/.local/lib/python3.12/site-packages/airflow/example_dags/example_bash_decorator.py
[2025-01-16T15:44:57.972+0000] {logging_mixin.py:190} INFO - [2025-01-16T15:44:57.971+0000] {dag.py:3239} INFO - Sync 1 DAGs
[2025-01-16T15:44:57.982+0000] {logging_mixin.py:190} INFO - [2025-01-16T15:44:57.982+0000] {dag.py:4180} INFO - Setting next_dagrun for example_bash_decorator to None, run_after=None
[2025-01-16T15:44:57.995+0000] {processor.py:208} INFO - Processing /home/airflow/.local/lib/python3.12/site-packages/airflow/example_dags/example_bash_decorator.py took 0.061 seconds
[2025-01-16T15:45:29.143+0000] {processor.py:186} INFO - Started process (PID=6775) to work on /home/airflow/.local/lib/python3.12/site-packages/airflow/example_dags/example_bash_decorator.py
[2025-01-16T15:45:29.144+0000] {processor.py:914} INFO - Processing file /home/airflow/.local/lib/python3.12/site-packages/airflow/example_dags/example_bash_decorator.py for tasks to queue
[2025-01-16T15:45:29.145+0000] {logging_mixin.py:190} INFO - [2025-01-16T15:45:29.145+0000] {dagbag.py:588} INFO - Filling up the DagBag from /home/airflow/.local/lib/python3.12/site-packages/airflow/example_dags/example_bash_decorator.py
[2025-01-16T15:45:29.156+0000] {processor.py:925} INFO - DAG(s) 'example_bash_decorator' retrieved from /home/airflow/.local/lib/python3.12/site-packages/airflow/example_dags/example_bash_decorator.py
[2025-01-16T15:45:29.172+0000] {logging_mixin.py:190} INFO - [2025-01-16T15:45:29.172+0000] {dag.py:3239} INFO - Sync 1 DAGs
[2025-01-16T15:45:29.183+0000] {logging_mixin.py:190} INFO - [2025-01-16T15:45:29.183+0000] {dag.py:4180} INFO - Setting next_dagrun for example_bash_decorator to None, run_after=None
[2025-01-16T15:45:29.195+0000] {processor.py:208} INFO - Processing /home/airflow/.local/lib/python3.12/site-packages/airflow/example_dags/example_bash_decorator.py took 0.056 seconds
[2025-01-16T15:46:00.476+0000] {processor.py:186} INFO - Started process (PID=7071) to work on /home/airflow/.local/lib/python3.12/site-packages/airflow/example_dags/example_bash_decorator.py
[2025-01-16T15:46:00.477+0000] {processor.py:914} INFO - Processing file /home/airflow/.local/lib/python3.12/site-packages/airflow/example_dags/example_bash_decorator.py for tasks to queue
[2025-01-16T15:46:00.479+0000] {logging_mixin.py:190} INFO - [2025-01-16T15:46:00.479+0000] {dagbag.py:588} INFO - Filling up the DagBag from /home/airflow/.local/lib/python3.12/site-packages/airflow/example_dags/example_bash_decorator.py
[2025-01-16T15:46:00.490+0000] {processor.py:925} INFO - DAG(s) 'example_bash_decorator' retrieved from /home/airflow/.local/lib/python3.12/site-packages/airflow/example_dags/example_bash_decorator.py
[2025-01-16T15:46:00.508+0000] {logging_mixin.py:190} INFO - [2025-01-16T15:46:00.508+0000] {dag.py:3239} INFO - Sync 1 DAGs
[2025-01-16T15:46:00.519+0000] {logging_mixin.py:190} INFO - [2025-01-16T15:46:00.519+0000] {dag.py:4180} INFO - Setting next_dagrun for example_bash_decorator to None, run_after=None
[2025-01-16T15:46:00.533+0000] {processor.py:208} INFO - Processing /home/airflow/.local/lib/python3.12/site-packages/airflow/example_dags/example_bash_decorator.py took 0.061 seconds
[2025-01-16T15:46:31.837+0000] {processor.py:186} INFO - Started process (PID=7373) to work on /home/airflow/.local/lib/python3.12/site-packages/airflow/example_dags/example_bash_decorator.py
[2025-01-16T15:46:31.838+0000] {processor.py:914} INFO - Processing file /home/airflow/.local/lib/python3.12/site-packages/airflow/example_dags/example_bash_decorator.py for tasks to queue
[2025-01-16T15:46:31.840+0000] {logging_mixin.py:190} INFO - [2025-01-16T15:46:31.840+0000] {dagbag.py:588} INFO - Filling up the DagBag from /home/airflow/.local/lib/python3.12/site-packages/airflow/example_dags/example_bash_decorator.py
[2025-01-16T15:46:31.852+0000] {processor.py:925} INFO - DAG(s) 'example_bash_decorator' retrieved from /home/airflow/.local/lib/python3.12/site-packages/airflow/example_dags/example_bash_decorator.py
[2025-01-16T15:46:31.868+0000] {logging_mixin.py:190} INFO - [2025-01-16T15:46:31.868+0000] {dag.py:3239} INFO - Sync 1 DAGs
[2025-01-16T15:46:31.879+0000] {logging_mixin.py:190} INFO - [2025-01-16T15:46:31.879+0000] {dag.py:4180} INFO - Setting next_dagrun for example_bash_decorator to None, run_after=None
[2025-01-16T15:46:31.892+0000] {processor.py:208} INFO - Processing /home/airflow/.local/lib/python3.12/site-packages/airflow/example_dags/example_bash_decorator.py took 0.058 seconds
[2025-01-16T15:47:02.469+0000] {processor.py:186} INFO - Started process (PID=7669) to work on /home/airflow/.local/lib/python3.12/site-packages/airflow/example_dags/example_bash_decorator.py
[2025-01-16T15:47:02.469+0000] {processor.py:914} INFO - Processing file /home/airflow/.local/lib/python3.12/site-packages/airflow/example_dags/example_bash_decorator.py for tasks to queue
[2025-01-16T15:47:02.471+0000] {logging_mixin.py:190} INFO - [2025-01-16T15:47:02.470+0000] {dagbag.py:588} INFO - Filling up the DagBag from /home/airflow/.local/lib/python3.12/site-packages/airflow/example_dags/example_bash_decorator.py
[2025-01-16T15:47:02.481+0000] {processor.py:925} INFO - DAG(s) 'example_bash_decorator' retrieved from /home/airflow/.local/lib/python3.12/site-packages/airflow/example_dags/example_bash_decorator.py
[2025-01-16T15:47:02.499+0000] {logging_mixin.py:190} INFO - [2025-01-16T15:47:02.498+0000] {dag.py:3239} INFO - Sync 1 DAGs
[2025-01-16T15:47:02.509+0000] {logging_mixin.py:190} INFO - [2025-01-16T15:47:02.509+0000] {dag.py:4180} INFO - Setting next_dagrun for example_bash_decorator to None, run_after=None
[2025-01-16T15:47:02.522+0000] {processor.py:208} INFO - Processing /home/airflow/.local/lib/python3.12/site-packages/airflow/example_dags/example_bash_decorator.py took 0.057 seconds
[2025-01-16T15:47:33.536+0000] {processor.py:186} INFO - Started process (PID=7967) to work on /home/airflow/.local/lib/python3.12/site-packages/airflow/example_dags/example_bash_decorator.py
[2025-01-16T15:47:33.536+0000] {processor.py:914} INFO - Processing file /home/airflow/.local/lib/python3.12/site-packages/airflow/example_dags/example_bash_decorator.py for tasks to queue
[2025-01-16T15:47:33.538+0000] {logging_mixin.py:190} INFO - [2025-01-16T15:47:33.538+0000] {dagbag.py:588} INFO - Filling up the DagBag from /home/airflow/.local/lib/python3.12/site-packages/airflow/example_dags/example_bash_decorator.py
[2025-01-16T15:47:33.549+0000] {processor.py:925} INFO - DAG(s) 'example_bash_decorator' retrieved from /home/airflow/.local/lib/python3.12/site-packages/airflow/example_dags/example_bash_decorator.py
[2025-01-16T15:47:33.565+0000] {logging_mixin.py:190} INFO - [2025-01-16T15:47:33.565+0000] {dag.py:3239} INFO - Sync 1 DAGs
[2025-01-16T15:47:33.576+0000] {logging_mixin.py:190} INFO - [2025-01-16T15:47:33.575+0000] {dag.py:4180} INFO - Setting next_dagrun for example_bash_decorator to None, run_after=None
[2025-01-16T15:47:33.588+0000] {processor.py:208} INFO - Processing /home/airflow/.local/lib/python3.12/site-packages/airflow/example_dags/example_bash_decorator.py took 0.057 seconds
[2025-01-16T15:48:04.933+0000] {processor.py:186} INFO - Started process (PID=8261) to work on /home/airflow/.local/lib/python3.12/site-packages/airflow/example_dags/example_bash_decorator.py
[2025-01-16T15:48:04.933+0000] {processor.py:914} INFO - Processing file /home/airflow/.local/lib/python3.12/site-packages/airflow/example_dags/example_bash_decorator.py for tasks to queue
[2025-01-16T15:48:04.935+0000] {logging_mixin.py:190} INFO - [2025-01-16T15:48:04.935+0000] {dagbag.py:588} INFO - Filling up the DagBag from /home/airflow/.local/lib/python3.12/site-packages/airflow/example_dags/example_bash_decorator.py
[2025-01-16T15:48:04.946+0000] {processor.py:925} INFO - DAG(s) 'example_bash_decorator' retrieved from /home/airflow/.local/lib/python3.12/site-packages/airflow/example_dags/example_bash_decorator.py
[2025-01-16T15:48:04.963+0000] {logging_mixin.py:190} INFO - [2025-01-16T15:48:04.962+0000] {dag.py:3239} INFO - Sync 1 DAGs
[2025-01-16T15:48:04.974+0000] {logging_mixin.py:190} INFO - [2025-01-16T15:48:04.974+0000] {dag.py:4180} INFO - Setting next_dagrun for example_bash_decorator to None, run_after=None
[2025-01-16T15:48:04.995+0000] {processor.py:208} INFO - Processing /home/airflow/.local/lib/python3.12/site-packages/airflow/example_dags/example_bash_decorator.py took 0.065 seconds
[2025-01-16T15:48:35.812+0000] {processor.py:186} INFO - Started process (PID=8559) to work on /home/airflow/.local/lib/python3.12/site-packages/airflow/example_dags/example_bash_decorator.py
[2025-01-16T15:48:35.813+0000] {processor.py:914} INFO - Processing file /home/airflow/.local/lib/python3.12/site-packages/airflow/example_dags/example_bash_decorator.py for tasks to queue
[2025-01-16T15:48:35.815+0000] {logging_mixin.py:190} INFO - [2025-01-16T15:48:35.815+0000] {dagbag.py:588} INFO - Filling up the DagBag from /home/airflow/.local/lib/python3.12/site-packages/airflow/example_dags/example_bash_decorator.py
[2025-01-16T15:48:35.827+0000] {processor.py:925} INFO - DAG(s) 'example_bash_decorator' retrieved from /home/airflow/.local/lib/python3.12/site-packages/airflow/example_dags/example_bash_decorator.py
[2025-01-16T15:48:35.844+0000] {logging_mixin.py:190} INFO - [2025-01-16T15:48:35.843+0000] {dag.py:3239} INFO - Sync 1 DAGs
[2025-01-16T15:48:35.855+0000] {logging_mixin.py:190} INFO - [2025-01-16T15:48:35.855+0000] {dag.py:4180} INFO - Setting next_dagrun for example_bash_decorator to None, run_after=None
[2025-01-16T15:48:35.868+0000] {processor.py:208} INFO - Processing /home/airflow/.local/lib/python3.12/site-packages/airflow/example_dags/example_bash_decorator.py took 0.060 seconds
[2025-01-16T15:49:07.631+0000] {processor.py:186} INFO - Started process (PID=8855) to work on /home/airflow/.local/lib/python3.12/site-packages/airflow/example_dags/example_bash_decorator.py
[2025-01-16T15:49:07.632+0000] {processor.py:914} INFO - Processing file /home/airflow/.local/lib/python3.12/site-packages/airflow/example_dags/example_bash_decorator.py for tasks to queue
[2025-01-16T15:49:07.634+0000] {logging_mixin.py:190} INFO - [2025-01-16T15:49:07.634+0000] {dagbag.py:588} INFO - Filling up the DagBag from /home/airflow/.local/lib/python3.12/site-packages/airflow/example_dags/example_bash_decorator.py
[2025-01-16T15:49:07.648+0000] {processor.py:925} INFO - DAG(s) 'example_bash_decorator' retrieved from /home/airflow/.local/lib/python3.12/site-packages/airflow/example_dags/example_bash_decorator.py
[2025-01-16T15:49:07.677+0000] {logging_mixin.py:190} INFO - [2025-01-16T15:49:07.677+0000] {dag.py:3239} INFO - Sync 1 DAGs
[2025-01-16T15:49:07.697+0000] {logging_mixin.py:190} INFO - [2025-01-16T15:49:07.697+0000] {dag.py:4180} INFO - Setting next_dagrun for example_bash_decorator to None, run_after=None
[2025-01-16T15:49:07.720+0000] {processor.py:208} INFO - Processing /home/airflow/.local/lib/python3.12/site-packages/airflow/example_dags/example_bash_decorator.py took 0.094 seconds
[2025-01-16T15:49:38.438+0000] {processor.py:186} INFO - Started process (PID=9156) to work on /home/airflow/.local/lib/python3.12/site-packages/airflow/example_dags/example_bash_decorator.py
[2025-01-16T15:49:38.439+0000] {processor.py:914} INFO - Processing file /home/airflow/.local/lib/python3.12/site-packages/airflow/example_dags/example_bash_decorator.py for tasks to queue
[2025-01-16T15:49:38.442+0000] {logging_mixin.py:190} INFO - [2025-01-16T15:49:38.441+0000] {dagbag.py:588} INFO - Filling up the DagBag from /home/airflow/.local/lib/python3.12/site-packages/airflow/example_dags/example_bash_decorator.py
[2025-01-16T15:49:38.453+0000] {processor.py:925} INFO - DAG(s) 'example_bash_decorator' retrieved from /home/airflow/.local/lib/python3.12/site-packages/airflow/example_dags/example_bash_decorator.py
[2025-01-16T15:49:38.472+0000] {logging_mixin.py:190} INFO - [2025-01-16T15:49:38.472+0000] {dag.py:3239} INFO - Sync 1 DAGs
[2025-01-16T15:49:38.484+0000] {logging_mixin.py:190} INFO - [2025-01-16T15:49:38.483+0000] {dag.py:4180} INFO - Setting next_dagrun for example_bash_decorator to None, run_after=None
[2025-01-16T15:49:38.498+0000] {processor.py:208} INFO - Processing /home/airflow/.local/lib/python3.12/site-packages/airflow/example_dags/example_bash_decorator.py took 0.064 seconds
[2025-01-16T15:50:09.518+0000] {processor.py:186} INFO - Started process (PID=9450) to work on /home/airflow/.local/lib/python3.12/site-packages/airflow/example_dags/example_bash_decorator.py
[2025-01-16T15:50:09.519+0000] {processor.py:914} INFO - Processing file /home/airflow/.local/lib/python3.12/site-packages/airflow/example_dags/example_bash_decorator.py for tasks to queue
[2025-01-16T15:50:09.521+0000] {logging_mixin.py:190} INFO - [2025-01-16T15:50:09.521+0000] {dagbag.py:588} INFO - Filling up the DagBag from /home/airflow/.local/lib/python3.12/site-packages/airflow/example_dags/example_bash_decorator.py
[2025-01-16T15:50:09.537+0000] {processor.py:925} INFO - DAG(s) 'example_bash_decorator' retrieved from /home/airflow/.local/lib/python3.12/site-packages/airflow/example_dags/example_bash_decorator.py
[2025-01-16T15:50:09.561+0000] {logging_mixin.py:190} INFO - [2025-01-16T15:50:09.561+0000] {dag.py:3239} INFO - Sync 1 DAGs
[2025-01-16T15:50:09.574+0000] {logging_mixin.py:190} INFO - [2025-01-16T15:50:09.573+0000] {dag.py:4180} INFO - Setting next_dagrun for example_bash_decorator to None, run_after=None
[2025-01-16T15:50:09.588+0000] {processor.py:208} INFO - Processing /home/airflow/.local/lib/python3.12/site-packages/airflow/example_dags/example_bash_decorator.py took 0.075 seconds
[2025-01-16T15:50:40.476+0000] {processor.py:186} INFO - Started process (PID=9746) to work on /home/airflow/.local/lib/python3.12/site-packages/airflow/example_dags/example_bash_decorator.py
[2025-01-16T15:50:40.477+0000] {processor.py:914} INFO - Processing file /home/airflow/.local/lib/python3.12/site-packages/airflow/example_dags/example_bash_decorator.py for tasks to queue
[2025-01-16T15:50:40.478+0000] {logging_mixin.py:190} INFO - [2025-01-16T15:50:40.478+0000] {dagbag.py:588} INFO - Filling up the DagBag from /home/airflow/.local/lib/python3.12/site-packages/airflow/example_dags/example_bash_decorator.py
[2025-01-16T15:50:40.490+0000] {processor.py:925} INFO - DAG(s) 'example_bash_decorator' retrieved from /home/airflow/.local/lib/python3.12/site-packages/airflow/example_dags/example_bash_decorator.py
[2025-01-16T15:50:40.509+0000] {logging_mixin.py:190} INFO - [2025-01-16T15:50:40.509+0000] {dag.py:3239} INFO - Sync 1 DAGs
[2025-01-16T15:50:40.521+0000] {logging_mixin.py:190} INFO - [2025-01-16T15:50:40.521+0000] {dag.py:4180} INFO - Setting next_dagrun for example_bash_decorator to None, run_after=None
[2025-01-16T15:50:40.536+0000] {processor.py:208} INFO - Processing /home/airflow/.local/lib/python3.12/site-packages/airflow/example_dags/example_bash_decorator.py took 0.064 seconds
[2025-01-16T15:51:11.360+0000] {processor.py:186} INFO - Started process (PID=10046) to work on /home/airflow/.local/lib/python3.12/site-packages/airflow/example_dags/example_bash_decorator.py
[2025-01-16T15:51:11.361+0000] {processor.py:914} INFO - Processing file /home/airflow/.local/lib/python3.12/site-packages/airflow/example_dags/example_bash_decorator.py for tasks to queue
[2025-01-16T15:51:11.363+0000] {logging_mixin.py:190} INFO - [2025-01-16T15:51:11.363+0000] {dagbag.py:588} INFO - Filling up the DagBag from /home/airflow/.local/lib/python3.12/site-packages/airflow/example_dags/example_bash_decorator.py
[2025-01-16T15:51:11.374+0000] {processor.py:925} INFO - DAG(s) 'example_bash_decorator' retrieved from /home/airflow/.local/lib/python3.12/site-packages/airflow/example_dags/example_bash_decorator.py
[2025-01-16T15:51:11.392+0000] {logging_mixin.py:190} INFO - [2025-01-16T15:51:11.392+0000] {dag.py:3239} INFO - Sync 1 DAGs
[2025-01-16T15:51:11.404+0000] {logging_mixin.py:190} INFO - [2025-01-16T15:51:11.404+0000] {dag.py:4180} INFO - Setting next_dagrun for example_bash_decorator to None, run_after=None
[2025-01-16T15:51:11.417+0000] {processor.py:208} INFO - Processing /home/airflow/.local/lib/python3.12/site-packages/airflow/example_dags/example_bash_decorator.py took 0.061 seconds
[2025-01-16T15:51:42.666+0000] {processor.py:186} INFO - Started process (PID=10342) to work on /home/airflow/.local/lib/python3.12/site-packages/airflow/example_dags/example_bash_decorator.py
[2025-01-16T15:51:42.667+0000] {processor.py:914} INFO - Processing file /home/airflow/.local/lib/python3.12/site-packages/airflow/example_dags/example_bash_decorator.py for tasks to queue
[2025-01-16T15:51:42.670+0000] {logging_mixin.py:190} INFO - [2025-01-16T15:51:42.669+0000] {dagbag.py:588} INFO - Filling up the DagBag from /home/airflow/.local/lib/python3.12/site-packages/airflow/example_dags/example_bash_decorator.py
[2025-01-16T15:51:42.682+0000] {processor.py:925} INFO - DAG(s) 'example_bash_decorator' retrieved from /home/airflow/.local/lib/python3.12/site-packages/airflow/example_dags/example_bash_decorator.py
[2025-01-16T15:51:42.700+0000] {logging_mixin.py:190} INFO - [2025-01-16T15:51:42.700+0000] {dag.py:3239} INFO - Sync 1 DAGs
[2025-01-16T15:51:42.713+0000] {logging_mixin.py:190} INFO - [2025-01-16T15:51:42.713+0000] {dag.py:4180} INFO - Setting next_dagrun for example_bash_decorator to None, run_after=None
[2025-01-16T15:51:42.729+0000] {processor.py:208} INFO - Processing /home/airflow/.local/lib/python3.12/site-packages/airflow/example_dags/example_bash_decorator.py took 0.068 seconds
[2025-01-16T15:52:14.313+0000] {processor.py:186} INFO - Started process (PID=10668) to work on /home/airflow/.local/lib/python3.12/site-packages/airflow/example_dags/example_bash_decorator.py
[2025-01-16T15:52:14.313+0000] {processor.py:914} INFO - Processing file /home/airflow/.local/lib/python3.12/site-packages/airflow/example_dags/example_bash_decorator.py for tasks to queue
[2025-01-16T15:52:14.315+0000] {logging_mixin.py:190} INFO - [2025-01-16T15:52:14.315+0000] {dagbag.py:588} INFO - Filling up the DagBag from /home/airflow/.local/lib/python3.12/site-packages/airflow/example_dags/example_bash_decorator.py
[2025-01-16T15:52:14.325+0000] {processor.py:925} INFO - DAG(s) 'example_bash_decorator' retrieved from /home/airflow/.local/lib/python3.12/site-packages/airflow/example_dags/example_bash_decorator.py
[2025-01-16T15:52:14.342+0000] {logging_mixin.py:190} INFO - [2025-01-16T15:52:14.342+0000] {dag.py:3239} INFO - Sync 1 DAGs
[2025-01-16T15:52:14.353+0000] {logging_mixin.py:190} INFO - [2025-01-16T15:52:14.353+0000] {dag.py:4180} INFO - Setting next_dagrun for example_bash_decorator to None, run_after=None
[2025-01-16T15:52:14.365+0000] {processor.py:208} INFO - Processing /home/airflow/.local/lib/python3.12/site-packages/airflow/example_dags/example_bash_decorator.py took 0.057 seconds
[2025-01-16T15:52:45.387+0000] {processor.py:186} INFO - Started process (PID=10966) to work on /home/airflow/.local/lib/python3.12/site-packages/airflow/example_dags/example_bash_decorator.py
[2025-01-16T15:52:45.388+0000] {processor.py:914} INFO - Processing file /home/airflow/.local/lib/python3.12/site-packages/airflow/example_dags/example_bash_decorator.py for tasks to queue
[2025-01-16T15:52:45.390+0000] {logging_mixin.py:190} INFO - [2025-01-16T15:52:45.389+0000] {dagbag.py:588} INFO - Filling up the DagBag from /home/airflow/.local/lib/python3.12/site-packages/airflow/example_dags/example_bash_decorator.py
[2025-01-16T15:52:45.400+0000] {processor.py:925} INFO - DAG(s) 'example_bash_decorator' retrieved from /home/airflow/.local/lib/python3.12/site-packages/airflow/example_dags/example_bash_decorator.py
[2025-01-16T15:52:45.417+0000] {logging_mixin.py:190} INFO - [2025-01-16T15:52:45.417+0000] {dag.py:3239} INFO - Sync 1 DAGs
[2025-01-16T15:52:45.427+0000] {logging_mixin.py:190} INFO - [2025-01-16T15:52:45.427+0000] {dag.py:4180} INFO - Setting next_dagrun for example_bash_decorator to None, run_after=None
[2025-01-16T15:52:45.438+0000] {processor.py:208} INFO - Processing /home/airflow/.local/lib/python3.12/site-packages/airflow/example_dags/example_bash_decorator.py took 0.055 seconds
[2025-01-16T15:53:16.366+0000] {processor.py:186} INFO - Started process (PID=11262) to work on /home/airflow/.local/lib/python3.12/site-packages/airflow/example_dags/example_bash_decorator.py
[2025-01-16T15:53:16.367+0000] {processor.py:914} INFO - Processing file /home/airflow/.local/lib/python3.12/site-packages/airflow/example_dags/example_bash_decorator.py for tasks to queue
[2025-01-16T15:53:16.368+0000] {logging_mixin.py:190} INFO - [2025-01-16T15:53:16.368+0000] {dagbag.py:588} INFO - Filling up the DagBag from /home/airflow/.local/lib/python3.12/site-packages/airflow/example_dags/example_bash_decorator.py
[2025-01-16T15:53:16.379+0000] {processor.py:925} INFO - DAG(s) 'example_bash_decorator' retrieved from /home/airflow/.local/lib/python3.12/site-packages/airflow/example_dags/example_bash_decorator.py
[2025-01-16T15:53:16.396+0000] {logging_mixin.py:190} INFO - [2025-01-16T15:53:16.395+0000] {dag.py:3239} INFO - Sync 1 DAGs
[2025-01-16T15:53:16.405+0000] {logging_mixin.py:190} INFO - [2025-01-16T15:53:16.405+0000] {dag.py:4180} INFO - Setting next_dagrun for example_bash_decorator to None, run_after=None
[2025-01-16T15:53:16.418+0000] {processor.py:208} INFO - Processing /home/airflow/.local/lib/python3.12/site-packages/airflow/example_dags/example_bash_decorator.py took 0.056 seconds
[2025-01-16T15:53:47.181+0000] {processor.py:186} INFO - Started process (PID=11556) to work on /home/airflow/.local/lib/python3.12/site-packages/airflow/example_dags/example_bash_decorator.py
[2025-01-16T15:53:47.182+0000] {processor.py:914} INFO - Processing file /home/airflow/.local/lib/python3.12/site-packages/airflow/example_dags/example_bash_decorator.py for tasks to queue
[2025-01-16T15:53:47.183+0000] {logging_mixin.py:190} INFO - [2025-01-16T15:53:47.183+0000] {dagbag.py:588} INFO - Filling up the DagBag from /home/airflow/.local/lib/python3.12/site-packages/airflow/example_dags/example_bash_decorator.py
[2025-01-16T15:53:47.194+0000] {processor.py:925} INFO - DAG(s) 'example_bash_decorator' retrieved from /home/airflow/.local/lib/python3.12/site-packages/airflow/example_dags/example_bash_decorator.py
[2025-01-16T15:53:47.211+0000] {logging_mixin.py:190} INFO - [2025-01-16T15:53:47.211+0000] {dag.py:3239} INFO - Sync 1 DAGs
[2025-01-16T15:53:47.222+0000] {logging_mixin.py:190} INFO - [2025-01-16T15:53:47.222+0000] {dag.py:4180} INFO - Setting next_dagrun for example_bash_decorator to None, run_after=None
[2025-01-16T15:53:47.237+0000] {processor.py:208} INFO - Processing /home/airflow/.local/lib/python3.12/site-packages/airflow/example_dags/example_bash_decorator.py took 0.060 seconds
[2025-01-16T15:54:17.897+0000] {processor.py:186} INFO - Started process (PID=11852) to work on /home/airflow/.local/lib/python3.12/site-packages/airflow/example_dags/example_bash_decorator.py
[2025-01-16T15:54:17.898+0000] {processor.py:914} INFO - Processing file /home/airflow/.local/lib/python3.12/site-packages/airflow/example_dags/example_bash_decorator.py for tasks to queue
[2025-01-16T15:54:17.900+0000] {logging_mixin.py:190} INFO - [2025-01-16T15:54:17.899+0000] {dagbag.py:588} INFO - Filling up the DagBag from /home/airflow/.local/lib/python3.12/site-packages/airflow/example_dags/example_bash_decorator.py
[2025-01-16T15:54:17.910+0000] {processor.py:925} INFO - DAG(s) 'example_bash_decorator' retrieved from /home/airflow/.local/lib/python3.12/site-packages/airflow/example_dags/example_bash_decorator.py
[2025-01-16T15:54:17.927+0000] {logging_mixin.py:190} INFO - [2025-01-16T15:54:17.927+0000] {dag.py:3239} INFO - Sync 1 DAGs
[2025-01-16T15:54:17.938+0000] {logging_mixin.py:190} INFO - [2025-01-16T15:54:17.938+0000] {dag.py:4180} INFO - Setting next_dagrun for example_bash_decorator to None, run_after=None
[2025-01-16T15:54:17.951+0000] {processor.py:208} INFO - Processing /home/airflow/.local/lib/python3.12/site-packages/airflow/example_dags/example_bash_decorator.py took 0.058 seconds
[2025-01-16T15:54:48.535+0000] {processor.py:186} INFO - Started process (PID=12148) to work on /home/airflow/.local/lib/python3.12/site-packages/airflow/example_dags/example_bash_decorator.py
[2025-01-16T15:54:48.536+0000] {processor.py:914} INFO - Processing file /home/airflow/.local/lib/python3.12/site-packages/airflow/example_dags/example_bash_decorator.py for tasks to queue
[2025-01-16T15:54:48.537+0000] {logging_mixin.py:190} INFO - [2025-01-16T15:54:48.537+0000] {dagbag.py:588} INFO - Filling up the DagBag from /home/airflow/.local/lib/python3.12/site-packages/airflow/example_dags/example_bash_decorator.py
[2025-01-16T15:54:48.547+0000] {processor.py:925} INFO - DAG(s) 'example_bash_decorator' retrieved from /home/airflow/.local/lib/python3.12/site-packages/airflow/example_dags/example_bash_decorator.py
[2025-01-16T15:54:48.564+0000] {logging_mixin.py:190} INFO - [2025-01-16T15:54:48.564+0000] {dag.py:3239} INFO - Sync 1 DAGs
[2025-01-16T15:54:48.575+0000] {logging_mixin.py:190} INFO - [2025-01-16T15:54:48.575+0000] {dag.py:4180} INFO - Setting next_dagrun for example_bash_decorator to None, run_after=None
[2025-01-16T15:54:48.588+0000] {processor.py:208} INFO - Processing /home/airflow/.local/lib/python3.12/site-packages/airflow/example_dags/example_bash_decorator.py took 0.058 seconds
[2025-01-16T15:55:19.218+0000] {processor.py:186} INFO - Started process (PID=12444) to work on /home/airflow/.local/lib/python3.12/site-packages/airflow/example_dags/example_bash_decorator.py
[2025-01-16T15:55:19.219+0000] {processor.py:914} INFO - Processing file /home/airflow/.local/lib/python3.12/site-packages/airflow/example_dags/example_bash_decorator.py for tasks to queue
[2025-01-16T15:55:19.221+0000] {logging_mixin.py:190} INFO - [2025-01-16T15:55:19.221+0000] {dagbag.py:588} INFO - Filling up the DagBag from /home/airflow/.local/lib/python3.12/site-packages/airflow/example_dags/example_bash_decorator.py
[2025-01-16T15:55:19.232+0000] {processor.py:925} INFO - DAG(s) 'example_bash_decorator' retrieved from /home/airflow/.local/lib/python3.12/site-packages/airflow/example_dags/example_bash_decorator.py
[2025-01-16T15:55:19.248+0000] {logging_mixin.py:190} INFO - [2025-01-16T15:55:19.248+0000] {dag.py:3239} INFO - Sync 1 DAGs
[2025-01-16T15:55:19.259+0000] {logging_mixin.py:190} INFO - [2025-01-16T15:55:19.259+0000] {dag.py:4180} INFO - Setting next_dagrun for example_bash_decorator to None, run_after=None
[2025-01-16T15:55:19.271+0000] {processor.py:208} INFO - Processing /home/airflow/.local/lib/python3.12/site-packages/airflow/example_dags/example_bash_decorator.py took 0.057 seconds
[2025-01-16T15:55:50.002+0000] {processor.py:186} INFO - Started process (PID=12740) to work on /home/airflow/.local/lib/python3.12/site-packages/airflow/example_dags/example_bash_decorator.py
[2025-01-16T15:55:50.003+0000] {processor.py:914} INFO - Processing file /home/airflow/.local/lib/python3.12/site-packages/airflow/example_dags/example_bash_decorator.py for tasks to queue
[2025-01-16T15:55:50.005+0000] {logging_mixin.py:190} INFO - [2025-01-16T15:55:50.004+0000] {dagbag.py:588} INFO - Filling up the DagBag from /home/airflow/.local/lib/python3.12/site-packages/airflow/example_dags/example_bash_decorator.py
[2025-01-16T15:55:50.015+0000] {processor.py:925} INFO - DAG(s) 'example_bash_decorator' retrieved from /home/airflow/.local/lib/python3.12/site-packages/airflow/example_dags/example_bash_decorator.py
[2025-01-16T15:55:50.031+0000] {logging_mixin.py:190} INFO - [2025-01-16T15:55:50.031+0000] {dag.py:3239} INFO - Sync 1 DAGs
[2025-01-16T15:55:50.042+0000] {logging_mixin.py:190} INFO - [2025-01-16T15:55:50.042+0000] {dag.py:4180} INFO - Setting next_dagrun for example_bash_decorator to None, run_after=None
[2025-01-16T15:55:50.055+0000] {processor.py:208} INFO - Processing /home/airflow/.local/lib/python3.12/site-packages/airflow/example_dags/example_bash_decorator.py took 0.056 seconds
[2025-01-16T15:56:20.816+0000] {processor.py:186} INFO - Started process (PID=13036) to work on /home/airflow/.local/lib/python3.12/site-packages/airflow/example_dags/example_bash_decorator.py
[2025-01-16T15:56:20.817+0000] {processor.py:914} INFO - Processing file /home/airflow/.local/lib/python3.12/site-packages/airflow/example_dags/example_bash_decorator.py for tasks to queue
[2025-01-16T15:56:20.818+0000] {logging_mixin.py:190} INFO - [2025-01-16T15:56:20.818+0000] {dagbag.py:588} INFO - Filling up the DagBag from /home/airflow/.local/lib/python3.12/site-packages/airflow/example_dags/example_bash_decorator.py
[2025-01-16T15:56:20.830+0000] {processor.py:925} INFO - DAG(s) 'example_bash_decorator' retrieved from /home/airflow/.local/lib/python3.12/site-packages/airflow/example_dags/example_bash_decorator.py
[2025-01-16T15:56:20.847+0000] {logging_mixin.py:190} INFO - [2025-01-16T15:56:20.847+0000] {dag.py:3239} INFO - Sync 1 DAGs
[2025-01-16T15:56:20.857+0000] {logging_mixin.py:190} INFO - [2025-01-16T15:56:20.857+0000] {dag.py:4180} INFO - Setting next_dagrun for example_bash_decorator to None, run_after=None
[2025-01-16T15:56:20.869+0000] {processor.py:208} INFO - Processing /home/airflow/.local/lib/python3.12/site-packages/airflow/example_dags/example_bash_decorator.py took 0.057 seconds
[2025-01-16T15:56:52.106+0000] {processor.py:186} INFO - Started process (PID=13334) to work on /home/airflow/.local/lib/python3.12/site-packages/airflow/example_dags/example_bash_decorator.py
[2025-01-16T15:56:52.107+0000] {processor.py:914} INFO - Processing file /home/airflow/.local/lib/python3.12/site-packages/airflow/example_dags/example_bash_decorator.py for tasks to queue
[2025-01-16T15:56:52.109+0000] {logging_mixin.py:190} INFO - [2025-01-16T15:56:52.109+0000] {dagbag.py:588} INFO - Filling up the DagBag from /home/airflow/.local/lib/python3.12/site-packages/airflow/example_dags/example_bash_decorator.py
[2025-01-16T15:56:52.120+0000] {processor.py:925} INFO - DAG(s) 'example_bash_decorator' retrieved from /home/airflow/.local/lib/python3.12/site-packages/airflow/example_dags/example_bash_decorator.py
[2025-01-16T15:56:52.139+0000] {logging_mixin.py:190} INFO - [2025-01-16T15:56:52.139+0000] {dag.py:3239} INFO - Sync 1 DAGs
[2025-01-16T15:56:52.150+0000] {logging_mixin.py:190} INFO - [2025-01-16T15:56:52.150+0000] {dag.py:4180} INFO - Setting next_dagrun for example_bash_decorator to None, run_after=None
[2025-01-16T15:56:52.163+0000] {processor.py:208} INFO - Processing /home/airflow/.local/lib/python3.12/site-packages/airflow/example_dags/example_bash_decorator.py took 0.061 seconds
[2025-01-16T15:57:23.028+0000] {processor.py:186} INFO - Started process (PID=13630) to work on /home/airflow/.local/lib/python3.12/site-packages/airflow/example_dags/example_bash_decorator.py
[2025-01-16T15:57:23.029+0000] {processor.py:914} INFO - Processing file /home/airflow/.local/lib/python3.12/site-packages/airflow/example_dags/example_bash_decorator.py for tasks to queue
[2025-01-16T15:57:23.031+0000] {logging_mixin.py:190} INFO - [2025-01-16T15:57:23.030+0000] {dagbag.py:588} INFO - Filling up the DagBag from /home/airflow/.local/lib/python3.12/site-packages/airflow/example_dags/example_bash_decorator.py
[2025-01-16T15:57:23.042+0000] {processor.py:925} INFO - DAG(s) 'example_bash_decorator' retrieved from /home/airflow/.local/lib/python3.12/site-packages/airflow/example_dags/example_bash_decorator.py
[2025-01-16T15:57:23.059+0000] {logging_mixin.py:190} INFO - [2025-01-16T15:57:23.058+0000] {dag.py:3239} INFO - Sync 1 DAGs
[2025-01-16T15:57:23.069+0000] {logging_mixin.py:190} INFO - [2025-01-16T15:57:23.069+0000] {dag.py:4180} INFO - Setting next_dagrun for example_bash_decorator to None, run_after=None
[2025-01-16T15:57:23.082+0000] {processor.py:208} INFO - Processing /home/airflow/.local/lib/python3.12/site-packages/airflow/example_dags/example_bash_decorator.py took 0.057 seconds
[2025-01-16T15:57:54.009+0000] {processor.py:186} INFO - Started process (PID=13926) to work on /home/airflow/.local/lib/python3.12/site-packages/airflow/example_dags/example_bash_decorator.py
[2025-01-16T15:57:54.010+0000] {processor.py:914} INFO - Processing file /home/airflow/.local/lib/python3.12/site-packages/airflow/example_dags/example_bash_decorator.py for tasks to queue
[2025-01-16T15:57:54.012+0000] {logging_mixin.py:190} INFO - [2025-01-16T15:57:54.012+0000] {dagbag.py:588} INFO - Filling up the DagBag from /home/airflow/.local/lib/python3.12/site-packages/airflow/example_dags/example_bash_decorator.py
[2025-01-16T15:57:54.024+0000] {processor.py:925} INFO - DAG(s) 'example_bash_decorator' retrieved from /home/airflow/.local/lib/python3.12/site-packages/airflow/example_dags/example_bash_decorator.py
[2025-01-16T15:57:54.041+0000] {logging_mixin.py:190} INFO - [2025-01-16T15:57:54.041+0000] {dag.py:3239} INFO - Sync 1 DAGs
[2025-01-16T15:57:54.059+0000] {logging_mixin.py:190} INFO - [2025-01-16T15:57:54.058+0000] {dag.py:4180} INFO - Setting next_dagrun for example_bash_decorator to None, run_after=None
[2025-01-16T15:57:54.072+0000] {processor.py:208} INFO - Processing /home/airflow/.local/lib/python3.12/site-packages/airflow/example_dags/example_bash_decorator.py took 0.067 seconds
[2025-01-16T15:58:25.137+0000] {processor.py:186} INFO - Started process (PID=14220) to work on /home/airflow/.local/lib/python3.12/site-packages/airflow/example_dags/example_bash_decorator.py
[2025-01-16T15:58:25.138+0000] {processor.py:914} INFO - Processing file /home/airflow/.local/lib/python3.12/site-packages/airflow/example_dags/example_bash_decorator.py for tasks to queue
[2025-01-16T15:58:25.140+0000] {logging_mixin.py:190} INFO - [2025-01-16T15:58:25.139+0000] {dagbag.py:588} INFO - Filling up the DagBag from /home/airflow/.local/lib/python3.12/site-packages/airflow/example_dags/example_bash_decorator.py
[2025-01-16T15:58:25.153+0000] {processor.py:925} INFO - DAG(s) 'example_bash_decorator' retrieved from /home/airflow/.local/lib/python3.12/site-packages/airflow/example_dags/example_bash_decorator.py
[2025-01-16T15:58:25.171+0000] {logging_mixin.py:190} INFO - [2025-01-16T15:58:25.171+0000] {dag.py:3239} INFO - Sync 1 DAGs
[2025-01-16T15:58:25.182+0000] {logging_mixin.py:190} INFO - [2025-01-16T15:58:25.182+0000] {dag.py:4180} INFO - Setting next_dagrun for example_bash_decorator to None, run_after=None
[2025-01-16T15:58:25.197+0000] {processor.py:208} INFO - Processing /home/airflow/.local/lib/python3.12/site-packages/airflow/example_dags/example_bash_decorator.py took 0.064 seconds
[2025-01-16T15:58:56.538+0000] {processor.py:186} INFO - Started process (PID=14516) to work on /home/airflow/.local/lib/python3.12/site-packages/airflow/example_dags/example_bash_decorator.py
[2025-01-16T15:58:56.539+0000] {processor.py:914} INFO - Processing file /home/airflow/.local/lib/python3.12/site-packages/airflow/example_dags/example_bash_decorator.py for tasks to queue
[2025-01-16T15:58:56.541+0000] {logging_mixin.py:190} INFO - [2025-01-16T15:58:56.541+0000] {dagbag.py:588} INFO - Filling up the DagBag from /home/airflow/.local/lib/python3.12/site-packages/airflow/example_dags/example_bash_decorator.py
[2025-01-16T15:58:56.551+0000] {processor.py:925} INFO - DAG(s) 'example_bash_decorator' retrieved from /home/airflow/.local/lib/python3.12/site-packages/airflow/example_dags/example_bash_decorator.py
[2025-01-16T15:58:56.568+0000] {logging_mixin.py:190} INFO - [2025-01-16T15:58:56.568+0000] {dag.py:3239} INFO - Sync 1 DAGs
[2025-01-16T15:58:56.578+0000] {logging_mixin.py:190} INFO - [2025-01-16T15:58:56.578+0000] {dag.py:4180} INFO - Setting next_dagrun for example_bash_decorator to None, run_after=None
[2025-01-16T15:58:56.591+0000] {processor.py:208} INFO - Processing /home/airflow/.local/lib/python3.12/site-packages/airflow/example_dags/example_bash_decorator.py took 0.057 seconds
[2025-01-16T15:59:27.814+0000] {processor.py:186} INFO - Started process (PID=14812) to work on /home/airflow/.local/lib/python3.12/site-packages/airflow/example_dags/example_bash_decorator.py
[2025-01-16T15:59:27.815+0000] {processor.py:914} INFO - Processing file /home/airflow/.local/lib/python3.12/site-packages/airflow/example_dags/example_bash_decorator.py for tasks to queue
[2025-01-16T15:59:27.816+0000] {logging_mixin.py:190} INFO - [2025-01-16T15:59:27.816+0000] {dagbag.py:588} INFO - Filling up the DagBag from /home/airflow/.local/lib/python3.12/site-packages/airflow/example_dags/example_bash_decorator.py
[2025-01-16T15:59:27.827+0000] {processor.py:925} INFO - DAG(s) 'example_bash_decorator' retrieved from /home/airflow/.local/lib/python3.12/site-packages/airflow/example_dags/example_bash_decorator.py
[2025-01-16T15:59:27.843+0000] {logging_mixin.py:190} INFO - [2025-01-16T15:59:27.843+0000] {dag.py:3239} INFO - Sync 1 DAGs
[2025-01-16T15:59:27.853+0000] {logging_mixin.py:190} INFO - [2025-01-16T15:59:27.853+0000] {dag.py:4180} INFO - Setting next_dagrun for example_bash_decorator to None, run_after=None
[2025-01-16T15:59:27.865+0000] {processor.py:208} INFO - Processing /home/airflow/.local/lib/python3.12/site-packages/airflow/example_dags/example_bash_decorator.py took 0.056 seconds
[2025-01-16T15:59:58.898+0000] {processor.py:186} INFO - Started process (PID=15108) to work on /home/airflow/.local/lib/python3.12/site-packages/airflow/example_dags/example_bash_decorator.py
[2025-01-16T15:59:58.899+0000] {processor.py:914} INFO - Processing file /home/airflow/.local/lib/python3.12/site-packages/airflow/example_dags/example_bash_decorator.py for tasks to queue
[2025-01-16T15:59:58.900+0000] {logging_mixin.py:190} INFO - [2025-01-16T15:59:58.900+0000] {dagbag.py:588} INFO - Filling up the DagBag from /home/airflow/.local/lib/python3.12/site-packages/airflow/example_dags/example_bash_decorator.py
[2025-01-16T15:59:58.911+0000] {processor.py:925} INFO - DAG(s) 'example_bash_decorator' retrieved from /home/airflow/.local/lib/python3.12/site-packages/airflow/example_dags/example_bash_decorator.py
[2025-01-16T15:59:58.928+0000] {logging_mixin.py:190} INFO - [2025-01-16T15:59:58.928+0000] {dag.py:3239} INFO - Sync 1 DAGs
[2025-01-16T15:59:58.939+0000] {logging_mixin.py:190} INFO - [2025-01-16T15:59:58.938+0000] {dag.py:4180} INFO - Setting next_dagrun for example_bash_decorator to None, run_after=None
[2025-01-16T15:59:58.951+0000] {processor.py:208} INFO - Processing /home/airflow/.local/lib/python3.12/site-packages/airflow/example_dags/example_bash_decorator.py took 0.057 seconds
[2025-01-16T16:00:32.301+0000] {processor.py:186} INFO - Started process (PID=15420) to work on /home/airflow/.local/lib/python3.12/site-packages/airflow/example_dags/example_bash_decorator.py
[2025-01-16T16:00:32.302+0000] {processor.py:914} INFO - Processing file /home/airflow/.local/lib/python3.12/site-packages/airflow/example_dags/example_bash_decorator.py for tasks to queue
[2025-01-16T16:00:32.304+0000] {logging_mixin.py:190} INFO - [2025-01-16T16:00:32.303+0000] {dagbag.py:588} INFO - Filling up the DagBag from /home/airflow/.local/lib/python3.12/site-packages/airflow/example_dags/example_bash_decorator.py
[2025-01-16T16:00:32.314+0000] {processor.py:925} INFO - DAG(s) 'example_bash_decorator' retrieved from /home/airflow/.local/lib/python3.12/site-packages/airflow/example_dags/example_bash_decorator.py
[2025-01-16T16:00:32.336+0000] {logging_mixin.py:190} INFO - [2025-01-16T16:00:32.336+0000] {dag.py:3239} INFO - Sync 1 DAGs
[2025-01-16T16:00:32.354+0000] {logging_mixin.py:190} INFO - [2025-01-16T16:00:32.354+0000] {dag.py:4180} INFO - Setting next_dagrun for example_bash_decorator to None, run_after=None
[2025-01-16T16:00:32.373+0000] {processor.py:208} INFO - Processing /home/airflow/.local/lib/python3.12/site-packages/airflow/example_dags/example_bash_decorator.py took 0.076 seconds
[2025-01-16T16:01:02.438+0000] {processor.py:186} INFO - Started process (PID=15713) to work on /home/airflow/.local/lib/python3.12/site-packages/airflow/example_dags/example_bash_decorator.py
[2025-01-16T16:01:02.439+0000] {processor.py:914} INFO - Processing file /home/airflow/.local/lib/python3.12/site-packages/airflow/example_dags/example_bash_decorator.py for tasks to queue
[2025-01-16T16:01:02.441+0000] {logging_mixin.py:190} INFO - [2025-01-16T16:01:02.440+0000] {dagbag.py:588} INFO - Filling up the DagBag from /home/airflow/.local/lib/python3.12/site-packages/airflow/example_dags/example_bash_decorator.py
[2025-01-16T16:01:02.451+0000] {processor.py:925} INFO - DAG(s) 'example_bash_decorator' retrieved from /home/airflow/.local/lib/python3.12/site-packages/airflow/example_dags/example_bash_decorator.py
[2025-01-16T16:01:02.468+0000] {logging_mixin.py:190} INFO - [2025-01-16T16:01:02.468+0000] {dag.py:3239} INFO - Sync 1 DAGs
[2025-01-16T16:01:02.480+0000] {logging_mixin.py:190} INFO - [2025-01-16T16:01:02.480+0000] {dag.py:4180} INFO - Setting next_dagrun for example_bash_decorator to None, run_after=None
[2025-01-16T16:01:02.492+0000] {processor.py:208} INFO - Processing /home/airflow/.local/lib/python3.12/site-packages/airflow/example_dags/example_bash_decorator.py took 0.059 seconds
[2025-01-16T16:01:32.915+0000] {processor.py:186} INFO - Started process (PID=16007) to work on /home/airflow/.local/lib/python3.12/site-packages/airflow/example_dags/example_bash_decorator.py
[2025-01-16T16:01:32.916+0000] {processor.py:914} INFO - Processing file /home/airflow/.local/lib/python3.12/site-packages/airflow/example_dags/example_bash_decorator.py for tasks to queue
[2025-01-16T16:01:32.917+0000] {logging_mixin.py:190} INFO - [2025-01-16T16:01:32.917+0000] {dagbag.py:588} INFO - Filling up the DagBag from /home/airflow/.local/lib/python3.12/site-packages/airflow/example_dags/example_bash_decorator.py
[2025-01-16T16:01:32.928+0000] {processor.py:925} INFO - DAG(s) 'example_bash_decorator' retrieved from /home/airflow/.local/lib/python3.12/site-packages/airflow/example_dags/example_bash_decorator.py
[2025-01-16T16:01:32.945+0000] {logging_mixin.py:190} INFO - [2025-01-16T16:01:32.945+0000] {dag.py:3239} INFO - Sync 1 DAGs
[2025-01-16T16:01:32.955+0000] {logging_mixin.py:190} INFO - [2025-01-16T16:01:32.955+0000] {dag.py:4180} INFO - Setting next_dagrun for example_bash_decorator to None, run_after=None
[2025-01-16T16:01:32.968+0000] {processor.py:208} INFO - Processing /home/airflow/.local/lib/python3.12/site-packages/airflow/example_dags/example_bash_decorator.py took 0.057 seconds
[2025-01-16T16:02:03.734+0000] {processor.py:186} INFO - Started process (PID=16303) to work on /home/airflow/.local/lib/python3.12/site-packages/airflow/example_dags/example_bash_decorator.py
[2025-01-16T16:02:03.735+0000] {processor.py:914} INFO - Processing file /home/airflow/.local/lib/python3.12/site-packages/airflow/example_dags/example_bash_decorator.py for tasks to queue
[2025-01-16T16:02:03.737+0000] {logging_mixin.py:190} INFO - [2025-01-16T16:02:03.736+0000] {dagbag.py:588} INFO - Filling up the DagBag from /home/airflow/.local/lib/python3.12/site-packages/airflow/example_dags/example_bash_decorator.py
[2025-01-16T16:02:03.747+0000] {processor.py:925} INFO - DAG(s) 'example_bash_decorator' retrieved from /home/airflow/.local/lib/python3.12/site-packages/airflow/example_dags/example_bash_decorator.py
[2025-01-16T16:02:03.765+0000] {logging_mixin.py:190} INFO - [2025-01-16T16:02:03.765+0000] {dag.py:3239} INFO - Sync 1 DAGs
[2025-01-16T16:02:03.776+0000] {logging_mixin.py:190} INFO - [2025-01-16T16:02:03.775+0000] {dag.py:4180} INFO - Setting next_dagrun for example_bash_decorator to None, run_after=None
[2025-01-16T16:02:03.789+0000] {processor.py:208} INFO - Processing /home/airflow/.local/lib/python3.12/site-packages/airflow/example_dags/example_bash_decorator.py took 0.059 seconds
[2025-01-16T16:02:33.881+0000] {processor.py:186} INFO - Started process (PID=16599) to work on /home/airflow/.local/lib/python3.12/site-packages/airflow/example_dags/example_bash_decorator.py
[2025-01-16T16:02:33.881+0000] {processor.py:914} INFO - Processing file /home/airflow/.local/lib/python3.12/site-packages/airflow/example_dags/example_bash_decorator.py for tasks to queue
[2025-01-16T16:02:33.883+0000] {logging_mixin.py:190} INFO - [2025-01-16T16:02:33.883+0000] {dagbag.py:588} INFO - Filling up the DagBag from /home/airflow/.local/lib/python3.12/site-packages/airflow/example_dags/example_bash_decorator.py
[2025-01-16T16:02:33.896+0000] {processor.py:925} INFO - DAG(s) 'example_bash_decorator' retrieved from /home/airflow/.local/lib/python3.12/site-packages/airflow/example_dags/example_bash_decorator.py
[2025-01-16T16:02:33.917+0000] {logging_mixin.py:190} INFO - [2025-01-16T16:02:33.917+0000] {dag.py:3239} INFO - Sync 1 DAGs
[2025-01-16T16:02:33.930+0000] {logging_mixin.py:190} INFO - [2025-01-16T16:02:33.930+0000] {dag.py:4180} INFO - Setting next_dagrun for example_bash_decorator to None, run_after=None
[2025-01-16T16:02:33.946+0000] {processor.py:208} INFO - Processing /home/airflow/.local/lib/python3.12/site-packages/airflow/example_dags/example_bash_decorator.py took 0.069 seconds
[2025-01-16T16:03:04.515+0000] {processor.py:186} INFO - Started process (PID=16905) to work on /home/airflow/.local/lib/python3.12/site-packages/airflow/example_dags/example_bash_decorator.py
[2025-01-16T16:03:04.516+0000] {processor.py:914} INFO - Processing file /home/airflow/.local/lib/python3.12/site-packages/airflow/example_dags/example_bash_decorator.py for tasks to queue
[2025-01-16T16:03:04.517+0000] {logging_mixin.py:190} INFO - [2025-01-16T16:03:04.517+0000] {dagbag.py:588} INFO - Filling up the DagBag from /home/airflow/.local/lib/python3.12/site-packages/airflow/example_dags/example_bash_decorator.py
[2025-01-16T16:03:04.528+0000] {processor.py:925} INFO - DAG(s) 'example_bash_decorator' retrieved from /home/airflow/.local/lib/python3.12/site-packages/airflow/example_dags/example_bash_decorator.py
[2025-01-16T16:03:04.544+0000] {logging_mixin.py:190} INFO - [2025-01-16T16:03:04.543+0000] {dag.py:3239} INFO - Sync 1 DAGs
[2025-01-16T16:03:04.553+0000] {logging_mixin.py:190} INFO - [2025-01-16T16:03:04.553+0000] {dag.py:4180} INFO - Setting next_dagrun for example_bash_decorator to None, run_after=None
[2025-01-16T16:03:04.566+0000] {processor.py:208} INFO - Processing /home/airflow/.local/lib/python3.12/site-packages/airflow/example_dags/example_bash_decorator.py took 0.055 seconds
[2025-01-16T16:03:34.760+0000] {processor.py:186} INFO - Started process (PID=17206) to work on /home/airflow/.local/lib/python3.12/site-packages/airflow/example_dags/example_bash_decorator.py
[2025-01-16T16:03:34.761+0000] {processor.py:914} INFO - Processing file /home/airflow/.local/lib/python3.12/site-packages/airflow/example_dags/example_bash_decorator.py for tasks to queue
[2025-01-16T16:03:34.763+0000] {logging_mixin.py:190} INFO - [2025-01-16T16:03:34.763+0000] {dagbag.py:588} INFO - Filling up the DagBag from /home/airflow/.local/lib/python3.12/site-packages/airflow/example_dags/example_bash_decorator.py
[2025-01-16T16:03:34.774+0000] {processor.py:925} INFO - DAG(s) 'example_bash_decorator' retrieved from /home/airflow/.local/lib/python3.12/site-packages/airflow/example_dags/example_bash_decorator.py
[2025-01-16T16:03:34.794+0000] {logging_mixin.py:190} INFO - [2025-01-16T16:03:34.793+0000] {dag.py:3239} INFO - Sync 1 DAGs
[2025-01-16T16:03:34.805+0000] {logging_mixin.py:190} INFO - [2025-01-16T16:03:34.804+0000] {dag.py:4180} INFO - Setting next_dagrun for example_bash_decorator to None, run_after=None
[2025-01-16T16:03:34.819+0000] {processor.py:208} INFO - Processing /home/airflow/.local/lib/python3.12/site-packages/airflow/example_dags/example_bash_decorator.py took 0.064 seconds
[2025-01-16T16:04:05.004+0000] {processor.py:186} INFO - Started process (PID=17502) to work on /home/airflow/.local/lib/python3.12/site-packages/airflow/example_dags/example_bash_decorator.py
[2025-01-16T16:04:05.005+0000] {processor.py:914} INFO - Processing file /home/airflow/.local/lib/python3.12/site-packages/airflow/example_dags/example_bash_decorator.py for tasks to queue
[2025-01-16T16:04:05.008+0000] {logging_mixin.py:190} INFO - [2025-01-16T16:04:05.007+0000] {dagbag.py:588} INFO - Filling up the DagBag from /home/airflow/.local/lib/python3.12/site-packages/airflow/example_dags/example_bash_decorator.py
[2025-01-16T16:04:05.019+0000] {processor.py:925} INFO - DAG(s) 'example_bash_decorator' retrieved from /home/airflow/.local/lib/python3.12/site-packages/airflow/example_dags/example_bash_decorator.py
[2025-01-16T16:04:05.103+0000] {logging_mixin.py:190} INFO - [2025-01-16T16:04:05.103+0000] {dag.py:3239} INFO - Sync 1 DAGs
[2025-01-16T16:04:05.124+0000] {logging_mixin.py:190} INFO - [2025-01-16T16:04:05.124+0000] {dag.py:4180} INFO - Setting next_dagrun for example_bash_decorator to None, run_after=None
[2025-01-16T16:04:05.145+0000] {processor.py:208} INFO - Processing /home/airflow/.local/lib/python3.12/site-packages/airflow/example_dags/example_bash_decorator.py took 0.145 seconds
[2025-01-16T16:04:35.714+0000] {processor.py:186} INFO - Started process (PID=17798) to work on /home/airflow/.local/lib/python3.12/site-packages/airflow/example_dags/example_bash_decorator.py
[2025-01-16T16:04:35.715+0000] {processor.py:914} INFO - Processing file /home/airflow/.local/lib/python3.12/site-packages/airflow/example_dags/example_bash_decorator.py for tasks to queue
[2025-01-16T16:04:35.716+0000] {logging_mixin.py:190} INFO - [2025-01-16T16:04:35.716+0000] {dagbag.py:588} INFO - Filling up the DagBag from /home/airflow/.local/lib/python3.12/site-packages/airflow/example_dags/example_bash_decorator.py
[2025-01-16T16:04:35.727+0000] {processor.py:925} INFO - DAG(s) 'example_bash_decorator' retrieved from /home/airflow/.local/lib/python3.12/site-packages/airflow/example_dags/example_bash_decorator.py
[2025-01-16T16:04:35.743+0000] {logging_mixin.py:190} INFO - [2025-01-16T16:04:35.743+0000] {dag.py:3239} INFO - Sync 1 DAGs
[2025-01-16T16:04:35.754+0000] {logging_mixin.py:190} INFO - [2025-01-16T16:04:35.754+0000] {dag.py:4180} INFO - Setting next_dagrun for example_bash_decorator to None, run_after=None
[2025-01-16T16:04:35.914+0000] {processor.py:208} INFO - Processing /home/airflow/.local/lib/python3.12/site-packages/airflow/example_dags/example_bash_decorator.py took 0.205 seconds
[2025-01-16T16:05:06.002+0000] {processor.py:186} INFO - Started process (PID=18096) to work on /home/airflow/.local/lib/python3.12/site-packages/airflow/example_dags/example_bash_decorator.py
[2025-01-16T16:05:06.003+0000] {processor.py:914} INFO - Processing file /home/airflow/.local/lib/python3.12/site-packages/airflow/example_dags/example_bash_decorator.py for tasks to queue
[2025-01-16T16:05:06.004+0000] {logging_mixin.py:190} INFO - [2025-01-16T16:05:06.004+0000] {dagbag.py:588} INFO - Filling up the DagBag from /home/airflow/.local/lib/python3.12/site-packages/airflow/example_dags/example_bash_decorator.py
[2025-01-16T16:05:06.015+0000] {processor.py:925} INFO - DAG(s) 'example_bash_decorator' retrieved from /home/airflow/.local/lib/python3.12/site-packages/airflow/example_dags/example_bash_decorator.py
[2025-01-16T16:05:06.032+0000] {logging_mixin.py:190} INFO - [2025-01-16T16:05:06.032+0000] {dag.py:3239} INFO - Sync 1 DAGs
[2025-01-16T16:05:06.044+0000] {logging_mixin.py:190} INFO - [2025-01-16T16:05:06.043+0000] {dag.py:4180} INFO - Setting next_dagrun for example_bash_decorator to None, run_after=None
[2025-01-16T16:05:06.056+0000] {processor.py:208} INFO - Processing /home/airflow/.local/lib/python3.12/site-packages/airflow/example_dags/example_bash_decorator.py took 0.059 seconds
[2025-01-16T16:05:36.781+0000] {processor.py:186} INFO - Started process (PID=18390) to work on /home/airflow/.local/lib/python3.12/site-packages/airflow/example_dags/example_bash_decorator.py
[2025-01-16T16:05:36.782+0000] {processor.py:914} INFO - Processing file /home/airflow/.local/lib/python3.12/site-packages/airflow/example_dags/example_bash_decorator.py for tasks to queue
[2025-01-16T16:05:36.784+0000] {logging_mixin.py:190} INFO - [2025-01-16T16:05:36.784+0000] {dagbag.py:588} INFO - Filling up the DagBag from /home/airflow/.local/lib/python3.12/site-packages/airflow/example_dags/example_bash_decorator.py
[2025-01-16T16:05:36.805+0000] {processor.py:925} INFO - DAG(s) 'example_bash_decorator' retrieved from /home/airflow/.local/lib/python3.12/site-packages/airflow/example_dags/example_bash_decorator.py
[2025-01-16T16:05:36.833+0000] {logging_mixin.py:190} INFO - [2025-01-16T16:05:36.833+0000] {dag.py:3239} INFO - Sync 1 DAGs
[2025-01-16T16:05:36.848+0000] {logging_mixin.py:190} INFO - [2025-01-16T16:05:36.848+0000] {dag.py:4180} INFO - Setting next_dagrun for example_bash_decorator to None, run_after=None
[2025-01-16T16:05:36.861+0000] {processor.py:208} INFO - Processing /home/airflow/.local/lib/python3.12/site-packages/airflow/example_dags/example_bash_decorator.py took 0.091 seconds
[2025-01-16T16:06:07.261+0000] {processor.py:186} INFO - Started process (PID=18686) to work on /home/airflow/.local/lib/python3.12/site-packages/airflow/example_dags/example_bash_decorator.py
[2025-01-16T16:06:07.262+0000] {processor.py:914} INFO - Processing file /home/airflow/.local/lib/python3.12/site-packages/airflow/example_dags/example_bash_decorator.py for tasks to queue
[2025-01-16T16:06:07.263+0000] {logging_mixin.py:190} INFO - [2025-01-16T16:06:07.263+0000] {dagbag.py:588} INFO - Filling up the DagBag from /home/airflow/.local/lib/python3.12/site-packages/airflow/example_dags/example_bash_decorator.py
[2025-01-16T16:06:07.275+0000] {processor.py:925} INFO - DAG(s) 'example_bash_decorator' retrieved from /home/airflow/.local/lib/python3.12/site-packages/airflow/example_dags/example_bash_decorator.py
[2025-01-16T16:06:07.292+0000] {logging_mixin.py:190} INFO - [2025-01-16T16:06:07.291+0000] {dag.py:3239} INFO - Sync 1 DAGs
[2025-01-16T16:06:07.302+0000] {logging_mixin.py:190} INFO - [2025-01-16T16:06:07.301+0000] {dag.py:4180} INFO - Setting next_dagrun for example_bash_decorator to None, run_after=None
[2025-01-16T16:06:07.314+0000] {processor.py:208} INFO - Processing /home/airflow/.local/lib/python3.12/site-packages/airflow/example_dags/example_bash_decorator.py took 0.058 seconds
[2025-01-16T16:06:38.366+0000] {processor.py:186} INFO - Started process (PID=18982) to work on /home/airflow/.local/lib/python3.12/site-packages/airflow/example_dags/example_bash_decorator.py
[2025-01-16T16:06:38.367+0000] {processor.py:914} INFO - Processing file /home/airflow/.local/lib/python3.12/site-packages/airflow/example_dags/example_bash_decorator.py for tasks to queue
[2025-01-16T16:06:38.368+0000] {logging_mixin.py:190} INFO - [2025-01-16T16:06:38.367+0000] {dagbag.py:588} INFO - Filling up the DagBag from /home/airflow/.local/lib/python3.12/site-packages/airflow/example_dags/example_bash_decorator.py
[2025-01-16T16:06:38.378+0000] {processor.py:925} INFO - DAG(s) 'example_bash_decorator' retrieved from /home/airflow/.local/lib/python3.12/site-packages/airflow/example_dags/example_bash_decorator.py
[2025-01-16T16:06:38.540+0000] {logging_mixin.py:190} INFO - [2025-01-16T16:06:38.540+0000] {dag.py:3239} INFO - Sync 1 DAGs
[2025-01-16T16:06:38.548+0000] {logging_mixin.py:190} INFO - [2025-01-16T16:06:38.548+0000] {dag.py:4180} INFO - Setting next_dagrun for example_bash_decorator to None, run_after=None
[2025-01-16T16:06:38.560+0000] {processor.py:208} INFO - Processing /home/airflow/.local/lib/python3.12/site-packages/airflow/example_dags/example_bash_decorator.py took 0.198 seconds
[2025-01-16T16:07:09.486+0000] {processor.py:186} INFO - Started process (PID=19278) to work on /home/airflow/.local/lib/python3.12/site-packages/airflow/example_dags/example_bash_decorator.py
[2025-01-16T16:07:09.486+0000] {processor.py:914} INFO - Processing file /home/airflow/.local/lib/python3.12/site-packages/airflow/example_dags/example_bash_decorator.py for tasks to queue
[2025-01-16T16:07:09.487+0000] {logging_mixin.py:190} INFO - [2025-01-16T16:07:09.487+0000] {dagbag.py:588} INFO - Filling up the DagBag from /home/airflow/.local/lib/python3.12/site-packages/airflow/example_dags/example_bash_decorator.py
[2025-01-16T16:07:09.497+0000] {processor.py:925} INFO - DAG(s) 'example_bash_decorator' retrieved from /home/airflow/.local/lib/python3.12/site-packages/airflow/example_dags/example_bash_decorator.py
[2025-01-16T16:07:09.515+0000] {logging_mixin.py:190} INFO - [2025-01-16T16:07:09.515+0000] {dag.py:3239} INFO - Sync 1 DAGs
[2025-01-16T16:07:09.528+0000] {logging_mixin.py:190} INFO - [2025-01-16T16:07:09.528+0000] {dag.py:4180} INFO - Setting next_dagrun for example_bash_decorator to None, run_after=None
[2025-01-16T16:07:09.542+0000] {processor.py:208} INFO - Processing /home/airflow/.local/lib/python3.12/site-packages/airflow/example_dags/example_bash_decorator.py took 0.061 seconds
[2025-01-16T16:07:40.479+0000] {processor.py:186} INFO - Started process (PID=19574) to work on /home/airflow/.local/lib/python3.12/site-packages/airflow/example_dags/example_bash_decorator.py
[2025-01-16T16:07:40.480+0000] {processor.py:914} INFO - Processing file /home/airflow/.local/lib/python3.12/site-packages/airflow/example_dags/example_bash_decorator.py for tasks to queue
[2025-01-16T16:07:40.481+0000] {logging_mixin.py:190} INFO - [2025-01-16T16:07:40.481+0000] {dagbag.py:588} INFO - Filling up the DagBag from /home/airflow/.local/lib/python3.12/site-packages/airflow/example_dags/example_bash_decorator.py
[2025-01-16T16:07:40.491+0000] {processor.py:925} INFO - DAG(s) 'example_bash_decorator' retrieved from /home/airflow/.local/lib/python3.12/site-packages/airflow/example_dags/example_bash_decorator.py
[2025-01-16T16:07:40.508+0000] {logging_mixin.py:190} INFO - [2025-01-16T16:07:40.508+0000] {dag.py:3239} INFO - Sync 1 DAGs
[2025-01-16T16:07:40.522+0000] {logging_mixin.py:190} INFO - [2025-01-16T16:07:40.522+0000] {dag.py:4180} INFO - Setting next_dagrun for example_bash_decorator to None, run_after=None
[2025-01-16T16:07:40.538+0000] {processor.py:208} INFO - Processing /home/airflow/.local/lib/python3.12/site-packages/airflow/example_dags/example_bash_decorator.py took 0.063 seconds
[2025-01-16T16:08:11.276+0000] {processor.py:186} INFO - Started process (PID=19870) to work on /home/airflow/.local/lib/python3.12/site-packages/airflow/example_dags/example_bash_decorator.py
[2025-01-16T16:08:11.277+0000] {processor.py:914} INFO - Processing file /home/airflow/.local/lib/python3.12/site-packages/airflow/example_dags/example_bash_decorator.py for tasks to queue
[2025-01-16T16:08:11.278+0000] {logging_mixin.py:190} INFO - [2025-01-16T16:08:11.277+0000] {dagbag.py:588} INFO - Filling up the DagBag from /home/airflow/.local/lib/python3.12/site-packages/airflow/example_dags/example_bash_decorator.py
[2025-01-16T16:08:11.288+0000] {processor.py:925} INFO - DAG(s) 'example_bash_decorator' retrieved from /home/airflow/.local/lib/python3.12/site-packages/airflow/example_dags/example_bash_decorator.py
[2025-01-16T16:08:11.303+0000] {logging_mixin.py:190} INFO - [2025-01-16T16:08:11.303+0000] {dag.py:3239} INFO - Sync 1 DAGs
[2025-01-16T16:08:11.314+0000] {logging_mixin.py:190} INFO - [2025-01-16T16:08:11.313+0000] {dag.py:4180} INFO - Setting next_dagrun for example_bash_decorator to None, run_after=None
[2025-01-16T16:08:11.325+0000] {processor.py:208} INFO - Processing /home/airflow/.local/lib/python3.12/site-packages/airflow/example_dags/example_bash_decorator.py took 0.053 seconds
[2025-01-16T16:08:42.155+0000] {processor.py:186} INFO - Started process (PID=20167) to work on /home/airflow/.local/lib/python3.12/site-packages/airflow/example_dags/example_bash_decorator.py
[2025-01-16T16:08:42.168+0000] {processor.py:914} INFO - Processing file /home/airflow/.local/lib/python3.12/site-packages/airflow/example_dags/example_bash_decorator.py for tasks to queue
[2025-01-16T16:08:42.183+0000] {logging_mixin.py:190} INFO - [2025-01-16T16:08:42.179+0000] {dagbag.py:588} INFO - Filling up the DagBag from /home/airflow/.local/lib/python3.12/site-packages/airflow/example_dags/example_bash_decorator.py
[2025-01-16T16:08:42.324+0000] {processor.py:925} INFO - DAG(s) 'example_bash_decorator' retrieved from /home/airflow/.local/lib/python3.12/site-packages/airflow/example_dags/example_bash_decorator.py
[2025-01-16T16:08:42.432+0000] {logging_mixin.py:190} INFO - [2025-01-16T16:08:42.431+0000] {dag.py:3239} INFO - Sync 1 DAGs
[2025-01-16T16:08:42.446+0000] {logging_mixin.py:190} INFO - [2025-01-16T16:08:42.446+0000] {dag.py:4180} INFO - Setting next_dagrun for example_bash_decorator to None, run_after=None
[2025-01-16T16:08:42.463+0000] {processor.py:208} INFO - Processing /home/airflow/.local/lib/python3.12/site-packages/airflow/example_dags/example_bash_decorator.py took 0.381 seconds
