[2025-01-16T15:34:05.071+0000] {processor.py:186} INFO - Started process (PID=332) to work on /home/airflow/.local/lib/python3.12/site-packages/airflow/example_dags/example_branch_python_dop_operator_3.py
[2025-01-16T15:34:05.072+0000] {processor.py:914} INFO - Processing file /home/airflow/.local/lib/python3.12/site-packages/airflow/example_dags/example_branch_python_dop_operator_3.py for tasks to queue
[2025-01-16T15:34:05.075+0000] {logging_mixin.py:190} INFO - [2025-01-16T15:34:05.075+0000] {dagbag.py:588} INFO - Filling up the DagBag from /home/airflow/.local/lib/python3.12/site-packages/airflow/example_dags/example_branch_python_dop_operator_3.py
[2025-01-16T15:34:05.087+0000] {processor.py:925} INFO - DAG(s) 'example_branch_dop_operator_v3' retrieved from /home/airflow/.local/lib/python3.12/site-packages/airflow/example_dags/example_branch_python_dop_operator_3.py
[2025-01-16T15:34:05.223+0000] {logging_mixin.py:190} INFO - [2025-01-16T15:34:05.222+0000] {override.py:1911} INFO - Created Permission View: can edit on DAG:example_branch_dop_operator_v3
[2025-01-16T15:34:05.233+0000] {logging_mixin.py:190} INFO - [2025-01-16T15:34:05.233+0000] {override.py:1911} INFO - Created Permission View: can delete on DAG:example_branch_dop_operator_v3
[2025-01-16T15:34:05.241+0000] {logging_mixin.py:190} INFO - [2025-01-16T15:34:05.240+0000] {override.py:1911} INFO - Created Permission View: can read on DAG:example_branch_dop_operator_v3
[2025-01-16T15:34:05.249+0000] {logging_mixin.py:190} INFO - [2025-01-16T15:34:05.248+0000] {override.py:1911} INFO - Created Permission View: can create on DAG Run:example_branch_dop_operator_v3
[2025-01-16T15:34:05.256+0000] {logging_mixin.py:190} INFO - [2025-01-16T15:34:05.256+0000] {override.py:1911} INFO - Created Permission View: can delete on DAG Run:example_branch_dop_operator_v3
[2025-01-16T15:34:05.263+0000] {logging_mixin.py:190} INFO - [2025-01-16T15:34:05.263+0000] {override.py:1911} INFO - Created Permission View: menu access on DAG Run:example_branch_dop_operator_v3
[2025-01-16T15:34:05.270+0000] {logging_mixin.py:190} INFO - [2025-01-16T15:34:05.270+0000] {override.py:1911} INFO - Created Permission View: can read on DAG Run:example_branch_dop_operator_v3
[2025-01-16T15:34:05.271+0000] {logging_mixin.py:190} INFO - [2025-01-16T15:34:05.271+0000] {dag.py:3239} INFO - Sync 1 DAGs
[2025-01-16T15:34:05.285+0000] {logging_mixin.py:190} INFO - [2025-01-16T15:34:05.285+0000] {dag.py:3262} INFO - Creating ORM DAG for example_branch_dop_operator_v3
[2025-01-16T15:34:05.298+0000] {logging_mixin.py:190} INFO - [2025-01-16T15:34:05.298+0000] {dag.py:4180} INFO - Setting next_dagrun for example_branch_dop_operator_v3 to 2025-01-16 15:33:00+00:00, run_after=2025-01-16 15:34:00+00:00
[2025-01-16T15:34:05.315+0000] {processor.py:208} INFO - Processing /home/airflow/.local/lib/python3.12/site-packages/airflow/example_dags/example_branch_python_dop_operator_3.py took 0.250 seconds
[2025-01-16T15:34:35.755+0000] {processor.py:186} INFO - Started process (PID=628) to work on /home/airflow/.local/lib/python3.12/site-packages/airflow/example_dags/example_branch_python_dop_operator_3.py
[2025-01-16T15:34:35.756+0000] {processor.py:914} INFO - Processing file /home/airflow/.local/lib/python3.12/site-packages/airflow/example_dags/example_branch_python_dop_operator_3.py for tasks to queue
[2025-01-16T15:34:35.758+0000] {logging_mixin.py:190} INFO - [2025-01-16T15:34:35.758+0000] {dagbag.py:588} INFO - Filling up the DagBag from /home/airflow/.local/lib/python3.12/site-packages/airflow/example_dags/example_branch_python_dop_operator_3.py
[2025-01-16T15:34:35.771+0000] {processor.py:925} INFO - DAG(s) 'example_branch_dop_operator_v3' retrieved from /home/airflow/.local/lib/python3.12/site-packages/airflow/example_dags/example_branch_python_dop_operator_3.py
[2025-01-16T15:34:35.793+0000] {logging_mixin.py:190} INFO - [2025-01-16T15:34:35.793+0000] {dag.py:3239} INFO - Sync 1 DAGs
[2025-01-16T15:34:35.822+0000] {logging_mixin.py:190} INFO - [2025-01-16T15:34:35.821+0000] {dag.py:4180} INFO - Setting next_dagrun for example_branch_dop_operator_v3 to 2025-01-16 15:33:00+00:00, run_after=2025-01-16 15:34:00+00:00
[2025-01-16T15:34:35.844+0000] {processor.py:208} INFO - Processing /home/airflow/.local/lib/python3.12/site-packages/airflow/example_dags/example_branch_python_dop_operator_3.py took 0.095 seconds
[2025-01-16T15:35:06.060+0000] {processor.py:186} INFO - Started process (PID=925) to work on /home/airflow/.local/lib/python3.12/site-packages/airflow/example_dags/example_branch_python_dop_operator_3.py
[2025-01-16T15:35:06.061+0000] {processor.py:914} INFO - Processing file /home/airflow/.local/lib/python3.12/site-packages/airflow/example_dags/example_branch_python_dop_operator_3.py for tasks to queue
[2025-01-16T15:35:06.063+0000] {logging_mixin.py:190} INFO - [2025-01-16T15:35:06.063+0000] {dagbag.py:588} INFO - Filling up the DagBag from /home/airflow/.local/lib/python3.12/site-packages/airflow/example_dags/example_branch_python_dop_operator_3.py
[2025-01-16T15:35:06.073+0000] {processor.py:925} INFO - DAG(s) 'example_branch_dop_operator_v3' retrieved from /home/airflow/.local/lib/python3.12/site-packages/airflow/example_dags/example_branch_python_dop_operator_3.py
[2025-01-16T15:35:06.090+0000] {logging_mixin.py:190} INFO - [2025-01-16T15:35:06.089+0000] {dag.py:3239} INFO - Sync 1 DAGs
[2025-01-16T15:35:06.115+0000] {logging_mixin.py:190} INFO - [2025-01-16T15:35:06.115+0000] {dag.py:4180} INFO - Setting next_dagrun for example_branch_dop_operator_v3 to 2025-01-16 15:34:00+00:00, run_after=2025-01-16 15:35:00+00:00
[2025-01-16T15:35:06.133+0000] {processor.py:208} INFO - Processing /home/airflow/.local/lib/python3.12/site-packages/airflow/example_dags/example_branch_python_dop_operator_3.py took 0.077 seconds
[2025-01-16T15:35:36.353+0000] {processor.py:186} INFO - Started process (PID=1218) to work on /home/airflow/.local/lib/python3.12/site-packages/airflow/example_dags/example_branch_python_dop_operator_3.py
[2025-01-16T15:35:36.354+0000] {processor.py:914} INFO - Processing file /home/airflow/.local/lib/python3.12/site-packages/airflow/example_dags/example_branch_python_dop_operator_3.py for tasks to queue
[2025-01-16T15:35:36.356+0000] {logging_mixin.py:190} INFO - [2025-01-16T15:35:36.355+0000] {dagbag.py:588} INFO - Filling up the DagBag from /home/airflow/.local/lib/python3.12/site-packages/airflow/example_dags/example_branch_python_dop_operator_3.py
[2025-01-16T15:35:36.364+0000] {processor.py:925} INFO - DAG(s) 'example_branch_dop_operator_v3' retrieved from /home/airflow/.local/lib/python3.12/site-packages/airflow/example_dags/example_branch_python_dop_operator_3.py
[2025-01-16T15:35:36.379+0000] {logging_mixin.py:190} INFO - [2025-01-16T15:35:36.379+0000] {dag.py:3239} INFO - Sync 1 DAGs
[2025-01-16T15:35:36.399+0000] {logging_mixin.py:190} INFO - [2025-01-16T15:35:36.398+0000] {dag.py:4180} INFO - Setting next_dagrun for example_branch_dop_operator_v3 to 2025-01-16 15:34:00+00:00, run_after=2025-01-16 15:35:00+00:00
[2025-01-16T15:35:36.413+0000] {processor.py:208} INFO - Processing /home/airflow/.local/lib/python3.12/site-packages/airflow/example_dags/example_branch_python_dop_operator_3.py took 0.066 seconds
[2025-01-16T15:36:07.932+0000] {processor.py:186} INFO - Started process (PID=1512) to work on /home/airflow/.local/lib/python3.12/site-packages/airflow/example_dags/example_branch_python_dop_operator_3.py
[2025-01-16T15:36:07.933+0000] {processor.py:914} INFO - Processing file /home/airflow/.local/lib/python3.12/site-packages/airflow/example_dags/example_branch_python_dop_operator_3.py for tasks to queue
[2025-01-16T15:36:07.935+0000] {logging_mixin.py:190} INFO - [2025-01-16T15:36:07.934+0000] {dagbag.py:588} INFO - Filling up the DagBag from /home/airflow/.local/lib/python3.12/site-packages/airflow/example_dags/example_branch_python_dop_operator_3.py
[2025-01-16T15:36:07.945+0000] {processor.py:925} INFO - DAG(s) 'example_branch_dop_operator_v3' retrieved from /home/airflow/.local/lib/python3.12/site-packages/airflow/example_dags/example_branch_python_dop_operator_3.py
[2025-01-16T15:36:07.961+0000] {logging_mixin.py:190} INFO - [2025-01-16T15:36:07.961+0000] {dag.py:3239} INFO - Sync 1 DAGs
[2025-01-16T15:36:07.986+0000] {logging_mixin.py:190} INFO - [2025-01-16T15:36:07.986+0000] {dag.py:4180} INFO - Setting next_dagrun for example_branch_dop_operator_v3 to 2025-01-16 15:35:00+00:00, run_after=2025-01-16 15:36:00+00:00
[2025-01-16T15:36:08.007+0000] {processor.py:208} INFO - Processing /home/airflow/.local/lib/python3.12/site-packages/airflow/example_dags/example_branch_python_dop_operator_3.py took 0.079 seconds
[2025-01-16T15:36:38.977+0000] {processor.py:186} INFO - Started process (PID=1810) to work on /home/airflow/.local/lib/python3.12/site-packages/airflow/example_dags/example_branch_python_dop_operator_3.py
[2025-01-16T15:36:38.977+0000] {processor.py:914} INFO - Processing file /home/airflow/.local/lib/python3.12/site-packages/airflow/example_dags/example_branch_python_dop_operator_3.py for tasks to queue
[2025-01-16T15:36:38.979+0000] {logging_mixin.py:190} INFO - [2025-01-16T15:36:38.979+0000] {dagbag.py:588} INFO - Filling up the DagBag from /home/airflow/.local/lib/python3.12/site-packages/airflow/example_dags/example_branch_python_dop_operator_3.py
[2025-01-16T15:36:38.988+0000] {processor.py:925} INFO - DAG(s) 'example_branch_dop_operator_v3' retrieved from /home/airflow/.local/lib/python3.12/site-packages/airflow/example_dags/example_branch_python_dop_operator_3.py
[2025-01-16T15:36:39.003+0000] {logging_mixin.py:190} INFO - [2025-01-16T15:36:39.003+0000] {dag.py:3239} INFO - Sync 1 DAGs
[2025-01-16T15:36:39.024+0000] {logging_mixin.py:190} INFO - [2025-01-16T15:36:39.024+0000] {dag.py:4180} INFO - Setting next_dagrun for example_branch_dop_operator_v3 to 2025-01-16 15:35:00+00:00, run_after=2025-01-16 15:36:00+00:00
[2025-01-16T15:36:39.040+0000] {processor.py:208} INFO - Processing /home/airflow/.local/lib/python3.12/site-packages/airflow/example_dags/example_branch_python_dop_operator_3.py took 0.068 seconds
[2025-01-16T15:37:10.935+0000] {processor.py:186} INFO - Started process (PID=2109) to work on /home/airflow/.local/lib/python3.12/site-packages/airflow/example_dags/example_branch_python_dop_operator_3.py
[2025-01-16T15:37:10.935+0000] {processor.py:914} INFO - Processing file /home/airflow/.local/lib/python3.12/site-packages/airflow/example_dags/example_branch_python_dop_operator_3.py for tasks to queue
[2025-01-16T15:37:10.937+0000] {logging_mixin.py:190} INFO - [2025-01-16T15:37:10.937+0000] {dagbag.py:588} INFO - Filling up the DagBag from /home/airflow/.local/lib/python3.12/site-packages/airflow/example_dags/example_branch_python_dop_operator_3.py
[2025-01-16T15:37:10.945+0000] {processor.py:925} INFO - DAG(s) 'example_branch_dop_operator_v3' retrieved from /home/airflow/.local/lib/python3.12/site-packages/airflow/example_dags/example_branch_python_dop_operator_3.py
[2025-01-16T15:37:10.960+0000] {logging_mixin.py:190} INFO - [2025-01-16T15:37:10.960+0000] {dag.py:3239} INFO - Sync 1 DAGs
[2025-01-16T15:37:10.981+0000] {logging_mixin.py:190} INFO - [2025-01-16T15:37:10.981+0000] {dag.py:4180} INFO - Setting next_dagrun for example_branch_dop_operator_v3 to 2025-01-16 15:36:00+00:00, run_after=2025-01-16 15:37:00+00:00
[2025-01-16T15:37:10.997+0000] {processor.py:208} INFO - Processing /home/airflow/.local/lib/python3.12/site-packages/airflow/example_dags/example_branch_python_dop_operator_3.py took 0.066 seconds
[2025-01-16T15:37:41.731+0000] {processor.py:186} INFO - Started process (PID=2405) to work on /home/airflow/.local/lib/python3.12/site-packages/airflow/example_dags/example_branch_python_dop_operator_3.py
[2025-01-16T15:37:41.731+0000] {processor.py:914} INFO - Processing file /home/airflow/.local/lib/python3.12/site-packages/airflow/example_dags/example_branch_python_dop_operator_3.py for tasks to queue
[2025-01-16T15:37:41.733+0000] {logging_mixin.py:190} INFO - [2025-01-16T15:37:41.733+0000] {dagbag.py:588} INFO - Filling up the DagBag from /home/airflow/.local/lib/python3.12/site-packages/airflow/example_dags/example_branch_python_dop_operator_3.py
[2025-01-16T15:37:41.741+0000] {processor.py:925} INFO - DAG(s) 'example_branch_dop_operator_v3' retrieved from /home/airflow/.local/lib/python3.12/site-packages/airflow/example_dags/example_branch_python_dop_operator_3.py
[2025-01-16T15:37:41.755+0000] {logging_mixin.py:190} INFO - [2025-01-16T15:37:41.755+0000] {dag.py:3239} INFO - Sync 1 DAGs
[2025-01-16T15:37:41.774+0000] {logging_mixin.py:190} INFO - [2025-01-16T15:37:41.774+0000] {dag.py:4180} INFO - Setting next_dagrun for example_branch_dop_operator_v3 to 2025-01-16 15:36:00+00:00, run_after=2025-01-16 15:37:00+00:00
[2025-01-16T15:37:41.789+0000] {processor.py:208} INFO - Processing /home/airflow/.local/lib/python3.12/site-packages/airflow/example_dags/example_branch_python_dop_operator_3.py took 0.063 seconds
[2025-01-16T15:38:12.391+0000] {processor.py:186} INFO - Started process (PID=2701) to work on /home/airflow/.local/lib/python3.12/site-packages/airflow/example_dags/example_branch_python_dop_operator_3.py
[2025-01-16T15:38:12.392+0000] {processor.py:914} INFO - Processing file /home/airflow/.local/lib/python3.12/site-packages/airflow/example_dags/example_branch_python_dop_operator_3.py for tasks to queue
[2025-01-16T15:38:12.394+0000] {logging_mixin.py:190} INFO - [2025-01-16T15:38:12.394+0000] {dagbag.py:588} INFO - Filling up the DagBag from /home/airflow/.local/lib/python3.12/site-packages/airflow/example_dags/example_branch_python_dop_operator_3.py
[2025-01-16T15:38:12.403+0000] {processor.py:925} INFO - DAG(s) 'example_branch_dop_operator_v3' retrieved from /home/airflow/.local/lib/python3.12/site-packages/airflow/example_dags/example_branch_python_dop_operator_3.py
[2025-01-16T15:38:12.419+0000] {logging_mixin.py:190} INFO - [2025-01-16T15:38:12.419+0000] {dag.py:3239} INFO - Sync 1 DAGs
[2025-01-16T15:38:12.444+0000] {logging_mixin.py:190} INFO - [2025-01-16T15:38:12.444+0000] {dag.py:4180} INFO - Setting next_dagrun for example_branch_dop_operator_v3 to 2025-01-16 15:37:00+00:00, run_after=2025-01-16 15:38:00+00:00
[2025-01-16T15:38:12.462+0000] {processor.py:208} INFO - Processing /home/airflow/.local/lib/python3.12/site-packages/airflow/example_dags/example_branch_python_dop_operator_3.py took 0.077 seconds
[2025-01-16T15:38:43.800+0000] {processor.py:186} INFO - Started process (PID=2997) to work on /home/airflow/.local/lib/python3.12/site-packages/airflow/example_dags/example_branch_python_dop_operator_3.py
[2025-01-16T15:38:43.801+0000] {processor.py:914} INFO - Processing file /home/airflow/.local/lib/python3.12/site-packages/airflow/example_dags/example_branch_python_dop_operator_3.py for tasks to queue
[2025-01-16T15:38:43.802+0000] {logging_mixin.py:190} INFO - [2025-01-16T15:38:43.802+0000] {dagbag.py:588} INFO - Filling up the DagBag from /home/airflow/.local/lib/python3.12/site-packages/airflow/example_dags/example_branch_python_dop_operator_3.py
[2025-01-16T15:38:43.810+0000] {processor.py:925} INFO - DAG(s) 'example_branch_dop_operator_v3' retrieved from /home/airflow/.local/lib/python3.12/site-packages/airflow/example_dags/example_branch_python_dop_operator_3.py
[2025-01-16T15:38:43.825+0000] {logging_mixin.py:190} INFO - [2025-01-16T15:38:43.825+0000] {dag.py:3239} INFO - Sync 1 DAGs
[2025-01-16T15:38:43.844+0000] {logging_mixin.py:190} INFO - [2025-01-16T15:38:43.843+0000] {dag.py:4180} INFO - Setting next_dagrun for example_branch_dop_operator_v3 to 2025-01-16 15:37:00+00:00, run_after=2025-01-16 15:38:00+00:00
[2025-01-16T15:38:43.859+0000] {processor.py:208} INFO - Processing /home/airflow/.local/lib/python3.12/site-packages/airflow/example_dags/example_branch_python_dop_operator_3.py took 0.063 seconds
[2025-01-16T15:39:15.273+0000] {processor.py:186} INFO - Started process (PID=3295) to work on /home/airflow/.local/lib/python3.12/site-packages/airflow/example_dags/example_branch_python_dop_operator_3.py
[2025-01-16T15:39:15.273+0000] {processor.py:914} INFO - Processing file /home/airflow/.local/lib/python3.12/site-packages/airflow/example_dags/example_branch_python_dop_operator_3.py for tasks to queue
[2025-01-16T15:39:15.275+0000] {logging_mixin.py:190} INFO - [2025-01-16T15:39:15.275+0000] {dagbag.py:588} INFO - Filling up the DagBag from /home/airflow/.local/lib/python3.12/site-packages/airflow/example_dags/example_branch_python_dop_operator_3.py
[2025-01-16T15:39:15.282+0000] {processor.py:925} INFO - DAG(s) 'example_branch_dop_operator_v3' retrieved from /home/airflow/.local/lib/python3.12/site-packages/airflow/example_dags/example_branch_python_dop_operator_3.py
[2025-01-16T15:39:15.297+0000] {logging_mixin.py:190} INFO - [2025-01-16T15:39:15.296+0000] {dag.py:3239} INFO - Sync 1 DAGs
[2025-01-16T15:39:15.316+0000] {logging_mixin.py:190} INFO - [2025-01-16T15:39:15.315+0000] {dag.py:4180} INFO - Setting next_dagrun for example_branch_dop_operator_v3 to 2025-01-16 15:38:00+00:00, run_after=2025-01-16 15:39:00+00:00
[2025-01-16T15:39:15.332+0000] {processor.py:208} INFO - Processing /home/airflow/.local/lib/python3.12/site-packages/airflow/example_dags/example_branch_python_dop_operator_3.py took 0.064 seconds
[2025-01-16T15:39:45.495+0000] {processor.py:186} INFO - Started process (PID=3589) to work on /home/airflow/.local/lib/python3.12/site-packages/airflow/example_dags/example_branch_python_dop_operator_3.py
[2025-01-16T15:39:45.496+0000] {processor.py:914} INFO - Processing file /home/airflow/.local/lib/python3.12/site-packages/airflow/example_dags/example_branch_python_dop_operator_3.py for tasks to queue
[2025-01-16T15:39:45.497+0000] {logging_mixin.py:190} INFO - [2025-01-16T15:39:45.497+0000] {dagbag.py:588} INFO - Filling up the DagBag from /home/airflow/.local/lib/python3.12/site-packages/airflow/example_dags/example_branch_python_dop_operator_3.py
[2025-01-16T15:39:45.505+0000] {processor.py:925} INFO - DAG(s) 'example_branch_dop_operator_v3' retrieved from /home/airflow/.local/lib/python3.12/site-packages/airflow/example_dags/example_branch_python_dop_operator_3.py
[2025-01-16T15:39:45.519+0000] {logging_mixin.py:190} INFO - [2025-01-16T15:39:45.519+0000] {dag.py:3239} INFO - Sync 1 DAGs
[2025-01-16T15:39:45.538+0000] {logging_mixin.py:190} INFO - [2025-01-16T15:39:45.538+0000] {dag.py:4180} INFO - Setting next_dagrun for example_branch_dop_operator_v3 to 2025-01-16 15:38:00+00:00, run_after=2025-01-16 15:39:00+00:00
[2025-01-16T15:39:45.553+0000] {processor.py:208} INFO - Processing /home/airflow/.local/lib/python3.12/site-packages/airflow/example_dags/example_branch_python_dop_operator_3.py took 0.062 seconds
[2025-01-16T15:40:16.824+0000] {processor.py:186} INFO - Started process (PID=3885) to work on /home/airflow/.local/lib/python3.12/site-packages/airflow/example_dags/example_branch_python_dop_operator_3.py
[2025-01-16T15:40:16.825+0000] {processor.py:914} INFO - Processing file /home/airflow/.local/lib/python3.12/site-packages/airflow/example_dags/example_branch_python_dop_operator_3.py for tasks to queue
[2025-01-16T15:40:16.827+0000] {logging_mixin.py:190} INFO - [2025-01-16T15:40:16.827+0000] {dagbag.py:588} INFO - Filling up the DagBag from /home/airflow/.local/lib/python3.12/site-packages/airflow/example_dags/example_branch_python_dop_operator_3.py
[2025-01-16T15:40:16.839+0000] {processor.py:925} INFO - DAG(s) 'example_branch_dop_operator_v3' retrieved from /home/airflow/.local/lib/python3.12/site-packages/airflow/example_dags/example_branch_python_dop_operator_3.py
[2025-01-16T15:40:16.860+0000] {logging_mixin.py:190} INFO - [2025-01-16T15:40:16.860+0000] {dag.py:3239} INFO - Sync 1 DAGs
[2025-01-16T15:40:16.884+0000] {logging_mixin.py:190} INFO - [2025-01-16T15:40:16.883+0000] {dag.py:4180} INFO - Setting next_dagrun for example_branch_dop_operator_v3 to 2025-01-16 15:39:00+00:00, run_after=2025-01-16 15:40:00+00:00
[2025-01-16T15:40:16.907+0000] {processor.py:208} INFO - Processing /home/airflow/.local/lib/python3.12/site-packages/airflow/example_dags/example_branch_python_dop_operator_3.py took 0.089 seconds
[2025-01-16T15:40:48.825+0000] {processor.py:186} INFO - Started process (PID=4181) to work on /home/airflow/.local/lib/python3.12/site-packages/airflow/example_dags/example_branch_python_dop_operator_3.py
[2025-01-16T15:40:48.827+0000] {processor.py:914} INFO - Processing file /home/airflow/.local/lib/python3.12/site-packages/airflow/example_dags/example_branch_python_dop_operator_3.py for tasks to queue
[2025-01-16T15:40:48.828+0000] {logging_mixin.py:190} INFO - [2025-01-16T15:40:48.828+0000] {dagbag.py:588} INFO - Filling up the DagBag from /home/airflow/.local/lib/python3.12/site-packages/airflow/example_dags/example_branch_python_dop_operator_3.py
[2025-01-16T15:40:48.836+0000] {processor.py:925} INFO - DAG(s) 'example_branch_dop_operator_v3' retrieved from /home/airflow/.local/lib/python3.12/site-packages/airflow/example_dags/example_branch_python_dop_operator_3.py
[2025-01-16T15:40:48.852+0000] {logging_mixin.py:190} INFO - [2025-01-16T15:40:48.852+0000] {dag.py:3239} INFO - Sync 1 DAGs
[2025-01-16T15:40:48.873+0000] {logging_mixin.py:190} INFO - [2025-01-16T15:40:48.873+0000] {dag.py:4180} INFO - Setting next_dagrun for example_branch_dop_operator_v3 to 2025-01-16 15:39:00+00:00, run_after=2025-01-16 15:40:00+00:00
[2025-01-16T15:40:48.889+0000] {processor.py:208} INFO - Processing /home/airflow/.local/lib/python3.12/site-packages/airflow/example_dags/example_branch_python_dop_operator_3.py took 0.068 seconds
[2025-01-16T15:41:19.457+0000] {processor.py:186} INFO - Started process (PID=4477) to work on /home/airflow/.local/lib/python3.12/site-packages/airflow/example_dags/example_branch_python_dop_operator_3.py
[2025-01-16T15:41:19.458+0000] {processor.py:914} INFO - Processing file /home/airflow/.local/lib/python3.12/site-packages/airflow/example_dags/example_branch_python_dop_operator_3.py for tasks to queue
[2025-01-16T15:41:19.459+0000] {logging_mixin.py:190} INFO - [2025-01-16T15:41:19.459+0000] {dagbag.py:588} INFO - Filling up the DagBag from /home/airflow/.local/lib/python3.12/site-packages/airflow/example_dags/example_branch_python_dop_operator_3.py
[2025-01-16T15:41:19.466+0000] {processor.py:925} INFO - DAG(s) 'example_branch_dop_operator_v3' retrieved from /home/airflow/.local/lib/python3.12/site-packages/airflow/example_dags/example_branch_python_dop_operator_3.py
[2025-01-16T15:41:19.481+0000] {logging_mixin.py:190} INFO - [2025-01-16T15:41:19.481+0000] {dag.py:3239} INFO - Sync 1 DAGs
[2025-01-16T15:41:19.500+0000] {logging_mixin.py:190} INFO - [2025-01-16T15:41:19.500+0000] {dag.py:4180} INFO - Setting next_dagrun for example_branch_dop_operator_v3 to 2025-01-16 15:40:00+00:00, run_after=2025-01-16 15:41:00+00:00
[2025-01-16T15:41:19.514+0000] {processor.py:208} INFO - Processing /home/airflow/.local/lib/python3.12/site-packages/airflow/example_dags/example_branch_python_dop_operator_3.py took 0.061 seconds
[2025-01-16T15:41:50.984+0000] {processor.py:186} INFO - Started process (PID=4773) to work on /home/airflow/.local/lib/python3.12/site-packages/airflow/example_dags/example_branch_python_dop_operator_3.py
[2025-01-16T15:41:50.985+0000] {processor.py:914} INFO - Processing file /home/airflow/.local/lib/python3.12/site-packages/airflow/example_dags/example_branch_python_dop_operator_3.py for tasks to queue
[2025-01-16T15:41:50.986+0000] {logging_mixin.py:190} INFO - [2025-01-16T15:41:50.986+0000] {dagbag.py:588} INFO - Filling up the DagBag from /home/airflow/.local/lib/python3.12/site-packages/airflow/example_dags/example_branch_python_dop_operator_3.py
[2025-01-16T15:41:50.993+0000] {processor.py:925} INFO - DAG(s) 'example_branch_dop_operator_v3' retrieved from /home/airflow/.local/lib/python3.12/site-packages/airflow/example_dags/example_branch_python_dop_operator_3.py
[2025-01-16T15:41:51.007+0000] {logging_mixin.py:190} INFO - [2025-01-16T15:41:51.007+0000] {dag.py:3239} INFO - Sync 1 DAGs
[2025-01-16T15:41:51.028+0000] {logging_mixin.py:190} INFO - [2025-01-16T15:41:51.028+0000] {dag.py:4180} INFO - Setting next_dagrun for example_branch_dop_operator_v3 to 2025-01-16 15:40:00+00:00, run_after=2025-01-16 15:41:00+00:00
[2025-01-16T15:41:51.041+0000] {processor.py:208} INFO - Processing /home/airflow/.local/lib/python3.12/site-packages/airflow/example_dags/example_branch_python_dop_operator_3.py took 0.062 seconds
[2025-01-16T15:42:22.377+0000] {processor.py:186} INFO - Started process (PID=5069) to work on /home/airflow/.local/lib/python3.12/site-packages/airflow/example_dags/example_branch_python_dop_operator_3.py
[2025-01-16T15:42:22.377+0000] {processor.py:914} INFO - Processing file /home/airflow/.local/lib/python3.12/site-packages/airflow/example_dags/example_branch_python_dop_operator_3.py for tasks to queue
[2025-01-16T15:42:22.379+0000] {logging_mixin.py:190} INFO - [2025-01-16T15:42:22.379+0000] {dagbag.py:588} INFO - Filling up the DagBag from /home/airflow/.local/lib/python3.12/site-packages/airflow/example_dags/example_branch_python_dop_operator_3.py
[2025-01-16T15:42:22.387+0000] {processor.py:925} INFO - DAG(s) 'example_branch_dop_operator_v3' retrieved from /home/airflow/.local/lib/python3.12/site-packages/airflow/example_dags/example_branch_python_dop_operator_3.py
[2025-01-16T15:42:22.401+0000] {logging_mixin.py:190} INFO - [2025-01-16T15:42:22.401+0000] {dag.py:3239} INFO - Sync 1 DAGs
[2025-01-16T15:42:22.421+0000] {logging_mixin.py:190} INFO - [2025-01-16T15:42:22.420+0000] {dag.py:4180} INFO - Setting next_dagrun for example_branch_dop_operator_v3 to 2025-01-16 15:41:00+00:00, run_after=2025-01-16 15:42:00+00:00
[2025-01-16T15:42:22.433+0000] {processor.py:208} INFO - Processing /home/airflow/.local/lib/python3.12/site-packages/airflow/example_dags/example_branch_python_dop_operator_3.py took 0.061 seconds
[2025-01-16T15:42:53.572+0000] {processor.py:186} INFO - Started process (PID=5365) to work on /home/airflow/.local/lib/python3.12/site-packages/airflow/example_dags/example_branch_python_dop_operator_3.py
[2025-01-16T15:42:53.573+0000] {processor.py:914} INFO - Processing file /home/airflow/.local/lib/python3.12/site-packages/airflow/example_dags/example_branch_python_dop_operator_3.py for tasks to queue
[2025-01-16T15:42:53.574+0000] {logging_mixin.py:190} INFO - [2025-01-16T15:42:53.574+0000] {dagbag.py:588} INFO - Filling up the DagBag from /home/airflow/.local/lib/python3.12/site-packages/airflow/example_dags/example_branch_python_dop_operator_3.py
[2025-01-16T15:42:53.583+0000] {processor.py:925} INFO - DAG(s) 'example_branch_dop_operator_v3' retrieved from /home/airflow/.local/lib/python3.12/site-packages/airflow/example_dags/example_branch_python_dop_operator_3.py
[2025-01-16T15:42:53.598+0000] {logging_mixin.py:190} INFO - [2025-01-16T15:42:53.598+0000] {dag.py:3239} INFO - Sync 1 DAGs
[2025-01-16T15:42:53.618+0000] {logging_mixin.py:190} INFO - [2025-01-16T15:42:53.618+0000] {dag.py:4180} INFO - Setting next_dagrun for example_branch_dop_operator_v3 to 2025-01-16 15:41:00+00:00, run_after=2025-01-16 15:42:00+00:00
[2025-01-16T15:42:53.631+0000] {processor.py:208} INFO - Processing /home/airflow/.local/lib/python3.12/site-packages/airflow/example_dags/example_branch_python_dop_operator_3.py took 0.063 seconds
[2025-01-16T15:43:24.663+0000] {processor.py:186} INFO - Started process (PID=5661) to work on /home/airflow/.local/lib/python3.12/site-packages/airflow/example_dags/example_branch_python_dop_operator_3.py
[2025-01-16T15:43:24.664+0000] {processor.py:914} INFO - Processing file /home/airflow/.local/lib/python3.12/site-packages/airflow/example_dags/example_branch_python_dop_operator_3.py for tasks to queue
[2025-01-16T15:43:24.666+0000] {logging_mixin.py:190} INFO - [2025-01-16T15:43:24.665+0000] {dagbag.py:588} INFO - Filling up the DagBag from /home/airflow/.local/lib/python3.12/site-packages/airflow/example_dags/example_branch_python_dop_operator_3.py
[2025-01-16T15:43:24.673+0000] {processor.py:925} INFO - DAG(s) 'example_branch_dop_operator_v3' retrieved from /home/airflow/.local/lib/python3.12/site-packages/airflow/example_dags/example_branch_python_dop_operator_3.py
[2025-01-16T15:43:24.688+0000] {logging_mixin.py:190} INFO - [2025-01-16T15:43:24.688+0000] {dag.py:3239} INFO - Sync 1 DAGs
[2025-01-16T15:43:24.707+0000] {logging_mixin.py:190} INFO - [2025-01-16T15:43:24.707+0000] {dag.py:4180} INFO - Setting next_dagrun for example_branch_dop_operator_v3 to 2025-01-16 15:42:00+00:00, run_after=2025-01-16 15:43:00+00:00
[2025-01-16T15:43:24.721+0000] {processor.py:208} INFO - Processing /home/airflow/.local/lib/python3.12/site-packages/airflow/example_dags/example_branch_python_dop_operator_3.py took 0.062 seconds
[2025-01-16T15:43:56.590+0000] {processor.py:186} INFO - Started process (PID=5959) to work on /home/airflow/.local/lib/python3.12/site-packages/airflow/example_dags/example_branch_python_dop_operator_3.py
[2025-01-16T15:43:56.591+0000] {processor.py:914} INFO - Processing file /home/airflow/.local/lib/python3.12/site-packages/airflow/example_dags/example_branch_python_dop_operator_3.py for tasks to queue
[2025-01-16T15:43:56.592+0000] {logging_mixin.py:190} INFO - [2025-01-16T15:43:56.592+0000] {dagbag.py:588} INFO - Filling up the DagBag from /home/airflow/.local/lib/python3.12/site-packages/airflow/example_dags/example_branch_python_dop_operator_3.py
[2025-01-16T15:43:56.600+0000] {processor.py:925} INFO - DAG(s) 'example_branch_dop_operator_v3' retrieved from /home/airflow/.local/lib/python3.12/site-packages/airflow/example_dags/example_branch_python_dop_operator_3.py
[2025-01-16T15:43:56.618+0000] {logging_mixin.py:190} INFO - [2025-01-16T15:43:56.618+0000] {dag.py:3239} INFO - Sync 1 DAGs
[2025-01-16T15:43:56.638+0000] {logging_mixin.py:190} INFO - [2025-01-16T15:43:56.637+0000] {dag.py:4180} INFO - Setting next_dagrun for example_branch_dop_operator_v3 to 2025-01-16 15:42:00+00:00, run_after=2025-01-16 15:43:00+00:00
[2025-01-16T15:43:56.651+0000] {processor.py:208} INFO - Processing /home/airflow/.local/lib/python3.12/site-packages/airflow/example_dags/example_branch_python_dop_operator_3.py took 0.066 seconds
[2025-01-16T15:44:27.497+0000] {processor.py:186} INFO - Started process (PID=6253) to work on /home/airflow/.local/lib/python3.12/site-packages/airflow/example_dags/example_branch_python_dop_operator_3.py
[2025-01-16T15:44:27.497+0000] {processor.py:914} INFO - Processing file /home/airflow/.local/lib/python3.12/site-packages/airflow/example_dags/example_branch_python_dop_operator_3.py for tasks to queue
[2025-01-16T15:44:27.499+0000] {logging_mixin.py:190} INFO - [2025-01-16T15:44:27.499+0000] {dagbag.py:588} INFO - Filling up the DagBag from /home/airflow/.local/lib/python3.12/site-packages/airflow/example_dags/example_branch_python_dop_operator_3.py
[2025-01-16T15:44:27.507+0000] {processor.py:925} INFO - DAG(s) 'example_branch_dop_operator_v3' retrieved from /home/airflow/.local/lib/python3.12/site-packages/airflow/example_dags/example_branch_python_dop_operator_3.py
[2025-01-16T15:44:27.521+0000] {logging_mixin.py:190} INFO - [2025-01-16T15:44:27.521+0000] {dag.py:3239} INFO - Sync 1 DAGs
[2025-01-16T15:44:27.541+0000] {logging_mixin.py:190} INFO - [2025-01-16T15:44:27.541+0000] {dag.py:4180} INFO - Setting next_dagrun for example_branch_dop_operator_v3 to 2025-01-16 15:43:00+00:00, run_after=2025-01-16 15:44:00+00:00
[2025-01-16T15:44:27.554+0000] {processor.py:208} INFO - Processing /home/airflow/.local/lib/python3.12/site-packages/airflow/example_dags/example_branch_python_dop_operator_3.py took 0.061 seconds
[2025-01-16T15:44:58.710+0000] {processor.py:186} INFO - Started process (PID=6549) to work on /home/airflow/.local/lib/python3.12/site-packages/airflow/example_dags/example_branch_python_dop_operator_3.py
[2025-01-16T15:44:58.711+0000] {processor.py:914} INFO - Processing file /home/airflow/.local/lib/python3.12/site-packages/airflow/example_dags/example_branch_python_dop_operator_3.py for tasks to queue
[2025-01-16T15:44:58.713+0000] {logging_mixin.py:190} INFO - [2025-01-16T15:44:58.712+0000] {dagbag.py:588} INFO - Filling up the DagBag from /home/airflow/.local/lib/python3.12/site-packages/airflow/example_dags/example_branch_python_dop_operator_3.py
[2025-01-16T15:44:58.720+0000] {processor.py:925} INFO - DAG(s) 'example_branch_dop_operator_v3' retrieved from /home/airflow/.local/lib/python3.12/site-packages/airflow/example_dags/example_branch_python_dop_operator_3.py
[2025-01-16T15:44:58.734+0000] {logging_mixin.py:190} INFO - [2025-01-16T15:44:58.734+0000] {dag.py:3239} INFO - Sync 1 DAGs
[2025-01-16T15:44:58.754+0000] {logging_mixin.py:190} INFO - [2025-01-16T15:44:58.754+0000] {dag.py:4180} INFO - Setting next_dagrun for example_branch_dop_operator_v3 to 2025-01-16 15:43:00+00:00, run_after=2025-01-16 15:44:00+00:00
[2025-01-16T15:44:58.767+0000] {processor.py:208} INFO - Processing /home/airflow/.local/lib/python3.12/site-packages/airflow/example_dags/example_branch_python_dop_operator_3.py took 0.061 seconds
[2025-01-16T15:45:29.894+0000] {processor.py:186} INFO - Started process (PID=6845) to work on /home/airflow/.local/lib/python3.12/site-packages/airflow/example_dags/example_branch_python_dop_operator_3.py
[2025-01-16T15:45:29.895+0000] {processor.py:914} INFO - Processing file /home/airflow/.local/lib/python3.12/site-packages/airflow/example_dags/example_branch_python_dop_operator_3.py for tasks to queue
[2025-01-16T15:45:29.897+0000] {logging_mixin.py:190} INFO - [2025-01-16T15:45:29.896+0000] {dagbag.py:588} INFO - Filling up the DagBag from /home/airflow/.local/lib/python3.12/site-packages/airflow/example_dags/example_branch_python_dop_operator_3.py
[2025-01-16T15:45:29.904+0000] {processor.py:925} INFO - DAG(s) 'example_branch_dop_operator_v3' retrieved from /home/airflow/.local/lib/python3.12/site-packages/airflow/example_dags/example_branch_python_dop_operator_3.py
[2025-01-16T15:45:29.919+0000] {logging_mixin.py:190} INFO - [2025-01-16T15:45:29.918+0000] {dag.py:3239} INFO - Sync 1 DAGs
[2025-01-16T15:45:29.938+0000] {logging_mixin.py:190} INFO - [2025-01-16T15:45:29.938+0000] {dag.py:4180} INFO - Setting next_dagrun for example_branch_dop_operator_v3 to 2025-01-16 15:44:00+00:00, run_after=2025-01-16 15:45:00+00:00
[2025-01-16T15:45:29.951+0000] {processor.py:208} INFO - Processing /home/airflow/.local/lib/python3.12/site-packages/airflow/example_dags/example_branch_python_dop_operator_3.py took 0.061 seconds
[2025-01-16T15:46:01.408+0000] {processor.py:186} INFO - Started process (PID=7147) to work on /home/airflow/.local/lib/python3.12/site-packages/airflow/example_dags/example_branch_python_dop_operator_3.py
[2025-01-16T15:46:01.409+0000] {processor.py:914} INFO - Processing file /home/airflow/.local/lib/python3.12/site-packages/airflow/example_dags/example_branch_python_dop_operator_3.py for tasks to queue
[2025-01-16T15:46:01.411+0000] {logging_mixin.py:190} INFO - [2025-01-16T15:46:01.411+0000] {dagbag.py:588} INFO - Filling up the DagBag from /home/airflow/.local/lib/python3.12/site-packages/airflow/example_dags/example_branch_python_dop_operator_3.py
[2025-01-16T15:46:01.419+0000] {processor.py:925} INFO - DAG(s) 'example_branch_dop_operator_v3' retrieved from /home/airflow/.local/lib/python3.12/site-packages/airflow/example_dags/example_branch_python_dop_operator_3.py
[2025-01-16T15:46:01.440+0000] {logging_mixin.py:190} INFO - [2025-01-16T15:46:01.440+0000] {dag.py:3239} INFO - Sync 1 DAGs
[2025-01-16T15:46:01.467+0000] {logging_mixin.py:190} INFO - [2025-01-16T15:46:01.467+0000] {dag.py:4180} INFO - Setting next_dagrun for example_branch_dop_operator_v3 to 2025-01-16 15:45:00+00:00, run_after=2025-01-16 15:46:00+00:00
[2025-01-16T15:46:01.483+0000] {processor.py:208} INFO - Processing /home/airflow/.local/lib/python3.12/site-packages/airflow/example_dags/example_branch_python_dop_operator_3.py took 0.082 seconds
[2025-01-16T15:46:32.602+0000] {processor.py:186} INFO - Started process (PID=7443) to work on /home/airflow/.local/lib/python3.12/site-packages/airflow/example_dags/example_branch_python_dop_operator_3.py
[2025-01-16T15:46:32.603+0000] {processor.py:914} INFO - Processing file /home/airflow/.local/lib/python3.12/site-packages/airflow/example_dags/example_branch_python_dop_operator_3.py for tasks to queue
[2025-01-16T15:46:32.605+0000] {logging_mixin.py:190} INFO - [2025-01-16T15:46:32.604+0000] {dagbag.py:588} INFO - Filling up the DagBag from /home/airflow/.local/lib/python3.12/site-packages/airflow/example_dags/example_branch_python_dop_operator_3.py
[2025-01-16T15:46:32.612+0000] {processor.py:925} INFO - DAG(s) 'example_branch_dop_operator_v3' retrieved from /home/airflow/.local/lib/python3.12/site-packages/airflow/example_dags/example_branch_python_dop_operator_3.py
[2025-01-16T15:46:32.627+0000] {logging_mixin.py:190} INFO - [2025-01-16T15:46:32.627+0000] {dag.py:3239} INFO - Sync 1 DAGs
[2025-01-16T15:46:32.648+0000] {logging_mixin.py:190} INFO - [2025-01-16T15:46:32.648+0000] {dag.py:4180} INFO - Setting next_dagrun for example_branch_dop_operator_v3 to 2025-01-16 15:45:00+00:00, run_after=2025-01-16 15:46:00+00:00
[2025-01-16T15:46:32.665+0000] {processor.py:208} INFO - Processing /home/airflow/.local/lib/python3.12/site-packages/airflow/example_dags/example_branch_python_dop_operator_3.py took 0.066 seconds
[2025-01-16T15:47:03.122+0000] {processor.py:186} INFO - Started process (PID=7734) to work on /home/airflow/.local/lib/python3.12/site-packages/airflow/example_dags/example_branch_python_dop_operator_3.py
[2025-01-16T15:47:03.123+0000] {processor.py:914} INFO - Processing file /home/airflow/.local/lib/python3.12/site-packages/airflow/example_dags/example_branch_python_dop_operator_3.py for tasks to queue
[2025-01-16T15:47:03.125+0000] {logging_mixin.py:190} INFO - [2025-01-16T15:47:03.125+0000] {dagbag.py:588} INFO - Filling up the DagBag from /home/airflow/.local/lib/python3.12/site-packages/airflow/example_dags/example_branch_python_dop_operator_3.py
[2025-01-16T15:47:03.134+0000] {processor.py:925} INFO - DAG(s) 'example_branch_dop_operator_v3' retrieved from /home/airflow/.local/lib/python3.12/site-packages/airflow/example_dags/example_branch_python_dop_operator_3.py
[2025-01-16T15:47:03.154+0000] {logging_mixin.py:190} INFO - [2025-01-16T15:47:03.154+0000] {dag.py:3239} INFO - Sync 1 DAGs
[2025-01-16T15:47:03.185+0000] {logging_mixin.py:190} INFO - [2025-01-16T15:47:03.185+0000] {dag.py:4180} INFO - Setting next_dagrun for example_branch_dop_operator_v3 to 2025-01-16 15:46:00+00:00, run_after=2025-01-16 15:47:00+00:00
[2025-01-16T15:47:03.202+0000] {processor.py:208} INFO - Processing /home/airflow/.local/lib/python3.12/site-packages/airflow/example_dags/example_branch_python_dop_operator_3.py took 0.084 seconds
[2025-01-16T15:47:34.079+0000] {processor.py:186} INFO - Started process (PID=8030) to work on /home/airflow/.local/lib/python3.12/site-packages/airflow/example_dags/example_branch_python_dop_operator_3.py
[2025-01-16T15:47:34.079+0000] {processor.py:914} INFO - Processing file /home/airflow/.local/lib/python3.12/site-packages/airflow/example_dags/example_branch_python_dop_operator_3.py for tasks to queue
[2025-01-16T15:47:34.081+0000] {logging_mixin.py:190} INFO - [2025-01-16T15:47:34.081+0000] {dagbag.py:588} INFO - Filling up the DagBag from /home/airflow/.local/lib/python3.12/site-packages/airflow/example_dags/example_branch_python_dop_operator_3.py
[2025-01-16T15:47:34.089+0000] {processor.py:925} INFO - DAG(s) 'example_branch_dop_operator_v3' retrieved from /home/airflow/.local/lib/python3.12/site-packages/airflow/example_dags/example_branch_python_dop_operator_3.py
[2025-01-16T15:47:34.104+0000] {logging_mixin.py:190} INFO - [2025-01-16T15:47:34.104+0000] {dag.py:3239} INFO - Sync 1 DAGs
[2025-01-16T15:47:34.123+0000] {logging_mixin.py:190} INFO - [2025-01-16T15:47:34.123+0000] {dag.py:4180} INFO - Setting next_dagrun for example_branch_dop_operator_v3 to 2025-01-16 15:46:00+00:00, run_after=2025-01-16 15:47:00+00:00
[2025-01-16T15:47:34.136+0000] {processor.py:208} INFO - Processing /home/airflow/.local/lib/python3.12/site-packages/airflow/example_dags/example_branch_python_dop_operator_3.py took 0.062 seconds
[2025-01-16T15:48:05.522+0000] {processor.py:186} INFO - Started process (PID=8326) to work on /home/airflow/.local/lib/python3.12/site-packages/airflow/example_dags/example_branch_python_dop_operator_3.py
[2025-01-16T15:48:05.523+0000] {processor.py:914} INFO - Processing file /home/airflow/.local/lib/python3.12/site-packages/airflow/example_dags/example_branch_python_dop_operator_3.py for tasks to queue
[2025-01-16T15:48:05.524+0000] {logging_mixin.py:190} INFO - [2025-01-16T15:48:05.524+0000] {dagbag.py:588} INFO - Filling up the DagBag from /home/airflow/.local/lib/python3.12/site-packages/airflow/example_dags/example_branch_python_dop_operator_3.py
[2025-01-16T15:48:05.532+0000] {processor.py:925} INFO - DAG(s) 'example_branch_dop_operator_v3' retrieved from /home/airflow/.local/lib/python3.12/site-packages/airflow/example_dags/example_branch_python_dop_operator_3.py
[2025-01-16T15:48:05.548+0000] {logging_mixin.py:190} INFO - [2025-01-16T15:48:05.548+0000] {dag.py:3239} INFO - Sync 1 DAGs
[2025-01-16T15:48:05.567+0000] {logging_mixin.py:190} INFO - [2025-01-16T15:48:05.567+0000] {dag.py:4180} INFO - Setting next_dagrun for example_branch_dop_operator_v3 to 2025-01-16 15:47:00+00:00, run_after=2025-01-16 15:48:00+00:00
[2025-01-16T15:48:05.580+0000] {processor.py:208} INFO - Processing /home/airflow/.local/lib/python3.12/site-packages/airflow/example_dags/example_branch_python_dop_operator_3.py took 0.064 seconds
[2025-01-16T15:48:36.365+0000] {processor.py:186} INFO - Started process (PID=8622) to work on /home/airflow/.local/lib/python3.12/site-packages/airflow/example_dags/example_branch_python_dop_operator_3.py
[2025-01-16T15:48:36.365+0000] {processor.py:914} INFO - Processing file /home/airflow/.local/lib/python3.12/site-packages/airflow/example_dags/example_branch_python_dop_operator_3.py for tasks to queue
[2025-01-16T15:48:36.367+0000] {logging_mixin.py:190} INFO - [2025-01-16T15:48:36.367+0000] {dagbag.py:588} INFO - Filling up the DagBag from /home/airflow/.local/lib/python3.12/site-packages/airflow/example_dags/example_branch_python_dop_operator_3.py
[2025-01-16T15:48:36.374+0000] {processor.py:925} INFO - DAG(s) 'example_branch_dop_operator_v3' retrieved from /home/airflow/.local/lib/python3.12/site-packages/airflow/example_dags/example_branch_python_dop_operator_3.py
[2025-01-16T15:48:36.390+0000] {logging_mixin.py:190} INFO - [2025-01-16T15:48:36.390+0000] {dag.py:3239} INFO - Sync 1 DAGs
[2025-01-16T15:48:36.412+0000] {logging_mixin.py:190} INFO - [2025-01-16T15:48:36.412+0000] {dag.py:4180} INFO - Setting next_dagrun for example_branch_dop_operator_v3 to 2025-01-16 15:47:00+00:00, run_after=2025-01-16 15:48:00+00:00
[2025-01-16T15:48:36.425+0000] {processor.py:208} INFO - Processing /home/airflow/.local/lib/python3.12/site-packages/airflow/example_dags/example_branch_python_dop_operator_3.py took 0.065 seconds
[2025-01-16T15:49:08.761+0000] {processor.py:186} INFO - Started process (PID=8923) to work on /home/airflow/.local/lib/python3.12/site-packages/airflow/example_dags/example_branch_python_dop_operator_3.py
[2025-01-16T15:49:08.762+0000] {processor.py:914} INFO - Processing file /home/airflow/.local/lib/python3.12/site-packages/airflow/example_dags/example_branch_python_dop_operator_3.py for tasks to queue
[2025-01-16T15:49:08.764+0000] {logging_mixin.py:190} INFO - [2025-01-16T15:49:08.763+0000] {dagbag.py:588} INFO - Filling up the DagBag from /home/airflow/.local/lib/python3.12/site-packages/airflow/example_dags/example_branch_python_dop_operator_3.py
[2025-01-16T15:49:08.772+0000] {processor.py:925} INFO - DAG(s) 'example_branch_dop_operator_v3' retrieved from /home/airflow/.local/lib/python3.12/site-packages/airflow/example_dags/example_branch_python_dop_operator_3.py
[2025-01-16T15:49:08.790+0000] {logging_mixin.py:190} INFO - [2025-01-16T15:49:08.789+0000] {dag.py:3239} INFO - Sync 1 DAGs
[2025-01-16T15:49:08.813+0000] {logging_mixin.py:190} INFO - [2025-01-16T15:49:08.813+0000] {dag.py:4180} INFO - Setting next_dagrun for example_branch_dop_operator_v3 to 2025-01-16 15:48:00+00:00, run_after=2025-01-16 15:49:00+00:00
[2025-01-16T15:49:08.828+0000] {processor.py:208} INFO - Processing /home/airflow/.local/lib/python3.12/site-packages/airflow/example_dags/example_branch_python_dop_operator_3.py took 0.073 seconds
[2025-01-16T15:49:39.504+0000] {processor.py:186} INFO - Started process (PID=9224) to work on /home/airflow/.local/lib/python3.12/site-packages/airflow/example_dags/example_branch_python_dop_operator_3.py
[2025-01-16T15:49:39.505+0000] {processor.py:914} INFO - Processing file /home/airflow/.local/lib/python3.12/site-packages/airflow/example_dags/example_branch_python_dop_operator_3.py for tasks to queue
[2025-01-16T15:49:39.507+0000] {logging_mixin.py:190} INFO - [2025-01-16T15:49:39.506+0000] {dagbag.py:588} INFO - Filling up the DagBag from /home/airflow/.local/lib/python3.12/site-packages/airflow/example_dags/example_branch_python_dop_operator_3.py
[2025-01-16T15:49:39.514+0000] {processor.py:925} INFO - DAG(s) 'example_branch_dop_operator_v3' retrieved from /home/airflow/.local/lib/python3.12/site-packages/airflow/example_dags/example_branch_python_dop_operator_3.py
[2025-01-16T15:49:39.530+0000] {logging_mixin.py:190} INFO - [2025-01-16T15:49:39.529+0000] {dag.py:3239} INFO - Sync 1 DAGs
[2025-01-16T15:49:39.549+0000] {logging_mixin.py:190} INFO - [2025-01-16T15:49:39.549+0000] {dag.py:4180} INFO - Setting next_dagrun for example_branch_dop_operator_v3 to 2025-01-16 15:48:00+00:00, run_after=2025-01-16 15:49:00+00:00
[2025-01-16T15:49:39.569+0000] {processor.py:208} INFO - Processing /home/airflow/.local/lib/python3.12/site-packages/airflow/example_dags/example_branch_python_dop_operator_3.py took 0.070 seconds
[2025-01-16T15:50:10.208+0000] {processor.py:186} INFO - Started process (PID=9520) to work on /home/airflow/.local/lib/python3.12/site-packages/airflow/example_dags/example_branch_python_dop_operator_3.py
[2025-01-16T15:50:10.209+0000] {processor.py:914} INFO - Processing file /home/airflow/.local/lib/python3.12/site-packages/airflow/example_dags/example_branch_python_dop_operator_3.py for tasks to queue
[2025-01-16T15:50:10.212+0000] {logging_mixin.py:190} INFO - [2025-01-16T15:50:10.212+0000] {dagbag.py:588} INFO - Filling up the DagBag from /home/airflow/.local/lib/python3.12/site-packages/airflow/example_dags/example_branch_python_dop_operator_3.py
[2025-01-16T15:50:10.221+0000] {processor.py:925} INFO - DAG(s) 'example_branch_dop_operator_v3' retrieved from /home/airflow/.local/lib/python3.12/site-packages/airflow/example_dags/example_branch_python_dop_operator_3.py
[2025-01-16T15:50:10.241+0000] {logging_mixin.py:190} INFO - [2025-01-16T15:50:10.240+0000] {dag.py:3239} INFO - Sync 1 DAGs
[2025-01-16T15:50:10.263+0000] {logging_mixin.py:190} INFO - [2025-01-16T15:50:10.263+0000] {dag.py:4180} INFO - Setting next_dagrun for example_branch_dop_operator_v3 to 2025-01-16 15:49:00+00:00, run_after=2025-01-16 15:50:00+00:00
[2025-01-16T15:50:10.279+0000] {processor.py:208} INFO - Processing /home/airflow/.local/lib/python3.12/site-packages/airflow/example_dags/example_branch_python_dop_operator_3.py took 0.075 seconds
[2025-01-16T15:50:41.253+0000] {processor.py:186} INFO - Started process (PID=9811) to work on /home/airflow/.local/lib/python3.12/site-packages/airflow/example_dags/example_branch_python_dop_operator_3.py
[2025-01-16T15:50:41.254+0000] {processor.py:914} INFO - Processing file /home/airflow/.local/lib/python3.12/site-packages/airflow/example_dags/example_branch_python_dop_operator_3.py for tasks to queue
[2025-01-16T15:50:41.256+0000] {logging_mixin.py:190} INFO - [2025-01-16T15:50:41.256+0000] {dagbag.py:588} INFO - Filling up the DagBag from /home/airflow/.local/lib/python3.12/site-packages/airflow/example_dags/example_branch_python_dop_operator_3.py
[2025-01-16T15:50:41.267+0000] {processor.py:925} INFO - DAG(s) 'example_branch_dop_operator_v3' retrieved from /home/airflow/.local/lib/python3.12/site-packages/airflow/example_dags/example_branch_python_dop_operator_3.py
[2025-01-16T15:50:41.298+0000] {logging_mixin.py:190} INFO - [2025-01-16T15:50:41.298+0000] {dag.py:3239} INFO - Sync 1 DAGs
[2025-01-16T15:50:41.322+0000] {logging_mixin.py:190} INFO - [2025-01-16T15:50:41.322+0000] {dag.py:4180} INFO - Setting next_dagrun for example_branch_dop_operator_v3 to 2025-01-16 15:49:00+00:00, run_after=2025-01-16 15:50:00+00:00
[2025-01-16T15:50:41.339+0000] {processor.py:208} INFO - Processing /home/airflow/.local/lib/python3.12/site-packages/airflow/example_dags/example_branch_python_dop_operator_3.py took 0.091 seconds
[2025-01-16T15:51:12.323+0000] {processor.py:186} INFO - Started process (PID=10136) to work on /home/airflow/.local/lib/python3.12/site-packages/airflow/example_dags/example_branch_python_dop_operator_3.py
[2025-01-16T15:51:12.324+0000] {processor.py:914} INFO - Processing file /home/airflow/.local/lib/python3.12/site-packages/airflow/example_dags/example_branch_python_dop_operator_3.py for tasks to queue
[2025-01-16T15:51:12.326+0000] {logging_mixin.py:190} INFO - [2025-01-16T15:51:12.325+0000] {dagbag.py:588} INFO - Filling up the DagBag from /home/airflow/.local/lib/python3.12/site-packages/airflow/example_dags/example_branch_python_dop_operator_3.py
[2025-01-16T15:51:12.333+0000] {processor.py:925} INFO - DAG(s) 'example_branch_dop_operator_v3' retrieved from /home/airflow/.local/lib/python3.12/site-packages/airflow/example_dags/example_branch_python_dop_operator_3.py
[2025-01-16T15:51:12.347+0000] {logging_mixin.py:190} INFO - [2025-01-16T15:51:12.347+0000] {dag.py:3239} INFO - Sync 1 DAGs
[2025-01-16T15:51:12.365+0000] {logging_mixin.py:190} INFO - [2025-01-16T15:51:12.365+0000] {dag.py:4180} INFO - Setting next_dagrun for example_branch_dop_operator_v3 to 2025-01-16 15:50:00+00:00, run_after=2025-01-16 15:51:00+00:00
[2025-01-16T15:51:12.377+0000] {processor.py:208} INFO - Processing /home/airflow/.local/lib/python3.12/site-packages/airflow/example_dags/example_branch_python_dop_operator_3.py took 0.058 seconds
[2025-01-16T15:51:43.734+0000] {processor.py:186} INFO - Started process (PID=10437) to work on /home/airflow/.local/lib/python3.12/site-packages/airflow/example_dags/example_branch_python_dop_operator_3.py
[2025-01-16T15:51:43.735+0000] {processor.py:914} INFO - Processing file /home/airflow/.local/lib/python3.12/site-packages/airflow/example_dags/example_branch_python_dop_operator_3.py for tasks to queue
[2025-01-16T15:51:43.736+0000] {logging_mixin.py:190} INFO - [2025-01-16T15:51:43.736+0000] {dagbag.py:588} INFO - Filling up the DagBag from /home/airflow/.local/lib/python3.12/site-packages/airflow/example_dags/example_branch_python_dop_operator_3.py
[2025-01-16T15:51:43.747+0000] {processor.py:925} INFO - DAG(s) 'example_branch_dop_operator_v3' retrieved from /home/airflow/.local/lib/python3.12/site-packages/airflow/example_dags/example_branch_python_dop_operator_3.py
[2025-01-16T15:51:43.764+0000] {logging_mixin.py:190} INFO - [2025-01-16T15:51:43.764+0000] {dag.py:3239} INFO - Sync 1 DAGs
[2025-01-16T15:51:43.787+0000] {logging_mixin.py:190} INFO - [2025-01-16T15:51:43.787+0000] {dag.py:4180} INFO - Setting next_dagrun for example_branch_dop_operator_v3 to 2025-01-16 15:50:00+00:00, run_after=2025-01-16 15:51:00+00:00
[2025-01-16T15:51:43.803+0000] {processor.py:208} INFO - Processing /home/airflow/.local/lib/python3.12/site-packages/airflow/example_dags/example_branch_python_dop_operator_3.py took 0.074 seconds
[2025-01-16T15:52:15.012+0000] {processor.py:186} INFO - Started process (PID=10735) to work on /home/airflow/.local/lib/python3.12/site-packages/airflow/example_dags/example_branch_python_dop_operator_3.py
[2025-01-16T15:52:15.013+0000] {processor.py:914} INFO - Processing file /home/airflow/.local/lib/python3.12/site-packages/airflow/example_dags/example_branch_python_dop_operator_3.py for tasks to queue
[2025-01-16T15:52:15.015+0000] {logging_mixin.py:190} INFO - [2025-01-16T15:52:15.015+0000] {dagbag.py:588} INFO - Filling up the DagBag from /home/airflow/.local/lib/python3.12/site-packages/airflow/example_dags/example_branch_python_dop_operator_3.py
[2025-01-16T15:52:15.022+0000] {processor.py:925} INFO - DAG(s) 'example_branch_dop_operator_v3' retrieved from /home/airflow/.local/lib/python3.12/site-packages/airflow/example_dags/example_branch_python_dop_operator_3.py
[2025-01-16T15:52:15.036+0000] {logging_mixin.py:190} INFO - [2025-01-16T15:52:15.036+0000] {dag.py:3239} INFO - Sync 1 DAGs
[2025-01-16T15:52:15.056+0000] {logging_mixin.py:190} INFO - [2025-01-16T15:52:15.056+0000] {dag.py:4180} INFO - Setting next_dagrun for example_branch_dop_operator_v3 to 2025-01-16 15:51:00+00:00, run_after=2025-01-16 15:52:00+00:00
[2025-01-16T15:52:15.070+0000] {processor.py:208} INFO - Processing /home/airflow/.local/lib/python3.12/site-packages/airflow/example_dags/example_branch_python_dop_operator_3.py took 0.063 seconds
[2025-01-16T15:52:45.987+0000] {processor.py:186} INFO - Started process (PID=11029) to work on /home/airflow/.local/lib/python3.12/site-packages/airflow/example_dags/example_branch_python_dop_operator_3.py
[2025-01-16T15:52:45.988+0000] {processor.py:914} INFO - Processing file /home/airflow/.local/lib/python3.12/site-packages/airflow/example_dags/example_branch_python_dop_operator_3.py for tasks to queue
[2025-01-16T15:52:45.989+0000] {logging_mixin.py:190} INFO - [2025-01-16T15:52:45.989+0000] {dagbag.py:588} INFO - Filling up the DagBag from /home/airflow/.local/lib/python3.12/site-packages/airflow/example_dags/example_branch_python_dop_operator_3.py
[2025-01-16T15:52:45.997+0000] {processor.py:925} INFO - DAG(s) 'example_branch_dop_operator_v3' retrieved from /home/airflow/.local/lib/python3.12/site-packages/airflow/example_dags/example_branch_python_dop_operator_3.py
[2025-01-16T15:52:46.010+0000] {logging_mixin.py:190} INFO - [2025-01-16T15:52:46.010+0000] {dag.py:3239} INFO - Sync 1 DAGs
[2025-01-16T15:52:46.028+0000] {logging_mixin.py:190} INFO - [2025-01-16T15:52:46.028+0000] {dag.py:4180} INFO - Setting next_dagrun for example_branch_dop_operator_v3 to 2025-01-16 15:51:00+00:00, run_after=2025-01-16 15:52:00+00:00
[2025-01-16T15:52:46.041+0000] {processor.py:208} INFO - Processing /home/airflow/.local/lib/python3.12/site-packages/airflow/example_dags/example_branch_python_dop_operator_3.py took 0.059 seconds
[2025-01-16T15:53:17.131+0000] {processor.py:186} INFO - Started process (PID=11327) to work on /home/airflow/.local/lib/python3.12/site-packages/airflow/example_dags/example_branch_python_dop_operator_3.py
[2025-01-16T15:53:17.132+0000] {processor.py:914} INFO - Processing file /home/airflow/.local/lib/python3.12/site-packages/airflow/example_dags/example_branch_python_dop_operator_3.py for tasks to queue
[2025-01-16T15:53:17.133+0000] {logging_mixin.py:190} INFO - [2025-01-16T15:53:17.133+0000] {dagbag.py:588} INFO - Filling up the DagBag from /home/airflow/.local/lib/python3.12/site-packages/airflow/example_dags/example_branch_python_dop_operator_3.py
[2025-01-16T15:53:17.140+0000] {processor.py:925} INFO - DAG(s) 'example_branch_dop_operator_v3' retrieved from /home/airflow/.local/lib/python3.12/site-packages/airflow/example_dags/example_branch_python_dop_operator_3.py
[2025-01-16T15:53:17.155+0000] {logging_mixin.py:190} INFO - [2025-01-16T15:53:17.155+0000] {dag.py:3239} INFO - Sync 1 DAGs
[2025-01-16T15:53:17.175+0000] {logging_mixin.py:190} INFO - [2025-01-16T15:53:17.175+0000] {dag.py:4180} INFO - Setting next_dagrun for example_branch_dop_operator_v3 to 2025-01-16 15:52:00+00:00, run_after=2025-01-16 15:53:00+00:00
[2025-01-16T15:53:17.189+0000] {processor.py:208} INFO - Processing /home/airflow/.local/lib/python3.12/site-packages/airflow/example_dags/example_branch_python_dop_operator_3.py took 0.062 seconds
[2025-01-16T15:53:47.753+0000] {processor.py:186} INFO - Started process (PID=11621) to work on /home/airflow/.local/lib/python3.12/site-packages/airflow/example_dags/example_branch_python_dop_operator_3.py
[2025-01-16T15:53:47.754+0000] {processor.py:914} INFO - Processing file /home/airflow/.local/lib/python3.12/site-packages/airflow/example_dags/example_branch_python_dop_operator_3.py for tasks to queue
[2025-01-16T15:53:47.756+0000] {logging_mixin.py:190} INFO - [2025-01-16T15:53:47.756+0000] {dagbag.py:588} INFO - Filling up the DagBag from /home/airflow/.local/lib/python3.12/site-packages/airflow/example_dags/example_branch_python_dop_operator_3.py
[2025-01-16T15:53:47.764+0000] {processor.py:925} INFO - DAG(s) 'example_branch_dop_operator_v3' retrieved from /home/airflow/.local/lib/python3.12/site-packages/airflow/example_dags/example_branch_python_dop_operator_3.py
[2025-01-16T15:53:47.778+0000] {logging_mixin.py:190} INFO - [2025-01-16T15:53:47.778+0000] {dag.py:3239} INFO - Sync 1 DAGs
[2025-01-16T15:53:47.797+0000] {logging_mixin.py:190} INFO - [2025-01-16T15:53:47.797+0000] {dag.py:4180} INFO - Setting next_dagrun for example_branch_dop_operator_v3 to 2025-01-16 15:52:00+00:00, run_after=2025-01-16 15:53:00+00:00
[2025-01-16T15:53:47.809+0000] {processor.py:208} INFO - Processing /home/airflow/.local/lib/python3.12/site-packages/airflow/example_dags/example_branch_python_dop_operator_3.py took 0.060 seconds
[2025-01-16T15:54:18.439+0000] {processor.py:186} INFO - Started process (PID=11917) to work on /home/airflow/.local/lib/python3.12/site-packages/airflow/example_dags/example_branch_python_dop_operator_3.py
[2025-01-16T15:54:18.440+0000] {processor.py:914} INFO - Processing file /home/airflow/.local/lib/python3.12/site-packages/airflow/example_dags/example_branch_python_dop_operator_3.py for tasks to queue
[2025-01-16T15:54:18.441+0000] {logging_mixin.py:190} INFO - [2025-01-16T15:54:18.441+0000] {dagbag.py:588} INFO - Filling up the DagBag from /home/airflow/.local/lib/python3.12/site-packages/airflow/example_dags/example_branch_python_dop_operator_3.py
[2025-01-16T15:54:18.449+0000] {processor.py:925} INFO - DAG(s) 'example_branch_dop_operator_v3' retrieved from /home/airflow/.local/lib/python3.12/site-packages/airflow/example_dags/example_branch_python_dop_operator_3.py
[2025-01-16T15:54:18.463+0000] {logging_mixin.py:190} INFO - [2025-01-16T15:54:18.463+0000] {dag.py:3239} INFO - Sync 1 DAGs
[2025-01-16T15:54:18.483+0000] {logging_mixin.py:190} INFO - [2025-01-16T15:54:18.483+0000] {dag.py:4180} INFO - Setting next_dagrun for example_branch_dop_operator_v3 to 2025-01-16 15:53:00+00:00, run_after=2025-01-16 15:54:00+00:00
[2025-01-16T15:54:18.496+0000] {processor.py:208} INFO - Processing /home/airflow/.local/lib/python3.12/site-packages/airflow/example_dags/example_branch_python_dop_operator_3.py took 0.061 seconds
[2025-01-16T15:54:49.072+0000] {processor.py:186} INFO - Started process (PID=12213) to work on /home/airflow/.local/lib/python3.12/site-packages/airflow/example_dags/example_branch_python_dop_operator_3.py
[2025-01-16T15:54:49.073+0000] {processor.py:914} INFO - Processing file /home/airflow/.local/lib/python3.12/site-packages/airflow/example_dags/example_branch_python_dop_operator_3.py for tasks to queue
[2025-01-16T15:54:49.074+0000] {logging_mixin.py:190} INFO - [2025-01-16T15:54:49.074+0000] {dagbag.py:588} INFO - Filling up the DagBag from /home/airflow/.local/lib/python3.12/site-packages/airflow/example_dags/example_branch_python_dop_operator_3.py
[2025-01-16T15:54:49.082+0000] {processor.py:925} INFO - DAG(s) 'example_branch_dop_operator_v3' retrieved from /home/airflow/.local/lib/python3.12/site-packages/airflow/example_dags/example_branch_python_dop_operator_3.py
[2025-01-16T15:54:49.096+0000] {logging_mixin.py:190} INFO - [2025-01-16T15:54:49.096+0000] {dag.py:3239} INFO - Sync 1 DAGs
[2025-01-16T15:54:49.116+0000] {logging_mixin.py:190} INFO - [2025-01-16T15:54:49.116+0000] {dag.py:4180} INFO - Setting next_dagrun for example_branch_dop_operator_v3 to 2025-01-16 15:53:00+00:00, run_after=2025-01-16 15:54:00+00:00
[2025-01-16T15:54:49.129+0000] {processor.py:208} INFO - Processing /home/airflow/.local/lib/python3.12/site-packages/airflow/example_dags/example_branch_python_dop_operator_3.py took 0.061 seconds
[2025-01-16T15:55:19.919+0000] {processor.py:186} INFO - Started process (PID=12514) to work on /home/airflow/.local/lib/python3.12/site-packages/airflow/example_dags/example_branch_python_dop_operator_3.py
[2025-01-16T15:55:19.920+0000] {processor.py:914} INFO - Processing file /home/airflow/.local/lib/python3.12/site-packages/airflow/example_dags/example_branch_python_dop_operator_3.py for tasks to queue
[2025-01-16T15:55:19.921+0000] {logging_mixin.py:190} INFO - [2025-01-16T15:55:19.921+0000] {dagbag.py:588} INFO - Filling up the DagBag from /home/airflow/.local/lib/python3.12/site-packages/airflow/example_dags/example_branch_python_dop_operator_3.py
[2025-01-16T15:55:19.928+0000] {processor.py:925} INFO - DAG(s) 'example_branch_dop_operator_v3' retrieved from /home/airflow/.local/lib/python3.12/site-packages/airflow/example_dags/example_branch_python_dop_operator_3.py
[2025-01-16T15:55:19.943+0000] {logging_mixin.py:190} INFO - [2025-01-16T15:55:19.943+0000] {dag.py:3239} INFO - Sync 1 DAGs
[2025-01-16T15:55:19.963+0000] {logging_mixin.py:190} INFO - [2025-01-16T15:55:19.963+0000] {dag.py:4180} INFO - Setting next_dagrun for example_branch_dop_operator_v3 to 2025-01-16 15:54:00+00:00, run_after=2025-01-16 15:55:00+00:00
[2025-01-16T15:55:19.976+0000] {processor.py:208} INFO - Processing /home/airflow/.local/lib/python3.12/site-packages/airflow/example_dags/example_branch_python_dop_operator_3.py took 0.061 seconds
[2025-01-16T15:55:50.544+0000] {processor.py:186} INFO - Started process (PID=12805) to work on /home/airflow/.local/lib/python3.12/site-packages/airflow/example_dags/example_branch_python_dop_operator_3.py
[2025-01-16T15:55:50.545+0000] {processor.py:914} INFO - Processing file /home/airflow/.local/lib/python3.12/site-packages/airflow/example_dags/example_branch_python_dop_operator_3.py for tasks to queue
[2025-01-16T15:55:50.546+0000] {logging_mixin.py:190} INFO - [2025-01-16T15:55:50.546+0000] {dagbag.py:588} INFO - Filling up the DagBag from /home/airflow/.local/lib/python3.12/site-packages/airflow/example_dags/example_branch_python_dop_operator_3.py
[2025-01-16T15:55:50.554+0000] {processor.py:925} INFO - DAG(s) 'example_branch_dop_operator_v3' retrieved from /home/airflow/.local/lib/python3.12/site-packages/airflow/example_dags/example_branch_python_dop_operator_3.py
[2025-01-16T15:55:50.568+0000] {logging_mixin.py:190} INFO - [2025-01-16T15:55:50.568+0000] {dag.py:3239} INFO - Sync 1 DAGs
[2025-01-16T15:55:50.588+0000] {logging_mixin.py:190} INFO - [2025-01-16T15:55:50.587+0000] {dag.py:4180} INFO - Setting next_dagrun for example_branch_dop_operator_v3 to 2025-01-16 15:54:00+00:00, run_after=2025-01-16 15:55:00+00:00
[2025-01-16T15:55:50.600+0000] {processor.py:208} INFO - Processing /home/airflow/.local/lib/python3.12/site-packages/airflow/example_dags/example_branch_python_dop_operator_3.py took 0.060 seconds
[2025-01-16T15:56:21.447+0000] {processor.py:186} INFO - Started process (PID=13101) to work on /home/airflow/.local/lib/python3.12/site-packages/airflow/example_dags/example_branch_python_dop_operator_3.py
[2025-01-16T15:56:21.448+0000] {processor.py:914} INFO - Processing file /home/airflow/.local/lib/python3.12/site-packages/airflow/example_dags/example_branch_python_dop_operator_3.py for tasks to queue
[2025-01-16T15:56:21.449+0000] {logging_mixin.py:190} INFO - [2025-01-16T15:56:21.449+0000] {dagbag.py:588} INFO - Filling up the DagBag from /home/airflow/.local/lib/python3.12/site-packages/airflow/example_dags/example_branch_python_dop_operator_3.py
[2025-01-16T15:56:21.457+0000] {processor.py:925} INFO - DAG(s) 'example_branch_dop_operator_v3' retrieved from /home/airflow/.local/lib/python3.12/site-packages/airflow/example_dags/example_branch_python_dop_operator_3.py
[2025-01-16T15:56:21.471+0000] {logging_mixin.py:190} INFO - [2025-01-16T15:56:21.471+0000] {dag.py:3239} INFO - Sync 1 DAGs
[2025-01-16T15:56:21.492+0000] {logging_mixin.py:190} INFO - [2025-01-16T15:56:21.491+0000] {dag.py:4180} INFO - Setting next_dagrun for example_branch_dop_operator_v3 to 2025-01-16 15:55:00+00:00, run_after=2025-01-16 15:56:00+00:00
[2025-01-16T15:56:21.504+0000] {processor.py:208} INFO - Processing /home/airflow/.local/lib/python3.12/site-packages/airflow/example_dags/example_branch_python_dop_operator_3.py took 0.062 seconds
[2025-01-16T15:56:52.918+0000] {processor.py:186} INFO - Started process (PID=13402) to work on /home/airflow/.local/lib/python3.12/site-packages/airflow/example_dags/example_branch_python_dop_operator_3.py
[2025-01-16T15:56:52.919+0000] {processor.py:914} INFO - Processing file /home/airflow/.local/lib/python3.12/site-packages/airflow/example_dags/example_branch_python_dop_operator_3.py for tasks to queue
[2025-01-16T15:56:52.920+0000] {logging_mixin.py:190} INFO - [2025-01-16T15:56:52.920+0000] {dagbag.py:588} INFO - Filling up the DagBag from /home/airflow/.local/lib/python3.12/site-packages/airflow/example_dags/example_branch_python_dop_operator_3.py
[2025-01-16T15:56:52.927+0000] {processor.py:925} INFO - DAG(s) 'example_branch_dop_operator_v3' retrieved from /home/airflow/.local/lib/python3.12/site-packages/airflow/example_dags/example_branch_python_dop_operator_3.py
[2025-01-16T15:56:52.942+0000] {logging_mixin.py:190} INFO - [2025-01-16T15:56:52.942+0000] {dag.py:3239} INFO - Sync 1 DAGs
[2025-01-16T15:56:52.963+0000] {logging_mixin.py:190} INFO - [2025-01-16T15:56:52.963+0000] {dag.py:4180} INFO - Setting next_dagrun for example_branch_dop_operator_v3 to 2025-01-16 15:55:00+00:00, run_after=2025-01-16 15:56:00+00:00
[2025-01-16T15:56:52.977+0000] {processor.py:208} INFO - Processing /home/airflow/.local/lib/python3.12/site-packages/airflow/example_dags/example_branch_python_dop_operator_3.py took 0.063 seconds
[2025-01-16T15:57:23.910+0000] {processor.py:186} INFO - Started process (PID=13698) to work on /home/airflow/.local/lib/python3.12/site-packages/airflow/example_dags/example_branch_python_dop_operator_3.py
[2025-01-16T15:57:23.911+0000] {processor.py:914} INFO - Processing file /home/airflow/.local/lib/python3.12/site-packages/airflow/example_dags/example_branch_python_dop_operator_3.py for tasks to queue
[2025-01-16T15:57:23.913+0000] {logging_mixin.py:190} INFO - [2025-01-16T15:57:23.913+0000] {dagbag.py:588} INFO - Filling up the DagBag from /home/airflow/.local/lib/python3.12/site-packages/airflow/example_dags/example_branch_python_dop_operator_3.py
[2025-01-16T15:57:23.922+0000] {processor.py:925} INFO - DAG(s) 'example_branch_dop_operator_v3' retrieved from /home/airflow/.local/lib/python3.12/site-packages/airflow/example_dags/example_branch_python_dop_operator_3.py
[2025-01-16T15:57:23.940+0000] {logging_mixin.py:190} INFO - [2025-01-16T15:57:23.940+0000] {dag.py:3239} INFO - Sync 1 DAGs
[2025-01-16T15:57:23.964+0000] {logging_mixin.py:190} INFO - [2025-01-16T15:57:23.964+0000] {dag.py:4180} INFO - Setting next_dagrun for example_branch_dop_operator_v3 to 2025-01-16 15:56:00+00:00, run_after=2025-01-16 15:57:00+00:00
[2025-01-16T15:57:23.983+0000] {processor.py:208} INFO - Processing /home/airflow/.local/lib/python3.12/site-packages/airflow/example_dags/example_branch_python_dop_operator_3.py took 0.078 seconds
[2025-01-16T15:57:54.932+0000] {processor.py:186} INFO - Started process (PID=13994) to work on /home/airflow/.local/lib/python3.12/site-packages/airflow/example_dags/example_branch_python_dop_operator_3.py
[2025-01-16T15:57:54.933+0000] {processor.py:914} INFO - Processing file /home/airflow/.local/lib/python3.12/site-packages/airflow/example_dags/example_branch_python_dop_operator_3.py for tasks to queue
[2025-01-16T15:57:54.935+0000] {logging_mixin.py:190} INFO - [2025-01-16T15:57:54.934+0000] {dagbag.py:588} INFO - Filling up the DagBag from /home/airflow/.local/lib/python3.12/site-packages/airflow/example_dags/example_branch_python_dop_operator_3.py
[2025-01-16T15:57:54.943+0000] {processor.py:925} INFO - DAG(s) 'example_branch_dop_operator_v3' retrieved from /home/airflow/.local/lib/python3.12/site-packages/airflow/example_dags/example_branch_python_dop_operator_3.py
[2025-01-16T15:57:54.958+0000] {logging_mixin.py:190} INFO - [2025-01-16T15:57:54.958+0000] {dag.py:3239} INFO - Sync 1 DAGs
[2025-01-16T15:57:54.981+0000] {logging_mixin.py:190} INFO - [2025-01-16T15:57:54.981+0000] {dag.py:4180} INFO - Setting next_dagrun for example_branch_dop_operator_v3 to 2025-01-16 15:56:00+00:00, run_after=2025-01-16 15:57:00+00:00
[2025-01-16T15:57:54.997+0000] {processor.py:208} INFO - Processing /home/airflow/.local/lib/python3.12/site-packages/airflow/example_dags/example_branch_python_dop_operator_3.py took 0.071 seconds
[2025-01-16T15:58:26.287+0000] {processor.py:186} INFO - Started process (PID=14292) to work on /home/airflow/.local/lib/python3.12/site-packages/airflow/example_dags/example_branch_python_dop_operator_3.py
[2025-01-16T15:58:26.288+0000] {processor.py:914} INFO - Processing file /home/airflow/.local/lib/python3.12/site-packages/airflow/example_dags/example_branch_python_dop_operator_3.py for tasks to queue
[2025-01-16T15:58:26.291+0000] {logging_mixin.py:190} INFO - [2025-01-16T15:58:26.290+0000] {dagbag.py:588} INFO - Filling up the DagBag from /home/airflow/.local/lib/python3.12/site-packages/airflow/example_dags/example_branch_python_dop_operator_3.py
[2025-01-16T15:58:26.299+0000] {processor.py:925} INFO - DAG(s) 'example_branch_dop_operator_v3' retrieved from /home/airflow/.local/lib/python3.12/site-packages/airflow/example_dags/example_branch_python_dop_operator_3.py
[2025-01-16T15:58:26.315+0000] {logging_mixin.py:190} INFO - [2025-01-16T15:58:26.314+0000] {dag.py:3239} INFO - Sync 1 DAGs
[2025-01-16T15:58:26.338+0000] {logging_mixin.py:190} INFO - [2025-01-16T15:58:26.337+0000] {dag.py:4180} INFO - Setting next_dagrun for example_branch_dop_operator_v3 to 2025-01-16 15:57:00+00:00, run_after=2025-01-16 15:58:00+00:00
[2025-01-16T15:58:26.354+0000] {processor.py:208} INFO - Processing /home/airflow/.local/lib/python3.12/site-packages/airflow/example_dags/example_branch_python_dop_operator_3.py took 0.072 seconds
[2025-01-16T15:58:57.455+0000] {processor.py:186} INFO - Started process (PID=14586) to work on /home/airflow/.local/lib/python3.12/site-packages/airflow/example_dags/example_branch_python_dop_operator_3.py
[2025-01-16T15:58:57.456+0000] {processor.py:914} INFO - Processing file /home/airflow/.local/lib/python3.12/site-packages/airflow/example_dags/example_branch_python_dop_operator_3.py for tasks to queue
[2025-01-16T15:58:57.458+0000] {logging_mixin.py:190} INFO - [2025-01-16T15:58:57.457+0000] {dagbag.py:588} INFO - Filling up the DagBag from /home/airflow/.local/lib/python3.12/site-packages/airflow/example_dags/example_branch_python_dop_operator_3.py
[2025-01-16T15:58:57.465+0000] {processor.py:925} INFO - DAG(s) 'example_branch_dop_operator_v3' retrieved from /home/airflow/.local/lib/python3.12/site-packages/airflow/example_dags/example_branch_python_dop_operator_3.py
[2025-01-16T15:58:57.480+0000] {logging_mixin.py:190} INFO - [2025-01-16T15:58:57.479+0000] {dag.py:3239} INFO - Sync 1 DAGs
[2025-01-16T15:58:57.500+0000] {logging_mixin.py:190} INFO - [2025-01-16T15:58:57.500+0000] {dag.py:4180} INFO - Setting next_dagrun for example_branch_dop_operator_v3 to 2025-01-16 15:57:00+00:00, run_after=2025-01-16 15:58:00+00:00
[2025-01-16T15:58:57.514+0000] {processor.py:208} INFO - Processing /home/airflow/.local/lib/python3.12/site-packages/airflow/example_dags/example_branch_python_dop_operator_3.py took 0.063 seconds
[2025-01-16T15:59:28.556+0000] {processor.py:186} INFO - Started process (PID=14882) to work on /home/airflow/.local/lib/python3.12/site-packages/airflow/example_dags/example_branch_python_dop_operator_3.py
[2025-01-16T15:59:28.557+0000] {processor.py:914} INFO - Processing file /home/airflow/.local/lib/python3.12/site-packages/airflow/example_dags/example_branch_python_dop_operator_3.py for tasks to queue
[2025-01-16T15:59:28.559+0000] {logging_mixin.py:190} INFO - [2025-01-16T15:59:28.558+0000] {dagbag.py:588} INFO - Filling up the DagBag from /home/airflow/.local/lib/python3.12/site-packages/airflow/example_dags/example_branch_python_dop_operator_3.py
[2025-01-16T15:59:28.566+0000] {processor.py:925} INFO - DAG(s) 'example_branch_dop_operator_v3' retrieved from /home/airflow/.local/lib/python3.12/site-packages/airflow/example_dags/example_branch_python_dop_operator_3.py
[2025-01-16T15:59:28.580+0000] {logging_mixin.py:190} INFO - [2025-01-16T15:59:28.580+0000] {dag.py:3239} INFO - Sync 1 DAGs
[2025-01-16T15:59:28.599+0000] {logging_mixin.py:190} INFO - [2025-01-16T15:59:28.599+0000] {dag.py:4180} INFO - Setting next_dagrun for example_branch_dop_operator_v3 to 2025-01-16 15:58:00+00:00, run_after=2025-01-16 15:59:00+00:00
[2025-01-16T15:59:28.612+0000] {processor.py:208} INFO - Processing /home/airflow/.local/lib/python3.12/site-packages/airflow/example_dags/example_branch_python_dop_operator_3.py took 0.060 seconds
[2025-01-16T15:59:59.822+0000] {processor.py:186} INFO - Started process (PID=15180) to work on /home/airflow/.local/lib/python3.12/site-packages/airflow/example_dags/example_branch_python_dop_operator_3.py
[2025-01-16T15:59:59.823+0000] {processor.py:914} INFO - Processing file /home/airflow/.local/lib/python3.12/site-packages/airflow/example_dags/example_branch_python_dop_operator_3.py for tasks to queue
[2025-01-16T15:59:59.825+0000] {logging_mixin.py:190} INFO - [2025-01-16T15:59:59.824+0000] {dagbag.py:588} INFO - Filling up the DagBag from /home/airflow/.local/lib/python3.12/site-packages/airflow/example_dags/example_branch_python_dop_operator_3.py
[2025-01-16T15:59:59.832+0000] {processor.py:925} INFO - DAG(s) 'example_branch_dop_operator_v3' retrieved from /home/airflow/.local/lib/python3.12/site-packages/airflow/example_dags/example_branch_python_dop_operator_3.py
[2025-01-16T15:59:59.847+0000] {logging_mixin.py:190} INFO - [2025-01-16T15:59:59.847+0000] {dag.py:3239} INFO - Sync 1 DAGs
[2025-01-16T15:59:59.867+0000] {logging_mixin.py:190} INFO - [2025-01-16T15:59:59.866+0000] {dag.py:4180} INFO - Setting next_dagrun for example_branch_dop_operator_v3 to 2025-01-16 15:58:00+00:00, run_after=2025-01-16 15:59:00+00:00
[2025-01-16T15:59:59.879+0000] {processor.py:208} INFO - Processing /home/airflow/.local/lib/python3.12/site-packages/airflow/example_dags/example_branch_python_dop_operator_3.py took 0.062 seconds
[2025-01-16T16:00:33.248+0000] {processor.py:186} INFO - Started process (PID=15490) to work on /home/airflow/.local/lib/python3.12/site-packages/airflow/example_dags/example_branch_python_dop_operator_3.py
[2025-01-16T16:00:33.248+0000] {processor.py:914} INFO - Processing file /home/airflow/.local/lib/python3.12/site-packages/airflow/example_dags/example_branch_python_dop_operator_3.py for tasks to queue
[2025-01-16T16:00:33.250+0000] {logging_mixin.py:190} INFO - [2025-01-16T16:00:33.250+0000] {dagbag.py:588} INFO - Filling up the DagBag from /home/airflow/.local/lib/python3.12/site-packages/airflow/example_dags/example_branch_python_dop_operator_3.py
[2025-01-16T16:00:33.258+0000] {processor.py:925} INFO - DAG(s) 'example_branch_dop_operator_v3' retrieved from /home/airflow/.local/lib/python3.12/site-packages/airflow/example_dags/example_branch_python_dop_operator_3.py
[2025-01-16T16:00:33.274+0000] {logging_mixin.py:190} INFO - [2025-01-16T16:00:33.273+0000] {dag.py:3239} INFO - Sync 1 DAGs
[2025-01-16T16:00:33.293+0000] {logging_mixin.py:190} INFO - [2025-01-16T16:00:33.293+0000] {dag.py:4180} INFO - Setting next_dagrun for example_branch_dop_operator_v3 to 2025-01-16 15:59:00+00:00, run_after=2025-01-16 16:00:00+00:00
[2025-01-16T16:00:33.308+0000] {processor.py:208} INFO - Processing /home/airflow/.local/lib/python3.12/site-packages/airflow/example_dags/example_branch_python_dop_operator_3.py took 0.065 seconds
[2025-01-16T16:01:03.465+0000] {processor.py:186} INFO - Started process (PID=15783) to work on /home/airflow/.local/lib/python3.12/site-packages/airflow/example_dags/example_branch_python_dop_operator_3.py
[2025-01-16T16:01:03.466+0000] {processor.py:914} INFO - Processing file /home/airflow/.local/lib/python3.12/site-packages/airflow/example_dags/example_branch_python_dop_operator_3.py for tasks to queue
[2025-01-16T16:01:03.468+0000] {logging_mixin.py:190} INFO - [2025-01-16T16:01:03.467+0000] {dagbag.py:588} INFO - Filling up the DagBag from /home/airflow/.local/lib/python3.12/site-packages/airflow/example_dags/example_branch_python_dop_operator_3.py
[2025-01-16T16:01:03.476+0000] {processor.py:925} INFO - DAG(s) 'example_branch_dop_operator_v3' retrieved from /home/airflow/.local/lib/python3.12/site-packages/airflow/example_dags/example_branch_python_dop_operator_3.py
[2025-01-16T16:01:03.492+0000] {logging_mixin.py:190} INFO - [2025-01-16T16:01:03.492+0000] {dag.py:3239} INFO - Sync 1 DAGs
[2025-01-16T16:01:03.512+0000] {logging_mixin.py:190} INFO - [2025-01-16T16:01:03.512+0000] {dag.py:4180} INFO - Setting next_dagrun for example_branch_dop_operator_v3 to 2025-01-16 16:00:00+00:00, run_after=2025-01-16 16:01:00+00:00
[2025-01-16T16:01:03.526+0000] {processor.py:208} INFO - Processing /home/airflow/.local/lib/python3.12/site-packages/airflow/example_dags/example_branch_python_dop_operator_3.py took 0.065 seconds
[2025-01-16T16:01:33.849+0000] {processor.py:186} INFO - Started process (PID=16077) to work on /home/airflow/.local/lib/python3.12/site-packages/airflow/example_dags/example_branch_python_dop_operator_3.py
[2025-01-16T16:01:33.850+0000] {processor.py:914} INFO - Processing file /home/airflow/.local/lib/python3.12/site-packages/airflow/example_dags/example_branch_python_dop_operator_3.py for tasks to queue
[2025-01-16T16:01:33.851+0000] {logging_mixin.py:190} INFO - [2025-01-16T16:01:33.851+0000] {dagbag.py:588} INFO - Filling up the DagBag from /home/airflow/.local/lib/python3.12/site-packages/airflow/example_dags/example_branch_python_dop_operator_3.py
[2025-01-16T16:01:33.859+0000] {processor.py:925} INFO - DAG(s) 'example_branch_dop_operator_v3' retrieved from /home/airflow/.local/lib/python3.12/site-packages/airflow/example_dags/example_branch_python_dop_operator_3.py
[2025-01-16T16:01:33.876+0000] {logging_mixin.py:190} INFO - [2025-01-16T16:01:33.875+0000] {dag.py:3239} INFO - Sync 1 DAGs
[2025-01-16T16:01:33.895+0000] {logging_mixin.py:190} INFO - [2025-01-16T16:01:33.895+0000] {dag.py:4180} INFO - Setting next_dagrun for example_branch_dop_operator_v3 to 2025-01-16 16:00:00+00:00, run_after=2025-01-16 16:01:00+00:00
[2025-01-16T16:01:33.908+0000] {processor.py:208} INFO - Processing /home/airflow/.local/lib/python3.12/site-packages/airflow/example_dags/example_branch_python_dop_operator_3.py took 0.063 seconds
[2025-01-16T16:02:04.611+0000] {processor.py:186} INFO - Started process (PID=16373) to work on /home/airflow/.local/lib/python3.12/site-packages/airflow/example_dags/example_branch_python_dop_operator_3.py
[2025-01-16T16:02:04.612+0000] {processor.py:914} INFO - Processing file /home/airflow/.local/lib/python3.12/site-packages/airflow/example_dags/example_branch_python_dop_operator_3.py for tasks to queue
[2025-01-16T16:02:04.614+0000] {logging_mixin.py:190} INFO - [2025-01-16T16:02:04.613+0000] {dagbag.py:588} INFO - Filling up the DagBag from /home/airflow/.local/lib/python3.12/site-packages/airflow/example_dags/example_branch_python_dop_operator_3.py
[2025-01-16T16:02:04.622+0000] {processor.py:925} INFO - DAG(s) 'example_branch_dop_operator_v3' retrieved from /home/airflow/.local/lib/python3.12/site-packages/airflow/example_dags/example_branch_python_dop_operator_3.py
[2025-01-16T16:02:04.635+0000] {logging_mixin.py:190} INFO - [2025-01-16T16:02:04.635+0000] {dag.py:3239} INFO - Sync 1 DAGs
[2025-01-16T16:02:04.654+0000] {logging_mixin.py:190} INFO - [2025-01-16T16:02:04.654+0000] {dag.py:4180} INFO - Setting next_dagrun for example_branch_dop_operator_v3 to 2025-01-16 16:01:00+00:00, run_after=2025-01-16 16:02:00+00:00
[2025-01-16T16:02:04.674+0000] {processor.py:208} INFO - Processing /home/airflow/.local/lib/python3.12/site-packages/airflow/example_dags/example_branch_python_dop_operator_3.py took 0.068 seconds
[2025-01-16T16:02:35.009+0000] {processor.py:186} INFO - Started process (PID=16669) to work on /home/airflow/.local/lib/python3.12/site-packages/airflow/example_dags/example_branch_python_dop_operator_3.py
[2025-01-16T16:02:35.009+0000] {processor.py:914} INFO - Processing file /home/airflow/.local/lib/python3.12/site-packages/airflow/example_dags/example_branch_python_dop_operator_3.py for tasks to queue
[2025-01-16T16:02:35.011+0000] {logging_mixin.py:190} INFO - [2025-01-16T16:02:35.011+0000] {dagbag.py:588} INFO - Filling up the DagBag from /home/airflow/.local/lib/python3.12/site-packages/airflow/example_dags/example_branch_python_dop_operator_3.py
[2025-01-16T16:02:35.019+0000] {processor.py:925} INFO - DAG(s) 'example_branch_dop_operator_v3' retrieved from /home/airflow/.local/lib/python3.12/site-packages/airflow/example_dags/example_branch_python_dop_operator_3.py
[2025-01-16T16:02:35.034+0000] {logging_mixin.py:190} INFO - [2025-01-16T16:02:35.034+0000] {dag.py:3239} INFO - Sync 1 DAGs
[2025-01-16T16:02:35.056+0000] {logging_mixin.py:190} INFO - [2025-01-16T16:02:35.056+0000] {dag.py:4180} INFO - Setting next_dagrun for example_branch_dop_operator_v3 to 2025-01-16 16:01:00+00:00, run_after=2025-01-16 16:02:00+00:00
[2025-01-16T16:02:35.070+0000] {processor.py:208} INFO - Processing /home/airflow/.local/lib/python3.12/site-packages/airflow/example_dags/example_branch_python_dop_operator_3.py took 0.066 seconds
[2025-01-16T16:03:06.190+0000] {processor.py:186} INFO - Started process (PID=16985) to work on /home/airflow/.local/lib/python3.12/site-packages/airflow/example_dags/example_branch_python_dop_operator_3.py
[2025-01-16T16:03:06.191+0000] {processor.py:914} INFO - Processing file /home/airflow/.local/lib/python3.12/site-packages/airflow/example_dags/example_branch_python_dop_operator_3.py for tasks to queue
[2025-01-16T16:03:06.193+0000] {logging_mixin.py:190} INFO - [2025-01-16T16:03:06.192+0000] {dagbag.py:588} INFO - Filling up the DagBag from /home/airflow/.local/lib/python3.12/site-packages/airflow/example_dags/example_branch_python_dop_operator_3.py
[2025-01-16T16:03:06.201+0000] {processor.py:925} INFO - DAG(s) 'example_branch_dop_operator_v3' retrieved from /home/airflow/.local/lib/python3.12/site-packages/airflow/example_dags/example_branch_python_dop_operator_3.py
[2025-01-16T16:03:06.218+0000] {logging_mixin.py:190} INFO - [2025-01-16T16:03:06.218+0000] {dag.py:3239} INFO - Sync 1 DAGs
[2025-01-16T16:03:06.239+0000] {logging_mixin.py:190} INFO - [2025-01-16T16:03:06.239+0000] {dag.py:4180} INFO - Setting next_dagrun for example_branch_dop_operator_v3 to 2025-01-16 16:02:00+00:00, run_after=2025-01-16 16:03:00+00:00
[2025-01-16T16:03:06.253+0000] {processor.py:208} INFO - Processing /home/airflow/.local/lib/python3.12/site-packages/airflow/example_dags/example_branch_python_dop_operator_3.py took 0.067 seconds
[2025-01-16T16:03:36.757+0000] {processor.py:186} INFO - Started process (PID=17276) to work on /home/airflow/.local/lib/python3.12/site-packages/airflow/example_dags/example_branch_python_dop_operator_3.py
[2025-01-16T16:03:36.758+0000] {processor.py:914} INFO - Processing file /home/airflow/.local/lib/python3.12/site-packages/airflow/example_dags/example_branch_python_dop_operator_3.py for tasks to queue
[2025-01-16T16:03:36.760+0000] {logging_mixin.py:190} INFO - [2025-01-16T16:03:36.759+0000] {dagbag.py:588} INFO - Filling up the DagBag from /home/airflow/.local/lib/python3.12/site-packages/airflow/example_dags/example_branch_python_dop_operator_3.py
[2025-01-16T16:03:36.769+0000] {processor.py:925} INFO - DAG(s) 'example_branch_dop_operator_v3' retrieved from /home/airflow/.local/lib/python3.12/site-packages/airflow/example_dags/example_branch_python_dop_operator_3.py
[2025-01-16T16:03:36.785+0000] {logging_mixin.py:190} INFO - [2025-01-16T16:03:36.785+0000] {dag.py:3239} INFO - Sync 1 DAGs
[2025-01-16T16:03:36.806+0000] {logging_mixin.py:190} INFO - [2025-01-16T16:03:36.806+0000] {dag.py:4180} INFO - Setting next_dagrun for example_branch_dop_operator_v3 to 2025-01-16 16:02:00+00:00, run_after=2025-01-16 16:03:00+00:00
[2025-01-16T16:03:36.820+0000] {processor.py:208} INFO - Processing /home/airflow/.local/lib/python3.12/site-packages/airflow/example_dags/example_branch_python_dop_operator_3.py took 0.067 seconds
[2025-01-16T16:04:06.918+0000] {processor.py:186} INFO - Started process (PID=17569) to work on /home/airflow/.local/lib/python3.12/site-packages/airflow/example_dags/example_branch_python_dop_operator_3.py
[2025-01-16T16:04:06.919+0000] {processor.py:914} INFO - Processing file /home/airflow/.local/lib/python3.12/site-packages/airflow/example_dags/example_branch_python_dop_operator_3.py for tasks to queue
[2025-01-16T16:04:06.922+0000] {logging_mixin.py:190} INFO - [2025-01-16T16:04:06.922+0000] {dagbag.py:588} INFO - Filling up the DagBag from /home/airflow/.local/lib/python3.12/site-packages/airflow/example_dags/example_branch_python_dop_operator_3.py
[2025-01-16T16:04:06.931+0000] {processor.py:925} INFO - DAG(s) 'example_branch_dop_operator_v3' retrieved from /home/airflow/.local/lib/python3.12/site-packages/airflow/example_dags/example_branch_python_dop_operator_3.py
[2025-01-16T16:04:06.948+0000] {logging_mixin.py:190} INFO - [2025-01-16T16:04:06.948+0000] {dag.py:3239} INFO - Sync 1 DAGs
[2025-01-16T16:04:06.968+0000] {logging_mixin.py:190} INFO - [2025-01-16T16:04:06.968+0000] {dag.py:4180} INFO - Setting next_dagrun for example_branch_dop_operator_v3 to 2025-01-16 16:03:00+00:00, run_after=2025-01-16 16:04:00+00:00
[2025-01-16T16:04:06.983+0000] {processor.py:208} INFO - Processing /home/airflow/.local/lib/python3.12/site-packages/airflow/example_dags/example_branch_python_dop_operator_3.py took 0.069 seconds
[2025-01-16T16:04:37.299+0000] {processor.py:186} INFO - Started process (PID=17863) to work on /home/airflow/.local/lib/python3.12/site-packages/airflow/example_dags/example_branch_python_dop_operator_3.py
[2025-01-16T16:04:37.300+0000] {processor.py:914} INFO - Processing file /home/airflow/.local/lib/python3.12/site-packages/airflow/example_dags/example_branch_python_dop_operator_3.py for tasks to queue
[2025-01-16T16:04:37.302+0000] {logging_mixin.py:190} INFO - [2025-01-16T16:04:37.301+0000] {dagbag.py:588} INFO - Filling up the DagBag from /home/airflow/.local/lib/python3.12/site-packages/airflow/example_dags/example_branch_python_dop_operator_3.py
[2025-01-16T16:04:37.310+0000] {processor.py:925} INFO - DAG(s) 'example_branch_dop_operator_v3' retrieved from /home/airflow/.local/lib/python3.12/site-packages/airflow/example_dags/example_branch_python_dop_operator_3.py
[2025-01-16T16:04:37.326+0000] {logging_mixin.py:190} INFO - [2025-01-16T16:04:37.326+0000] {dag.py:3239} INFO - Sync 1 DAGs
[2025-01-16T16:04:37.486+0000] {logging_mixin.py:190} INFO - [2025-01-16T16:04:37.486+0000] {dag.py:4180} INFO - Setting next_dagrun for example_branch_dop_operator_v3 to 2025-01-16 16:03:00+00:00, run_after=2025-01-16 16:04:00+00:00
[2025-01-16T16:04:37.499+0000] {processor.py:208} INFO - Processing /home/airflow/.local/lib/python3.12/site-packages/airflow/example_dags/example_branch_python_dop_operator_3.py took 0.204 seconds
[2025-01-16T16:05:07.962+0000] {processor.py:186} INFO - Started process (PID=18161) to work on /home/airflow/.local/lib/python3.12/site-packages/airflow/example_dags/example_branch_python_dop_operator_3.py
[2025-01-16T16:05:07.963+0000] {processor.py:914} INFO - Processing file /home/airflow/.local/lib/python3.12/site-packages/airflow/example_dags/example_branch_python_dop_operator_3.py for tasks to queue
[2025-01-16T16:05:07.964+0000] {logging_mixin.py:190} INFO - [2025-01-16T16:05:07.963+0000] {dagbag.py:588} INFO - Filling up the DagBag from /home/airflow/.local/lib/python3.12/site-packages/airflow/example_dags/example_branch_python_dop_operator_3.py
[2025-01-16T16:05:07.971+0000] {processor.py:925} INFO - DAG(s) 'example_branch_dop_operator_v3' retrieved from /home/airflow/.local/lib/python3.12/site-packages/airflow/example_dags/example_branch_python_dop_operator_3.py
[2025-01-16T16:05:07.986+0000] {logging_mixin.py:190} INFO - [2025-01-16T16:05:07.986+0000] {dag.py:3239} INFO - Sync 1 DAGs
[2025-01-16T16:05:08.005+0000] {logging_mixin.py:190} INFO - [2025-01-16T16:05:08.005+0000] {dag.py:4180} INFO - Setting next_dagrun for example_branch_dop_operator_v3 to 2025-01-16 16:04:00+00:00, run_after=2025-01-16 16:05:00+00:00
[2025-01-16T16:05:08.158+0000] {processor.py:208} INFO - Processing /home/airflow/.local/lib/python3.12/site-packages/airflow/example_dags/example_branch_python_dop_operator_3.py took 0.201 seconds
[2025-01-16T16:05:38.503+0000] {processor.py:186} INFO - Started process (PID=18455) to work on /home/airflow/.local/lib/python3.12/site-packages/airflow/example_dags/example_branch_python_dop_operator_3.py
[2025-01-16T16:05:38.503+0000] {processor.py:914} INFO - Processing file /home/airflow/.local/lib/python3.12/site-packages/airflow/example_dags/example_branch_python_dop_operator_3.py for tasks to queue
[2025-01-16T16:05:38.504+0000] {logging_mixin.py:190} INFO - [2025-01-16T16:05:38.504+0000] {dagbag.py:588} INFO - Filling up the DagBag from /home/airflow/.local/lib/python3.12/site-packages/airflow/example_dags/example_branch_python_dop_operator_3.py
[2025-01-16T16:05:38.513+0000] {processor.py:925} INFO - DAG(s) 'example_branch_dop_operator_v3' retrieved from /home/airflow/.local/lib/python3.12/site-packages/airflow/example_dags/example_branch_python_dop_operator_3.py
[2025-01-16T16:05:38.530+0000] {logging_mixin.py:190} INFO - [2025-01-16T16:05:38.529+0000] {dag.py:3239} INFO - Sync 1 DAGs
[2025-01-16T16:05:38.550+0000] {logging_mixin.py:190} INFO - [2025-01-16T16:05:38.550+0000] {dag.py:4180} INFO - Setting next_dagrun for example_branch_dop_operator_v3 to 2025-01-16 16:04:00+00:00, run_after=2025-01-16 16:05:00+00:00
[2025-01-16T16:05:38.564+0000] {processor.py:208} INFO - Processing /home/airflow/.local/lib/python3.12/site-packages/airflow/example_dags/example_branch_python_dop_operator_3.py took 0.066 seconds
[2025-01-16T16:06:08.963+0000] {processor.py:186} INFO - Started process (PID=18751) to work on /home/airflow/.local/lib/python3.12/site-packages/airflow/example_dags/example_branch_python_dop_operator_3.py
[2025-01-16T16:06:08.963+0000] {processor.py:914} INFO - Processing file /home/airflow/.local/lib/python3.12/site-packages/airflow/example_dags/example_branch_python_dop_operator_3.py for tasks to queue
[2025-01-16T16:06:08.964+0000] {logging_mixin.py:190} INFO - [2025-01-16T16:06:08.964+0000] {dagbag.py:588} INFO - Filling up the DagBag from /home/airflow/.local/lib/python3.12/site-packages/airflow/example_dags/example_branch_python_dop_operator_3.py
[2025-01-16T16:06:08.972+0000] {processor.py:925} INFO - DAG(s) 'example_branch_dop_operator_v3' retrieved from /home/airflow/.local/lib/python3.12/site-packages/airflow/example_dags/example_branch_python_dop_operator_3.py
[2025-01-16T16:06:08.986+0000] {logging_mixin.py:190} INFO - [2025-01-16T16:06:08.986+0000] {dag.py:3239} INFO - Sync 1 DAGs
[2025-01-16T16:06:09.005+0000] {logging_mixin.py:190} INFO - [2025-01-16T16:06:09.005+0000] {dag.py:4180} INFO - Setting next_dagrun for example_branch_dop_operator_v3 to 2025-01-16 16:05:00+00:00, run_after=2025-01-16 16:06:00+00:00
[2025-01-16T16:06:09.019+0000] {processor.py:208} INFO - Processing /home/airflow/.local/lib/python3.12/site-packages/airflow/example_dags/example_branch_python_dop_operator_3.py took 0.060 seconds
[2025-01-16T16:06:40.024+0000] {processor.py:186} INFO - Started process (PID=19047) to work on /home/airflow/.local/lib/python3.12/site-packages/airflow/example_dags/example_branch_python_dop_operator_3.py
[2025-01-16T16:06:40.025+0000] {processor.py:914} INFO - Processing file /home/airflow/.local/lib/python3.12/site-packages/airflow/example_dags/example_branch_python_dop_operator_3.py for tasks to queue
[2025-01-16T16:06:40.025+0000] {logging_mixin.py:190} INFO - [2025-01-16T16:06:40.025+0000] {dagbag.py:588} INFO - Filling up the DagBag from /home/airflow/.local/lib/python3.12/site-packages/airflow/example_dags/example_branch_python_dop_operator_3.py
[2025-01-16T16:06:40.033+0000] {processor.py:925} INFO - DAG(s) 'example_branch_dop_operator_v3' retrieved from /home/airflow/.local/lib/python3.12/site-packages/airflow/example_dags/example_branch_python_dop_operator_3.py
[2025-01-16T16:06:40.189+0000] {logging_mixin.py:190} INFO - [2025-01-16T16:06:40.188+0000] {dag.py:3239} INFO - Sync 1 DAGs
[2025-01-16T16:06:40.205+0000] {logging_mixin.py:190} INFO - [2025-01-16T16:06:40.205+0000] {dag.py:4180} INFO - Setting next_dagrun for example_branch_dop_operator_v3 to 2025-01-16 16:05:00+00:00, run_after=2025-01-16 16:06:00+00:00
[2025-01-16T16:06:40.216+0000] {processor.py:208} INFO - Processing /home/airflow/.local/lib/python3.12/site-packages/airflow/example_dags/example_branch_python_dop_operator_3.py took 0.197 seconds
[2025-01-16T16:07:10.474+0000] {processor.py:186} INFO - Started process (PID=19343) to work on /home/airflow/.local/lib/python3.12/site-packages/airflow/example_dags/example_branch_python_dop_operator_3.py
[2025-01-16T16:07:10.476+0000] {processor.py:914} INFO - Processing file /home/airflow/.local/lib/python3.12/site-packages/airflow/example_dags/example_branch_python_dop_operator_3.py for tasks to queue
[2025-01-16T16:07:10.478+0000] {logging_mixin.py:190} INFO - [2025-01-16T16:07:10.478+0000] {dagbag.py:588} INFO - Filling up the DagBag from /home/airflow/.local/lib/python3.12/site-packages/airflow/example_dags/example_branch_python_dop_operator_3.py
[2025-01-16T16:07:10.490+0000] {processor.py:925} INFO - DAG(s) 'example_branch_dop_operator_v3' retrieved from /home/airflow/.local/lib/python3.12/site-packages/airflow/example_dags/example_branch_python_dop_operator_3.py
[2025-01-16T16:07:10.510+0000] {logging_mixin.py:190} INFO - [2025-01-16T16:07:10.509+0000] {dag.py:3239} INFO - Sync 1 DAGs
[2025-01-16T16:07:10.539+0000] {logging_mixin.py:190} INFO - [2025-01-16T16:07:10.539+0000] {dag.py:4180} INFO - Setting next_dagrun for example_branch_dop_operator_v3 to 2025-01-16 16:06:00+00:00, run_after=2025-01-16 16:07:00+00:00
[2025-01-16T16:07:10.558+0000] {processor.py:208} INFO - Processing /home/airflow/.local/lib/python3.12/site-packages/airflow/example_dags/example_branch_python_dop_operator_3.py took 0.095 seconds
[2025-01-16T16:07:41.523+0000] {processor.py:186} INFO - Started process (PID=19639) to work on /home/airflow/.local/lib/python3.12/site-packages/airflow/example_dags/example_branch_python_dop_operator_3.py
[2025-01-16T16:07:41.524+0000] {processor.py:914} INFO - Processing file /home/airflow/.local/lib/python3.12/site-packages/airflow/example_dags/example_branch_python_dop_operator_3.py for tasks to queue
[2025-01-16T16:07:41.525+0000] {logging_mixin.py:190} INFO - [2025-01-16T16:07:41.525+0000] {dagbag.py:588} INFO - Filling up the DagBag from /home/airflow/.local/lib/python3.12/site-packages/airflow/example_dags/example_branch_python_dop_operator_3.py
[2025-01-16T16:07:41.535+0000] {processor.py:925} INFO - DAG(s) 'example_branch_dop_operator_v3' retrieved from /home/airflow/.local/lib/python3.12/site-packages/airflow/example_dags/example_branch_python_dop_operator_3.py
[2025-01-16T16:07:41.550+0000] {logging_mixin.py:190} INFO - [2025-01-16T16:07:41.550+0000] {dag.py:3239} INFO - Sync 1 DAGs
[2025-01-16T16:07:41.570+0000] {logging_mixin.py:190} INFO - [2025-01-16T16:07:41.570+0000] {dag.py:4180} INFO - Setting next_dagrun for example_branch_dop_operator_v3 to 2025-01-16 16:06:00+00:00, run_after=2025-01-16 16:07:00+00:00
[2025-01-16T16:07:41.584+0000] {processor.py:208} INFO - Processing /home/airflow/.local/lib/python3.12/site-packages/airflow/example_dags/example_branch_python_dop_operator_3.py took 0.064 seconds
[2025-01-16T16:08:11.856+0000] {processor.py:186} INFO - Started process (PID=19935) to work on /home/airflow/.local/lib/python3.12/site-packages/airflow/example_dags/example_branch_python_dop_operator_3.py
[2025-01-16T16:08:11.856+0000] {processor.py:914} INFO - Processing file /home/airflow/.local/lib/python3.12/site-packages/airflow/example_dags/example_branch_python_dop_operator_3.py for tasks to queue
[2025-01-16T16:08:11.857+0000] {logging_mixin.py:190} INFO - [2025-01-16T16:08:11.857+0000] {dagbag.py:588} INFO - Filling up the DagBag from /home/airflow/.local/lib/python3.12/site-packages/airflow/example_dags/example_branch_python_dop_operator_3.py
[2025-01-16T16:08:11.866+0000] {processor.py:925} INFO - DAG(s) 'example_branch_dop_operator_v3' retrieved from /home/airflow/.local/lib/python3.12/site-packages/airflow/example_dags/example_branch_python_dop_operator_3.py
[2025-01-16T16:08:11.880+0000] {logging_mixin.py:190} INFO - [2025-01-16T16:08:11.880+0000] {dag.py:3239} INFO - Sync 1 DAGs
[2025-01-16T16:08:11.900+0000] {logging_mixin.py:190} INFO - [2025-01-16T16:08:11.900+0000] {dag.py:4180} INFO - Setting next_dagrun for example_branch_dop_operator_v3 to 2025-01-16 16:07:00+00:00, run_after=2025-01-16 16:08:00+00:00
[2025-01-16T16:08:11.913+0000] {processor.py:208} INFO - Processing /home/airflow/.local/lib/python3.12/site-packages/airflow/example_dags/example_branch_python_dop_operator_3.py took 0.061 seconds
