[2025-01-16T15:34:06.424+0000] {processor.py:186} INFO - Started process (PID=372) to work on /home/airflow/.local/lib/python3.12/site-packages/airflow/example_dags/example_setup_teardown.py
[2025-01-16T15:34:06.425+0000] {processor.py:914} INFO - Processing file /home/airflow/.local/lib/python3.12/site-packages/airflow/example_dags/example_setup_teardown.py for tasks to queue
[2025-01-16T15:34:06.427+0000] {logging_mixin.py:190} INFO - [2025-01-16T15:34:06.426+0000] {dagbag.py:588} INFO - Filling up the DagBag from /home/airflow/.local/lib/python3.12/site-packages/airflow/example_dags/example_setup_teardown.py
[2025-01-16T15:34:06.435+0000] {processor.py:925} INFO - DAG(s) 'example_setup_teardown' retrieved from /home/airflow/.local/lib/python3.12/site-packages/airflow/example_dags/example_setup_teardown.py
[2025-01-16T15:34:06.523+0000] {logging_mixin.py:190} INFO - [2025-01-16T15:34:06.522+0000] {override.py:1911} INFO - Created Permission View: can edit on DAG:example_setup_teardown
[2025-01-16T15:34:06.531+0000] {logging_mixin.py:190} INFO - [2025-01-16T15:34:06.530+0000] {override.py:1911} INFO - Created Permission View: can delete on DAG:example_setup_teardown
[2025-01-16T15:34:06.536+0000] {logging_mixin.py:190} INFO - [2025-01-16T15:34:06.536+0000] {override.py:1911} INFO - Created Permission View: can read on DAG:example_setup_teardown
[2025-01-16T15:34:06.542+0000] {logging_mixin.py:190} INFO - [2025-01-16T15:34:06.542+0000] {override.py:1911} INFO - Created Permission View: can create on DAG Run:example_setup_teardown
[2025-01-16T15:34:06.547+0000] {logging_mixin.py:190} INFO - [2025-01-16T15:34:06.547+0000] {override.py:1911} INFO - Created Permission View: can delete on DAG Run:example_setup_teardown
[2025-01-16T15:34:06.552+0000] {logging_mixin.py:190} INFO - [2025-01-16T15:34:06.552+0000] {override.py:1911} INFO - Created Permission View: menu access on DAG Run:example_setup_teardown
[2025-01-16T15:34:06.558+0000] {logging_mixin.py:190} INFO - [2025-01-16T15:34:06.557+0000] {override.py:1911} INFO - Created Permission View: can read on DAG Run:example_setup_teardown
[2025-01-16T15:34:06.558+0000] {logging_mixin.py:190} INFO - [2025-01-16T15:34:06.558+0000] {dag.py:3239} INFO - Sync 1 DAGs
[2025-01-16T15:34:06.568+0000] {logging_mixin.py:190} INFO - [2025-01-16T15:34:06.568+0000] {dag.py:3262} INFO - Creating ORM DAG for example_setup_teardown
[2025-01-16T15:34:06.568+0000] {logging_mixin.py:190} INFO - [2025-01-16T15:34:06.568+0000] {dag.py:4180} INFO - Setting next_dagrun for example_setup_teardown to None, run_after=None
[2025-01-16T15:34:06.580+0000] {processor.py:208} INFO - Processing /home/airflow/.local/lib/python3.12/site-packages/airflow/example_dags/example_setup_teardown.py took 0.161 seconds
[2025-01-16T15:34:37.356+0000] {processor.py:186} INFO - Started process (PID=668) to work on /home/airflow/.local/lib/python3.12/site-packages/airflow/example_dags/example_setup_teardown.py
[2025-01-16T15:34:37.357+0000] {processor.py:914} INFO - Processing file /home/airflow/.local/lib/python3.12/site-packages/airflow/example_dags/example_setup_teardown.py for tasks to queue
[2025-01-16T15:34:37.360+0000] {logging_mixin.py:190} INFO - [2025-01-16T15:34:37.359+0000] {dagbag.py:588} INFO - Filling up the DagBag from /home/airflow/.local/lib/python3.12/site-packages/airflow/example_dags/example_setup_teardown.py
[2025-01-16T15:34:37.369+0000] {processor.py:925} INFO - DAG(s) 'example_setup_teardown' retrieved from /home/airflow/.local/lib/python3.12/site-packages/airflow/example_dags/example_setup_teardown.py
[2025-01-16T15:34:37.396+0000] {logging_mixin.py:190} INFO - [2025-01-16T15:34:37.395+0000] {dag.py:3239} INFO - Sync 1 DAGs
[2025-01-16T15:34:37.418+0000] {logging_mixin.py:190} INFO - [2025-01-16T15:34:37.418+0000] {dag.py:4180} INFO - Setting next_dagrun for example_setup_teardown to None, run_after=None
[2025-01-16T15:34:37.447+0000] {processor.py:208} INFO - Processing /home/airflow/.local/lib/python3.12/site-packages/airflow/example_dags/example_setup_teardown.py took 0.096 seconds
[2025-01-16T15:35:07.644+0000] {processor.py:186} INFO - Started process (PID=962) to work on /home/airflow/.local/lib/python3.12/site-packages/airflow/example_dags/example_setup_teardown.py
[2025-01-16T15:35:07.645+0000] {processor.py:914} INFO - Processing file /home/airflow/.local/lib/python3.12/site-packages/airflow/example_dags/example_setup_teardown.py for tasks to queue
[2025-01-16T15:35:07.647+0000] {logging_mixin.py:190} INFO - [2025-01-16T15:35:07.646+0000] {dagbag.py:588} INFO - Filling up the DagBag from /home/airflow/.local/lib/python3.12/site-packages/airflow/example_dags/example_setup_teardown.py
[2025-01-16T15:35:07.653+0000] {processor.py:925} INFO - DAG(s) 'example_setup_teardown' retrieved from /home/airflow/.local/lib/python3.12/site-packages/airflow/example_dags/example_setup_teardown.py
[2025-01-16T15:35:07.667+0000] {logging_mixin.py:190} INFO - [2025-01-16T15:35:07.667+0000] {dag.py:3239} INFO - Sync 1 DAGs
[2025-01-16T15:35:07.678+0000] {logging_mixin.py:190} INFO - [2025-01-16T15:35:07.678+0000] {dag.py:4180} INFO - Setting next_dagrun for example_setup_teardown to None, run_after=None
[2025-01-16T15:35:07.693+0000] {processor.py:208} INFO - Processing /home/airflow/.local/lib/python3.12/site-packages/airflow/example_dags/example_setup_teardown.py took 0.053 seconds
[2025-01-16T15:35:37.844+0000] {processor.py:186} INFO - Started process (PID=1256) to work on /home/airflow/.local/lib/python3.12/site-packages/airflow/example_dags/example_setup_teardown.py
[2025-01-16T15:35:37.845+0000] {processor.py:914} INFO - Processing file /home/airflow/.local/lib/python3.12/site-packages/airflow/example_dags/example_setup_teardown.py for tasks to queue
[2025-01-16T15:35:37.846+0000] {logging_mixin.py:190} INFO - [2025-01-16T15:35:37.846+0000] {dagbag.py:588} INFO - Filling up the DagBag from /home/airflow/.local/lib/python3.12/site-packages/airflow/example_dags/example_setup_teardown.py
[2025-01-16T15:35:37.852+0000] {processor.py:925} INFO - DAG(s) 'example_setup_teardown' retrieved from /home/airflow/.local/lib/python3.12/site-packages/airflow/example_dags/example_setup_teardown.py
[2025-01-16T15:35:37.867+0000] {logging_mixin.py:190} INFO - [2025-01-16T15:35:37.867+0000] {dag.py:3239} INFO - Sync 1 DAGs
[2025-01-16T15:35:37.877+0000] {logging_mixin.py:190} INFO - [2025-01-16T15:35:37.877+0000] {dag.py:4180} INFO - Setting next_dagrun for example_setup_teardown to None, run_after=None
[2025-01-16T15:35:37.891+0000] {processor.py:208} INFO - Processing /home/airflow/.local/lib/python3.12/site-packages/airflow/example_dags/example_setup_teardown.py took 0.051 seconds
[2025-01-16T15:36:08.520+0000] {processor.py:186} INFO - Started process (PID=1552) to work on /home/airflow/.local/lib/python3.12/site-packages/airflow/example_dags/example_setup_teardown.py
[2025-01-16T15:36:08.521+0000] {processor.py:914} INFO - Processing file /home/airflow/.local/lib/python3.12/site-packages/airflow/example_dags/example_setup_teardown.py for tasks to queue
[2025-01-16T15:36:08.523+0000] {logging_mixin.py:190} INFO - [2025-01-16T15:36:08.522+0000] {dagbag.py:588} INFO - Filling up the DagBag from /home/airflow/.local/lib/python3.12/site-packages/airflow/example_dags/example_setup_teardown.py
[2025-01-16T15:36:08.529+0000] {processor.py:925} INFO - DAG(s) 'example_setup_teardown' retrieved from /home/airflow/.local/lib/python3.12/site-packages/airflow/example_dags/example_setup_teardown.py
[2025-01-16T15:36:08.547+0000] {logging_mixin.py:190} INFO - [2025-01-16T15:36:08.546+0000] {dag.py:3239} INFO - Sync 1 DAGs
[2025-01-16T15:36:08.560+0000] {logging_mixin.py:190} INFO - [2025-01-16T15:36:08.560+0000] {dag.py:4180} INFO - Setting next_dagrun for example_setup_teardown to None, run_after=None
[2025-01-16T15:36:08.577+0000] {processor.py:208} INFO - Processing /home/airflow/.local/lib/python3.12/site-packages/airflow/example_dags/example_setup_teardown.py took 0.063 seconds
[2025-01-16T15:36:39.565+0000] {processor.py:186} INFO - Started process (PID=1848) to work on /home/airflow/.local/lib/python3.12/site-packages/airflow/example_dags/example_setup_teardown.py
[2025-01-16T15:36:39.566+0000] {processor.py:914} INFO - Processing file /home/airflow/.local/lib/python3.12/site-packages/airflow/example_dags/example_setup_teardown.py for tasks to queue
[2025-01-16T15:36:39.567+0000] {logging_mixin.py:190} INFO - [2025-01-16T15:36:39.567+0000] {dagbag.py:588} INFO - Filling up the DagBag from /home/airflow/.local/lib/python3.12/site-packages/airflow/example_dags/example_setup_teardown.py
[2025-01-16T15:36:39.574+0000] {processor.py:925} INFO - DAG(s) 'example_setup_teardown' retrieved from /home/airflow/.local/lib/python3.12/site-packages/airflow/example_dags/example_setup_teardown.py
[2025-01-16T15:36:39.589+0000] {logging_mixin.py:190} INFO - [2025-01-16T15:36:39.589+0000] {dag.py:3239} INFO - Sync 1 DAGs
[2025-01-16T15:36:39.601+0000] {logging_mixin.py:190} INFO - [2025-01-16T15:36:39.600+0000] {dag.py:4180} INFO - Setting next_dagrun for example_setup_teardown to None, run_after=None
[2025-01-16T15:36:39.617+0000] {processor.py:208} INFO - Processing /home/airflow/.local/lib/python3.12/site-packages/airflow/example_dags/example_setup_teardown.py took 0.056 seconds
[2025-01-16T15:37:11.382+0000] {processor.py:186} INFO - Started process (PID=2146) to work on /home/airflow/.local/lib/python3.12/site-packages/airflow/example_dags/example_setup_teardown.py
[2025-01-16T15:37:11.383+0000] {processor.py:914} INFO - Processing file /home/airflow/.local/lib/python3.12/site-packages/airflow/example_dags/example_setup_teardown.py for tasks to queue
[2025-01-16T15:37:11.385+0000] {logging_mixin.py:190} INFO - [2025-01-16T15:37:11.385+0000] {dagbag.py:588} INFO - Filling up the DagBag from /home/airflow/.local/lib/python3.12/site-packages/airflow/example_dags/example_setup_teardown.py
[2025-01-16T15:37:11.391+0000] {processor.py:925} INFO - DAG(s) 'example_setup_teardown' retrieved from /home/airflow/.local/lib/python3.12/site-packages/airflow/example_dags/example_setup_teardown.py
[2025-01-16T15:37:11.407+0000] {logging_mixin.py:190} INFO - [2025-01-16T15:37:11.407+0000] {dag.py:3239} INFO - Sync 1 DAGs
[2025-01-16T15:37:11.419+0000] {logging_mixin.py:190} INFO - [2025-01-16T15:37:11.418+0000] {dag.py:4180} INFO - Setting next_dagrun for example_setup_teardown to None, run_after=None
[2025-01-16T15:37:11.434+0000] {processor.py:208} INFO - Processing /home/airflow/.local/lib/python3.12/site-packages/airflow/example_dags/example_setup_teardown.py took 0.056 seconds
[2025-01-16T15:37:42.065+0000] {processor.py:186} INFO - Started process (PID=2440) to work on /home/airflow/.local/lib/python3.12/site-packages/airflow/example_dags/example_setup_teardown.py
[2025-01-16T15:37:42.066+0000] {processor.py:914} INFO - Processing file /home/airflow/.local/lib/python3.12/site-packages/airflow/example_dags/example_setup_teardown.py for tasks to queue
[2025-01-16T15:37:42.068+0000] {logging_mixin.py:190} INFO - [2025-01-16T15:37:42.067+0000] {dagbag.py:588} INFO - Filling up the DagBag from /home/airflow/.local/lib/python3.12/site-packages/airflow/example_dags/example_setup_teardown.py
[2025-01-16T15:37:42.074+0000] {processor.py:925} INFO - DAG(s) 'example_setup_teardown' retrieved from /home/airflow/.local/lib/python3.12/site-packages/airflow/example_dags/example_setup_teardown.py
[2025-01-16T15:37:42.089+0000] {logging_mixin.py:190} INFO - [2025-01-16T15:37:42.089+0000] {dag.py:3239} INFO - Sync 1 DAGs
[2025-01-16T15:37:42.100+0000] {logging_mixin.py:190} INFO - [2025-01-16T15:37:42.100+0000] {dag.py:4180} INFO - Setting next_dagrun for example_setup_teardown to None, run_after=None
[2025-01-16T15:37:42.114+0000] {processor.py:208} INFO - Processing /home/airflow/.local/lib/python3.12/site-packages/airflow/example_dags/example_setup_teardown.py took 0.054 seconds
[2025-01-16T15:38:12.781+0000] {processor.py:186} INFO - Started process (PID=2736) to work on /home/airflow/.local/lib/python3.12/site-packages/airflow/example_dags/example_setup_teardown.py
[2025-01-16T15:38:12.782+0000] {processor.py:914} INFO - Processing file /home/airflow/.local/lib/python3.12/site-packages/airflow/example_dags/example_setup_teardown.py for tasks to queue
[2025-01-16T15:38:12.785+0000] {logging_mixin.py:190} INFO - [2025-01-16T15:38:12.784+0000] {dagbag.py:588} INFO - Filling up the DagBag from /home/airflow/.local/lib/python3.12/site-packages/airflow/example_dags/example_setup_teardown.py
[2025-01-16T15:38:12.792+0000] {processor.py:925} INFO - DAG(s) 'example_setup_teardown' retrieved from /home/airflow/.local/lib/python3.12/site-packages/airflow/example_dags/example_setup_teardown.py
[2025-01-16T15:38:12.810+0000] {logging_mixin.py:190} INFO - [2025-01-16T15:38:12.810+0000] {dag.py:3239} INFO - Sync 1 DAGs
[2025-01-16T15:38:12.823+0000] {logging_mixin.py:190} INFO - [2025-01-16T15:38:12.823+0000] {dag.py:4180} INFO - Setting next_dagrun for example_setup_teardown to None, run_after=None
[2025-01-16T15:38:12.840+0000] {processor.py:208} INFO - Processing /home/airflow/.local/lib/python3.12/site-packages/airflow/example_dags/example_setup_teardown.py took 0.065 seconds
[2025-01-16T15:38:44.217+0000] {processor.py:186} INFO - Started process (PID=3034) to work on /home/airflow/.local/lib/python3.12/site-packages/airflow/example_dags/example_setup_teardown.py
[2025-01-16T15:38:44.218+0000] {processor.py:914} INFO - Processing file /home/airflow/.local/lib/python3.12/site-packages/airflow/example_dags/example_setup_teardown.py for tasks to queue
[2025-01-16T15:38:44.220+0000] {logging_mixin.py:190} INFO - [2025-01-16T15:38:44.220+0000] {dagbag.py:588} INFO - Filling up the DagBag from /home/airflow/.local/lib/python3.12/site-packages/airflow/example_dags/example_setup_teardown.py
[2025-01-16T15:38:44.226+0000] {processor.py:925} INFO - DAG(s) 'example_setup_teardown' retrieved from /home/airflow/.local/lib/python3.12/site-packages/airflow/example_dags/example_setup_teardown.py
[2025-01-16T15:38:44.241+0000] {logging_mixin.py:190} INFO - [2025-01-16T15:38:44.241+0000] {dag.py:3239} INFO - Sync 1 DAGs
[2025-01-16T15:38:44.251+0000] {logging_mixin.py:190} INFO - [2025-01-16T15:38:44.251+0000] {dag.py:4180} INFO - Setting next_dagrun for example_setup_teardown to None, run_after=None
[2025-01-16T15:38:44.266+0000] {processor.py:208} INFO - Processing /home/airflow/.local/lib/python3.12/site-packages/airflow/example_dags/example_setup_teardown.py took 0.053 seconds
[2025-01-16T15:39:15.624+0000] {processor.py:186} INFO - Started process (PID=3330) to work on /home/airflow/.local/lib/python3.12/site-packages/airflow/example_dags/example_setup_teardown.py
[2025-01-16T15:39:15.624+0000] {processor.py:914} INFO - Processing file /home/airflow/.local/lib/python3.12/site-packages/airflow/example_dags/example_setup_teardown.py for tasks to queue
[2025-01-16T15:39:15.626+0000] {logging_mixin.py:190} INFO - [2025-01-16T15:39:15.626+0000] {dagbag.py:588} INFO - Filling up the DagBag from /home/airflow/.local/lib/python3.12/site-packages/airflow/example_dags/example_setup_teardown.py
[2025-01-16T15:39:15.632+0000] {processor.py:925} INFO - DAG(s) 'example_setup_teardown' retrieved from /home/airflow/.local/lib/python3.12/site-packages/airflow/example_dags/example_setup_teardown.py
[2025-01-16T15:39:15.646+0000] {logging_mixin.py:190} INFO - [2025-01-16T15:39:15.646+0000] {dag.py:3239} INFO - Sync 1 DAGs
[2025-01-16T15:39:15.657+0000] {logging_mixin.py:190} INFO - [2025-01-16T15:39:15.657+0000] {dag.py:4180} INFO - Setting next_dagrun for example_setup_teardown to None, run_after=None
[2025-01-16T15:39:15.671+0000] {processor.py:208} INFO - Processing /home/airflow/.local/lib/python3.12/site-packages/airflow/example_dags/example_setup_teardown.py took 0.052 seconds
[2025-01-16T15:39:45.996+0000] {processor.py:186} INFO - Started process (PID=3626) to work on /home/airflow/.local/lib/python3.12/site-packages/airflow/example_dags/example_setup_teardown.py
[2025-01-16T15:39:45.996+0000] {processor.py:914} INFO - Processing file /home/airflow/.local/lib/python3.12/site-packages/airflow/example_dags/example_setup_teardown.py for tasks to queue
[2025-01-16T15:39:45.998+0000] {logging_mixin.py:190} INFO - [2025-01-16T15:39:45.998+0000] {dagbag.py:588} INFO - Filling up the DagBag from /home/airflow/.local/lib/python3.12/site-packages/airflow/example_dags/example_setup_teardown.py
[2025-01-16T15:39:46.004+0000] {processor.py:925} INFO - DAG(s) 'example_setup_teardown' retrieved from /home/airflow/.local/lib/python3.12/site-packages/airflow/example_dags/example_setup_teardown.py
[2025-01-16T15:39:46.019+0000] {logging_mixin.py:190} INFO - [2025-01-16T15:39:46.019+0000] {dag.py:3239} INFO - Sync 1 DAGs
[2025-01-16T15:39:46.029+0000] {logging_mixin.py:190} INFO - [2025-01-16T15:39:46.029+0000] {dag.py:4180} INFO - Setting next_dagrun for example_setup_teardown to None, run_after=None
[2025-01-16T15:39:46.045+0000] {processor.py:208} INFO - Processing /home/airflow/.local/lib/python3.12/site-packages/airflow/example_dags/example_setup_teardown.py took 0.053 seconds
[2025-01-16T15:40:17.444+0000] {processor.py:186} INFO - Started process (PID=3922) to work on /home/airflow/.local/lib/python3.12/site-packages/airflow/example_dags/example_setup_teardown.py
[2025-01-16T15:40:17.445+0000] {processor.py:914} INFO - Processing file /home/airflow/.local/lib/python3.12/site-packages/airflow/example_dags/example_setup_teardown.py for tasks to queue
[2025-01-16T15:40:17.447+0000] {logging_mixin.py:190} INFO - [2025-01-16T15:40:17.446+0000] {dagbag.py:588} INFO - Filling up the DagBag from /home/airflow/.local/lib/python3.12/site-packages/airflow/example_dags/example_setup_teardown.py
[2025-01-16T15:40:17.454+0000] {processor.py:925} INFO - DAG(s) 'example_setup_teardown' retrieved from /home/airflow/.local/lib/python3.12/site-packages/airflow/example_dags/example_setup_teardown.py
[2025-01-16T15:40:17.470+0000] {logging_mixin.py:190} INFO - [2025-01-16T15:40:17.470+0000] {dag.py:3239} INFO - Sync 1 DAGs
[2025-01-16T15:40:17.483+0000] {logging_mixin.py:190} INFO - [2025-01-16T15:40:17.482+0000] {dag.py:4180} INFO - Setting next_dagrun for example_setup_teardown to None, run_after=None
[2025-01-16T15:40:17.500+0000] {processor.py:208} INFO - Processing /home/airflow/.local/lib/python3.12/site-packages/airflow/example_dags/example_setup_teardown.py took 0.060 seconds
[2025-01-16T15:40:49.757+0000] {processor.py:186} INFO - Started process (PID=4221) to work on /home/airflow/.local/lib/python3.12/site-packages/airflow/example_dags/example_setup_teardown.py
[2025-01-16T15:40:49.758+0000] {processor.py:914} INFO - Processing file /home/airflow/.local/lib/python3.12/site-packages/airflow/example_dags/example_setup_teardown.py for tasks to queue
[2025-01-16T15:40:49.759+0000] {logging_mixin.py:190} INFO - [2025-01-16T15:40:49.759+0000] {dagbag.py:588} INFO - Filling up the DagBag from /home/airflow/.local/lib/python3.12/site-packages/airflow/example_dags/example_setup_teardown.py
[2025-01-16T15:40:49.767+0000] {processor.py:925} INFO - DAG(s) 'example_setup_teardown' retrieved from /home/airflow/.local/lib/python3.12/site-packages/airflow/example_dags/example_setup_teardown.py
[2025-01-16T15:40:49.784+0000] {logging_mixin.py:190} INFO - [2025-01-16T15:40:49.784+0000] {dag.py:3239} INFO - Sync 1 DAGs
[2025-01-16T15:40:49.795+0000] {logging_mixin.py:190} INFO - [2025-01-16T15:40:49.795+0000] {dag.py:4180} INFO - Setting next_dagrun for example_setup_teardown to None, run_after=None
[2025-01-16T15:40:49.809+0000] {processor.py:208} INFO - Processing /home/airflow/.local/lib/python3.12/site-packages/airflow/example_dags/example_setup_teardown.py took 0.057 seconds
[2025-01-16T15:41:20.269+0000] {processor.py:186} INFO - Started process (PID=4519) to work on /home/airflow/.local/lib/python3.12/site-packages/airflow/example_dags/example_setup_teardown.py
[2025-01-16T15:41:20.269+0000] {processor.py:914} INFO - Processing file /home/airflow/.local/lib/python3.12/site-packages/airflow/example_dags/example_setup_teardown.py for tasks to queue
[2025-01-16T15:41:20.271+0000] {logging_mixin.py:190} INFO - [2025-01-16T15:41:20.271+0000] {dagbag.py:588} INFO - Filling up the DagBag from /home/airflow/.local/lib/python3.12/site-packages/airflow/example_dags/example_setup_teardown.py
[2025-01-16T15:41:20.277+0000] {processor.py:925} INFO - DAG(s) 'example_setup_teardown' retrieved from /home/airflow/.local/lib/python3.12/site-packages/airflow/example_dags/example_setup_teardown.py
[2025-01-16T15:41:20.292+0000] {logging_mixin.py:190} INFO - [2025-01-16T15:41:20.292+0000] {dag.py:3239} INFO - Sync 1 DAGs
[2025-01-16T15:41:20.303+0000] {logging_mixin.py:190} INFO - [2025-01-16T15:41:20.303+0000] {dag.py:4180} INFO - Setting next_dagrun for example_setup_teardown to None, run_after=None
[2025-01-16T15:41:20.315+0000] {processor.py:208} INFO - Processing /home/airflow/.local/lib/python3.12/site-packages/airflow/example_dags/example_setup_teardown.py took 0.050 seconds
[2025-01-16T15:41:51.729+0000] {processor.py:186} INFO - Started process (PID=4815) to work on /home/airflow/.local/lib/python3.12/site-packages/airflow/example_dags/example_setup_teardown.py
[2025-01-16T15:41:51.730+0000] {processor.py:914} INFO - Processing file /home/airflow/.local/lib/python3.12/site-packages/airflow/example_dags/example_setup_teardown.py for tasks to queue
[2025-01-16T15:41:51.732+0000] {logging_mixin.py:190} INFO - [2025-01-16T15:41:51.731+0000] {dagbag.py:588} INFO - Filling up the DagBag from /home/airflow/.local/lib/python3.12/site-packages/airflow/example_dags/example_setup_teardown.py
[2025-01-16T15:41:51.739+0000] {processor.py:925} INFO - DAG(s) 'example_setup_teardown' retrieved from /home/airflow/.local/lib/python3.12/site-packages/airflow/example_dags/example_setup_teardown.py
[2025-01-16T15:41:51.755+0000] {logging_mixin.py:190} INFO - [2025-01-16T15:41:51.754+0000] {dag.py:3239} INFO - Sync 1 DAGs
[2025-01-16T15:41:51.765+0000] {logging_mixin.py:190} INFO - [2025-01-16T15:41:51.765+0000] {dag.py:4180} INFO - Setting next_dagrun for example_setup_teardown to None, run_after=None
[2025-01-16T15:41:51.778+0000] {processor.py:208} INFO - Processing /home/airflow/.local/lib/python3.12/site-packages/airflow/example_dags/example_setup_teardown.py took 0.053 seconds
[2025-01-16T15:42:23.048+0000] {processor.py:186} INFO - Started process (PID=5109) to work on /home/airflow/.local/lib/python3.12/site-packages/airflow/example_dags/example_setup_teardown.py
[2025-01-16T15:42:23.049+0000] {processor.py:914} INFO - Processing file /home/airflow/.local/lib/python3.12/site-packages/airflow/example_dags/example_setup_teardown.py for tasks to queue
[2025-01-16T15:42:23.051+0000] {logging_mixin.py:190} INFO - [2025-01-16T15:42:23.050+0000] {dagbag.py:588} INFO - Filling up the DagBag from /home/airflow/.local/lib/python3.12/site-packages/airflow/example_dags/example_setup_teardown.py
[2025-01-16T15:42:23.056+0000] {processor.py:925} INFO - DAG(s) 'example_setup_teardown' retrieved from /home/airflow/.local/lib/python3.12/site-packages/airflow/example_dags/example_setup_teardown.py
[2025-01-16T15:42:23.071+0000] {logging_mixin.py:190} INFO - [2025-01-16T15:42:23.071+0000] {dag.py:3239} INFO - Sync 1 DAGs
[2025-01-16T15:42:23.085+0000] {logging_mixin.py:190} INFO - [2025-01-16T15:42:23.085+0000] {dag.py:4180} INFO - Setting next_dagrun for example_setup_teardown to None, run_after=None
[2025-01-16T15:42:23.099+0000] {processor.py:208} INFO - Processing /home/airflow/.local/lib/python3.12/site-packages/airflow/example_dags/example_setup_teardown.py took 0.055 seconds
[2025-01-16T15:42:54.200+0000] {processor.py:186} INFO - Started process (PID=5405) to work on /home/airflow/.local/lib/python3.12/site-packages/airflow/example_dags/example_setup_teardown.py
[2025-01-16T15:42:54.201+0000] {processor.py:914} INFO - Processing file /home/airflow/.local/lib/python3.12/site-packages/airflow/example_dags/example_setup_teardown.py for tasks to queue
[2025-01-16T15:42:54.203+0000] {logging_mixin.py:190} INFO - [2025-01-16T15:42:54.203+0000] {dagbag.py:588} INFO - Filling up the DagBag from /home/airflow/.local/lib/python3.12/site-packages/airflow/example_dags/example_setup_teardown.py
[2025-01-16T15:42:54.209+0000] {processor.py:925} INFO - DAG(s) 'example_setup_teardown' retrieved from /home/airflow/.local/lib/python3.12/site-packages/airflow/example_dags/example_setup_teardown.py
[2025-01-16T15:42:54.224+0000] {logging_mixin.py:190} INFO - [2025-01-16T15:42:54.224+0000] {dag.py:3239} INFO - Sync 1 DAGs
[2025-01-16T15:42:54.236+0000] {logging_mixin.py:190} INFO - [2025-01-16T15:42:54.235+0000] {dag.py:4180} INFO - Setting next_dagrun for example_setup_teardown to None, run_after=None
[2025-01-16T15:42:54.249+0000] {processor.py:208} INFO - Processing /home/airflow/.local/lib/python3.12/site-packages/airflow/example_dags/example_setup_teardown.py took 0.053 seconds
[2025-01-16T15:43:25.304+0000] {processor.py:186} INFO - Started process (PID=5701) to work on /home/airflow/.local/lib/python3.12/site-packages/airflow/example_dags/example_setup_teardown.py
[2025-01-16T15:43:25.304+0000] {processor.py:914} INFO - Processing file /home/airflow/.local/lib/python3.12/site-packages/airflow/example_dags/example_setup_teardown.py for tasks to queue
[2025-01-16T15:43:25.307+0000] {logging_mixin.py:190} INFO - [2025-01-16T15:43:25.306+0000] {dagbag.py:588} INFO - Filling up the DagBag from /home/airflow/.local/lib/python3.12/site-packages/airflow/example_dags/example_setup_teardown.py
[2025-01-16T15:43:25.313+0000] {processor.py:925} INFO - DAG(s) 'example_setup_teardown' retrieved from /home/airflow/.local/lib/python3.12/site-packages/airflow/example_dags/example_setup_teardown.py
[2025-01-16T15:43:25.328+0000] {logging_mixin.py:190} INFO - [2025-01-16T15:43:25.328+0000] {dag.py:3239} INFO - Sync 1 DAGs
[2025-01-16T15:43:25.339+0000] {logging_mixin.py:190} INFO - [2025-01-16T15:43:25.339+0000] {dag.py:4180} INFO - Setting next_dagrun for example_setup_teardown to None, run_after=None
[2025-01-16T15:43:25.353+0000] {processor.py:208} INFO - Processing /home/airflow/.local/lib/python3.12/site-packages/airflow/example_dags/example_setup_teardown.py took 0.053 seconds
[2025-01-16T15:43:57.155+0000] {processor.py:186} INFO - Started process (PID=5997) to work on /home/airflow/.local/lib/python3.12/site-packages/airflow/example_dags/example_setup_teardown.py
[2025-01-16T15:43:57.156+0000] {processor.py:914} INFO - Processing file /home/airflow/.local/lib/python3.12/site-packages/airflow/example_dags/example_setup_teardown.py for tasks to queue
[2025-01-16T15:43:57.158+0000] {logging_mixin.py:190} INFO - [2025-01-16T15:43:57.157+0000] {dagbag.py:588} INFO - Filling up the DagBag from /home/airflow/.local/lib/python3.12/site-packages/airflow/example_dags/example_setup_teardown.py
[2025-01-16T15:43:57.164+0000] {processor.py:925} INFO - DAG(s) 'example_setup_teardown' retrieved from /home/airflow/.local/lib/python3.12/site-packages/airflow/example_dags/example_setup_teardown.py
[2025-01-16T15:43:57.180+0000] {logging_mixin.py:190} INFO - [2025-01-16T15:43:57.180+0000] {dag.py:3239} INFO - Sync 1 DAGs
[2025-01-16T15:43:57.190+0000] {logging_mixin.py:190} INFO - [2025-01-16T15:43:57.190+0000] {dag.py:4180} INFO - Setting next_dagrun for example_setup_teardown to None, run_after=None
[2025-01-16T15:43:57.205+0000] {processor.py:208} INFO - Processing /home/airflow/.local/lib/python3.12/site-packages/airflow/example_dags/example_setup_teardown.py took 0.054 seconds
[2025-01-16T15:44:28.338+0000] {processor.py:186} INFO - Started process (PID=6293) to work on /home/airflow/.local/lib/python3.12/site-packages/airflow/example_dags/example_setup_teardown.py
[2025-01-16T15:44:28.339+0000] {processor.py:914} INFO - Processing file /home/airflow/.local/lib/python3.12/site-packages/airflow/example_dags/example_setup_teardown.py for tasks to queue
[2025-01-16T15:44:28.340+0000] {logging_mixin.py:190} INFO - [2025-01-16T15:44:28.340+0000] {dagbag.py:588} INFO - Filling up the DagBag from /home/airflow/.local/lib/python3.12/site-packages/airflow/example_dags/example_setup_teardown.py
[2025-01-16T15:44:28.347+0000] {processor.py:925} INFO - DAG(s) 'example_setup_teardown' retrieved from /home/airflow/.local/lib/python3.12/site-packages/airflow/example_dags/example_setup_teardown.py
[2025-01-16T15:44:28.362+0000] {logging_mixin.py:190} INFO - [2025-01-16T15:44:28.362+0000] {dag.py:3239} INFO - Sync 1 DAGs
[2025-01-16T15:44:28.374+0000] {logging_mixin.py:190} INFO - [2025-01-16T15:44:28.374+0000] {dag.py:4180} INFO - Setting next_dagrun for example_setup_teardown to None, run_after=None
[2025-01-16T15:44:28.387+0000] {processor.py:208} INFO - Processing /home/airflow/.local/lib/python3.12/site-packages/airflow/example_dags/example_setup_teardown.py took 0.053 seconds
[2025-01-16T15:44:59.337+0000] {processor.py:186} INFO - Started process (PID=6589) to work on /home/airflow/.local/lib/python3.12/site-packages/airflow/example_dags/example_setup_teardown.py
[2025-01-16T15:44:59.338+0000] {processor.py:914} INFO - Processing file /home/airflow/.local/lib/python3.12/site-packages/airflow/example_dags/example_setup_teardown.py for tasks to queue
[2025-01-16T15:44:59.340+0000] {logging_mixin.py:190} INFO - [2025-01-16T15:44:59.340+0000] {dagbag.py:588} INFO - Filling up the DagBag from /home/airflow/.local/lib/python3.12/site-packages/airflow/example_dags/example_setup_teardown.py
[2025-01-16T15:44:59.347+0000] {processor.py:925} INFO - DAG(s) 'example_setup_teardown' retrieved from /home/airflow/.local/lib/python3.12/site-packages/airflow/example_dags/example_setup_teardown.py
[2025-01-16T15:44:59.362+0000] {logging_mixin.py:190} INFO - [2025-01-16T15:44:59.362+0000] {dag.py:3239} INFO - Sync 1 DAGs
[2025-01-16T15:44:59.373+0000] {logging_mixin.py:190} INFO - [2025-01-16T15:44:59.373+0000] {dag.py:4180} INFO - Setting next_dagrun for example_setup_teardown to None, run_after=None
[2025-01-16T15:44:59.386+0000] {processor.py:208} INFO - Processing /home/airflow/.local/lib/python3.12/site-packages/airflow/example_dags/example_setup_teardown.py took 0.054 seconds
[2025-01-16T15:45:30.554+0000] {processor.py:186} INFO - Started process (PID=6885) to work on /home/airflow/.local/lib/python3.12/site-packages/airflow/example_dags/example_setup_teardown.py
[2025-01-16T15:45:30.555+0000] {processor.py:914} INFO - Processing file /home/airflow/.local/lib/python3.12/site-packages/airflow/example_dags/example_setup_teardown.py for tasks to queue
[2025-01-16T15:45:30.557+0000] {logging_mixin.py:190} INFO - [2025-01-16T15:45:30.557+0000] {dagbag.py:588} INFO - Filling up the DagBag from /home/airflow/.local/lib/python3.12/site-packages/airflow/example_dags/example_setup_teardown.py
[2025-01-16T15:45:30.563+0000] {processor.py:925} INFO - DAG(s) 'example_setup_teardown' retrieved from /home/airflow/.local/lib/python3.12/site-packages/airflow/example_dags/example_setup_teardown.py
[2025-01-16T15:45:30.578+0000] {logging_mixin.py:190} INFO - [2025-01-16T15:45:30.578+0000] {dag.py:3239} INFO - Sync 1 DAGs
[2025-01-16T15:45:30.590+0000] {logging_mixin.py:190} INFO - [2025-01-16T15:45:30.590+0000] {dag.py:4180} INFO - Setting next_dagrun for example_setup_teardown to None, run_after=None
[2025-01-16T15:45:30.607+0000] {processor.py:208} INFO - Processing /home/airflow/.local/lib/python3.12/site-packages/airflow/example_dags/example_setup_teardown.py took 0.057 seconds
[2025-01-16T15:46:02.256+0000] {processor.py:186} INFO - Started process (PID=7187) to work on /home/airflow/.local/lib/python3.12/site-packages/airflow/example_dags/example_setup_teardown.py
[2025-01-16T15:46:02.257+0000] {processor.py:914} INFO - Processing file /home/airflow/.local/lib/python3.12/site-packages/airflow/example_dags/example_setup_teardown.py for tasks to queue
[2025-01-16T15:46:02.259+0000] {logging_mixin.py:190} INFO - [2025-01-16T15:46:02.258+0000] {dagbag.py:588} INFO - Filling up the DagBag from /home/airflow/.local/lib/python3.12/site-packages/airflow/example_dags/example_setup_teardown.py
[2025-01-16T15:46:02.265+0000] {processor.py:925} INFO - DAG(s) 'example_setup_teardown' retrieved from /home/airflow/.local/lib/python3.12/site-packages/airflow/example_dags/example_setup_teardown.py
[2025-01-16T15:46:02.282+0000] {logging_mixin.py:190} INFO - [2025-01-16T15:46:02.282+0000] {dag.py:3239} INFO - Sync 1 DAGs
[2025-01-16T15:46:02.293+0000] {logging_mixin.py:190} INFO - [2025-01-16T15:46:02.293+0000] {dag.py:4180} INFO - Setting next_dagrun for example_setup_teardown to None, run_after=None
[2025-01-16T15:46:02.311+0000] {processor.py:208} INFO - Processing /home/airflow/.local/lib/python3.12/site-packages/airflow/example_dags/example_setup_teardown.py took 0.059 seconds
[2025-01-16T15:46:33.350+0000] {processor.py:186} INFO - Started process (PID=7483) to work on /home/airflow/.local/lib/python3.12/site-packages/airflow/example_dags/example_setup_teardown.py
[2025-01-16T15:46:33.351+0000] {processor.py:914} INFO - Processing file /home/airflow/.local/lib/python3.12/site-packages/airflow/example_dags/example_setup_teardown.py for tasks to queue
[2025-01-16T15:46:33.352+0000] {logging_mixin.py:190} INFO - [2025-01-16T15:46:33.352+0000] {dagbag.py:588} INFO - Filling up the DagBag from /home/airflow/.local/lib/python3.12/site-packages/airflow/example_dags/example_setup_teardown.py
[2025-01-16T15:46:33.359+0000] {processor.py:925} INFO - DAG(s) 'example_setup_teardown' retrieved from /home/airflow/.local/lib/python3.12/site-packages/airflow/example_dags/example_setup_teardown.py
[2025-01-16T15:46:33.373+0000] {logging_mixin.py:190} INFO - [2025-01-16T15:46:33.373+0000] {dag.py:3239} INFO - Sync 1 DAGs
[2025-01-16T15:46:33.385+0000] {logging_mixin.py:190} INFO - [2025-01-16T15:46:33.384+0000] {dag.py:4180} INFO - Setting next_dagrun for example_setup_teardown to None, run_after=None
[2025-01-16T15:46:33.399+0000] {processor.py:208} INFO - Processing /home/airflow/.local/lib/python3.12/site-packages/airflow/example_dags/example_setup_teardown.py took 0.053 seconds
[2025-01-16T15:47:04.025+0000] {processor.py:186} INFO - Started process (PID=7779) to work on /home/airflow/.local/lib/python3.12/site-packages/airflow/example_dags/example_setup_teardown.py
[2025-01-16T15:47:04.025+0000] {processor.py:914} INFO - Processing file /home/airflow/.local/lib/python3.12/site-packages/airflow/example_dags/example_setup_teardown.py for tasks to queue
[2025-01-16T15:47:04.027+0000] {logging_mixin.py:190} INFO - [2025-01-16T15:47:04.027+0000] {dagbag.py:588} INFO - Filling up the DagBag from /home/airflow/.local/lib/python3.12/site-packages/airflow/example_dags/example_setup_teardown.py
[2025-01-16T15:47:04.034+0000] {processor.py:925} INFO - DAG(s) 'example_setup_teardown' retrieved from /home/airflow/.local/lib/python3.12/site-packages/airflow/example_dags/example_setup_teardown.py
[2025-01-16T15:47:04.049+0000] {logging_mixin.py:190} INFO - [2025-01-16T15:47:04.049+0000] {dag.py:3239} INFO - Sync 1 DAGs
[2025-01-16T15:47:04.060+0000] {logging_mixin.py:190} INFO - [2025-01-16T15:47:04.059+0000] {dag.py:4180} INFO - Setting next_dagrun for example_setup_teardown to None, run_after=None
[2025-01-16T15:47:04.073+0000] {processor.py:208} INFO - Processing /home/airflow/.local/lib/python3.12/site-packages/airflow/example_dags/example_setup_teardown.py took 0.052 seconds
[2025-01-16T15:47:34.919+0000] {processor.py:186} INFO - Started process (PID=8075) to work on /home/airflow/.local/lib/python3.12/site-packages/airflow/example_dags/example_setup_teardown.py
[2025-01-16T15:47:34.919+0000] {processor.py:914} INFO - Processing file /home/airflow/.local/lib/python3.12/site-packages/airflow/example_dags/example_setup_teardown.py for tasks to queue
[2025-01-16T15:47:34.921+0000] {logging_mixin.py:190} INFO - [2025-01-16T15:47:34.921+0000] {dagbag.py:588} INFO - Filling up the DagBag from /home/airflow/.local/lib/python3.12/site-packages/airflow/example_dags/example_setup_teardown.py
[2025-01-16T15:47:34.927+0000] {processor.py:925} INFO - DAG(s) 'example_setup_teardown' retrieved from /home/airflow/.local/lib/python3.12/site-packages/airflow/example_dags/example_setup_teardown.py
[2025-01-16T15:47:34.943+0000] {logging_mixin.py:190} INFO - [2025-01-16T15:47:34.942+0000] {dag.py:3239} INFO - Sync 1 DAGs
[2025-01-16T15:47:34.954+0000] {logging_mixin.py:190} INFO - [2025-01-16T15:47:34.954+0000] {dag.py:4180} INFO - Setting next_dagrun for example_setup_teardown to None, run_after=None
[2025-01-16T15:47:34.968+0000] {processor.py:208} INFO - Processing /home/airflow/.local/lib/python3.12/site-packages/airflow/example_dags/example_setup_teardown.py took 0.054 seconds
[2025-01-16T15:48:06.448+0000] {processor.py:186} INFO - Started process (PID=8371) to work on /home/airflow/.local/lib/python3.12/site-packages/airflow/example_dags/example_setup_teardown.py
[2025-01-16T15:48:06.449+0000] {processor.py:914} INFO - Processing file /home/airflow/.local/lib/python3.12/site-packages/airflow/example_dags/example_setup_teardown.py for tasks to queue
[2025-01-16T15:48:06.450+0000] {logging_mixin.py:190} INFO - [2025-01-16T15:48:06.450+0000] {dagbag.py:588} INFO - Filling up the DagBag from /home/airflow/.local/lib/python3.12/site-packages/airflow/example_dags/example_setup_teardown.py
[2025-01-16T15:48:06.456+0000] {processor.py:925} INFO - DAG(s) 'example_setup_teardown' retrieved from /home/airflow/.local/lib/python3.12/site-packages/airflow/example_dags/example_setup_teardown.py
[2025-01-16T15:48:06.472+0000] {logging_mixin.py:190} INFO - [2025-01-16T15:48:06.472+0000] {dag.py:3239} INFO - Sync 1 DAGs
[2025-01-16T15:48:06.483+0000] {logging_mixin.py:190} INFO - [2025-01-16T15:48:06.482+0000] {dag.py:4180} INFO - Setting next_dagrun for example_setup_teardown to None, run_after=None
[2025-01-16T15:48:06.496+0000] {processor.py:208} INFO - Processing /home/airflow/.local/lib/python3.12/site-packages/airflow/example_dags/example_setup_teardown.py took 0.051 seconds
[2025-01-16T15:48:37.230+0000] {processor.py:186} INFO - Started process (PID=8667) to work on /home/airflow/.local/lib/python3.12/site-packages/airflow/example_dags/example_setup_teardown.py
[2025-01-16T15:48:37.231+0000] {processor.py:914} INFO - Processing file /home/airflow/.local/lib/python3.12/site-packages/airflow/example_dags/example_setup_teardown.py for tasks to queue
[2025-01-16T15:48:37.233+0000] {logging_mixin.py:190} INFO - [2025-01-16T15:48:37.232+0000] {dagbag.py:588} INFO - Filling up the DagBag from /home/airflow/.local/lib/python3.12/site-packages/airflow/example_dags/example_setup_teardown.py
[2025-01-16T15:48:37.239+0000] {processor.py:925} INFO - DAG(s) 'example_setup_teardown' retrieved from /home/airflow/.local/lib/python3.12/site-packages/airflow/example_dags/example_setup_teardown.py
[2025-01-16T15:48:37.254+0000] {logging_mixin.py:190} INFO - [2025-01-16T15:48:37.254+0000] {dag.py:3239} INFO - Sync 1 DAGs
[2025-01-16T15:48:37.265+0000] {logging_mixin.py:190} INFO - [2025-01-16T15:48:37.264+0000] {dag.py:4180} INFO - Setting next_dagrun for example_setup_teardown to None, run_after=None
[2025-01-16T15:48:37.278+0000] {processor.py:208} INFO - Processing /home/airflow/.local/lib/python3.12/site-packages/airflow/example_dags/example_setup_teardown.py took 0.052 seconds
[2025-01-16T15:49:09.418+0000] {processor.py:186} INFO - Started process (PID=8965) to work on /home/airflow/.local/lib/python3.12/site-packages/airflow/example_dags/example_setup_teardown.py
[2025-01-16T15:49:09.418+0000] {processor.py:914} INFO - Processing file /home/airflow/.local/lib/python3.12/site-packages/airflow/example_dags/example_setup_teardown.py for tasks to queue
[2025-01-16T15:49:09.421+0000] {logging_mixin.py:190} INFO - [2025-01-16T15:49:09.420+0000] {dagbag.py:588} INFO - Filling up the DagBag from /home/airflow/.local/lib/python3.12/site-packages/airflow/example_dags/example_setup_teardown.py
[2025-01-16T15:49:09.428+0000] {processor.py:925} INFO - DAG(s) 'example_setup_teardown' retrieved from /home/airflow/.local/lib/python3.12/site-packages/airflow/example_dags/example_setup_teardown.py
[2025-01-16T15:49:09.445+0000] {logging_mixin.py:190} INFO - [2025-01-16T15:49:09.444+0000] {dag.py:3239} INFO - Sync 1 DAGs
[2025-01-16T15:49:09.457+0000] {logging_mixin.py:190} INFO - [2025-01-16T15:49:09.457+0000] {dag.py:4180} INFO - Setting next_dagrun for example_setup_teardown to None, run_after=None
[2025-01-16T15:49:09.471+0000] {processor.py:208} INFO - Processing /home/airflow/.local/lib/python3.12/site-packages/airflow/example_dags/example_setup_teardown.py took 0.058 seconds
[2025-01-16T15:49:40.221+0000] {processor.py:186} INFO - Started process (PID=9264) to work on /home/airflow/.local/lib/python3.12/site-packages/airflow/example_dags/example_setup_teardown.py
[2025-01-16T15:49:40.222+0000] {processor.py:914} INFO - Processing file /home/airflow/.local/lib/python3.12/site-packages/airflow/example_dags/example_setup_teardown.py for tasks to queue
[2025-01-16T15:49:40.225+0000] {logging_mixin.py:190} INFO - [2025-01-16T15:49:40.224+0000] {dagbag.py:588} INFO - Filling up the DagBag from /home/airflow/.local/lib/python3.12/site-packages/airflow/example_dags/example_setup_teardown.py
[2025-01-16T15:49:40.237+0000] {processor.py:925} INFO - DAG(s) 'example_setup_teardown' retrieved from /home/airflow/.local/lib/python3.12/site-packages/airflow/example_dags/example_setup_teardown.py
[2025-01-16T15:49:40.266+0000] {logging_mixin.py:190} INFO - [2025-01-16T15:49:40.266+0000] {dag.py:3239} INFO - Sync 1 DAGs
[2025-01-16T15:49:40.279+0000] {logging_mixin.py:190} INFO - [2025-01-16T15:49:40.279+0000] {dag.py:4180} INFO - Setting next_dagrun for example_setup_teardown to None, run_after=None
[2025-01-16T15:49:40.295+0000] {processor.py:208} INFO - Processing /home/airflow/.local/lib/python3.12/site-packages/airflow/example_dags/example_setup_teardown.py took 0.078 seconds
[2025-01-16T15:50:11.787+0000] {processor.py:186} INFO - Started process (PID=9590) to work on /home/airflow/.local/lib/python3.12/site-packages/airflow/example_dags/example_setup_teardown.py
[2025-01-16T15:50:11.788+0000] {processor.py:914} INFO - Processing file /home/airflow/.local/lib/python3.12/site-packages/airflow/example_dags/example_setup_teardown.py for tasks to queue
[2025-01-16T15:50:11.790+0000] {logging_mixin.py:190} INFO - [2025-01-16T15:50:11.790+0000] {dagbag.py:588} INFO - Filling up the DagBag from /home/airflow/.local/lib/python3.12/site-packages/airflow/example_dags/example_setup_teardown.py
[2025-01-16T15:50:11.800+0000] {processor.py:925} INFO - DAG(s) 'example_setup_teardown' retrieved from /home/airflow/.local/lib/python3.12/site-packages/airflow/example_dags/example_setup_teardown.py
[2025-01-16T15:50:11.823+0000] {logging_mixin.py:190} INFO - [2025-01-16T15:50:11.823+0000] {dag.py:3239} INFO - Sync 1 DAGs
[2025-01-16T15:50:11.839+0000] {logging_mixin.py:190} INFO - [2025-01-16T15:50:11.838+0000] {dag.py:4180} INFO - Setting next_dagrun for example_setup_teardown to None, run_after=None
[2025-01-16T15:50:11.861+0000] {processor.py:208} INFO - Processing /home/airflow/.local/lib/python3.12/site-packages/airflow/example_dags/example_setup_teardown.py took 0.082 seconds
[2025-01-16T15:50:42.337+0000] {processor.py:186} INFO - Started process (PID=9881) to work on /home/airflow/.local/lib/python3.12/site-packages/airflow/example_dags/example_setup_teardown.py
[2025-01-16T15:50:42.338+0000] {processor.py:914} INFO - Processing file /home/airflow/.local/lib/python3.12/site-packages/airflow/example_dags/example_setup_teardown.py for tasks to queue
[2025-01-16T15:50:42.340+0000] {logging_mixin.py:190} INFO - [2025-01-16T15:50:42.340+0000] {dagbag.py:588} INFO - Filling up the DagBag from /home/airflow/.local/lib/python3.12/site-packages/airflow/example_dags/example_setup_teardown.py
[2025-01-16T15:50:42.346+0000] {processor.py:925} INFO - DAG(s) 'example_setup_teardown' retrieved from /home/airflow/.local/lib/python3.12/site-packages/airflow/example_dags/example_setup_teardown.py
[2025-01-16T15:50:42.362+0000] {logging_mixin.py:190} INFO - [2025-01-16T15:50:42.362+0000] {dag.py:3239} INFO - Sync 1 DAGs
[2025-01-16T15:50:42.374+0000] {logging_mixin.py:190} INFO - [2025-01-16T15:50:42.374+0000] {dag.py:4180} INFO - Setting next_dagrun for example_setup_teardown to None, run_after=None
[2025-01-16T15:50:42.392+0000] {processor.py:208} INFO - Processing /home/airflow/.local/lib/python3.12/site-packages/airflow/example_dags/example_setup_teardown.py took 0.059 seconds
[2025-01-16T15:51:12.939+0000] {processor.py:186} INFO - Started process (PID=10181) to work on /home/airflow/.local/lib/python3.12/site-packages/airflow/example_dags/example_setup_teardown.py
[2025-01-16T15:51:12.940+0000] {processor.py:914} INFO - Processing file /home/airflow/.local/lib/python3.12/site-packages/airflow/example_dags/example_setup_teardown.py for tasks to queue
[2025-01-16T15:51:12.942+0000] {logging_mixin.py:190} INFO - [2025-01-16T15:51:12.941+0000] {dagbag.py:588} INFO - Filling up the DagBag from /home/airflow/.local/lib/python3.12/site-packages/airflow/example_dags/example_setup_teardown.py
[2025-01-16T15:51:12.948+0000] {processor.py:925} INFO - DAG(s) 'example_setup_teardown' retrieved from /home/airflow/.local/lib/python3.12/site-packages/airflow/example_dags/example_setup_teardown.py
[2025-01-16T15:51:12.964+0000] {logging_mixin.py:190} INFO - [2025-01-16T15:51:12.964+0000] {dag.py:3239} INFO - Sync 1 DAGs
[2025-01-16T15:51:12.975+0000] {logging_mixin.py:190} INFO - [2025-01-16T15:51:12.975+0000] {dag.py:4180} INFO - Setting next_dagrun for example_setup_teardown to None, run_after=None
[2025-01-16T15:51:12.989+0000] {processor.py:208} INFO - Processing /home/airflow/.local/lib/python3.12/site-packages/airflow/example_dags/example_setup_teardown.py took 0.055 seconds
[2025-01-16T15:51:44.759+0000] {processor.py:186} INFO - Started process (PID=10484) to work on /home/airflow/.local/lib/python3.12/site-packages/airflow/example_dags/example_setup_teardown.py
[2025-01-16T15:51:44.759+0000] {processor.py:914} INFO - Processing file /home/airflow/.local/lib/python3.12/site-packages/airflow/example_dags/example_setup_teardown.py for tasks to queue
[2025-01-16T15:51:44.761+0000] {logging_mixin.py:190} INFO - [2025-01-16T15:51:44.761+0000] {dagbag.py:588} INFO - Filling up the DagBag from /home/airflow/.local/lib/python3.12/site-packages/airflow/example_dags/example_setup_teardown.py
[2025-01-16T15:51:44.769+0000] {processor.py:925} INFO - DAG(s) 'example_setup_teardown' retrieved from /home/airflow/.local/lib/python3.12/site-packages/airflow/example_dags/example_setup_teardown.py
[2025-01-16T15:51:44.788+0000] {logging_mixin.py:190} INFO - [2025-01-16T15:51:44.788+0000] {dag.py:3239} INFO - Sync 1 DAGs
[2025-01-16T15:51:44.801+0000] {logging_mixin.py:190} INFO - [2025-01-16T15:51:44.800+0000] {dag.py:4180} INFO - Setting next_dagrun for example_setup_teardown to None, run_after=None
[2025-01-16T15:51:44.816+0000] {processor.py:208} INFO - Processing /home/airflow/.local/lib/python3.12/site-packages/airflow/example_dags/example_setup_teardown.py took 0.062 seconds
[2025-01-16T15:52:15.877+0000] {processor.py:186} INFO - Started process (PID=10778) to work on /home/airflow/.local/lib/python3.12/site-packages/airflow/example_dags/example_setup_teardown.py
[2025-01-16T15:52:15.877+0000] {processor.py:914} INFO - Processing file /home/airflow/.local/lib/python3.12/site-packages/airflow/example_dags/example_setup_teardown.py for tasks to queue
[2025-01-16T15:52:15.879+0000] {logging_mixin.py:190} INFO - [2025-01-16T15:52:15.879+0000] {dagbag.py:588} INFO - Filling up the DagBag from /home/airflow/.local/lib/python3.12/site-packages/airflow/example_dags/example_setup_teardown.py
[2025-01-16T15:52:15.885+0000] {processor.py:925} INFO - DAG(s) 'example_setup_teardown' retrieved from /home/airflow/.local/lib/python3.12/site-packages/airflow/example_dags/example_setup_teardown.py
[2025-01-16T15:52:15.900+0000] {logging_mixin.py:190} INFO - [2025-01-16T15:52:15.899+0000] {dag.py:3239} INFO - Sync 1 DAGs
[2025-01-16T15:52:15.910+0000] {logging_mixin.py:190} INFO - [2025-01-16T15:52:15.910+0000] {dag.py:4180} INFO - Setting next_dagrun for example_setup_teardown to None, run_after=None
[2025-01-16T15:52:15.923+0000] {processor.py:208} INFO - Processing /home/airflow/.local/lib/python3.12/site-packages/airflow/example_dags/example_setup_teardown.py took 0.051 seconds
[2025-01-16T15:52:47.066+0000] {processor.py:186} INFO - Started process (PID=11074) to work on /home/airflow/.local/lib/python3.12/site-packages/airflow/example_dags/example_setup_teardown.py
[2025-01-16T15:52:47.066+0000] {processor.py:914} INFO - Processing file /home/airflow/.local/lib/python3.12/site-packages/airflow/example_dags/example_setup_teardown.py for tasks to queue
[2025-01-16T15:52:47.068+0000] {logging_mixin.py:190} INFO - [2025-01-16T15:52:47.068+0000] {dagbag.py:588} INFO - Filling up the DagBag from /home/airflow/.local/lib/python3.12/site-packages/airflow/example_dags/example_setup_teardown.py
[2025-01-16T15:52:47.074+0000] {processor.py:925} INFO - DAG(s) 'example_setup_teardown' retrieved from /home/airflow/.local/lib/python3.12/site-packages/airflow/example_dags/example_setup_teardown.py
[2025-01-16T15:52:47.092+0000] {logging_mixin.py:190} INFO - [2025-01-16T15:52:47.092+0000] {dag.py:3239} INFO - Sync 1 DAGs
[2025-01-16T15:52:47.105+0000] {logging_mixin.py:190} INFO - [2025-01-16T15:52:47.105+0000] {dag.py:4180} INFO - Setting next_dagrun for example_setup_teardown to None, run_after=None
[2025-01-16T15:52:47.118+0000] {processor.py:208} INFO - Processing /home/airflow/.local/lib/python3.12/site-packages/airflow/example_dags/example_setup_teardown.py took 0.057 seconds
[2025-01-16T15:53:17.957+0000] {processor.py:186} INFO - Started process (PID=11370) to work on /home/airflow/.local/lib/python3.12/site-packages/airflow/example_dags/example_setup_teardown.py
[2025-01-16T15:53:17.958+0000] {processor.py:914} INFO - Processing file /home/airflow/.local/lib/python3.12/site-packages/airflow/example_dags/example_setup_teardown.py for tasks to queue
[2025-01-16T15:53:17.960+0000] {logging_mixin.py:190} INFO - [2025-01-16T15:53:17.959+0000] {dagbag.py:588} INFO - Filling up the DagBag from /home/airflow/.local/lib/python3.12/site-packages/airflow/example_dags/example_setup_teardown.py
[2025-01-16T15:53:17.967+0000] {processor.py:925} INFO - DAG(s) 'example_setup_teardown' retrieved from /home/airflow/.local/lib/python3.12/site-packages/airflow/example_dags/example_setup_teardown.py
[2025-01-16T15:53:17.981+0000] {logging_mixin.py:190} INFO - [2025-01-16T15:53:17.981+0000] {dag.py:3239} INFO - Sync 1 DAGs
[2025-01-16T15:53:17.992+0000] {logging_mixin.py:190} INFO - [2025-01-16T15:53:17.992+0000] {dag.py:4180} INFO - Setting next_dagrun for example_setup_teardown to None, run_after=None
[2025-01-16T15:53:18.004+0000] {processor.py:208} INFO - Processing /home/airflow/.local/lib/python3.12/site-packages/airflow/example_dags/example_setup_teardown.py took 0.052 seconds
[2025-01-16T15:53:48.593+0000] {processor.py:186} INFO - Started process (PID=11666) to work on /home/airflow/.local/lib/python3.12/site-packages/airflow/example_dags/example_setup_teardown.py
[2025-01-16T15:53:48.594+0000] {processor.py:914} INFO - Processing file /home/airflow/.local/lib/python3.12/site-packages/airflow/example_dags/example_setup_teardown.py for tasks to queue
[2025-01-16T15:53:48.595+0000] {logging_mixin.py:190} INFO - [2025-01-16T15:53:48.595+0000] {dagbag.py:588} INFO - Filling up the DagBag from /home/airflow/.local/lib/python3.12/site-packages/airflow/example_dags/example_setup_teardown.py
[2025-01-16T15:53:48.601+0000] {processor.py:925} INFO - DAG(s) 'example_setup_teardown' retrieved from /home/airflow/.local/lib/python3.12/site-packages/airflow/example_dags/example_setup_teardown.py
[2025-01-16T15:53:48.616+0000] {logging_mixin.py:190} INFO - [2025-01-16T15:53:48.616+0000] {dag.py:3239} INFO - Sync 1 DAGs
[2025-01-16T15:53:48.626+0000] {logging_mixin.py:190} INFO - [2025-01-16T15:53:48.626+0000] {dag.py:4180} INFO - Setting next_dagrun for example_setup_teardown to None, run_after=None
[2025-01-16T15:53:48.640+0000] {processor.py:208} INFO - Processing /home/airflow/.local/lib/python3.12/site-packages/airflow/example_dags/example_setup_teardown.py took 0.051 seconds
[2025-01-16T15:54:19.247+0000] {processor.py:186} INFO - Started process (PID=11962) to work on /home/airflow/.local/lib/python3.12/site-packages/airflow/example_dags/example_setup_teardown.py
[2025-01-16T15:54:19.248+0000] {processor.py:914} INFO - Processing file /home/airflow/.local/lib/python3.12/site-packages/airflow/example_dags/example_setup_teardown.py for tasks to queue
[2025-01-16T15:54:19.249+0000] {logging_mixin.py:190} INFO - [2025-01-16T15:54:19.249+0000] {dagbag.py:588} INFO - Filling up the DagBag from /home/airflow/.local/lib/python3.12/site-packages/airflow/example_dags/example_setup_teardown.py
[2025-01-16T15:54:19.256+0000] {processor.py:925} INFO - DAG(s) 'example_setup_teardown' retrieved from /home/airflow/.local/lib/python3.12/site-packages/airflow/example_dags/example_setup_teardown.py
[2025-01-16T15:54:19.271+0000] {logging_mixin.py:190} INFO - [2025-01-16T15:54:19.271+0000] {dag.py:3239} INFO - Sync 1 DAGs
[2025-01-16T15:54:19.282+0000] {logging_mixin.py:190} INFO - [2025-01-16T15:54:19.282+0000] {dag.py:4180} INFO - Setting next_dagrun for example_setup_teardown to None, run_after=None
[2025-01-16T15:54:19.295+0000] {processor.py:208} INFO - Processing /home/airflow/.local/lib/python3.12/site-packages/airflow/example_dags/example_setup_teardown.py took 0.052 seconds
[2025-01-16T15:54:49.937+0000] {processor.py:186} INFO - Started process (PID=12258) to work on /home/airflow/.local/lib/python3.12/site-packages/airflow/example_dags/example_setup_teardown.py
[2025-01-16T15:54:49.938+0000] {processor.py:914} INFO - Processing file /home/airflow/.local/lib/python3.12/site-packages/airflow/example_dags/example_setup_teardown.py for tasks to queue
[2025-01-16T15:54:49.939+0000] {logging_mixin.py:190} INFO - [2025-01-16T15:54:49.939+0000] {dagbag.py:588} INFO - Filling up the DagBag from /home/airflow/.local/lib/python3.12/site-packages/airflow/example_dags/example_setup_teardown.py
[2025-01-16T15:54:49.945+0000] {processor.py:925} INFO - DAG(s) 'example_setup_teardown' retrieved from /home/airflow/.local/lib/python3.12/site-packages/airflow/example_dags/example_setup_teardown.py
[2025-01-16T15:54:49.960+0000] {logging_mixin.py:190} INFO - [2025-01-16T15:54:49.960+0000] {dag.py:3239} INFO - Sync 1 DAGs
[2025-01-16T15:54:49.971+0000] {logging_mixin.py:190} INFO - [2025-01-16T15:54:49.970+0000] {dag.py:4180} INFO - Setting next_dagrun for example_setup_teardown to None, run_after=None
[2025-01-16T15:54:49.983+0000] {processor.py:208} INFO - Processing /home/airflow/.local/lib/python3.12/site-packages/airflow/example_dags/example_setup_teardown.py took 0.050 seconds
[2025-01-16T15:55:20.705+0000] {processor.py:186} INFO - Started process (PID=12554) to work on /home/airflow/.local/lib/python3.12/site-packages/airflow/example_dags/example_setup_teardown.py
[2025-01-16T15:55:20.706+0000] {processor.py:914} INFO - Processing file /home/airflow/.local/lib/python3.12/site-packages/airflow/example_dags/example_setup_teardown.py for tasks to queue
[2025-01-16T15:55:20.707+0000] {logging_mixin.py:190} INFO - [2025-01-16T15:55:20.707+0000] {dagbag.py:588} INFO - Filling up the DagBag from /home/airflow/.local/lib/python3.12/site-packages/airflow/example_dags/example_setup_teardown.py
[2025-01-16T15:55:20.713+0000] {processor.py:925} INFO - DAG(s) 'example_setup_teardown' retrieved from /home/airflow/.local/lib/python3.12/site-packages/airflow/example_dags/example_setup_teardown.py
[2025-01-16T15:55:20.728+0000] {logging_mixin.py:190} INFO - [2025-01-16T15:55:20.728+0000] {dag.py:3239} INFO - Sync 1 DAGs
[2025-01-16T15:55:20.740+0000] {logging_mixin.py:190} INFO - [2025-01-16T15:55:20.740+0000] {dag.py:4180} INFO - Setting next_dagrun for example_setup_teardown to None, run_after=None
[2025-01-16T15:55:20.754+0000] {processor.py:208} INFO - Processing /home/airflow/.local/lib/python3.12/site-packages/airflow/example_dags/example_setup_teardown.py took 0.053 seconds
[2025-01-16T15:55:51.482+0000] {processor.py:186} INFO - Started process (PID=12850) to work on /home/airflow/.local/lib/python3.12/site-packages/airflow/example_dags/example_setup_teardown.py
[2025-01-16T15:55:51.483+0000] {processor.py:914} INFO - Processing file /home/airflow/.local/lib/python3.12/site-packages/airflow/example_dags/example_setup_teardown.py for tasks to queue
[2025-01-16T15:55:51.484+0000] {logging_mixin.py:190} INFO - [2025-01-16T15:55:51.484+0000] {dagbag.py:588} INFO - Filling up the DagBag from /home/airflow/.local/lib/python3.12/site-packages/airflow/example_dags/example_setup_teardown.py
[2025-01-16T15:55:51.490+0000] {processor.py:925} INFO - DAG(s) 'example_setup_teardown' retrieved from /home/airflow/.local/lib/python3.12/site-packages/airflow/example_dags/example_setup_teardown.py
[2025-01-16T15:55:51.505+0000] {logging_mixin.py:190} INFO - [2025-01-16T15:55:51.505+0000] {dag.py:3239} INFO - Sync 1 DAGs
[2025-01-16T15:55:51.516+0000] {logging_mixin.py:190} INFO - [2025-01-16T15:55:51.516+0000] {dag.py:4180} INFO - Setting next_dagrun for example_setup_teardown to None, run_after=None
[2025-01-16T15:55:51.528+0000] {processor.py:208} INFO - Processing /home/airflow/.local/lib/python3.12/site-packages/airflow/example_dags/example_setup_teardown.py took 0.051 seconds
[2025-01-16T15:56:22.567+0000] {processor.py:186} INFO - Started process (PID=13146) to work on /home/airflow/.local/lib/python3.12/site-packages/airflow/example_dags/example_setup_teardown.py
[2025-01-16T15:56:22.568+0000] {processor.py:914} INFO - Processing file /home/airflow/.local/lib/python3.12/site-packages/airflow/example_dags/example_setup_teardown.py for tasks to queue
[2025-01-16T15:56:22.569+0000] {logging_mixin.py:190} INFO - [2025-01-16T15:56:22.569+0000] {dagbag.py:588} INFO - Filling up the DagBag from /home/airflow/.local/lib/python3.12/site-packages/airflow/example_dags/example_setup_teardown.py
[2025-01-16T15:56:22.576+0000] {processor.py:925} INFO - DAG(s) 'example_setup_teardown' retrieved from /home/airflow/.local/lib/python3.12/site-packages/airflow/example_dags/example_setup_teardown.py
[2025-01-16T15:56:22.591+0000] {logging_mixin.py:190} INFO - [2025-01-16T15:56:22.591+0000] {dag.py:3239} INFO - Sync 1 DAGs
[2025-01-16T15:56:22.603+0000] {logging_mixin.py:190} INFO - [2025-01-16T15:56:22.602+0000] {dag.py:4180} INFO - Setting next_dagrun for example_setup_teardown to None, run_after=None
[2025-01-16T15:56:22.617+0000] {processor.py:208} INFO - Processing /home/airflow/.local/lib/python3.12/site-packages/airflow/example_dags/example_setup_teardown.py took 0.054 seconds
[2025-01-16T15:56:53.369+0000] {processor.py:186} INFO - Started process (PID=13442) to work on /home/airflow/.local/lib/python3.12/site-packages/airflow/example_dags/example_setup_teardown.py
[2025-01-16T15:56:53.370+0000] {processor.py:914} INFO - Processing file /home/airflow/.local/lib/python3.12/site-packages/airflow/example_dags/example_setup_teardown.py for tasks to queue
[2025-01-16T15:56:53.372+0000] {logging_mixin.py:190} INFO - [2025-01-16T15:56:53.372+0000] {dagbag.py:588} INFO - Filling up the DagBag from /home/airflow/.local/lib/python3.12/site-packages/airflow/example_dags/example_setup_teardown.py
[2025-01-16T15:56:53.378+0000] {processor.py:925} INFO - DAG(s) 'example_setup_teardown' retrieved from /home/airflow/.local/lib/python3.12/site-packages/airflow/example_dags/example_setup_teardown.py
[2025-01-16T15:56:53.394+0000] {logging_mixin.py:190} INFO - [2025-01-16T15:56:53.393+0000] {dag.py:3239} INFO - Sync 1 DAGs
[2025-01-16T15:56:53.405+0000] {logging_mixin.py:190} INFO - [2025-01-16T15:56:53.404+0000] {dag.py:4180} INFO - Setting next_dagrun for example_setup_teardown to None, run_after=None
[2025-01-16T15:56:53.419+0000] {processor.py:208} INFO - Processing /home/airflow/.local/lib/python3.12/site-packages/airflow/example_dags/example_setup_teardown.py took 0.054 seconds
[2025-01-16T15:57:24.419+0000] {processor.py:186} INFO - Started process (PID=13738) to work on /home/airflow/.local/lib/python3.12/site-packages/airflow/example_dags/example_setup_teardown.py
[2025-01-16T15:57:24.420+0000] {processor.py:914} INFO - Processing file /home/airflow/.local/lib/python3.12/site-packages/airflow/example_dags/example_setup_teardown.py for tasks to queue
[2025-01-16T15:57:24.422+0000] {logging_mixin.py:190} INFO - [2025-01-16T15:57:24.422+0000] {dagbag.py:588} INFO - Filling up the DagBag from /home/airflow/.local/lib/python3.12/site-packages/airflow/example_dags/example_setup_teardown.py
[2025-01-16T15:57:24.428+0000] {processor.py:925} INFO - DAG(s) 'example_setup_teardown' retrieved from /home/airflow/.local/lib/python3.12/site-packages/airflow/example_dags/example_setup_teardown.py
[2025-01-16T15:57:24.445+0000] {logging_mixin.py:190} INFO - [2025-01-16T15:57:24.445+0000] {dag.py:3239} INFO - Sync 1 DAGs
[2025-01-16T15:57:24.456+0000] {logging_mixin.py:190} INFO - [2025-01-16T15:57:24.456+0000] {dag.py:4180} INFO - Setting next_dagrun for example_setup_teardown to None, run_after=None
[2025-01-16T15:57:24.471+0000] {processor.py:208} INFO - Processing /home/airflow/.local/lib/python3.12/site-packages/airflow/example_dags/example_setup_teardown.py took 0.056 seconds
[2025-01-16T15:57:55.447+0000] {processor.py:186} INFO - Started process (PID=14034) to work on /home/airflow/.local/lib/python3.12/site-packages/airflow/example_dags/example_setup_teardown.py
[2025-01-16T15:57:55.448+0000] {processor.py:914} INFO - Processing file /home/airflow/.local/lib/python3.12/site-packages/airflow/example_dags/example_setup_teardown.py for tasks to queue
[2025-01-16T15:57:55.450+0000] {logging_mixin.py:190} INFO - [2025-01-16T15:57:55.450+0000] {dagbag.py:588} INFO - Filling up the DagBag from /home/airflow/.local/lib/python3.12/site-packages/airflow/example_dags/example_setup_teardown.py
[2025-01-16T15:57:55.457+0000] {processor.py:925} INFO - DAG(s) 'example_setup_teardown' retrieved from /home/airflow/.local/lib/python3.12/site-packages/airflow/example_dags/example_setup_teardown.py
[2025-01-16T15:57:55.474+0000] {logging_mixin.py:190} INFO - [2025-01-16T15:57:55.474+0000] {dag.py:3239} INFO - Sync 1 DAGs
[2025-01-16T15:57:55.487+0000] {logging_mixin.py:190} INFO - [2025-01-16T15:57:55.487+0000] {dag.py:4180} INFO - Setting next_dagrun for example_setup_teardown to None, run_after=None
[2025-01-16T15:57:55.502+0000] {processor.py:208} INFO - Processing /home/airflow/.local/lib/python3.12/site-packages/airflow/example_dags/example_setup_teardown.py took 0.060 seconds
[2025-01-16T15:58:26.671+0000] {processor.py:186} INFO - Started process (PID=14327) to work on /home/airflow/.local/lib/python3.12/site-packages/airflow/example_dags/example_setup_teardown.py
[2025-01-16T15:58:26.672+0000] {processor.py:914} INFO - Processing file /home/airflow/.local/lib/python3.12/site-packages/airflow/example_dags/example_setup_teardown.py for tasks to queue
[2025-01-16T15:58:26.673+0000] {logging_mixin.py:190} INFO - [2025-01-16T15:58:26.673+0000] {dagbag.py:588} INFO - Filling up the DagBag from /home/airflow/.local/lib/python3.12/site-packages/airflow/example_dags/example_setup_teardown.py
[2025-01-16T15:58:26.680+0000] {processor.py:925} INFO - DAG(s) 'example_setup_teardown' retrieved from /home/airflow/.local/lib/python3.12/site-packages/airflow/example_dags/example_setup_teardown.py
[2025-01-16T15:58:26.697+0000] {logging_mixin.py:190} INFO - [2025-01-16T15:58:26.697+0000] {dag.py:3239} INFO - Sync 1 DAGs
[2025-01-16T15:58:26.709+0000] {logging_mixin.py:190} INFO - [2025-01-16T15:58:26.709+0000] {dag.py:4180} INFO - Setting next_dagrun for example_setup_teardown to None, run_after=None
[2025-01-16T15:58:26.723+0000] {processor.py:208} INFO - Processing /home/airflow/.local/lib/python3.12/site-packages/airflow/example_dags/example_setup_teardown.py took 0.057 seconds
[2025-01-16T15:58:57.806+0000] {processor.py:186} INFO - Started process (PID=14621) to work on /home/airflow/.local/lib/python3.12/site-packages/airflow/example_dags/example_setup_teardown.py
[2025-01-16T15:58:57.807+0000] {processor.py:914} INFO - Processing file /home/airflow/.local/lib/python3.12/site-packages/airflow/example_dags/example_setup_teardown.py for tasks to queue
[2025-01-16T15:58:57.808+0000] {logging_mixin.py:190} INFO - [2025-01-16T15:58:57.808+0000] {dagbag.py:588} INFO - Filling up the DagBag from /home/airflow/.local/lib/python3.12/site-packages/airflow/example_dags/example_setup_teardown.py
[2025-01-16T15:58:57.815+0000] {processor.py:925} INFO - DAG(s) 'example_setup_teardown' retrieved from /home/airflow/.local/lib/python3.12/site-packages/airflow/example_dags/example_setup_teardown.py
[2025-01-16T15:58:57.830+0000] {logging_mixin.py:190} INFO - [2025-01-16T15:58:57.830+0000] {dag.py:3239} INFO - Sync 1 DAGs
[2025-01-16T15:58:57.840+0000] {logging_mixin.py:190} INFO - [2025-01-16T15:58:57.840+0000] {dag.py:4180} INFO - Setting next_dagrun for example_setup_teardown to None, run_after=None
[2025-01-16T15:58:57.855+0000] {processor.py:208} INFO - Processing /home/airflow/.local/lib/python3.12/site-packages/airflow/example_dags/example_setup_teardown.py took 0.053 seconds
[2025-01-16T15:59:28.969+0000] {processor.py:186} INFO - Started process (PID=14917) to work on /home/airflow/.local/lib/python3.12/site-packages/airflow/example_dags/example_setup_teardown.py
[2025-01-16T15:59:28.969+0000] {processor.py:914} INFO - Processing file /home/airflow/.local/lib/python3.12/site-packages/airflow/example_dags/example_setup_teardown.py for tasks to queue
[2025-01-16T15:59:28.971+0000] {logging_mixin.py:190} INFO - [2025-01-16T15:59:28.971+0000] {dagbag.py:588} INFO - Filling up the DagBag from /home/airflow/.local/lib/python3.12/site-packages/airflow/example_dags/example_setup_teardown.py
[2025-01-16T15:59:28.976+0000] {processor.py:925} INFO - DAG(s) 'example_setup_teardown' retrieved from /home/airflow/.local/lib/python3.12/site-packages/airflow/example_dags/example_setup_teardown.py
[2025-01-16T15:59:28.992+0000] {logging_mixin.py:190} INFO - [2025-01-16T15:59:28.992+0000] {dag.py:3239} INFO - Sync 1 DAGs
[2025-01-16T15:59:29.003+0000] {logging_mixin.py:190} INFO - [2025-01-16T15:59:29.002+0000] {dag.py:4180} INFO - Setting next_dagrun for example_setup_teardown to None, run_after=None
[2025-01-16T15:59:29.016+0000] {processor.py:208} INFO - Processing /home/airflow/.local/lib/python3.12/site-packages/airflow/example_dags/example_setup_teardown.py took 0.051 seconds
[2025-01-16T16:00:00.149+0000] {processor.py:186} INFO - Started process (PID=15214) to work on /home/airflow/.local/lib/python3.12/site-packages/airflow/example_dags/example_setup_teardown.py
[2025-01-16T16:00:00.149+0000] {processor.py:914} INFO - Processing file /home/airflow/.local/lib/python3.12/site-packages/airflow/example_dags/example_setup_teardown.py for tasks to queue
[2025-01-16T16:00:00.151+0000] {logging_mixin.py:190} INFO - [2025-01-16T16:00:00.151+0000] {dagbag.py:588} INFO - Filling up the DagBag from /home/airflow/.local/lib/python3.12/site-packages/airflow/example_dags/example_setup_teardown.py
[2025-01-16T16:00:00.157+0000] {processor.py:925} INFO - DAG(s) 'example_setup_teardown' retrieved from /home/airflow/.local/lib/python3.12/site-packages/airflow/example_dags/example_setup_teardown.py
[2025-01-16T16:00:00.172+0000] {logging_mixin.py:190} INFO - [2025-01-16T16:00:00.172+0000] {dag.py:3239} INFO - Sync 1 DAGs
[2025-01-16T16:00:00.183+0000] {logging_mixin.py:190} INFO - [2025-01-16T16:00:00.183+0000] {dag.py:4180} INFO - Setting next_dagrun for example_setup_teardown to None, run_after=None
[2025-01-16T16:00:00.195+0000] {processor.py:208} INFO - Processing /home/airflow/.local/lib/python3.12/site-packages/airflow/example_dags/example_setup_teardown.py took 0.051 seconds
[2025-01-16T16:00:33.907+0000] {processor.py:186} INFO - Started process (PID=15530) to work on /home/airflow/.local/lib/python3.12/site-packages/airflow/example_dags/example_setup_teardown.py
[2025-01-16T16:00:33.908+0000] {processor.py:914} INFO - Processing file /home/airflow/.local/lib/python3.12/site-packages/airflow/example_dags/example_setup_teardown.py for tasks to queue
[2025-01-16T16:00:33.910+0000] {logging_mixin.py:190} INFO - [2025-01-16T16:00:33.910+0000] {dagbag.py:588} INFO - Filling up the DagBag from /home/airflow/.local/lib/python3.12/site-packages/airflow/example_dags/example_setup_teardown.py
[2025-01-16T16:00:33.916+0000] {processor.py:925} INFO - DAG(s) 'example_setup_teardown' retrieved from /home/airflow/.local/lib/python3.12/site-packages/airflow/example_dags/example_setup_teardown.py
[2025-01-16T16:00:33.931+0000] {logging_mixin.py:190} INFO - [2025-01-16T16:00:33.931+0000] {dag.py:3239} INFO - Sync 1 DAGs
[2025-01-16T16:00:33.942+0000] {logging_mixin.py:190} INFO - [2025-01-16T16:00:33.942+0000] {dag.py:4180} INFO - Setting next_dagrun for example_setup_teardown to None, run_after=None
[2025-01-16T16:00:33.956+0000] {processor.py:208} INFO - Processing /home/airflow/.local/lib/python3.12/site-packages/airflow/example_dags/example_setup_teardown.py took 0.054 seconds
[2025-01-16T16:01:04.706+0000] {processor.py:186} INFO - Started process (PID=15826) to work on /home/airflow/.local/lib/python3.12/site-packages/airflow/example_dags/example_setup_teardown.py
[2025-01-16T16:01:04.707+0000] {processor.py:914} INFO - Processing file /home/airflow/.local/lib/python3.12/site-packages/airflow/example_dags/example_setup_teardown.py for tasks to queue
[2025-01-16T16:01:04.709+0000] {logging_mixin.py:190} INFO - [2025-01-16T16:01:04.708+0000] {dagbag.py:588} INFO - Filling up the DagBag from /home/airflow/.local/lib/python3.12/site-packages/airflow/example_dags/example_setup_teardown.py
[2025-01-16T16:01:04.716+0000] {processor.py:925} INFO - DAG(s) 'example_setup_teardown' retrieved from /home/airflow/.local/lib/python3.12/site-packages/airflow/example_dags/example_setup_teardown.py
[2025-01-16T16:01:04.732+0000] {logging_mixin.py:190} INFO - [2025-01-16T16:01:04.732+0000] {dag.py:3239} INFO - Sync 1 DAGs
[2025-01-16T16:01:04.744+0000] {logging_mixin.py:190} INFO - [2025-01-16T16:01:04.744+0000] {dag.py:4180} INFO - Setting next_dagrun for example_setup_teardown to None, run_after=None
[2025-01-16T16:01:04.760+0000] {processor.py:208} INFO - Processing /home/airflow/.local/lib/python3.12/site-packages/airflow/example_dags/example_setup_teardown.py took 0.058 seconds
[2025-01-16T16:01:35.721+0000] {processor.py:186} INFO - Started process (PID=16122) to work on /home/airflow/.local/lib/python3.12/site-packages/airflow/example_dags/example_setup_teardown.py
[2025-01-16T16:01:35.721+0000] {processor.py:914} INFO - Processing file /home/airflow/.local/lib/python3.12/site-packages/airflow/example_dags/example_setup_teardown.py for tasks to queue
[2025-01-16T16:01:35.723+0000] {logging_mixin.py:190} INFO - [2025-01-16T16:01:35.723+0000] {dagbag.py:588} INFO - Filling up the DagBag from /home/airflow/.local/lib/python3.12/site-packages/airflow/example_dags/example_setup_teardown.py
[2025-01-16T16:01:35.730+0000] {processor.py:925} INFO - DAG(s) 'example_setup_teardown' retrieved from /home/airflow/.local/lib/python3.12/site-packages/airflow/example_dags/example_setup_teardown.py
[2025-01-16T16:01:35.746+0000] {logging_mixin.py:190} INFO - [2025-01-16T16:01:35.746+0000] {dag.py:3239} INFO - Sync 1 DAGs
[2025-01-16T16:01:35.758+0000] {logging_mixin.py:190} INFO - [2025-01-16T16:01:35.758+0000] {dag.py:4180} INFO - Setting next_dagrun for example_setup_teardown to None, run_after=None
[2025-01-16T16:01:35.774+0000] {processor.py:208} INFO - Processing /home/airflow/.local/lib/python3.12/site-packages/airflow/example_dags/example_setup_teardown.py took 0.058 seconds
[2025-01-16T16:02:06.592+0000] {processor.py:186} INFO - Started process (PID=16418) to work on /home/airflow/.local/lib/python3.12/site-packages/airflow/example_dags/example_setup_teardown.py
[2025-01-16T16:02:06.593+0000] {processor.py:914} INFO - Processing file /home/airflow/.local/lib/python3.12/site-packages/airflow/example_dags/example_setup_teardown.py for tasks to queue
[2025-01-16T16:02:06.595+0000] {logging_mixin.py:190} INFO - [2025-01-16T16:02:06.595+0000] {dagbag.py:588} INFO - Filling up the DagBag from /home/airflow/.local/lib/python3.12/site-packages/airflow/example_dags/example_setup_teardown.py
[2025-01-16T16:02:06.601+0000] {processor.py:925} INFO - DAG(s) 'example_setup_teardown' retrieved from /home/airflow/.local/lib/python3.12/site-packages/airflow/example_dags/example_setup_teardown.py
[2025-01-16T16:02:06.616+0000] {logging_mixin.py:190} INFO - [2025-01-16T16:02:06.616+0000] {dag.py:3239} INFO - Sync 1 DAGs
[2025-01-16T16:02:06.627+0000] {logging_mixin.py:190} INFO - [2025-01-16T16:02:06.627+0000] {dag.py:4180} INFO - Setting next_dagrun for example_setup_teardown to None, run_after=None
[2025-01-16T16:02:06.641+0000] {processor.py:208} INFO - Processing /home/airflow/.local/lib/python3.12/site-packages/airflow/example_dags/example_setup_teardown.py took 0.053 seconds
[2025-01-16T16:02:37.313+0000] {processor.py:186} INFO - Started process (PID=16719) to work on /home/airflow/.local/lib/python3.12/site-packages/airflow/example_dags/example_setup_teardown.py
[2025-01-16T16:02:37.314+0000] {processor.py:914} INFO - Processing file /home/airflow/.local/lib/python3.12/site-packages/airflow/example_dags/example_setup_teardown.py for tasks to queue
[2025-01-16T16:02:37.316+0000] {logging_mixin.py:190} INFO - [2025-01-16T16:02:37.315+0000] {dagbag.py:588} INFO - Filling up the DagBag from /home/airflow/.local/lib/python3.12/site-packages/airflow/example_dags/example_setup_teardown.py
[2025-01-16T16:02:37.324+0000] {processor.py:925} INFO - DAG(s) 'example_setup_teardown' retrieved from /home/airflow/.local/lib/python3.12/site-packages/airflow/example_dags/example_setup_teardown.py
[2025-01-16T16:02:37.342+0000] {logging_mixin.py:190} INFO - [2025-01-16T16:02:37.342+0000] {dag.py:3239} INFO - Sync 1 DAGs
[2025-01-16T16:02:37.353+0000] {logging_mixin.py:190} INFO - [2025-01-16T16:02:37.353+0000] {dag.py:4180} INFO - Setting next_dagrun for example_setup_teardown to None, run_after=None
[2025-01-16T16:02:37.368+0000] {processor.py:208} INFO - Processing /home/airflow/.local/lib/python3.12/site-packages/airflow/example_dags/example_setup_teardown.py took 0.059 seconds
[2025-01-16T16:03:08.330+0000] {processor.py:186} INFO - Started process (PID=17032) to work on /home/airflow/.local/lib/python3.12/site-packages/airflow/example_dags/example_setup_teardown.py
[2025-01-16T16:03:08.332+0000] {processor.py:914} INFO - Processing file /home/airflow/.local/lib/python3.12/site-packages/airflow/example_dags/example_setup_teardown.py for tasks to queue
[2025-01-16T16:03:08.334+0000] {logging_mixin.py:190} INFO - [2025-01-16T16:03:08.333+0000] {dagbag.py:588} INFO - Filling up the DagBag from /home/airflow/.local/lib/python3.12/site-packages/airflow/example_dags/example_setup_teardown.py
[2025-01-16T16:03:08.340+0000] {processor.py:925} INFO - DAG(s) 'example_setup_teardown' retrieved from /home/airflow/.local/lib/python3.12/site-packages/airflow/example_dags/example_setup_teardown.py
[2025-01-16T16:03:08.357+0000] {logging_mixin.py:190} INFO - [2025-01-16T16:03:08.357+0000] {dag.py:3239} INFO - Sync 1 DAGs
[2025-01-16T16:03:08.368+0000] {logging_mixin.py:190} INFO - [2025-01-16T16:03:08.368+0000] {dag.py:4180} INFO - Setting next_dagrun for example_setup_teardown to None, run_after=None
[2025-01-16T16:03:08.382+0000] {processor.py:208} INFO - Processing /home/airflow/.local/lib/python3.12/site-packages/airflow/example_dags/example_setup_teardown.py took 0.056 seconds
[2025-01-16T16:03:38.869+0000] {processor.py:186} INFO - Started process (PID=17326) to work on /home/airflow/.local/lib/python3.12/site-packages/airflow/example_dags/example_setup_teardown.py
[2025-01-16T16:03:38.870+0000] {processor.py:914} INFO - Processing file /home/airflow/.local/lib/python3.12/site-packages/airflow/example_dags/example_setup_teardown.py for tasks to queue
[2025-01-16T16:03:38.872+0000] {logging_mixin.py:190} INFO - [2025-01-16T16:03:38.871+0000] {dagbag.py:588} INFO - Filling up the DagBag from /home/airflow/.local/lib/python3.12/site-packages/airflow/example_dags/example_setup_teardown.py
[2025-01-16T16:03:38.879+0000] {processor.py:925} INFO - DAG(s) 'example_setup_teardown' retrieved from /home/airflow/.local/lib/python3.12/site-packages/airflow/example_dags/example_setup_teardown.py
[2025-01-16T16:03:38.898+0000] {logging_mixin.py:190} INFO - [2025-01-16T16:03:38.898+0000] {dag.py:3239} INFO - Sync 1 DAGs
[2025-01-16T16:03:38.910+0000] {logging_mixin.py:190} INFO - [2025-01-16T16:03:38.910+0000] {dag.py:4180} INFO - Setting next_dagrun for example_setup_teardown to None, run_after=None
[2025-01-16T16:03:38.927+0000] {processor.py:208} INFO - Processing /home/airflow/.local/lib/python3.12/site-packages/airflow/example_dags/example_setup_teardown.py took 0.063 seconds
[2025-01-16T16:04:09.653+0000] {processor.py:186} INFO - Started process (PID=17622) to work on /home/airflow/.local/lib/python3.12/site-packages/airflow/example_dags/example_setup_teardown.py
[2025-01-16T16:04:09.654+0000] {processor.py:914} INFO - Processing file /home/airflow/.local/lib/python3.12/site-packages/airflow/example_dags/example_setup_teardown.py for tasks to queue
[2025-01-16T16:04:09.656+0000] {logging_mixin.py:190} INFO - [2025-01-16T16:04:09.656+0000] {dagbag.py:588} INFO - Filling up the DagBag from /home/airflow/.local/lib/python3.12/site-packages/airflow/example_dags/example_setup_teardown.py
[2025-01-16T16:04:09.662+0000] {processor.py:925} INFO - DAG(s) 'example_setup_teardown' retrieved from /home/airflow/.local/lib/python3.12/site-packages/airflow/example_dags/example_setup_teardown.py
[2025-01-16T16:04:09.678+0000] {logging_mixin.py:190} INFO - [2025-01-16T16:04:09.678+0000] {dag.py:3239} INFO - Sync 1 DAGs
[2025-01-16T16:04:09.693+0000] {logging_mixin.py:190} INFO - [2025-01-16T16:04:09.693+0000] {dag.py:4180} INFO - Setting next_dagrun for example_setup_teardown to None, run_after=None
[2025-01-16T16:04:09.708+0000] {processor.py:208} INFO - Processing /home/airflow/.local/lib/python3.12/site-packages/airflow/example_dags/example_setup_teardown.py took 0.059 seconds
[2025-01-16T16:04:41.131+0000] {processor.py:186} INFO - Started process (PID=17918) to work on /home/airflow/.local/lib/python3.12/site-packages/airflow/example_dags/example_setup_teardown.py
[2025-01-16T16:04:41.132+0000] {processor.py:914} INFO - Processing file /home/airflow/.local/lib/python3.12/site-packages/airflow/example_dags/example_setup_teardown.py for tasks to queue
[2025-01-16T16:04:41.134+0000] {logging_mixin.py:190} INFO - [2025-01-16T16:04:41.134+0000] {dagbag.py:588} INFO - Filling up the DagBag from /home/airflow/.local/lib/python3.12/site-packages/airflow/example_dags/example_setup_teardown.py
[2025-01-16T16:04:41.140+0000] {processor.py:925} INFO - DAG(s) 'example_setup_teardown' retrieved from /home/airflow/.local/lib/python3.12/site-packages/airflow/example_dags/example_setup_teardown.py
[2025-01-16T16:04:41.155+0000] {logging_mixin.py:190} INFO - [2025-01-16T16:04:41.155+0000] {dag.py:3239} INFO - Sync 1 DAGs
[2025-01-16T16:04:41.166+0000] {logging_mixin.py:190} INFO - [2025-01-16T16:04:41.166+0000] {dag.py:4180} INFO - Setting next_dagrun for example_setup_teardown to None, run_after=None
[2025-01-16T16:04:41.179+0000] {processor.py:208} INFO - Processing /home/airflow/.local/lib/python3.12/site-packages/airflow/example_dags/example_setup_teardown.py took 0.052 seconds
[2025-01-16T16:05:12.055+0000] {processor.py:186} INFO - Started process (PID=18214) to work on /home/airflow/.local/lib/python3.12/site-packages/airflow/example_dags/example_setup_teardown.py
[2025-01-16T16:05:12.056+0000] {processor.py:914} INFO - Processing file /home/airflow/.local/lib/python3.12/site-packages/airflow/example_dags/example_setup_teardown.py for tasks to queue
[2025-01-16T16:05:12.057+0000] {logging_mixin.py:190} INFO - [2025-01-16T16:05:12.056+0000] {dagbag.py:588} INFO - Filling up the DagBag from /home/airflow/.local/lib/python3.12/site-packages/airflow/example_dags/example_setup_teardown.py
[2025-01-16T16:05:12.063+0000] {processor.py:925} INFO - DAG(s) 'example_setup_teardown' retrieved from /home/airflow/.local/lib/python3.12/site-packages/airflow/example_dags/example_setup_teardown.py
[2025-01-16T16:05:12.083+0000] {logging_mixin.py:190} INFO - [2025-01-16T16:05:12.082+0000] {dag.py:3239} INFO - Sync 1 DAGs
[2025-01-16T16:05:12.097+0000] {logging_mixin.py:190} INFO - [2025-01-16T16:05:12.097+0000] {dag.py:4180} INFO - Setting next_dagrun for example_setup_teardown to None, run_after=None
[2025-01-16T16:05:12.275+0000] {processor.py:208} INFO - Processing /home/airflow/.local/lib/python3.12/site-packages/airflow/example_dags/example_setup_teardown.py took 0.225 seconds
[2025-01-16T16:05:42.854+0000] {processor.py:186} INFO - Started process (PID=18510) to work on /home/airflow/.local/lib/python3.12/site-packages/airflow/example_dags/example_setup_teardown.py
[2025-01-16T16:05:42.855+0000] {processor.py:914} INFO - Processing file /home/airflow/.local/lib/python3.12/site-packages/airflow/example_dags/example_setup_teardown.py for tasks to queue
[2025-01-16T16:05:42.856+0000] {logging_mixin.py:190} INFO - [2025-01-16T16:05:42.856+0000] {dagbag.py:588} INFO - Filling up the DagBag from /home/airflow/.local/lib/python3.12/site-packages/airflow/example_dags/example_setup_teardown.py
[2025-01-16T16:05:42.864+0000] {processor.py:925} INFO - DAG(s) 'example_setup_teardown' retrieved from /home/airflow/.local/lib/python3.12/site-packages/airflow/example_dags/example_setup_teardown.py
[2025-01-16T16:05:42.880+0000] {logging_mixin.py:190} INFO - [2025-01-16T16:05:42.880+0000] {dag.py:3239} INFO - Sync 1 DAGs
[2025-01-16T16:05:42.892+0000] {logging_mixin.py:190} INFO - [2025-01-16T16:05:42.892+0000] {dag.py:4180} INFO - Setting next_dagrun for example_setup_teardown to None, run_after=None
[2025-01-16T16:05:42.906+0000] {processor.py:208} INFO - Processing /home/airflow/.local/lib/python3.12/site-packages/airflow/example_dags/example_setup_teardown.py took 0.057 seconds
[2025-01-16T16:06:14.364+0000] {processor.py:186} INFO - Started process (PID=18808) to work on /home/airflow/.local/lib/python3.12/site-packages/airflow/example_dags/example_setup_teardown.py
[2025-01-16T16:06:14.365+0000] {processor.py:914} INFO - Processing file /home/airflow/.local/lib/python3.12/site-packages/airflow/example_dags/example_setup_teardown.py for tasks to queue
[2025-01-16T16:06:14.366+0000] {logging_mixin.py:190} INFO - [2025-01-16T16:06:14.366+0000] {dagbag.py:588} INFO - Filling up the DagBag from /home/airflow/.local/lib/python3.12/site-packages/airflow/example_dags/example_setup_teardown.py
[2025-01-16T16:06:14.373+0000] {processor.py:925} INFO - DAG(s) 'example_setup_teardown' retrieved from /home/airflow/.local/lib/python3.12/site-packages/airflow/example_dags/example_setup_teardown.py
[2025-01-16T16:06:14.388+0000] {logging_mixin.py:190} INFO - [2025-01-16T16:06:14.388+0000] {dag.py:3239} INFO - Sync 1 DAGs
[2025-01-16T16:06:14.399+0000] {logging_mixin.py:190} INFO - [2025-01-16T16:06:14.399+0000] {dag.py:4180} INFO - Setting next_dagrun for example_setup_teardown to None, run_after=None
[2025-01-16T16:06:14.413+0000] {processor.py:208} INFO - Processing /home/airflow/.local/lib/python3.12/site-packages/airflow/example_dags/example_setup_teardown.py took 0.052 seconds
[2025-01-16T16:06:45.760+0000] {processor.py:186} INFO - Started process (PID=19102) to work on /home/airflow/.local/lib/python3.12/site-packages/airflow/example_dags/example_setup_teardown.py
[2025-01-16T16:06:45.761+0000] {processor.py:914} INFO - Processing file /home/airflow/.local/lib/python3.12/site-packages/airflow/example_dags/example_setup_teardown.py for tasks to queue
[2025-01-16T16:06:45.762+0000] {logging_mixin.py:190} INFO - [2025-01-16T16:06:45.762+0000] {dagbag.py:588} INFO - Filling up the DagBag from /home/airflow/.local/lib/python3.12/site-packages/airflow/example_dags/example_setup_teardown.py
[2025-01-16T16:06:45.768+0000] {processor.py:925} INFO - DAG(s) 'example_setup_teardown' retrieved from /home/airflow/.local/lib/python3.12/site-packages/airflow/example_dags/example_setup_teardown.py
[2025-01-16T16:06:45.784+0000] {logging_mixin.py:190} INFO - [2025-01-16T16:06:45.784+0000] {dag.py:3239} INFO - Sync 1 DAGs
[2025-01-16T16:06:45.795+0000] {logging_mixin.py:190} INFO - [2025-01-16T16:06:45.795+0000] {dag.py:4180} INFO - Setting next_dagrun for example_setup_teardown to None, run_after=None
[2025-01-16T16:06:45.809+0000] {processor.py:208} INFO - Processing /home/airflow/.local/lib/python3.12/site-packages/airflow/example_dags/example_setup_teardown.py took 0.053 seconds
[2025-01-16T16:07:16.717+0000] {processor.py:186} INFO - Started process (PID=19398) to work on /home/airflow/.local/lib/python3.12/site-packages/airflow/example_dags/example_setup_teardown.py
[2025-01-16T16:07:16.718+0000] {processor.py:914} INFO - Processing file /home/airflow/.local/lib/python3.12/site-packages/airflow/example_dags/example_setup_teardown.py for tasks to queue
[2025-01-16T16:07:16.719+0000] {logging_mixin.py:190} INFO - [2025-01-16T16:07:16.719+0000] {dagbag.py:588} INFO - Filling up the DagBag from /home/airflow/.local/lib/python3.12/site-packages/airflow/example_dags/example_setup_teardown.py
[2025-01-16T16:07:16.726+0000] {processor.py:925} INFO - DAG(s) 'example_setup_teardown' retrieved from /home/airflow/.local/lib/python3.12/site-packages/airflow/example_dags/example_setup_teardown.py
[2025-01-16T16:07:16.740+0000] {logging_mixin.py:190} INFO - [2025-01-16T16:07:16.740+0000] {dag.py:3239} INFO - Sync 1 DAGs
[2025-01-16T16:07:16.751+0000] {logging_mixin.py:190} INFO - [2025-01-16T16:07:16.751+0000] {dag.py:4180} INFO - Setting next_dagrun for example_setup_teardown to None, run_after=None
[2025-01-16T16:07:16.765+0000] {processor.py:208} INFO - Processing /home/airflow/.local/lib/python3.12/site-packages/airflow/example_dags/example_setup_teardown.py took 0.051 seconds
[2025-01-16T16:07:47.651+0000] {processor.py:186} INFO - Started process (PID=19694) to work on /home/airflow/.local/lib/python3.12/site-packages/airflow/example_dags/example_setup_teardown.py
[2025-01-16T16:07:47.652+0000] {processor.py:914} INFO - Processing file /home/airflow/.local/lib/python3.12/site-packages/airflow/example_dags/example_setup_teardown.py for tasks to queue
[2025-01-16T16:07:47.653+0000] {logging_mixin.py:190} INFO - [2025-01-16T16:07:47.652+0000] {dagbag.py:588} INFO - Filling up the DagBag from /home/airflow/.local/lib/python3.12/site-packages/airflow/example_dags/example_setup_teardown.py
[2025-01-16T16:07:47.659+0000] {processor.py:925} INFO - DAG(s) 'example_setup_teardown' retrieved from /home/airflow/.local/lib/python3.12/site-packages/airflow/example_dags/example_setup_teardown.py
[2025-01-16T16:07:47.676+0000] {logging_mixin.py:190} INFO - [2025-01-16T16:07:47.676+0000] {dag.py:3239} INFO - Sync 1 DAGs
[2025-01-16T16:07:47.688+0000] {logging_mixin.py:190} INFO - [2025-01-16T16:07:47.688+0000] {dag.py:4180} INFO - Setting next_dagrun for example_setup_teardown to None, run_after=None
[2025-01-16T16:07:47.702+0000] {processor.py:208} INFO - Processing /home/airflow/.local/lib/python3.12/site-packages/airflow/example_dags/example_setup_teardown.py took 0.055 seconds
[2025-01-16T16:08:19.036+0000] {processor.py:186} INFO - Started process (PID=19990) to work on /home/airflow/.local/lib/python3.12/site-packages/airflow/example_dags/example_setup_teardown.py
[2025-01-16T16:08:19.037+0000] {processor.py:914} INFO - Processing file /home/airflow/.local/lib/python3.12/site-packages/airflow/example_dags/example_setup_teardown.py for tasks to queue
[2025-01-16T16:08:19.038+0000] {logging_mixin.py:190} INFO - [2025-01-16T16:08:19.038+0000] {dagbag.py:588} INFO - Filling up the DagBag from /home/airflow/.local/lib/python3.12/site-packages/airflow/example_dags/example_setup_teardown.py
[2025-01-16T16:08:19.044+0000] {processor.py:925} INFO - DAG(s) 'example_setup_teardown' retrieved from /home/airflow/.local/lib/python3.12/site-packages/airflow/example_dags/example_setup_teardown.py
[2025-01-16T16:08:19.060+0000] {logging_mixin.py:190} INFO - [2025-01-16T16:08:19.060+0000] {dag.py:3239} INFO - Sync 1 DAGs
[2025-01-16T16:08:19.071+0000] {logging_mixin.py:190} INFO - [2025-01-16T16:08:19.070+0000] {dag.py:4180} INFO - Setting next_dagrun for example_setup_teardown to None, run_after=None
[2025-01-16T16:08:19.083+0000] {processor.py:208} INFO - Processing /home/airflow/.local/lib/python3.12/site-packages/airflow/example_dags/example_setup_teardown.py took 0.051 seconds
