[2025-01-16T15:34:04.063+0000] {processor.py:186} INFO - Started process (PID=312) to work on /home/airflow/.local/lib/python3.12/site-packages/airflow/example_dags/example_branch_labels.py
[2025-01-16T15:34:04.064+0000] {processor.py:914} INFO - Processing file /home/airflow/.local/lib/python3.12/site-packages/airflow/example_dags/example_branch_labels.py for tasks to queue
[2025-01-16T15:34:04.067+0000] {logging_mixin.py:190} INFO - [2025-01-16T15:34:04.066+0000] {dagbag.py:588} INFO - Filling up the DagBag from /home/airflow/.local/lib/python3.12/site-packages/airflow/example_dags/example_branch_labels.py
[2025-01-16T15:34:04.077+0000] {processor.py:925} INFO - DAG(s) 'example_branch_labels' retrieved from /home/airflow/.local/lib/python3.12/site-packages/airflow/example_dags/example_branch_labels.py
[2025-01-16T15:34:04.198+0000] {logging_mixin.py:190} INFO - [2025-01-16T15:34:04.198+0000] {override.py:1911} INFO - Created Permission View: can edit on DAG:example_branch_labels
[2025-01-16T15:34:04.209+0000] {logging_mixin.py:190} INFO - [2025-01-16T15:34:04.209+0000] {override.py:1911} INFO - Created Permission View: can delete on DAG:example_branch_labels
[2025-01-16T15:34:04.217+0000] {logging_mixin.py:190} INFO - [2025-01-16T15:34:04.216+0000] {override.py:1911} INFO - Created Permission View: can read on DAG:example_branch_labels
[2025-01-16T15:34:04.226+0000] {logging_mixin.py:190} INFO - [2025-01-16T15:34:04.225+0000] {override.py:1911} INFO - Created Permission View: can create on DAG Run:example_branch_labels
[2025-01-16T15:34:04.233+0000] {logging_mixin.py:190} INFO - [2025-01-16T15:34:04.232+0000] {override.py:1911} INFO - Created Permission View: can delete on DAG Run:example_branch_labels
[2025-01-16T15:34:04.260+0000] {logging_mixin.py:190} INFO - [2025-01-16T15:34:04.259+0000] {override.py:1911} INFO - Created Permission View: menu access on DAG Run:example_branch_labels
[2025-01-16T15:34:04.266+0000] {logging_mixin.py:190} INFO - [2025-01-16T15:34:04.266+0000] {override.py:1911} INFO - Created Permission View: can read on DAG Run:example_branch_labels
[2025-01-16T15:34:04.267+0000] {logging_mixin.py:190} INFO - [2025-01-16T15:34:04.266+0000] {dag.py:3239} INFO - Sync 1 DAGs
[2025-01-16T15:34:04.278+0000] {logging_mixin.py:190} INFO - [2025-01-16T15:34:04.278+0000] {dag.py:3262} INFO - Creating ORM DAG for example_branch_labels
[2025-01-16T15:34:04.289+0000] {logging_mixin.py:190} INFO - [2025-01-16T15:34:04.289+0000] {dag.py:4180} INFO - Setting next_dagrun for example_branch_labels to 2025-01-15 00:00:00+00:00, run_after=2025-01-16 00:00:00+00:00
[2025-01-16T15:34:04.315+0000] {processor.py:208} INFO - Processing /home/airflow/.local/lib/python3.12/site-packages/airflow/example_dags/example_branch_labels.py took 0.258 seconds
[2025-01-16T15:34:34.839+0000] {processor.py:186} INFO - Started process (PID=603) to work on /home/airflow/.local/lib/python3.12/site-packages/airflow/example_dags/example_branch_labels.py
[2025-01-16T15:34:34.841+0000] {processor.py:914} INFO - Processing file /home/airflow/.local/lib/python3.12/site-packages/airflow/example_dags/example_branch_labels.py for tasks to queue
[2025-01-16T15:34:34.844+0000] {logging_mixin.py:190} INFO - [2025-01-16T15:34:34.844+0000] {dagbag.py:588} INFO - Filling up the DagBag from /home/airflow/.local/lib/python3.12/site-packages/airflow/example_dags/example_branch_labels.py
[2025-01-16T15:34:34.860+0000] {processor.py:925} INFO - DAG(s) 'example_branch_labels' retrieved from /home/airflow/.local/lib/python3.12/site-packages/airflow/example_dags/example_branch_labels.py
[2025-01-16T15:34:34.887+0000] {logging_mixin.py:190} INFO - [2025-01-16T15:34:34.887+0000] {dag.py:3239} INFO - Sync 1 DAGs
[2025-01-16T15:34:34.921+0000] {logging_mixin.py:190} INFO - [2025-01-16T15:34:34.921+0000] {dag.py:4180} INFO - Setting next_dagrun for example_branch_labels to 2025-01-15 00:00:00+00:00, run_after=2025-01-16 00:00:00+00:00
[2025-01-16T15:34:34.945+0000] {processor.py:208} INFO - Processing /home/airflow/.local/lib/python3.12/site-packages/airflow/example_dags/example_branch_labels.py took 0.113 seconds
[2025-01-16T15:35:05.621+0000] {processor.py:186} INFO - Started process (PID=902) to work on /home/airflow/.local/lib/python3.12/site-packages/airflow/example_dags/example_branch_labels.py
[2025-01-16T15:35:05.623+0000] {processor.py:914} INFO - Processing file /home/airflow/.local/lib/python3.12/site-packages/airflow/example_dags/example_branch_labels.py for tasks to queue
[2025-01-16T15:35:05.628+0000] {logging_mixin.py:190} INFO - [2025-01-16T15:35:05.627+0000] {dagbag.py:588} INFO - Filling up the DagBag from /home/airflow/.local/lib/python3.12/site-packages/airflow/example_dags/example_branch_labels.py
[2025-01-16T15:35:05.640+0000] {processor.py:925} INFO - DAG(s) 'example_branch_labels' retrieved from /home/airflow/.local/lib/python3.12/site-packages/airflow/example_dags/example_branch_labels.py
[2025-01-16T15:35:05.664+0000] {logging_mixin.py:190} INFO - [2025-01-16T15:35:05.664+0000] {dag.py:3239} INFO - Sync 1 DAGs
[2025-01-16T15:35:05.692+0000] {logging_mixin.py:190} INFO - [2025-01-16T15:35:05.691+0000] {dag.py:4180} INFO - Setting next_dagrun for example_branch_labels to 2025-01-15 00:00:00+00:00, run_after=2025-01-16 00:00:00+00:00
[2025-01-16T15:35:05.716+0000] {processor.py:208} INFO - Processing /home/airflow/.local/lib/python3.12/site-packages/airflow/example_dags/example_branch_labels.py took 0.100 seconds
[2025-01-16T15:35:36.082+0000] {processor.py:186} INFO - Started process (PID=1198) to work on /home/airflow/.local/lib/python3.12/site-packages/airflow/example_dags/example_branch_labels.py
[2025-01-16T15:35:36.083+0000] {processor.py:914} INFO - Processing file /home/airflow/.local/lib/python3.12/site-packages/airflow/example_dags/example_branch_labels.py for tasks to queue
[2025-01-16T15:35:36.085+0000] {logging_mixin.py:190} INFO - [2025-01-16T15:35:36.085+0000] {dagbag.py:588} INFO - Filling up the DagBag from /home/airflow/.local/lib/python3.12/site-packages/airflow/example_dags/example_branch_labels.py
[2025-01-16T15:35:36.093+0000] {processor.py:925} INFO - DAG(s) 'example_branch_labels' retrieved from /home/airflow/.local/lib/python3.12/site-packages/airflow/example_dags/example_branch_labels.py
[2025-01-16T15:35:36.110+0000] {logging_mixin.py:190} INFO - [2025-01-16T15:35:36.110+0000] {dag.py:3239} INFO - Sync 1 DAGs
[2025-01-16T15:35:36.129+0000] {logging_mixin.py:190} INFO - [2025-01-16T15:35:36.129+0000] {dag.py:4180} INFO - Setting next_dagrun for example_branch_labels to 2025-01-15 00:00:00+00:00, run_after=2025-01-16 00:00:00+00:00
[2025-01-16T15:35:36.144+0000] {processor.py:208} INFO - Processing /home/airflow/.local/lib/python3.12/site-packages/airflow/example_dags/example_branch_labels.py took 0.066 seconds
[2025-01-16T15:36:07.748+0000] {processor.py:186} INFO - Started process (PID=1492) to work on /home/airflow/.local/lib/python3.12/site-packages/airflow/example_dags/example_branch_labels.py
[2025-01-16T15:36:07.750+0000] {processor.py:914} INFO - Processing file /home/airflow/.local/lib/python3.12/site-packages/airflow/example_dags/example_branch_labels.py for tasks to queue
[2025-01-16T15:36:07.753+0000] {logging_mixin.py:190} INFO - [2025-01-16T15:36:07.753+0000] {dagbag.py:588} INFO - Filling up the DagBag from /home/airflow/.local/lib/python3.12/site-packages/airflow/example_dags/example_branch_labels.py
[2025-01-16T15:36:07.760+0000] {processor.py:925} INFO - DAG(s) 'example_branch_labels' retrieved from /home/airflow/.local/lib/python3.12/site-packages/airflow/example_dags/example_branch_labels.py
[2025-01-16T15:36:07.778+0000] {logging_mixin.py:190} INFO - [2025-01-16T15:36:07.778+0000] {dag.py:3239} INFO - Sync 1 DAGs
[2025-01-16T15:36:07.800+0000] {logging_mixin.py:190} INFO - [2025-01-16T15:36:07.799+0000] {dag.py:4180} INFO - Setting next_dagrun for example_branch_labels to 2025-01-15 00:00:00+00:00, run_after=2025-01-16 00:00:00+00:00
[2025-01-16T15:36:07.816+0000] {processor.py:208} INFO - Processing /home/airflow/.local/lib/python3.12/site-packages/airflow/example_dags/example_branch_labels.py took 0.072 seconds
[2025-01-16T15:36:38.643+0000] {processor.py:186} INFO - Started process (PID=1788) to work on /home/airflow/.local/lib/python3.12/site-packages/airflow/example_dags/example_branch_labels.py
[2025-01-16T15:36:38.644+0000] {processor.py:914} INFO - Processing file /home/airflow/.local/lib/python3.12/site-packages/airflow/example_dags/example_branch_labels.py for tasks to queue
[2025-01-16T15:36:38.645+0000] {logging_mixin.py:190} INFO - [2025-01-16T15:36:38.645+0000] {dagbag.py:588} INFO - Filling up the DagBag from /home/airflow/.local/lib/python3.12/site-packages/airflow/example_dags/example_branch_labels.py
[2025-01-16T15:36:38.653+0000] {processor.py:925} INFO - DAG(s) 'example_branch_labels' retrieved from /home/airflow/.local/lib/python3.12/site-packages/airflow/example_dags/example_branch_labels.py
[2025-01-16T15:36:38.668+0000] {logging_mixin.py:190} INFO - [2025-01-16T15:36:38.668+0000] {dag.py:3239} INFO - Sync 1 DAGs
[2025-01-16T15:36:38.687+0000] {logging_mixin.py:190} INFO - [2025-01-16T15:36:38.687+0000] {dag.py:4180} INFO - Setting next_dagrun for example_branch_labels to 2025-01-15 00:00:00+00:00, run_after=2025-01-16 00:00:00+00:00
[2025-01-16T15:36:38.703+0000] {processor.py:208} INFO - Processing /home/airflow/.local/lib/python3.12/site-packages/airflow/example_dags/example_branch_labels.py took 0.065 seconds
[2025-01-16T15:37:10.129+0000] {processor.py:186} INFO - Started process (PID=2084) to work on /home/airflow/.local/lib/python3.12/site-packages/airflow/example_dags/example_branch_labels.py
[2025-01-16T15:37:10.130+0000] {processor.py:914} INFO - Processing file /home/airflow/.local/lib/python3.12/site-packages/airflow/example_dags/example_branch_labels.py for tasks to queue
[2025-01-16T15:37:10.132+0000] {logging_mixin.py:190} INFO - [2025-01-16T15:37:10.131+0000] {dagbag.py:588} INFO - Filling up the DagBag from /home/airflow/.local/lib/python3.12/site-packages/airflow/example_dags/example_branch_labels.py
[2025-01-16T15:37:10.139+0000] {processor.py:925} INFO - DAG(s) 'example_branch_labels' retrieved from /home/airflow/.local/lib/python3.12/site-packages/airflow/example_dags/example_branch_labels.py
[2025-01-16T15:37:10.153+0000] {logging_mixin.py:190} INFO - [2025-01-16T15:37:10.153+0000] {dag.py:3239} INFO - Sync 1 DAGs
[2025-01-16T15:37:10.171+0000] {logging_mixin.py:190} INFO - [2025-01-16T15:37:10.171+0000] {dag.py:4180} INFO - Setting next_dagrun for example_branch_labels to 2025-01-15 00:00:00+00:00, run_after=2025-01-16 00:00:00+00:00
[2025-01-16T15:37:10.186+0000] {processor.py:208} INFO - Processing /home/airflow/.local/lib/python3.12/site-packages/airflow/example_dags/example_branch_labels.py took 0.061 seconds
[2025-01-16T15:37:41.477+0000] {processor.py:186} INFO - Started process (PID=2385) to work on /home/airflow/.local/lib/python3.12/site-packages/airflow/example_dags/example_branch_labels.py
[2025-01-16T15:37:41.478+0000] {processor.py:914} INFO - Processing file /home/airflow/.local/lib/python3.12/site-packages/airflow/example_dags/example_branch_labels.py for tasks to queue
[2025-01-16T15:37:41.480+0000] {logging_mixin.py:190} INFO - [2025-01-16T15:37:41.480+0000] {dagbag.py:588} INFO - Filling up the DagBag from /home/airflow/.local/lib/python3.12/site-packages/airflow/example_dags/example_branch_labels.py
[2025-01-16T15:37:41.489+0000] {processor.py:925} INFO - DAG(s) 'example_branch_labels' retrieved from /home/airflow/.local/lib/python3.12/site-packages/airflow/example_dags/example_branch_labels.py
[2025-01-16T15:37:41.506+0000] {logging_mixin.py:190} INFO - [2025-01-16T15:37:41.506+0000] {dag.py:3239} INFO - Sync 1 DAGs
[2025-01-16T15:37:41.526+0000] {logging_mixin.py:190} INFO - [2025-01-16T15:37:41.525+0000] {dag.py:4180} INFO - Setting next_dagrun for example_branch_labels to 2025-01-15 00:00:00+00:00, run_after=2025-01-16 00:00:00+00:00
[2025-01-16T15:37:41.541+0000] {processor.py:208} INFO - Processing /home/airflow/.local/lib/python3.12/site-packages/airflow/example_dags/example_branch_labels.py took 0.069 seconds
[2025-01-16T15:38:12.095+0000] {processor.py:186} INFO - Started process (PID=2681) to work on /home/airflow/.local/lib/python3.12/site-packages/airflow/example_dags/example_branch_labels.py
[2025-01-16T15:38:12.097+0000] {processor.py:914} INFO - Processing file /home/airflow/.local/lib/python3.12/site-packages/airflow/example_dags/example_branch_labels.py for tasks to queue
[2025-01-16T15:38:12.098+0000] {logging_mixin.py:190} INFO - [2025-01-16T15:38:12.098+0000] {dagbag.py:588} INFO - Filling up the DagBag from /home/airflow/.local/lib/python3.12/site-packages/airflow/example_dags/example_branch_labels.py
[2025-01-16T15:38:12.107+0000] {processor.py:925} INFO - DAG(s) 'example_branch_labels' retrieved from /home/airflow/.local/lib/python3.12/site-packages/airflow/example_dags/example_branch_labels.py
[2025-01-16T15:38:12.125+0000] {logging_mixin.py:190} INFO - [2025-01-16T15:38:12.125+0000] {dag.py:3239} INFO - Sync 1 DAGs
[2025-01-16T15:38:12.146+0000] {logging_mixin.py:190} INFO - [2025-01-16T15:38:12.145+0000] {dag.py:4180} INFO - Setting next_dagrun for example_branch_labels to 2025-01-15 00:00:00+00:00, run_after=2025-01-16 00:00:00+00:00
[2025-01-16T15:38:12.161+0000] {processor.py:208} INFO - Processing /home/airflow/.local/lib/python3.12/site-packages/airflow/example_dags/example_branch_labels.py took 0.071 seconds
[2025-01-16T15:38:43.631+0000] {processor.py:186} INFO - Started process (PID=2979) to work on /home/airflow/.local/lib/python3.12/site-packages/airflow/example_dags/example_branch_labels.py
[2025-01-16T15:38:43.632+0000] {processor.py:914} INFO - Processing file /home/airflow/.local/lib/python3.12/site-packages/airflow/example_dags/example_branch_labels.py for tasks to queue
[2025-01-16T15:38:43.634+0000] {logging_mixin.py:190} INFO - [2025-01-16T15:38:43.634+0000] {dagbag.py:588} INFO - Filling up the DagBag from /home/airflow/.local/lib/python3.12/site-packages/airflow/example_dags/example_branch_labels.py
[2025-01-16T15:38:43.641+0000] {processor.py:925} INFO - DAG(s) 'example_branch_labels' retrieved from /home/airflow/.local/lib/python3.12/site-packages/airflow/example_dags/example_branch_labels.py
[2025-01-16T15:38:43.655+0000] {logging_mixin.py:190} INFO - [2025-01-16T15:38:43.655+0000] {dag.py:3239} INFO - Sync 1 DAGs
[2025-01-16T15:38:43.675+0000] {logging_mixin.py:190} INFO - [2025-01-16T15:38:43.674+0000] {dag.py:4180} INFO - Setting next_dagrun for example_branch_labels to 2025-01-15 00:00:00+00:00, run_after=2025-01-16 00:00:00+00:00
[2025-01-16T15:38:43.689+0000] {processor.py:208} INFO - Processing /home/airflow/.local/lib/python3.12/site-packages/airflow/example_dags/example_branch_labels.py took 0.062 seconds
[2025-01-16T15:39:14.803+0000] {processor.py:186} INFO - Started process (PID=3273) to work on /home/airflow/.local/lib/python3.12/site-packages/airflow/example_dags/example_branch_labels.py
[2025-01-16T15:39:14.805+0000] {processor.py:914} INFO - Processing file /home/airflow/.local/lib/python3.12/site-packages/airflow/example_dags/example_branch_labels.py for tasks to queue
[2025-01-16T15:39:14.808+0000] {logging_mixin.py:190} INFO - [2025-01-16T15:39:14.807+0000] {dagbag.py:588} INFO - Filling up the DagBag from /home/airflow/.local/lib/python3.12/site-packages/airflow/example_dags/example_branch_labels.py
[2025-01-16T15:39:14.820+0000] {processor.py:925} INFO - DAG(s) 'example_branch_labels' retrieved from /home/airflow/.local/lib/python3.12/site-packages/airflow/example_dags/example_branch_labels.py
[2025-01-16T15:39:14.851+0000] {logging_mixin.py:190} INFO - [2025-01-16T15:39:14.851+0000] {dag.py:3239} INFO - Sync 1 DAGs
[2025-01-16T15:39:14.878+0000] {logging_mixin.py:190} INFO - [2025-01-16T15:39:14.878+0000] {dag.py:4180} INFO - Setting next_dagrun for example_branch_labels to 2025-01-15 00:00:00+00:00, run_after=2025-01-16 00:00:00+00:00
[2025-01-16T15:39:14.898+0000] {processor.py:208} INFO - Processing /home/airflow/.local/lib/python3.12/site-packages/airflow/example_dags/example_branch_labels.py took 0.106 seconds
[2025-01-16T15:39:45.108+0000] {processor.py:186} INFO - Started process (PID=3566) to work on /home/airflow/.local/lib/python3.12/site-packages/airflow/example_dags/example_branch_labels.py
[2025-01-16T15:39:45.110+0000] {processor.py:914} INFO - Processing file /home/airflow/.local/lib/python3.12/site-packages/airflow/example_dags/example_branch_labels.py for tasks to queue
[2025-01-16T15:39:45.114+0000] {logging_mixin.py:190} INFO - [2025-01-16T15:39:45.113+0000] {dagbag.py:588} INFO - Filling up the DagBag from /home/airflow/.local/lib/python3.12/site-packages/airflow/example_dags/example_branch_labels.py
[2025-01-16T15:39:45.125+0000] {processor.py:925} INFO - DAG(s) 'example_branch_labels' retrieved from /home/airflow/.local/lib/python3.12/site-packages/airflow/example_dags/example_branch_labels.py
[2025-01-16T15:39:45.151+0000] {logging_mixin.py:190} INFO - [2025-01-16T15:39:45.151+0000] {dag.py:3239} INFO - Sync 1 DAGs
[2025-01-16T15:39:45.170+0000] {logging_mixin.py:190} INFO - [2025-01-16T15:39:45.170+0000] {dag.py:4180} INFO - Setting next_dagrun for example_branch_labels to 2025-01-15 00:00:00+00:00, run_after=2025-01-16 00:00:00+00:00
[2025-01-16T15:39:45.188+0000] {processor.py:208} INFO - Processing /home/airflow/.local/lib/python3.12/site-packages/airflow/example_dags/example_branch_labels.py took 0.087 seconds
[2025-01-16T15:40:16.449+0000] {processor.py:186} INFO - Started process (PID=3862) to work on /home/airflow/.local/lib/python3.12/site-packages/airflow/example_dags/example_branch_labels.py
[2025-01-16T15:40:16.449+0000] {processor.py:914} INFO - Processing file /home/airflow/.local/lib/python3.12/site-packages/airflow/example_dags/example_branch_labels.py for tasks to queue
[2025-01-16T15:40:16.451+0000] {logging_mixin.py:190} INFO - [2025-01-16T15:40:16.451+0000] {dagbag.py:588} INFO - Filling up the DagBag from /home/airflow/.local/lib/python3.12/site-packages/airflow/example_dags/example_branch_labels.py
[2025-01-16T15:40:16.458+0000] {processor.py:925} INFO - DAG(s) 'example_branch_labels' retrieved from /home/airflow/.local/lib/python3.12/site-packages/airflow/example_dags/example_branch_labels.py
[2025-01-16T15:40:16.473+0000] {logging_mixin.py:190} INFO - [2025-01-16T15:40:16.473+0000] {dag.py:3239} INFO - Sync 1 DAGs
[2025-01-16T15:40:16.494+0000] {logging_mixin.py:190} INFO - [2025-01-16T15:40:16.494+0000] {dag.py:4180} INFO - Setting next_dagrun for example_branch_labels to 2025-01-15 00:00:00+00:00, run_after=2025-01-16 00:00:00+00:00
[2025-01-16T15:40:16.511+0000] {processor.py:208} INFO - Processing /home/airflow/.local/lib/python3.12/site-packages/airflow/example_dags/example_branch_labels.py took 0.066 seconds
[2025-01-16T15:40:48.559+0000] {processor.py:186} INFO - Started process (PID=4156) to work on /home/airflow/.local/lib/python3.12/site-packages/airflow/example_dags/example_branch_labels.py
[2025-01-16T15:40:48.559+0000] {processor.py:914} INFO - Processing file /home/airflow/.local/lib/python3.12/site-packages/airflow/example_dags/example_branch_labels.py for tasks to queue
[2025-01-16T15:40:48.561+0000] {logging_mixin.py:190} INFO - [2025-01-16T15:40:48.561+0000] {dagbag.py:588} INFO - Filling up the DagBag from /home/airflow/.local/lib/python3.12/site-packages/airflow/example_dags/example_branch_labels.py
[2025-01-16T15:40:48.569+0000] {processor.py:925} INFO - DAG(s) 'example_branch_labels' retrieved from /home/airflow/.local/lib/python3.12/site-packages/airflow/example_dags/example_branch_labels.py
[2025-01-16T15:40:48.589+0000] {logging_mixin.py:190} INFO - [2025-01-16T15:40:48.588+0000] {dag.py:3239} INFO - Sync 1 DAGs
[2025-01-16T15:40:48.610+0000] {logging_mixin.py:190} INFO - [2025-01-16T15:40:48.610+0000] {dag.py:4180} INFO - Setting next_dagrun for example_branch_labels to 2025-01-15 00:00:00+00:00, run_after=2025-01-16 00:00:00+00:00
[2025-01-16T15:40:48.625+0000] {processor.py:208} INFO - Processing /home/airflow/.local/lib/python3.12/site-packages/airflow/example_dags/example_branch_labels.py took 0.071 seconds
[2025-01-16T15:41:19.219+0000] {processor.py:186} INFO - Started process (PID=4454) to work on /home/airflow/.local/lib/python3.12/site-packages/airflow/example_dags/example_branch_labels.py
[2025-01-16T15:41:19.220+0000] {processor.py:914} INFO - Processing file /home/airflow/.local/lib/python3.12/site-packages/airflow/example_dags/example_branch_labels.py for tasks to queue
[2025-01-16T15:41:19.222+0000] {logging_mixin.py:190} INFO - [2025-01-16T15:41:19.221+0000] {dagbag.py:588} INFO - Filling up the DagBag from /home/airflow/.local/lib/python3.12/site-packages/airflow/example_dags/example_branch_labels.py
[2025-01-16T15:41:19.229+0000] {processor.py:925} INFO - DAG(s) 'example_branch_labels' retrieved from /home/airflow/.local/lib/python3.12/site-packages/airflow/example_dags/example_branch_labels.py
[2025-01-16T15:41:19.244+0000] {logging_mixin.py:190} INFO - [2025-01-16T15:41:19.244+0000] {dag.py:3239} INFO - Sync 1 DAGs
[2025-01-16T15:41:19.261+0000] {logging_mixin.py:190} INFO - [2025-01-16T15:41:19.261+0000] {dag.py:4180} INFO - Setting next_dagrun for example_branch_labels to 2025-01-15 00:00:00+00:00, run_after=2025-01-16 00:00:00+00:00
[2025-01-16T15:41:19.273+0000] {processor.py:208} INFO - Processing /home/airflow/.local/lib/python3.12/site-packages/airflow/example_dags/example_branch_labels.py took 0.059 seconds
[2025-01-16T15:41:50.665+0000] {processor.py:186} INFO - Started process (PID=4753) to work on /home/airflow/.local/lib/python3.12/site-packages/airflow/example_dags/example_branch_labels.py
[2025-01-16T15:41:50.666+0000] {processor.py:914} INFO - Processing file /home/airflow/.local/lib/python3.12/site-packages/airflow/example_dags/example_branch_labels.py for tasks to queue
[2025-01-16T15:41:50.667+0000] {logging_mixin.py:190} INFO - [2025-01-16T15:41:50.667+0000] {dagbag.py:588} INFO - Filling up the DagBag from /home/airflow/.local/lib/python3.12/site-packages/airflow/example_dags/example_branch_labels.py
[2025-01-16T15:41:50.674+0000] {processor.py:925} INFO - DAG(s) 'example_branch_labels' retrieved from /home/airflow/.local/lib/python3.12/site-packages/airflow/example_dags/example_branch_labels.py
[2025-01-16T15:41:50.690+0000] {logging_mixin.py:190} INFO - [2025-01-16T15:41:50.690+0000] {dag.py:3239} INFO - Sync 1 DAGs
[2025-01-16T15:41:50.707+0000] {logging_mixin.py:190} INFO - [2025-01-16T15:41:50.707+0000] {dag.py:4180} INFO - Setting next_dagrun for example_branch_labels to 2025-01-15 00:00:00+00:00, run_after=2025-01-16 00:00:00+00:00
[2025-01-16T15:41:50.720+0000] {processor.py:208} INFO - Processing /home/airflow/.local/lib/python3.12/site-packages/airflow/example_dags/example_branch_labels.py took 0.059 seconds
[2025-01-16T15:42:22.059+0000] {processor.py:186} INFO - Started process (PID=5049) to work on /home/airflow/.local/lib/python3.12/site-packages/airflow/example_dags/example_branch_labels.py
[2025-01-16T15:42:22.060+0000] {processor.py:914} INFO - Processing file /home/airflow/.local/lib/python3.12/site-packages/airflow/example_dags/example_branch_labels.py for tasks to queue
[2025-01-16T15:42:22.062+0000] {logging_mixin.py:190} INFO - [2025-01-16T15:42:22.062+0000] {dagbag.py:588} INFO - Filling up the DagBag from /home/airflow/.local/lib/python3.12/site-packages/airflow/example_dags/example_branch_labels.py
[2025-01-16T15:42:22.069+0000] {processor.py:925} INFO - DAG(s) 'example_branch_labels' retrieved from /home/airflow/.local/lib/python3.12/site-packages/airflow/example_dags/example_branch_labels.py
[2025-01-16T15:42:22.084+0000] {logging_mixin.py:190} INFO - [2025-01-16T15:42:22.084+0000] {dag.py:3239} INFO - Sync 1 DAGs
[2025-01-16T15:42:22.102+0000] {logging_mixin.py:190} INFO - [2025-01-16T15:42:22.102+0000] {dag.py:4180} INFO - Setting next_dagrun for example_branch_labels to 2025-01-15 00:00:00+00:00, run_after=2025-01-16 00:00:00+00:00
[2025-01-16T15:42:22.116+0000] {processor.py:208} INFO - Processing /home/airflow/.local/lib/python3.12/site-packages/airflow/example_dags/example_branch_labels.py took 0.060 seconds
[2025-01-16T15:42:53.255+0000] {processor.py:186} INFO - Started process (PID=5345) to work on /home/airflow/.local/lib/python3.12/site-packages/airflow/example_dags/example_branch_labels.py
[2025-01-16T15:42:53.255+0000] {processor.py:914} INFO - Processing file /home/airflow/.local/lib/python3.12/site-packages/airflow/example_dags/example_branch_labels.py for tasks to queue
[2025-01-16T15:42:53.257+0000] {logging_mixin.py:190} INFO - [2025-01-16T15:42:53.257+0000] {dagbag.py:588} INFO - Filling up the DagBag from /home/airflow/.local/lib/python3.12/site-packages/airflow/example_dags/example_branch_labels.py
[2025-01-16T15:42:53.265+0000] {processor.py:925} INFO - DAG(s) 'example_branch_labels' retrieved from /home/airflow/.local/lib/python3.12/site-packages/airflow/example_dags/example_branch_labels.py
[2025-01-16T15:42:53.280+0000] {logging_mixin.py:190} INFO - [2025-01-16T15:42:53.280+0000] {dag.py:3239} INFO - Sync 1 DAGs
[2025-01-16T15:42:53.299+0000] {logging_mixin.py:190} INFO - [2025-01-16T15:42:53.298+0000] {dag.py:4180} INFO - Setting next_dagrun for example_branch_labels to 2025-01-15 00:00:00+00:00, run_after=2025-01-16 00:00:00+00:00
[2025-01-16T15:42:53.311+0000] {processor.py:208} INFO - Processing /home/airflow/.local/lib/python3.12/site-packages/airflow/example_dags/example_branch_labels.py took 0.061 seconds
[2025-01-16T15:43:24.346+0000] {processor.py:186} INFO - Started process (PID=5641) to work on /home/airflow/.local/lib/python3.12/site-packages/airflow/example_dags/example_branch_labels.py
[2025-01-16T15:43:24.347+0000] {processor.py:914} INFO - Processing file /home/airflow/.local/lib/python3.12/site-packages/airflow/example_dags/example_branch_labels.py for tasks to queue
[2025-01-16T15:43:24.349+0000] {logging_mixin.py:190} INFO - [2025-01-16T15:43:24.348+0000] {dagbag.py:588} INFO - Filling up the DagBag from /home/airflow/.local/lib/python3.12/site-packages/airflow/example_dags/example_branch_labels.py
[2025-01-16T15:43:24.356+0000] {processor.py:925} INFO - DAG(s) 'example_branch_labels' retrieved from /home/airflow/.local/lib/python3.12/site-packages/airflow/example_dags/example_branch_labels.py
[2025-01-16T15:43:24.371+0000] {logging_mixin.py:190} INFO - [2025-01-16T15:43:24.371+0000] {dag.py:3239} INFO - Sync 1 DAGs
[2025-01-16T15:43:24.389+0000] {logging_mixin.py:190} INFO - [2025-01-16T15:43:24.389+0000] {dag.py:4180} INFO - Setting next_dagrun for example_branch_labels to 2025-01-15 00:00:00+00:00, run_after=2025-01-16 00:00:00+00:00
[2025-01-16T15:43:24.402+0000] {processor.py:208} INFO - Processing /home/airflow/.local/lib/python3.12/site-packages/airflow/example_dags/example_branch_labels.py took 0.061 seconds
[2025-01-16T15:43:55.774+0000] {processor.py:186} INFO - Started process (PID=5932) to work on /home/airflow/.local/lib/python3.12/site-packages/airflow/example_dags/example_branch_labels.py
[2025-01-16T15:43:55.775+0000] {processor.py:914} INFO - Processing file /home/airflow/.local/lib/python3.12/site-packages/airflow/example_dags/example_branch_labels.py for tasks to queue
[2025-01-16T15:43:55.777+0000] {logging_mixin.py:190} INFO - [2025-01-16T15:43:55.777+0000] {dagbag.py:588} INFO - Filling up the DagBag from /home/airflow/.local/lib/python3.12/site-packages/airflow/example_dags/example_branch_labels.py
[2025-01-16T15:43:55.784+0000] {processor.py:925} INFO - DAG(s) 'example_branch_labels' retrieved from /home/airflow/.local/lib/python3.12/site-packages/airflow/example_dags/example_branch_labels.py
[2025-01-16T15:43:55.799+0000] {logging_mixin.py:190} INFO - [2025-01-16T15:43:55.798+0000] {dag.py:3239} INFO - Sync 1 DAGs
[2025-01-16T15:43:55.816+0000] {logging_mixin.py:190} INFO - [2025-01-16T15:43:55.816+0000] {dag.py:4180} INFO - Setting next_dagrun for example_branch_labels to 2025-01-15 00:00:00+00:00, run_after=2025-01-16 00:00:00+00:00
[2025-01-16T15:43:55.829+0000] {processor.py:208} INFO - Processing /home/airflow/.local/lib/python3.12/site-packages/airflow/example_dags/example_branch_labels.py took 0.059 seconds
[2025-01-16T15:44:27.252+0000] {processor.py:186} INFO - Started process (PID=6230) to work on /home/airflow/.local/lib/python3.12/site-packages/airflow/example_dags/example_branch_labels.py
[2025-01-16T15:44:27.253+0000] {processor.py:914} INFO - Processing file /home/airflow/.local/lib/python3.12/site-packages/airflow/example_dags/example_branch_labels.py for tasks to queue
[2025-01-16T15:44:27.255+0000] {logging_mixin.py:190} INFO - [2025-01-16T15:44:27.255+0000] {dagbag.py:588} INFO - Filling up the DagBag from /home/airflow/.local/lib/python3.12/site-packages/airflow/example_dags/example_branch_labels.py
[2025-01-16T15:44:27.262+0000] {processor.py:925} INFO - DAG(s) 'example_branch_labels' retrieved from /home/airflow/.local/lib/python3.12/site-packages/airflow/example_dags/example_branch_labels.py
[2025-01-16T15:44:27.277+0000] {logging_mixin.py:190} INFO - [2025-01-16T15:44:27.277+0000] {dag.py:3239} INFO - Sync 1 DAGs
[2025-01-16T15:44:27.295+0000] {logging_mixin.py:190} INFO - [2025-01-16T15:44:27.295+0000] {dag.py:4180} INFO - Setting next_dagrun for example_branch_labels to 2025-01-15 00:00:00+00:00, run_after=2025-01-16 00:00:00+00:00
[2025-01-16T15:44:27.307+0000] {processor.py:208} INFO - Processing /home/airflow/.local/lib/python3.12/site-packages/airflow/example_dags/example_branch_labels.py took 0.060 seconds
[2025-01-16T15:44:58.399+0000] {processor.py:186} INFO - Started process (PID=6529) to work on /home/airflow/.local/lib/python3.12/site-packages/airflow/example_dags/example_branch_labels.py
[2025-01-16T15:44:58.399+0000] {processor.py:914} INFO - Processing file /home/airflow/.local/lib/python3.12/site-packages/airflow/example_dags/example_branch_labels.py for tasks to queue
[2025-01-16T15:44:58.401+0000] {logging_mixin.py:190} INFO - [2025-01-16T15:44:58.401+0000] {dagbag.py:588} INFO - Filling up the DagBag from /home/airflow/.local/lib/python3.12/site-packages/airflow/example_dags/example_branch_labels.py
[2025-01-16T15:44:58.409+0000] {processor.py:925} INFO - DAG(s) 'example_branch_labels' retrieved from /home/airflow/.local/lib/python3.12/site-packages/airflow/example_dags/example_branch_labels.py
[2025-01-16T15:44:58.424+0000] {logging_mixin.py:190} INFO - [2025-01-16T15:44:58.424+0000] {dag.py:3239} INFO - Sync 1 DAGs
[2025-01-16T15:44:58.443+0000] {logging_mixin.py:190} INFO - [2025-01-16T15:44:58.443+0000] {dag.py:4180} INFO - Setting next_dagrun for example_branch_labels to 2025-01-15 00:00:00+00:00, run_after=2025-01-16 00:00:00+00:00
[2025-01-16T15:44:58.456+0000] {processor.py:208} INFO - Processing /home/airflow/.local/lib/python3.12/site-packages/airflow/example_dags/example_branch_labels.py took 0.061 seconds
[2025-01-16T15:45:29.588+0000] {processor.py:186} INFO - Started process (PID=6825) to work on /home/airflow/.local/lib/python3.12/site-packages/airflow/example_dags/example_branch_labels.py
[2025-01-16T15:45:29.589+0000] {processor.py:914} INFO - Processing file /home/airflow/.local/lib/python3.12/site-packages/airflow/example_dags/example_branch_labels.py for tasks to queue
[2025-01-16T15:45:29.590+0000] {logging_mixin.py:190} INFO - [2025-01-16T15:45:29.590+0000] {dagbag.py:588} INFO - Filling up the DagBag from /home/airflow/.local/lib/python3.12/site-packages/airflow/example_dags/example_branch_labels.py
[2025-01-16T15:45:29.597+0000] {processor.py:925} INFO - DAG(s) 'example_branch_labels' retrieved from /home/airflow/.local/lib/python3.12/site-packages/airflow/example_dags/example_branch_labels.py
[2025-01-16T15:45:29.613+0000] {logging_mixin.py:190} INFO - [2025-01-16T15:45:29.613+0000] {dag.py:3239} INFO - Sync 1 DAGs
[2025-01-16T15:45:29.631+0000] {logging_mixin.py:190} INFO - [2025-01-16T15:45:29.631+0000] {dag.py:4180} INFO - Setting next_dagrun for example_branch_labels to 2025-01-15 00:00:00+00:00, run_after=2025-01-16 00:00:00+00:00
[2025-01-16T15:45:29.643+0000] {processor.py:208} INFO - Processing /home/airflow/.local/lib/python3.12/site-packages/airflow/example_dags/example_branch_labels.py took 0.060 seconds
[2025-01-16T15:46:00.951+0000] {processor.py:186} INFO - Started process (PID=7124) to work on /home/airflow/.local/lib/python3.12/site-packages/airflow/example_dags/example_branch_labels.py
[2025-01-16T15:46:00.952+0000] {processor.py:914} INFO - Processing file /home/airflow/.local/lib/python3.12/site-packages/airflow/example_dags/example_branch_labels.py for tasks to queue
[2025-01-16T15:46:00.954+0000] {logging_mixin.py:190} INFO - [2025-01-16T15:46:00.953+0000] {dagbag.py:588} INFO - Filling up the DagBag from /home/airflow/.local/lib/python3.12/site-packages/airflow/example_dags/example_branch_labels.py
[2025-01-16T15:46:00.961+0000] {processor.py:925} INFO - DAG(s) 'example_branch_labels' retrieved from /home/airflow/.local/lib/python3.12/site-packages/airflow/example_dags/example_branch_labels.py
[2025-01-16T15:46:00.976+0000] {logging_mixin.py:190} INFO - [2025-01-16T15:46:00.975+0000] {dag.py:3239} INFO - Sync 1 DAGs
[2025-01-16T15:46:00.994+0000] {logging_mixin.py:190} INFO - [2025-01-16T15:46:00.994+0000] {dag.py:4180} INFO - Setting next_dagrun for example_branch_labels to 2025-01-15 00:00:00+00:00, run_after=2025-01-16 00:00:00+00:00
[2025-01-16T15:46:01.007+0000] {processor.py:208} INFO - Processing /home/airflow/.local/lib/python3.12/site-packages/airflow/example_dags/example_branch_labels.py took 0.060 seconds
[2025-01-16T15:46:32.287+0000] {processor.py:186} INFO - Started process (PID=7420) to work on /home/airflow/.local/lib/python3.12/site-packages/airflow/example_dags/example_branch_labels.py
[2025-01-16T15:46:32.287+0000] {processor.py:914} INFO - Processing file /home/airflow/.local/lib/python3.12/site-packages/airflow/example_dags/example_branch_labels.py for tasks to queue
[2025-01-16T15:46:32.289+0000] {logging_mixin.py:190} INFO - [2025-01-16T15:46:32.289+0000] {dagbag.py:588} INFO - Filling up the DagBag from /home/airflow/.local/lib/python3.12/site-packages/airflow/example_dags/example_branch_labels.py
[2025-01-16T15:46:32.296+0000] {processor.py:925} INFO - DAG(s) 'example_branch_labels' retrieved from /home/airflow/.local/lib/python3.12/site-packages/airflow/example_dags/example_branch_labels.py
[2025-01-16T15:46:32.311+0000] {logging_mixin.py:190} INFO - [2025-01-16T15:46:32.311+0000] {dag.py:3239} INFO - Sync 1 DAGs
[2025-01-16T15:46:32.328+0000] {logging_mixin.py:190} INFO - [2025-01-16T15:46:32.328+0000] {dag.py:4180} INFO - Setting next_dagrun for example_branch_labels to 2025-01-15 00:00:00+00:00, run_after=2025-01-16 00:00:00+00:00
[2025-01-16T15:46:32.341+0000] {processor.py:208} INFO - Processing /home/airflow/.local/lib/python3.12/site-packages/airflow/example_dags/example_branch_labels.py took 0.058 seconds
[2025-01-16T15:47:02.961+0000] {processor.py:186} INFO - Started process (PID=7714) to work on /home/airflow/.local/lib/python3.12/site-packages/airflow/example_dags/example_branch_labels.py
[2025-01-16T15:47:02.962+0000] {processor.py:914} INFO - Processing file /home/airflow/.local/lib/python3.12/site-packages/airflow/example_dags/example_branch_labels.py for tasks to queue
[2025-01-16T15:47:02.963+0000] {logging_mixin.py:190} INFO - [2025-01-16T15:47:02.963+0000] {dagbag.py:588} INFO - Filling up the DagBag from /home/airflow/.local/lib/python3.12/site-packages/airflow/example_dags/example_branch_labels.py
[2025-01-16T15:47:02.971+0000] {processor.py:925} INFO - DAG(s) 'example_branch_labels' retrieved from /home/airflow/.local/lib/python3.12/site-packages/airflow/example_dags/example_branch_labels.py
[2025-01-16T15:47:02.986+0000] {logging_mixin.py:190} INFO - [2025-01-16T15:47:02.986+0000] {dag.py:3239} INFO - Sync 1 DAGs
[2025-01-16T15:47:03.005+0000] {logging_mixin.py:190} INFO - [2025-01-16T15:47:03.004+0000] {dag.py:4180} INFO - Setting next_dagrun for example_branch_labels to 2025-01-15 00:00:00+00:00, run_after=2025-01-16 00:00:00+00:00
[2025-01-16T15:47:03.019+0000] {processor.py:208} INFO - Processing /home/airflow/.local/lib/python3.12/site-packages/airflow/example_dags/example_branch_labels.py took 0.062 seconds
[2025-01-16T15:47:33.918+0000] {processor.py:186} INFO - Started process (PID=8010) to work on /home/airflow/.local/lib/python3.12/site-packages/airflow/example_dags/example_branch_labels.py
[2025-01-16T15:47:33.919+0000] {processor.py:914} INFO - Processing file /home/airflow/.local/lib/python3.12/site-packages/airflow/example_dags/example_branch_labels.py for tasks to queue
[2025-01-16T15:47:33.920+0000] {logging_mixin.py:190} INFO - [2025-01-16T15:47:33.920+0000] {dagbag.py:588} INFO - Filling up the DagBag from /home/airflow/.local/lib/python3.12/site-packages/airflow/example_dags/example_branch_labels.py
[2025-01-16T15:47:33.928+0000] {processor.py:925} INFO - DAG(s) 'example_branch_labels' retrieved from /home/airflow/.local/lib/python3.12/site-packages/airflow/example_dags/example_branch_labels.py
[2025-01-16T15:47:33.944+0000] {logging_mixin.py:190} INFO - [2025-01-16T15:47:33.944+0000] {dag.py:3239} INFO - Sync 1 DAGs
[2025-01-16T15:47:33.962+0000] {logging_mixin.py:190} INFO - [2025-01-16T15:47:33.962+0000] {dag.py:4180} INFO - Setting next_dagrun for example_branch_labels to 2025-01-15 00:00:00+00:00, run_after=2025-01-16 00:00:00+00:00
[2025-01-16T15:47:33.975+0000] {processor.py:208} INFO - Processing /home/airflow/.local/lib/python3.12/site-packages/airflow/example_dags/example_branch_labels.py took 0.061 seconds
[2025-01-16T15:48:05.361+0000] {processor.py:186} INFO - Started process (PID=8306) to work on /home/airflow/.local/lib/python3.12/site-packages/airflow/example_dags/example_branch_labels.py
[2025-01-16T15:48:05.362+0000] {processor.py:914} INFO - Processing file /home/airflow/.local/lib/python3.12/site-packages/airflow/example_dags/example_branch_labels.py for tasks to queue
[2025-01-16T15:48:05.363+0000] {logging_mixin.py:190} INFO - [2025-01-16T15:48:05.363+0000] {dagbag.py:588} INFO - Filling up the DagBag from /home/airflow/.local/lib/python3.12/site-packages/airflow/example_dags/example_branch_labels.py
[2025-01-16T15:48:05.370+0000] {processor.py:925} INFO - DAG(s) 'example_branch_labels' retrieved from /home/airflow/.local/lib/python3.12/site-packages/airflow/example_dags/example_branch_labels.py
[2025-01-16T15:48:05.387+0000] {logging_mixin.py:190} INFO - [2025-01-16T15:48:05.386+0000] {dag.py:3239} INFO - Sync 1 DAGs
[2025-01-16T15:48:05.404+0000] {logging_mixin.py:190} INFO - [2025-01-16T15:48:05.404+0000] {dag.py:4180} INFO - Setting next_dagrun for example_branch_labels to 2025-01-15 00:00:00+00:00, run_after=2025-01-16 00:00:00+00:00
[2025-01-16T15:48:05.417+0000] {processor.py:208} INFO - Processing /home/airflow/.local/lib/python3.12/site-packages/airflow/example_dags/example_branch_labels.py took 0.060 seconds
[2025-01-16T15:48:36.198+0000] {processor.py:186} INFO - Started process (PID=8602) to work on /home/airflow/.local/lib/python3.12/site-packages/airflow/example_dags/example_branch_labels.py
[2025-01-16T15:48:36.198+0000] {processor.py:914} INFO - Processing file /home/airflow/.local/lib/python3.12/site-packages/airflow/example_dags/example_branch_labels.py for tasks to queue
[2025-01-16T15:48:36.200+0000] {logging_mixin.py:190} INFO - [2025-01-16T15:48:36.200+0000] {dagbag.py:588} INFO - Filling up the DagBag from /home/airflow/.local/lib/python3.12/site-packages/airflow/example_dags/example_branch_labels.py
[2025-01-16T15:48:36.207+0000] {processor.py:925} INFO - DAG(s) 'example_branch_labels' retrieved from /home/airflow/.local/lib/python3.12/site-packages/airflow/example_dags/example_branch_labels.py
[2025-01-16T15:48:36.223+0000] {logging_mixin.py:190} INFO - [2025-01-16T15:48:36.223+0000] {dag.py:3239} INFO - Sync 1 DAGs
[2025-01-16T15:48:36.242+0000] {logging_mixin.py:190} INFO - [2025-01-16T15:48:36.242+0000] {dag.py:4180} INFO - Setting next_dagrun for example_branch_labels to 2025-01-15 00:00:00+00:00, run_after=2025-01-16 00:00:00+00:00
[2025-01-16T15:48:36.256+0000] {processor.py:208} INFO - Processing /home/airflow/.local/lib/python3.12/site-packages/airflow/example_dags/example_branch_labels.py took 0.063 seconds
[2025-01-16T15:49:08.414+0000] {processor.py:186} INFO - Started process (PID=8903) to work on /home/airflow/.local/lib/python3.12/site-packages/airflow/example_dags/example_branch_labels.py
[2025-01-16T15:49:08.416+0000] {processor.py:914} INFO - Processing file /home/airflow/.local/lib/python3.12/site-packages/airflow/example_dags/example_branch_labels.py for tasks to queue
[2025-01-16T15:49:08.417+0000] {logging_mixin.py:190} INFO - [2025-01-16T15:49:08.417+0000] {dagbag.py:588} INFO - Filling up the DagBag from /home/airflow/.local/lib/python3.12/site-packages/airflow/example_dags/example_branch_labels.py
[2025-01-16T15:49:08.425+0000] {processor.py:925} INFO - DAG(s) 'example_branch_labels' retrieved from /home/airflow/.local/lib/python3.12/site-packages/airflow/example_dags/example_branch_labels.py
[2025-01-16T15:49:08.441+0000] {logging_mixin.py:190} INFO - [2025-01-16T15:49:08.441+0000] {dag.py:3239} INFO - Sync 1 DAGs
[2025-01-16T15:49:08.460+0000] {logging_mixin.py:190} INFO - [2025-01-16T15:49:08.460+0000] {dag.py:4180} INFO - Setting next_dagrun for example_branch_labels to 2025-01-15 00:00:00+00:00, run_after=2025-01-16 00:00:00+00:00
[2025-01-16T15:49:08.480+0000] {processor.py:208} INFO - Processing /home/airflow/.local/lib/python3.12/site-packages/airflow/example_dags/example_branch_labels.py took 0.071 seconds
[2025-01-16T15:49:39.147+0000] {processor.py:186} INFO - Started process (PID=9204) to work on /home/airflow/.local/lib/python3.12/site-packages/airflow/example_dags/example_branch_labels.py
[2025-01-16T15:49:39.148+0000] {processor.py:914} INFO - Processing file /home/airflow/.local/lib/python3.12/site-packages/airflow/example_dags/example_branch_labels.py for tasks to queue
[2025-01-16T15:49:39.150+0000] {logging_mixin.py:190} INFO - [2025-01-16T15:49:39.150+0000] {dagbag.py:588} INFO - Filling up the DagBag from /home/airflow/.local/lib/python3.12/site-packages/airflow/example_dags/example_branch_labels.py
[2025-01-16T15:49:39.158+0000] {processor.py:925} INFO - DAG(s) 'example_branch_labels' retrieved from /home/airflow/.local/lib/python3.12/site-packages/airflow/example_dags/example_branch_labels.py
[2025-01-16T15:49:39.176+0000] {logging_mixin.py:190} INFO - [2025-01-16T15:49:39.175+0000] {dag.py:3239} INFO - Sync 1 DAGs
[2025-01-16T15:49:39.195+0000] {logging_mixin.py:190} INFO - [2025-01-16T15:49:39.194+0000] {dag.py:4180} INFO - Setting next_dagrun for example_branch_labels to 2025-01-15 00:00:00+00:00, run_after=2025-01-16 00:00:00+00:00
[2025-01-16T15:49:39.211+0000] {processor.py:208} INFO - Processing /home/airflow/.local/lib/python3.12/site-packages/airflow/example_dags/example_branch_labels.py took 0.068 seconds
[2025-01-16T15:50:09.958+0000] {processor.py:186} INFO - Started process (PID=9495) to work on /home/airflow/.local/lib/python3.12/site-packages/airflow/example_dags/example_branch_labels.py
[2025-01-16T15:50:09.959+0000] {processor.py:914} INFO - Processing file /home/airflow/.local/lib/python3.12/site-packages/airflow/example_dags/example_branch_labels.py for tasks to queue
[2025-01-16T15:50:09.961+0000] {logging_mixin.py:190} INFO - [2025-01-16T15:50:09.961+0000] {dagbag.py:588} INFO - Filling up the DagBag from /home/airflow/.local/lib/python3.12/site-packages/airflow/example_dags/example_branch_labels.py
[2025-01-16T15:50:09.969+0000] {processor.py:925} INFO - DAG(s) 'example_branch_labels' retrieved from /home/airflow/.local/lib/python3.12/site-packages/airflow/example_dags/example_branch_labels.py
[2025-01-16T15:50:09.990+0000] {logging_mixin.py:190} INFO - [2025-01-16T15:50:09.989+0000] {dag.py:3239} INFO - Sync 1 DAGs
[2025-01-16T15:50:10.012+0000] {logging_mixin.py:190} INFO - [2025-01-16T15:50:10.012+0000] {dag.py:4180} INFO - Setting next_dagrun for example_branch_labels to 2025-01-15 00:00:00+00:00, run_after=2025-01-16 00:00:00+00:00
[2025-01-16T15:50:10.030+0000] {processor.py:208} INFO - Processing /home/airflow/.local/lib/python3.12/site-packages/airflow/example_dags/example_branch_labels.py took 0.076 seconds
[2025-01-16T15:50:40.985+0000] {processor.py:186} INFO - Started process (PID=9793) to work on /home/airflow/.local/lib/python3.12/site-packages/airflow/example_dags/example_branch_labels.py
[2025-01-16T15:50:40.986+0000] {processor.py:914} INFO - Processing file /home/airflow/.local/lib/python3.12/site-packages/airflow/example_dags/example_branch_labels.py for tasks to queue
[2025-01-16T15:50:40.989+0000] {logging_mixin.py:190} INFO - [2025-01-16T15:50:40.989+0000] {dagbag.py:588} INFO - Filling up the DagBag from /home/airflow/.local/lib/python3.12/site-packages/airflow/example_dags/example_branch_labels.py
[2025-01-16T15:50:41.007+0000] {processor.py:925} INFO - DAG(s) 'example_branch_labels' retrieved from /home/airflow/.local/lib/python3.12/site-packages/airflow/example_dags/example_branch_labels.py
[2025-01-16T15:50:41.046+0000] {logging_mixin.py:190} INFO - [2025-01-16T15:50:41.046+0000] {dag.py:3239} INFO - Sync 1 DAGs
[2025-01-16T15:50:41.090+0000] {logging_mixin.py:190} INFO - [2025-01-16T15:50:41.090+0000] {dag.py:4180} INFO - Setting next_dagrun for example_branch_labels to 2025-01-15 00:00:00+00:00, run_after=2025-01-16 00:00:00+00:00
[2025-01-16T15:50:41.123+0000] {processor.py:208} INFO - Processing /home/airflow/.local/lib/python3.12/site-packages/airflow/example_dags/example_branch_labels.py took 0.146 seconds
[2025-01-16T15:51:11.839+0000] {processor.py:186} INFO - Started process (PID=10091) to work on /home/airflow/.local/lib/python3.12/site-packages/airflow/example_dags/example_branch_labels.py
[2025-01-16T15:51:11.840+0000] {processor.py:914} INFO - Processing file /home/airflow/.local/lib/python3.12/site-packages/airflow/example_dags/example_branch_labels.py for tasks to queue
[2025-01-16T15:51:11.842+0000] {logging_mixin.py:190} INFO - [2025-01-16T15:51:11.842+0000] {dagbag.py:588} INFO - Filling up the DagBag from /home/airflow/.local/lib/python3.12/site-packages/airflow/example_dags/example_branch_labels.py
[2025-01-16T15:51:11.851+0000] {processor.py:925} INFO - DAG(s) 'example_branch_labels' retrieved from /home/airflow/.local/lib/python3.12/site-packages/airflow/example_dags/example_branch_labels.py
[2025-01-16T15:51:11.868+0000] {logging_mixin.py:190} INFO - [2025-01-16T15:51:11.868+0000] {dag.py:3239} INFO - Sync 1 DAGs
[2025-01-16T15:51:11.889+0000] {logging_mixin.py:190} INFO - [2025-01-16T15:51:11.889+0000] {dag.py:4180} INFO - Setting next_dagrun for example_branch_labels to 2025-01-15 00:00:00+00:00, run_after=2025-01-16 00:00:00+00:00
[2025-01-16T15:51:11.903+0000] {processor.py:208} INFO - Processing /home/airflow/.local/lib/python3.12/site-packages/airflow/example_dags/example_branch_labels.py took 0.069 seconds
[2025-01-16T15:51:43.539+0000] {processor.py:186} INFO - Started process (PID=10417) to work on /home/airflow/.local/lib/python3.12/site-packages/airflow/example_dags/example_branch_labels.py
[2025-01-16T15:51:43.539+0000] {processor.py:914} INFO - Processing file /home/airflow/.local/lib/python3.12/site-packages/airflow/example_dags/example_branch_labels.py for tasks to queue
[2025-01-16T15:51:43.541+0000] {logging_mixin.py:190} INFO - [2025-01-16T15:51:43.541+0000] {dagbag.py:588} INFO - Filling up the DagBag from /home/airflow/.local/lib/python3.12/site-packages/airflow/example_dags/example_branch_labels.py
[2025-01-16T15:51:43.549+0000] {processor.py:925} INFO - DAG(s) 'example_branch_labels' retrieved from /home/airflow/.local/lib/python3.12/site-packages/airflow/example_dags/example_branch_labels.py
[2025-01-16T15:51:43.567+0000] {logging_mixin.py:190} INFO - [2025-01-16T15:51:43.567+0000] {dag.py:3239} INFO - Sync 1 DAGs
[2025-01-16T15:51:43.588+0000] {logging_mixin.py:190} INFO - [2025-01-16T15:51:43.588+0000] {dag.py:4180} INFO - Setting next_dagrun for example_branch_labels to 2025-01-15 00:00:00+00:00, run_after=2025-01-16 00:00:00+00:00
[2025-01-16T15:51:43.602+0000] {processor.py:208} INFO - Processing /home/airflow/.local/lib/python3.12/site-packages/airflow/example_dags/example_branch_labels.py took 0.069 seconds
[2025-01-16T15:52:14.768+0000] {processor.py:186} INFO - Started process (PID=10715) to work on /home/airflow/.local/lib/python3.12/site-packages/airflow/example_dags/example_branch_labels.py
[2025-01-16T15:52:14.768+0000] {processor.py:914} INFO - Processing file /home/airflow/.local/lib/python3.12/site-packages/airflow/example_dags/example_branch_labels.py for tasks to queue
[2025-01-16T15:52:14.770+0000] {logging_mixin.py:190} INFO - [2025-01-16T15:52:14.770+0000] {dagbag.py:588} INFO - Filling up the DagBag from /home/airflow/.local/lib/python3.12/site-packages/airflow/example_dags/example_branch_labels.py
[2025-01-16T15:52:14.777+0000] {processor.py:925} INFO - DAG(s) 'example_branch_labels' retrieved from /home/airflow/.local/lib/python3.12/site-packages/airflow/example_dags/example_branch_labels.py
[2025-01-16T15:52:14.793+0000] {logging_mixin.py:190} INFO - [2025-01-16T15:52:14.793+0000] {dag.py:3239} INFO - Sync 1 DAGs
[2025-01-16T15:52:14.812+0000] {logging_mixin.py:190} INFO - [2025-01-16T15:52:14.812+0000] {dag.py:4180} INFO - Setting next_dagrun for example_branch_labels to 2025-01-15 00:00:00+00:00, run_after=2025-01-16 00:00:00+00:00
[2025-01-16T15:52:14.824+0000] {processor.py:208} INFO - Processing /home/airflow/.local/lib/python3.12/site-packages/airflow/example_dags/example_branch_labels.py took 0.061 seconds
[2025-01-16T15:52:45.822+0000] {processor.py:186} INFO - Started process (PID=11011) to work on /home/airflow/.local/lib/python3.12/site-packages/airflow/example_dags/example_branch_labels.py
[2025-01-16T15:52:45.823+0000] {processor.py:914} INFO - Processing file /home/airflow/.local/lib/python3.12/site-packages/airflow/example_dags/example_branch_labels.py for tasks to queue
[2025-01-16T15:52:45.824+0000] {logging_mixin.py:190} INFO - [2025-01-16T15:52:45.824+0000] {dagbag.py:588} INFO - Filling up the DagBag from /home/airflow/.local/lib/python3.12/site-packages/airflow/example_dags/example_branch_labels.py
[2025-01-16T15:52:45.832+0000] {processor.py:925} INFO - DAG(s) 'example_branch_labels' retrieved from /home/airflow/.local/lib/python3.12/site-packages/airflow/example_dags/example_branch_labels.py
[2025-01-16T15:52:45.846+0000] {logging_mixin.py:190} INFO - [2025-01-16T15:52:45.846+0000] {dag.py:3239} INFO - Sync 1 DAGs
[2025-01-16T15:52:45.864+0000] {logging_mixin.py:190} INFO - [2025-01-16T15:52:45.864+0000] {dag.py:4180} INFO - Setting next_dagrun for example_branch_labels to 2025-01-15 00:00:00+00:00, run_after=2025-01-16 00:00:00+00:00
[2025-01-16T15:52:45.876+0000] {processor.py:208} INFO - Processing /home/airflow/.local/lib/python3.12/site-packages/airflow/example_dags/example_branch_labels.py took 0.058 seconds
[2025-01-16T15:53:16.881+0000] {processor.py:186} INFO - Started process (PID=11305) to work on /home/airflow/.local/lib/python3.12/site-packages/airflow/example_dags/example_branch_labels.py
[2025-01-16T15:53:16.882+0000] {processor.py:914} INFO - Processing file /home/airflow/.local/lib/python3.12/site-packages/airflow/example_dags/example_branch_labels.py for tasks to queue
[2025-01-16T15:53:16.884+0000] {logging_mixin.py:190} INFO - [2025-01-16T15:53:16.883+0000] {dagbag.py:588} INFO - Filling up the DagBag from /home/airflow/.local/lib/python3.12/site-packages/airflow/example_dags/example_branch_labels.py
[2025-01-16T15:53:16.892+0000] {processor.py:925} INFO - DAG(s) 'example_branch_labels' retrieved from /home/airflow/.local/lib/python3.12/site-packages/airflow/example_dags/example_branch_labels.py
[2025-01-16T15:53:16.907+0000] {logging_mixin.py:190} INFO - [2025-01-16T15:53:16.907+0000] {dag.py:3239} INFO - Sync 1 DAGs
[2025-01-16T15:53:16.927+0000] {logging_mixin.py:190} INFO - [2025-01-16T15:53:16.927+0000] {dag.py:4180} INFO - Setting next_dagrun for example_branch_labels to 2025-01-15 00:00:00+00:00, run_after=2025-01-16 00:00:00+00:00
[2025-01-16T15:53:16.939+0000] {processor.py:208} INFO - Processing /home/airflow/.local/lib/python3.12/site-packages/airflow/example_dags/example_branch_labels.py took 0.062 seconds
[2025-01-16T15:53:47.595+0000] {processor.py:186} INFO - Started process (PID=11601) to work on /home/airflow/.local/lib/python3.12/site-packages/airflow/example_dags/example_branch_labels.py
[2025-01-16T15:53:47.596+0000] {processor.py:914} INFO - Processing file /home/airflow/.local/lib/python3.12/site-packages/airflow/example_dags/example_branch_labels.py for tasks to queue
[2025-01-16T15:53:47.597+0000] {logging_mixin.py:190} INFO - [2025-01-16T15:53:47.597+0000] {dagbag.py:588} INFO - Filling up the DagBag from /home/airflow/.local/lib/python3.12/site-packages/airflow/example_dags/example_branch_labels.py
[2025-01-16T15:53:47.605+0000] {processor.py:925} INFO - DAG(s) 'example_branch_labels' retrieved from /home/airflow/.local/lib/python3.12/site-packages/airflow/example_dags/example_branch_labels.py
[2025-01-16T15:53:47.620+0000] {logging_mixin.py:190} INFO - [2025-01-16T15:53:47.620+0000] {dag.py:3239} INFO - Sync 1 DAGs
[2025-01-16T15:53:47.638+0000] {logging_mixin.py:190} INFO - [2025-01-16T15:53:47.638+0000] {dag.py:4180} INFO - Setting next_dagrun for example_branch_labels to 2025-01-15 00:00:00+00:00, run_after=2025-01-16 00:00:00+00:00
[2025-01-16T15:53:47.651+0000] {processor.py:208} INFO - Processing /home/airflow/.local/lib/python3.12/site-packages/airflow/example_dags/example_branch_labels.py took 0.060 seconds
[2025-01-16T15:54:18.278+0000] {processor.py:186} INFO - Started process (PID=11897) to work on /home/airflow/.local/lib/python3.12/site-packages/airflow/example_dags/example_branch_labels.py
[2025-01-16T15:54:18.279+0000] {processor.py:914} INFO - Processing file /home/airflow/.local/lib/python3.12/site-packages/airflow/example_dags/example_branch_labels.py for tasks to queue
[2025-01-16T15:54:18.280+0000] {logging_mixin.py:190} INFO - [2025-01-16T15:54:18.280+0000] {dagbag.py:588} INFO - Filling up the DagBag from /home/airflow/.local/lib/python3.12/site-packages/airflow/example_dags/example_branch_labels.py
[2025-01-16T15:54:18.288+0000] {processor.py:925} INFO - DAG(s) 'example_branch_labels' retrieved from /home/airflow/.local/lib/python3.12/site-packages/airflow/example_dags/example_branch_labels.py
[2025-01-16T15:54:18.305+0000] {logging_mixin.py:190} INFO - [2025-01-16T15:54:18.305+0000] {dag.py:3239} INFO - Sync 1 DAGs
[2025-01-16T15:54:18.324+0000] {logging_mixin.py:190} INFO - [2025-01-16T15:54:18.324+0000] {dag.py:4180} INFO - Setting next_dagrun for example_branch_labels to 2025-01-15 00:00:00+00:00, run_after=2025-01-16 00:00:00+00:00
[2025-01-16T15:54:18.336+0000] {processor.py:208} INFO - Processing /home/airflow/.local/lib/python3.12/site-packages/airflow/example_dags/example_branch_labels.py took 0.063 seconds
[2025-01-16T15:54:48.917+0000] {processor.py:186} INFO - Started process (PID=12193) to work on /home/airflow/.local/lib/python3.12/site-packages/airflow/example_dags/example_branch_labels.py
[2025-01-16T15:54:48.918+0000] {processor.py:914} INFO - Processing file /home/airflow/.local/lib/python3.12/site-packages/airflow/example_dags/example_branch_labels.py for tasks to queue
[2025-01-16T15:54:48.920+0000] {logging_mixin.py:190} INFO - [2025-01-16T15:54:48.919+0000] {dagbag.py:588} INFO - Filling up the DagBag from /home/airflow/.local/lib/python3.12/site-packages/airflow/example_dags/example_branch_labels.py
[2025-01-16T15:54:48.926+0000] {processor.py:925} INFO - DAG(s) 'example_branch_labels' retrieved from /home/airflow/.local/lib/python3.12/site-packages/airflow/example_dags/example_branch_labels.py
[2025-01-16T15:54:48.941+0000] {logging_mixin.py:190} INFO - [2025-01-16T15:54:48.941+0000] {dag.py:3239} INFO - Sync 1 DAGs
[2025-01-16T15:54:48.959+0000] {logging_mixin.py:190} INFO - [2025-01-16T15:54:48.959+0000] {dag.py:4180} INFO - Setting next_dagrun for example_branch_labels to 2025-01-15 00:00:00+00:00, run_after=2025-01-16 00:00:00+00:00
[2025-01-16T15:54:48.972+0000] {processor.py:208} INFO - Processing /home/airflow/.local/lib/python3.12/site-packages/airflow/example_dags/example_branch_labels.py took 0.058 seconds
[2025-01-16T15:55:19.673+0000] {processor.py:186} INFO - Started process (PID=12491) to work on /home/airflow/.local/lib/python3.12/site-packages/airflow/example_dags/example_branch_labels.py
[2025-01-16T15:55:19.674+0000] {processor.py:914} INFO - Processing file /home/airflow/.local/lib/python3.12/site-packages/airflow/example_dags/example_branch_labels.py for tasks to queue
[2025-01-16T15:55:19.675+0000] {logging_mixin.py:190} INFO - [2025-01-16T15:55:19.675+0000] {dagbag.py:588} INFO - Filling up the DagBag from /home/airflow/.local/lib/python3.12/site-packages/airflow/example_dags/example_branch_labels.py
[2025-01-16T15:55:19.682+0000] {processor.py:925} INFO - DAG(s) 'example_branch_labels' retrieved from /home/airflow/.local/lib/python3.12/site-packages/airflow/example_dags/example_branch_labels.py
[2025-01-16T15:55:19.697+0000] {logging_mixin.py:190} INFO - [2025-01-16T15:55:19.697+0000] {dag.py:3239} INFO - Sync 1 DAGs
[2025-01-16T15:55:19.714+0000] {logging_mixin.py:190} INFO - [2025-01-16T15:55:19.714+0000] {dag.py:4180} INFO - Setting next_dagrun for example_branch_labels to 2025-01-15 00:00:00+00:00, run_after=2025-01-16 00:00:00+00:00
[2025-01-16T15:55:19.728+0000] {processor.py:208} INFO - Processing /home/airflow/.local/lib/python3.12/site-packages/airflow/example_dags/example_branch_labels.py took 0.059 seconds
[2025-01-16T15:55:50.387+0000] {processor.py:186} INFO - Started process (PID=12785) to work on /home/airflow/.local/lib/python3.12/site-packages/airflow/example_dags/example_branch_labels.py
[2025-01-16T15:55:50.388+0000] {processor.py:914} INFO - Processing file /home/airflow/.local/lib/python3.12/site-packages/airflow/example_dags/example_branch_labels.py for tasks to queue
[2025-01-16T15:55:50.389+0000] {logging_mixin.py:190} INFO - [2025-01-16T15:55:50.389+0000] {dagbag.py:588} INFO - Filling up the DagBag from /home/airflow/.local/lib/python3.12/site-packages/airflow/example_dags/example_branch_labels.py
[2025-01-16T15:55:50.396+0000] {processor.py:925} INFO - DAG(s) 'example_branch_labels' retrieved from /home/airflow/.local/lib/python3.12/site-packages/airflow/example_dags/example_branch_labels.py
[2025-01-16T15:55:50.412+0000] {logging_mixin.py:190} INFO - [2025-01-16T15:55:50.411+0000] {dag.py:3239} INFO - Sync 1 DAGs
[2025-01-16T15:55:50.430+0000] {logging_mixin.py:190} INFO - [2025-01-16T15:55:50.430+0000] {dag.py:4180} INFO - Setting next_dagrun for example_branch_labels to 2025-01-15 00:00:00+00:00, run_after=2025-01-16 00:00:00+00:00
[2025-01-16T15:55:50.443+0000] {processor.py:208} INFO - Processing /home/airflow/.local/lib/python3.12/site-packages/airflow/example_dags/example_branch_labels.py took 0.060 seconds
[2025-01-16T15:56:21.268+0000] {processor.py:186} INFO - Started process (PID=13083) to work on /home/airflow/.local/lib/python3.12/site-packages/airflow/example_dags/example_branch_labels.py
[2025-01-16T15:56:21.269+0000] {processor.py:914} INFO - Processing file /home/airflow/.local/lib/python3.12/site-packages/airflow/example_dags/example_branch_labels.py for tasks to queue
[2025-01-16T15:56:21.271+0000] {logging_mixin.py:190} INFO - [2025-01-16T15:56:21.271+0000] {dagbag.py:588} INFO - Filling up the DagBag from /home/airflow/.local/lib/python3.12/site-packages/airflow/example_dags/example_branch_labels.py
[2025-01-16T15:56:21.278+0000] {processor.py:925} INFO - DAG(s) 'example_branch_labels' retrieved from /home/airflow/.local/lib/python3.12/site-packages/airflow/example_dags/example_branch_labels.py
[2025-01-16T15:56:21.293+0000] {logging_mixin.py:190} INFO - [2025-01-16T15:56:21.293+0000] {dag.py:3239} INFO - Sync 1 DAGs
[2025-01-16T15:56:21.315+0000] {logging_mixin.py:190} INFO - [2025-01-16T15:56:21.315+0000] {dag.py:4180} INFO - Setting next_dagrun for example_branch_labels to 2025-01-15 00:00:00+00:00, run_after=2025-01-16 00:00:00+00:00
[2025-01-16T15:56:21.328+0000] {processor.py:208} INFO - Processing /home/airflow/.local/lib/python3.12/site-packages/airflow/example_dags/example_branch_labels.py took 0.063 seconds
[2025-01-16T15:56:52.608+0000] {processor.py:186} INFO - Started process (PID=13382) to work on /home/airflow/.local/lib/python3.12/site-packages/airflow/example_dags/example_branch_labels.py
[2025-01-16T15:56:52.609+0000] {processor.py:914} INFO - Processing file /home/airflow/.local/lib/python3.12/site-packages/airflow/example_dags/example_branch_labels.py for tasks to queue
[2025-01-16T15:56:52.610+0000] {logging_mixin.py:190} INFO - [2025-01-16T15:56:52.610+0000] {dagbag.py:588} INFO - Filling up the DagBag from /home/airflow/.local/lib/python3.12/site-packages/airflow/example_dags/example_branch_labels.py
[2025-01-16T15:56:52.617+0000] {processor.py:925} INFO - DAG(s) 'example_branch_labels' retrieved from /home/airflow/.local/lib/python3.12/site-packages/airflow/example_dags/example_branch_labels.py
[2025-01-16T15:56:52.633+0000] {logging_mixin.py:190} INFO - [2025-01-16T15:56:52.633+0000] {dag.py:3239} INFO - Sync 1 DAGs
[2025-01-16T15:56:52.651+0000] {logging_mixin.py:190} INFO - [2025-01-16T15:56:52.651+0000] {dag.py:4180} INFO - Setting next_dagrun for example_branch_labels to 2025-01-15 00:00:00+00:00, run_after=2025-01-16 00:00:00+00:00
[2025-01-16T15:56:52.664+0000] {processor.py:208} INFO - Processing /home/airflow/.local/lib/python3.12/site-packages/airflow/example_dags/example_branch_labels.py took 0.061 seconds
[2025-01-16T15:57:23.636+0000] {processor.py:186} INFO - Started process (PID=13678) to work on /home/airflow/.local/lib/python3.12/site-packages/airflow/example_dags/example_branch_labels.py
[2025-01-16T15:57:23.637+0000] {processor.py:914} INFO - Processing file /home/airflow/.local/lib/python3.12/site-packages/airflow/example_dags/example_branch_labels.py for tasks to queue
[2025-01-16T15:57:23.638+0000] {logging_mixin.py:190} INFO - [2025-01-16T15:57:23.638+0000] {dagbag.py:588} INFO - Filling up the DagBag from /home/airflow/.local/lib/python3.12/site-packages/airflow/example_dags/example_branch_labels.py
[2025-01-16T15:57:23.645+0000] {processor.py:925} INFO - DAG(s) 'example_branch_labels' retrieved from /home/airflow/.local/lib/python3.12/site-packages/airflow/example_dags/example_branch_labels.py
[2025-01-16T15:57:23.661+0000] {logging_mixin.py:190} INFO - [2025-01-16T15:57:23.660+0000] {dag.py:3239} INFO - Sync 1 DAGs
[2025-01-16T15:57:23.678+0000] {logging_mixin.py:190} INFO - [2025-01-16T15:57:23.678+0000] {dag.py:4180} INFO - Setting next_dagrun for example_branch_labels to 2025-01-15 00:00:00+00:00, run_after=2025-01-16 00:00:00+00:00
[2025-01-16T15:57:23.690+0000] {processor.py:208} INFO - Processing /home/airflow/.local/lib/python3.12/site-packages/airflow/example_dags/example_branch_labels.py took 0.059 seconds
[2025-01-16T15:57:54.666+0000] {processor.py:186} INFO - Started process (PID=13974) to work on /home/airflow/.local/lib/python3.12/site-packages/airflow/example_dags/example_branch_labels.py
[2025-01-16T15:57:54.667+0000] {processor.py:914} INFO - Processing file /home/airflow/.local/lib/python3.12/site-packages/airflow/example_dags/example_branch_labels.py for tasks to queue
[2025-01-16T15:57:54.669+0000] {logging_mixin.py:190} INFO - [2025-01-16T15:57:54.669+0000] {dagbag.py:588} INFO - Filling up the DagBag from /home/airflow/.local/lib/python3.12/site-packages/airflow/example_dags/example_branch_labels.py
[2025-01-16T15:57:54.676+0000] {processor.py:925} INFO - DAG(s) 'example_branch_labels' retrieved from /home/airflow/.local/lib/python3.12/site-packages/airflow/example_dags/example_branch_labels.py
[2025-01-16T15:57:54.691+0000] {logging_mixin.py:190} INFO - [2025-01-16T15:57:54.691+0000] {dag.py:3239} INFO - Sync 1 DAGs
[2025-01-16T15:57:54.709+0000] {logging_mixin.py:190} INFO - [2025-01-16T15:57:54.709+0000] {dag.py:4180} INFO - Setting next_dagrun for example_branch_labels to 2025-01-15 00:00:00+00:00, run_after=2025-01-16 00:00:00+00:00
[2025-01-16T15:57:54.722+0000] {processor.py:208} INFO - Processing /home/airflow/.local/lib/python3.12/site-packages/airflow/example_dags/example_branch_labels.py took 0.060 seconds
[2025-01-16T15:58:25.934+0000] {processor.py:186} INFO - Started process (PID=14270) to work on /home/airflow/.local/lib/python3.12/site-packages/airflow/example_dags/example_branch_labels.py
[2025-01-16T15:58:25.935+0000] {processor.py:914} INFO - Processing file /home/airflow/.local/lib/python3.12/site-packages/airflow/example_dags/example_branch_labels.py for tasks to queue
[2025-01-16T15:58:25.938+0000] {logging_mixin.py:190} INFO - [2025-01-16T15:58:25.938+0000] {dagbag.py:588} INFO - Filling up the DagBag from /home/airflow/.local/lib/python3.12/site-packages/airflow/example_dags/example_branch_labels.py
[2025-01-16T15:58:25.946+0000] {processor.py:925} INFO - DAG(s) 'example_branch_labels' retrieved from /home/airflow/.local/lib/python3.12/site-packages/airflow/example_dags/example_branch_labels.py
[2025-01-16T15:58:25.964+0000] {logging_mixin.py:190} INFO - [2025-01-16T15:58:25.963+0000] {dag.py:3239} INFO - Sync 1 DAGs
[2025-01-16T15:58:25.983+0000] {logging_mixin.py:190} INFO - [2025-01-16T15:58:25.983+0000] {dag.py:4180} INFO - Setting next_dagrun for example_branch_labels to 2025-01-15 00:00:00+00:00, run_after=2025-01-16 00:00:00+00:00
[2025-01-16T15:58:25.999+0000] {processor.py:208} INFO - Processing /home/airflow/.local/lib/python3.12/site-packages/airflow/example_dags/example_branch_labels.py took 0.069 seconds
[2025-01-16T15:58:57.123+0000] {processor.py:186} INFO - Started process (PID=14566) to work on /home/airflow/.local/lib/python3.12/site-packages/airflow/example_dags/example_branch_labels.py
[2025-01-16T15:58:57.124+0000] {processor.py:914} INFO - Processing file /home/airflow/.local/lib/python3.12/site-packages/airflow/example_dags/example_branch_labels.py for tasks to queue
[2025-01-16T15:58:57.125+0000] {logging_mixin.py:190} INFO - [2025-01-16T15:58:57.125+0000] {dagbag.py:588} INFO - Filling up the DagBag from /home/airflow/.local/lib/python3.12/site-packages/airflow/example_dags/example_branch_labels.py
[2025-01-16T15:58:57.133+0000] {processor.py:925} INFO - DAG(s) 'example_branch_labels' retrieved from /home/airflow/.local/lib/python3.12/site-packages/airflow/example_dags/example_branch_labels.py
[2025-01-16T15:58:57.152+0000] {logging_mixin.py:190} INFO - [2025-01-16T15:58:57.152+0000] {dag.py:3239} INFO - Sync 1 DAGs
[2025-01-16T15:58:57.173+0000] {logging_mixin.py:190} INFO - [2025-01-16T15:58:57.173+0000] {dag.py:4180} INFO - Setting next_dagrun for example_branch_labels to 2025-01-15 00:00:00+00:00, run_after=2025-01-16 00:00:00+00:00
[2025-01-16T15:58:57.191+0000] {processor.py:208} INFO - Processing /home/airflow/.local/lib/python3.12/site-packages/airflow/example_dags/example_branch_labels.py took 0.073 seconds
[2025-01-16T15:59:28.249+0000] {processor.py:186} INFO - Started process (PID=14862) to work on /home/airflow/.local/lib/python3.12/site-packages/airflow/example_dags/example_branch_labels.py
[2025-01-16T15:59:28.250+0000] {processor.py:914} INFO - Processing file /home/airflow/.local/lib/python3.12/site-packages/airflow/example_dags/example_branch_labels.py for tasks to queue
[2025-01-16T15:59:28.252+0000] {logging_mixin.py:190} INFO - [2025-01-16T15:59:28.252+0000] {dagbag.py:588} INFO - Filling up the DagBag from /home/airflow/.local/lib/python3.12/site-packages/airflow/example_dags/example_branch_labels.py
[2025-01-16T15:59:28.260+0000] {processor.py:925} INFO - DAG(s) 'example_branch_labels' retrieved from /home/airflow/.local/lib/python3.12/site-packages/airflow/example_dags/example_branch_labels.py
[2025-01-16T15:59:28.276+0000] {logging_mixin.py:190} INFO - [2025-01-16T15:59:28.276+0000] {dag.py:3239} INFO - Sync 1 DAGs
[2025-01-16T15:59:28.296+0000] {logging_mixin.py:190} INFO - [2025-01-16T15:59:28.295+0000] {dag.py:4180} INFO - Setting next_dagrun for example_branch_labels to 2025-01-15 00:00:00+00:00, run_after=2025-01-16 00:00:00+00:00
[2025-01-16T15:59:28.309+0000] {processor.py:208} INFO - Processing /home/airflow/.local/lib/python3.12/site-packages/airflow/example_dags/example_branch_labels.py took 0.065 seconds
[2025-01-16T15:59:59.510+0000] {processor.py:186} INFO - Started process (PID=15158) to work on /home/airflow/.local/lib/python3.12/site-packages/airflow/example_dags/example_branch_labels.py
[2025-01-16T15:59:59.511+0000] {processor.py:914} INFO - Processing file /home/airflow/.local/lib/python3.12/site-packages/airflow/example_dags/example_branch_labels.py for tasks to queue
[2025-01-16T15:59:59.513+0000] {logging_mixin.py:190} INFO - [2025-01-16T15:59:59.512+0000] {dagbag.py:588} INFO - Filling up the DagBag from /home/airflow/.local/lib/python3.12/site-packages/airflow/example_dags/example_branch_labels.py
[2025-01-16T15:59:59.520+0000] {processor.py:925} INFO - DAG(s) 'example_branch_labels' retrieved from /home/airflow/.local/lib/python3.12/site-packages/airflow/example_dags/example_branch_labels.py
[2025-01-16T15:59:59.535+0000] {logging_mixin.py:190} INFO - [2025-01-16T15:59:59.535+0000] {dag.py:3239} INFO - Sync 1 DAGs
[2025-01-16T15:59:59.553+0000] {logging_mixin.py:190} INFO - [2025-01-16T15:59:59.553+0000] {dag.py:4180} INFO - Setting next_dagrun for example_branch_labels to 2025-01-15 00:00:00+00:00, run_after=2025-01-16 00:00:00+00:00
[2025-01-16T15:59:59.565+0000] {processor.py:208} INFO - Processing /home/airflow/.local/lib/python3.12/site-packages/airflow/example_dags/example_branch_labels.py took 0.060 seconds
[2025-01-16T16:00:32.904+0000] {processor.py:186} INFO - Started process (PID=15470) to work on /home/airflow/.local/lib/python3.12/site-packages/airflow/example_dags/example_branch_labels.py
[2025-01-16T16:00:32.905+0000] {processor.py:914} INFO - Processing file /home/airflow/.local/lib/python3.12/site-packages/airflow/example_dags/example_branch_labels.py for tasks to queue
[2025-01-16T16:00:32.907+0000] {logging_mixin.py:190} INFO - [2025-01-16T16:00:32.906+0000] {dagbag.py:588} INFO - Filling up the DagBag from /home/airflow/.local/lib/python3.12/site-packages/airflow/example_dags/example_branch_labels.py
[2025-01-16T16:00:32.914+0000] {processor.py:925} INFO - DAG(s) 'example_branch_labels' retrieved from /home/airflow/.local/lib/python3.12/site-packages/airflow/example_dags/example_branch_labels.py
[2025-01-16T16:00:32.930+0000] {logging_mixin.py:190} INFO - [2025-01-16T16:00:32.930+0000] {dag.py:3239} INFO - Sync 1 DAGs
[2025-01-16T16:00:32.951+0000] {logging_mixin.py:190} INFO - [2025-01-16T16:00:32.951+0000] {dag.py:4180} INFO - Setting next_dagrun for example_branch_labels to 2025-01-15 00:00:00+00:00, run_after=2025-01-16 00:00:00+00:00
[2025-01-16T16:00:32.967+0000] {processor.py:208} INFO - Processing /home/airflow/.local/lib/python3.12/site-packages/airflow/example_dags/example_branch_labels.py took 0.068 seconds
[2025-01-16T16:01:03.207+0000] {processor.py:186} INFO - Started process (PID=15763) to work on /home/airflow/.local/lib/python3.12/site-packages/airflow/example_dags/example_branch_labels.py
[2025-01-16T16:01:03.208+0000] {processor.py:914} INFO - Processing file /home/airflow/.local/lib/python3.12/site-packages/airflow/example_dags/example_branch_labels.py for tasks to queue
[2025-01-16T16:01:03.210+0000] {logging_mixin.py:190} INFO - [2025-01-16T16:01:03.210+0000] {dagbag.py:588} INFO - Filling up the DagBag from /home/airflow/.local/lib/python3.12/site-packages/airflow/example_dags/example_branch_labels.py
[2025-01-16T16:01:03.217+0000] {processor.py:925} INFO - DAG(s) 'example_branch_labels' retrieved from /home/airflow/.local/lib/python3.12/site-packages/airflow/example_dags/example_branch_labels.py
[2025-01-16T16:01:03.233+0000] {logging_mixin.py:190} INFO - [2025-01-16T16:01:03.232+0000] {dag.py:3239} INFO - Sync 1 DAGs
[2025-01-16T16:01:03.252+0000] {logging_mixin.py:190} INFO - [2025-01-16T16:01:03.251+0000] {dag.py:4180} INFO - Setting next_dagrun for example_branch_labels to 2025-01-15 00:00:00+00:00, run_after=2025-01-16 00:00:00+00:00
[2025-01-16T16:01:03.264+0000] {processor.py:208} INFO - Processing /home/airflow/.local/lib/python3.12/site-packages/airflow/example_dags/example_branch_labels.py took 0.063 seconds
[2025-01-16T16:01:33.603+0000] {processor.py:186} INFO - Started process (PID=16057) to work on /home/airflow/.local/lib/python3.12/site-packages/airflow/example_dags/example_branch_labels.py
[2025-01-16T16:01:33.603+0000] {processor.py:914} INFO - Processing file /home/airflow/.local/lib/python3.12/site-packages/airflow/example_dags/example_branch_labels.py for tasks to queue
[2025-01-16T16:01:33.605+0000] {logging_mixin.py:190} INFO - [2025-01-16T16:01:33.605+0000] {dagbag.py:588} INFO - Filling up the DagBag from /home/airflow/.local/lib/python3.12/site-packages/airflow/example_dags/example_branch_labels.py
[2025-01-16T16:01:33.612+0000] {processor.py:925} INFO - DAG(s) 'example_branch_labels' retrieved from /home/airflow/.local/lib/python3.12/site-packages/airflow/example_dags/example_branch_labels.py
[2025-01-16T16:01:33.627+0000] {logging_mixin.py:190} INFO - [2025-01-16T16:01:33.627+0000] {dag.py:3239} INFO - Sync 1 DAGs
[2025-01-16T16:01:33.645+0000] {logging_mixin.py:190} INFO - [2025-01-16T16:01:33.644+0000] {dag.py:4180} INFO - Setting next_dagrun for example_branch_labels to 2025-01-15 00:00:00+00:00, run_after=2025-01-16 00:00:00+00:00
[2025-01-16T16:01:33.656+0000] {processor.py:208} INFO - Processing /home/airflow/.local/lib/python3.12/site-packages/airflow/example_dags/example_branch_labels.py took 0.058 seconds
[2025-01-16T16:02:04.397+0000] {processor.py:186} INFO - Started process (PID=16353) to work on /home/airflow/.local/lib/python3.12/site-packages/airflow/example_dags/example_branch_labels.py
[2025-01-16T16:02:04.398+0000] {processor.py:914} INFO - Processing file /home/airflow/.local/lib/python3.12/site-packages/airflow/example_dags/example_branch_labels.py for tasks to queue
[2025-01-16T16:02:04.399+0000] {logging_mixin.py:190} INFO - [2025-01-16T16:02:04.399+0000] {dagbag.py:588} INFO - Filling up the DagBag from /home/airflow/.local/lib/python3.12/site-packages/airflow/example_dags/example_branch_labels.py
[2025-01-16T16:02:04.407+0000] {processor.py:925} INFO - DAG(s) 'example_branch_labels' retrieved from /home/airflow/.local/lib/python3.12/site-packages/airflow/example_dags/example_branch_labels.py
[2025-01-16T16:02:04.425+0000] {logging_mixin.py:190} INFO - [2025-01-16T16:02:04.425+0000] {dag.py:3239} INFO - Sync 1 DAGs
[2025-01-16T16:02:04.442+0000] {logging_mixin.py:190} INFO - [2025-01-16T16:02:04.442+0000] {dag.py:4180} INFO - Setting next_dagrun for example_branch_labels to 2025-01-15 00:00:00+00:00, run_after=2025-01-16 00:00:00+00:00
[2025-01-16T16:02:04.456+0000] {processor.py:208} INFO - Processing /home/airflow/.local/lib/python3.12/site-packages/airflow/example_dags/example_branch_labels.py took 0.063 seconds
[2025-01-16T16:02:34.646+0000] {processor.py:186} INFO - Started process (PID=16644) to work on /home/airflow/.local/lib/python3.12/site-packages/airflow/example_dags/example_branch_labels.py
[2025-01-16T16:02:34.647+0000] {processor.py:914} INFO - Processing file /home/airflow/.local/lib/python3.12/site-packages/airflow/example_dags/example_branch_labels.py for tasks to queue
[2025-01-16T16:02:34.649+0000] {logging_mixin.py:190} INFO - [2025-01-16T16:02:34.648+0000] {dagbag.py:588} INFO - Filling up the DagBag from /home/airflow/.local/lib/python3.12/site-packages/airflow/example_dags/example_branch_labels.py
[2025-01-16T16:02:34.657+0000] {processor.py:925} INFO - DAG(s) 'example_branch_labels' retrieved from /home/airflow/.local/lib/python3.12/site-packages/airflow/example_dags/example_branch_labels.py
[2025-01-16T16:02:34.675+0000] {logging_mixin.py:190} INFO - [2025-01-16T16:02:34.675+0000] {dag.py:3239} INFO - Sync 1 DAGs
[2025-01-16T16:02:34.698+0000] {logging_mixin.py:190} INFO - [2025-01-16T16:02:34.697+0000] {dag.py:4180} INFO - Setting next_dagrun for example_branch_labels to 2025-01-15 00:00:00+00:00, run_after=2025-01-16 00:00:00+00:00
[2025-01-16T16:02:34.715+0000] {processor.py:208} INFO - Processing /home/airflow/.local/lib/python3.12/site-packages/airflow/example_dags/example_branch_labels.py took 0.076 seconds
[2025-01-16T16:03:05.273+0000] {processor.py:186} INFO - Started process (PID=16955) to work on /home/airflow/.local/lib/python3.12/site-packages/airflow/example_dags/example_branch_labels.py
[2025-01-16T16:03:05.274+0000] {processor.py:914} INFO - Processing file /home/airflow/.local/lib/python3.12/site-packages/airflow/example_dags/example_branch_labels.py for tasks to queue
[2025-01-16T16:03:05.275+0000] {logging_mixin.py:190} INFO - [2025-01-16T16:03:05.275+0000] {dagbag.py:588} INFO - Filling up the DagBag from /home/airflow/.local/lib/python3.12/site-packages/airflow/example_dags/example_branch_labels.py
[2025-01-16T16:03:05.286+0000] {processor.py:925} INFO - DAG(s) 'example_branch_labels' retrieved from /home/airflow/.local/lib/python3.12/site-packages/airflow/example_dags/example_branch_labels.py
[2025-01-16T16:03:05.340+0000] {logging_mixin.py:190} INFO - [2025-01-16T16:03:05.340+0000] {dag.py:3239} INFO - Sync 1 DAGs
[2025-01-16T16:03:05.427+0000] {logging_mixin.py:190} INFO - [2025-01-16T16:03:05.427+0000] {dag.py:4180} INFO - Setting next_dagrun for example_branch_labels to 2025-01-15 00:00:00+00:00, run_after=2025-01-16 00:00:00+00:00
[2025-01-16T16:03:05.468+0000] {processor.py:208} INFO - Processing /home/airflow/.local/lib/python3.12/site-packages/airflow/example_dags/example_branch_labels.py took 0.200 seconds
[2025-01-16T16:03:36.390+0000] {processor.py:186} INFO - Started process (PID=17256) to work on /home/airflow/.local/lib/python3.12/site-packages/airflow/example_dags/example_branch_labels.py
[2025-01-16T16:03:36.391+0000] {processor.py:914} INFO - Processing file /home/airflow/.local/lib/python3.12/site-packages/airflow/example_dags/example_branch_labels.py for tasks to queue
[2025-01-16T16:03:36.393+0000] {logging_mixin.py:190} INFO - [2025-01-16T16:03:36.393+0000] {dagbag.py:588} INFO - Filling up the DagBag from /home/airflow/.local/lib/python3.12/site-packages/airflow/example_dags/example_branch_labels.py
[2025-01-16T16:03:36.406+0000] {processor.py:925} INFO - DAG(s) 'example_branch_labels' retrieved from /home/airflow/.local/lib/python3.12/site-packages/airflow/example_dags/example_branch_labels.py
[2025-01-16T16:03:36.429+0000] {logging_mixin.py:190} INFO - [2025-01-16T16:03:36.428+0000] {dag.py:3239} INFO - Sync 1 DAGs
[2025-01-16T16:03:36.452+0000] {logging_mixin.py:190} INFO - [2025-01-16T16:03:36.452+0000] {dag.py:4180} INFO - Setting next_dagrun for example_branch_labels to 2025-01-15 00:00:00+00:00, run_after=2025-01-16 00:00:00+00:00
[2025-01-16T16:03:36.476+0000] {processor.py:208} INFO - Processing /home/airflow/.local/lib/python3.12/site-packages/airflow/example_dags/example_branch_labels.py took 0.093 seconds
[2025-01-16T16:04:06.633+0000] {processor.py:186} INFO - Started process (PID=17549) to work on /home/airflow/.local/lib/python3.12/site-packages/airflow/example_dags/example_branch_labels.py
[2025-01-16T16:04:06.634+0000] {processor.py:914} INFO - Processing file /home/airflow/.local/lib/python3.12/site-packages/airflow/example_dags/example_branch_labels.py for tasks to queue
[2025-01-16T16:04:06.636+0000] {logging_mixin.py:190} INFO - [2025-01-16T16:04:06.635+0000] {dagbag.py:588} INFO - Filling up the DagBag from /home/airflow/.local/lib/python3.12/site-packages/airflow/example_dags/example_branch_labels.py
[2025-01-16T16:04:06.644+0000] {processor.py:925} INFO - DAG(s) 'example_branch_labels' retrieved from /home/airflow/.local/lib/python3.12/site-packages/airflow/example_dags/example_branch_labels.py
[2025-01-16T16:04:06.661+0000] {logging_mixin.py:190} INFO - [2025-01-16T16:04:06.661+0000] {dag.py:3239} INFO - Sync 1 DAGs
[2025-01-16T16:04:06.680+0000] {logging_mixin.py:190} INFO - [2025-01-16T16:04:06.680+0000] {dag.py:4180} INFO - Setting next_dagrun for example_branch_labels to 2025-01-15 00:00:00+00:00, run_after=2025-01-16 00:00:00+00:00
[2025-01-16T16:04:06.695+0000] {processor.py:208} INFO - Processing /home/airflow/.local/lib/python3.12/site-packages/airflow/example_dags/example_branch_labels.py took 0.067 seconds
[2025-01-16T16:04:36.825+0000] {processor.py:186} INFO - Started process (PID=17843) to work on /home/airflow/.local/lib/python3.12/site-packages/airflow/example_dags/example_branch_labels.py
[2025-01-16T16:04:36.826+0000] {processor.py:914} INFO - Processing file /home/airflow/.local/lib/python3.12/site-packages/airflow/example_dags/example_branch_labels.py for tasks to queue
[2025-01-16T16:04:36.828+0000] {logging_mixin.py:190} INFO - [2025-01-16T16:04:36.827+0000] {dagbag.py:588} INFO - Filling up the DagBag from /home/airflow/.local/lib/python3.12/site-packages/airflow/example_dags/example_branch_labels.py
[2025-01-16T16:04:36.835+0000] {processor.py:925} INFO - DAG(s) 'example_branch_labels' retrieved from /home/airflow/.local/lib/python3.12/site-packages/airflow/example_dags/example_branch_labels.py
[2025-01-16T16:04:36.851+0000] {logging_mixin.py:190} INFO - [2025-01-16T16:04:36.851+0000] {dag.py:3239} INFO - Sync 1 DAGs
[2025-01-16T16:04:37.029+0000] {logging_mixin.py:190} INFO - [2025-01-16T16:04:37.029+0000] {dag.py:4180} INFO - Setting next_dagrun for example_branch_labels to 2025-01-15 00:00:00+00:00, run_after=2025-01-16 00:00:00+00:00
[2025-01-16T16:04:37.040+0000] {processor.py:208} INFO - Processing /home/airflow/.local/lib/python3.12/site-packages/airflow/example_dags/example_branch_labels.py took 0.220 seconds
[2025-01-16T16:05:07.641+0000] {processor.py:186} INFO - Started process (PID=18139) to work on /home/airflow/.local/lib/python3.12/site-packages/airflow/example_dags/example_branch_labels.py
[2025-01-16T16:05:07.642+0000] {processor.py:914} INFO - Processing file /home/airflow/.local/lib/python3.12/site-packages/airflow/example_dags/example_branch_labels.py for tasks to queue
[2025-01-16T16:05:07.643+0000] {logging_mixin.py:190} INFO - [2025-01-16T16:05:07.643+0000] {dagbag.py:588} INFO - Filling up the DagBag from /home/airflow/.local/lib/python3.12/site-packages/airflow/example_dags/example_branch_labels.py
[2025-01-16T16:05:07.651+0000] {processor.py:925} INFO - DAG(s) 'example_branch_labels' retrieved from /home/airflow/.local/lib/python3.12/site-packages/airflow/example_dags/example_branch_labels.py
[2025-01-16T16:05:07.666+0000] {logging_mixin.py:190} INFO - [2025-01-16T16:05:07.666+0000] {dag.py:3239} INFO - Sync 1 DAGs
[2025-01-16T16:05:07.684+0000] {logging_mixin.py:190} INFO - [2025-01-16T16:05:07.684+0000] {dag.py:4180} INFO - Setting next_dagrun for example_branch_labels to 2025-01-15 00:00:00+00:00, run_after=2025-01-16 00:00:00+00:00
[2025-01-16T16:05:07.847+0000] {processor.py:208} INFO - Processing /home/airflow/.local/lib/python3.12/site-packages/airflow/example_dags/example_branch_labels.py took 0.211 seconds
[2025-01-16T16:05:38.268+0000] {processor.py:186} INFO - Started process (PID=18435) to work on /home/airflow/.local/lib/python3.12/site-packages/airflow/example_dags/example_branch_labels.py
[2025-01-16T16:05:38.269+0000] {processor.py:914} INFO - Processing file /home/airflow/.local/lib/python3.12/site-packages/airflow/example_dags/example_branch_labels.py for tasks to queue
[2025-01-16T16:05:38.270+0000] {logging_mixin.py:190} INFO - [2025-01-16T16:05:38.270+0000] {dagbag.py:588} INFO - Filling up the DagBag from /home/airflow/.local/lib/python3.12/site-packages/airflow/example_dags/example_branch_labels.py
[2025-01-16T16:05:38.276+0000] {processor.py:925} INFO - DAG(s) 'example_branch_labels' retrieved from /home/airflow/.local/lib/python3.12/site-packages/airflow/example_dags/example_branch_labels.py
[2025-01-16T16:05:38.290+0000] {logging_mixin.py:190} INFO - [2025-01-16T16:05:38.290+0000] {dag.py:3239} INFO - Sync 1 DAGs
[2025-01-16T16:05:38.309+0000] {logging_mixin.py:190} INFO - [2025-01-16T16:05:38.309+0000] {dag.py:4180} INFO - Setting next_dagrun for example_branch_labels to 2025-01-15 00:00:00+00:00, run_after=2025-01-16 00:00:00+00:00
[2025-01-16T16:05:38.321+0000] {processor.py:208} INFO - Processing /home/airflow/.local/lib/python3.12/site-packages/airflow/example_dags/example_branch_labels.py took 0.057 seconds
[2025-01-16T16:06:08.807+0000] {processor.py:186} INFO - Started process (PID=18733) to work on /home/airflow/.local/lib/python3.12/site-packages/airflow/example_dags/example_branch_labels.py
[2025-01-16T16:06:08.808+0000] {processor.py:914} INFO - Processing file /home/airflow/.local/lib/python3.12/site-packages/airflow/example_dags/example_branch_labels.py for tasks to queue
[2025-01-16T16:06:08.809+0000] {logging_mixin.py:190} INFO - [2025-01-16T16:06:08.809+0000] {dagbag.py:588} INFO - Filling up the DagBag from /home/airflow/.local/lib/python3.12/site-packages/airflow/example_dags/example_branch_labels.py
[2025-01-16T16:06:08.816+0000] {processor.py:925} INFO - DAG(s) 'example_branch_labels' retrieved from /home/airflow/.local/lib/python3.12/site-packages/airflow/example_dags/example_branch_labels.py
[2025-01-16T16:06:08.830+0000] {logging_mixin.py:190} INFO - [2025-01-16T16:06:08.830+0000] {dag.py:3239} INFO - Sync 1 DAGs
[2025-01-16T16:06:08.848+0000] {logging_mixin.py:190} INFO - [2025-01-16T16:06:08.847+0000] {dag.py:4180} INFO - Setting next_dagrun for example_branch_labels to 2025-01-15 00:00:00+00:00, run_after=2025-01-16 00:00:00+00:00
[2025-01-16T16:06:08.860+0000] {processor.py:208} INFO - Processing /home/airflow/.local/lib/python3.12/site-packages/airflow/example_dags/example_branch_labels.py took 0.057 seconds
[2025-01-16T16:06:39.567+0000] {processor.py:186} INFO - Started process (PID=19027) to work on /home/airflow/.local/lib/python3.12/site-packages/airflow/example_dags/example_branch_labels.py
[2025-01-16T16:06:39.568+0000] {processor.py:914} INFO - Processing file /home/airflow/.local/lib/python3.12/site-packages/airflow/example_dags/example_branch_labels.py for tasks to queue
[2025-01-16T16:06:39.569+0000] {logging_mixin.py:190} INFO - [2025-01-16T16:06:39.569+0000] {dagbag.py:588} INFO - Filling up the DagBag from /home/airflow/.local/lib/python3.12/site-packages/airflow/example_dags/example_branch_labels.py
[2025-01-16T16:06:39.576+0000] {processor.py:925} INFO - DAG(s) 'example_branch_labels' retrieved from /home/airflow/.local/lib/python3.12/site-packages/airflow/example_dags/example_branch_labels.py
[2025-01-16T16:06:39.735+0000] {logging_mixin.py:190} INFO - [2025-01-16T16:06:39.735+0000] {dag.py:3239} INFO - Sync 1 DAGs
[2025-01-16T16:06:39.750+0000] {logging_mixin.py:190} INFO - [2025-01-16T16:06:39.750+0000] {dag.py:4180} INFO - Setting next_dagrun for example_branch_labels to 2025-01-15 00:00:00+00:00, run_after=2025-01-16 00:00:00+00:00
[2025-01-16T16:06:39.762+0000] {processor.py:208} INFO - Processing /home/airflow/.local/lib/python3.12/site-packages/airflow/example_dags/example_branch_labels.py took 0.199 seconds
[2025-01-16T16:07:10.087+0000] {processor.py:186} INFO - Started process (PID=19323) to work on /home/airflow/.local/lib/python3.12/site-packages/airflow/example_dags/example_branch_labels.py
[2025-01-16T16:07:10.089+0000] {processor.py:914} INFO - Processing file /home/airflow/.local/lib/python3.12/site-packages/airflow/example_dags/example_branch_labels.py for tasks to queue
[2025-01-16T16:07:10.090+0000] {logging_mixin.py:190} INFO - [2025-01-16T16:07:10.090+0000] {dagbag.py:588} INFO - Filling up the DagBag from /home/airflow/.local/lib/python3.12/site-packages/airflow/example_dags/example_branch_labels.py
[2025-01-16T16:07:10.100+0000] {processor.py:925} INFO - DAG(s) 'example_branch_labels' retrieved from /home/airflow/.local/lib/python3.12/site-packages/airflow/example_dags/example_branch_labels.py
[2025-01-16T16:07:10.119+0000] {logging_mixin.py:190} INFO - [2025-01-16T16:07:10.118+0000] {dag.py:3239} INFO - Sync 1 DAGs
[2025-01-16T16:07:10.141+0000] {logging_mixin.py:190} INFO - [2025-01-16T16:07:10.141+0000] {dag.py:4180} INFO - Setting next_dagrun for example_branch_labels to 2025-01-15 00:00:00+00:00, run_after=2025-01-16 00:00:00+00:00
[2025-01-16T16:07:10.161+0000] {processor.py:208} INFO - Processing /home/airflow/.local/lib/python3.12/site-packages/airflow/example_dags/example_branch_labels.py took 0.080 seconds
[2025-01-16T16:07:41.227+0000] {processor.py:186} INFO - Started process (PID=19619) to work on /home/airflow/.local/lib/python3.12/site-packages/airflow/example_dags/example_branch_labels.py
[2025-01-16T16:07:41.228+0000] {processor.py:914} INFO - Processing file /home/airflow/.local/lib/python3.12/site-packages/airflow/example_dags/example_branch_labels.py for tasks to queue
[2025-01-16T16:07:41.229+0000] {logging_mixin.py:190} INFO - [2025-01-16T16:07:41.229+0000] {dagbag.py:588} INFO - Filling up the DagBag from /home/airflow/.local/lib/python3.12/site-packages/airflow/example_dags/example_branch_labels.py
[2025-01-16T16:07:41.238+0000] {processor.py:925} INFO - DAG(s) 'example_branch_labels' retrieved from /home/airflow/.local/lib/python3.12/site-packages/airflow/example_dags/example_branch_labels.py
[2025-01-16T16:07:41.255+0000] {logging_mixin.py:190} INFO - [2025-01-16T16:07:41.254+0000] {dag.py:3239} INFO - Sync 1 DAGs
[2025-01-16T16:07:41.280+0000] {logging_mixin.py:190} INFO - [2025-01-16T16:07:41.280+0000] {dag.py:4180} INFO - Setting next_dagrun for example_branch_labels to 2025-01-15 00:00:00+00:00, run_after=2025-01-16 00:00:00+00:00
[2025-01-16T16:07:41.298+0000] {processor.py:208} INFO - Processing /home/airflow/.local/lib/python3.12/site-packages/airflow/example_dags/example_branch_labels.py took 0.076 seconds
[2025-01-16T16:08:11.698+0000] {processor.py:186} INFO - Started process (PID=19915) to work on /home/airflow/.local/lib/python3.12/site-packages/airflow/example_dags/example_branch_labels.py
[2025-01-16T16:08:11.699+0000] {processor.py:914} INFO - Processing file /home/airflow/.local/lib/python3.12/site-packages/airflow/example_dags/example_branch_labels.py for tasks to queue
[2025-01-16T16:08:11.699+0000] {logging_mixin.py:190} INFO - [2025-01-16T16:08:11.699+0000] {dagbag.py:588} INFO - Filling up the DagBag from /home/airflow/.local/lib/python3.12/site-packages/airflow/example_dags/example_branch_labels.py
[2025-01-16T16:08:11.707+0000] {processor.py:925} INFO - DAG(s) 'example_branch_labels' retrieved from /home/airflow/.local/lib/python3.12/site-packages/airflow/example_dags/example_branch_labels.py
[2025-01-16T16:08:11.722+0000] {logging_mixin.py:190} INFO - [2025-01-16T16:08:11.722+0000] {dag.py:3239} INFO - Sync 1 DAGs
[2025-01-16T16:08:11.741+0000] {logging_mixin.py:190} INFO - [2025-01-16T16:08:11.741+0000] {dag.py:4180} INFO - Setting next_dagrun for example_branch_labels to 2025-01-15 00:00:00+00:00, run_after=2025-01-16 00:00:00+00:00
[2025-01-16T16:08:11.754+0000] {processor.py:208} INFO - Processing /home/airflow/.local/lib/python3.12/site-packages/airflow/example_dags/example_branch_labels.py took 0.061 seconds
