[2025-01-16T15:34:06.007+0000] {processor.py:186} INFO - Started process (PID=357) to work on /home/airflow/.local/lib/python3.12/site-packages/airflow/example_dags/example_xcom.py
[2025-01-16T15:34:06.008+0000] {processor.py:914} INFO - Processing file /home/airflow/.local/lib/python3.12/site-packages/airflow/example_dags/example_xcom.py for tasks to queue
[2025-01-16T15:34:06.009+0000] {logging_mixin.py:190} INFO - [2025-01-16T15:34:06.009+0000] {dagbag.py:588} INFO - Filling up the DagBag from /home/airflow/.local/lib/python3.12/site-packages/airflow/example_dags/example_xcom.py
[2025-01-16T15:34:06.018+0000] {processor.py:925} INFO - DAG(s) 'example_xcom' retrieved from /home/airflow/.local/lib/python3.12/site-packages/airflow/example_dags/example_xcom.py
[2025-01-16T15:34:06.133+0000] {logging_mixin.py:190} INFO - [2025-01-16T15:34:06.133+0000] {override.py:1911} INFO - Created Permission View: can edit on DAG:example_xcom
[2025-01-16T15:34:06.142+0000] {logging_mixin.py:190} INFO - [2025-01-16T15:34:06.142+0000] {override.py:1911} INFO - Created Permission View: can delete on DAG:example_xcom
[2025-01-16T15:34:06.148+0000] {logging_mixin.py:190} INFO - [2025-01-16T15:34:06.148+0000] {override.py:1911} INFO - Created Permission View: can read on DAG:example_xcom
[2025-01-16T15:34:06.155+0000] {logging_mixin.py:190} INFO - [2025-01-16T15:34:06.154+0000] {override.py:1911} INFO - Created Permission View: can create on DAG Run:example_xcom
[2025-01-16T15:34:06.161+0000] {logging_mixin.py:190} INFO - [2025-01-16T15:34:06.160+0000] {override.py:1911} INFO - Created Permission View: can delete on DAG Run:example_xcom
[2025-01-16T15:34:06.167+0000] {logging_mixin.py:190} INFO - [2025-01-16T15:34:06.167+0000] {override.py:1911} INFO - Created Permission View: menu access on DAG Run:example_xcom
[2025-01-16T15:34:06.174+0000] {logging_mixin.py:190} INFO - [2025-01-16T15:34:06.173+0000] {override.py:1911} INFO - Created Permission View: can read on DAG Run:example_xcom
[2025-01-16T15:34:06.175+0000] {logging_mixin.py:190} INFO - [2025-01-16T15:34:06.174+0000] {dag.py:3239} INFO - Sync 1 DAGs
[2025-01-16T15:34:06.191+0000] {logging_mixin.py:190} INFO - [2025-01-16T15:34:06.190+0000] {dag.py:3262} INFO - Creating ORM DAG for example_xcom
[2025-01-16T15:34:06.200+0000] {logging_mixin.py:190} INFO - [2025-01-16T15:34:06.200+0000] {dag.py:4180} INFO - Setting next_dagrun for example_xcom to 2021-01-01 00:00:00+00:00, run_after=2021-01-01 00:00:00+00:00
[2025-01-16T15:34:06.217+0000] {processor.py:208} INFO - Processing /home/airflow/.local/lib/python3.12/site-packages/airflow/example_dags/example_xcom.py took 0.214 seconds
[2025-01-16T15:34:37.005+0000] {processor.py:186} INFO - Started process (PID=653) to work on /home/airflow/.local/lib/python3.12/site-packages/airflow/example_dags/example_xcom.py
[2025-01-16T15:34:37.007+0000] {processor.py:914} INFO - Processing file /home/airflow/.local/lib/python3.12/site-packages/airflow/example_dags/example_xcom.py for tasks to queue
[2025-01-16T15:34:37.009+0000] {logging_mixin.py:190} INFO - [2025-01-16T15:34:37.009+0000] {dagbag.py:588} INFO - Filling up the DagBag from /home/airflow/.local/lib/python3.12/site-packages/airflow/example_dags/example_xcom.py
[2025-01-16T15:34:37.020+0000] {processor.py:925} INFO - DAG(s) 'example_xcom' retrieved from /home/airflow/.local/lib/python3.12/site-packages/airflow/example_dags/example_xcom.py
[2025-01-16T15:34:37.039+0000] {logging_mixin.py:190} INFO - [2025-01-16T15:34:37.039+0000] {dag.py:3239} INFO - Sync 1 DAGs
[2025-01-16T15:34:37.060+0000] {logging_mixin.py:190} INFO - [2025-01-16T15:34:37.059+0000] {dag.py:4180} INFO - Setting next_dagrun for example_xcom to 2021-01-01 00:00:00+00:00, run_after=2021-01-01 00:00:00+00:00
[2025-01-16T15:34:37.078+0000] {processor.py:208} INFO - Processing /home/airflow/.local/lib/python3.12/site-packages/airflow/example_dags/example_xcom.py took 0.078 seconds
[2025-01-16T15:35:07.374+0000] {processor.py:186} INFO - Started process (PID=945) to work on /home/airflow/.local/lib/python3.12/site-packages/airflow/example_dags/example_xcom.py
[2025-01-16T15:35:07.375+0000] {processor.py:914} INFO - Processing file /home/airflow/.local/lib/python3.12/site-packages/airflow/example_dags/example_xcom.py for tasks to queue
[2025-01-16T15:35:07.377+0000] {logging_mixin.py:190} INFO - [2025-01-16T15:35:07.377+0000] {dagbag.py:588} INFO - Filling up the DagBag from /home/airflow/.local/lib/python3.12/site-packages/airflow/example_dags/example_xcom.py
[2025-01-16T15:35:07.385+0000] {processor.py:925} INFO - DAG(s) 'example_xcom' retrieved from /home/airflow/.local/lib/python3.12/site-packages/airflow/example_dags/example_xcom.py
[2025-01-16T15:35:07.402+0000] {logging_mixin.py:190} INFO - [2025-01-16T15:35:07.402+0000] {dag.py:3239} INFO - Sync 1 DAGs
[2025-01-16T15:35:07.422+0000] {logging_mixin.py:190} INFO - [2025-01-16T15:35:07.421+0000] {dag.py:4180} INFO - Setting next_dagrun for example_xcom to 2021-01-01 00:00:00+00:00, run_after=2021-01-01 00:00:00+00:00
[2025-01-16T15:35:07.438+0000] {processor.py:208} INFO - Processing /home/airflow/.local/lib/python3.12/site-packages/airflow/example_dags/example_xcom.py took 0.068 seconds
[2025-01-16T15:35:37.599+0000] {processor.py:186} INFO - Started process (PID=1241) to work on /home/airflow/.local/lib/python3.12/site-packages/airflow/example_dags/example_xcom.py
[2025-01-16T15:35:37.599+0000] {processor.py:914} INFO - Processing file /home/airflow/.local/lib/python3.12/site-packages/airflow/example_dags/example_xcom.py for tasks to queue
[2025-01-16T15:35:37.601+0000] {logging_mixin.py:190} INFO - [2025-01-16T15:35:37.601+0000] {dagbag.py:588} INFO - Filling up the DagBag from /home/airflow/.local/lib/python3.12/site-packages/airflow/example_dags/example_xcom.py
[2025-01-16T15:35:37.607+0000] {processor.py:925} INFO - DAG(s) 'example_xcom' retrieved from /home/airflow/.local/lib/python3.12/site-packages/airflow/example_dags/example_xcom.py
[2025-01-16T15:35:37.623+0000] {logging_mixin.py:190} INFO - [2025-01-16T15:35:37.623+0000] {dag.py:3239} INFO - Sync 1 DAGs
[2025-01-16T15:35:37.640+0000] {logging_mixin.py:190} INFO - [2025-01-16T15:35:37.640+0000] {dag.py:4180} INFO - Setting next_dagrun for example_xcom to 2021-01-01 00:00:00+00:00, run_after=2021-01-01 00:00:00+00:00
[2025-01-16T15:35:37.653+0000] {processor.py:208} INFO - Processing /home/airflow/.local/lib/python3.12/site-packages/airflow/example_dags/example_xcom.py took 0.059 seconds
[2025-01-16T15:36:08.217+0000] {processor.py:186} INFO - Started process (PID=1537) to work on /home/airflow/.local/lib/python3.12/site-packages/airflow/example_dags/example_xcom.py
[2025-01-16T15:36:08.218+0000] {processor.py:914} INFO - Processing file /home/airflow/.local/lib/python3.12/site-packages/airflow/example_dags/example_xcom.py for tasks to queue
[2025-01-16T15:36:08.219+0000] {logging_mixin.py:190} INFO - [2025-01-16T15:36:08.219+0000] {dagbag.py:588} INFO - Filling up the DagBag from /home/airflow/.local/lib/python3.12/site-packages/airflow/example_dags/example_xcom.py
[2025-01-16T15:36:08.227+0000] {processor.py:925} INFO - DAG(s) 'example_xcom' retrieved from /home/airflow/.local/lib/python3.12/site-packages/airflow/example_dags/example_xcom.py
[2025-01-16T15:36:08.245+0000] {logging_mixin.py:190} INFO - [2025-01-16T15:36:08.244+0000] {dag.py:3239} INFO - Sync 1 DAGs
[2025-01-16T15:36:08.264+0000] {logging_mixin.py:190} INFO - [2025-01-16T15:36:08.263+0000] {dag.py:4180} INFO - Setting next_dagrun for example_xcom to 2021-01-01 00:00:00+00:00, run_after=2021-01-01 00:00:00+00:00
[2025-01-16T15:36:08.279+0000] {processor.py:208} INFO - Processing /home/airflow/.local/lib/python3.12/site-packages/airflow/example_dags/example_xcom.py took 0.067 seconds
[2025-01-16T15:36:39.290+0000] {processor.py:186} INFO - Started process (PID=1833) to work on /home/airflow/.local/lib/python3.12/site-packages/airflow/example_dags/example_xcom.py
[2025-01-16T15:36:39.291+0000] {processor.py:914} INFO - Processing file /home/airflow/.local/lib/python3.12/site-packages/airflow/example_dags/example_xcom.py for tasks to queue
[2025-01-16T15:36:39.293+0000] {logging_mixin.py:190} INFO - [2025-01-16T15:36:39.292+0000] {dagbag.py:588} INFO - Filling up the DagBag from /home/airflow/.local/lib/python3.12/site-packages/airflow/example_dags/example_xcom.py
[2025-01-16T15:36:39.300+0000] {processor.py:925} INFO - DAG(s) 'example_xcom' retrieved from /home/airflow/.local/lib/python3.12/site-packages/airflow/example_dags/example_xcom.py
[2025-01-16T15:36:39.318+0000] {logging_mixin.py:190} INFO - [2025-01-16T15:36:39.317+0000] {dag.py:3239} INFO - Sync 1 DAGs
[2025-01-16T15:36:39.338+0000] {logging_mixin.py:190} INFO - [2025-01-16T15:36:39.337+0000] {dag.py:4180} INFO - Setting next_dagrun for example_xcom to 2021-01-01 00:00:00+00:00, run_after=2021-01-01 00:00:00+00:00
[2025-01-16T15:36:39.354+0000] {processor.py:208} INFO - Processing /home/airflow/.local/lib/python3.12/site-packages/airflow/example_dags/example_xcom.py took 0.069 seconds
[2025-01-16T15:37:11.203+0000] {processor.py:186} INFO - Started process (PID=2131) to work on /home/airflow/.local/lib/python3.12/site-packages/airflow/example_dags/example_xcom.py
[2025-01-16T15:37:11.204+0000] {processor.py:914} INFO - Processing file /home/airflow/.local/lib/python3.12/site-packages/airflow/example_dags/example_xcom.py for tasks to queue
[2025-01-16T15:37:11.206+0000] {logging_mixin.py:190} INFO - [2025-01-16T15:37:11.206+0000] {dagbag.py:588} INFO - Filling up the DagBag from /home/airflow/.local/lib/python3.12/site-packages/airflow/example_dags/example_xcom.py
[2025-01-16T15:37:11.214+0000] {processor.py:925} INFO - DAG(s) 'example_xcom' retrieved from /home/airflow/.local/lib/python3.12/site-packages/airflow/example_dags/example_xcom.py
[2025-01-16T15:37:11.231+0000] {logging_mixin.py:190} INFO - [2025-01-16T15:37:11.231+0000] {dag.py:3239} INFO - Sync 1 DAGs
[2025-01-16T15:37:11.248+0000] {logging_mixin.py:190} INFO - [2025-01-16T15:37:11.248+0000] {dag.py:4180} INFO - Setting next_dagrun for example_xcom to 2021-01-01 00:00:00+00:00, run_after=2021-01-01 00:00:00+00:00
[2025-01-16T15:37:11.262+0000] {processor.py:208} INFO - Processing /home/airflow/.local/lib/python3.12/site-packages/airflow/example_dags/example_xcom.py took 0.064 seconds
[2025-01-16T15:37:41.974+0000] {processor.py:186} INFO - Started process (PID=2427) to work on /home/airflow/.local/lib/python3.12/site-packages/airflow/example_dags/example_xcom.py
[2025-01-16T15:37:41.975+0000] {processor.py:914} INFO - Processing file /home/airflow/.local/lib/python3.12/site-packages/airflow/example_dags/example_xcom.py for tasks to queue
[2025-01-16T15:37:41.977+0000] {logging_mixin.py:190} INFO - [2025-01-16T15:37:41.976+0000] {dagbag.py:588} INFO - Filling up the DagBag from /home/airflow/.local/lib/python3.12/site-packages/airflow/example_dags/example_xcom.py
[2025-01-16T15:37:41.983+0000] {processor.py:925} INFO - DAG(s) 'example_xcom' retrieved from /home/airflow/.local/lib/python3.12/site-packages/airflow/example_dags/example_xcom.py
[2025-01-16T15:37:41.999+0000] {logging_mixin.py:190} INFO - [2025-01-16T15:37:41.998+0000] {dag.py:3239} INFO - Sync 1 DAGs
[2025-01-16T15:37:42.017+0000] {logging_mixin.py:190} INFO - [2025-01-16T15:37:42.017+0000] {dag.py:4180} INFO - Setting next_dagrun for example_xcom to 2021-01-01 00:00:00+00:00, run_after=2021-01-01 00:00:00+00:00
[2025-01-16T15:37:42.031+0000] {processor.py:208} INFO - Processing /home/airflow/.local/lib/python3.12/site-packages/airflow/example_dags/example_xcom.py took 0.062 seconds
[2025-01-16T15:38:12.580+0000] {processor.py:186} INFO - Started process (PID=2721) to work on /home/airflow/.local/lib/python3.12/site-packages/airflow/example_dags/example_xcom.py
[2025-01-16T15:38:12.580+0000] {processor.py:914} INFO - Processing file /home/airflow/.local/lib/python3.12/site-packages/airflow/example_dags/example_xcom.py for tasks to queue
[2025-01-16T15:38:12.583+0000] {logging_mixin.py:190} INFO - [2025-01-16T15:38:12.582+0000] {dagbag.py:588} INFO - Filling up the DagBag from /home/airflow/.local/lib/python3.12/site-packages/airflow/example_dags/example_xcom.py
[2025-01-16T15:38:12.590+0000] {processor.py:925} INFO - DAG(s) 'example_xcom' retrieved from /home/airflow/.local/lib/python3.12/site-packages/airflow/example_dags/example_xcom.py
[2025-01-16T15:38:12.608+0000] {logging_mixin.py:190} INFO - [2025-01-16T15:38:12.607+0000] {dag.py:3239} INFO - Sync 1 DAGs
[2025-01-16T15:38:12.635+0000] {logging_mixin.py:190} INFO - [2025-01-16T15:38:12.634+0000] {dag.py:4180} INFO - Setting next_dagrun for example_xcom to 2021-01-01 00:00:00+00:00, run_after=2021-01-01 00:00:00+00:00
[2025-01-16T15:38:12.665+0000] {processor.py:208} INFO - Processing /home/airflow/.local/lib/python3.12/site-packages/airflow/example_dags/example_xcom.py took 0.090 seconds
[2025-01-16T15:38:44.046+0000] {processor.py:186} INFO - Started process (PID=3019) to work on /home/airflow/.local/lib/python3.12/site-packages/airflow/example_dags/example_xcom.py
[2025-01-16T15:38:44.047+0000] {processor.py:914} INFO - Processing file /home/airflow/.local/lib/python3.12/site-packages/airflow/example_dags/example_xcom.py for tasks to queue
[2025-01-16T15:38:44.048+0000] {logging_mixin.py:190} INFO - [2025-01-16T15:38:44.048+0000] {dagbag.py:588} INFO - Filling up the DagBag from /home/airflow/.local/lib/python3.12/site-packages/airflow/example_dags/example_xcom.py
[2025-01-16T15:38:44.055+0000] {processor.py:925} INFO - DAG(s) 'example_xcom' retrieved from /home/airflow/.local/lib/python3.12/site-packages/airflow/example_dags/example_xcom.py
[2025-01-16T15:38:44.071+0000] {logging_mixin.py:190} INFO - [2025-01-16T15:38:44.070+0000] {dag.py:3239} INFO - Sync 1 DAGs
[2025-01-16T15:38:44.088+0000] {logging_mixin.py:190} INFO - [2025-01-16T15:38:44.088+0000] {dag.py:4180} INFO - Setting next_dagrun for example_xcom to 2021-01-01 00:00:00+00:00, run_after=2021-01-01 00:00:00+00:00
[2025-01-16T15:38:44.102+0000] {processor.py:208} INFO - Processing /home/airflow/.local/lib/python3.12/site-packages/airflow/example_dags/example_xcom.py took 0.060 seconds
[2025-01-16T15:39:15.459+0000] {processor.py:186} INFO - Started process (PID=3313) to work on /home/airflow/.local/lib/python3.12/site-packages/airflow/example_dags/example_xcom.py
[2025-01-16T15:39:15.459+0000] {processor.py:914} INFO - Processing file /home/airflow/.local/lib/python3.12/site-packages/airflow/example_dags/example_xcom.py for tasks to queue
[2025-01-16T15:39:15.461+0000] {logging_mixin.py:190} INFO - [2025-01-16T15:39:15.461+0000] {dagbag.py:588} INFO - Filling up the DagBag from /home/airflow/.local/lib/python3.12/site-packages/airflow/example_dags/example_xcom.py
[2025-01-16T15:39:15.469+0000] {processor.py:925} INFO - DAG(s) 'example_xcom' retrieved from /home/airflow/.local/lib/python3.12/site-packages/airflow/example_dags/example_xcom.py
[2025-01-16T15:39:15.485+0000] {logging_mixin.py:190} INFO - [2025-01-16T15:39:15.485+0000] {dag.py:3239} INFO - Sync 1 DAGs
[2025-01-16T15:39:15.503+0000] {logging_mixin.py:190} INFO - [2025-01-16T15:39:15.502+0000] {dag.py:4180} INFO - Setting next_dagrun for example_xcom to 2021-01-01 00:00:00+00:00, run_after=2021-01-01 00:00:00+00:00
[2025-01-16T15:39:15.520+0000] {processor.py:208} INFO - Processing /home/airflow/.local/lib/python3.12/site-packages/airflow/example_dags/example_xcom.py took 0.066 seconds
[2025-01-16T15:39:45.828+0000] {processor.py:186} INFO - Started process (PID=3609) to work on /home/airflow/.local/lib/python3.12/site-packages/airflow/example_dags/example_xcom.py
[2025-01-16T15:39:45.829+0000] {processor.py:914} INFO - Processing file /home/airflow/.local/lib/python3.12/site-packages/airflow/example_dags/example_xcom.py for tasks to queue
[2025-01-16T15:39:45.830+0000] {logging_mixin.py:190} INFO - [2025-01-16T15:39:45.830+0000] {dagbag.py:588} INFO - Filling up the DagBag from /home/airflow/.local/lib/python3.12/site-packages/airflow/example_dags/example_xcom.py
[2025-01-16T15:39:45.837+0000] {processor.py:925} INFO - DAG(s) 'example_xcom' retrieved from /home/airflow/.local/lib/python3.12/site-packages/airflow/example_dags/example_xcom.py
[2025-01-16T15:39:45.854+0000] {logging_mixin.py:190} INFO - [2025-01-16T15:39:45.854+0000] {dag.py:3239} INFO - Sync 1 DAGs
[2025-01-16T15:39:45.872+0000] {logging_mixin.py:190} INFO - [2025-01-16T15:39:45.871+0000] {dag.py:4180} INFO - Setting next_dagrun for example_xcom to 2021-01-01 00:00:00+00:00, run_after=2021-01-01 00:00:00+00:00
[2025-01-16T15:39:45.886+0000] {processor.py:208} INFO - Processing /home/airflow/.local/lib/python3.12/site-packages/airflow/example_dags/example_xcom.py took 0.062 seconds
[2025-01-16T15:40:17.243+0000] {processor.py:186} INFO - Started process (PID=3907) to work on /home/airflow/.local/lib/python3.12/site-packages/airflow/example_dags/example_xcom.py
[2025-01-16T15:40:17.245+0000] {processor.py:914} INFO - Processing file /home/airflow/.local/lib/python3.12/site-packages/airflow/example_dags/example_xcom.py for tasks to queue
[2025-01-16T15:40:17.248+0000] {logging_mixin.py:190} INFO - [2025-01-16T15:40:17.248+0000] {dagbag.py:588} INFO - Filling up the DagBag from /home/airflow/.local/lib/python3.12/site-packages/airflow/example_dags/example_xcom.py
[2025-01-16T15:40:17.256+0000] {processor.py:925} INFO - DAG(s) 'example_xcom' retrieved from /home/airflow/.local/lib/python3.12/site-packages/airflow/example_dags/example_xcom.py
[2025-01-16T15:40:17.276+0000] {logging_mixin.py:190} INFO - [2025-01-16T15:40:17.276+0000] {dag.py:3239} INFO - Sync 1 DAGs
[2025-01-16T15:40:17.296+0000] {logging_mixin.py:190} INFO - [2025-01-16T15:40:17.296+0000] {dag.py:4180} INFO - Setting next_dagrun for example_xcom to 2021-01-01 00:00:00+00:00, run_after=2021-01-01 00:00:00+00:00
[2025-01-16T15:40:17.314+0000] {processor.py:208} INFO - Processing /home/airflow/.local/lib/python3.12/site-packages/airflow/example_dags/example_xcom.py took 0.075 seconds
[2025-01-16T15:40:49.598+0000] {processor.py:186} INFO - Started process (PID=4206) to work on /home/airflow/.local/lib/python3.12/site-packages/airflow/example_dags/example_xcom.py
[2025-01-16T15:40:49.600+0000] {processor.py:914} INFO - Processing file /home/airflow/.local/lib/python3.12/site-packages/airflow/example_dags/example_xcom.py for tasks to queue
[2025-01-16T15:40:49.601+0000] {logging_mixin.py:190} INFO - [2025-01-16T15:40:49.601+0000] {dagbag.py:588} INFO - Filling up the DagBag from /home/airflow/.local/lib/python3.12/site-packages/airflow/example_dags/example_xcom.py
[2025-01-16T15:40:49.608+0000] {processor.py:925} INFO - DAG(s) 'example_xcom' retrieved from /home/airflow/.local/lib/python3.12/site-packages/airflow/example_dags/example_xcom.py
[2025-01-16T15:40:49.625+0000] {logging_mixin.py:190} INFO - [2025-01-16T15:40:49.625+0000] {dag.py:3239} INFO - Sync 1 DAGs
[2025-01-16T15:40:49.644+0000] {logging_mixin.py:190} INFO - [2025-01-16T15:40:49.644+0000] {dag.py:4180} INFO - Setting next_dagrun for example_xcom to 2021-01-01 00:00:00+00:00, run_after=2021-01-01 00:00:00+00:00
[2025-01-16T15:40:49.659+0000] {processor.py:208} INFO - Processing /home/airflow/.local/lib/python3.12/site-packages/airflow/example_dags/example_xcom.py took 0.065 seconds
[2025-01-16T15:41:20.093+0000] {processor.py:186} INFO - Started process (PID=4502) to work on /home/airflow/.local/lib/python3.12/site-packages/airflow/example_dags/example_xcom.py
[2025-01-16T15:41:20.094+0000] {processor.py:914} INFO - Processing file /home/airflow/.local/lib/python3.12/site-packages/airflow/example_dags/example_xcom.py for tasks to queue
[2025-01-16T15:41:20.096+0000] {logging_mixin.py:190} INFO - [2025-01-16T15:41:20.095+0000] {dagbag.py:588} INFO - Filling up the DagBag from /home/airflow/.local/lib/python3.12/site-packages/airflow/example_dags/example_xcom.py
[2025-01-16T15:41:20.102+0000] {processor.py:925} INFO - DAG(s) 'example_xcom' retrieved from /home/airflow/.local/lib/python3.12/site-packages/airflow/example_dags/example_xcom.py
[2025-01-16T15:41:20.118+0000] {logging_mixin.py:190} INFO - [2025-01-16T15:41:20.118+0000] {dag.py:3239} INFO - Sync 1 DAGs
[2025-01-16T15:41:20.134+0000] {logging_mixin.py:190} INFO - [2025-01-16T15:41:20.134+0000] {dag.py:4180} INFO - Setting next_dagrun for example_xcom to 2021-01-01 00:00:00+00:00, run_after=2021-01-01 00:00:00+00:00
[2025-01-16T15:41:20.148+0000] {processor.py:208} INFO - Processing /home/airflow/.local/lib/python3.12/site-packages/airflow/example_dags/example_xcom.py took 0.059 seconds
[2025-01-16T15:41:51.479+0000] {processor.py:186} INFO - Started process (PID=4798) to work on /home/airflow/.local/lib/python3.12/site-packages/airflow/example_dags/example_xcom.py
[2025-01-16T15:41:51.480+0000] {processor.py:914} INFO - Processing file /home/airflow/.local/lib/python3.12/site-packages/airflow/example_dags/example_xcom.py for tasks to queue
[2025-01-16T15:41:51.482+0000] {logging_mixin.py:190} INFO - [2025-01-16T15:41:51.481+0000] {dagbag.py:588} INFO - Filling up the DagBag from /home/airflow/.local/lib/python3.12/site-packages/airflow/example_dags/example_xcom.py
[2025-01-16T15:41:51.489+0000] {processor.py:925} INFO - DAG(s) 'example_xcom' retrieved from /home/airflow/.local/lib/python3.12/site-packages/airflow/example_dags/example_xcom.py
[2025-01-16T15:41:51.506+0000] {logging_mixin.py:190} INFO - [2025-01-16T15:41:51.506+0000] {dag.py:3239} INFO - Sync 1 DAGs
[2025-01-16T15:41:51.524+0000] {logging_mixin.py:190} INFO - [2025-01-16T15:41:51.523+0000] {dag.py:4180} INFO - Setting next_dagrun for example_xcom to 2021-01-01 00:00:00+00:00, run_after=2021-01-01 00:00:00+00:00
[2025-01-16T15:41:51.536+0000] {processor.py:208} INFO - Processing /home/airflow/.local/lib/python3.12/site-packages/airflow/example_dags/example_xcom.py took 0.061 seconds
[2025-01-16T15:42:22.883+0000] {processor.py:186} INFO - Started process (PID=5094) to work on /home/airflow/.local/lib/python3.12/site-packages/airflow/example_dags/example_xcom.py
[2025-01-16T15:42:22.884+0000] {processor.py:914} INFO - Processing file /home/airflow/.local/lib/python3.12/site-packages/airflow/example_dags/example_xcom.py for tasks to queue
[2025-01-16T15:42:22.886+0000] {logging_mixin.py:190} INFO - [2025-01-16T15:42:22.885+0000] {dagbag.py:588} INFO - Filling up the DagBag from /home/airflow/.local/lib/python3.12/site-packages/airflow/example_dags/example_xcom.py
[2025-01-16T15:42:22.892+0000] {processor.py:925} INFO - DAG(s) 'example_xcom' retrieved from /home/airflow/.local/lib/python3.12/site-packages/airflow/example_dags/example_xcom.py
[2025-01-16T15:42:22.908+0000] {logging_mixin.py:190} INFO - [2025-01-16T15:42:22.908+0000] {dag.py:3239} INFO - Sync 1 DAGs
[2025-01-16T15:42:22.926+0000] {logging_mixin.py:190} INFO - [2025-01-16T15:42:22.925+0000] {dag.py:4180} INFO - Setting next_dagrun for example_xcom to 2021-01-01 00:00:00+00:00, run_after=2021-01-01 00:00:00+00:00
[2025-01-16T15:42:22.939+0000] {processor.py:208} INFO - Processing /home/airflow/.local/lib/python3.12/site-packages/airflow/example_dags/example_xcom.py took 0.059 seconds
[2025-01-16T15:42:54.011+0000] {processor.py:186} INFO - Started process (PID=5390) to work on /home/airflow/.local/lib/python3.12/site-packages/airflow/example_dags/example_xcom.py
[2025-01-16T15:42:54.012+0000] {processor.py:914} INFO - Processing file /home/airflow/.local/lib/python3.12/site-packages/airflow/example_dags/example_xcom.py for tasks to queue
[2025-01-16T15:42:54.014+0000] {logging_mixin.py:190} INFO - [2025-01-16T15:42:54.013+0000] {dagbag.py:588} INFO - Filling up the DagBag from /home/airflow/.local/lib/python3.12/site-packages/airflow/example_dags/example_xcom.py
[2025-01-16T15:42:54.020+0000] {processor.py:925} INFO - DAG(s) 'example_xcom' retrieved from /home/airflow/.local/lib/python3.12/site-packages/airflow/example_dags/example_xcom.py
[2025-01-16T15:42:54.035+0000] {logging_mixin.py:190} INFO - [2025-01-16T15:42:54.035+0000] {dag.py:3239} INFO - Sync 1 DAGs
[2025-01-16T15:42:54.053+0000] {logging_mixin.py:190} INFO - [2025-01-16T15:42:54.053+0000] {dag.py:4180} INFO - Setting next_dagrun for example_xcom to 2021-01-01 00:00:00+00:00, run_after=2021-01-01 00:00:00+00:00
[2025-01-16T15:42:54.065+0000] {processor.py:208} INFO - Processing /home/airflow/.local/lib/python3.12/site-packages/airflow/example_dags/example_xcom.py took 0.058 seconds
[2025-01-16T15:43:25.060+0000] {processor.py:186} INFO - Started process (PID=5686) to work on /home/airflow/.local/lib/python3.12/site-packages/airflow/example_dags/example_xcom.py
[2025-01-16T15:43:25.061+0000] {processor.py:914} INFO - Processing file /home/airflow/.local/lib/python3.12/site-packages/airflow/example_dags/example_xcom.py for tasks to queue
[2025-01-16T15:43:25.062+0000] {logging_mixin.py:190} INFO - [2025-01-16T15:43:25.062+0000] {dagbag.py:588} INFO - Filling up the DagBag from /home/airflow/.local/lib/python3.12/site-packages/airflow/example_dags/example_xcom.py
[2025-01-16T15:43:25.069+0000] {processor.py:925} INFO - DAG(s) 'example_xcom' retrieved from /home/airflow/.local/lib/python3.12/site-packages/airflow/example_dags/example_xcom.py
[2025-01-16T15:43:25.086+0000] {logging_mixin.py:190} INFO - [2025-01-16T15:43:25.085+0000] {dag.py:3239} INFO - Sync 1 DAGs
[2025-01-16T15:43:25.102+0000] {logging_mixin.py:190} INFO - [2025-01-16T15:43:25.102+0000] {dag.py:4180} INFO - Setting next_dagrun for example_xcom to 2021-01-01 00:00:00+00:00, run_after=2021-01-01 00:00:00+00:00
[2025-01-16T15:43:25.115+0000] {processor.py:208} INFO - Processing /home/airflow/.local/lib/python3.12/site-packages/airflow/example_dags/example_xcom.py took 0.059 seconds
[2025-01-16T15:43:56.946+0000] {processor.py:186} INFO - Started process (PID=5982) to work on /home/airflow/.local/lib/python3.12/site-packages/airflow/example_dags/example_xcom.py
[2025-01-16T15:43:56.947+0000] {processor.py:914} INFO - Processing file /home/airflow/.local/lib/python3.12/site-packages/airflow/example_dags/example_xcom.py for tasks to queue
[2025-01-16T15:43:56.949+0000] {logging_mixin.py:190} INFO - [2025-01-16T15:43:56.949+0000] {dagbag.py:588} INFO - Filling up the DagBag from /home/airflow/.local/lib/python3.12/site-packages/airflow/example_dags/example_xcom.py
[2025-01-16T15:43:56.955+0000] {processor.py:925} INFO - DAG(s) 'example_xcom' retrieved from /home/airflow/.local/lib/python3.12/site-packages/airflow/example_dags/example_xcom.py
[2025-01-16T15:43:56.971+0000] {logging_mixin.py:190} INFO - [2025-01-16T15:43:56.971+0000] {dag.py:3239} INFO - Sync 1 DAGs
[2025-01-16T15:43:56.988+0000] {logging_mixin.py:190} INFO - [2025-01-16T15:43:56.988+0000] {dag.py:4180} INFO - Setting next_dagrun for example_xcom to 2021-01-01 00:00:00+00:00, run_after=2021-01-01 00:00:00+00:00
[2025-01-16T15:43:57.001+0000] {processor.py:208} INFO - Processing /home/airflow/.local/lib/python3.12/site-packages/airflow/example_dags/example_xcom.py took 0.059 seconds
[2025-01-16T15:44:28.230+0000] {processor.py:186} INFO - Started process (PID=6278) to work on /home/airflow/.local/lib/python3.12/site-packages/airflow/example_dags/example_xcom.py
[2025-01-16T15:44:28.231+0000] {processor.py:914} INFO - Processing file /home/airflow/.local/lib/python3.12/site-packages/airflow/example_dags/example_xcom.py for tasks to queue
[2025-01-16T15:44:28.232+0000] {logging_mixin.py:190} INFO - [2025-01-16T15:44:28.232+0000] {dagbag.py:588} INFO - Filling up the DagBag from /home/airflow/.local/lib/python3.12/site-packages/airflow/example_dags/example_xcom.py
[2025-01-16T15:44:28.240+0000] {processor.py:925} INFO - DAG(s) 'example_xcom' retrieved from /home/airflow/.local/lib/python3.12/site-packages/airflow/example_dags/example_xcom.py
[2025-01-16T15:44:28.256+0000] {logging_mixin.py:190} INFO - [2025-01-16T15:44:28.255+0000] {dag.py:3239} INFO - Sync 1 DAGs
[2025-01-16T15:44:28.273+0000] {logging_mixin.py:190} INFO - [2025-01-16T15:44:28.273+0000] {dag.py:4180} INFO - Setting next_dagrun for example_xcom to 2021-01-01 00:00:00+00:00, run_after=2021-01-01 00:00:00+00:00
[2025-01-16T15:44:28.286+0000] {processor.py:208} INFO - Processing /home/airflow/.local/lib/python3.12/site-packages/airflow/example_dags/example_xcom.py took 0.060 seconds
[2025-01-16T15:44:59.126+0000] {processor.py:186} INFO - Started process (PID=6574) to work on /home/airflow/.local/lib/python3.12/site-packages/airflow/example_dags/example_xcom.py
[2025-01-16T15:44:59.127+0000] {processor.py:914} INFO - Processing file /home/airflow/.local/lib/python3.12/site-packages/airflow/example_dags/example_xcom.py for tasks to queue
[2025-01-16T15:44:59.129+0000] {logging_mixin.py:190} INFO - [2025-01-16T15:44:59.128+0000] {dagbag.py:588} INFO - Filling up the DagBag from /home/airflow/.local/lib/python3.12/site-packages/airflow/example_dags/example_xcom.py
[2025-01-16T15:44:59.135+0000] {processor.py:925} INFO - DAG(s) 'example_xcom' retrieved from /home/airflow/.local/lib/python3.12/site-packages/airflow/example_dags/example_xcom.py
[2025-01-16T15:44:59.150+0000] {logging_mixin.py:190} INFO - [2025-01-16T15:44:59.150+0000] {dag.py:3239} INFO - Sync 1 DAGs
[2025-01-16T15:44:59.167+0000] {logging_mixin.py:190} INFO - [2025-01-16T15:44:59.166+0000] {dag.py:4180} INFO - Setting next_dagrun for example_xcom to 2021-01-01 00:00:00+00:00, run_after=2021-01-01 00:00:00+00:00
[2025-01-16T15:44:59.179+0000] {processor.py:208} INFO - Processing /home/airflow/.local/lib/python3.12/site-packages/airflow/example_dags/example_xcom.py took 0.057 seconds
[2025-01-16T15:45:30.369+0000] {processor.py:186} INFO - Started process (PID=6870) to work on /home/airflow/.local/lib/python3.12/site-packages/airflow/example_dags/example_xcom.py
[2025-01-16T15:45:30.370+0000] {processor.py:914} INFO - Processing file /home/airflow/.local/lib/python3.12/site-packages/airflow/example_dags/example_xcom.py for tasks to queue
[2025-01-16T15:45:30.372+0000] {logging_mixin.py:190} INFO - [2025-01-16T15:45:30.372+0000] {dagbag.py:588} INFO - Filling up the DagBag from /home/airflow/.local/lib/python3.12/site-packages/airflow/example_dags/example_xcom.py
[2025-01-16T15:45:30.379+0000] {processor.py:925} INFO - DAG(s) 'example_xcom' retrieved from /home/airflow/.local/lib/python3.12/site-packages/airflow/example_dags/example_xcom.py
[2025-01-16T15:45:30.394+0000] {logging_mixin.py:190} INFO - [2025-01-16T15:45:30.394+0000] {dag.py:3239} INFO - Sync 1 DAGs
[2025-01-16T15:45:30.410+0000] {logging_mixin.py:190} INFO - [2025-01-16T15:45:30.410+0000] {dag.py:4180} INFO - Setting next_dagrun for example_xcom to 2021-01-01 00:00:00+00:00, run_after=2021-01-01 00:00:00+00:00
[2025-01-16T15:45:30.424+0000] {processor.py:208} INFO - Processing /home/airflow/.local/lib/python3.12/site-packages/airflow/example_dags/example_xcom.py took 0.059 seconds
[2025-01-16T15:46:02.133+0000] {processor.py:186} INFO - Started process (PID=7174) to work on /home/airflow/.local/lib/python3.12/site-packages/airflow/example_dags/example_xcom.py
[2025-01-16T15:46:02.134+0000] {processor.py:914} INFO - Processing file /home/airflow/.local/lib/python3.12/site-packages/airflow/example_dags/example_xcom.py for tasks to queue
[2025-01-16T15:46:02.136+0000] {logging_mixin.py:190} INFO - [2025-01-16T15:46:02.136+0000] {dagbag.py:588} INFO - Filling up the DagBag from /home/airflow/.local/lib/python3.12/site-packages/airflow/example_dags/example_xcom.py
[2025-01-16T15:46:02.145+0000] {processor.py:925} INFO - DAG(s) 'example_xcom' retrieved from /home/airflow/.local/lib/python3.12/site-packages/airflow/example_dags/example_xcom.py
[2025-01-16T15:46:02.163+0000] {logging_mixin.py:190} INFO - [2025-01-16T15:46:02.163+0000] {dag.py:3239} INFO - Sync 1 DAGs
[2025-01-16T15:46:02.184+0000] {logging_mixin.py:190} INFO - [2025-01-16T15:46:02.184+0000] {dag.py:4180} INFO - Setting next_dagrun for example_xcom to 2021-01-01 00:00:00+00:00, run_after=2021-01-01 00:00:00+00:00
[2025-01-16T15:46:02.201+0000] {processor.py:208} INFO - Processing /home/airflow/.local/lib/python3.12/site-packages/airflow/example_dags/example_xcom.py took 0.073 seconds
[2025-01-16T15:46:33.234+0000] {processor.py:186} INFO - Started process (PID=7468) to work on /home/airflow/.local/lib/python3.12/site-packages/airflow/example_dags/example_xcom.py
[2025-01-16T15:46:33.234+0000] {processor.py:914} INFO - Processing file /home/airflow/.local/lib/python3.12/site-packages/airflow/example_dags/example_xcom.py for tasks to queue
[2025-01-16T15:46:33.236+0000] {logging_mixin.py:190} INFO - [2025-01-16T15:46:33.236+0000] {dagbag.py:588} INFO - Filling up the DagBag from /home/airflow/.local/lib/python3.12/site-packages/airflow/example_dags/example_xcom.py
[2025-01-16T15:46:33.244+0000] {processor.py:925} INFO - DAG(s) 'example_xcom' retrieved from /home/airflow/.local/lib/python3.12/site-packages/airflow/example_dags/example_xcom.py
[2025-01-16T15:46:33.259+0000] {logging_mixin.py:190} INFO - [2025-01-16T15:46:33.259+0000] {dag.py:3239} INFO - Sync 1 DAGs
[2025-01-16T15:46:33.276+0000] {logging_mixin.py:190} INFO - [2025-01-16T15:46:33.276+0000] {dag.py:4180} INFO - Setting next_dagrun for example_xcom to 2021-01-01 00:00:00+00:00, run_after=2021-01-01 00:00:00+00:00
[2025-01-16T15:46:33.290+0000] {processor.py:208} INFO - Processing /home/airflow/.local/lib/python3.12/site-packages/airflow/example_dags/example_xcom.py took 0.060 seconds
[2025-01-16T15:47:03.886+0000] {processor.py:186} INFO - Started process (PID=7764) to work on /home/airflow/.local/lib/python3.12/site-packages/airflow/example_dags/example_xcom.py
[2025-01-16T15:47:03.887+0000] {processor.py:914} INFO - Processing file /home/airflow/.local/lib/python3.12/site-packages/airflow/example_dags/example_xcom.py for tasks to queue
[2025-01-16T15:47:03.889+0000] {logging_mixin.py:190} INFO - [2025-01-16T15:47:03.888+0000] {dagbag.py:588} INFO - Filling up the DagBag from /home/airflow/.local/lib/python3.12/site-packages/airflow/example_dags/example_xcom.py
[2025-01-16T15:47:03.895+0000] {processor.py:925} INFO - DAG(s) 'example_xcom' retrieved from /home/airflow/.local/lib/python3.12/site-packages/airflow/example_dags/example_xcom.py
[2025-01-16T15:47:03.910+0000] {logging_mixin.py:190} INFO - [2025-01-16T15:47:03.910+0000] {dag.py:3239} INFO - Sync 1 DAGs
[2025-01-16T15:47:03.928+0000] {logging_mixin.py:190} INFO - [2025-01-16T15:47:03.928+0000] {dag.py:4180} INFO - Setting next_dagrun for example_xcom to 2021-01-01 00:00:00+00:00, run_after=2021-01-01 00:00:00+00:00
[2025-01-16T15:47:03.945+0000] {processor.py:208} INFO - Processing /home/airflow/.local/lib/python3.12/site-packages/airflow/example_dags/example_xcom.py took 0.063 seconds
[2025-01-16T15:47:34.808+0000] {processor.py:186} INFO - Started process (PID=8060) to work on /home/airflow/.local/lib/python3.12/site-packages/airflow/example_dags/example_xcom.py
[2025-01-16T15:47:34.808+0000] {processor.py:914} INFO - Processing file /home/airflow/.local/lib/python3.12/site-packages/airflow/example_dags/example_xcom.py for tasks to queue
[2025-01-16T15:47:34.810+0000] {logging_mixin.py:190} INFO - [2025-01-16T15:47:34.810+0000] {dagbag.py:588} INFO - Filling up the DagBag from /home/airflow/.local/lib/python3.12/site-packages/airflow/example_dags/example_xcom.py
[2025-01-16T15:47:34.817+0000] {processor.py:925} INFO - DAG(s) 'example_xcom' retrieved from /home/airflow/.local/lib/python3.12/site-packages/airflow/example_dags/example_xcom.py
[2025-01-16T15:47:34.833+0000] {logging_mixin.py:190} INFO - [2025-01-16T15:47:34.833+0000] {dag.py:3239} INFO - Sync 1 DAGs
[2025-01-16T15:47:34.850+0000] {logging_mixin.py:190} INFO - [2025-01-16T15:47:34.850+0000] {dag.py:4180} INFO - Setting next_dagrun for example_xcom to 2021-01-01 00:00:00+00:00, run_after=2021-01-01 00:00:00+00:00
[2025-01-16T15:47:34.863+0000] {processor.py:208} INFO - Processing /home/airflow/.local/lib/python3.12/site-packages/airflow/example_dags/example_xcom.py took 0.060 seconds
[2025-01-16T15:48:06.283+0000] {processor.py:186} INFO - Started process (PID=8356) to work on /home/airflow/.local/lib/python3.12/site-packages/airflow/example_dags/example_xcom.py
[2025-01-16T15:48:06.283+0000] {processor.py:914} INFO - Processing file /home/airflow/.local/lib/python3.12/site-packages/airflow/example_dags/example_xcom.py for tasks to queue
[2025-01-16T15:48:06.285+0000] {logging_mixin.py:190} INFO - [2025-01-16T15:48:06.285+0000] {dagbag.py:588} INFO - Filling up the DagBag from /home/airflow/.local/lib/python3.12/site-packages/airflow/example_dags/example_xcom.py
[2025-01-16T15:48:06.292+0000] {processor.py:925} INFO - DAG(s) 'example_xcom' retrieved from /home/airflow/.local/lib/python3.12/site-packages/airflow/example_dags/example_xcom.py
[2025-01-16T15:48:06.307+0000] {logging_mixin.py:190} INFO - [2025-01-16T15:48:06.306+0000] {dag.py:3239} INFO - Sync 1 DAGs
[2025-01-16T15:48:06.325+0000] {logging_mixin.py:190} INFO - [2025-01-16T15:48:06.325+0000] {dag.py:4180} INFO - Setting next_dagrun for example_xcom to 2021-01-01 00:00:00+00:00, run_after=2021-01-01 00:00:00+00:00
[2025-01-16T15:48:06.337+0000] {processor.py:208} INFO - Processing /home/airflow/.local/lib/python3.12/site-packages/airflow/example_dags/example_xcom.py took 0.059 seconds
[2025-01-16T15:48:37.129+0000] {processor.py:186} INFO - Started process (PID=8654) to work on /home/airflow/.local/lib/python3.12/site-packages/airflow/example_dags/example_xcom.py
[2025-01-16T15:48:37.129+0000] {processor.py:914} INFO - Processing file /home/airflow/.local/lib/python3.12/site-packages/airflow/example_dags/example_xcom.py for tasks to queue
[2025-01-16T15:48:37.131+0000] {logging_mixin.py:190} INFO - [2025-01-16T15:48:37.131+0000] {dagbag.py:588} INFO - Filling up the DagBag from /home/airflow/.local/lib/python3.12/site-packages/airflow/example_dags/example_xcom.py
[2025-01-16T15:48:37.139+0000] {processor.py:925} INFO - DAG(s) 'example_xcom' retrieved from /home/airflow/.local/lib/python3.12/site-packages/airflow/example_dags/example_xcom.py
[2025-01-16T15:48:37.155+0000] {logging_mixin.py:190} INFO - [2025-01-16T15:48:37.155+0000] {dag.py:3239} INFO - Sync 1 DAGs
[2025-01-16T15:48:37.172+0000] {logging_mixin.py:190} INFO - [2025-01-16T15:48:37.172+0000] {dag.py:4180} INFO - Setting next_dagrun for example_xcom to 2021-01-01 00:00:00+00:00, run_after=2021-01-01 00:00:00+00:00
[2025-01-16T15:48:37.185+0000] {processor.py:208} INFO - Processing /home/airflow/.local/lib/python3.12/site-packages/airflow/example_dags/example_xcom.py took 0.061 seconds
[2025-01-16T15:49:09.149+0000] {processor.py:186} INFO - Started process (PID=8948) to work on /home/airflow/.local/lib/python3.12/site-packages/airflow/example_dags/example_xcom.py
[2025-01-16T15:49:09.150+0000] {processor.py:914} INFO - Processing file /home/airflow/.local/lib/python3.12/site-packages/airflow/example_dags/example_xcom.py for tasks to queue
[2025-01-16T15:49:09.152+0000] {logging_mixin.py:190} INFO - [2025-01-16T15:49:09.152+0000] {dagbag.py:588} INFO - Filling up the DagBag from /home/airflow/.local/lib/python3.12/site-packages/airflow/example_dags/example_xcom.py
[2025-01-16T15:49:09.159+0000] {processor.py:925} INFO - DAG(s) 'example_xcom' retrieved from /home/airflow/.local/lib/python3.12/site-packages/airflow/example_dags/example_xcom.py
[2025-01-16T15:49:09.177+0000] {logging_mixin.py:190} INFO - [2025-01-16T15:49:09.176+0000] {dag.py:3239} INFO - Sync 1 DAGs
[2025-01-16T15:49:09.195+0000] {logging_mixin.py:190} INFO - [2025-01-16T15:49:09.195+0000] {dag.py:4180} INFO - Setting next_dagrun for example_xcom to 2021-01-01 00:00:00+00:00, run_after=2021-01-01 00:00:00+00:00
[2025-01-16T15:49:09.209+0000] {processor.py:208} INFO - Processing /home/airflow/.local/lib/python3.12/site-packages/airflow/example_dags/example_xcom.py took 0.064 seconds
[2025-01-16T15:49:39.906+0000] {processor.py:186} INFO - Started process (PID=9249) to work on /home/airflow/.local/lib/python3.12/site-packages/airflow/example_dags/example_xcom.py
[2025-01-16T15:49:39.909+0000] {processor.py:914} INFO - Processing file /home/airflow/.local/lib/python3.12/site-packages/airflow/example_dags/example_xcom.py for tasks to queue
[2025-01-16T15:49:39.912+0000] {logging_mixin.py:190} INFO - [2025-01-16T15:49:39.911+0000] {dagbag.py:588} INFO - Filling up the DagBag from /home/airflow/.local/lib/python3.12/site-packages/airflow/example_dags/example_xcom.py
[2025-01-16T15:49:39.922+0000] {processor.py:925} INFO - DAG(s) 'example_xcom' retrieved from /home/airflow/.local/lib/python3.12/site-packages/airflow/example_dags/example_xcom.py
[2025-01-16T15:49:39.974+0000] {logging_mixin.py:190} INFO - [2025-01-16T15:49:39.974+0000] {dag.py:3239} INFO - Sync 1 DAGs
[2025-01-16T15:49:39.994+0000] {logging_mixin.py:190} INFO - [2025-01-16T15:49:39.994+0000] {dag.py:4180} INFO - Setting next_dagrun for example_xcom to 2021-01-01 00:00:00+00:00, run_after=2021-01-01 00:00:00+00:00
[2025-01-16T15:49:40.013+0000] {processor.py:208} INFO - Processing /home/airflow/.local/lib/python3.12/site-packages/airflow/example_dags/example_xcom.py took 0.113 seconds
[2025-01-16T15:50:10.627+0000] {processor.py:186} INFO - Started process (PID=9540) to work on /home/airflow/.local/lib/python3.12/site-packages/airflow/example_dags/example_xcom.py
[2025-01-16T15:50:10.630+0000] {processor.py:914} INFO - Processing file /home/airflow/.local/lib/python3.12/site-packages/airflow/example_dags/example_xcom.py for tasks to queue
[2025-01-16T15:50:10.632+0000] {logging_mixin.py:190} INFO - [2025-01-16T15:50:10.632+0000] {dagbag.py:588} INFO - Filling up the DagBag from /home/airflow/.local/lib/python3.12/site-packages/airflow/example_dags/example_xcom.py
[2025-01-16T15:50:10.646+0000] {processor.py:925} INFO - DAG(s) 'example_xcom' retrieved from /home/airflow/.local/lib/python3.12/site-packages/airflow/example_dags/example_xcom.py
[2025-01-16T15:50:10.680+0000] {logging_mixin.py:190} INFO - [2025-01-16T15:50:10.680+0000] {dag.py:3239} INFO - Sync 1 DAGs
[2025-01-16T15:50:10.706+0000] {logging_mixin.py:190} INFO - [2025-01-16T15:50:10.706+0000] {dag.py:4180} INFO - Setting next_dagrun for example_xcom to 2021-01-01 00:00:00+00:00, run_after=2021-01-01 00:00:00+00:00
[2025-01-16T15:50:10.732+0000] {processor.py:208} INFO - Processing /home/airflow/.local/lib/python3.12/site-packages/airflow/example_dags/example_xcom.py took 0.110 seconds
[2025-01-16T15:50:41.920+0000] {processor.py:186} INFO - Started process (PID=9861) to work on /home/airflow/.local/lib/python3.12/site-packages/airflow/example_dags/example_xcom.py
[2025-01-16T15:50:41.921+0000] {processor.py:914} INFO - Processing file /home/airflow/.local/lib/python3.12/site-packages/airflow/example_dags/example_xcom.py for tasks to queue
[2025-01-16T15:50:41.923+0000] {logging_mixin.py:190} INFO - [2025-01-16T15:50:41.923+0000] {dagbag.py:588} INFO - Filling up the DagBag from /home/airflow/.local/lib/python3.12/site-packages/airflow/example_dags/example_xcom.py
[2025-01-16T15:50:41.931+0000] {processor.py:925} INFO - DAG(s) 'example_xcom' retrieved from /home/airflow/.local/lib/python3.12/site-packages/airflow/example_dags/example_xcom.py
[2025-01-16T15:50:41.999+0000] {logging_mixin.py:190} INFO - [2025-01-16T15:50:41.999+0000] {dag.py:3239} INFO - Sync 1 DAGs
[2025-01-16T15:50:42.020+0000] {logging_mixin.py:190} INFO - [2025-01-16T15:50:42.019+0000] {dag.py:4180} INFO - Setting next_dagrun for example_xcom to 2021-01-01 00:00:00+00:00, run_after=2021-01-01 00:00:00+00:00
[2025-01-16T15:50:42.037+0000] {processor.py:208} INFO - Processing /home/airflow/.local/lib/python3.12/site-packages/airflow/example_dags/example_xcom.py took 0.123 seconds
[2025-01-16T15:51:12.679+0000] {processor.py:186} INFO - Started process (PID=10166) to work on /home/airflow/.local/lib/python3.12/site-packages/airflow/example_dags/example_xcom.py
[2025-01-16T15:51:12.680+0000] {processor.py:914} INFO - Processing file /home/airflow/.local/lib/python3.12/site-packages/airflow/example_dags/example_xcom.py for tasks to queue
[2025-01-16T15:51:12.683+0000] {logging_mixin.py:190} INFO - [2025-01-16T15:51:12.683+0000] {dagbag.py:588} INFO - Filling up the DagBag from /home/airflow/.local/lib/python3.12/site-packages/airflow/example_dags/example_xcom.py
[2025-01-16T15:51:12.691+0000] {processor.py:925} INFO - DAG(s) 'example_xcom' retrieved from /home/airflow/.local/lib/python3.12/site-packages/airflow/example_dags/example_xcom.py
[2025-01-16T15:51:12.709+0000] {logging_mixin.py:190} INFO - [2025-01-16T15:51:12.709+0000] {dag.py:3239} INFO - Sync 1 DAGs
[2025-01-16T15:51:12.730+0000] {logging_mixin.py:190} INFO - [2025-01-16T15:51:12.729+0000] {dag.py:4180} INFO - Setting next_dagrun for example_xcom to 2021-01-01 00:00:00+00:00, run_after=2021-01-01 00:00:00+00:00
[2025-01-16T15:51:12.746+0000] {processor.py:208} INFO - Processing /home/airflow/.local/lib/python3.12/site-packages/airflow/example_dags/example_xcom.py took 0.070 seconds
[2025-01-16T15:51:43.928+0000] {processor.py:186} INFO - Started process (PID=10457) to work on /home/airflow/.local/lib/python3.12/site-packages/airflow/example_dags/example_xcom.py
[2025-01-16T15:51:43.929+0000] {processor.py:914} INFO - Processing file /home/airflow/.local/lib/python3.12/site-packages/airflow/example_dags/example_xcom.py for tasks to queue
[2025-01-16T15:51:43.931+0000] {logging_mixin.py:190} INFO - [2025-01-16T15:51:43.931+0000] {dagbag.py:588} INFO - Filling up the DagBag from /home/airflow/.local/lib/python3.12/site-packages/airflow/example_dags/example_xcom.py
[2025-01-16T15:51:43.938+0000] {processor.py:925} INFO - DAG(s) 'example_xcom' retrieved from /home/airflow/.local/lib/python3.12/site-packages/airflow/example_dags/example_xcom.py
[2025-01-16T15:51:43.956+0000] {logging_mixin.py:190} INFO - [2025-01-16T15:51:43.956+0000] {dag.py:3239} INFO - Sync 1 DAGs
[2025-01-16T15:51:43.976+0000] {logging_mixin.py:190} INFO - [2025-01-16T15:51:43.976+0000] {dag.py:4180} INFO - Setting next_dagrun for example_xcom to 2021-01-01 00:00:00+00:00, run_after=2021-01-01 00:00:00+00:00
[2025-01-16T15:51:43.992+0000] {processor.py:208} INFO - Processing /home/airflow/.local/lib/python3.12/site-packages/airflow/example_dags/example_xcom.py took 0.068 seconds
[2025-01-16T15:52:15.181+0000] {processor.py:186} INFO - Started process (PID=10755) to work on /home/airflow/.local/lib/python3.12/site-packages/airflow/example_dags/example_xcom.py
[2025-01-16T15:52:15.181+0000] {processor.py:914} INFO - Processing file /home/airflow/.local/lib/python3.12/site-packages/airflow/example_dags/example_xcom.py for tasks to queue
[2025-01-16T15:52:15.183+0000] {logging_mixin.py:190} INFO - [2025-01-16T15:52:15.183+0000] {dagbag.py:588} INFO - Filling up the DagBag from /home/airflow/.local/lib/python3.12/site-packages/airflow/example_dags/example_xcom.py
[2025-01-16T15:52:15.189+0000] {processor.py:925} INFO - DAG(s) 'example_xcom' retrieved from /home/airflow/.local/lib/python3.12/site-packages/airflow/example_dags/example_xcom.py
[2025-01-16T15:52:15.207+0000] {logging_mixin.py:190} INFO - [2025-01-16T15:52:15.207+0000] {dag.py:3239} INFO - Sync 1 DAGs
[2025-01-16T15:52:15.224+0000] {logging_mixin.py:190} INFO - [2025-01-16T15:52:15.224+0000] {dag.py:4180} INFO - Setting next_dagrun for example_xcom to 2021-01-01 00:00:00+00:00, run_after=2021-01-01 00:00:00+00:00
[2025-01-16T15:52:15.236+0000] {processor.py:208} INFO - Processing /home/airflow/.local/lib/python3.12/site-packages/airflow/example_dags/example_xcom.py took 0.060 seconds
[2025-01-16T15:52:46.222+0000] {processor.py:186} INFO - Started process (PID=11051) to work on /home/airflow/.local/lib/python3.12/site-packages/airflow/example_dags/example_xcom.py
[2025-01-16T15:52:46.223+0000] {processor.py:914} INFO - Processing file /home/airflow/.local/lib/python3.12/site-packages/airflow/example_dags/example_xcom.py for tasks to queue
[2025-01-16T15:52:46.225+0000] {logging_mixin.py:190} INFO - [2025-01-16T15:52:46.224+0000] {dagbag.py:588} INFO - Filling up the DagBag from /home/airflow/.local/lib/python3.12/site-packages/airflow/example_dags/example_xcom.py
[2025-01-16T15:52:46.231+0000] {processor.py:925} INFO - DAG(s) 'example_xcom' retrieved from /home/airflow/.local/lib/python3.12/site-packages/airflow/example_dags/example_xcom.py
[2025-01-16T15:52:46.249+0000] {logging_mixin.py:190} INFO - [2025-01-16T15:52:46.249+0000] {dag.py:3239} INFO - Sync 1 DAGs
[2025-01-16T15:52:46.271+0000] {logging_mixin.py:190} INFO - [2025-01-16T15:52:46.271+0000] {dag.py:4180} INFO - Setting next_dagrun for example_xcom to 2021-01-01 00:00:00+00:00, run_after=2021-01-01 00:00:00+00:00
[2025-01-16T15:52:46.294+0000] {processor.py:208} INFO - Processing /home/airflow/.local/lib/python3.12/site-packages/airflow/example_dags/example_xcom.py took 0.076 seconds
[2025-01-16T15:53:17.826+0000] {processor.py:186} INFO - Started process (PID=11355) to work on /home/airflow/.local/lib/python3.12/site-packages/airflow/example_dags/example_xcom.py
[2025-01-16T15:53:17.827+0000] {processor.py:914} INFO - Processing file /home/airflow/.local/lib/python3.12/site-packages/airflow/example_dags/example_xcom.py for tasks to queue
[2025-01-16T15:53:17.829+0000] {logging_mixin.py:190} INFO - [2025-01-16T15:53:17.828+0000] {dagbag.py:588} INFO - Filling up the DagBag from /home/airflow/.local/lib/python3.12/site-packages/airflow/example_dags/example_xcom.py
[2025-01-16T15:53:17.835+0000] {processor.py:925} INFO - DAG(s) 'example_xcom' retrieved from /home/airflow/.local/lib/python3.12/site-packages/airflow/example_dags/example_xcom.py
[2025-01-16T15:53:17.850+0000] {logging_mixin.py:190} INFO - [2025-01-16T15:53:17.850+0000] {dag.py:3239} INFO - Sync 1 DAGs
[2025-01-16T15:53:17.867+0000] {logging_mixin.py:190} INFO - [2025-01-16T15:53:17.867+0000] {dag.py:4180} INFO - Setting next_dagrun for example_xcom to 2021-01-01 00:00:00+00:00, run_after=2021-01-01 00:00:00+00:00
[2025-01-16T15:53:17.879+0000] {processor.py:208} INFO - Processing /home/airflow/.local/lib/python3.12/site-packages/airflow/example_dags/example_xcom.py took 0.058 seconds
[2025-01-16T15:53:48.490+0000] {processor.py:186} INFO - Started process (PID=11653) to work on /home/airflow/.local/lib/python3.12/site-packages/airflow/example_dags/example_xcom.py
[2025-01-16T15:53:48.491+0000] {processor.py:914} INFO - Processing file /home/airflow/.local/lib/python3.12/site-packages/airflow/example_dags/example_xcom.py for tasks to queue
[2025-01-16T15:53:48.493+0000] {logging_mixin.py:190} INFO - [2025-01-16T15:53:48.492+0000] {dagbag.py:588} INFO - Filling up the DagBag from /home/airflow/.local/lib/python3.12/site-packages/airflow/example_dags/example_xcom.py
[2025-01-16T15:53:48.500+0000] {processor.py:925} INFO - DAG(s) 'example_xcom' retrieved from /home/airflow/.local/lib/python3.12/site-packages/airflow/example_dags/example_xcom.py
[2025-01-16T15:53:48.515+0000] {logging_mixin.py:190} INFO - [2025-01-16T15:53:48.515+0000] {dag.py:3239} INFO - Sync 1 DAGs
[2025-01-16T15:53:48.532+0000] {logging_mixin.py:190} INFO - [2025-01-16T15:53:48.531+0000] {dag.py:4180} INFO - Setting next_dagrun for example_xcom to 2021-01-01 00:00:00+00:00, run_after=2021-01-01 00:00:00+00:00
[2025-01-16T15:53:48.543+0000] {processor.py:208} INFO - Processing /home/airflow/.local/lib/python3.12/site-packages/airflow/example_dags/example_xcom.py took 0.057 seconds
[2025-01-16T15:54:19.146+0000] {processor.py:186} INFO - Started process (PID=11947) to work on /home/airflow/.local/lib/python3.12/site-packages/airflow/example_dags/example_xcom.py
[2025-01-16T15:54:19.147+0000] {processor.py:914} INFO - Processing file /home/airflow/.local/lib/python3.12/site-packages/airflow/example_dags/example_xcom.py for tasks to queue
[2025-01-16T15:54:19.148+0000] {logging_mixin.py:190} INFO - [2025-01-16T15:54:19.148+0000] {dagbag.py:588} INFO - Filling up the DagBag from /home/airflow/.local/lib/python3.12/site-packages/airflow/example_dags/example_xcom.py
[2025-01-16T15:54:19.156+0000] {processor.py:925} INFO - DAG(s) 'example_xcom' retrieved from /home/airflow/.local/lib/python3.12/site-packages/airflow/example_dags/example_xcom.py
[2025-01-16T15:54:19.170+0000] {logging_mixin.py:190} INFO - [2025-01-16T15:54:19.170+0000] {dag.py:3239} INFO - Sync 1 DAGs
[2025-01-16T15:54:19.186+0000] {logging_mixin.py:190} INFO - [2025-01-16T15:54:19.186+0000] {dag.py:4180} INFO - Setting next_dagrun for example_xcom to 2021-01-01 00:00:00+00:00, run_after=2021-01-01 00:00:00+00:00
[2025-01-16T15:54:19.198+0000] {processor.py:208} INFO - Processing /home/airflow/.local/lib/python3.12/site-packages/airflow/example_dags/example_xcom.py took 0.056 seconds
[2025-01-16T15:54:49.781+0000] {processor.py:186} INFO - Started process (PID=12243) to work on /home/airflow/.local/lib/python3.12/site-packages/airflow/example_dags/example_xcom.py
[2025-01-16T15:54:49.781+0000] {processor.py:914} INFO - Processing file /home/airflow/.local/lib/python3.12/site-packages/airflow/example_dags/example_xcom.py for tasks to queue
[2025-01-16T15:54:49.783+0000] {logging_mixin.py:190} INFO - [2025-01-16T15:54:49.782+0000] {dagbag.py:588} INFO - Filling up the DagBag from /home/airflow/.local/lib/python3.12/site-packages/airflow/example_dags/example_xcom.py
[2025-01-16T15:54:49.789+0000] {processor.py:925} INFO - DAG(s) 'example_xcom' retrieved from /home/airflow/.local/lib/python3.12/site-packages/airflow/example_dags/example_xcom.py
[2025-01-16T15:54:49.803+0000] {logging_mixin.py:190} INFO - [2025-01-16T15:54:49.803+0000] {dag.py:3239} INFO - Sync 1 DAGs
[2025-01-16T15:54:49.819+0000] {logging_mixin.py:190} INFO - [2025-01-16T15:54:49.818+0000] {dag.py:4180} INFO - Setting next_dagrun for example_xcom to 2021-01-01 00:00:00+00:00, run_after=2021-01-01 00:00:00+00:00
[2025-01-16T15:54:49.830+0000] {processor.py:208} INFO - Processing /home/airflow/.local/lib/python3.12/site-packages/airflow/example_dags/example_xcom.py took 0.054 seconds
[2025-01-16T15:55:20.582+0000] {processor.py:186} INFO - Started process (PID=12539) to work on /home/airflow/.local/lib/python3.12/site-packages/airflow/example_dags/example_xcom.py
[2025-01-16T15:55:20.583+0000] {processor.py:914} INFO - Processing file /home/airflow/.local/lib/python3.12/site-packages/airflow/example_dags/example_xcom.py for tasks to queue
[2025-01-16T15:55:20.584+0000] {logging_mixin.py:190} INFO - [2025-01-16T15:55:20.584+0000] {dagbag.py:588} INFO - Filling up the DagBag from /home/airflow/.local/lib/python3.12/site-packages/airflow/example_dags/example_xcom.py
[2025-01-16T15:55:20.592+0000] {processor.py:925} INFO - DAG(s) 'example_xcom' retrieved from /home/airflow/.local/lib/python3.12/site-packages/airflow/example_dags/example_xcom.py
[2025-01-16T15:55:20.607+0000] {logging_mixin.py:190} INFO - [2025-01-16T15:55:20.607+0000] {dag.py:3239} INFO - Sync 1 DAGs
[2025-01-16T15:55:20.624+0000] {logging_mixin.py:190} INFO - [2025-01-16T15:55:20.624+0000] {dag.py:4180} INFO - Setting next_dagrun for example_xcom to 2021-01-01 00:00:00+00:00, run_after=2021-01-01 00:00:00+00:00
[2025-01-16T15:55:20.637+0000] {processor.py:208} INFO - Processing /home/airflow/.local/lib/python3.12/site-packages/airflow/example_dags/example_xcom.py took 0.059 seconds
[2025-01-16T15:55:51.384+0000] {processor.py:186} INFO - Started process (PID=12837) to work on /home/airflow/.local/lib/python3.12/site-packages/airflow/example_dags/example_xcom.py
[2025-01-16T15:55:51.385+0000] {processor.py:914} INFO - Processing file /home/airflow/.local/lib/python3.12/site-packages/airflow/example_dags/example_xcom.py for tasks to queue
[2025-01-16T15:55:51.387+0000] {logging_mixin.py:190} INFO - [2025-01-16T15:55:51.387+0000] {dagbag.py:588} INFO - Filling up the DagBag from /home/airflow/.local/lib/python3.12/site-packages/airflow/example_dags/example_xcom.py
[2025-01-16T15:55:51.393+0000] {processor.py:925} INFO - DAG(s) 'example_xcom' retrieved from /home/airflow/.local/lib/python3.12/site-packages/airflow/example_dags/example_xcom.py
[2025-01-16T15:55:51.408+0000] {logging_mixin.py:190} INFO - [2025-01-16T15:55:51.408+0000] {dag.py:3239} INFO - Sync 1 DAGs
[2025-01-16T15:55:51.435+0000] {logging_mixin.py:190} INFO - [2025-01-16T15:55:51.435+0000] {dag.py:4180} INFO - Setting next_dagrun for example_xcom to 2021-01-01 00:00:00+00:00, run_after=2021-01-01 00:00:00+00:00
[2025-01-16T15:55:51.449+0000] {processor.py:208} INFO - Processing /home/airflow/.local/lib/python3.12/site-packages/airflow/example_dags/example_xcom.py took 0.069 seconds
[2025-01-16T15:56:22.321+0000] {processor.py:186} INFO - Started process (PID=13131) to work on /home/airflow/.local/lib/python3.12/site-packages/airflow/example_dags/example_xcom.py
[2025-01-16T15:56:22.322+0000] {processor.py:914} INFO - Processing file /home/airflow/.local/lib/python3.12/site-packages/airflow/example_dags/example_xcom.py for tasks to queue
[2025-01-16T15:56:22.324+0000] {logging_mixin.py:190} INFO - [2025-01-16T15:56:22.324+0000] {dagbag.py:588} INFO - Filling up the DagBag from /home/airflow/.local/lib/python3.12/site-packages/airflow/example_dags/example_xcom.py
[2025-01-16T15:56:22.330+0000] {processor.py:925} INFO - DAG(s) 'example_xcom' retrieved from /home/airflow/.local/lib/python3.12/site-packages/airflow/example_dags/example_xcom.py
[2025-01-16T15:56:22.347+0000] {logging_mixin.py:190} INFO - [2025-01-16T15:56:22.347+0000] {dag.py:3239} INFO - Sync 1 DAGs
[2025-01-16T15:56:22.365+0000] {logging_mixin.py:190} INFO - [2025-01-16T15:56:22.365+0000] {dag.py:4180} INFO - Setting next_dagrun for example_xcom to 2021-01-01 00:00:00+00:00, run_after=2021-01-01 00:00:00+00:00
[2025-01-16T15:56:22.378+0000] {processor.py:208} INFO - Processing /home/airflow/.local/lib/python3.12/site-packages/airflow/example_dags/example_xcom.py took 0.061 seconds
[2025-01-16T15:56:53.194+0000] {processor.py:186} INFO - Started process (PID=13422) to work on /home/airflow/.local/lib/python3.12/site-packages/airflow/example_dags/example_xcom.py
[2025-01-16T15:56:53.195+0000] {processor.py:914} INFO - Processing file /home/airflow/.local/lib/python3.12/site-packages/airflow/example_dags/example_xcom.py for tasks to queue
[2025-01-16T15:56:53.197+0000] {logging_mixin.py:190} INFO - [2025-01-16T15:56:53.196+0000] {dagbag.py:588} INFO - Filling up the DagBag from /home/airflow/.local/lib/python3.12/site-packages/airflow/example_dags/example_xcom.py
[2025-01-16T15:56:53.204+0000] {processor.py:925} INFO - DAG(s) 'example_xcom' retrieved from /home/airflow/.local/lib/python3.12/site-packages/airflow/example_dags/example_xcom.py
[2025-01-16T15:56:53.223+0000] {logging_mixin.py:190} INFO - [2025-01-16T15:56:53.223+0000] {dag.py:3239} INFO - Sync 1 DAGs
[2025-01-16T15:56:53.242+0000] {logging_mixin.py:190} INFO - [2025-01-16T15:56:53.241+0000] {dag.py:4180} INFO - Setting next_dagrun for example_xcom to 2021-01-01 00:00:00+00:00, run_after=2021-01-01 00:00:00+00:00
[2025-01-16T15:56:53.255+0000] {processor.py:208} INFO - Processing /home/airflow/.local/lib/python3.12/site-packages/airflow/example_dags/example_xcom.py took 0.065 seconds
[2025-01-16T15:57:24.174+0000] {processor.py:186} INFO - Started process (PID=13723) to work on /home/airflow/.local/lib/python3.12/site-packages/airflow/example_dags/example_xcom.py
[2025-01-16T15:57:24.174+0000] {processor.py:914} INFO - Processing file /home/airflow/.local/lib/python3.12/site-packages/airflow/example_dags/example_xcom.py for tasks to queue
[2025-01-16T15:57:24.176+0000] {logging_mixin.py:190} INFO - [2025-01-16T15:57:24.176+0000] {dagbag.py:588} INFO - Filling up the DagBag from /home/airflow/.local/lib/python3.12/site-packages/airflow/example_dags/example_xcom.py
[2025-01-16T15:57:24.184+0000] {processor.py:925} INFO - DAG(s) 'example_xcom' retrieved from /home/airflow/.local/lib/python3.12/site-packages/airflow/example_dags/example_xcom.py
[2025-01-16T15:57:24.201+0000] {logging_mixin.py:190} INFO - [2025-01-16T15:57:24.201+0000] {dag.py:3239} INFO - Sync 1 DAGs
[2025-01-16T15:57:24.222+0000] {logging_mixin.py:190} INFO - [2025-01-16T15:57:24.222+0000] {dag.py:4180} INFO - Setting next_dagrun for example_xcom to 2021-01-01 00:00:00+00:00, run_after=2021-01-01 00:00:00+00:00
[2025-01-16T15:57:24.235+0000] {processor.py:208} INFO - Processing /home/airflow/.local/lib/python3.12/site-packages/airflow/example_dags/example_xcom.py took 0.067 seconds
[2025-01-16T15:57:55.189+0000] {processor.py:186} INFO - Started process (PID=14019) to work on /home/airflow/.local/lib/python3.12/site-packages/airflow/example_dags/example_xcom.py
[2025-01-16T15:57:55.190+0000] {processor.py:914} INFO - Processing file /home/airflow/.local/lib/python3.12/site-packages/airflow/example_dags/example_xcom.py for tasks to queue
[2025-01-16T15:57:55.191+0000] {logging_mixin.py:190} INFO - [2025-01-16T15:57:55.191+0000] {dagbag.py:588} INFO - Filling up the DagBag from /home/airflow/.local/lib/python3.12/site-packages/airflow/example_dags/example_xcom.py
[2025-01-16T15:57:55.199+0000] {processor.py:925} INFO - DAG(s) 'example_xcom' retrieved from /home/airflow/.local/lib/python3.12/site-packages/airflow/example_dags/example_xcom.py
[2025-01-16T15:57:55.216+0000] {logging_mixin.py:190} INFO - [2025-01-16T15:57:55.216+0000] {dag.py:3239} INFO - Sync 1 DAGs
[2025-01-16T15:57:55.234+0000] {logging_mixin.py:190} INFO - [2025-01-16T15:57:55.234+0000] {dag.py:4180} INFO - Setting next_dagrun for example_xcom to 2021-01-01 00:00:00+00:00, run_after=2021-01-01 00:00:00+00:00
[2025-01-16T15:57:55.249+0000] {processor.py:208} INFO - Processing /home/airflow/.local/lib/python3.12/site-packages/airflow/example_dags/example_xcom.py took 0.065 seconds
[2025-01-16T15:58:26.481+0000] {processor.py:186} INFO - Started process (PID=14312) to work on /home/airflow/.local/lib/python3.12/site-packages/airflow/example_dags/example_xcom.py
[2025-01-16T15:58:26.482+0000] {processor.py:914} INFO - Processing file /home/airflow/.local/lib/python3.12/site-packages/airflow/example_dags/example_xcom.py for tasks to queue
[2025-01-16T15:58:26.484+0000] {logging_mixin.py:190} INFO - [2025-01-16T15:58:26.484+0000] {dagbag.py:588} INFO - Filling up the DagBag from /home/airflow/.local/lib/python3.12/site-packages/airflow/example_dags/example_xcom.py
[2025-01-16T15:58:26.491+0000] {processor.py:925} INFO - DAG(s) 'example_xcom' retrieved from /home/airflow/.local/lib/python3.12/site-packages/airflow/example_dags/example_xcom.py
[2025-01-16T15:58:26.510+0000] {logging_mixin.py:190} INFO - [2025-01-16T15:58:26.510+0000] {dag.py:3239} INFO - Sync 1 DAGs
[2025-01-16T15:58:26.531+0000] {logging_mixin.py:190} INFO - [2025-01-16T15:58:26.530+0000] {dag.py:4180} INFO - Setting next_dagrun for example_xcom to 2021-01-01 00:00:00+00:00, run_after=2021-01-01 00:00:00+00:00
[2025-01-16T15:58:26.545+0000] {processor.py:208} INFO - Processing /home/airflow/.local/lib/python3.12/site-packages/airflow/example_dags/example_xcom.py took 0.069 seconds
[2025-01-16T15:58:57.704+0000] {processor.py:186} INFO - Started process (PID=14607) to work on /home/airflow/.local/lib/python3.12/site-packages/airflow/example_dags/example_xcom.py
[2025-01-16T15:58:57.705+0000] {processor.py:914} INFO - Processing file /home/airflow/.local/lib/python3.12/site-packages/airflow/example_dags/example_xcom.py for tasks to queue
[2025-01-16T15:58:57.706+0000] {logging_mixin.py:190} INFO - [2025-01-16T15:58:57.706+0000] {dagbag.py:588} INFO - Filling up the DagBag from /home/airflow/.local/lib/python3.12/site-packages/airflow/example_dags/example_xcom.py
[2025-01-16T15:58:57.713+0000] {processor.py:925} INFO - DAG(s) 'example_xcom' retrieved from /home/airflow/.local/lib/python3.12/site-packages/airflow/example_dags/example_xcom.py
[2025-01-16T15:58:57.729+0000] {logging_mixin.py:190} INFO - [2025-01-16T15:58:57.729+0000] {dag.py:3239} INFO - Sync 1 DAGs
[2025-01-16T15:58:57.746+0000] {logging_mixin.py:190} INFO - [2025-01-16T15:58:57.746+0000] {dag.py:4180} INFO - Setting next_dagrun for example_xcom to 2021-01-01 00:00:00+00:00, run_after=2021-01-01 00:00:00+00:00
[2025-01-16T15:58:57.759+0000] {processor.py:208} INFO - Processing /home/airflow/.local/lib/python3.12/site-packages/airflow/example_dags/example_xcom.py took 0.059 seconds
[2025-01-16T15:59:28.807+0000] {processor.py:186} INFO - Started process (PID=14902) to work on /home/airflow/.local/lib/python3.12/site-packages/airflow/example_dags/example_xcom.py
[2025-01-16T15:59:28.808+0000] {processor.py:914} INFO - Processing file /home/airflow/.local/lib/python3.12/site-packages/airflow/example_dags/example_xcom.py for tasks to queue
[2025-01-16T15:59:28.809+0000] {logging_mixin.py:190} INFO - [2025-01-16T15:59:28.809+0000] {dagbag.py:588} INFO - Filling up the DagBag from /home/airflow/.local/lib/python3.12/site-packages/airflow/example_dags/example_xcom.py
[2025-01-16T15:59:28.816+0000] {processor.py:925} INFO - DAG(s) 'example_xcom' retrieved from /home/airflow/.local/lib/python3.12/site-packages/airflow/example_dags/example_xcom.py
[2025-01-16T15:59:28.830+0000] {logging_mixin.py:190} INFO - [2025-01-16T15:59:28.830+0000] {dag.py:3239} INFO - Sync 1 DAGs
[2025-01-16T15:59:28.846+0000] {logging_mixin.py:190} INFO - [2025-01-16T15:59:28.846+0000] {dag.py:4180} INFO - Setting next_dagrun for example_xcom to 2021-01-01 00:00:00+00:00, run_after=2021-01-01 00:00:00+00:00
[2025-01-16T15:59:28.858+0000] {processor.py:208} INFO - Processing /home/airflow/.local/lib/python3.12/site-packages/airflow/example_dags/example_xcom.py took 0.055 seconds
[2025-01-16T16:00:00.003+0000] {processor.py:186} INFO - Started process (PID=15198) to work on /home/airflow/.local/lib/python3.12/site-packages/airflow/example_dags/example_xcom.py
[2025-01-16T16:00:00.004+0000] {processor.py:914} INFO - Processing file /home/airflow/.local/lib/python3.12/site-packages/airflow/example_dags/example_xcom.py for tasks to queue
[2025-01-16T16:00:00.006+0000] {logging_mixin.py:190} INFO - [2025-01-16T16:00:00.005+0000] {dagbag.py:588} INFO - Filling up the DagBag from /home/airflow/.local/lib/python3.12/site-packages/airflow/example_dags/example_xcom.py
[2025-01-16T16:00:00.014+0000] {processor.py:925} INFO - DAG(s) 'example_xcom' retrieved from /home/airflow/.local/lib/python3.12/site-packages/airflow/example_dags/example_xcom.py
[2025-01-16T16:00:00.030+0000] {logging_mixin.py:190} INFO - [2025-01-16T16:00:00.030+0000] {dag.py:3239} INFO - Sync 1 DAGs
[2025-01-16T16:00:00.046+0000] {logging_mixin.py:190} INFO - [2025-01-16T16:00:00.046+0000] {dag.py:4180} INFO - Setting next_dagrun for example_xcom to 2021-01-01 00:00:00+00:00, run_after=2021-01-01 00:00:00+00:00
[2025-01-16T16:00:00.059+0000] {processor.py:208} INFO - Processing /home/airflow/.local/lib/python3.12/site-packages/airflow/example_dags/example_xcom.py took 0.060 seconds
[2025-01-16T16:00:33.736+0000] {processor.py:186} INFO - Started process (PID=15515) to work on /home/airflow/.local/lib/python3.12/site-packages/airflow/example_dags/example_xcom.py
[2025-01-16T16:00:33.737+0000] {processor.py:914} INFO - Processing file /home/airflow/.local/lib/python3.12/site-packages/airflow/example_dags/example_xcom.py for tasks to queue
[2025-01-16T16:00:33.739+0000] {logging_mixin.py:190} INFO - [2025-01-16T16:00:33.739+0000] {dagbag.py:588} INFO - Filling up the DagBag from /home/airflow/.local/lib/python3.12/site-packages/airflow/example_dags/example_xcom.py
[2025-01-16T16:00:33.746+0000] {processor.py:925} INFO - DAG(s) 'example_xcom' retrieved from /home/airflow/.local/lib/python3.12/site-packages/airflow/example_dags/example_xcom.py
[2025-01-16T16:00:33.762+0000] {logging_mixin.py:190} INFO - [2025-01-16T16:00:33.762+0000] {dag.py:3239} INFO - Sync 1 DAGs
[2025-01-16T16:00:33.779+0000] {logging_mixin.py:190} INFO - [2025-01-16T16:00:33.778+0000] {dag.py:4180} INFO - Setting next_dagrun for example_xcom to 2021-01-01 00:00:00+00:00, run_after=2021-01-01 00:00:00+00:00
[2025-01-16T16:00:33.792+0000] {processor.py:208} INFO - Processing /home/airflow/.local/lib/python3.12/site-packages/airflow/example_dags/example_xcom.py took 0.060 seconds
[2025-01-16T16:01:04.438+0000] {processor.py:186} INFO - Started process (PID=15811) to work on /home/airflow/.local/lib/python3.12/site-packages/airflow/example_dags/example_xcom.py
[2025-01-16T16:01:04.438+0000] {processor.py:914} INFO - Processing file /home/airflow/.local/lib/python3.12/site-packages/airflow/example_dags/example_xcom.py for tasks to queue
[2025-01-16T16:01:04.440+0000] {logging_mixin.py:190} INFO - [2025-01-16T16:01:04.440+0000] {dagbag.py:588} INFO - Filling up the DagBag from /home/airflow/.local/lib/python3.12/site-packages/airflow/example_dags/example_xcom.py
[2025-01-16T16:01:04.447+0000] {processor.py:925} INFO - DAG(s) 'example_xcom' retrieved from /home/airflow/.local/lib/python3.12/site-packages/airflow/example_dags/example_xcom.py
[2025-01-16T16:01:04.464+0000] {logging_mixin.py:190} INFO - [2025-01-16T16:01:04.464+0000] {dag.py:3239} INFO - Sync 1 DAGs
[2025-01-16T16:01:04.484+0000] {logging_mixin.py:190} INFO - [2025-01-16T16:01:04.484+0000] {dag.py:4180} INFO - Setting next_dagrun for example_xcom to 2021-01-01 00:00:00+00:00, run_after=2021-01-01 00:00:00+00:00
[2025-01-16T16:01:04.499+0000] {processor.py:208} INFO - Processing /home/airflow/.local/lib/python3.12/site-packages/airflow/example_dags/example_xcom.py took 0.066 seconds
[2025-01-16T16:01:35.584+0000] {processor.py:186} INFO - Started process (PID=16107) to work on /home/airflow/.local/lib/python3.12/site-packages/airflow/example_dags/example_xcom.py
[2025-01-16T16:01:35.584+0000] {processor.py:914} INFO - Processing file /home/airflow/.local/lib/python3.12/site-packages/airflow/example_dags/example_xcom.py for tasks to queue
[2025-01-16T16:01:35.586+0000] {logging_mixin.py:190} INFO - [2025-01-16T16:01:35.586+0000] {dagbag.py:588} INFO - Filling up the DagBag from /home/airflow/.local/lib/python3.12/site-packages/airflow/example_dags/example_xcom.py
[2025-01-16T16:01:35.593+0000] {processor.py:925} INFO - DAG(s) 'example_xcom' retrieved from /home/airflow/.local/lib/python3.12/site-packages/airflow/example_dags/example_xcom.py
[2025-01-16T16:01:35.609+0000] {logging_mixin.py:190} INFO - [2025-01-16T16:01:35.609+0000] {dag.py:3239} INFO - Sync 1 DAGs
[2025-01-16T16:01:35.626+0000] {logging_mixin.py:190} INFO - [2025-01-16T16:01:35.626+0000] {dag.py:4180} INFO - Setting next_dagrun for example_xcom to 2021-01-01 00:00:00+00:00, run_after=2021-01-01 00:00:00+00:00
[2025-01-16T16:01:35.641+0000] {processor.py:208} INFO - Processing /home/airflow/.local/lib/python3.12/site-packages/airflow/example_dags/example_xcom.py took 0.061 seconds
[2025-01-16T16:02:06.453+0000] {processor.py:186} INFO - Started process (PID=16403) to work on /home/airflow/.local/lib/python3.12/site-packages/airflow/example_dags/example_xcom.py
[2025-01-16T16:02:06.454+0000] {processor.py:914} INFO - Processing file /home/airflow/.local/lib/python3.12/site-packages/airflow/example_dags/example_xcom.py for tasks to queue
[2025-01-16T16:02:06.455+0000] {logging_mixin.py:190} INFO - [2025-01-16T16:02:06.455+0000] {dagbag.py:588} INFO - Filling up the DagBag from /home/airflow/.local/lib/python3.12/site-packages/airflow/example_dags/example_xcom.py
[2025-01-16T16:02:06.462+0000] {processor.py:925} INFO - DAG(s) 'example_xcom' retrieved from /home/airflow/.local/lib/python3.12/site-packages/airflow/example_dags/example_xcom.py
[2025-01-16T16:02:06.478+0000] {logging_mixin.py:190} INFO - [2025-01-16T16:02:06.478+0000] {dag.py:3239} INFO - Sync 1 DAGs
[2025-01-16T16:02:06.495+0000] {logging_mixin.py:190} INFO - [2025-01-16T16:02:06.495+0000] {dag.py:4180} INFO - Setting next_dagrun for example_xcom to 2021-01-01 00:00:00+00:00, run_after=2021-01-01 00:00:00+00:00
[2025-01-16T16:02:06.510+0000] {processor.py:208} INFO - Processing /home/airflow/.local/lib/python3.12/site-packages/airflow/example_dags/example_xcom.py took 0.061 seconds
[2025-01-16T16:02:37.178+0000] {processor.py:186} INFO - Started process (PID=16704) to work on /home/airflow/.local/lib/python3.12/site-packages/airflow/example_dags/example_xcom.py
[2025-01-16T16:02:37.179+0000] {processor.py:914} INFO - Processing file /home/airflow/.local/lib/python3.12/site-packages/airflow/example_dags/example_xcom.py for tasks to queue
[2025-01-16T16:02:37.181+0000] {logging_mixin.py:190} INFO - [2025-01-16T16:02:37.180+0000] {dagbag.py:588} INFO - Filling up the DagBag from /home/airflow/.local/lib/python3.12/site-packages/airflow/example_dags/example_xcom.py
[2025-01-16T16:02:37.187+0000] {processor.py:925} INFO - DAG(s) 'example_xcom' retrieved from /home/airflow/.local/lib/python3.12/site-packages/airflow/example_dags/example_xcom.py
[2025-01-16T16:02:37.204+0000] {logging_mixin.py:190} INFO - [2025-01-16T16:02:37.204+0000] {dag.py:3239} INFO - Sync 1 DAGs
[2025-01-16T16:02:37.222+0000] {logging_mixin.py:190} INFO - [2025-01-16T16:02:37.221+0000] {dag.py:4180} INFO - Setting next_dagrun for example_xcom to 2021-01-01 00:00:00+00:00, run_after=2021-01-01 00:00:00+00:00
[2025-01-16T16:02:37.234+0000] {processor.py:208} INFO - Processing /home/airflow/.local/lib/python3.12/site-packages/airflow/example_dags/example_xcom.py took 0.060 seconds
[2025-01-16T16:03:08.088+0000] {processor.py:186} INFO - Started process (PID=17017) to work on /home/airflow/.local/lib/python3.12/site-packages/airflow/example_dags/example_xcom.py
[2025-01-16T16:03:08.089+0000] {processor.py:914} INFO - Processing file /home/airflow/.local/lib/python3.12/site-packages/airflow/example_dags/example_xcom.py for tasks to queue
[2025-01-16T16:03:08.091+0000] {logging_mixin.py:190} INFO - [2025-01-16T16:03:08.091+0000] {dagbag.py:588} INFO - Filling up the DagBag from /home/airflow/.local/lib/python3.12/site-packages/airflow/example_dags/example_xcom.py
[2025-01-16T16:03:08.098+0000] {processor.py:925} INFO - DAG(s) 'example_xcom' retrieved from /home/airflow/.local/lib/python3.12/site-packages/airflow/example_dags/example_xcom.py
[2025-01-16T16:03:08.115+0000] {logging_mixin.py:190} INFO - [2025-01-16T16:03:08.114+0000] {dag.py:3239} INFO - Sync 1 DAGs
[2025-01-16T16:03:08.133+0000] {logging_mixin.py:190} INFO - [2025-01-16T16:03:08.132+0000] {dag.py:4180} INFO - Setting next_dagrun for example_xcom to 2021-01-01 00:00:00+00:00, run_after=2021-01-01 00:00:00+00:00
[2025-01-16T16:03:08.147+0000] {processor.py:208} INFO - Processing /home/airflow/.local/lib/python3.12/site-packages/airflow/example_dags/example_xcom.py took 0.063 seconds
[2025-01-16T16:03:38.703+0000] {processor.py:186} INFO - Started process (PID=17311) to work on /home/airflow/.local/lib/python3.12/site-packages/airflow/example_dags/example_xcom.py
[2025-01-16T16:03:38.704+0000] {processor.py:914} INFO - Processing file /home/airflow/.local/lib/python3.12/site-packages/airflow/example_dags/example_xcom.py for tasks to queue
[2025-01-16T16:03:38.705+0000] {logging_mixin.py:190} INFO - [2025-01-16T16:03:38.705+0000] {dagbag.py:588} INFO - Filling up the DagBag from /home/airflow/.local/lib/python3.12/site-packages/airflow/example_dags/example_xcom.py
[2025-01-16T16:03:38.714+0000] {processor.py:925} INFO - DAG(s) 'example_xcom' retrieved from /home/airflow/.local/lib/python3.12/site-packages/airflow/example_dags/example_xcom.py
[2025-01-16T16:03:38.732+0000] {logging_mixin.py:190} INFO - [2025-01-16T16:03:38.732+0000] {dag.py:3239} INFO - Sync 1 DAGs
[2025-01-16T16:03:38.752+0000] {logging_mixin.py:190} INFO - [2025-01-16T16:03:38.752+0000] {dag.py:4180} INFO - Setting next_dagrun for example_xcom to 2021-01-01 00:00:00+00:00, run_after=2021-01-01 00:00:00+00:00
[2025-01-16T16:03:38.768+0000] {processor.py:208} INFO - Processing /home/airflow/.local/lib/python3.12/site-packages/airflow/example_dags/example_xcom.py took 0.070 seconds
[2025-01-16T16:04:09.504+0000] {processor.py:186} INFO - Started process (PID=17607) to work on /home/airflow/.local/lib/python3.12/site-packages/airflow/example_dags/example_xcom.py
[2025-01-16T16:04:09.505+0000] {processor.py:914} INFO - Processing file /home/airflow/.local/lib/python3.12/site-packages/airflow/example_dags/example_xcom.py for tasks to queue
[2025-01-16T16:04:09.507+0000] {logging_mixin.py:190} INFO - [2025-01-16T16:04:09.507+0000] {dagbag.py:588} INFO - Filling up the DagBag from /home/airflow/.local/lib/python3.12/site-packages/airflow/example_dags/example_xcom.py
[2025-01-16T16:04:09.517+0000] {processor.py:925} INFO - DAG(s) 'example_xcom' retrieved from /home/airflow/.local/lib/python3.12/site-packages/airflow/example_dags/example_xcom.py
[2025-01-16T16:04:09.534+0000] {logging_mixin.py:190} INFO - [2025-01-16T16:04:09.534+0000] {dag.py:3239} INFO - Sync 1 DAGs
[2025-01-16T16:04:09.554+0000] {logging_mixin.py:190} INFO - [2025-01-16T16:04:09.553+0000] {dag.py:4180} INFO - Setting next_dagrun for example_xcom to 2021-01-01 00:00:00+00:00, run_after=2021-01-01 00:00:00+00:00
[2025-01-16T16:04:09.567+0000] {processor.py:208} INFO - Processing /home/airflow/.local/lib/python3.12/site-packages/airflow/example_dags/example_xcom.py took 0.069 seconds
[2025-01-16T16:04:40.967+0000] {processor.py:186} INFO - Started process (PID=17903) to work on /home/airflow/.local/lib/python3.12/site-packages/airflow/example_dags/example_xcom.py
[2025-01-16T16:04:40.968+0000] {processor.py:914} INFO - Processing file /home/airflow/.local/lib/python3.12/site-packages/airflow/example_dags/example_xcom.py for tasks to queue
[2025-01-16T16:04:40.970+0000] {logging_mixin.py:190} INFO - [2025-01-16T16:04:40.969+0000] {dagbag.py:588} INFO - Filling up the DagBag from /home/airflow/.local/lib/python3.12/site-packages/airflow/example_dags/example_xcom.py
[2025-01-16T16:04:40.977+0000] {processor.py:925} INFO - DAG(s) 'example_xcom' retrieved from /home/airflow/.local/lib/python3.12/site-packages/airflow/example_dags/example_xcom.py
[2025-01-16T16:04:40.993+0000] {logging_mixin.py:190} INFO - [2025-01-16T16:04:40.993+0000] {dag.py:3239} INFO - Sync 1 DAGs
[2025-01-16T16:04:41.009+0000] {logging_mixin.py:190} INFO - [2025-01-16T16:04:41.008+0000] {dag.py:4180} INFO - Setting next_dagrun for example_xcom to 2021-01-01 00:00:00+00:00, run_after=2021-01-01 00:00:00+00:00
[2025-01-16T16:04:41.021+0000] {processor.py:208} INFO - Processing /home/airflow/.local/lib/python3.12/site-packages/airflow/example_dags/example_xcom.py took 0.058 seconds
[2025-01-16T16:05:11.397+0000] {processor.py:186} INFO - Started process (PID=18199) to work on /home/airflow/.local/lib/python3.12/site-packages/airflow/example_dags/example_xcom.py
[2025-01-16T16:05:11.398+0000] {processor.py:914} INFO - Processing file /home/airflow/.local/lib/python3.12/site-packages/airflow/example_dags/example_xcom.py for tasks to queue
[2025-01-16T16:05:11.399+0000] {logging_mixin.py:190} INFO - [2025-01-16T16:05:11.398+0000] {dagbag.py:588} INFO - Filling up the DagBag from /home/airflow/.local/lib/python3.12/site-packages/airflow/example_dags/example_xcom.py
[2025-01-16T16:05:11.406+0000] {processor.py:925} INFO - DAG(s) 'example_xcom' retrieved from /home/airflow/.local/lib/python3.12/site-packages/airflow/example_dags/example_xcom.py
[2025-01-16T16:05:11.425+0000] {logging_mixin.py:190} INFO - [2025-01-16T16:05:11.425+0000] {dag.py:3239} INFO - Sync 1 DAGs
[2025-01-16T16:05:11.457+0000] {logging_mixin.py:190} INFO - [2025-01-16T16:05:11.457+0000] {dag.py:4180} INFO - Setting next_dagrun for example_xcom to 2021-01-01 00:00:00+00:00, run_after=2021-01-01 00:00:00+00:00
[2025-01-16T16:05:11.652+0000] {processor.py:208} INFO - Processing /home/airflow/.local/lib/python3.12/site-packages/airflow/example_dags/example_xcom.py took 0.260 seconds
[2025-01-16T16:05:42.642+0000] {processor.py:186} INFO - Started process (PID=18495) to work on /home/airflow/.local/lib/python3.12/site-packages/airflow/example_dags/example_xcom.py
[2025-01-16T16:05:42.643+0000] {processor.py:914} INFO - Processing file /home/airflow/.local/lib/python3.12/site-packages/airflow/example_dags/example_xcom.py for tasks to queue
[2025-01-16T16:05:42.644+0000] {logging_mixin.py:190} INFO - [2025-01-16T16:05:42.644+0000] {dagbag.py:588} INFO - Filling up the DagBag from /home/airflow/.local/lib/python3.12/site-packages/airflow/example_dags/example_xcom.py
[2025-01-16T16:05:42.651+0000] {processor.py:925} INFO - DAG(s) 'example_xcom' retrieved from /home/airflow/.local/lib/python3.12/site-packages/airflow/example_dags/example_xcom.py
[2025-01-16T16:05:42.669+0000] {logging_mixin.py:190} INFO - [2025-01-16T16:05:42.669+0000] {dag.py:3239} INFO - Sync 1 DAGs
[2025-01-16T16:05:42.687+0000] {logging_mixin.py:190} INFO - [2025-01-16T16:05:42.687+0000] {dag.py:4180} INFO - Setting next_dagrun for example_xcom to 2021-01-01 00:00:00+00:00, run_after=2021-01-01 00:00:00+00:00
[2025-01-16T16:05:42.701+0000] {processor.py:208} INFO - Processing /home/airflow/.local/lib/python3.12/site-packages/airflow/example_dags/example_xcom.py took 0.063 seconds
[2025-01-16T16:06:14.218+0000] {processor.py:186} INFO - Started process (PID=18791) to work on /home/airflow/.local/lib/python3.12/site-packages/airflow/example_dags/example_xcom.py
[2025-01-16T16:06:14.219+0000] {processor.py:914} INFO - Processing file /home/airflow/.local/lib/python3.12/site-packages/airflow/example_dags/example_xcom.py for tasks to queue
[2025-01-16T16:06:14.220+0000] {logging_mixin.py:190} INFO - [2025-01-16T16:06:14.220+0000] {dagbag.py:588} INFO - Filling up the DagBag from /home/airflow/.local/lib/python3.12/site-packages/airflow/example_dags/example_xcom.py
[2025-01-16T16:06:14.227+0000] {processor.py:925} INFO - DAG(s) 'example_xcom' retrieved from /home/airflow/.local/lib/python3.12/site-packages/airflow/example_dags/example_xcom.py
[2025-01-16T16:06:14.243+0000] {logging_mixin.py:190} INFO - [2025-01-16T16:06:14.243+0000] {dag.py:3239} INFO - Sync 1 DAGs
[2025-01-16T16:06:14.262+0000] {logging_mixin.py:190} INFO - [2025-01-16T16:06:14.261+0000] {dag.py:4180} INFO - Setting next_dagrun for example_xcom to 2021-01-01 00:00:00+00:00, run_after=2021-01-01 00:00:00+00:00
[2025-01-16T16:06:14.275+0000] {processor.py:208} INFO - Processing /home/airflow/.local/lib/python3.12/site-packages/airflow/example_dags/example_xcom.py took 0.060 seconds
[2025-01-16T16:06:45.580+0000] {processor.py:186} INFO - Started process (PID=19087) to work on /home/airflow/.local/lib/python3.12/site-packages/airflow/example_dags/example_xcom.py
[2025-01-16T16:06:45.581+0000] {processor.py:914} INFO - Processing file /home/airflow/.local/lib/python3.12/site-packages/airflow/example_dags/example_xcom.py for tasks to queue
[2025-01-16T16:06:45.582+0000] {logging_mixin.py:190} INFO - [2025-01-16T16:06:45.582+0000] {dagbag.py:588} INFO - Filling up the DagBag from /home/airflow/.local/lib/python3.12/site-packages/airflow/example_dags/example_xcom.py
[2025-01-16T16:06:45.589+0000] {processor.py:925} INFO - DAG(s) 'example_xcom' retrieved from /home/airflow/.local/lib/python3.12/site-packages/airflow/example_dags/example_xcom.py
[2025-01-16T16:06:45.607+0000] {logging_mixin.py:190} INFO - [2025-01-16T16:06:45.607+0000] {dag.py:3239} INFO - Sync 1 DAGs
[2025-01-16T16:06:45.626+0000] {logging_mixin.py:190} INFO - [2025-01-16T16:06:45.625+0000] {dag.py:4180} INFO - Setting next_dagrun for example_xcom to 2021-01-01 00:00:00+00:00, run_after=2021-01-01 00:00:00+00:00
[2025-01-16T16:06:45.640+0000] {processor.py:208} INFO - Processing /home/airflow/.local/lib/python3.12/site-packages/airflow/example_dags/example_xcom.py took 0.065 seconds
[2025-01-16T16:07:16.478+0000] {processor.py:186} INFO - Started process (PID=19383) to work on /home/airflow/.local/lib/python3.12/site-packages/airflow/example_dags/example_xcom.py
[2025-01-16T16:07:16.479+0000] {processor.py:914} INFO - Processing file /home/airflow/.local/lib/python3.12/site-packages/airflow/example_dags/example_xcom.py for tasks to queue
[2025-01-16T16:07:16.480+0000] {logging_mixin.py:190} INFO - [2025-01-16T16:07:16.480+0000] {dagbag.py:588} INFO - Filling up the DagBag from /home/airflow/.local/lib/python3.12/site-packages/airflow/example_dags/example_xcom.py
[2025-01-16T16:07:16.487+0000] {processor.py:925} INFO - DAG(s) 'example_xcom' retrieved from /home/airflow/.local/lib/python3.12/site-packages/airflow/example_dags/example_xcom.py
[2025-01-16T16:07:16.503+0000] {logging_mixin.py:190} INFO - [2025-01-16T16:07:16.503+0000] {dag.py:3239} INFO - Sync 1 DAGs
[2025-01-16T16:07:16.525+0000] {logging_mixin.py:190} INFO - [2025-01-16T16:07:16.525+0000] {dag.py:4180} INFO - Setting next_dagrun for example_xcom to 2021-01-01 00:00:00+00:00, run_after=2021-01-01 00:00:00+00:00
[2025-01-16T16:07:16.543+0000] {processor.py:208} INFO - Processing /home/airflow/.local/lib/python3.12/site-packages/airflow/example_dags/example_xcom.py took 0.069 seconds
[2025-01-16T16:07:47.319+0000] {processor.py:186} INFO - Started process (PID=19674) to work on /home/airflow/.local/lib/python3.12/site-packages/airflow/example_dags/example_xcom.py
[2025-01-16T16:07:47.320+0000] {processor.py:914} INFO - Processing file /home/airflow/.local/lib/python3.12/site-packages/airflow/example_dags/example_xcom.py for tasks to queue
[2025-01-16T16:07:47.321+0000] {logging_mixin.py:190} INFO - [2025-01-16T16:07:47.321+0000] {dagbag.py:588} INFO - Filling up the DagBag from /home/airflow/.local/lib/python3.12/site-packages/airflow/example_dags/example_xcom.py
[2025-01-16T16:07:47.328+0000] {processor.py:925} INFO - DAG(s) 'example_xcom' retrieved from /home/airflow/.local/lib/python3.12/site-packages/airflow/example_dags/example_xcom.py
[2025-01-16T16:07:47.344+0000] {logging_mixin.py:190} INFO - [2025-01-16T16:07:47.343+0000] {dag.py:3239} INFO - Sync 1 DAGs
[2025-01-16T16:07:47.361+0000] {logging_mixin.py:190} INFO - [2025-01-16T16:07:47.361+0000] {dag.py:4180} INFO - Setting next_dagrun for example_xcom to 2021-01-01 00:00:00+00:00, run_after=2021-01-01 00:00:00+00:00
[2025-01-16T16:07:47.374+0000] {processor.py:208} INFO - Processing /home/airflow/.local/lib/python3.12/site-packages/airflow/example_dags/example_xcom.py took 0.059 seconds
[2025-01-16T16:08:18.947+0000] {processor.py:186} INFO - Started process (PID=19977) to work on /home/airflow/.local/lib/python3.12/site-packages/airflow/example_dags/example_xcom.py
[2025-01-16T16:08:18.948+0000] {processor.py:914} INFO - Processing file /home/airflow/.local/lib/python3.12/site-packages/airflow/example_dags/example_xcom.py for tasks to queue
[2025-01-16T16:08:18.949+0000] {logging_mixin.py:190} INFO - [2025-01-16T16:08:18.949+0000] {dagbag.py:588} INFO - Filling up the DagBag from /home/airflow/.local/lib/python3.12/site-packages/airflow/example_dags/example_xcom.py
[2025-01-16T16:08:18.956+0000] {processor.py:925} INFO - DAG(s) 'example_xcom' retrieved from /home/airflow/.local/lib/python3.12/site-packages/airflow/example_dags/example_xcom.py
[2025-01-16T16:08:18.972+0000] {logging_mixin.py:190} INFO - [2025-01-16T16:08:18.972+0000] {dag.py:3239} INFO - Sync 1 DAGs
[2025-01-16T16:08:18.988+0000] {logging_mixin.py:190} INFO - [2025-01-16T16:08:18.988+0000] {dag.py:4180} INFO - Setting next_dagrun for example_xcom to 2021-01-01 00:00:00+00:00, run_after=2021-01-01 00:00:00+00:00
[2025-01-16T16:08:19.001+0000] {processor.py:208} INFO - Processing /home/airflow/.local/lib/python3.12/site-packages/airflow/example_dags/example_xcom.py took 0.058 seconds
