[2025-01-16T15:34:05.755+0000] {processor.py:186} INFO - Started process (PID=352) to work on /home/airflow/.local/lib/python3.12/site-packages/airflow/example_dags/example_display_name.py
[2025-01-16T15:34:05.756+0000] {processor.py:914} INFO - Processing file /home/airflow/.local/lib/python3.12/site-packages/airflow/example_dags/example_display_name.py for tasks to queue
[2025-01-16T15:34:05.758+0000] {logging_mixin.py:190} INFO - [2025-01-16T15:34:05.758+0000] {dagbag.py:588} INFO - Filling up the DagBag from /home/airflow/.local/lib/python3.12/site-packages/airflow/example_dags/example_display_name.py
[2025-01-16T15:34:05.765+0000] {processor.py:925} INFO - DAG(s) 'example_display_name' retrieved from /home/airflow/.local/lib/python3.12/site-packages/airflow/example_dags/example_display_name.py
[2025-01-16T15:34:05.881+0000] {logging_mixin.py:190} INFO - [2025-01-16T15:34:05.881+0000] {override.py:1911} INFO - Created Permission View: can edit on DAG:example_display_name
[2025-01-16T15:34:05.894+0000] {logging_mixin.py:190} INFO - [2025-01-16T15:34:05.893+0000] {override.py:1911} INFO - Created Permission View: can delete on DAG:example_display_name
[2025-01-16T15:34:05.899+0000] {logging_mixin.py:190} INFO - [2025-01-16T15:34:05.899+0000] {override.py:1911} INFO - Created Permission View: can read on DAG:example_display_name
[2025-01-16T15:34:05.906+0000] {logging_mixin.py:190} INFO - [2025-01-16T15:34:05.906+0000] {override.py:1911} INFO - Created Permission View: can create on DAG Run:example_display_name
[2025-01-16T15:34:05.912+0000] {logging_mixin.py:190} INFO - [2025-01-16T15:34:05.912+0000] {override.py:1911} INFO - Created Permission View: can delete on DAG Run:example_display_name
[2025-01-16T15:34:05.918+0000] {logging_mixin.py:190} INFO - [2025-01-16T15:34:05.918+0000] {override.py:1911} INFO - Created Permission View: menu access on DAG Run:example_display_name
[2025-01-16T15:34:05.925+0000] {logging_mixin.py:190} INFO - [2025-01-16T15:34:05.925+0000] {override.py:1911} INFO - Created Permission View: can read on DAG Run:example_display_name
[2025-01-16T15:34:05.926+0000] {logging_mixin.py:190} INFO - [2025-01-16T15:34:05.926+0000] {dag.py:3239} INFO - Sync 1 DAGs
[2025-01-16T15:34:05.954+0000] {logging_mixin.py:190} INFO - [2025-01-16T15:34:05.954+0000] {dag.py:3262} INFO - Creating ORM DAG for example_display_name
[2025-01-16T15:34:05.955+0000] {logging_mixin.py:190} INFO - [2025-01-16T15:34:05.955+0000] {dag.py:4180} INFO - Setting next_dagrun for example_display_name to None, run_after=None
[2025-01-16T15:34:05.972+0000] {processor.py:208} INFO - Processing /home/airflow/.local/lib/python3.12/site-packages/airflow/example_dags/example_display_name.py took 0.221 seconds
[2025-01-16T15:34:36.902+0000] {processor.py:186} INFO - Started process (PID=648) to work on /home/airflow/.local/lib/python3.12/site-packages/airflow/example_dags/example_display_name.py
[2025-01-16T15:34:36.903+0000] {processor.py:914} INFO - Processing file /home/airflow/.local/lib/python3.12/site-packages/airflow/example_dags/example_display_name.py for tasks to queue
[2025-01-16T15:34:36.906+0000] {logging_mixin.py:190} INFO - [2025-01-16T15:34:36.905+0000] {dagbag.py:588} INFO - Filling up the DagBag from /home/airflow/.local/lib/python3.12/site-packages/airflow/example_dags/example_display_name.py
[2025-01-16T15:34:36.914+0000] {processor.py:925} INFO - DAG(s) 'example_display_name' retrieved from /home/airflow/.local/lib/python3.12/site-packages/airflow/example_dags/example_display_name.py
[2025-01-16T15:34:36.934+0000] {logging_mixin.py:190} INFO - [2025-01-16T15:34:36.934+0000] {dag.py:3239} INFO - Sync 1 DAGs
[2025-01-16T15:34:36.949+0000] {logging_mixin.py:190} INFO - [2025-01-16T15:34:36.949+0000] {dag.py:4180} INFO - Setting next_dagrun for example_display_name to None, run_after=None
[2025-01-16T15:34:36.968+0000] {processor.py:208} INFO - Processing /home/airflow/.local/lib/python3.12/site-packages/airflow/example_dags/example_display_name.py took 0.071 seconds
[2025-01-16T15:35:07.374+0000] {processor.py:186} INFO - Started process (PID=942) to work on /home/airflow/.local/lib/python3.12/site-packages/airflow/example_dags/example_display_name.py
[2025-01-16T15:35:07.375+0000] {processor.py:914} INFO - Processing file /home/airflow/.local/lib/python3.12/site-packages/airflow/example_dags/example_display_name.py for tasks to queue
[2025-01-16T15:35:07.377+0000] {logging_mixin.py:190} INFO - [2025-01-16T15:35:07.377+0000] {dagbag.py:588} INFO - Filling up the DagBag from /home/airflow/.local/lib/python3.12/site-packages/airflow/example_dags/example_display_name.py
[2025-01-16T15:35:07.384+0000] {processor.py:925} INFO - DAG(s) 'example_display_name' retrieved from /home/airflow/.local/lib/python3.12/site-packages/airflow/example_dags/example_display_name.py
[2025-01-16T15:35:07.400+0000] {logging_mixin.py:190} INFO - [2025-01-16T15:35:07.400+0000] {dag.py:3239} INFO - Sync 1 DAGs
[2025-01-16T15:35:07.412+0000] {logging_mixin.py:190} INFO - [2025-01-16T15:35:07.412+0000] {dag.py:4180} INFO - Setting next_dagrun for example_display_name to None, run_after=None
[2025-01-16T15:35:07.430+0000] {processor.py:208} INFO - Processing /home/airflow/.local/lib/python3.12/site-packages/airflow/example_dags/example_display_name.py took 0.061 seconds
[2025-01-16T15:35:37.527+0000] {processor.py:186} INFO - Started process (PID=1236) to work on /home/airflow/.local/lib/python3.12/site-packages/airflow/example_dags/example_display_name.py
[2025-01-16T15:35:37.528+0000] {processor.py:914} INFO - Processing file /home/airflow/.local/lib/python3.12/site-packages/airflow/example_dags/example_display_name.py for tasks to queue
[2025-01-16T15:35:37.529+0000] {logging_mixin.py:190} INFO - [2025-01-16T15:35:37.529+0000] {dagbag.py:588} INFO - Filling up the DagBag from /home/airflow/.local/lib/python3.12/site-packages/airflow/example_dags/example_display_name.py
[2025-01-16T15:35:37.534+0000] {processor.py:925} INFO - DAG(s) 'example_display_name' retrieved from /home/airflow/.local/lib/python3.12/site-packages/airflow/example_dags/example_display_name.py
[2025-01-16T15:35:37.548+0000] {logging_mixin.py:190} INFO - [2025-01-16T15:35:37.548+0000] {dag.py:3239} INFO - Sync 1 DAGs
[2025-01-16T15:35:37.559+0000] {logging_mixin.py:190} INFO - [2025-01-16T15:35:37.558+0000] {dag.py:4180} INFO - Setting next_dagrun for example_display_name to None, run_after=None
[2025-01-16T15:35:37.572+0000] {processor.py:208} INFO - Processing /home/airflow/.local/lib/python3.12/site-packages/airflow/example_dags/example_display_name.py took 0.050 seconds
[2025-01-16T15:36:08.129+0000] {processor.py:186} INFO - Started process (PID=1532) to work on /home/airflow/.local/lib/python3.12/site-packages/airflow/example_dags/example_display_name.py
[2025-01-16T15:36:08.130+0000] {processor.py:914} INFO - Processing file /home/airflow/.local/lib/python3.12/site-packages/airflow/example_dags/example_display_name.py for tasks to queue
[2025-01-16T15:36:08.133+0000] {logging_mixin.py:190} INFO - [2025-01-16T15:36:08.132+0000] {dagbag.py:588} INFO - Filling up the DagBag from /home/airflow/.local/lib/python3.12/site-packages/airflow/example_dags/example_display_name.py
[2025-01-16T15:36:08.139+0000] {processor.py:925} INFO - DAG(s) 'example_display_name' retrieved from /home/airflow/.local/lib/python3.12/site-packages/airflow/example_dags/example_display_name.py
[2025-01-16T15:36:08.156+0000] {logging_mixin.py:190} INFO - [2025-01-16T15:36:08.156+0000] {dag.py:3239} INFO - Sync 1 DAGs
[2025-01-16T15:36:08.170+0000] {logging_mixin.py:190} INFO - [2025-01-16T15:36:08.170+0000] {dag.py:4180} INFO - Setting next_dagrun for example_display_name to None, run_after=None
[2025-01-16T15:36:08.186+0000] {processor.py:208} INFO - Processing /home/airflow/.local/lib/python3.12/site-packages/airflow/example_dags/example_display_name.py took 0.062 seconds
[2025-01-16T15:36:39.172+0000] {processor.py:186} INFO - Started process (PID=1828) to work on /home/airflow/.local/lib/python3.12/site-packages/airflow/example_dags/example_display_name.py
[2025-01-16T15:36:39.174+0000] {processor.py:914} INFO - Processing file /home/airflow/.local/lib/python3.12/site-packages/airflow/example_dags/example_display_name.py for tasks to queue
[2025-01-16T15:36:39.176+0000] {logging_mixin.py:190} INFO - [2025-01-16T15:36:39.175+0000] {dagbag.py:588} INFO - Filling up the DagBag from /home/airflow/.local/lib/python3.12/site-packages/airflow/example_dags/example_display_name.py
[2025-01-16T15:36:39.182+0000] {processor.py:925} INFO - DAG(s) 'example_display_name' retrieved from /home/airflow/.local/lib/python3.12/site-packages/airflow/example_dags/example_display_name.py
[2025-01-16T15:36:39.210+0000] {logging_mixin.py:190} INFO - [2025-01-16T15:36:39.210+0000] {dag.py:3239} INFO - Sync 1 DAGs
[2025-01-16T15:36:39.231+0000] {logging_mixin.py:190} INFO - [2025-01-16T15:36:39.231+0000] {dag.py:4180} INFO - Setting next_dagrun for example_display_name to None, run_after=None
[2025-01-16T15:36:39.258+0000] {processor.py:208} INFO - Processing /home/airflow/.local/lib/python3.12/site-packages/airflow/example_dags/example_display_name.py took 0.090 seconds
[2025-01-16T15:37:11.117+0000] {processor.py:186} INFO - Started process (PID=2124) to work on /home/airflow/.local/lib/python3.12/site-packages/airflow/example_dags/example_display_name.py
[2025-01-16T15:37:11.117+0000] {processor.py:914} INFO - Processing file /home/airflow/.local/lib/python3.12/site-packages/airflow/example_dags/example_display_name.py for tasks to queue
[2025-01-16T15:37:11.119+0000] {logging_mixin.py:190} INFO - [2025-01-16T15:37:11.119+0000] {dagbag.py:588} INFO - Filling up the DagBag from /home/airflow/.local/lib/python3.12/site-packages/airflow/example_dags/example_display_name.py
[2025-01-16T15:37:11.124+0000] {processor.py:925} INFO - DAG(s) 'example_display_name' retrieved from /home/airflow/.local/lib/python3.12/site-packages/airflow/example_dags/example_display_name.py
[2025-01-16T15:37:11.141+0000] {logging_mixin.py:190} INFO - [2025-01-16T15:37:11.140+0000] {dag.py:3239} INFO - Sync 1 DAGs
[2025-01-16T15:37:11.152+0000] {logging_mixin.py:190} INFO - [2025-01-16T15:37:11.152+0000] {dag.py:4180} INFO - Setting next_dagrun for example_display_name to None, run_after=None
[2025-01-16T15:37:11.169+0000] {processor.py:208} INFO - Processing /home/airflow/.local/lib/python3.12/site-packages/airflow/example_dags/example_display_name.py took 0.056 seconds
[2025-01-16T15:37:41.891+0000] {processor.py:186} INFO - Started process (PID=2422) to work on /home/airflow/.local/lib/python3.12/site-packages/airflow/example_dags/example_display_name.py
[2025-01-16T15:37:41.891+0000] {processor.py:914} INFO - Processing file /home/airflow/.local/lib/python3.12/site-packages/airflow/example_dags/example_display_name.py for tasks to queue
[2025-01-16T15:37:41.893+0000] {logging_mixin.py:190} INFO - [2025-01-16T15:37:41.893+0000] {dagbag.py:588} INFO - Filling up the DagBag from /home/airflow/.local/lib/python3.12/site-packages/airflow/example_dags/example_display_name.py
[2025-01-16T15:37:41.898+0000] {processor.py:925} INFO - DAG(s) 'example_display_name' retrieved from /home/airflow/.local/lib/python3.12/site-packages/airflow/example_dags/example_display_name.py
[2025-01-16T15:37:41.912+0000] {logging_mixin.py:190} INFO - [2025-01-16T15:37:41.912+0000] {dag.py:3239} INFO - Sync 1 DAGs
[2025-01-16T15:37:41.923+0000] {logging_mixin.py:190} INFO - [2025-01-16T15:37:41.923+0000] {dag.py:4180} INFO - Setting next_dagrun for example_display_name to None, run_after=None
[2025-01-16T15:37:41.941+0000] {processor.py:208} INFO - Processing /home/airflow/.local/lib/python3.12/site-packages/airflow/example_dags/example_display_name.py took 0.055 seconds
[2025-01-16T15:38:12.548+0000] {processor.py:186} INFO - Started process (PID=2716) to work on /home/airflow/.local/lib/python3.12/site-packages/airflow/example_dags/example_display_name.py
[2025-01-16T15:38:12.549+0000] {processor.py:914} INFO - Processing file /home/airflow/.local/lib/python3.12/site-packages/airflow/example_dags/example_display_name.py for tasks to queue
[2025-01-16T15:38:12.552+0000] {logging_mixin.py:190} INFO - [2025-01-16T15:38:12.551+0000] {dagbag.py:588} INFO - Filling up the DagBag from /home/airflow/.local/lib/python3.12/site-packages/airflow/example_dags/example_display_name.py
[2025-01-16T15:38:12.558+0000] {processor.py:925} INFO - DAG(s) 'example_display_name' retrieved from /home/airflow/.local/lib/python3.12/site-packages/airflow/example_dags/example_display_name.py
[2025-01-16T15:38:12.574+0000] {logging_mixin.py:190} INFO - [2025-01-16T15:38:12.574+0000] {dag.py:3239} INFO - Sync 1 DAGs
[2025-01-16T15:38:12.586+0000] {logging_mixin.py:190} INFO - [2025-01-16T15:38:12.586+0000] {dag.py:4180} INFO - Setting next_dagrun for example_display_name to None, run_after=None
[2025-01-16T15:38:12.603+0000] {processor.py:208} INFO - Processing /home/airflow/.local/lib/python3.12/site-packages/airflow/example_dags/example_display_name.py took 0.061 seconds
[2025-01-16T15:38:43.965+0000] {processor.py:186} INFO - Started process (PID=3014) to work on /home/airflow/.local/lib/python3.12/site-packages/airflow/example_dags/example_display_name.py
[2025-01-16T15:38:43.965+0000] {processor.py:914} INFO - Processing file /home/airflow/.local/lib/python3.12/site-packages/airflow/example_dags/example_display_name.py for tasks to queue
[2025-01-16T15:38:43.967+0000] {logging_mixin.py:190} INFO - [2025-01-16T15:38:43.967+0000] {dagbag.py:588} INFO - Filling up the DagBag from /home/airflow/.local/lib/python3.12/site-packages/airflow/example_dags/example_display_name.py
[2025-01-16T15:38:43.973+0000] {processor.py:925} INFO - DAG(s) 'example_display_name' retrieved from /home/airflow/.local/lib/python3.12/site-packages/airflow/example_dags/example_display_name.py
[2025-01-16T15:38:43.987+0000] {logging_mixin.py:190} INFO - [2025-01-16T15:38:43.987+0000] {dag.py:3239} INFO - Sync 1 DAGs
[2025-01-16T15:38:43.998+0000] {logging_mixin.py:190} INFO - [2025-01-16T15:38:43.998+0000] {dag.py:4180} INFO - Setting next_dagrun for example_display_name to None, run_after=None
[2025-01-16T15:38:44.013+0000] {processor.py:208} INFO - Processing /home/airflow/.local/lib/python3.12/site-packages/airflow/example_dags/example_display_name.py took 0.052 seconds
[2025-01-16T15:39:15.449+0000] {processor.py:186} INFO - Started process (PID=3310) to work on /home/airflow/.local/lib/python3.12/site-packages/airflow/example_dags/example_display_name.py
[2025-01-16T15:39:15.450+0000] {processor.py:914} INFO - Processing file /home/airflow/.local/lib/python3.12/site-packages/airflow/example_dags/example_display_name.py for tasks to queue
[2025-01-16T15:39:15.452+0000] {logging_mixin.py:190} INFO - [2025-01-16T15:39:15.452+0000] {dagbag.py:588} INFO - Filling up the DagBag from /home/airflow/.local/lib/python3.12/site-packages/airflow/example_dags/example_display_name.py
[2025-01-16T15:39:15.458+0000] {processor.py:925} INFO - DAG(s) 'example_display_name' retrieved from /home/airflow/.local/lib/python3.12/site-packages/airflow/example_dags/example_display_name.py
[2025-01-16T15:39:15.473+0000] {logging_mixin.py:190} INFO - [2025-01-16T15:39:15.473+0000] {dag.py:3239} INFO - Sync 1 DAGs
[2025-01-16T15:39:15.487+0000] {logging_mixin.py:190} INFO - [2025-01-16T15:39:15.487+0000] {dag.py:4180} INFO - Setting next_dagrun for example_display_name to None, run_after=None
[2025-01-16T15:39:15.503+0000] {processor.py:208} INFO - Processing /home/airflow/.local/lib/python3.12/site-packages/airflow/example_dags/example_display_name.py took 0.058 seconds
[2025-01-16T15:39:45.753+0000] {processor.py:186} INFO - Started process (PID=3604) to work on /home/airflow/.local/lib/python3.12/site-packages/airflow/example_dags/example_display_name.py
[2025-01-16T15:39:45.754+0000] {processor.py:914} INFO - Processing file /home/airflow/.local/lib/python3.12/site-packages/airflow/example_dags/example_display_name.py for tasks to queue
[2025-01-16T15:39:45.755+0000] {logging_mixin.py:190} INFO - [2025-01-16T15:39:45.755+0000] {dagbag.py:588} INFO - Filling up the DagBag from /home/airflow/.local/lib/python3.12/site-packages/airflow/example_dags/example_display_name.py
[2025-01-16T15:39:45.761+0000] {processor.py:925} INFO - DAG(s) 'example_display_name' retrieved from /home/airflow/.local/lib/python3.12/site-packages/airflow/example_dags/example_display_name.py
[2025-01-16T15:39:45.775+0000] {logging_mixin.py:190} INFO - [2025-01-16T15:39:45.775+0000] {dag.py:3239} INFO - Sync 1 DAGs
[2025-01-16T15:39:45.786+0000] {logging_mixin.py:190} INFO - [2025-01-16T15:39:45.785+0000] {dag.py:4180} INFO - Setting next_dagrun for example_display_name to None, run_after=None
[2025-01-16T15:39:45.801+0000] {processor.py:208} INFO - Processing /home/airflow/.local/lib/python3.12/site-packages/airflow/example_dags/example_display_name.py took 0.053 seconds
[2025-01-16T15:40:17.150+0000] {processor.py:186} INFO - Started process (PID=3900) to work on /home/airflow/.local/lib/python3.12/site-packages/airflow/example_dags/example_display_name.py
[2025-01-16T15:40:17.151+0000] {processor.py:914} INFO - Processing file /home/airflow/.local/lib/python3.12/site-packages/airflow/example_dags/example_display_name.py for tasks to queue
[2025-01-16T15:40:17.153+0000] {logging_mixin.py:190} INFO - [2025-01-16T15:40:17.153+0000] {dagbag.py:588} INFO - Filling up the DagBag from /home/airflow/.local/lib/python3.12/site-packages/airflow/example_dags/example_display_name.py
[2025-01-16T15:40:17.159+0000] {processor.py:925} INFO - DAG(s) 'example_display_name' retrieved from /home/airflow/.local/lib/python3.12/site-packages/airflow/example_dags/example_display_name.py
[2025-01-16T15:40:17.177+0000] {logging_mixin.py:190} INFO - [2025-01-16T15:40:17.176+0000] {dag.py:3239} INFO - Sync 1 DAGs
[2025-01-16T15:40:17.190+0000] {logging_mixin.py:190} INFO - [2025-01-16T15:40:17.190+0000] {dag.py:4180} INFO - Setting next_dagrun for example_display_name to None, run_after=None
[2025-01-16T15:40:17.207+0000] {processor.py:208} INFO - Processing /home/airflow/.local/lib/python3.12/site-packages/airflow/example_dags/example_display_name.py took 0.063 seconds
[2025-01-16T15:40:49.582+0000] {processor.py:186} INFO - Started process (PID=4203) to work on /home/airflow/.local/lib/python3.12/site-packages/airflow/example_dags/example_display_name.py
[2025-01-16T15:40:49.583+0000] {processor.py:914} INFO - Processing file /home/airflow/.local/lib/python3.12/site-packages/airflow/example_dags/example_display_name.py for tasks to queue
[2025-01-16T15:40:49.585+0000] {logging_mixin.py:190} INFO - [2025-01-16T15:40:49.585+0000] {dagbag.py:588} INFO - Filling up the DagBag from /home/airflow/.local/lib/python3.12/site-packages/airflow/example_dags/example_display_name.py
[2025-01-16T15:40:49.591+0000] {processor.py:925} INFO - DAG(s) 'example_display_name' retrieved from /home/airflow/.local/lib/python3.12/site-packages/airflow/example_dags/example_display_name.py
[2025-01-16T15:40:49.607+0000] {logging_mixin.py:190} INFO - [2025-01-16T15:40:49.607+0000] {dag.py:3239} INFO - Sync 1 DAGs
[2025-01-16T15:40:49.618+0000] {logging_mixin.py:190} INFO - [2025-01-16T15:40:49.618+0000] {dag.py:4180} INFO - Setting next_dagrun for example_display_name to None, run_after=None
[2025-01-16T15:40:49.633+0000] {processor.py:208} INFO - Processing /home/airflow/.local/lib/python3.12/site-packages/airflow/example_dags/example_display_name.py took 0.056 seconds
[2025-01-16T15:41:20.019+0000] {processor.py:186} INFO - Started process (PID=4497) to work on /home/airflow/.local/lib/python3.12/site-packages/airflow/example_dags/example_display_name.py
[2025-01-16T15:41:20.020+0000] {processor.py:914} INFO - Processing file /home/airflow/.local/lib/python3.12/site-packages/airflow/example_dags/example_display_name.py for tasks to queue
[2025-01-16T15:41:20.021+0000] {logging_mixin.py:190} INFO - [2025-01-16T15:41:20.021+0000] {dagbag.py:588} INFO - Filling up the DagBag from /home/airflow/.local/lib/python3.12/site-packages/airflow/example_dags/example_display_name.py
[2025-01-16T15:41:20.027+0000] {processor.py:925} INFO - DAG(s) 'example_display_name' retrieved from /home/airflow/.local/lib/python3.12/site-packages/airflow/example_dags/example_display_name.py
[2025-01-16T15:41:20.042+0000] {logging_mixin.py:190} INFO - [2025-01-16T15:41:20.041+0000] {dag.py:3239} INFO - Sync 1 DAGs
[2025-01-16T15:41:20.053+0000] {logging_mixin.py:190} INFO - [2025-01-16T15:41:20.053+0000] {dag.py:4180} INFO - Setting next_dagrun for example_display_name to None, run_after=None
[2025-01-16T15:41:20.066+0000] {processor.py:208} INFO - Processing /home/airflow/.local/lib/python3.12/site-packages/airflow/example_dags/example_display_name.py took 0.052 seconds
[2025-01-16T15:41:51.406+0000] {processor.py:186} INFO - Started process (PID=4793) to work on /home/airflow/.local/lib/python3.12/site-packages/airflow/example_dags/example_display_name.py
[2025-01-16T15:41:51.407+0000] {processor.py:914} INFO - Processing file /home/airflow/.local/lib/python3.12/site-packages/airflow/example_dags/example_display_name.py for tasks to queue
[2025-01-16T15:41:51.408+0000] {logging_mixin.py:190} INFO - [2025-01-16T15:41:51.408+0000] {dagbag.py:588} INFO - Filling up the DagBag from /home/airflow/.local/lib/python3.12/site-packages/airflow/example_dags/example_display_name.py
[2025-01-16T15:41:51.414+0000] {processor.py:925} INFO - DAG(s) 'example_display_name' retrieved from /home/airflow/.local/lib/python3.12/site-packages/airflow/example_dags/example_display_name.py
[2025-01-16T15:41:51.429+0000] {logging_mixin.py:190} INFO - [2025-01-16T15:41:51.428+0000] {dag.py:3239} INFO - Sync 1 DAGs
[2025-01-16T15:41:51.439+0000] {logging_mixin.py:190} INFO - [2025-01-16T15:41:51.439+0000] {dag.py:4180} INFO - Setting next_dagrun for example_display_name to None, run_after=None
[2025-01-16T15:41:51.452+0000] {processor.py:208} INFO - Processing /home/airflow/.local/lib/python3.12/site-packages/airflow/example_dags/example_display_name.py took 0.050 seconds
[2025-01-16T15:42:22.810+0000] {processor.py:186} INFO - Started process (PID=5089) to work on /home/airflow/.local/lib/python3.12/site-packages/airflow/example_dags/example_display_name.py
[2025-01-16T15:42:22.811+0000] {processor.py:914} INFO - Processing file /home/airflow/.local/lib/python3.12/site-packages/airflow/example_dags/example_display_name.py for tasks to queue
[2025-01-16T15:42:22.812+0000] {logging_mixin.py:190} INFO - [2025-01-16T15:42:22.812+0000] {dagbag.py:588} INFO - Filling up the DagBag from /home/airflow/.local/lib/python3.12/site-packages/airflow/example_dags/example_display_name.py
[2025-01-16T15:42:22.818+0000] {processor.py:925} INFO - DAG(s) 'example_display_name' retrieved from /home/airflow/.local/lib/python3.12/site-packages/airflow/example_dags/example_display_name.py
[2025-01-16T15:42:22.832+0000] {logging_mixin.py:190} INFO - [2025-01-16T15:42:22.832+0000] {dag.py:3239} INFO - Sync 1 DAGs
[2025-01-16T15:42:22.843+0000] {logging_mixin.py:190} INFO - [2025-01-16T15:42:22.843+0000] {dag.py:4180} INFO - Setting next_dagrun for example_display_name to None, run_after=None
[2025-01-16T15:42:22.856+0000] {processor.py:208} INFO - Processing /home/airflow/.local/lib/python3.12/site-packages/airflow/example_dags/example_display_name.py took 0.050 seconds
[2025-01-16T15:42:53.937+0000] {processor.py:186} INFO - Started process (PID=5385) to work on /home/airflow/.local/lib/python3.12/site-packages/airflow/example_dags/example_display_name.py
[2025-01-16T15:42:53.938+0000] {processor.py:914} INFO - Processing file /home/airflow/.local/lib/python3.12/site-packages/airflow/example_dags/example_display_name.py for tasks to queue
[2025-01-16T15:42:53.940+0000] {logging_mixin.py:190} INFO - [2025-01-16T15:42:53.939+0000] {dagbag.py:588} INFO - Filling up the DagBag from /home/airflow/.local/lib/python3.12/site-packages/airflow/example_dags/example_display_name.py
[2025-01-16T15:42:53.945+0000] {processor.py:925} INFO - DAG(s) 'example_display_name' retrieved from /home/airflow/.local/lib/python3.12/site-packages/airflow/example_dags/example_display_name.py
[2025-01-16T15:42:53.960+0000] {logging_mixin.py:190} INFO - [2025-01-16T15:42:53.960+0000] {dag.py:3239} INFO - Sync 1 DAGs
[2025-01-16T15:42:53.971+0000] {logging_mixin.py:190} INFO - [2025-01-16T15:42:53.971+0000] {dag.py:4180} INFO - Setting next_dagrun for example_display_name to None, run_after=None
[2025-01-16T15:42:53.985+0000] {processor.py:208} INFO - Processing /home/airflow/.local/lib/python3.12/site-packages/airflow/example_dags/example_display_name.py took 0.052 seconds
[2025-01-16T15:43:24.982+0000] {processor.py:186} INFO - Started process (PID=5681) to work on /home/airflow/.local/lib/python3.12/site-packages/airflow/example_dags/example_display_name.py
[2025-01-16T15:43:24.983+0000] {processor.py:914} INFO - Processing file /home/airflow/.local/lib/python3.12/site-packages/airflow/example_dags/example_display_name.py for tasks to queue
[2025-01-16T15:43:24.984+0000] {logging_mixin.py:190} INFO - [2025-01-16T15:43:24.984+0000] {dagbag.py:588} INFO - Filling up the DagBag from /home/airflow/.local/lib/python3.12/site-packages/airflow/example_dags/example_display_name.py
[2025-01-16T15:43:24.990+0000] {processor.py:925} INFO - DAG(s) 'example_display_name' retrieved from /home/airflow/.local/lib/python3.12/site-packages/airflow/example_dags/example_display_name.py
[2025-01-16T15:43:25.005+0000] {logging_mixin.py:190} INFO - [2025-01-16T15:43:25.005+0000] {dag.py:3239} INFO - Sync 1 DAGs
[2025-01-16T15:43:25.017+0000] {logging_mixin.py:190} INFO - [2025-01-16T15:43:25.017+0000] {dag.py:4180} INFO - Setting next_dagrun for example_display_name to None, run_after=None
[2025-01-16T15:43:25.030+0000] {processor.py:208} INFO - Processing /home/airflow/.local/lib/python3.12/site-packages/airflow/example_dags/example_display_name.py took 0.053 seconds
[2025-01-16T15:43:56.868+0000] {processor.py:186} INFO - Started process (PID=5977) to work on /home/airflow/.local/lib/python3.12/site-packages/airflow/example_dags/example_display_name.py
[2025-01-16T15:43:56.868+0000] {processor.py:914} INFO - Processing file /home/airflow/.local/lib/python3.12/site-packages/airflow/example_dags/example_display_name.py for tasks to queue
[2025-01-16T15:43:56.870+0000] {logging_mixin.py:190} INFO - [2025-01-16T15:43:56.870+0000] {dagbag.py:588} INFO - Filling up the DagBag from /home/airflow/.local/lib/python3.12/site-packages/airflow/example_dags/example_display_name.py
[2025-01-16T15:43:56.876+0000] {processor.py:925} INFO - DAG(s) 'example_display_name' retrieved from /home/airflow/.local/lib/python3.12/site-packages/airflow/example_dags/example_display_name.py
[2025-01-16T15:43:56.891+0000] {logging_mixin.py:190} INFO - [2025-01-16T15:43:56.891+0000] {dag.py:3239} INFO - Sync 1 DAGs
[2025-01-16T15:43:56.904+0000] {logging_mixin.py:190} INFO - [2025-01-16T15:43:56.904+0000] {dag.py:4180} INFO - Setting next_dagrun for example_display_name to None, run_after=None
[2025-01-16T15:43:56.918+0000] {processor.py:208} INFO - Processing /home/airflow/.local/lib/python3.12/site-packages/airflow/example_dags/example_display_name.py took 0.055 seconds
[2025-01-16T15:44:28.180+0000] {processor.py:186} INFO - Started process (PID=6273) to work on /home/airflow/.local/lib/python3.12/site-packages/airflow/example_dags/example_display_name.py
[2025-01-16T15:44:28.181+0000] {processor.py:914} INFO - Processing file /home/airflow/.local/lib/python3.12/site-packages/airflow/example_dags/example_display_name.py for tasks to queue
[2025-01-16T15:44:28.182+0000] {logging_mixin.py:190} INFO - [2025-01-16T15:44:28.182+0000] {dagbag.py:588} INFO - Filling up the DagBag from /home/airflow/.local/lib/python3.12/site-packages/airflow/example_dags/example_display_name.py
[2025-01-16T15:44:28.188+0000] {processor.py:925} INFO - DAG(s) 'example_display_name' retrieved from /home/airflow/.local/lib/python3.12/site-packages/airflow/example_dags/example_display_name.py
[2025-01-16T15:44:28.203+0000] {logging_mixin.py:190} INFO - [2025-01-16T15:44:28.202+0000] {dag.py:3239} INFO - Sync 1 DAGs
[2025-01-16T15:44:28.214+0000] {logging_mixin.py:190} INFO - [2025-01-16T15:44:28.213+0000] {dag.py:4180} INFO - Setting next_dagrun for example_display_name to None, run_after=None
[2025-01-16T15:44:28.226+0000] {processor.py:208} INFO - Processing /home/airflow/.local/lib/python3.12/site-packages/airflow/example_dags/example_display_name.py took 0.051 seconds
[2025-01-16T15:44:59.045+0000] {processor.py:186} INFO - Started process (PID=6569) to work on /home/airflow/.local/lib/python3.12/site-packages/airflow/example_dags/example_display_name.py
[2025-01-16T15:44:59.046+0000] {processor.py:914} INFO - Processing file /home/airflow/.local/lib/python3.12/site-packages/airflow/example_dags/example_display_name.py for tasks to queue
[2025-01-16T15:44:59.048+0000] {logging_mixin.py:190} INFO - [2025-01-16T15:44:59.048+0000] {dagbag.py:588} INFO - Filling up the DagBag from /home/airflow/.local/lib/python3.12/site-packages/airflow/example_dags/example_display_name.py
[2025-01-16T15:44:59.054+0000] {processor.py:925} INFO - DAG(s) 'example_display_name' retrieved from /home/airflow/.local/lib/python3.12/site-packages/airflow/example_dags/example_display_name.py
[2025-01-16T15:44:59.069+0000] {logging_mixin.py:190} INFO - [2025-01-16T15:44:59.069+0000] {dag.py:3239} INFO - Sync 1 DAGs
[2025-01-16T15:44:59.081+0000] {logging_mixin.py:190} INFO - [2025-01-16T15:44:59.080+0000] {dag.py:4180} INFO - Setting next_dagrun for example_display_name to None, run_after=None
[2025-01-16T15:44:59.095+0000] {processor.py:208} INFO - Processing /home/airflow/.local/lib/python3.12/site-packages/airflow/example_dags/example_display_name.py took 0.054 seconds
[2025-01-16T15:45:30.294+0000] {processor.py:186} INFO - Started process (PID=6865) to work on /home/airflow/.local/lib/python3.12/site-packages/airflow/example_dags/example_display_name.py
[2025-01-16T15:45:30.295+0000] {processor.py:914} INFO - Processing file /home/airflow/.local/lib/python3.12/site-packages/airflow/example_dags/example_display_name.py for tasks to queue
[2025-01-16T15:45:30.297+0000] {logging_mixin.py:190} INFO - [2025-01-16T15:45:30.296+0000] {dagbag.py:588} INFO - Filling up the DagBag from /home/airflow/.local/lib/python3.12/site-packages/airflow/example_dags/example_display_name.py
[2025-01-16T15:45:30.303+0000] {processor.py:925} INFO - DAG(s) 'example_display_name' retrieved from /home/airflow/.local/lib/python3.12/site-packages/airflow/example_dags/example_display_name.py
[2025-01-16T15:45:30.317+0000] {logging_mixin.py:190} INFO - [2025-01-16T15:45:30.317+0000] {dag.py:3239} INFO - Sync 1 DAGs
[2025-01-16T15:45:30.327+0000] {logging_mixin.py:190} INFO - [2025-01-16T15:45:30.327+0000] {dag.py:4180} INFO - Setting next_dagrun for example_display_name to None, run_after=None
[2025-01-16T15:45:30.342+0000] {processor.py:208} INFO - Processing /home/airflow/.local/lib/python3.12/site-packages/airflow/example_dags/example_display_name.py took 0.052 seconds
[2025-01-16T15:46:02.048+0000] {processor.py:186} INFO - Started process (PID=7167) to work on /home/airflow/.local/lib/python3.12/site-packages/airflow/example_dags/example_display_name.py
[2025-01-16T15:46:02.048+0000] {processor.py:914} INFO - Processing file /home/airflow/.local/lib/python3.12/site-packages/airflow/example_dags/example_display_name.py for tasks to queue
[2025-01-16T15:46:02.051+0000] {logging_mixin.py:190} INFO - [2025-01-16T15:46:02.050+0000] {dagbag.py:588} INFO - Filling up the DagBag from /home/airflow/.local/lib/python3.12/site-packages/airflow/example_dags/example_display_name.py
[2025-01-16T15:46:02.058+0000] {processor.py:925} INFO - DAG(s) 'example_display_name' retrieved from /home/airflow/.local/lib/python3.12/site-packages/airflow/example_dags/example_display_name.py
[2025-01-16T15:46:02.073+0000] {logging_mixin.py:190} INFO - [2025-01-16T15:46:02.073+0000] {dag.py:3239} INFO - Sync 1 DAGs
[2025-01-16T15:46:02.084+0000] {logging_mixin.py:190} INFO - [2025-01-16T15:46:02.083+0000] {dag.py:4180} INFO - Setting next_dagrun for example_display_name to None, run_after=None
[2025-01-16T15:46:02.100+0000] {processor.py:208} INFO - Processing /home/airflow/.local/lib/python3.12/site-packages/airflow/example_dags/example_display_name.py took 0.058 seconds
[2025-01-16T15:46:33.189+0000] {processor.py:186} INFO - Started process (PID=7463) to work on /home/airflow/.local/lib/python3.12/site-packages/airflow/example_dags/example_display_name.py
[2025-01-16T15:46:33.190+0000] {processor.py:914} INFO - Processing file /home/airflow/.local/lib/python3.12/site-packages/airflow/example_dags/example_display_name.py for tasks to queue
[2025-01-16T15:46:33.191+0000] {logging_mixin.py:190} INFO - [2025-01-16T15:46:33.191+0000] {dagbag.py:588} INFO - Filling up the DagBag from /home/airflow/.local/lib/python3.12/site-packages/airflow/example_dags/example_display_name.py
[2025-01-16T15:46:33.197+0000] {processor.py:925} INFO - DAG(s) 'example_display_name' retrieved from /home/airflow/.local/lib/python3.12/site-packages/airflow/example_dags/example_display_name.py
[2025-01-16T15:46:33.212+0000] {logging_mixin.py:190} INFO - [2025-01-16T15:46:33.212+0000] {dag.py:3239} INFO - Sync 1 DAGs
[2025-01-16T15:46:33.223+0000] {logging_mixin.py:190} INFO - [2025-01-16T15:46:33.223+0000] {dag.py:4180} INFO - Setting next_dagrun for example_display_name to None, run_after=None
[2025-01-16T15:46:33.235+0000] {processor.py:208} INFO - Processing /home/airflow/.local/lib/python3.12/site-packages/airflow/example_dags/example_display_name.py took 0.051 seconds
[2025-01-16T15:47:03.863+0000] {processor.py:186} INFO - Started process (PID=7759) to work on /home/airflow/.local/lib/python3.12/site-packages/airflow/example_dags/example_display_name.py
[2025-01-16T15:47:03.864+0000] {processor.py:914} INFO - Processing file /home/airflow/.local/lib/python3.12/site-packages/airflow/example_dags/example_display_name.py for tasks to queue
[2025-01-16T15:47:03.865+0000] {logging_mixin.py:190} INFO - [2025-01-16T15:47:03.865+0000] {dagbag.py:588} INFO - Filling up the DagBag from /home/airflow/.local/lib/python3.12/site-packages/airflow/example_dags/example_display_name.py
[2025-01-16T15:47:03.871+0000] {processor.py:925} INFO - DAG(s) 'example_display_name' retrieved from /home/airflow/.local/lib/python3.12/site-packages/airflow/example_dags/example_display_name.py
[2025-01-16T15:47:03.885+0000] {logging_mixin.py:190} INFO - [2025-01-16T15:47:03.885+0000] {dag.py:3239} INFO - Sync 1 DAGs
[2025-01-16T15:47:03.896+0000] {logging_mixin.py:190} INFO - [2025-01-16T15:47:03.896+0000] {dag.py:4180} INFO - Setting next_dagrun for example_display_name to None, run_after=None
[2025-01-16T15:47:03.909+0000] {processor.py:208} INFO - Processing /home/airflow/.local/lib/python3.12/site-packages/airflow/example_dags/example_display_name.py took 0.051 seconds
[2025-01-16T15:47:34.759+0000] {processor.py:186} INFO - Started process (PID=8055) to work on /home/airflow/.local/lib/python3.12/site-packages/airflow/example_dags/example_display_name.py
[2025-01-16T15:47:34.760+0000] {processor.py:914} INFO - Processing file /home/airflow/.local/lib/python3.12/site-packages/airflow/example_dags/example_display_name.py for tasks to queue
[2025-01-16T15:47:34.762+0000] {logging_mixin.py:190} INFO - [2025-01-16T15:47:34.762+0000] {dagbag.py:588} INFO - Filling up the DagBag from /home/airflow/.local/lib/python3.12/site-packages/airflow/example_dags/example_display_name.py
[2025-01-16T15:47:34.768+0000] {processor.py:925} INFO - DAG(s) 'example_display_name' retrieved from /home/airflow/.local/lib/python3.12/site-packages/airflow/example_dags/example_display_name.py
[2025-01-16T15:47:34.782+0000] {logging_mixin.py:190} INFO - [2025-01-16T15:47:34.782+0000] {dag.py:3239} INFO - Sync 1 DAGs
[2025-01-16T15:47:34.793+0000] {logging_mixin.py:190} INFO - [2025-01-16T15:47:34.793+0000] {dag.py:4180} INFO - Setting next_dagrun for example_display_name to None, run_after=None
[2025-01-16T15:47:34.807+0000] {processor.py:208} INFO - Processing /home/airflow/.local/lib/python3.12/site-packages/airflow/example_dags/example_display_name.py took 0.052 seconds
[2025-01-16T15:48:06.282+0000] {processor.py:186} INFO - Started process (PID=8353) to work on /home/airflow/.local/lib/python3.12/site-packages/airflow/example_dags/example_display_name.py
[2025-01-16T15:48:06.283+0000] {processor.py:914} INFO - Processing file /home/airflow/.local/lib/python3.12/site-packages/airflow/example_dags/example_display_name.py for tasks to queue
[2025-01-16T15:48:06.285+0000] {logging_mixin.py:190} INFO - [2025-01-16T15:48:06.285+0000] {dagbag.py:588} INFO - Filling up the DagBag from /home/airflow/.local/lib/python3.12/site-packages/airflow/example_dags/example_display_name.py
[2025-01-16T15:48:06.291+0000] {processor.py:925} INFO - DAG(s) 'example_display_name' retrieved from /home/airflow/.local/lib/python3.12/site-packages/airflow/example_dags/example_display_name.py
[2025-01-16T15:48:06.306+0000] {logging_mixin.py:190} INFO - [2025-01-16T15:48:06.306+0000] {dag.py:3239} INFO - Sync 1 DAGs
[2025-01-16T15:48:06.316+0000] {logging_mixin.py:190} INFO - [2025-01-16T15:48:06.316+0000] {dag.py:4180} INFO - Setting next_dagrun for example_display_name to None, run_after=None
[2025-01-16T15:48:06.330+0000] {processor.py:208} INFO - Processing /home/airflow/.local/lib/python3.12/site-packages/airflow/example_dags/example_display_name.py took 0.053 seconds
[2025-01-16T15:48:37.065+0000] {processor.py:186} INFO - Started process (PID=8647) to work on /home/airflow/.local/lib/python3.12/site-packages/airflow/example_dags/example_display_name.py
[2025-01-16T15:48:37.066+0000] {processor.py:914} INFO - Processing file /home/airflow/.local/lib/python3.12/site-packages/airflow/example_dags/example_display_name.py for tasks to queue
[2025-01-16T15:48:37.067+0000] {logging_mixin.py:190} INFO - [2025-01-16T15:48:37.067+0000] {dagbag.py:588} INFO - Filling up the DagBag from /home/airflow/.local/lib/python3.12/site-packages/airflow/example_dags/example_display_name.py
[2025-01-16T15:48:37.073+0000] {processor.py:925} INFO - DAG(s) 'example_display_name' retrieved from /home/airflow/.local/lib/python3.12/site-packages/airflow/example_dags/example_display_name.py
[2025-01-16T15:48:37.088+0000] {logging_mixin.py:190} INFO - [2025-01-16T15:48:37.087+0000] {dag.py:3239} INFO - Sync 1 DAGs
[2025-01-16T15:48:37.098+0000] {logging_mixin.py:190} INFO - [2025-01-16T15:48:37.098+0000] {dag.py:4180} INFO - Setting next_dagrun for example_display_name to None, run_after=None
[2025-01-16T15:48:37.112+0000] {processor.py:208} INFO - Processing /home/airflow/.local/lib/python3.12/site-packages/airflow/example_dags/example_display_name.py took 0.052 seconds
[2025-01-16T15:49:09.067+0000] {processor.py:186} INFO - Started process (PID=8943) to work on /home/airflow/.local/lib/python3.12/site-packages/airflow/example_dags/example_display_name.py
[2025-01-16T15:49:09.068+0000] {processor.py:914} INFO - Processing file /home/airflow/.local/lib/python3.12/site-packages/airflow/example_dags/example_display_name.py for tasks to queue
[2025-01-16T15:49:09.070+0000] {logging_mixin.py:190} INFO - [2025-01-16T15:49:09.070+0000] {dagbag.py:588} INFO - Filling up the DagBag from /home/airflow/.local/lib/python3.12/site-packages/airflow/example_dags/example_display_name.py
[2025-01-16T15:49:09.076+0000] {processor.py:925} INFO - DAG(s) 'example_display_name' retrieved from /home/airflow/.local/lib/python3.12/site-packages/airflow/example_dags/example_display_name.py
[2025-01-16T15:49:09.091+0000] {logging_mixin.py:190} INFO - [2025-01-16T15:49:09.091+0000] {dag.py:3239} INFO - Sync 1 DAGs
[2025-01-16T15:49:09.102+0000] {logging_mixin.py:190} INFO - [2025-01-16T15:49:09.102+0000] {dag.py:4180} INFO - Setting next_dagrun for example_display_name to None, run_after=None
[2025-01-16T15:49:09.119+0000] {processor.py:208} INFO - Processing /home/airflow/.local/lib/python3.12/site-packages/airflow/example_dags/example_display_name.py took 0.056 seconds
[2025-01-16T15:49:39.810+0000] {processor.py:186} INFO - Started process (PID=9244) to work on /home/airflow/.local/lib/python3.12/site-packages/airflow/example_dags/example_display_name.py
[2025-01-16T15:49:39.811+0000] {processor.py:914} INFO - Processing file /home/airflow/.local/lib/python3.12/site-packages/airflow/example_dags/example_display_name.py for tasks to queue
[2025-01-16T15:49:39.813+0000] {logging_mixin.py:190} INFO - [2025-01-16T15:49:39.812+0000] {dagbag.py:588} INFO - Filling up the DagBag from /home/airflow/.local/lib/python3.12/site-packages/airflow/example_dags/example_display_name.py
[2025-01-16T15:49:39.819+0000] {processor.py:925} INFO - DAG(s) 'example_display_name' retrieved from /home/airflow/.local/lib/python3.12/site-packages/airflow/example_dags/example_display_name.py
[2025-01-16T15:49:39.834+0000] {logging_mixin.py:190} INFO - [2025-01-16T15:49:39.834+0000] {dag.py:3239} INFO - Sync 1 DAGs
[2025-01-16T15:49:39.845+0000] {logging_mixin.py:190} INFO - [2025-01-16T15:49:39.845+0000] {dag.py:4180} INFO - Setting next_dagrun for example_display_name to None, run_after=None
[2025-01-16T15:49:39.860+0000] {processor.py:208} INFO - Processing /home/airflow/.local/lib/python3.12/site-packages/airflow/example_dags/example_display_name.py took 0.054 seconds
[2025-01-16T15:50:10.531+0000] {processor.py:186} INFO - Started process (PID=9535) to work on /home/airflow/.local/lib/python3.12/site-packages/airflow/example_dags/example_display_name.py
[2025-01-16T15:50:10.532+0000] {processor.py:914} INFO - Processing file /home/airflow/.local/lib/python3.12/site-packages/airflow/example_dags/example_display_name.py for tasks to queue
[2025-01-16T15:50:10.533+0000] {logging_mixin.py:190} INFO - [2025-01-16T15:50:10.533+0000] {dagbag.py:588} INFO - Filling up the DagBag from /home/airflow/.local/lib/python3.12/site-packages/airflow/example_dags/example_display_name.py
[2025-01-16T15:50:10.539+0000] {processor.py:925} INFO - DAG(s) 'example_display_name' retrieved from /home/airflow/.local/lib/python3.12/site-packages/airflow/example_dags/example_display_name.py
[2025-01-16T15:50:10.556+0000] {logging_mixin.py:190} INFO - [2025-01-16T15:50:10.556+0000] {dag.py:3239} INFO - Sync 1 DAGs
[2025-01-16T15:50:10.571+0000] {logging_mixin.py:190} INFO - [2025-01-16T15:50:10.570+0000] {dag.py:4180} INFO - Setting next_dagrun for example_display_name to None, run_after=None
[2025-01-16T15:50:10.587+0000] {processor.py:208} INFO - Processing /home/airflow/.local/lib/python3.12/site-packages/airflow/example_dags/example_display_name.py took 0.061 seconds
[2025-01-16T15:50:41.463+0000] {processor.py:186} INFO - Started process (PID=9828) to work on /home/airflow/.local/lib/python3.12/site-packages/airflow/example_dags/example_display_name.py
[2025-01-16T15:50:41.465+0000] {processor.py:914} INFO - Processing file /home/airflow/.local/lib/python3.12/site-packages/airflow/example_dags/example_display_name.py for tasks to queue
[2025-01-16T15:50:41.467+0000] {logging_mixin.py:190} INFO - [2025-01-16T15:50:41.466+0000] {dagbag.py:588} INFO - Filling up the DagBag from /home/airflow/.local/lib/python3.12/site-packages/airflow/example_dags/example_display_name.py
[2025-01-16T15:50:41.475+0000] {processor.py:925} INFO - DAG(s) 'example_display_name' retrieved from /home/airflow/.local/lib/python3.12/site-packages/airflow/example_dags/example_display_name.py
[2025-01-16T15:50:41.497+0000] {logging_mixin.py:190} INFO - [2025-01-16T15:50:41.497+0000] {dag.py:3239} INFO - Sync 1 DAGs
[2025-01-16T15:50:41.510+0000] {logging_mixin.py:190} INFO - [2025-01-16T15:50:41.510+0000] {dag.py:4180} INFO - Setting next_dagrun for example_display_name to None, run_after=None
[2025-01-16T15:50:41.528+0000] {processor.py:208} INFO - Processing /home/airflow/.local/lib/python3.12/site-packages/airflow/example_dags/example_display_name.py took 0.070 seconds
[2025-01-16T15:51:12.501+0000] {processor.py:186} INFO - Started process (PID=10151) to work on /home/airflow/.local/lib/python3.12/site-packages/airflow/example_dags/example_display_name.py
[2025-01-16T15:51:12.502+0000] {processor.py:914} INFO - Processing file /home/airflow/.local/lib/python3.12/site-packages/airflow/example_dags/example_display_name.py for tasks to queue
[2025-01-16T15:51:12.503+0000] {logging_mixin.py:190} INFO - [2025-01-16T15:51:12.503+0000] {dagbag.py:588} INFO - Filling up the DagBag from /home/airflow/.local/lib/python3.12/site-packages/airflow/example_dags/example_display_name.py
[2025-01-16T15:51:12.509+0000] {processor.py:925} INFO - DAG(s) 'example_display_name' retrieved from /home/airflow/.local/lib/python3.12/site-packages/airflow/example_dags/example_display_name.py
[2025-01-16T15:51:12.525+0000] {logging_mixin.py:190} INFO - [2025-01-16T15:51:12.525+0000] {dag.py:3239} INFO - Sync 1 DAGs
[2025-01-16T15:51:12.536+0000] {logging_mixin.py:190} INFO - [2025-01-16T15:51:12.536+0000] {dag.py:4180} INFO - Setting next_dagrun for example_display_name to None, run_after=None
[2025-01-16T15:51:12.549+0000] {processor.py:208} INFO - Processing /home/airflow/.local/lib/python3.12/site-packages/airflow/example_dags/example_display_name.py took 0.052 seconds
[2025-01-16T15:51:43.899+0000] {processor.py:186} INFO - Started process (PID=10452) to work on /home/airflow/.local/lib/python3.12/site-packages/airflow/example_dags/example_display_name.py
[2025-01-16T15:51:43.901+0000] {processor.py:914} INFO - Processing file /home/airflow/.local/lib/python3.12/site-packages/airflow/example_dags/example_display_name.py for tasks to queue
[2025-01-16T15:51:43.904+0000] {logging_mixin.py:190} INFO - [2025-01-16T15:51:43.903+0000] {dagbag.py:588} INFO - Filling up the DagBag from /home/airflow/.local/lib/python3.12/site-packages/airflow/example_dags/example_display_name.py
[2025-01-16T15:51:43.909+0000] {processor.py:925} INFO - DAG(s) 'example_display_name' retrieved from /home/airflow/.local/lib/python3.12/site-packages/airflow/example_dags/example_display_name.py
[2025-01-16T15:51:43.926+0000] {logging_mixin.py:190} INFO - [2025-01-16T15:51:43.926+0000] {dag.py:3239} INFO - Sync 1 DAGs
[2025-01-16T15:51:43.939+0000] {logging_mixin.py:190} INFO - [2025-01-16T15:51:43.938+0000] {dag.py:4180} INFO - Setting next_dagrun for example_display_name to None, run_after=None
[2025-01-16T15:51:43.954+0000] {processor.py:208} INFO - Processing /home/airflow/.local/lib/python3.12/site-packages/airflow/example_dags/example_display_name.py took 0.060 seconds
[2025-01-16T15:52:15.104+0000] {processor.py:186} INFO - Started process (PID=10748) to work on /home/airflow/.local/lib/python3.12/site-packages/airflow/example_dags/example_display_name.py
[2025-01-16T15:52:15.105+0000] {processor.py:914} INFO - Processing file /home/airflow/.local/lib/python3.12/site-packages/airflow/example_dags/example_display_name.py for tasks to queue
[2025-01-16T15:52:15.107+0000] {logging_mixin.py:190} INFO - [2025-01-16T15:52:15.107+0000] {dagbag.py:588} INFO - Filling up the DagBag from /home/airflow/.local/lib/python3.12/site-packages/airflow/example_dags/example_display_name.py
[2025-01-16T15:52:15.112+0000] {processor.py:925} INFO - DAG(s) 'example_display_name' retrieved from /home/airflow/.local/lib/python3.12/site-packages/airflow/example_dags/example_display_name.py
[2025-01-16T15:52:15.127+0000] {logging_mixin.py:190} INFO - [2025-01-16T15:52:15.126+0000] {dag.py:3239} INFO - Sync 1 DAGs
[2025-01-16T15:52:15.137+0000] {logging_mixin.py:190} INFO - [2025-01-16T15:52:15.137+0000] {dag.py:4180} INFO - Setting next_dagrun for example_display_name to None, run_after=None
[2025-01-16T15:52:15.151+0000] {processor.py:208} INFO - Processing /home/airflow/.local/lib/python3.12/site-packages/airflow/example_dags/example_display_name.py took 0.051 seconds
[2025-01-16T15:52:46.144+0000] {processor.py:186} INFO - Started process (PID=11046) to work on /home/airflow/.local/lib/python3.12/site-packages/airflow/example_dags/example_display_name.py
[2025-01-16T15:52:46.144+0000] {processor.py:914} INFO - Processing file /home/airflow/.local/lib/python3.12/site-packages/airflow/example_dags/example_display_name.py for tasks to queue
[2025-01-16T15:52:46.146+0000] {logging_mixin.py:190} INFO - [2025-01-16T15:52:46.146+0000] {dagbag.py:588} INFO - Filling up the DagBag from /home/airflow/.local/lib/python3.12/site-packages/airflow/example_dags/example_display_name.py
[2025-01-16T15:52:46.152+0000] {processor.py:925} INFO - DAG(s) 'example_display_name' retrieved from /home/airflow/.local/lib/python3.12/site-packages/airflow/example_dags/example_display_name.py
[2025-01-16T15:52:46.166+0000] {logging_mixin.py:190} INFO - [2025-01-16T15:52:46.166+0000] {dag.py:3239} INFO - Sync 1 DAGs
[2025-01-16T15:52:46.176+0000] {logging_mixin.py:190} INFO - [2025-01-16T15:52:46.176+0000] {dag.py:4180} INFO - Setting next_dagrun for example_display_name to None, run_after=None
[2025-01-16T15:52:46.189+0000] {processor.py:208} INFO - Processing /home/airflow/.local/lib/python3.12/site-packages/airflow/example_dags/example_display_name.py took 0.049 seconds
[2025-01-16T15:53:17.222+0000] {processor.py:186} INFO - Started process (PID=11340) to work on /home/airflow/.local/lib/python3.12/site-packages/airflow/example_dags/example_display_name.py
[2025-01-16T15:53:17.223+0000] {processor.py:914} INFO - Processing file /home/airflow/.local/lib/python3.12/site-packages/airflow/example_dags/example_display_name.py for tasks to queue
[2025-01-16T15:53:17.224+0000] {logging_mixin.py:190} INFO - [2025-01-16T15:53:17.224+0000] {dagbag.py:588} INFO - Filling up the DagBag from /home/airflow/.local/lib/python3.12/site-packages/airflow/example_dags/example_display_name.py
[2025-01-16T15:53:17.230+0000] {processor.py:925} INFO - DAG(s) 'example_display_name' retrieved from /home/airflow/.local/lib/python3.12/site-packages/airflow/example_dags/example_display_name.py
[2025-01-16T15:53:17.244+0000] {logging_mixin.py:190} INFO - [2025-01-16T15:53:17.244+0000] {dag.py:3239} INFO - Sync 1 DAGs
[2025-01-16T15:53:17.255+0000] {logging_mixin.py:190} INFO - [2025-01-16T15:53:17.254+0000] {dag.py:4180} INFO - Setting next_dagrun for example_display_name to None, run_after=None
[2025-01-16T15:53:17.268+0000] {processor.py:208} INFO - Processing /home/airflow/.local/lib/python3.12/site-packages/airflow/example_dags/example_display_name.py took 0.049 seconds
[2025-01-16T15:53:47.865+0000] {processor.py:186} INFO - Started process (PID=11636) to work on /home/airflow/.local/lib/python3.12/site-packages/airflow/example_dags/example_display_name.py
[2025-01-16T15:53:47.866+0000] {processor.py:914} INFO - Processing file /home/airflow/.local/lib/python3.12/site-packages/airflow/example_dags/example_display_name.py for tasks to queue
[2025-01-16T15:53:47.868+0000] {logging_mixin.py:190} INFO - [2025-01-16T15:53:47.868+0000] {dagbag.py:588} INFO - Filling up the DagBag from /home/airflow/.local/lib/python3.12/site-packages/airflow/example_dags/example_display_name.py
[2025-01-16T15:53:47.873+0000] {processor.py:925} INFO - DAG(s) 'example_display_name' retrieved from /home/airflow/.local/lib/python3.12/site-packages/airflow/example_dags/example_display_name.py
[2025-01-16T15:53:47.887+0000] {logging_mixin.py:190} INFO - [2025-01-16T15:53:47.887+0000] {dag.py:3239} INFO - Sync 1 DAGs
[2025-01-16T15:53:47.898+0000] {logging_mixin.py:190} INFO - [2025-01-16T15:53:47.897+0000] {dag.py:4180} INFO - Setting next_dagrun for example_display_name to None, run_after=None
[2025-01-16T15:53:47.910+0000] {processor.py:208} INFO - Processing /home/airflow/.local/lib/python3.12/site-packages/airflow/example_dags/example_display_name.py took 0.049 seconds
[2025-01-16T15:54:19.090+0000] {processor.py:186} INFO - Started process (PID=11942) to work on /home/airflow/.local/lib/python3.12/site-packages/airflow/example_dags/example_display_name.py
[2025-01-16T15:54:19.091+0000] {processor.py:914} INFO - Processing file /home/airflow/.local/lib/python3.12/site-packages/airflow/example_dags/example_display_name.py for tasks to queue
[2025-01-16T15:54:19.092+0000] {logging_mixin.py:190} INFO - [2025-01-16T15:54:19.092+0000] {dagbag.py:588} INFO - Filling up the DagBag from /home/airflow/.local/lib/python3.12/site-packages/airflow/example_dags/example_display_name.py
[2025-01-16T15:54:19.098+0000] {processor.py:925} INFO - DAG(s) 'example_display_name' retrieved from /home/airflow/.local/lib/python3.12/site-packages/airflow/example_dags/example_display_name.py
[2025-01-16T15:54:19.112+0000] {logging_mixin.py:190} INFO - [2025-01-16T15:54:19.112+0000] {dag.py:3239} INFO - Sync 1 DAGs
[2025-01-16T15:54:19.122+0000] {logging_mixin.py:190} INFO - [2025-01-16T15:54:19.122+0000] {dag.py:4180} INFO - Setting next_dagrun for example_display_name to None, run_after=None
[2025-01-16T15:54:19.135+0000] {processor.py:208} INFO - Processing /home/airflow/.local/lib/python3.12/site-packages/airflow/example_dags/example_display_name.py took 0.050 seconds
[2025-01-16T15:54:49.780+0000] {processor.py:186} INFO - Started process (PID=12240) to work on /home/airflow/.local/lib/python3.12/site-packages/airflow/example_dags/example_display_name.py
[2025-01-16T15:54:49.781+0000] {processor.py:914} INFO - Processing file /home/airflow/.local/lib/python3.12/site-packages/airflow/example_dags/example_display_name.py for tasks to queue
[2025-01-16T15:54:49.783+0000] {logging_mixin.py:190} INFO - [2025-01-16T15:54:49.782+0000] {dagbag.py:588} INFO - Filling up the DagBag from /home/airflow/.local/lib/python3.12/site-packages/airflow/example_dags/example_display_name.py
[2025-01-16T15:54:49.788+0000] {processor.py:925} INFO - DAG(s) 'example_display_name' retrieved from /home/airflow/.local/lib/python3.12/site-packages/airflow/example_dags/example_display_name.py
[2025-01-16T15:54:49.802+0000] {logging_mixin.py:190} INFO - [2025-01-16T15:54:49.802+0000] {dag.py:3239} INFO - Sync 1 DAGs
[2025-01-16T15:54:49.813+0000] {logging_mixin.py:190} INFO - [2025-01-16T15:54:49.812+0000] {dag.py:4180} INFO - Setting next_dagrun for example_display_name to None, run_after=None
[2025-01-16T15:54:49.825+0000] {processor.py:208} INFO - Processing /home/airflow/.local/lib/python3.12/site-packages/airflow/example_dags/example_display_name.py took 0.049 seconds
[2025-01-16T15:55:20.549+0000] {processor.py:186} INFO - Started process (PID=12534) to work on /home/airflow/.local/lib/python3.12/site-packages/airflow/example_dags/example_display_name.py
[2025-01-16T15:55:20.550+0000] {processor.py:914} INFO - Processing file /home/airflow/.local/lib/python3.12/site-packages/airflow/example_dags/example_display_name.py for tasks to queue
[2025-01-16T15:55:20.551+0000] {logging_mixin.py:190} INFO - [2025-01-16T15:55:20.551+0000] {dagbag.py:588} INFO - Filling up the DagBag from /home/airflow/.local/lib/python3.12/site-packages/airflow/example_dags/example_display_name.py
[2025-01-16T15:55:20.557+0000] {processor.py:925} INFO - DAG(s) 'example_display_name' retrieved from /home/airflow/.local/lib/python3.12/site-packages/airflow/example_dags/example_display_name.py
[2025-01-16T15:55:20.571+0000] {logging_mixin.py:190} INFO - [2025-01-16T15:55:20.571+0000] {dag.py:3239} INFO - Sync 1 DAGs
[2025-01-16T15:55:20.583+0000] {logging_mixin.py:190} INFO - [2025-01-16T15:55:20.583+0000] {dag.py:4180} INFO - Setting next_dagrun for example_display_name to None, run_after=None
[2025-01-16T15:55:20.597+0000] {processor.py:208} INFO - Processing /home/airflow/.local/lib/python3.12/site-packages/airflow/example_dags/example_display_name.py took 0.052 seconds
[2025-01-16T15:55:51.301+0000] {processor.py:186} INFO - Started process (PID=12832) to work on /home/airflow/.local/lib/python3.12/site-packages/airflow/example_dags/example_display_name.py
[2025-01-16T15:55:51.302+0000] {processor.py:914} INFO - Processing file /home/airflow/.local/lib/python3.12/site-packages/airflow/example_dags/example_display_name.py for tasks to queue
[2025-01-16T15:55:51.304+0000] {logging_mixin.py:190} INFO - [2025-01-16T15:55:51.303+0000] {dagbag.py:588} INFO - Filling up the DagBag from /home/airflow/.local/lib/python3.12/site-packages/airflow/example_dags/example_display_name.py
[2025-01-16T15:55:51.309+0000] {processor.py:925} INFO - DAG(s) 'example_display_name' retrieved from /home/airflow/.local/lib/python3.12/site-packages/airflow/example_dags/example_display_name.py
[2025-01-16T15:55:51.329+0000] {logging_mixin.py:190} INFO - [2025-01-16T15:55:51.329+0000] {dag.py:3239} INFO - Sync 1 DAGs
[2025-01-16T15:55:51.340+0000] {logging_mixin.py:190} INFO - [2025-01-16T15:55:51.339+0000] {dag.py:4180} INFO - Setting next_dagrun for example_display_name to None, run_after=None
[2025-01-16T15:55:51.352+0000] {processor.py:208} INFO - Processing /home/airflow/.local/lib/python3.12/site-packages/airflow/example_dags/example_display_name.py took 0.055 seconds
[2025-01-16T15:56:22.247+0000] {processor.py:186} INFO - Started process (PID=13126) to work on /home/airflow/.local/lib/python3.12/site-packages/airflow/example_dags/example_display_name.py
[2025-01-16T15:56:22.247+0000] {processor.py:914} INFO - Processing file /home/airflow/.local/lib/python3.12/site-packages/airflow/example_dags/example_display_name.py for tasks to queue
[2025-01-16T15:56:22.249+0000] {logging_mixin.py:190} INFO - [2025-01-16T15:56:22.249+0000] {dagbag.py:588} INFO - Filling up the DagBag from /home/airflow/.local/lib/python3.12/site-packages/airflow/example_dags/example_display_name.py
[2025-01-16T15:56:22.255+0000] {processor.py:925} INFO - DAG(s) 'example_display_name' retrieved from /home/airflow/.local/lib/python3.12/site-packages/airflow/example_dags/example_display_name.py
[2025-01-16T15:56:22.269+0000] {logging_mixin.py:190} INFO - [2025-01-16T15:56:22.269+0000] {dag.py:3239} INFO - Sync 1 DAGs
[2025-01-16T15:56:22.281+0000] {logging_mixin.py:190} INFO - [2025-01-16T15:56:22.281+0000] {dag.py:4180} INFO - Setting next_dagrun for example_display_name to None, run_after=None
[2025-01-16T15:56:22.295+0000] {processor.py:208} INFO - Processing /home/airflow/.local/lib/python3.12/site-packages/airflow/example_dags/example_display_name.py took 0.052 seconds
[2025-01-16T15:56:53.176+0000] {processor.py:186} INFO - Started process (PID=13419) to work on /home/airflow/.local/lib/python3.12/site-packages/airflow/example_dags/example_display_name.py
[2025-01-16T15:56:53.177+0000] {processor.py:914} INFO - Processing file /home/airflow/.local/lib/python3.12/site-packages/airflow/example_dags/example_display_name.py for tasks to queue
[2025-01-16T15:56:53.179+0000] {logging_mixin.py:190} INFO - [2025-01-16T15:56:53.179+0000] {dagbag.py:588} INFO - Filling up the DagBag from /home/airflow/.local/lib/python3.12/site-packages/airflow/example_dags/example_display_name.py
[2025-01-16T15:56:53.185+0000] {processor.py:925} INFO - DAG(s) 'example_display_name' retrieved from /home/airflow/.local/lib/python3.12/site-packages/airflow/example_dags/example_display_name.py
[2025-01-16T15:56:53.200+0000] {logging_mixin.py:190} INFO - [2025-01-16T15:56:53.200+0000] {dag.py:3239} INFO - Sync 1 DAGs
[2025-01-16T15:56:53.211+0000] {logging_mixin.py:190} INFO - [2025-01-16T15:56:53.211+0000] {dag.py:4180} INFO - Setting next_dagrun for example_display_name to None, run_after=None
[2025-01-16T15:56:53.225+0000] {processor.py:208} INFO - Processing /home/airflow/.local/lib/python3.12/site-packages/airflow/example_dags/example_display_name.py took 0.053 seconds
[2025-01-16T15:57:24.093+0000] {processor.py:186} INFO - Started process (PID=13718) to work on /home/airflow/.local/lib/python3.12/site-packages/airflow/example_dags/example_display_name.py
[2025-01-16T15:57:24.094+0000] {processor.py:914} INFO - Processing file /home/airflow/.local/lib/python3.12/site-packages/airflow/example_dags/example_display_name.py for tasks to queue
[2025-01-16T15:57:24.096+0000] {logging_mixin.py:190} INFO - [2025-01-16T15:57:24.096+0000] {dagbag.py:588} INFO - Filling up the DagBag from /home/airflow/.local/lib/python3.12/site-packages/airflow/example_dags/example_display_name.py
[2025-01-16T15:57:24.102+0000] {processor.py:925} INFO - DAG(s) 'example_display_name' retrieved from /home/airflow/.local/lib/python3.12/site-packages/airflow/example_dags/example_display_name.py
[2025-01-16T15:57:24.117+0000] {logging_mixin.py:190} INFO - [2025-01-16T15:57:24.117+0000] {dag.py:3239} INFO - Sync 1 DAGs
[2025-01-16T15:57:24.128+0000] {logging_mixin.py:190} INFO - [2025-01-16T15:57:24.128+0000] {dag.py:4180} INFO - Setting next_dagrun for example_display_name to None, run_after=None
[2025-01-16T15:57:24.143+0000] {processor.py:208} INFO - Processing /home/airflow/.local/lib/python3.12/site-packages/airflow/example_dags/example_display_name.py took 0.054 seconds
[2025-01-16T15:57:55.104+0000] {processor.py:186} INFO - Started process (PID=14014) to work on /home/airflow/.local/lib/python3.12/site-packages/airflow/example_dags/example_display_name.py
[2025-01-16T15:57:55.105+0000] {processor.py:914} INFO - Processing file /home/airflow/.local/lib/python3.12/site-packages/airflow/example_dags/example_display_name.py for tasks to queue
[2025-01-16T15:57:55.107+0000] {logging_mixin.py:190} INFO - [2025-01-16T15:57:55.107+0000] {dagbag.py:588} INFO - Filling up the DagBag from /home/airflow/.local/lib/python3.12/site-packages/airflow/example_dags/example_display_name.py
[2025-01-16T15:57:55.113+0000] {processor.py:925} INFO - DAG(s) 'example_display_name' retrieved from /home/airflow/.local/lib/python3.12/site-packages/airflow/example_dags/example_display_name.py
[2025-01-16T15:57:55.131+0000] {logging_mixin.py:190} INFO - [2025-01-16T15:57:55.131+0000] {dag.py:3239} INFO - Sync 1 DAGs
[2025-01-16T15:57:55.144+0000] {logging_mixin.py:190} INFO - [2025-01-16T15:57:55.143+0000] {dag.py:4180} INFO - Setting next_dagrun for example_display_name to None, run_after=None
[2025-01-16T15:57:55.159+0000] {processor.py:208} INFO - Processing /home/airflow/.local/lib/python3.12/site-packages/airflow/example_dags/example_display_name.py took 0.059 seconds
[2025-01-16T15:58:26.391+0000] {processor.py:186} INFO - Started process (PID=14305) to work on /home/airflow/.local/lib/python3.12/site-packages/airflow/example_dags/example_display_name.py
[2025-01-16T15:58:26.392+0000] {processor.py:914} INFO - Processing file /home/airflow/.local/lib/python3.12/site-packages/airflow/example_dags/example_display_name.py for tasks to queue
[2025-01-16T15:58:26.394+0000] {logging_mixin.py:190} INFO - [2025-01-16T15:58:26.394+0000] {dagbag.py:588} INFO - Filling up the DagBag from /home/airflow/.local/lib/python3.12/site-packages/airflow/example_dags/example_display_name.py
[2025-01-16T15:58:26.401+0000] {processor.py:925} INFO - DAG(s) 'example_display_name' retrieved from /home/airflow/.local/lib/python3.12/site-packages/airflow/example_dags/example_display_name.py
[2025-01-16T15:58:26.417+0000] {logging_mixin.py:190} INFO - [2025-01-16T15:58:26.417+0000] {dag.py:3239} INFO - Sync 1 DAGs
[2025-01-16T15:58:26.429+0000] {logging_mixin.py:190} INFO - [2025-01-16T15:58:26.429+0000] {dag.py:4180} INFO - Setting next_dagrun for example_display_name to None, run_after=None
[2025-01-16T15:58:26.442+0000] {processor.py:208} INFO - Processing /home/airflow/.local/lib/python3.12/site-packages/airflow/example_dags/example_display_name.py took 0.055 seconds
[2025-01-16T15:58:57.644+0000] {processor.py:186} INFO - Started process (PID=14601) to work on /home/airflow/.local/lib/python3.12/site-packages/airflow/example_dags/example_display_name.py
[2025-01-16T15:58:57.645+0000] {processor.py:914} INFO - Processing file /home/airflow/.local/lib/python3.12/site-packages/airflow/example_dags/example_display_name.py for tasks to queue
[2025-01-16T15:58:57.647+0000] {logging_mixin.py:190} INFO - [2025-01-16T15:58:57.646+0000] {dagbag.py:588} INFO - Filling up the DagBag from /home/airflow/.local/lib/python3.12/site-packages/airflow/example_dags/example_display_name.py
[2025-01-16T15:58:57.652+0000] {processor.py:925} INFO - DAG(s) 'example_display_name' retrieved from /home/airflow/.local/lib/python3.12/site-packages/airflow/example_dags/example_display_name.py
[2025-01-16T15:58:57.666+0000] {logging_mixin.py:190} INFO - [2025-01-16T15:58:57.666+0000] {dag.py:3239} INFO - Sync 1 DAGs
[2025-01-16T15:58:57.677+0000] {logging_mixin.py:190} INFO - [2025-01-16T15:58:57.677+0000] {dag.py:4180} INFO - Setting next_dagrun for example_display_name to None, run_after=None
[2025-01-16T15:58:57.690+0000] {processor.py:208} INFO - Processing /home/airflow/.local/lib/python3.12/site-packages/airflow/example_dags/example_display_name.py took 0.050 seconds
[2025-01-16T15:59:28.807+0000] {processor.py:186} INFO - Started process (PID=14899) to work on /home/airflow/.local/lib/python3.12/site-packages/airflow/example_dags/example_display_name.py
[2025-01-16T15:59:28.808+0000] {processor.py:914} INFO - Processing file /home/airflow/.local/lib/python3.12/site-packages/airflow/example_dags/example_display_name.py for tasks to queue
[2025-01-16T15:59:28.809+0000] {logging_mixin.py:190} INFO - [2025-01-16T15:59:28.809+0000] {dagbag.py:588} INFO - Filling up the DagBag from /home/airflow/.local/lib/python3.12/site-packages/airflow/example_dags/example_display_name.py
[2025-01-16T15:59:28.815+0000] {processor.py:925} INFO - DAG(s) 'example_display_name' retrieved from /home/airflow/.local/lib/python3.12/site-packages/airflow/example_dags/example_display_name.py
[2025-01-16T15:59:28.829+0000] {logging_mixin.py:190} INFO - [2025-01-16T15:59:28.829+0000] {dag.py:3239} INFO - Sync 1 DAGs
[2025-01-16T15:59:28.840+0000] {logging_mixin.py:190} INFO - [2025-01-16T15:59:28.840+0000] {dag.py:4180} INFO - Setting next_dagrun for example_display_name to None, run_after=None
[2025-01-16T15:59:28.852+0000] {processor.py:208} INFO - Processing /home/airflow/.local/lib/python3.12/site-packages/airflow/example_dags/example_display_name.py took 0.049 seconds
[2025-01-16T15:59:59.991+0000] {processor.py:186} INFO - Started process (PID=15195) to work on /home/airflow/.local/lib/python3.12/site-packages/airflow/example_dags/example_display_name.py
[2025-01-16T15:59:59.992+0000] {processor.py:914} INFO - Processing file /home/airflow/.local/lib/python3.12/site-packages/airflow/example_dags/example_display_name.py for tasks to queue
[2025-01-16T15:59:59.994+0000] {logging_mixin.py:190} INFO - [2025-01-16T15:59:59.994+0000] {dagbag.py:588} INFO - Filling up the DagBag from /home/airflow/.local/lib/python3.12/site-packages/airflow/example_dags/example_display_name.py
[2025-01-16T15:59:59.999+0000] {processor.py:925} INFO - DAG(s) 'example_display_name' retrieved from /home/airflow/.local/lib/python3.12/site-packages/airflow/example_dags/example_display_name.py
[2025-01-16T16:00:00.015+0000] {logging_mixin.py:190} INFO - [2025-01-16T16:00:00.015+0000] {dag.py:3239} INFO - Sync 1 DAGs
[2025-01-16T16:00:00.026+0000] {logging_mixin.py:190} INFO - [2025-01-16T16:00:00.025+0000] {dag.py:4180} INFO - Setting next_dagrun for example_display_name to None, run_after=None
[2025-01-16T16:00:00.038+0000] {processor.py:208} INFO - Processing /home/airflow/.local/lib/python3.12/site-packages/airflow/example_dags/example_display_name.py took 0.051 seconds
[2025-01-16T16:00:33.659+0000] {processor.py:186} INFO - Started process (PID=15510) to work on /home/airflow/.local/lib/python3.12/site-packages/airflow/example_dags/example_display_name.py
[2025-01-16T16:00:33.660+0000] {processor.py:914} INFO - Processing file /home/airflow/.local/lib/python3.12/site-packages/airflow/example_dags/example_display_name.py for tasks to queue
[2025-01-16T16:00:33.662+0000] {logging_mixin.py:190} INFO - [2025-01-16T16:00:33.662+0000] {dagbag.py:588} INFO - Filling up the DagBag from /home/airflow/.local/lib/python3.12/site-packages/airflow/example_dags/example_display_name.py
[2025-01-16T16:00:33.668+0000] {processor.py:925} INFO - DAG(s) 'example_display_name' retrieved from /home/airflow/.local/lib/python3.12/site-packages/airflow/example_dags/example_display_name.py
[2025-01-16T16:00:33.682+0000] {logging_mixin.py:190} INFO - [2025-01-16T16:00:33.682+0000] {dag.py:3239} INFO - Sync 1 DAGs
[2025-01-16T16:00:33.693+0000] {logging_mixin.py:190} INFO - [2025-01-16T16:00:33.693+0000] {dag.py:4180} INFO - Setting next_dagrun for example_display_name to None, run_after=None
[2025-01-16T16:00:33.708+0000] {processor.py:208} INFO - Processing /home/airflow/.local/lib/python3.12/site-packages/airflow/example_dags/example_display_name.py took 0.053 seconds
[2025-01-16T16:01:04.360+0000] {processor.py:186} INFO - Started process (PID=15806) to work on /home/airflow/.local/lib/python3.12/site-packages/airflow/example_dags/example_display_name.py
[2025-01-16T16:01:04.361+0000] {processor.py:914} INFO - Processing file /home/airflow/.local/lib/python3.12/site-packages/airflow/example_dags/example_display_name.py for tasks to queue
[2025-01-16T16:01:04.362+0000] {logging_mixin.py:190} INFO - [2025-01-16T16:01:04.362+0000] {dagbag.py:588} INFO - Filling up the DagBag from /home/airflow/.local/lib/python3.12/site-packages/airflow/example_dags/example_display_name.py
[2025-01-16T16:01:04.369+0000] {processor.py:925} INFO - DAG(s) 'example_display_name' retrieved from /home/airflow/.local/lib/python3.12/site-packages/airflow/example_dags/example_display_name.py
[2025-01-16T16:01:04.384+0000] {logging_mixin.py:190} INFO - [2025-01-16T16:01:04.384+0000] {dag.py:3239} INFO - Sync 1 DAGs
[2025-01-16T16:01:04.396+0000] {logging_mixin.py:190} INFO - [2025-01-16T16:01:04.396+0000] {dag.py:4180} INFO - Setting next_dagrun for example_display_name to None, run_after=None
[2025-01-16T16:01:04.410+0000] {processor.py:208} INFO - Processing /home/airflow/.local/lib/python3.12/site-packages/airflow/example_dags/example_display_name.py took 0.054 seconds
[2025-01-16T16:01:35.562+0000] {processor.py:186} INFO - Started process (PID=16102) to work on /home/airflow/.local/lib/python3.12/site-packages/airflow/example_dags/example_display_name.py
[2025-01-16T16:01:35.563+0000] {processor.py:914} INFO - Processing file /home/airflow/.local/lib/python3.12/site-packages/airflow/example_dags/example_display_name.py for tasks to queue
[2025-01-16T16:01:35.565+0000] {logging_mixin.py:190} INFO - [2025-01-16T16:01:35.565+0000] {dagbag.py:588} INFO - Filling up the DagBag from /home/airflow/.local/lib/python3.12/site-packages/airflow/example_dags/example_display_name.py
[2025-01-16T16:01:35.571+0000] {processor.py:925} INFO - DAG(s) 'example_display_name' retrieved from /home/airflow/.local/lib/python3.12/site-packages/airflow/example_dags/example_display_name.py
[2025-01-16T16:01:35.585+0000] {logging_mixin.py:190} INFO - [2025-01-16T16:01:35.585+0000] {dag.py:3239} INFO - Sync 1 DAGs
[2025-01-16T16:01:35.596+0000] {logging_mixin.py:190} INFO - [2025-01-16T16:01:35.596+0000] {dag.py:4180} INFO - Setting next_dagrun for example_display_name to None, run_after=None
[2025-01-16T16:01:35.609+0000] {processor.py:208} INFO - Processing /home/airflow/.local/lib/python3.12/site-packages/airflow/example_dags/example_display_name.py took 0.052 seconds
[2025-01-16T16:02:06.422+0000] {processor.py:186} INFO - Started process (PID=16398) to work on /home/airflow/.local/lib/python3.12/site-packages/airflow/example_dags/example_display_name.py
[2025-01-16T16:02:06.423+0000] {processor.py:914} INFO - Processing file /home/airflow/.local/lib/python3.12/site-packages/airflow/example_dags/example_display_name.py for tasks to queue
[2025-01-16T16:02:06.425+0000] {logging_mixin.py:190} INFO - [2025-01-16T16:02:06.424+0000] {dagbag.py:588} INFO - Filling up the DagBag from /home/airflow/.local/lib/python3.12/site-packages/airflow/example_dags/example_display_name.py
[2025-01-16T16:02:06.431+0000] {processor.py:925} INFO - DAG(s) 'example_display_name' retrieved from /home/airflow/.local/lib/python3.12/site-packages/airflow/example_dags/example_display_name.py
[2025-01-16T16:02:06.447+0000] {logging_mixin.py:190} INFO - [2025-01-16T16:02:06.446+0000] {dag.py:3239} INFO - Sync 1 DAGs
[2025-01-16T16:02:06.458+0000] {logging_mixin.py:190} INFO - [2025-01-16T16:02:06.458+0000] {dag.py:4180} INFO - Setting next_dagrun for example_display_name to None, run_after=None
[2025-01-16T16:02:06.471+0000] {processor.py:208} INFO - Processing /home/airflow/.local/lib/python3.12/site-packages/airflow/example_dags/example_display_name.py took 0.054 seconds
[2025-01-16T16:02:37.148+0000] {processor.py:186} INFO - Started process (PID=16699) to work on /home/airflow/.local/lib/python3.12/site-packages/airflow/example_dags/example_display_name.py
[2025-01-16T16:02:37.148+0000] {processor.py:914} INFO - Processing file /home/airflow/.local/lib/python3.12/site-packages/airflow/example_dags/example_display_name.py for tasks to queue
[2025-01-16T16:02:37.150+0000] {logging_mixin.py:190} INFO - [2025-01-16T16:02:37.150+0000] {dagbag.py:588} INFO - Filling up the DagBag from /home/airflow/.local/lib/python3.12/site-packages/airflow/example_dags/example_display_name.py
[2025-01-16T16:02:37.156+0000] {processor.py:925} INFO - DAG(s) 'example_display_name' retrieved from /home/airflow/.local/lib/python3.12/site-packages/airflow/example_dags/example_display_name.py
[2025-01-16T16:02:37.171+0000] {logging_mixin.py:190} INFO - [2025-01-16T16:02:37.171+0000] {dag.py:3239} INFO - Sync 1 DAGs
[2025-01-16T16:02:37.182+0000] {logging_mixin.py:190} INFO - [2025-01-16T16:02:37.182+0000] {dag.py:4180} INFO - Setting next_dagrun for example_display_name to None, run_after=None
[2025-01-16T16:02:37.196+0000] {processor.py:208} INFO - Processing /home/airflow/.local/lib/python3.12/site-packages/airflow/example_dags/example_display_name.py took 0.053 seconds
[2025-01-16T16:03:07.997+0000] {processor.py:186} INFO - Started process (PID=17010) to work on /home/airflow/.local/lib/python3.12/site-packages/airflow/example_dags/example_display_name.py
[2025-01-16T16:03:07.998+0000] {processor.py:914} INFO - Processing file /home/airflow/.local/lib/python3.12/site-packages/airflow/example_dags/example_display_name.py for tasks to queue
[2025-01-16T16:03:08.000+0000] {logging_mixin.py:190} INFO - [2025-01-16T16:03:08.000+0000] {dagbag.py:588} INFO - Filling up the DagBag from /home/airflow/.local/lib/python3.12/site-packages/airflow/example_dags/example_display_name.py
[2025-01-16T16:03:08.007+0000] {processor.py:925} INFO - DAG(s) 'example_display_name' retrieved from /home/airflow/.local/lib/python3.12/site-packages/airflow/example_dags/example_display_name.py
[2025-01-16T16:03:08.024+0000] {logging_mixin.py:190} INFO - [2025-01-16T16:03:08.024+0000] {dag.py:3239} INFO - Sync 1 DAGs
[2025-01-16T16:03:08.036+0000] {logging_mixin.py:190} INFO - [2025-01-16T16:03:08.036+0000] {dag.py:4180} INFO - Setting next_dagrun for example_display_name to None, run_after=None
[2025-01-16T16:03:08.052+0000] {processor.py:208} INFO - Processing /home/airflow/.local/lib/python3.12/site-packages/airflow/example_dags/example_display_name.py took 0.060 seconds
[2025-01-16T16:03:38.680+0000] {processor.py:186} INFO - Started process (PID=17306) to work on /home/airflow/.local/lib/python3.12/site-packages/airflow/example_dags/example_display_name.py
[2025-01-16T16:03:38.681+0000] {processor.py:914} INFO - Processing file /home/airflow/.local/lib/python3.12/site-packages/airflow/example_dags/example_display_name.py for tasks to queue
[2025-01-16T16:03:38.683+0000] {logging_mixin.py:190} INFO - [2025-01-16T16:03:38.683+0000] {dagbag.py:588} INFO - Filling up the DagBag from /home/airflow/.local/lib/python3.12/site-packages/airflow/example_dags/example_display_name.py
[2025-01-16T16:03:38.690+0000] {processor.py:925} INFO - DAG(s) 'example_display_name' retrieved from /home/airflow/.local/lib/python3.12/site-packages/airflow/example_dags/example_display_name.py
[2025-01-16T16:03:38.708+0000] {logging_mixin.py:190} INFO - [2025-01-16T16:03:38.707+0000] {dag.py:3239} INFO - Sync 1 DAGs
[2025-01-16T16:03:38.720+0000] {logging_mixin.py:190} INFO - [2025-01-16T16:03:38.720+0000] {dag.py:4180} INFO - Setting next_dagrun for example_display_name to None, run_after=None
[2025-01-16T16:03:38.737+0000] {processor.py:208} INFO - Processing /home/airflow/.local/lib/python3.12/site-packages/airflow/example_dags/example_display_name.py took 0.063 seconds
[2025-01-16T16:04:09.483+0000] {processor.py:186} INFO - Started process (PID=17602) to work on /home/airflow/.local/lib/python3.12/site-packages/airflow/example_dags/example_display_name.py
[2025-01-16T16:04:09.484+0000] {processor.py:914} INFO - Processing file /home/airflow/.local/lib/python3.12/site-packages/airflow/example_dags/example_display_name.py for tasks to queue
[2025-01-16T16:04:09.486+0000] {logging_mixin.py:190} INFO - [2025-01-16T16:04:09.486+0000] {dagbag.py:588} INFO - Filling up the DagBag from /home/airflow/.local/lib/python3.12/site-packages/airflow/example_dags/example_display_name.py
[2025-01-16T16:04:09.492+0000] {processor.py:925} INFO - DAG(s) 'example_display_name' retrieved from /home/airflow/.local/lib/python3.12/site-packages/airflow/example_dags/example_display_name.py
[2025-01-16T16:04:09.509+0000] {logging_mixin.py:190} INFO - [2025-01-16T16:04:09.509+0000] {dag.py:3239} INFO - Sync 1 DAGs
[2025-01-16T16:04:09.523+0000] {logging_mixin.py:190} INFO - [2025-01-16T16:04:09.523+0000] {dag.py:4180} INFO - Setting next_dagrun for example_display_name to None, run_after=None
[2025-01-16T16:04:09.537+0000] {processor.py:208} INFO - Processing /home/airflow/.local/lib/python3.12/site-packages/airflow/example_dags/example_display_name.py took 0.059 seconds
[2025-01-16T16:04:40.750+0000] {processor.py:186} INFO - Started process (PID=17898) to work on /home/airflow/.local/lib/python3.12/site-packages/airflow/example_dags/example_display_name.py
[2025-01-16T16:04:40.751+0000] {processor.py:914} INFO - Processing file /home/airflow/.local/lib/python3.12/site-packages/airflow/example_dags/example_display_name.py for tasks to queue
[2025-01-16T16:04:40.753+0000] {logging_mixin.py:190} INFO - [2025-01-16T16:04:40.752+0000] {dagbag.py:588} INFO - Filling up the DagBag from /home/airflow/.local/lib/python3.12/site-packages/airflow/example_dags/example_display_name.py
[2025-01-16T16:04:40.758+0000] {processor.py:925} INFO - DAG(s) 'example_display_name' retrieved from /home/airflow/.local/lib/python3.12/site-packages/airflow/example_dags/example_display_name.py
[2025-01-16T16:04:40.772+0000] {logging_mixin.py:190} INFO - [2025-01-16T16:04:40.772+0000] {dag.py:3239} INFO - Sync 1 DAGs
[2025-01-16T16:04:40.921+0000] {logging_mixin.py:190} INFO - [2025-01-16T16:04:40.921+0000] {dag.py:4180} INFO - Setting next_dagrun for example_display_name to None, run_after=None
[2025-01-16T16:04:40.934+0000] {processor.py:208} INFO - Processing /home/airflow/.local/lib/python3.12/site-packages/airflow/example_dags/example_display_name.py took 0.188 seconds
[2025-01-16T16:05:11.298+0000] {processor.py:186} INFO - Started process (PID=18189) to work on /home/airflow/.local/lib/python3.12/site-packages/airflow/example_dags/example_display_name.py
[2025-01-16T16:05:11.299+0000] {processor.py:914} INFO - Processing file /home/airflow/.local/lib/python3.12/site-packages/airflow/example_dags/example_display_name.py for tasks to queue
[2025-01-16T16:05:11.301+0000] {logging_mixin.py:190} INFO - [2025-01-16T16:05:11.300+0000] {dagbag.py:588} INFO - Filling up the DagBag from /home/airflow/.local/lib/python3.12/site-packages/airflow/example_dags/example_display_name.py
[2025-01-16T16:05:11.308+0000] {processor.py:925} INFO - DAG(s) 'example_display_name' retrieved from /home/airflow/.local/lib/python3.12/site-packages/airflow/example_dags/example_display_name.py
[2025-01-16T16:05:11.325+0000] {logging_mixin.py:190} INFO - [2025-01-16T16:05:11.325+0000] {dag.py:3239} INFO - Sync 1 DAGs
[2025-01-16T16:05:11.337+0000] {logging_mixin.py:190} INFO - [2025-01-16T16:05:11.337+0000] {dag.py:4180} INFO - Setting next_dagrun for example_display_name to None, run_after=None
[2025-01-16T16:05:11.351+0000] {processor.py:208} INFO - Processing /home/airflow/.local/lib/python3.12/site-packages/airflow/example_dags/example_display_name.py took 0.059 seconds
[2025-01-16T16:05:42.265+0000] {processor.py:186} INFO - Started process (PID=18485) to work on /home/airflow/.local/lib/python3.12/site-packages/airflow/example_dags/example_display_name.py
[2025-01-16T16:05:42.266+0000] {processor.py:914} INFO - Processing file /home/airflow/.local/lib/python3.12/site-packages/airflow/example_dags/example_display_name.py for tasks to queue
[2025-01-16T16:05:42.267+0000] {logging_mixin.py:190} INFO - [2025-01-16T16:05:42.267+0000] {dagbag.py:588} INFO - Filling up the DagBag from /home/airflow/.local/lib/python3.12/site-packages/airflow/example_dags/example_display_name.py
[2025-01-16T16:05:42.272+0000] {processor.py:925} INFO - DAG(s) 'example_display_name' retrieved from /home/airflow/.local/lib/python3.12/site-packages/airflow/example_dags/example_display_name.py
[2025-01-16T16:05:42.287+0000] {logging_mixin.py:190} INFO - [2025-01-16T16:05:42.287+0000] {dag.py:3239} INFO - Sync 1 DAGs
[2025-01-16T16:05:42.298+0000] {logging_mixin.py:190} INFO - [2025-01-16T16:05:42.298+0000] {dag.py:4180} INFO - Setting next_dagrun for example_display_name to None, run_after=None
[2025-01-16T16:05:42.311+0000] {processor.py:208} INFO - Processing /home/airflow/.local/lib/python3.12/site-packages/airflow/example_dags/example_display_name.py took 0.050 seconds
[2025-01-16T16:06:14.212+0000] {processor.py:186} INFO - Started process (PID=18788) to work on /home/airflow/.local/lib/python3.12/site-packages/airflow/example_dags/example_display_name.py
[2025-01-16T16:06:14.212+0000] {processor.py:914} INFO - Processing file /home/airflow/.local/lib/python3.12/site-packages/airflow/example_dags/example_display_name.py for tasks to queue
[2025-01-16T16:06:14.213+0000] {logging_mixin.py:190} INFO - [2025-01-16T16:06:14.213+0000] {dagbag.py:588} INFO - Filling up the DagBag from /home/airflow/.local/lib/python3.12/site-packages/airflow/example_dags/example_display_name.py
[2025-01-16T16:06:14.219+0000] {processor.py:925} INFO - DAG(s) 'example_display_name' retrieved from /home/airflow/.local/lib/python3.12/site-packages/airflow/example_dags/example_display_name.py
[2025-01-16T16:06:14.232+0000] {logging_mixin.py:190} INFO - [2025-01-16T16:06:14.232+0000] {dag.py:3239} INFO - Sync 1 DAGs
[2025-01-16T16:06:14.243+0000] {logging_mixin.py:190} INFO - [2025-01-16T16:06:14.243+0000] {dag.py:4180} INFO - Setting next_dagrun for example_display_name to None, run_after=None
[2025-01-16T16:06:14.255+0000] {processor.py:208} INFO - Processing /home/airflow/.local/lib/python3.12/site-packages/airflow/example_dags/example_display_name.py took 0.048 seconds
[2025-01-16T16:06:45.480+0000] {processor.py:186} INFO - Started process (PID=19082) to work on /home/airflow/.local/lib/python3.12/site-packages/airflow/example_dags/example_display_name.py
[2025-01-16T16:06:45.481+0000] {processor.py:914} INFO - Processing file /home/airflow/.local/lib/python3.12/site-packages/airflow/example_dags/example_display_name.py for tasks to queue
[2025-01-16T16:06:45.483+0000] {logging_mixin.py:190} INFO - [2025-01-16T16:06:45.482+0000] {dagbag.py:588} INFO - Filling up the DagBag from /home/airflow/.local/lib/python3.12/site-packages/airflow/example_dags/example_display_name.py
[2025-01-16T16:06:45.492+0000] {processor.py:925} INFO - DAG(s) 'example_display_name' retrieved from /home/airflow/.local/lib/python3.12/site-packages/airflow/example_dags/example_display_name.py
[2025-01-16T16:06:45.510+0000] {logging_mixin.py:190} INFO - [2025-01-16T16:06:45.510+0000] {dag.py:3239} INFO - Sync 1 DAGs
[2025-01-16T16:06:45.530+0000] {logging_mixin.py:190} INFO - [2025-01-16T16:06:45.529+0000] {dag.py:4180} INFO - Setting next_dagrun for example_display_name to None, run_after=None
[2025-01-16T16:06:45.547+0000] {processor.py:208} INFO - Processing /home/airflow/.local/lib/python3.12/site-packages/airflow/example_dags/example_display_name.py took 0.072 seconds
[2025-01-16T16:07:16.230+0000] {processor.py:186} INFO - Started process (PID=19373) to work on /home/airflow/.local/lib/python3.12/site-packages/airflow/example_dags/example_display_name.py
[2025-01-16T16:07:16.231+0000] {processor.py:914} INFO - Processing file /home/airflow/.local/lib/python3.12/site-packages/airflow/example_dags/example_display_name.py for tasks to queue
[2025-01-16T16:07:16.231+0000] {logging_mixin.py:190} INFO - [2025-01-16T16:07:16.231+0000] {dagbag.py:588} INFO - Filling up the DagBag from /home/airflow/.local/lib/python3.12/site-packages/airflow/example_dags/example_display_name.py
[2025-01-16T16:07:16.237+0000] {processor.py:925} INFO - DAG(s) 'example_display_name' retrieved from /home/airflow/.local/lib/python3.12/site-packages/airflow/example_dags/example_display_name.py
[2025-01-16T16:07:16.252+0000] {logging_mixin.py:190} INFO - [2025-01-16T16:07:16.251+0000] {dag.py:3239} INFO - Sync 1 DAGs
[2025-01-16T16:07:16.263+0000] {logging_mixin.py:190} INFO - [2025-01-16T16:07:16.263+0000] {dag.py:4180} INFO - Setting next_dagrun for example_display_name to None, run_after=None
[2025-01-16T16:07:16.276+0000] {processor.py:208} INFO - Processing /home/airflow/.local/lib/python3.12/site-packages/airflow/example_dags/example_display_name.py took 0.050 seconds
[2025-01-16T16:07:47.245+0000] {processor.py:186} INFO - Started process (PID=19669) to work on /home/airflow/.local/lib/python3.12/site-packages/airflow/example_dags/example_display_name.py
[2025-01-16T16:07:47.246+0000] {processor.py:914} INFO - Processing file /home/airflow/.local/lib/python3.12/site-packages/airflow/example_dags/example_display_name.py for tasks to queue
[2025-01-16T16:07:47.247+0000] {logging_mixin.py:190} INFO - [2025-01-16T16:07:47.247+0000] {dagbag.py:588} INFO - Filling up the DagBag from /home/airflow/.local/lib/python3.12/site-packages/airflow/example_dags/example_display_name.py
[2025-01-16T16:07:47.253+0000] {processor.py:925} INFO - DAG(s) 'example_display_name' retrieved from /home/airflow/.local/lib/python3.12/site-packages/airflow/example_dags/example_display_name.py
[2025-01-16T16:07:47.267+0000] {logging_mixin.py:190} INFO - [2025-01-16T16:07:47.267+0000] {dag.py:3239} INFO - Sync 1 DAGs
[2025-01-16T16:07:47.277+0000] {logging_mixin.py:190} INFO - [2025-01-16T16:07:47.277+0000] {dag.py:4180} INFO - Setting next_dagrun for example_display_name to None, run_after=None
[2025-01-16T16:07:47.291+0000] {processor.py:208} INFO - Processing /home/airflow/.local/lib/python3.12/site-packages/airflow/example_dags/example_display_name.py took 0.050 seconds
[2025-01-16T16:08:18.863+0000] {processor.py:186} INFO - Started process (PID=19970) to work on /home/airflow/.local/lib/python3.12/site-packages/airflow/example_dags/example_display_name.py
[2025-01-16T16:08:18.863+0000] {processor.py:914} INFO - Processing file /home/airflow/.local/lib/python3.12/site-packages/airflow/example_dags/example_display_name.py for tasks to queue
[2025-01-16T16:08:18.864+0000] {logging_mixin.py:190} INFO - [2025-01-16T16:08:18.864+0000] {dagbag.py:588} INFO - Filling up the DagBag from /home/airflow/.local/lib/python3.12/site-packages/airflow/example_dags/example_display_name.py
[2025-01-16T16:08:18.870+0000] {processor.py:925} INFO - DAG(s) 'example_display_name' retrieved from /home/airflow/.local/lib/python3.12/site-packages/airflow/example_dags/example_display_name.py
[2025-01-16T16:08:18.886+0000] {logging_mixin.py:190} INFO - [2025-01-16T16:08:18.885+0000] {dag.py:3239} INFO - Sync 1 DAGs
[2025-01-16T16:08:18.898+0000] {logging_mixin.py:190} INFO - [2025-01-16T16:08:18.897+0000] {dag.py:4180} INFO - Setting next_dagrun for example_display_name to None, run_after=None
[2025-01-16T16:08:18.912+0000] {processor.py:208} INFO - Processing /home/airflow/.local/lib/python3.12/site-packages/airflow/example_dags/example_display_name.py took 0.054 seconds
