[2025-01-16T15:34:10.822+0000] {processor.py:186} INFO - Started process (PID=452) to work on /home/airflow/.local/lib/python3.12/site-packages/airflow/example_dags/example_nested_branch_dag.py
[2025-01-16T15:34:10.823+0000] {processor.py:914} INFO - Processing file /home/airflow/.local/lib/python3.12/site-packages/airflow/example_dags/example_nested_branch_dag.py for tasks to queue
[2025-01-16T15:34:10.826+0000] {logging_mixin.py:190} INFO - [2025-01-16T15:34:10.826+0000] {dagbag.py:588} INFO - Filling up the DagBag from /home/airflow/.local/lib/python3.12/site-packages/airflow/example_dags/example_nested_branch_dag.py
[2025-01-16T15:34:10.850+0000] {processor.py:925} INFO - DAG(s) 'example_nested_branch_dag' retrieved from /home/airflow/.local/lib/python3.12/site-packages/airflow/example_dags/example_nested_branch_dag.py
[2025-01-16T15:34:11.035+0000] {logging_mixin.py:190} INFO - [2025-01-16T15:34:11.034+0000] {override.py:1911} INFO - Created Permission View: can edit on DAG:example_nested_branch_dag
[2025-01-16T15:34:11.055+0000] {logging_mixin.py:190} INFO - [2025-01-16T15:34:11.055+0000] {override.py:1911} INFO - Created Permission View: can delete on DAG:example_nested_branch_dag
[2025-01-16T15:34:11.064+0000] {logging_mixin.py:190} INFO - [2025-01-16T15:34:11.064+0000] {override.py:1911} INFO - Created Permission View: can read on DAG:example_nested_branch_dag
[2025-01-16T15:34:11.083+0000] {logging_mixin.py:190} INFO - [2025-01-16T15:34:11.082+0000] {override.py:1911} INFO - Created Permission View: can create on DAG Run:example_nested_branch_dag
[2025-01-16T15:34:11.095+0000] {logging_mixin.py:190} INFO - [2025-01-16T15:34:11.095+0000] {override.py:1911} INFO - Created Permission View: can delete on DAG Run:example_nested_branch_dag
[2025-01-16T15:34:11.111+0000] {logging_mixin.py:190} INFO - [2025-01-16T15:34:11.111+0000] {override.py:1911} INFO - Created Permission View: menu access on DAG Run:example_nested_branch_dag
[2025-01-16T15:34:11.125+0000] {logging_mixin.py:190} INFO - [2025-01-16T15:34:11.125+0000] {override.py:1911} INFO - Created Permission View: can read on DAG Run:example_nested_branch_dag
[2025-01-16T15:34:11.128+0000] {logging_mixin.py:190} INFO - [2025-01-16T15:34:11.127+0000] {dag.py:3239} INFO - Sync 1 DAGs
[2025-01-16T15:34:11.152+0000] {logging_mixin.py:190} INFO - [2025-01-16T15:34:11.152+0000] {dag.py:3262} INFO - Creating ORM DAG for example_nested_branch_dag
[2025-01-16T15:34:11.171+0000] {logging_mixin.py:190} INFO - [2025-01-16T15:34:11.171+0000] {dag.py:4180} INFO - Setting next_dagrun for example_nested_branch_dag to 2025-01-15 00:00:00+00:00, run_after=2025-01-16 00:00:00+00:00
[2025-01-16T15:34:11.202+0000] {processor.py:208} INFO - Processing /home/airflow/.local/lib/python3.12/site-packages/airflow/example_dags/example_nested_branch_dag.py took 0.388 seconds
[2025-01-16T15:34:41.351+0000] {processor.py:186} INFO - Started process (PID=748) to work on /home/airflow/.local/lib/python3.12/site-packages/airflow/example_dags/example_nested_branch_dag.py
[2025-01-16T15:34:41.351+0000] {processor.py:914} INFO - Processing file /home/airflow/.local/lib/python3.12/site-packages/airflow/example_dags/example_nested_branch_dag.py for tasks to queue
[2025-01-16T15:34:41.354+0000] {logging_mixin.py:190} INFO - [2025-01-16T15:34:41.353+0000] {dagbag.py:588} INFO - Filling up the DagBag from /home/airflow/.local/lib/python3.12/site-packages/airflow/example_dags/example_nested_branch_dag.py
[2025-01-16T15:34:41.363+0000] {processor.py:925} INFO - DAG(s) 'example_nested_branch_dag' retrieved from /home/airflow/.local/lib/python3.12/site-packages/airflow/example_dags/example_nested_branch_dag.py
[2025-01-16T15:34:41.380+0000] {logging_mixin.py:190} INFO - [2025-01-16T15:34:41.380+0000] {dag.py:3239} INFO - Sync 1 DAGs
[2025-01-16T15:34:41.402+0000] {logging_mixin.py:190} INFO - [2025-01-16T15:34:41.401+0000] {dag.py:4180} INFO - Setting next_dagrun for example_nested_branch_dag to 2025-01-15 00:00:00+00:00, run_after=2025-01-16 00:00:00+00:00
[2025-01-16T15:34:41.421+0000] {processor.py:208} INFO - Processing /home/airflow/.local/lib/python3.12/site-packages/airflow/example_dags/example_nested_branch_dag.py took 0.075 seconds
[2025-01-16T15:35:11.803+0000] {processor.py:186} INFO - Started process (PID=1045) to work on /home/airflow/.local/lib/python3.12/site-packages/airflow/example_dags/example_nested_branch_dag.py
[2025-01-16T15:35:11.804+0000] {processor.py:914} INFO - Processing file /home/airflow/.local/lib/python3.12/site-packages/airflow/example_dags/example_nested_branch_dag.py for tasks to queue
[2025-01-16T15:35:11.806+0000] {logging_mixin.py:190} INFO - [2025-01-16T15:35:11.806+0000] {dagbag.py:588} INFO - Filling up the DagBag from /home/airflow/.local/lib/python3.12/site-packages/airflow/example_dags/example_nested_branch_dag.py
[2025-01-16T15:35:11.816+0000] {processor.py:925} INFO - DAG(s) 'example_nested_branch_dag' retrieved from /home/airflow/.local/lib/python3.12/site-packages/airflow/example_dags/example_nested_branch_dag.py
[2025-01-16T15:35:11.832+0000] {logging_mixin.py:190} INFO - [2025-01-16T15:35:11.832+0000] {dag.py:3239} INFO - Sync 1 DAGs
[2025-01-16T15:35:11.853+0000] {logging_mixin.py:190} INFO - [2025-01-16T15:35:11.853+0000] {dag.py:4180} INFO - Setting next_dagrun for example_nested_branch_dag to 2025-01-15 00:00:00+00:00, run_after=2025-01-16 00:00:00+00:00
[2025-01-16T15:35:11.870+0000] {processor.py:208} INFO - Processing /home/airflow/.local/lib/python3.12/site-packages/airflow/example_dags/example_nested_branch_dag.py took 0.071 seconds
[2025-01-16T15:35:42.026+0000] {processor.py:186} INFO - Started process (PID=1346) to work on /home/airflow/.local/lib/python3.12/site-packages/airflow/example_dags/example_nested_branch_dag.py
[2025-01-16T15:35:42.027+0000] {processor.py:914} INFO - Processing file /home/airflow/.local/lib/python3.12/site-packages/airflow/example_dags/example_nested_branch_dag.py for tasks to queue
[2025-01-16T15:35:42.029+0000] {logging_mixin.py:190} INFO - [2025-01-16T15:35:42.029+0000] {dagbag.py:588} INFO - Filling up the DagBag from /home/airflow/.local/lib/python3.12/site-packages/airflow/example_dags/example_nested_branch_dag.py
[2025-01-16T15:35:42.037+0000] {processor.py:925} INFO - DAG(s) 'example_nested_branch_dag' retrieved from /home/airflow/.local/lib/python3.12/site-packages/airflow/example_dags/example_nested_branch_dag.py
[2025-01-16T15:35:42.055+0000] {logging_mixin.py:190} INFO - [2025-01-16T15:35:42.054+0000] {dag.py:3239} INFO - Sync 1 DAGs
[2025-01-16T15:35:42.074+0000] {logging_mixin.py:190} INFO - [2025-01-16T15:35:42.074+0000] {dag.py:4180} INFO - Setting next_dagrun for example_nested_branch_dag to 2025-01-15 00:00:00+00:00, run_after=2025-01-16 00:00:00+00:00
[2025-01-16T15:35:42.090+0000] {processor.py:208} INFO - Processing /home/airflow/.local/lib/python3.12/site-packages/airflow/example_dags/example_nested_branch_dag.py took 0.068 seconds
[2025-01-16T15:36:12.319+0000] {processor.py:186} INFO - Started process (PID=1632) to work on /home/airflow/.local/lib/python3.12/site-packages/airflow/example_dags/example_nested_branch_dag.py
[2025-01-16T15:36:12.320+0000] {processor.py:914} INFO - Processing file /home/airflow/.local/lib/python3.12/site-packages/airflow/example_dags/example_nested_branch_dag.py for tasks to queue
[2025-01-16T15:36:12.321+0000] {logging_mixin.py:190} INFO - [2025-01-16T15:36:12.321+0000] {dagbag.py:588} INFO - Filling up the DagBag from /home/airflow/.local/lib/python3.12/site-packages/airflow/example_dags/example_nested_branch_dag.py
[2025-01-16T15:36:12.331+0000] {processor.py:925} INFO - DAG(s) 'example_nested_branch_dag' retrieved from /home/airflow/.local/lib/python3.12/site-packages/airflow/example_dags/example_nested_branch_dag.py
[2025-01-16T15:36:12.349+0000] {logging_mixin.py:190} INFO - [2025-01-16T15:36:12.349+0000] {dag.py:3239} INFO - Sync 1 DAGs
[2025-01-16T15:36:12.370+0000] {logging_mixin.py:190} INFO - [2025-01-16T15:36:12.370+0000] {dag.py:4180} INFO - Setting next_dagrun for example_nested_branch_dag to 2025-01-15 00:00:00+00:00, run_after=2025-01-16 00:00:00+00:00
[2025-01-16T15:36:12.389+0000] {processor.py:208} INFO - Processing /home/airflow/.local/lib/python3.12/site-packages/airflow/example_dags/example_nested_branch_dag.py took 0.075 seconds
[2025-01-16T15:36:42.937+0000] {processor.py:186} INFO - Started process (PID=1928) to work on /home/airflow/.local/lib/python3.12/site-packages/airflow/example_dags/example_nested_branch_dag.py
[2025-01-16T15:36:42.938+0000] {processor.py:914} INFO - Processing file /home/airflow/.local/lib/python3.12/site-packages/airflow/example_dags/example_nested_branch_dag.py for tasks to queue
[2025-01-16T15:36:42.939+0000] {logging_mixin.py:190} INFO - [2025-01-16T15:36:42.939+0000] {dagbag.py:588} INFO - Filling up the DagBag from /home/airflow/.local/lib/python3.12/site-packages/airflow/example_dags/example_nested_branch_dag.py
[2025-01-16T15:36:42.948+0000] {processor.py:925} INFO - DAG(s) 'example_nested_branch_dag' retrieved from /home/airflow/.local/lib/python3.12/site-packages/airflow/example_dags/example_nested_branch_dag.py
[2025-01-16T15:36:42.965+0000] {logging_mixin.py:190} INFO - [2025-01-16T15:36:42.964+0000] {dag.py:3239} INFO - Sync 1 DAGs
[2025-01-16T15:36:42.984+0000] {logging_mixin.py:190} INFO - [2025-01-16T15:36:42.984+0000] {dag.py:4180} INFO - Setting next_dagrun for example_nested_branch_dag to 2025-01-15 00:00:00+00:00, run_after=2025-01-16 00:00:00+00:00
[2025-01-16T15:36:42.998+0000] {processor.py:208} INFO - Processing /home/airflow/.local/lib/python3.12/site-packages/airflow/example_dags/example_nested_branch_dag.py took 0.065 seconds
[2025-01-16T15:37:13.283+0000] {processor.py:186} INFO - Started process (PID=2224) to work on /home/airflow/.local/lib/python3.12/site-packages/airflow/example_dags/example_nested_branch_dag.py
[2025-01-16T15:37:13.283+0000] {processor.py:914} INFO - Processing file /home/airflow/.local/lib/python3.12/site-packages/airflow/example_dags/example_nested_branch_dag.py for tasks to queue
[2025-01-16T15:37:13.285+0000] {logging_mixin.py:190} INFO - [2025-01-16T15:37:13.285+0000] {dagbag.py:588} INFO - Filling up the DagBag from /home/airflow/.local/lib/python3.12/site-packages/airflow/example_dags/example_nested_branch_dag.py
[2025-01-16T15:37:13.293+0000] {processor.py:925} INFO - DAG(s) 'example_nested_branch_dag' retrieved from /home/airflow/.local/lib/python3.12/site-packages/airflow/example_dags/example_nested_branch_dag.py
[2025-01-16T15:37:13.309+0000] {logging_mixin.py:190} INFO - [2025-01-16T15:37:13.309+0000] {dag.py:3239} INFO - Sync 1 DAGs
[2025-01-16T15:37:13.327+0000] {logging_mixin.py:190} INFO - [2025-01-16T15:37:13.327+0000] {dag.py:4180} INFO - Setting next_dagrun for example_nested_branch_dag to 2025-01-15 00:00:00+00:00, run_after=2025-01-16 00:00:00+00:00
[2025-01-16T15:37:13.342+0000] {processor.py:208} INFO - Processing /home/airflow/.local/lib/python3.12/site-packages/airflow/example_dags/example_nested_branch_dag.py took 0.063 seconds
[2025-01-16T15:37:44.148+0000] {processor.py:186} INFO - Started process (PID=2520) to work on /home/airflow/.local/lib/python3.12/site-packages/airflow/example_dags/example_nested_branch_dag.py
[2025-01-16T15:37:44.149+0000] {processor.py:914} INFO - Processing file /home/airflow/.local/lib/python3.12/site-packages/airflow/example_dags/example_nested_branch_dag.py for tasks to queue
[2025-01-16T15:37:44.151+0000] {logging_mixin.py:190} INFO - [2025-01-16T15:37:44.151+0000] {dagbag.py:588} INFO - Filling up the DagBag from /home/airflow/.local/lib/python3.12/site-packages/airflow/example_dags/example_nested_branch_dag.py
[2025-01-16T15:37:44.160+0000] {processor.py:925} INFO - DAG(s) 'example_nested_branch_dag' retrieved from /home/airflow/.local/lib/python3.12/site-packages/airflow/example_dags/example_nested_branch_dag.py
[2025-01-16T15:37:44.177+0000] {logging_mixin.py:190} INFO - [2025-01-16T15:37:44.177+0000] {dag.py:3239} INFO - Sync 1 DAGs
[2025-01-16T15:37:44.196+0000] {logging_mixin.py:190} INFO - [2025-01-16T15:37:44.196+0000] {dag.py:4180} INFO - Setting next_dagrun for example_nested_branch_dag to 2025-01-15 00:00:00+00:00, run_after=2025-01-16 00:00:00+00:00
[2025-01-16T15:37:44.212+0000] {processor.py:208} INFO - Processing /home/airflow/.local/lib/python3.12/site-packages/airflow/example_dags/example_nested_branch_dag.py took 0.068 seconds
[2025-01-16T15:38:14.494+0000] {processor.py:186} INFO - Started process (PID=2816) to work on /home/airflow/.local/lib/python3.12/site-packages/airflow/example_dags/example_nested_branch_dag.py
[2025-01-16T15:38:14.495+0000] {processor.py:914} INFO - Processing file /home/airflow/.local/lib/python3.12/site-packages/airflow/example_dags/example_nested_branch_dag.py for tasks to queue
[2025-01-16T15:38:14.497+0000] {logging_mixin.py:190} INFO - [2025-01-16T15:38:14.497+0000] {dagbag.py:588} INFO - Filling up the DagBag from /home/airflow/.local/lib/python3.12/site-packages/airflow/example_dags/example_nested_branch_dag.py
[2025-01-16T15:38:14.510+0000] {processor.py:925} INFO - DAG(s) 'example_nested_branch_dag' retrieved from /home/airflow/.local/lib/python3.12/site-packages/airflow/example_dags/example_nested_branch_dag.py
[2025-01-16T15:38:14.527+0000] {logging_mixin.py:190} INFO - [2025-01-16T15:38:14.527+0000] {dag.py:3239} INFO - Sync 1 DAGs
[2025-01-16T15:38:14.550+0000] {logging_mixin.py:190} INFO - [2025-01-16T15:38:14.549+0000] {dag.py:4180} INFO - Setting next_dagrun for example_nested_branch_dag to 2025-01-15 00:00:00+00:00, run_after=2025-01-16 00:00:00+00:00
[2025-01-16T15:38:14.568+0000] {processor.py:208} INFO - Processing /home/airflow/.local/lib/python3.12/site-packages/airflow/example_dags/example_nested_branch_dag.py took 0.079 seconds
[2025-01-16T15:38:45.561+0000] {processor.py:186} INFO - Started process (PID=3112) to work on /home/airflow/.local/lib/python3.12/site-packages/airflow/example_dags/example_nested_branch_dag.py
[2025-01-16T15:38:45.562+0000] {processor.py:914} INFO - Processing file /home/airflow/.local/lib/python3.12/site-packages/airflow/example_dags/example_nested_branch_dag.py for tasks to queue
[2025-01-16T15:38:45.564+0000] {logging_mixin.py:190} INFO - [2025-01-16T15:38:45.564+0000] {dagbag.py:588} INFO - Filling up the DagBag from /home/airflow/.local/lib/python3.12/site-packages/airflow/example_dags/example_nested_branch_dag.py
[2025-01-16T15:38:45.573+0000] {processor.py:925} INFO - DAG(s) 'example_nested_branch_dag' retrieved from /home/airflow/.local/lib/python3.12/site-packages/airflow/example_dags/example_nested_branch_dag.py
[2025-01-16T15:38:45.589+0000] {logging_mixin.py:190} INFO - [2025-01-16T15:38:45.589+0000] {dag.py:3239} INFO - Sync 1 DAGs
[2025-01-16T15:38:45.607+0000] {logging_mixin.py:190} INFO - [2025-01-16T15:38:45.607+0000] {dag.py:4180} INFO - Setting next_dagrun for example_nested_branch_dag to 2025-01-15 00:00:00+00:00, run_after=2025-01-16 00:00:00+00:00
[2025-01-16T15:38:45.621+0000] {processor.py:208} INFO - Processing /home/airflow/.local/lib/python3.12/site-packages/airflow/example_dags/example_nested_branch_dag.py took 0.064 seconds
[2025-01-16T15:39:16.574+0000] {processor.py:186} INFO - Started process (PID=3410) to work on /home/airflow/.local/lib/python3.12/site-packages/airflow/example_dags/example_nested_branch_dag.py
[2025-01-16T15:39:16.575+0000] {processor.py:914} INFO - Processing file /home/airflow/.local/lib/python3.12/site-packages/airflow/example_dags/example_nested_branch_dag.py for tasks to queue
[2025-01-16T15:39:16.576+0000] {logging_mixin.py:190} INFO - [2025-01-16T15:39:16.576+0000] {dagbag.py:588} INFO - Filling up the DagBag from /home/airflow/.local/lib/python3.12/site-packages/airflow/example_dags/example_nested_branch_dag.py
[2025-01-16T15:39:16.585+0000] {processor.py:925} INFO - DAG(s) 'example_nested_branch_dag' retrieved from /home/airflow/.local/lib/python3.12/site-packages/airflow/example_dags/example_nested_branch_dag.py
[2025-01-16T15:39:16.600+0000] {logging_mixin.py:190} INFO - [2025-01-16T15:39:16.600+0000] {dag.py:3239} INFO - Sync 1 DAGs
[2025-01-16T15:39:16.618+0000] {logging_mixin.py:190} INFO - [2025-01-16T15:39:16.617+0000] {dag.py:4180} INFO - Setting next_dagrun for example_nested_branch_dag to 2025-01-15 00:00:00+00:00, run_after=2025-01-16 00:00:00+00:00
[2025-01-16T15:39:16.632+0000] {processor.py:208} INFO - Processing /home/airflow/.local/lib/python3.12/site-packages/airflow/example_dags/example_nested_branch_dag.py took 0.062 seconds
[2025-01-16T15:39:46.895+0000] {processor.py:186} INFO - Started process (PID=3704) to work on /home/airflow/.local/lib/python3.12/site-packages/airflow/example_dags/example_nested_branch_dag.py
[2025-01-16T15:39:46.896+0000] {processor.py:914} INFO - Processing file /home/airflow/.local/lib/python3.12/site-packages/airflow/example_dags/example_nested_branch_dag.py for tasks to queue
[2025-01-16T15:39:46.897+0000] {logging_mixin.py:190} INFO - [2025-01-16T15:39:46.897+0000] {dagbag.py:588} INFO - Filling up the DagBag from /home/airflow/.local/lib/python3.12/site-packages/airflow/example_dags/example_nested_branch_dag.py
[2025-01-16T15:39:46.906+0000] {processor.py:925} INFO - DAG(s) 'example_nested_branch_dag' retrieved from /home/airflow/.local/lib/python3.12/site-packages/airflow/example_dags/example_nested_branch_dag.py
[2025-01-16T15:39:46.922+0000] {logging_mixin.py:190} INFO - [2025-01-16T15:39:46.922+0000] {dag.py:3239} INFO - Sync 1 DAGs
[2025-01-16T15:39:46.938+0000] {logging_mixin.py:190} INFO - [2025-01-16T15:39:46.938+0000] {dag.py:4180} INFO - Setting next_dagrun for example_nested_branch_dag to 2025-01-15 00:00:00+00:00, run_after=2025-01-16 00:00:00+00:00
[2025-01-16T15:39:46.953+0000] {processor.py:208} INFO - Processing /home/airflow/.local/lib/python3.12/site-packages/airflow/example_dags/example_nested_branch_dag.py took 0.063 seconds
[2025-01-16T15:40:18.397+0000] {processor.py:186} INFO - Started process (PID=4000) to work on /home/airflow/.local/lib/python3.12/site-packages/airflow/example_dags/example_nested_branch_dag.py
[2025-01-16T15:40:18.398+0000] {processor.py:914} INFO - Processing file /home/airflow/.local/lib/python3.12/site-packages/airflow/example_dags/example_nested_branch_dag.py for tasks to queue
[2025-01-16T15:40:18.400+0000] {logging_mixin.py:190} INFO - [2025-01-16T15:40:18.399+0000] {dagbag.py:588} INFO - Filling up the DagBag from /home/airflow/.local/lib/python3.12/site-packages/airflow/example_dags/example_nested_branch_dag.py
[2025-01-16T15:40:18.409+0000] {processor.py:925} INFO - DAG(s) 'example_nested_branch_dag' retrieved from /home/airflow/.local/lib/python3.12/site-packages/airflow/example_dags/example_nested_branch_dag.py
[2025-01-16T15:40:18.426+0000] {logging_mixin.py:190} INFO - [2025-01-16T15:40:18.426+0000] {dag.py:3239} INFO - Sync 1 DAGs
[2025-01-16T15:40:18.445+0000] {logging_mixin.py:190} INFO - [2025-01-16T15:40:18.445+0000] {dag.py:4180} INFO - Setting next_dagrun for example_nested_branch_dag to 2025-01-15 00:00:00+00:00, run_after=2025-01-16 00:00:00+00:00
[2025-01-16T15:40:18.462+0000] {processor.py:208} INFO - Processing /home/airflow/.local/lib/python3.12/site-packages/airflow/example_dags/example_nested_branch_dag.py took 0.069 seconds
[2025-01-16T15:40:50.447+0000] {processor.py:186} INFO - Started process (PID=4298) to work on /home/airflow/.local/lib/python3.12/site-packages/airflow/example_dags/example_nested_branch_dag.py
[2025-01-16T15:40:50.448+0000] {processor.py:914} INFO - Processing file /home/airflow/.local/lib/python3.12/site-packages/airflow/example_dags/example_nested_branch_dag.py for tasks to queue
[2025-01-16T15:40:50.450+0000] {logging_mixin.py:190} INFO - [2025-01-16T15:40:50.449+0000] {dagbag.py:588} INFO - Filling up the DagBag from /home/airflow/.local/lib/python3.12/site-packages/airflow/example_dags/example_nested_branch_dag.py
[2025-01-16T15:40:50.460+0000] {processor.py:925} INFO - DAG(s) 'example_nested_branch_dag' retrieved from /home/airflow/.local/lib/python3.12/site-packages/airflow/example_dags/example_nested_branch_dag.py
[2025-01-16T15:40:50.478+0000] {logging_mixin.py:190} INFO - [2025-01-16T15:40:50.478+0000] {dag.py:3239} INFO - Sync 1 DAGs
[2025-01-16T15:40:50.497+0000] {logging_mixin.py:190} INFO - [2025-01-16T15:40:50.497+0000] {dag.py:4180} INFO - Setting next_dagrun for example_nested_branch_dag to 2025-01-15 00:00:00+00:00, run_after=2025-01-16 00:00:00+00:00
[2025-01-16T15:40:50.510+0000] {processor.py:208} INFO - Processing /home/airflow/.local/lib/python3.12/site-packages/airflow/example_dags/example_nested_branch_dag.py took 0.067 seconds
[2025-01-16T15:41:20.898+0000] {processor.py:186} INFO - Started process (PID=4592) to work on /home/airflow/.local/lib/python3.12/site-packages/airflow/example_dags/example_nested_branch_dag.py
[2025-01-16T15:41:20.899+0000] {processor.py:914} INFO - Processing file /home/airflow/.local/lib/python3.12/site-packages/airflow/example_dags/example_nested_branch_dag.py for tasks to queue
[2025-01-16T15:41:20.901+0000] {logging_mixin.py:190} INFO - [2025-01-16T15:41:20.900+0000] {dagbag.py:588} INFO - Filling up the DagBag from /home/airflow/.local/lib/python3.12/site-packages/airflow/example_dags/example_nested_branch_dag.py
[2025-01-16T15:41:20.909+0000] {processor.py:925} INFO - DAG(s) 'example_nested_branch_dag' retrieved from /home/airflow/.local/lib/python3.12/site-packages/airflow/example_dags/example_nested_branch_dag.py
[2025-01-16T15:41:20.926+0000] {logging_mixin.py:190} INFO - [2025-01-16T15:41:20.926+0000] {dag.py:3239} INFO - Sync 1 DAGs
[2025-01-16T15:41:20.944+0000] {logging_mixin.py:190} INFO - [2025-01-16T15:41:20.944+0000] {dag.py:4180} INFO - Setting next_dagrun for example_nested_branch_dag to 2025-01-15 00:00:00+00:00, run_after=2025-01-16 00:00:00+00:00
[2025-01-16T15:41:20.958+0000] {processor.py:208} INFO - Processing /home/airflow/.local/lib/python3.12/site-packages/airflow/example_dags/example_nested_branch_dag.py took 0.065 seconds
[2025-01-16T15:41:52.434+0000] {processor.py:186} INFO - Started process (PID=4888) to work on /home/airflow/.local/lib/python3.12/site-packages/airflow/example_dags/example_nested_branch_dag.py
[2025-01-16T15:41:52.435+0000] {processor.py:914} INFO - Processing file /home/airflow/.local/lib/python3.12/site-packages/airflow/example_dags/example_nested_branch_dag.py for tasks to queue
[2025-01-16T15:41:52.437+0000] {logging_mixin.py:190} INFO - [2025-01-16T15:41:52.436+0000] {dagbag.py:588} INFO - Filling up the DagBag from /home/airflow/.local/lib/python3.12/site-packages/airflow/example_dags/example_nested_branch_dag.py
[2025-01-16T15:41:52.445+0000] {processor.py:925} INFO - DAG(s) 'example_nested_branch_dag' retrieved from /home/airflow/.local/lib/python3.12/site-packages/airflow/example_dags/example_nested_branch_dag.py
[2025-01-16T15:41:52.461+0000] {logging_mixin.py:190} INFO - [2025-01-16T15:41:52.461+0000] {dag.py:3239} INFO - Sync 1 DAGs
[2025-01-16T15:41:52.479+0000] {logging_mixin.py:190} INFO - [2025-01-16T15:41:52.479+0000] {dag.py:4180} INFO - Setting next_dagrun for example_nested_branch_dag to 2025-01-15 00:00:00+00:00, run_after=2025-01-16 00:00:00+00:00
[2025-01-16T15:41:52.493+0000] {processor.py:208} INFO - Processing /home/airflow/.local/lib/python3.12/site-packages/airflow/example_dags/example_nested_branch_dag.py took 0.063 seconds
[2025-01-16T15:42:23.702+0000] {processor.py:186} INFO - Started process (PID=5186) to work on /home/airflow/.local/lib/python3.12/site-packages/airflow/example_dags/example_nested_branch_dag.py
[2025-01-16T15:42:23.703+0000] {processor.py:914} INFO - Processing file /home/airflow/.local/lib/python3.12/site-packages/airflow/example_dags/example_nested_branch_dag.py for tasks to queue
[2025-01-16T15:42:23.705+0000] {logging_mixin.py:190} INFO - [2025-01-16T15:42:23.705+0000] {dagbag.py:588} INFO - Filling up the DagBag from /home/airflow/.local/lib/python3.12/site-packages/airflow/example_dags/example_nested_branch_dag.py
[2025-01-16T15:42:23.714+0000] {processor.py:925} INFO - DAG(s) 'example_nested_branch_dag' retrieved from /home/airflow/.local/lib/python3.12/site-packages/airflow/example_dags/example_nested_branch_dag.py
[2025-01-16T15:42:23.729+0000] {logging_mixin.py:190} INFO - [2025-01-16T15:42:23.729+0000] {dag.py:3239} INFO - Sync 1 DAGs
[2025-01-16T15:42:23.747+0000] {logging_mixin.py:190} INFO - [2025-01-16T15:42:23.746+0000] {dag.py:4180} INFO - Setting next_dagrun for example_nested_branch_dag to 2025-01-15 00:00:00+00:00, run_after=2025-01-16 00:00:00+00:00
[2025-01-16T15:42:23.760+0000] {processor.py:208} INFO - Processing /home/airflow/.local/lib/python3.12/site-packages/airflow/example_dags/example_nested_branch_dag.py took 0.061 seconds
[2025-01-16T15:42:54.879+0000] {processor.py:186} INFO - Started process (PID=5480) to work on /home/airflow/.local/lib/python3.12/site-packages/airflow/example_dags/example_nested_branch_dag.py
[2025-01-16T15:42:54.880+0000] {processor.py:914} INFO - Processing file /home/airflow/.local/lib/python3.12/site-packages/airflow/example_dags/example_nested_branch_dag.py for tasks to queue
[2025-01-16T15:42:54.881+0000] {logging_mixin.py:190} INFO - [2025-01-16T15:42:54.881+0000] {dagbag.py:588} INFO - Filling up the DagBag from /home/airflow/.local/lib/python3.12/site-packages/airflow/example_dags/example_nested_branch_dag.py
[2025-01-16T15:42:54.890+0000] {processor.py:925} INFO - DAG(s) 'example_nested_branch_dag' retrieved from /home/airflow/.local/lib/python3.12/site-packages/airflow/example_dags/example_nested_branch_dag.py
[2025-01-16T15:42:54.906+0000] {logging_mixin.py:190} INFO - [2025-01-16T15:42:54.905+0000] {dag.py:3239} INFO - Sync 1 DAGs
[2025-01-16T15:42:54.923+0000] {logging_mixin.py:190} INFO - [2025-01-16T15:42:54.923+0000] {dag.py:4180} INFO - Setting next_dagrun for example_nested_branch_dag to 2025-01-15 00:00:00+00:00, run_after=2025-01-16 00:00:00+00:00
[2025-01-16T15:42:54.936+0000] {processor.py:208} INFO - Processing /home/airflow/.local/lib/python3.12/site-packages/airflow/example_dags/example_nested_branch_dag.py took 0.061 seconds
[2025-01-16T15:43:25.966+0000] {processor.py:186} INFO - Started process (PID=5778) to work on /home/airflow/.local/lib/python3.12/site-packages/airflow/example_dags/example_nested_branch_dag.py
[2025-01-16T15:43:25.967+0000] {processor.py:914} INFO - Processing file /home/airflow/.local/lib/python3.12/site-packages/airflow/example_dags/example_nested_branch_dag.py for tasks to queue
[2025-01-16T15:43:25.968+0000] {logging_mixin.py:190} INFO - [2025-01-16T15:43:25.968+0000] {dagbag.py:588} INFO - Filling up the DagBag from /home/airflow/.local/lib/python3.12/site-packages/airflow/example_dags/example_nested_branch_dag.py
[2025-01-16T15:43:25.977+0000] {processor.py:925} INFO - DAG(s) 'example_nested_branch_dag' retrieved from /home/airflow/.local/lib/python3.12/site-packages/airflow/example_dags/example_nested_branch_dag.py
[2025-01-16T15:43:25.993+0000] {logging_mixin.py:190} INFO - [2025-01-16T15:43:25.993+0000] {dag.py:3239} INFO - Sync 1 DAGs
[2025-01-16T15:43:26.012+0000] {logging_mixin.py:190} INFO - [2025-01-16T15:43:26.012+0000] {dag.py:4180} INFO - Setting next_dagrun for example_nested_branch_dag to 2025-01-15 00:00:00+00:00, run_after=2025-01-16 00:00:00+00:00
[2025-01-16T15:43:26.025+0000] {processor.py:208} INFO - Processing /home/airflow/.local/lib/python3.12/site-packages/airflow/example_dags/example_nested_branch_dag.py took 0.063 seconds
[2025-01-16T15:43:57.814+0000] {processor.py:186} INFO - Started process (PID=6074) to work on /home/airflow/.local/lib/python3.12/site-packages/airflow/example_dags/example_nested_branch_dag.py
[2025-01-16T15:43:57.815+0000] {processor.py:914} INFO - Processing file /home/airflow/.local/lib/python3.12/site-packages/airflow/example_dags/example_nested_branch_dag.py for tasks to queue
[2025-01-16T15:43:57.817+0000] {logging_mixin.py:190} INFO - [2025-01-16T15:43:57.817+0000] {dagbag.py:588} INFO - Filling up the DagBag from /home/airflow/.local/lib/python3.12/site-packages/airflow/example_dags/example_nested_branch_dag.py
[2025-01-16T15:43:57.825+0000] {processor.py:925} INFO - DAG(s) 'example_nested_branch_dag' retrieved from /home/airflow/.local/lib/python3.12/site-packages/airflow/example_dags/example_nested_branch_dag.py
[2025-01-16T15:43:57.842+0000] {logging_mixin.py:190} INFO - [2025-01-16T15:43:57.841+0000] {dag.py:3239} INFO - Sync 1 DAGs
[2025-01-16T15:43:57.860+0000] {logging_mixin.py:190} INFO - [2025-01-16T15:43:57.859+0000] {dag.py:4180} INFO - Setting next_dagrun for example_nested_branch_dag to 2025-01-15 00:00:00+00:00, run_after=2025-01-16 00:00:00+00:00
[2025-01-16T15:43:57.873+0000] {processor.py:208} INFO - Processing /home/airflow/.local/lib/python3.12/site-packages/airflow/example_dags/example_nested_branch_dag.py took 0.063 seconds
[2025-01-16T15:44:29.001+0000] {processor.py:186} INFO - Started process (PID=6370) to work on /home/airflow/.local/lib/python3.12/site-packages/airflow/example_dags/example_nested_branch_dag.py
[2025-01-16T15:44:29.002+0000] {processor.py:914} INFO - Processing file /home/airflow/.local/lib/python3.12/site-packages/airflow/example_dags/example_nested_branch_dag.py for tasks to queue
[2025-01-16T15:44:29.004+0000] {logging_mixin.py:190} INFO - [2025-01-16T15:44:29.003+0000] {dagbag.py:588} INFO - Filling up the DagBag from /home/airflow/.local/lib/python3.12/site-packages/airflow/example_dags/example_nested_branch_dag.py
[2025-01-16T15:44:29.012+0000] {processor.py:925} INFO - DAG(s) 'example_nested_branch_dag' retrieved from /home/airflow/.local/lib/python3.12/site-packages/airflow/example_dags/example_nested_branch_dag.py
[2025-01-16T15:44:29.027+0000] {logging_mixin.py:190} INFO - [2025-01-16T15:44:29.027+0000] {dag.py:3239} INFO - Sync 1 DAGs
[2025-01-16T15:44:29.045+0000] {logging_mixin.py:190} INFO - [2025-01-16T15:44:29.045+0000] {dag.py:4180} INFO - Setting next_dagrun for example_nested_branch_dag to 2025-01-15 00:00:00+00:00, run_after=2025-01-16 00:00:00+00:00
[2025-01-16T15:44:29.058+0000] {processor.py:208} INFO - Processing /home/airflow/.local/lib/python3.12/site-packages/airflow/example_dags/example_nested_branch_dag.py took 0.061 seconds
[2025-01-16T15:44:59.979+0000] {processor.py:186} INFO - Started process (PID=6666) to work on /home/airflow/.local/lib/python3.12/site-packages/airflow/example_dags/example_nested_branch_dag.py
[2025-01-16T15:44:59.980+0000] {processor.py:914} INFO - Processing file /home/airflow/.local/lib/python3.12/site-packages/airflow/example_dags/example_nested_branch_dag.py for tasks to queue
[2025-01-16T15:44:59.982+0000] {logging_mixin.py:190} INFO - [2025-01-16T15:44:59.981+0000] {dagbag.py:588} INFO - Filling up the DagBag from /home/airflow/.local/lib/python3.12/site-packages/airflow/example_dags/example_nested_branch_dag.py
[2025-01-16T15:44:59.990+0000] {processor.py:925} INFO - DAG(s) 'example_nested_branch_dag' retrieved from /home/airflow/.local/lib/python3.12/site-packages/airflow/example_dags/example_nested_branch_dag.py
[2025-01-16T15:45:00.006+0000] {logging_mixin.py:190} INFO - [2025-01-16T15:45:00.006+0000] {dag.py:3239} INFO - Sync 1 DAGs
[2025-01-16T15:45:00.027+0000] {logging_mixin.py:190} INFO - [2025-01-16T15:45:00.027+0000] {dag.py:4180} INFO - Setting next_dagrun for example_nested_branch_dag to 2025-01-15 00:00:00+00:00, run_after=2025-01-16 00:00:00+00:00
[2025-01-16T15:45:00.042+0000] {processor.py:208} INFO - Processing /home/airflow/.local/lib/python3.12/site-packages/airflow/example_dags/example_nested_branch_dag.py took 0.067 seconds
[2025-01-16T15:45:31.419+0000] {processor.py:186} INFO - Started process (PID=6966) to work on /home/airflow/.local/lib/python3.12/site-packages/airflow/example_dags/example_nested_branch_dag.py
[2025-01-16T15:45:31.420+0000] {processor.py:914} INFO - Processing file /home/airflow/.local/lib/python3.12/site-packages/airflow/example_dags/example_nested_branch_dag.py for tasks to queue
[2025-01-16T15:45:31.422+0000] {logging_mixin.py:190} INFO - [2025-01-16T15:45:31.422+0000] {dagbag.py:588} INFO - Filling up the DagBag from /home/airflow/.local/lib/python3.12/site-packages/airflow/example_dags/example_nested_branch_dag.py
[2025-01-16T15:45:31.431+0000] {processor.py:925} INFO - DAG(s) 'example_nested_branch_dag' retrieved from /home/airflow/.local/lib/python3.12/site-packages/airflow/example_dags/example_nested_branch_dag.py
[2025-01-16T15:45:31.450+0000] {logging_mixin.py:190} INFO - [2025-01-16T15:45:31.450+0000] {dag.py:3239} INFO - Sync 1 DAGs
[2025-01-16T15:45:31.471+0000] {logging_mixin.py:190} INFO - [2025-01-16T15:45:31.470+0000] {dag.py:4180} INFO - Setting next_dagrun for example_nested_branch_dag to 2025-01-15 00:00:00+00:00, run_after=2025-01-16 00:00:00+00:00
[2025-01-16T15:45:31.488+0000] {processor.py:208} INFO - Processing /home/airflow/.local/lib/python3.12/site-packages/airflow/example_dags/example_nested_branch_dag.py took 0.075 seconds
[2025-01-16T15:46:03.282+0000] {processor.py:186} INFO - Started process (PID=7262) to work on /home/airflow/.local/lib/python3.12/site-packages/airflow/example_dags/example_nested_branch_dag.py
[2025-01-16T15:46:03.284+0000] {processor.py:914} INFO - Processing file /home/airflow/.local/lib/python3.12/site-packages/airflow/example_dags/example_nested_branch_dag.py for tasks to queue
[2025-01-16T15:46:03.286+0000] {logging_mixin.py:190} INFO - [2025-01-16T15:46:03.286+0000] {dagbag.py:588} INFO - Filling up the DagBag from /home/airflow/.local/lib/python3.12/site-packages/airflow/example_dags/example_nested_branch_dag.py
[2025-01-16T15:46:03.303+0000] {processor.py:925} INFO - DAG(s) 'example_nested_branch_dag' retrieved from /home/airflow/.local/lib/python3.12/site-packages/airflow/example_dags/example_nested_branch_dag.py
[2025-01-16T15:46:03.336+0000] {logging_mixin.py:190} INFO - [2025-01-16T15:46:03.336+0000] {dag.py:3239} INFO - Sync 1 DAGs
[2025-01-16T15:46:03.361+0000] {logging_mixin.py:190} INFO - [2025-01-16T15:46:03.361+0000] {dag.py:4180} INFO - Setting next_dagrun for example_nested_branch_dag to 2025-01-15 00:00:00+00:00, run_after=2025-01-16 00:00:00+00:00
[2025-01-16T15:46:03.380+0000] {processor.py:208} INFO - Processing /home/airflow/.local/lib/python3.12/site-packages/airflow/example_dags/example_nested_branch_dag.py took 0.105 seconds
[2025-01-16T15:46:34.018+0000] {processor.py:186} INFO - Started process (PID=7560) to work on /home/airflow/.local/lib/python3.12/site-packages/airflow/example_dags/example_nested_branch_dag.py
[2025-01-16T15:46:34.019+0000] {processor.py:914} INFO - Processing file /home/airflow/.local/lib/python3.12/site-packages/airflow/example_dags/example_nested_branch_dag.py for tasks to queue
[2025-01-16T15:46:34.020+0000] {logging_mixin.py:190} INFO - [2025-01-16T15:46:34.020+0000] {dagbag.py:588} INFO - Filling up the DagBag from /home/airflow/.local/lib/python3.12/site-packages/airflow/example_dags/example_nested_branch_dag.py
[2025-01-16T15:46:34.029+0000] {processor.py:925} INFO - DAG(s) 'example_nested_branch_dag' retrieved from /home/airflow/.local/lib/python3.12/site-packages/airflow/example_dags/example_nested_branch_dag.py
[2025-01-16T15:46:34.044+0000] {logging_mixin.py:190} INFO - [2025-01-16T15:46:34.044+0000] {dag.py:3239} INFO - Sync 1 DAGs
[2025-01-16T15:46:34.063+0000] {logging_mixin.py:190} INFO - [2025-01-16T15:46:34.062+0000] {dag.py:4180} INFO - Setting next_dagrun for example_nested_branch_dag to 2025-01-15 00:00:00+00:00, run_after=2025-01-16 00:00:00+00:00
[2025-01-16T15:46:34.076+0000] {processor.py:208} INFO - Processing /home/airflow/.local/lib/python3.12/site-packages/airflow/example_dags/example_nested_branch_dag.py took 0.062 seconds
[2025-01-16T15:47:04.679+0000] {processor.py:186} INFO - Started process (PID=7856) to work on /home/airflow/.local/lib/python3.12/site-packages/airflow/example_dags/example_nested_branch_dag.py
[2025-01-16T15:47:04.680+0000] {processor.py:914} INFO - Processing file /home/airflow/.local/lib/python3.12/site-packages/airflow/example_dags/example_nested_branch_dag.py for tasks to queue
[2025-01-16T15:47:04.682+0000] {logging_mixin.py:190} INFO - [2025-01-16T15:47:04.681+0000] {dagbag.py:588} INFO - Filling up the DagBag from /home/airflow/.local/lib/python3.12/site-packages/airflow/example_dags/example_nested_branch_dag.py
[2025-01-16T15:47:04.690+0000] {processor.py:925} INFO - DAG(s) 'example_nested_branch_dag' retrieved from /home/airflow/.local/lib/python3.12/site-packages/airflow/example_dags/example_nested_branch_dag.py
[2025-01-16T15:47:04.707+0000] {logging_mixin.py:190} INFO - [2025-01-16T15:47:04.706+0000] {dag.py:3239} INFO - Sync 1 DAGs
[2025-01-16T15:47:04.725+0000] {logging_mixin.py:190} INFO - [2025-01-16T15:47:04.725+0000] {dag.py:4180} INFO - Setting next_dagrun for example_nested_branch_dag to 2025-01-15 00:00:00+00:00, run_after=2025-01-16 00:00:00+00:00
[2025-01-16T15:47:04.737+0000] {processor.py:208} INFO - Processing /home/airflow/.local/lib/python3.12/site-packages/airflow/example_dags/example_nested_branch_dag.py took 0.063 seconds
[2025-01-16T15:47:35.584+0000] {processor.py:186} INFO - Started process (PID=8152) to work on /home/airflow/.local/lib/python3.12/site-packages/airflow/example_dags/example_nested_branch_dag.py
[2025-01-16T15:47:35.585+0000] {processor.py:914} INFO - Processing file /home/airflow/.local/lib/python3.12/site-packages/airflow/example_dags/example_nested_branch_dag.py for tasks to queue
[2025-01-16T15:47:35.587+0000] {logging_mixin.py:190} INFO - [2025-01-16T15:47:35.587+0000] {dagbag.py:588} INFO - Filling up the DagBag from /home/airflow/.local/lib/python3.12/site-packages/airflow/example_dags/example_nested_branch_dag.py
[2025-01-16T15:47:35.595+0000] {processor.py:925} INFO - DAG(s) 'example_nested_branch_dag' retrieved from /home/airflow/.local/lib/python3.12/site-packages/airflow/example_dags/example_nested_branch_dag.py
[2025-01-16T15:47:35.611+0000] {logging_mixin.py:190} INFO - [2025-01-16T15:47:35.611+0000] {dag.py:3239} INFO - Sync 1 DAGs
[2025-01-16T15:47:35.629+0000] {logging_mixin.py:190} INFO - [2025-01-16T15:47:35.629+0000] {dag.py:4180} INFO - Setting next_dagrun for example_nested_branch_dag to 2025-01-15 00:00:00+00:00, run_after=2025-01-16 00:00:00+00:00
[2025-01-16T15:47:35.644+0000] {processor.py:208} INFO - Processing /home/airflow/.local/lib/python3.12/site-packages/airflow/example_dags/example_nested_branch_dag.py took 0.064 seconds
[2025-01-16T15:48:07.571+0000] {processor.py:186} INFO - Started process (PID=8486) to work on /home/airflow/.local/lib/python3.12/site-packages/airflow/example_dags/example_nested_branch_dag.py
[2025-01-16T15:48:07.571+0000] {processor.py:914} INFO - Processing file /home/airflow/.local/lib/python3.12/site-packages/airflow/example_dags/example_nested_branch_dag.py for tasks to queue
[2025-01-16T15:48:07.573+0000] {logging_mixin.py:190} INFO - [2025-01-16T15:48:07.573+0000] {dagbag.py:588} INFO - Filling up the DagBag from /home/airflow/.local/lib/python3.12/site-packages/airflow/example_dags/example_nested_branch_dag.py
[2025-01-16T15:48:07.581+0000] {processor.py:925} INFO - DAG(s) 'example_nested_branch_dag' retrieved from /home/airflow/.local/lib/python3.12/site-packages/airflow/example_dags/example_nested_branch_dag.py
[2025-01-16T15:48:07.597+0000] {logging_mixin.py:190} INFO - [2025-01-16T15:48:07.597+0000] {dag.py:3239} INFO - Sync 1 DAGs
[2025-01-16T15:48:07.615+0000] {logging_mixin.py:190} INFO - [2025-01-16T15:48:07.615+0000] {dag.py:4180} INFO - Setting next_dagrun for example_nested_branch_dag to 2025-01-15 00:00:00+00:00, run_after=2025-01-16 00:00:00+00:00
[2025-01-16T15:48:07.627+0000] {processor.py:208} INFO - Processing /home/airflow/.local/lib/python3.12/site-packages/airflow/example_dags/example_nested_branch_dag.py took 0.061 seconds
[2025-01-16T15:48:38.384+0000] {processor.py:186} INFO - Started process (PID=8777) to work on /home/airflow/.local/lib/python3.12/site-packages/airflow/example_dags/example_nested_branch_dag.py
[2025-01-16T15:48:38.385+0000] {processor.py:914} INFO - Processing file /home/airflow/.local/lib/python3.12/site-packages/airflow/example_dags/example_nested_branch_dag.py for tasks to queue
[2025-01-16T15:48:38.387+0000] {logging_mixin.py:190} INFO - [2025-01-16T15:48:38.386+0000] {dagbag.py:588} INFO - Filling up the DagBag from /home/airflow/.local/lib/python3.12/site-packages/airflow/example_dags/example_nested_branch_dag.py
[2025-01-16T15:48:38.395+0000] {processor.py:925} INFO - DAG(s) 'example_nested_branch_dag' retrieved from /home/airflow/.local/lib/python3.12/site-packages/airflow/example_dags/example_nested_branch_dag.py
[2025-01-16T15:48:38.412+0000] {logging_mixin.py:190} INFO - [2025-01-16T15:48:38.411+0000] {dag.py:3239} INFO - Sync 1 DAGs
[2025-01-16T15:48:38.430+0000] {logging_mixin.py:190} INFO - [2025-01-16T15:48:38.430+0000] {dag.py:4180} INFO - Setting next_dagrun for example_nested_branch_dag to 2025-01-15 00:00:00+00:00, run_after=2025-01-16 00:00:00+00:00
[2025-01-16T15:48:38.443+0000] {processor.py:208} INFO - Processing /home/airflow/.local/lib/python3.12/site-packages/airflow/example_dags/example_nested_branch_dag.py took 0.063 seconds
[2025-01-16T15:49:11.065+0000] {processor.py:186} INFO - Started process (PID=9078) to work on /home/airflow/.local/lib/python3.12/site-packages/airflow/example_dags/example_nested_branch_dag.py
[2025-01-16T15:49:11.066+0000] {processor.py:914} INFO - Processing file /home/airflow/.local/lib/python3.12/site-packages/airflow/example_dags/example_nested_branch_dag.py for tasks to queue
[2025-01-16T15:49:11.069+0000] {logging_mixin.py:190} INFO - [2025-01-16T15:49:11.069+0000] {dagbag.py:588} INFO - Filling up the DagBag from /home/airflow/.local/lib/python3.12/site-packages/airflow/example_dags/example_nested_branch_dag.py
[2025-01-16T15:49:11.081+0000] {processor.py:925} INFO - DAG(s) 'example_nested_branch_dag' retrieved from /home/airflow/.local/lib/python3.12/site-packages/airflow/example_dags/example_nested_branch_dag.py
[2025-01-16T15:49:11.105+0000] {logging_mixin.py:190} INFO - [2025-01-16T15:49:11.104+0000] {dag.py:3239} INFO - Sync 1 DAGs
[2025-01-16T15:49:11.130+0000] {logging_mixin.py:190} INFO - [2025-01-16T15:49:11.130+0000] {dag.py:4180} INFO - Setting next_dagrun for example_nested_branch_dag to 2025-01-15 00:00:00+00:00, run_after=2025-01-16 00:00:00+00:00
[2025-01-16T15:49:11.148+0000] {processor.py:208} INFO - Processing /home/airflow/.local/lib/python3.12/site-packages/airflow/example_dags/example_nested_branch_dag.py took 0.091 seconds
[2025-01-16T15:49:41.986+0000] {processor.py:186} INFO - Started process (PID=9374) to work on /home/airflow/.local/lib/python3.12/site-packages/airflow/example_dags/example_nested_branch_dag.py
[2025-01-16T15:49:41.987+0000] {processor.py:914} INFO - Processing file /home/airflow/.local/lib/python3.12/site-packages/airflow/example_dags/example_nested_branch_dag.py for tasks to queue
[2025-01-16T15:49:41.988+0000] {logging_mixin.py:190} INFO - [2025-01-16T15:49:41.988+0000] {dagbag.py:588} INFO - Filling up the DagBag from /home/airflow/.local/lib/python3.12/site-packages/airflow/example_dags/example_nested_branch_dag.py
[2025-01-16T15:49:42.002+0000] {processor.py:925} INFO - DAG(s) 'example_nested_branch_dag' retrieved from /home/airflow/.local/lib/python3.12/site-packages/airflow/example_dags/example_nested_branch_dag.py
[2025-01-16T15:49:42.024+0000] {logging_mixin.py:190} INFO - [2025-01-16T15:49:42.024+0000] {dag.py:3239} INFO - Sync 1 DAGs
[2025-01-16T15:49:42.049+0000] {logging_mixin.py:190} INFO - [2025-01-16T15:49:42.049+0000] {dag.py:4180} INFO - Setting next_dagrun for example_nested_branch_dag to 2025-01-15 00:00:00+00:00, run_after=2025-01-16 00:00:00+00:00
[2025-01-16T15:49:42.066+0000] {processor.py:208} INFO - Processing /home/airflow/.local/lib/python3.12/site-packages/airflow/example_dags/example_nested_branch_dag.py took 0.086 seconds
[2025-01-16T15:50:13.172+0000] {processor.py:186} INFO - Started process (PID=9670) to work on /home/airflow/.local/lib/python3.12/site-packages/airflow/example_dags/example_nested_branch_dag.py
[2025-01-16T15:50:13.173+0000] {processor.py:914} INFO - Processing file /home/airflow/.local/lib/python3.12/site-packages/airflow/example_dags/example_nested_branch_dag.py for tasks to queue
[2025-01-16T15:50:13.175+0000] {logging_mixin.py:190} INFO - [2025-01-16T15:50:13.175+0000] {dagbag.py:588} INFO - Filling up the DagBag from /home/airflow/.local/lib/python3.12/site-packages/airflow/example_dags/example_nested_branch_dag.py
[2025-01-16T15:50:13.183+0000] {processor.py:925} INFO - DAG(s) 'example_nested_branch_dag' retrieved from /home/airflow/.local/lib/python3.12/site-packages/airflow/example_dags/example_nested_branch_dag.py
[2025-01-16T15:50:13.199+0000] {logging_mixin.py:190} INFO - [2025-01-16T15:50:13.199+0000] {dag.py:3239} INFO - Sync 1 DAGs
[2025-01-16T15:50:13.222+0000] {logging_mixin.py:190} INFO - [2025-01-16T15:50:13.222+0000] {dag.py:4180} INFO - Setting next_dagrun for example_nested_branch_dag to 2025-01-15 00:00:00+00:00, run_after=2025-01-16 00:00:00+00:00
[2025-01-16T15:50:13.235+0000] {processor.py:208} INFO - Processing /home/airflow/.local/lib/python3.12/site-packages/airflow/example_dags/example_nested_branch_dag.py took 0.068 seconds
[2025-01-16T15:50:43.784+0000] {processor.py:186} INFO - Started process (PID=9968) to work on /home/airflow/.local/lib/python3.12/site-packages/airflow/example_dags/example_nested_branch_dag.py
[2025-01-16T15:50:43.784+0000] {processor.py:914} INFO - Processing file /home/airflow/.local/lib/python3.12/site-packages/airflow/example_dags/example_nested_branch_dag.py for tasks to queue
[2025-01-16T15:50:43.786+0000] {logging_mixin.py:190} INFO - [2025-01-16T15:50:43.786+0000] {dagbag.py:588} INFO - Filling up the DagBag from /home/airflow/.local/lib/python3.12/site-packages/airflow/example_dags/example_nested_branch_dag.py
[2025-01-16T15:50:43.794+0000] {processor.py:925} INFO - DAG(s) 'example_nested_branch_dag' retrieved from /home/airflow/.local/lib/python3.12/site-packages/airflow/example_dags/example_nested_branch_dag.py
[2025-01-16T15:50:43.811+0000] {logging_mixin.py:190} INFO - [2025-01-16T15:50:43.810+0000] {dag.py:3239} INFO - Sync 1 DAGs
[2025-01-16T15:50:43.831+0000] {logging_mixin.py:190} INFO - [2025-01-16T15:50:43.831+0000] {dag.py:4180} INFO - Setting next_dagrun for example_nested_branch_dag to 2025-01-15 00:00:00+00:00, run_after=2025-01-16 00:00:00+00:00
[2025-01-16T15:50:43.860+0000] {processor.py:208} INFO - Processing /home/airflow/.local/lib/python3.12/site-packages/airflow/example_dags/example_nested_branch_dag.py took 0.081 seconds
[2025-01-16T15:51:14.130+0000] {processor.py:186} INFO - Started process (PID=10266) to work on /home/airflow/.local/lib/python3.12/site-packages/airflow/example_dags/example_nested_branch_dag.py
[2025-01-16T15:51:14.130+0000] {processor.py:914} INFO - Processing file /home/airflow/.local/lib/python3.12/site-packages/airflow/example_dags/example_nested_branch_dag.py for tasks to queue
[2025-01-16T15:51:14.132+0000] {logging_mixin.py:190} INFO - [2025-01-16T15:51:14.132+0000] {dagbag.py:588} INFO - Filling up the DagBag from /home/airflow/.local/lib/python3.12/site-packages/airflow/example_dags/example_nested_branch_dag.py
[2025-01-16T15:51:14.140+0000] {processor.py:925} INFO - DAG(s) 'example_nested_branch_dag' retrieved from /home/airflow/.local/lib/python3.12/site-packages/airflow/example_dags/example_nested_branch_dag.py
[2025-01-16T15:51:14.155+0000] {logging_mixin.py:190} INFO - [2025-01-16T15:51:14.155+0000] {dag.py:3239} INFO - Sync 1 DAGs
[2025-01-16T15:51:14.173+0000] {logging_mixin.py:190} INFO - [2025-01-16T15:51:14.173+0000] {dag.py:4180} INFO - Setting next_dagrun for example_nested_branch_dag to 2025-01-15 00:00:00+00:00, run_after=2025-01-16 00:00:00+00:00
[2025-01-16T15:51:14.186+0000] {processor.py:208} INFO - Processing /home/airflow/.local/lib/python3.12/site-packages/airflow/example_dags/example_nested_branch_dag.py took 0.060 seconds
[2025-01-16T15:51:45.692+0000] {processor.py:186} INFO - Started process (PID=10562) to work on /home/airflow/.local/lib/python3.12/site-packages/airflow/example_dags/example_nested_branch_dag.py
[2025-01-16T15:51:45.693+0000] {processor.py:914} INFO - Processing file /home/airflow/.local/lib/python3.12/site-packages/airflow/example_dags/example_nested_branch_dag.py for tasks to queue
[2025-01-16T15:51:45.695+0000] {logging_mixin.py:190} INFO - [2025-01-16T15:51:45.695+0000] {dagbag.py:588} INFO - Filling up the DagBag from /home/airflow/.local/lib/python3.12/site-packages/airflow/example_dags/example_nested_branch_dag.py
[2025-01-16T15:51:45.708+0000] {processor.py:925} INFO - DAG(s) 'example_nested_branch_dag' retrieved from /home/airflow/.local/lib/python3.12/site-packages/airflow/example_dags/example_nested_branch_dag.py
[2025-01-16T15:51:45.728+0000] {logging_mixin.py:190} INFO - [2025-01-16T15:51:45.728+0000] {dag.py:3239} INFO - Sync 1 DAGs
[2025-01-16T15:51:45.748+0000] {logging_mixin.py:190} INFO - [2025-01-16T15:51:45.748+0000] {dag.py:4180} INFO - Setting next_dagrun for example_nested_branch_dag to 2025-01-15 00:00:00+00:00, run_after=2025-01-16 00:00:00+00:00
[2025-01-16T15:51:45.769+0000] {processor.py:208} INFO - Processing /home/airflow/.local/lib/python3.12/site-packages/airflow/example_dags/example_nested_branch_dag.py took 0.083 seconds
[2025-01-16T15:52:16.948+0000] {processor.py:186} INFO - Started process (PID=10860) to work on /home/airflow/.local/lib/python3.12/site-packages/airflow/example_dags/example_nested_branch_dag.py
[2025-01-16T15:52:16.949+0000] {processor.py:914} INFO - Processing file /home/airflow/.local/lib/python3.12/site-packages/airflow/example_dags/example_nested_branch_dag.py for tasks to queue
[2025-01-16T15:52:16.950+0000] {logging_mixin.py:190} INFO - [2025-01-16T15:52:16.950+0000] {dagbag.py:588} INFO - Filling up the DagBag from /home/airflow/.local/lib/python3.12/site-packages/airflow/example_dags/example_nested_branch_dag.py
[2025-01-16T15:52:16.962+0000] {processor.py:925} INFO - DAG(s) 'example_nested_branch_dag' retrieved from /home/airflow/.local/lib/python3.12/site-packages/airflow/example_dags/example_nested_branch_dag.py
[2025-01-16T15:52:16.983+0000] {logging_mixin.py:190} INFO - [2025-01-16T15:52:16.983+0000] {dag.py:3239} INFO - Sync 1 DAGs
[2025-01-16T15:52:17.004+0000] {logging_mixin.py:190} INFO - [2025-01-16T15:52:17.004+0000] {dag.py:4180} INFO - Setting next_dagrun for example_nested_branch_dag to 2025-01-15 00:00:00+00:00, run_after=2025-01-16 00:00:00+00:00
[2025-01-16T15:52:17.017+0000] {processor.py:208} INFO - Processing /home/airflow/.local/lib/python3.12/site-packages/airflow/example_dags/example_nested_branch_dag.py took 0.073 seconds
[2025-01-16T15:52:47.961+0000] {processor.py:186} INFO - Started process (PID=11154) to work on /home/airflow/.local/lib/python3.12/site-packages/airflow/example_dags/example_nested_branch_dag.py
[2025-01-16T15:52:47.962+0000] {processor.py:914} INFO - Processing file /home/airflow/.local/lib/python3.12/site-packages/airflow/example_dags/example_nested_branch_dag.py for tasks to queue
[2025-01-16T15:52:47.963+0000] {logging_mixin.py:190} INFO - [2025-01-16T15:52:47.963+0000] {dagbag.py:588} INFO - Filling up the DagBag from /home/airflow/.local/lib/python3.12/site-packages/airflow/example_dags/example_nested_branch_dag.py
[2025-01-16T15:52:47.971+0000] {processor.py:925} INFO - DAG(s) 'example_nested_branch_dag' retrieved from /home/airflow/.local/lib/python3.12/site-packages/airflow/example_dags/example_nested_branch_dag.py
[2025-01-16T15:52:47.987+0000] {logging_mixin.py:190} INFO - [2025-01-16T15:52:47.986+0000] {dag.py:3239} INFO - Sync 1 DAGs
[2025-01-16T15:52:48.005+0000] {logging_mixin.py:190} INFO - [2025-01-16T15:52:48.005+0000] {dag.py:4180} INFO - Setting next_dagrun for example_nested_branch_dag to 2025-01-15 00:00:00+00:00, run_after=2025-01-16 00:00:00+00:00
[2025-01-16T15:52:48.017+0000] {processor.py:208} INFO - Processing /home/airflow/.local/lib/python3.12/site-packages/airflow/example_dags/example_nested_branch_dag.py took 0.061 seconds
[2025-01-16T15:53:18.858+0000] {processor.py:186} INFO - Started process (PID=11450) to work on /home/airflow/.local/lib/python3.12/site-packages/airflow/example_dags/example_nested_branch_dag.py
[2025-01-16T15:53:18.859+0000] {processor.py:914} INFO - Processing file /home/airflow/.local/lib/python3.12/site-packages/airflow/example_dags/example_nested_branch_dag.py for tasks to queue
[2025-01-16T15:53:18.861+0000] {logging_mixin.py:190} INFO - [2025-01-16T15:53:18.861+0000] {dagbag.py:588} INFO - Filling up the DagBag from /home/airflow/.local/lib/python3.12/site-packages/airflow/example_dags/example_nested_branch_dag.py
[2025-01-16T15:53:18.869+0000] {processor.py:925} INFO - DAG(s) 'example_nested_branch_dag' retrieved from /home/airflow/.local/lib/python3.12/site-packages/airflow/example_dags/example_nested_branch_dag.py
[2025-01-16T15:53:18.884+0000] {logging_mixin.py:190} INFO - [2025-01-16T15:53:18.884+0000] {dag.py:3239} INFO - Sync 1 DAGs
[2025-01-16T15:53:18.903+0000] {logging_mixin.py:190} INFO - [2025-01-16T15:53:18.902+0000] {dag.py:4180} INFO - Setting next_dagrun for example_nested_branch_dag to 2025-01-15 00:00:00+00:00, run_after=2025-01-16 00:00:00+00:00
[2025-01-16T15:53:18.916+0000] {processor.py:208} INFO - Processing /home/airflow/.local/lib/python3.12/site-packages/airflow/example_dags/example_nested_branch_dag.py took 0.063 seconds
[2025-01-16T15:53:49.487+0000] {processor.py:186} INFO - Started process (PID=11746) to work on /home/airflow/.local/lib/python3.12/site-packages/airflow/example_dags/example_nested_branch_dag.py
[2025-01-16T15:53:49.488+0000] {processor.py:914} INFO - Processing file /home/airflow/.local/lib/python3.12/site-packages/airflow/example_dags/example_nested_branch_dag.py for tasks to queue
[2025-01-16T15:53:49.490+0000] {logging_mixin.py:190} INFO - [2025-01-16T15:53:49.490+0000] {dagbag.py:588} INFO - Filling up the DagBag from /home/airflow/.local/lib/python3.12/site-packages/airflow/example_dags/example_nested_branch_dag.py
[2025-01-16T15:53:49.498+0000] {processor.py:925} INFO - DAG(s) 'example_nested_branch_dag' retrieved from /home/airflow/.local/lib/python3.12/site-packages/airflow/example_dags/example_nested_branch_dag.py
[2025-01-16T15:53:49.514+0000] {logging_mixin.py:190} INFO - [2025-01-16T15:53:49.513+0000] {dag.py:3239} INFO - Sync 1 DAGs
[2025-01-16T15:53:49.531+0000] {logging_mixin.py:190} INFO - [2025-01-16T15:53:49.531+0000] {dag.py:4180} INFO - Setting next_dagrun for example_nested_branch_dag to 2025-01-15 00:00:00+00:00, run_after=2025-01-16 00:00:00+00:00
[2025-01-16T15:53:49.544+0000] {processor.py:208} INFO - Processing /home/airflow/.local/lib/python3.12/site-packages/airflow/example_dags/example_nested_branch_dag.py took 0.061 seconds
[2025-01-16T15:54:20.210+0000] {processor.py:186} INFO - Started process (PID=12042) to work on /home/airflow/.local/lib/python3.12/site-packages/airflow/example_dags/example_nested_branch_dag.py
[2025-01-16T15:54:20.211+0000] {processor.py:914} INFO - Processing file /home/airflow/.local/lib/python3.12/site-packages/airflow/example_dags/example_nested_branch_dag.py for tasks to queue
[2025-01-16T15:54:20.213+0000] {logging_mixin.py:190} INFO - [2025-01-16T15:54:20.212+0000] {dagbag.py:588} INFO - Filling up the DagBag from /home/airflow/.local/lib/python3.12/site-packages/airflow/example_dags/example_nested_branch_dag.py
[2025-01-16T15:54:20.221+0000] {processor.py:925} INFO - DAG(s) 'example_nested_branch_dag' retrieved from /home/airflow/.local/lib/python3.12/site-packages/airflow/example_dags/example_nested_branch_dag.py
[2025-01-16T15:54:20.237+0000] {logging_mixin.py:190} INFO - [2025-01-16T15:54:20.236+0000] {dag.py:3239} INFO - Sync 1 DAGs
[2025-01-16T15:54:20.255+0000] {logging_mixin.py:190} INFO - [2025-01-16T15:54:20.255+0000] {dag.py:4180} INFO - Setting next_dagrun for example_nested_branch_dag to 2025-01-15 00:00:00+00:00, run_after=2025-01-16 00:00:00+00:00
[2025-01-16T15:54:20.268+0000] {processor.py:208} INFO - Processing /home/airflow/.local/lib/python3.12/site-packages/airflow/example_dags/example_nested_branch_dag.py took 0.062 seconds
[2025-01-16T15:54:50.856+0000] {processor.py:186} INFO - Started process (PID=12338) to work on /home/airflow/.local/lib/python3.12/site-packages/airflow/example_dags/example_nested_branch_dag.py
[2025-01-16T15:54:50.857+0000] {processor.py:914} INFO - Processing file /home/airflow/.local/lib/python3.12/site-packages/airflow/example_dags/example_nested_branch_dag.py for tasks to queue
[2025-01-16T15:54:50.858+0000] {logging_mixin.py:190} INFO - [2025-01-16T15:54:50.858+0000] {dagbag.py:588} INFO - Filling up the DagBag from /home/airflow/.local/lib/python3.12/site-packages/airflow/example_dags/example_nested_branch_dag.py
[2025-01-16T15:54:50.867+0000] {processor.py:925} INFO - DAG(s) 'example_nested_branch_dag' retrieved from /home/airflow/.local/lib/python3.12/site-packages/airflow/example_dags/example_nested_branch_dag.py
[2025-01-16T15:54:50.883+0000] {logging_mixin.py:190} INFO - [2025-01-16T15:54:50.882+0000] {dag.py:3239} INFO - Sync 1 DAGs
[2025-01-16T15:54:50.901+0000] {logging_mixin.py:190} INFO - [2025-01-16T15:54:50.900+0000] {dag.py:4180} INFO - Setting next_dagrun for example_nested_branch_dag to 2025-01-15 00:00:00+00:00, run_after=2025-01-16 00:00:00+00:00
[2025-01-16T15:54:50.914+0000] {processor.py:208} INFO - Processing /home/airflow/.local/lib/python3.12/site-packages/airflow/example_dags/example_nested_branch_dag.py took 0.062 seconds
[2025-01-16T15:55:21.499+0000] {processor.py:186} INFO - Started process (PID=12634) to work on /home/airflow/.local/lib/python3.12/site-packages/airflow/example_dags/example_nested_branch_dag.py
[2025-01-16T15:55:21.500+0000] {processor.py:914} INFO - Processing file /home/airflow/.local/lib/python3.12/site-packages/airflow/example_dags/example_nested_branch_dag.py for tasks to queue
[2025-01-16T15:55:21.501+0000] {logging_mixin.py:190} INFO - [2025-01-16T15:55:21.501+0000] {dagbag.py:588} INFO - Filling up the DagBag from /home/airflow/.local/lib/python3.12/site-packages/airflow/example_dags/example_nested_branch_dag.py
[2025-01-16T15:55:21.509+0000] {processor.py:925} INFO - DAG(s) 'example_nested_branch_dag' retrieved from /home/airflow/.local/lib/python3.12/site-packages/airflow/example_dags/example_nested_branch_dag.py
[2025-01-16T15:55:21.527+0000] {logging_mixin.py:190} INFO - [2025-01-16T15:55:21.527+0000] {dag.py:3239} INFO - Sync 1 DAGs
[2025-01-16T15:55:21.544+0000] {logging_mixin.py:190} INFO - [2025-01-16T15:55:21.544+0000] {dag.py:4180} INFO - Setting next_dagrun for example_nested_branch_dag to 2025-01-15 00:00:00+00:00, run_after=2025-01-16 00:00:00+00:00
[2025-01-16T15:55:21.556+0000] {processor.py:208} INFO - Processing /home/airflow/.local/lib/python3.12/site-packages/airflow/example_dags/example_nested_branch_dag.py took 0.062 seconds
[2025-01-16T15:55:52.345+0000] {processor.py:186} INFO - Started process (PID=12930) to work on /home/airflow/.local/lib/python3.12/site-packages/airflow/example_dags/example_nested_branch_dag.py
[2025-01-16T15:55:52.346+0000] {processor.py:914} INFO - Processing file /home/airflow/.local/lib/python3.12/site-packages/airflow/example_dags/example_nested_branch_dag.py for tasks to queue
[2025-01-16T15:55:52.347+0000] {logging_mixin.py:190} INFO - [2025-01-16T15:55:52.347+0000] {dagbag.py:588} INFO - Filling up the DagBag from /home/airflow/.local/lib/python3.12/site-packages/airflow/example_dags/example_nested_branch_dag.py
[2025-01-16T15:55:52.355+0000] {processor.py:925} INFO - DAG(s) 'example_nested_branch_dag' retrieved from /home/airflow/.local/lib/python3.12/site-packages/airflow/example_dags/example_nested_branch_dag.py
[2025-01-16T15:55:52.373+0000] {logging_mixin.py:190} INFO - [2025-01-16T15:55:52.373+0000] {dag.py:3239} INFO - Sync 1 DAGs
[2025-01-16T15:55:52.391+0000] {logging_mixin.py:190} INFO - [2025-01-16T15:55:52.391+0000] {dag.py:4180} INFO - Setting next_dagrun for example_nested_branch_dag to 2025-01-15 00:00:00+00:00, run_after=2025-01-16 00:00:00+00:00
[2025-01-16T15:55:52.404+0000] {processor.py:208} INFO - Processing /home/airflow/.local/lib/python3.12/site-packages/airflow/example_dags/example_nested_branch_dag.py took 0.064 seconds
[2025-01-16T15:56:23.279+0000] {processor.py:186} INFO - Started process (PID=13221) to work on /home/airflow/.local/lib/python3.12/site-packages/airflow/example_dags/example_nested_branch_dag.py
[2025-01-16T15:56:23.280+0000] {processor.py:914} INFO - Processing file /home/airflow/.local/lib/python3.12/site-packages/airflow/example_dags/example_nested_branch_dag.py for tasks to queue
[2025-01-16T15:56:23.282+0000] {logging_mixin.py:190} INFO - [2025-01-16T15:56:23.282+0000] {dagbag.py:588} INFO - Filling up the DagBag from /home/airflow/.local/lib/python3.12/site-packages/airflow/example_dags/example_nested_branch_dag.py
[2025-01-16T15:56:23.290+0000] {processor.py:925} INFO - DAG(s) 'example_nested_branch_dag' retrieved from /home/airflow/.local/lib/python3.12/site-packages/airflow/example_dags/example_nested_branch_dag.py
[2025-01-16T15:56:23.308+0000] {logging_mixin.py:190} INFO - [2025-01-16T15:56:23.307+0000] {dag.py:3239} INFO - Sync 1 DAGs
[2025-01-16T15:56:23.326+0000] {logging_mixin.py:190} INFO - [2025-01-16T15:56:23.326+0000] {dag.py:4180} INFO - Setting next_dagrun for example_nested_branch_dag to 2025-01-15 00:00:00+00:00, run_after=2025-01-16 00:00:00+00:00
[2025-01-16T15:56:23.342+0000] {processor.py:208} INFO - Processing /home/airflow/.local/lib/python3.12/site-packages/airflow/example_dags/example_nested_branch_dag.py took 0.068 seconds
[2025-01-16T15:56:54.387+0000] {processor.py:186} INFO - Started process (PID=13522) to work on /home/airflow/.local/lib/python3.12/site-packages/airflow/example_dags/example_nested_branch_dag.py
[2025-01-16T15:56:54.387+0000] {processor.py:914} INFO - Processing file /home/airflow/.local/lib/python3.12/site-packages/airflow/example_dags/example_nested_branch_dag.py for tasks to queue
[2025-01-16T15:56:54.389+0000] {logging_mixin.py:190} INFO - [2025-01-16T15:56:54.389+0000] {dagbag.py:588} INFO - Filling up the DagBag from /home/airflow/.local/lib/python3.12/site-packages/airflow/example_dags/example_nested_branch_dag.py
[2025-01-16T15:56:54.397+0000] {processor.py:925} INFO - DAG(s) 'example_nested_branch_dag' retrieved from /home/airflow/.local/lib/python3.12/site-packages/airflow/example_dags/example_nested_branch_dag.py
[2025-01-16T15:56:54.414+0000] {logging_mixin.py:190} INFO - [2025-01-16T15:56:54.414+0000] {dag.py:3239} INFO - Sync 1 DAGs
[2025-01-16T15:56:54.433+0000] {logging_mixin.py:190} INFO - [2025-01-16T15:56:54.433+0000] {dag.py:4180} INFO - Setting next_dagrun for example_nested_branch_dag to 2025-01-15 00:00:00+00:00, run_after=2025-01-16 00:00:00+00:00
[2025-01-16T15:56:54.448+0000] {processor.py:208} INFO - Processing /home/airflow/.local/lib/python3.12/site-packages/airflow/example_dags/example_nested_branch_dag.py took 0.065 seconds
[2025-01-16T15:57:25.517+0000] {processor.py:186} INFO - Started process (PID=13820) to work on /home/airflow/.local/lib/python3.12/site-packages/airflow/example_dags/example_nested_branch_dag.py
[2025-01-16T15:57:25.517+0000] {processor.py:914} INFO - Processing file /home/airflow/.local/lib/python3.12/site-packages/airflow/example_dags/example_nested_branch_dag.py for tasks to queue
[2025-01-16T15:57:25.519+0000] {logging_mixin.py:190} INFO - [2025-01-16T15:57:25.519+0000] {dagbag.py:588} INFO - Filling up the DagBag from /home/airflow/.local/lib/python3.12/site-packages/airflow/example_dags/example_nested_branch_dag.py
[2025-01-16T15:57:25.528+0000] {processor.py:925} INFO - DAG(s) 'example_nested_branch_dag' retrieved from /home/airflow/.local/lib/python3.12/site-packages/airflow/example_dags/example_nested_branch_dag.py
[2025-01-16T15:57:25.544+0000] {logging_mixin.py:190} INFO - [2025-01-16T15:57:25.544+0000] {dag.py:3239} INFO - Sync 1 DAGs
[2025-01-16T15:57:25.562+0000] {logging_mixin.py:190} INFO - [2025-01-16T15:57:25.562+0000] {dag.py:4180} INFO - Setting next_dagrun for example_nested_branch_dag to 2025-01-15 00:00:00+00:00, run_after=2025-01-16 00:00:00+00:00
[2025-01-16T15:57:25.576+0000] {processor.py:208} INFO - Processing /home/airflow/.local/lib/python3.12/site-packages/airflow/example_dags/example_nested_branch_dag.py took 0.064 seconds
[2025-01-16T15:57:56.482+0000] {processor.py:186} INFO - Started process (PID=14114) to work on /home/airflow/.local/lib/python3.12/site-packages/airflow/example_dags/example_nested_branch_dag.py
[2025-01-16T15:57:56.483+0000] {processor.py:914} INFO - Processing file /home/airflow/.local/lib/python3.12/site-packages/airflow/example_dags/example_nested_branch_dag.py for tasks to queue
[2025-01-16T15:57:56.485+0000] {logging_mixin.py:190} INFO - [2025-01-16T15:57:56.485+0000] {dagbag.py:588} INFO - Filling up the DagBag from /home/airflow/.local/lib/python3.12/site-packages/airflow/example_dags/example_nested_branch_dag.py
[2025-01-16T15:57:56.494+0000] {processor.py:925} INFO - DAG(s) 'example_nested_branch_dag' retrieved from /home/airflow/.local/lib/python3.12/site-packages/airflow/example_dags/example_nested_branch_dag.py
[2025-01-16T15:57:56.510+0000] {logging_mixin.py:190} INFO - [2025-01-16T15:57:56.510+0000] {dag.py:3239} INFO - Sync 1 DAGs
[2025-01-16T15:57:56.528+0000] {logging_mixin.py:190} INFO - [2025-01-16T15:57:56.528+0000] {dag.py:4180} INFO - Setting next_dagrun for example_nested_branch_dag to 2025-01-15 00:00:00+00:00, run_after=2025-01-16 00:00:00+00:00
[2025-01-16T15:57:56.541+0000] {processor.py:208} INFO - Processing /home/airflow/.local/lib/python3.12/site-packages/airflow/example_dags/example_nested_branch_dag.py took 0.064 seconds
[2025-01-16T15:58:28.111+0000] {processor.py:186} INFO - Started process (PID=14412) to work on /home/airflow/.local/lib/python3.12/site-packages/airflow/example_dags/example_nested_branch_dag.py
[2025-01-16T15:58:28.112+0000] {processor.py:914} INFO - Processing file /home/airflow/.local/lib/python3.12/site-packages/airflow/example_dags/example_nested_branch_dag.py for tasks to queue
[2025-01-16T15:58:28.114+0000] {logging_mixin.py:190} INFO - [2025-01-16T15:58:28.113+0000] {dagbag.py:588} INFO - Filling up the DagBag from /home/airflow/.local/lib/python3.12/site-packages/airflow/example_dags/example_nested_branch_dag.py
[2025-01-16T15:58:28.122+0000] {processor.py:925} INFO - DAG(s) 'example_nested_branch_dag' retrieved from /home/airflow/.local/lib/python3.12/site-packages/airflow/example_dags/example_nested_branch_dag.py
[2025-01-16T15:58:28.140+0000] {logging_mixin.py:190} INFO - [2025-01-16T15:58:28.140+0000] {dag.py:3239} INFO - Sync 1 DAGs
[2025-01-16T15:58:28.160+0000] {logging_mixin.py:190} INFO - [2025-01-16T15:58:28.160+0000] {dag.py:4180} INFO - Setting next_dagrun for example_nested_branch_dag to 2025-01-15 00:00:00+00:00, run_after=2025-01-16 00:00:00+00:00
[2025-01-16T15:58:28.174+0000] {processor.py:208} INFO - Processing /home/airflow/.local/lib/python3.12/site-packages/airflow/example_dags/example_nested_branch_dag.py took 0.069 seconds
[2025-01-16T15:58:59.325+0000] {processor.py:186} INFO - Started process (PID=14706) to work on /home/airflow/.local/lib/python3.12/site-packages/airflow/example_dags/example_nested_branch_dag.py
[2025-01-16T15:58:59.326+0000] {processor.py:914} INFO - Processing file /home/airflow/.local/lib/python3.12/site-packages/airflow/example_dags/example_nested_branch_dag.py for tasks to queue
[2025-01-16T15:58:59.327+0000] {logging_mixin.py:190} INFO - [2025-01-16T15:58:59.327+0000] {dagbag.py:588} INFO - Filling up the DagBag from /home/airflow/.local/lib/python3.12/site-packages/airflow/example_dags/example_nested_branch_dag.py
[2025-01-16T15:58:59.335+0000] {processor.py:925} INFO - DAG(s) 'example_nested_branch_dag' retrieved from /home/airflow/.local/lib/python3.12/site-packages/airflow/example_dags/example_nested_branch_dag.py
[2025-01-16T15:58:59.351+0000] {logging_mixin.py:190} INFO - [2025-01-16T15:58:59.351+0000] {dag.py:3239} INFO - Sync 1 DAGs
[2025-01-16T15:58:59.369+0000] {logging_mixin.py:190} INFO - [2025-01-16T15:58:59.369+0000] {dag.py:4180} INFO - Setting next_dagrun for example_nested_branch_dag to 2025-01-15 00:00:00+00:00, run_after=2025-01-16 00:00:00+00:00
[2025-01-16T15:58:59.382+0000] {processor.py:208} INFO - Processing /home/airflow/.local/lib/python3.12/site-packages/airflow/example_dags/example_nested_branch_dag.py took 0.061 seconds
[2025-01-16T15:59:30.397+0000] {processor.py:186} INFO - Started process (PID=15002) to work on /home/airflow/.local/lib/python3.12/site-packages/airflow/example_dags/example_nested_branch_dag.py
[2025-01-16T15:59:30.397+0000] {processor.py:914} INFO - Processing file /home/airflow/.local/lib/python3.12/site-packages/airflow/example_dags/example_nested_branch_dag.py for tasks to queue
[2025-01-16T15:59:30.399+0000] {logging_mixin.py:190} INFO - [2025-01-16T15:59:30.399+0000] {dagbag.py:588} INFO - Filling up the DagBag from /home/airflow/.local/lib/python3.12/site-packages/airflow/example_dags/example_nested_branch_dag.py
[2025-01-16T15:59:30.408+0000] {processor.py:925} INFO - DAG(s) 'example_nested_branch_dag' retrieved from /home/airflow/.local/lib/python3.12/site-packages/airflow/example_dags/example_nested_branch_dag.py
[2025-01-16T15:59:30.424+0000] {logging_mixin.py:190} INFO - [2025-01-16T15:59:30.424+0000] {dag.py:3239} INFO - Sync 1 DAGs
[2025-01-16T15:59:30.443+0000] {logging_mixin.py:190} INFO - [2025-01-16T15:59:30.443+0000] {dag.py:4180} INFO - Setting next_dagrun for example_nested_branch_dag to 2025-01-15 00:00:00+00:00, run_after=2025-01-16 00:00:00+00:00
[2025-01-16T15:59:30.456+0000] {processor.py:208} INFO - Processing /home/airflow/.local/lib/python3.12/site-packages/airflow/example_dags/example_nested_branch_dag.py took 0.064 seconds
[2025-01-16T16:00:01.383+0000] {processor.py:186} INFO - Started process (PID=15298) to work on /home/airflow/.local/lib/python3.12/site-packages/airflow/example_dags/example_nested_branch_dag.py
[2025-01-16T16:00:01.384+0000] {processor.py:914} INFO - Processing file /home/airflow/.local/lib/python3.12/site-packages/airflow/example_dags/example_nested_branch_dag.py for tasks to queue
[2025-01-16T16:00:01.386+0000] {logging_mixin.py:190} INFO - [2025-01-16T16:00:01.386+0000] {dagbag.py:588} INFO - Filling up the DagBag from /home/airflow/.local/lib/python3.12/site-packages/airflow/example_dags/example_nested_branch_dag.py
[2025-01-16T16:00:01.396+0000] {processor.py:925} INFO - DAG(s) 'example_nested_branch_dag' retrieved from /home/airflow/.local/lib/python3.12/site-packages/airflow/example_dags/example_nested_branch_dag.py
[2025-01-16T16:00:01.417+0000] {logging_mixin.py:190} INFO - [2025-01-16T16:00:01.417+0000] {dag.py:3239} INFO - Sync 1 DAGs
[2025-01-16T16:00:01.438+0000] {logging_mixin.py:190} INFO - [2025-01-16T16:00:01.437+0000] {dag.py:4180} INFO - Setting next_dagrun for example_nested_branch_dag to 2025-01-15 00:00:00+00:00, run_after=2025-01-16 00:00:00+00:00
[2025-01-16T16:00:01.457+0000] {processor.py:208} INFO - Processing /home/airflow/.local/lib/python3.12/site-packages/airflow/example_dags/example_nested_branch_dag.py took 0.079 seconds
[2025-01-16T16:00:34.889+0000] {processor.py:186} INFO - Started process (PID=15610) to work on /home/airflow/.local/lib/python3.12/site-packages/airflow/example_dags/example_nested_branch_dag.py
[2025-01-16T16:00:34.890+0000] {processor.py:914} INFO - Processing file /home/airflow/.local/lib/python3.12/site-packages/airflow/example_dags/example_nested_branch_dag.py for tasks to queue
[2025-01-16T16:00:34.892+0000] {logging_mixin.py:190} INFO - [2025-01-16T16:00:34.891+0000] {dagbag.py:588} INFO - Filling up the DagBag from /home/airflow/.local/lib/python3.12/site-packages/airflow/example_dags/example_nested_branch_dag.py
[2025-01-16T16:00:34.900+0000] {processor.py:925} INFO - DAG(s) 'example_nested_branch_dag' retrieved from /home/airflow/.local/lib/python3.12/site-packages/airflow/example_dags/example_nested_branch_dag.py
[2025-01-16T16:00:34.916+0000] {logging_mixin.py:190} INFO - [2025-01-16T16:00:34.916+0000] {dag.py:3239} INFO - Sync 1 DAGs
[2025-01-16T16:00:34.934+0000] {logging_mixin.py:190} INFO - [2025-01-16T16:00:34.933+0000] {dag.py:4180} INFO - Setting next_dagrun for example_nested_branch_dag to 2025-01-15 00:00:00+00:00, run_after=2025-01-16 00:00:00+00:00
[2025-01-16T16:00:34.946+0000] {processor.py:208} INFO - Processing /home/airflow/.local/lib/python3.12/site-packages/airflow/example_dags/example_nested_branch_dag.py took 0.062 seconds
[2025-01-16T16:01:05.789+0000] {processor.py:186} INFO - Started process (PID=15906) to work on /home/airflow/.local/lib/python3.12/site-packages/airflow/example_dags/example_nested_branch_dag.py
[2025-01-16T16:01:05.790+0000] {processor.py:914} INFO - Processing file /home/airflow/.local/lib/python3.12/site-packages/airflow/example_dags/example_nested_branch_dag.py for tasks to queue
[2025-01-16T16:01:05.791+0000] {logging_mixin.py:190} INFO - [2025-01-16T16:01:05.791+0000] {dagbag.py:588} INFO - Filling up the DagBag from /home/airflow/.local/lib/python3.12/site-packages/airflow/example_dags/example_nested_branch_dag.py
[2025-01-16T16:01:05.799+0000] {processor.py:925} INFO - DAG(s) 'example_nested_branch_dag' retrieved from /home/airflow/.local/lib/python3.12/site-packages/airflow/example_dags/example_nested_branch_dag.py
[2025-01-16T16:01:05.816+0000] {logging_mixin.py:190} INFO - [2025-01-16T16:01:05.816+0000] {dag.py:3239} INFO - Sync 1 DAGs
[2025-01-16T16:01:05.833+0000] {logging_mixin.py:190} INFO - [2025-01-16T16:01:05.833+0000] {dag.py:4180} INFO - Setting next_dagrun for example_nested_branch_dag to 2025-01-15 00:00:00+00:00, run_after=2025-01-16 00:00:00+00:00
[2025-01-16T16:01:05.846+0000] {processor.py:208} INFO - Processing /home/airflow/.local/lib/python3.12/site-packages/airflow/example_dags/example_nested_branch_dag.py took 0.061 seconds
[2025-01-16T16:01:36.691+0000] {processor.py:186} INFO - Started process (PID=16204) to work on /home/airflow/.local/lib/python3.12/site-packages/airflow/example_dags/example_nested_branch_dag.py
[2025-01-16T16:01:36.692+0000] {processor.py:914} INFO - Processing file /home/airflow/.local/lib/python3.12/site-packages/airflow/example_dags/example_nested_branch_dag.py for tasks to queue
[2025-01-16T16:01:36.694+0000] {logging_mixin.py:190} INFO - [2025-01-16T16:01:36.693+0000] {dagbag.py:588} INFO - Filling up the DagBag from /home/airflow/.local/lib/python3.12/site-packages/airflow/example_dags/example_nested_branch_dag.py
[2025-01-16T16:01:36.702+0000] {processor.py:925} INFO - DAG(s) 'example_nested_branch_dag' retrieved from /home/airflow/.local/lib/python3.12/site-packages/airflow/example_dags/example_nested_branch_dag.py
[2025-01-16T16:01:36.717+0000] {logging_mixin.py:190} INFO - [2025-01-16T16:01:36.717+0000] {dag.py:3239} INFO - Sync 1 DAGs
[2025-01-16T16:01:36.735+0000] {logging_mixin.py:190} INFO - [2025-01-16T16:01:36.734+0000] {dag.py:4180} INFO - Setting next_dagrun for example_nested_branch_dag to 2025-01-15 00:00:00+00:00, run_after=2025-01-16 00:00:00+00:00
[2025-01-16T16:01:36.748+0000] {processor.py:208} INFO - Processing /home/airflow/.local/lib/python3.12/site-packages/airflow/example_dags/example_nested_branch_dag.py took 0.062 seconds
[2025-01-16T16:02:07.533+0000] {processor.py:186} INFO - Started process (PID=16498) to work on /home/airflow/.local/lib/python3.12/site-packages/airflow/example_dags/example_nested_branch_dag.py
[2025-01-16T16:02:07.534+0000] {processor.py:914} INFO - Processing file /home/airflow/.local/lib/python3.12/site-packages/airflow/example_dags/example_nested_branch_dag.py for tasks to queue
[2025-01-16T16:02:07.536+0000] {logging_mixin.py:190} INFO - [2025-01-16T16:02:07.536+0000] {dagbag.py:588} INFO - Filling up the DagBag from /home/airflow/.local/lib/python3.12/site-packages/airflow/example_dags/example_nested_branch_dag.py
[2025-01-16T16:02:07.547+0000] {processor.py:925} INFO - DAG(s) 'example_nested_branch_dag' retrieved from /home/airflow/.local/lib/python3.12/site-packages/airflow/example_dags/example_nested_branch_dag.py
[2025-01-16T16:02:07.567+0000] {logging_mixin.py:190} INFO - [2025-01-16T16:02:07.567+0000] {dag.py:3239} INFO - Sync 1 DAGs
[2025-01-16T16:02:07.586+0000] {logging_mixin.py:190} INFO - [2025-01-16T16:02:07.586+0000] {dag.py:4180} INFO - Setting next_dagrun for example_nested_branch_dag to 2025-01-15 00:00:00+00:00, run_after=2025-01-16 00:00:00+00:00
[2025-01-16T16:02:07.599+0000] {processor.py:208} INFO - Processing /home/airflow/.local/lib/python3.12/site-packages/airflow/example_dags/example_nested_branch_dag.py took 0.071 seconds
[2025-01-16T16:02:38.196+0000] {processor.py:186} INFO - Started process (PID=16799) to work on /home/airflow/.local/lib/python3.12/site-packages/airflow/example_dags/example_nested_branch_dag.py
[2025-01-16T16:02:38.196+0000] {processor.py:914} INFO - Processing file /home/airflow/.local/lib/python3.12/site-packages/airflow/example_dags/example_nested_branch_dag.py for tasks to queue
[2025-01-16T16:02:38.198+0000] {logging_mixin.py:190} INFO - [2025-01-16T16:02:38.198+0000] {dagbag.py:588} INFO - Filling up the DagBag from /home/airflow/.local/lib/python3.12/site-packages/airflow/example_dags/example_nested_branch_dag.py
[2025-01-16T16:02:38.206+0000] {processor.py:925} INFO - DAG(s) 'example_nested_branch_dag' retrieved from /home/airflow/.local/lib/python3.12/site-packages/airflow/example_dags/example_nested_branch_dag.py
[2025-01-16T16:02:38.226+0000] {logging_mixin.py:190} INFO - [2025-01-16T16:02:38.226+0000] {dag.py:3239} INFO - Sync 1 DAGs
[2025-01-16T16:02:38.250+0000] {logging_mixin.py:190} INFO - [2025-01-16T16:02:38.249+0000] {dag.py:4180} INFO - Setting next_dagrun for example_nested_branch_dag to 2025-01-15 00:00:00+00:00, run_after=2025-01-16 00:00:00+00:00
[2025-01-16T16:02:38.267+0000] {processor.py:208} INFO - Processing /home/airflow/.local/lib/python3.12/site-packages/airflow/example_dags/example_nested_branch_dag.py took 0.076 seconds
[2025-01-16T16:03:09.437+0000] {processor.py:186} INFO - Started process (PID=17110) to work on /home/airflow/.local/lib/python3.12/site-packages/airflow/example_dags/example_nested_branch_dag.py
[2025-01-16T16:03:09.438+0000] {processor.py:914} INFO - Processing file /home/airflow/.local/lib/python3.12/site-packages/airflow/example_dags/example_nested_branch_dag.py for tasks to queue
[2025-01-16T16:03:09.440+0000] {logging_mixin.py:190} INFO - [2025-01-16T16:03:09.440+0000] {dagbag.py:588} INFO - Filling up the DagBag from /home/airflow/.local/lib/python3.12/site-packages/airflow/example_dags/example_nested_branch_dag.py
[2025-01-16T16:03:09.451+0000] {processor.py:925} INFO - DAG(s) 'example_nested_branch_dag' retrieved from /home/airflow/.local/lib/python3.12/site-packages/airflow/example_dags/example_nested_branch_dag.py
[2025-01-16T16:03:09.470+0000] {logging_mixin.py:190} INFO - [2025-01-16T16:03:09.470+0000] {dag.py:3239} INFO - Sync 1 DAGs
[2025-01-16T16:03:09.493+0000] {logging_mixin.py:190} INFO - [2025-01-16T16:03:09.492+0000] {dag.py:4180} INFO - Setting next_dagrun for example_nested_branch_dag to 2025-01-15 00:00:00+00:00, run_after=2025-01-16 00:00:00+00:00
[2025-01-16T16:03:09.512+0000] {processor.py:208} INFO - Processing /home/airflow/.local/lib/python3.12/site-packages/airflow/example_dags/example_nested_branch_dag.py took 0.080 seconds
[2025-01-16T16:03:39.566+0000] {processor.py:186} INFO - Started process (PID=17401) to work on /home/airflow/.local/lib/python3.12/site-packages/airflow/example_dags/example_nested_branch_dag.py
[2025-01-16T16:03:39.567+0000] {processor.py:914} INFO - Processing file /home/airflow/.local/lib/python3.12/site-packages/airflow/example_dags/example_nested_branch_dag.py for tasks to queue
[2025-01-16T16:03:39.569+0000] {logging_mixin.py:190} INFO - [2025-01-16T16:03:39.568+0000] {dagbag.py:588} INFO - Filling up the DagBag from /home/airflow/.local/lib/python3.12/site-packages/airflow/example_dags/example_nested_branch_dag.py
[2025-01-16T16:03:39.577+0000] {processor.py:925} INFO - DAG(s) 'example_nested_branch_dag' retrieved from /home/airflow/.local/lib/python3.12/site-packages/airflow/example_dags/example_nested_branch_dag.py
[2025-01-16T16:03:39.594+0000] {logging_mixin.py:190} INFO - [2025-01-16T16:03:39.594+0000] {dag.py:3239} INFO - Sync 1 DAGs
[2025-01-16T16:03:39.613+0000] {logging_mixin.py:190} INFO - [2025-01-16T16:03:39.613+0000] {dag.py:4180} INFO - Setting next_dagrun for example_nested_branch_dag to 2025-01-15 00:00:00+00:00, run_after=2025-01-16 00:00:00+00:00
[2025-01-16T16:03:39.630+0000] {processor.py:208} INFO - Processing /home/airflow/.local/lib/python3.12/site-packages/airflow/example_dags/example_nested_branch_dag.py took 0.070 seconds
[2025-01-16T16:04:10.485+0000] {processor.py:186} INFO - Started process (PID=17699) to work on /home/airflow/.local/lib/python3.12/site-packages/airflow/example_dags/example_nested_branch_dag.py
[2025-01-16T16:04:10.486+0000] {processor.py:914} INFO - Processing file /home/airflow/.local/lib/python3.12/site-packages/airflow/example_dags/example_nested_branch_dag.py for tasks to queue
[2025-01-16T16:04:10.488+0000] {logging_mixin.py:190} INFO - [2025-01-16T16:04:10.487+0000] {dagbag.py:588} INFO - Filling up the DagBag from /home/airflow/.local/lib/python3.12/site-packages/airflow/example_dags/example_nested_branch_dag.py
[2025-01-16T16:04:10.498+0000] {processor.py:925} INFO - DAG(s) 'example_nested_branch_dag' retrieved from /home/airflow/.local/lib/python3.12/site-packages/airflow/example_dags/example_nested_branch_dag.py
[2025-01-16T16:04:10.515+0000] {logging_mixin.py:190} INFO - [2025-01-16T16:04:10.515+0000] {dag.py:3239} INFO - Sync 1 DAGs
[2025-01-16T16:04:10.533+0000] {logging_mixin.py:190} INFO - [2025-01-16T16:04:10.533+0000] {dag.py:4180} INFO - Setting next_dagrun for example_nested_branch_dag to 2025-01-15 00:00:00+00:00, run_after=2025-01-16 00:00:00+00:00
[2025-01-16T16:04:10.545+0000] {processor.py:208} INFO - Processing /home/airflow/.local/lib/python3.12/site-packages/airflow/example_dags/example_nested_branch_dag.py took 0.065 seconds
[2025-01-16T16:04:41.786+0000] {processor.py:186} INFO - Started process (PID=17995) to work on /home/airflow/.local/lib/python3.12/site-packages/airflow/example_dags/example_nested_branch_dag.py
[2025-01-16T16:04:41.787+0000] {processor.py:914} INFO - Processing file /home/airflow/.local/lib/python3.12/site-packages/airflow/example_dags/example_nested_branch_dag.py for tasks to queue
[2025-01-16T16:04:41.788+0000] {logging_mixin.py:190} INFO - [2025-01-16T16:04:41.788+0000] {dagbag.py:588} INFO - Filling up the DagBag from /home/airflow/.local/lib/python3.12/site-packages/airflow/example_dags/example_nested_branch_dag.py
[2025-01-16T16:04:41.797+0000] {processor.py:925} INFO - DAG(s) 'example_nested_branch_dag' retrieved from /home/airflow/.local/lib/python3.12/site-packages/airflow/example_dags/example_nested_branch_dag.py
[2025-01-16T16:04:41.813+0000] {logging_mixin.py:190} INFO - [2025-01-16T16:04:41.813+0000] {dag.py:3239} INFO - Sync 1 DAGs
[2025-01-16T16:04:41.832+0000] {logging_mixin.py:190} INFO - [2025-01-16T16:04:41.831+0000] {dag.py:4180} INFO - Setting next_dagrun for example_nested_branch_dag to 2025-01-15 00:00:00+00:00, run_after=2025-01-16 00:00:00+00:00
[2025-01-16T16:04:41.847+0000] {processor.py:208} INFO - Processing /home/airflow/.local/lib/python3.12/site-packages/airflow/example_dags/example_nested_branch_dag.py took 0.065 seconds
[2025-01-16T16:05:14.696+0000] {processor.py:186} INFO - Started process (PID=18296) to work on /home/airflow/.local/lib/python3.12/site-packages/airflow/example_dags/example_nested_branch_dag.py
[2025-01-16T16:05:14.697+0000] {processor.py:914} INFO - Processing file /home/airflow/.local/lib/python3.12/site-packages/airflow/example_dags/example_nested_branch_dag.py for tasks to queue
[2025-01-16T16:05:14.698+0000] {logging_mixin.py:190} INFO - [2025-01-16T16:05:14.697+0000] {dagbag.py:588} INFO - Filling up the DagBag from /home/airflow/.local/lib/python3.12/site-packages/airflow/example_dags/example_nested_branch_dag.py
[2025-01-16T16:05:14.706+0000] {processor.py:925} INFO - DAG(s) 'example_nested_branch_dag' retrieved from /home/airflow/.local/lib/python3.12/site-packages/airflow/example_dags/example_nested_branch_dag.py
[2025-01-16T16:05:14.722+0000] {logging_mixin.py:190} INFO - [2025-01-16T16:05:14.721+0000] {dag.py:3239} INFO - Sync 1 DAGs
[2025-01-16T16:05:14.896+0000] {logging_mixin.py:190} INFO - [2025-01-16T16:05:14.896+0000] {dag.py:4180} INFO - Setting next_dagrun for example_nested_branch_dag to 2025-01-15 00:00:00+00:00, run_after=2025-01-16 00:00:00+00:00
[2025-01-16T16:05:14.910+0000] {processor.py:208} INFO - Processing /home/airflow/.local/lib/python3.12/site-packages/airflow/example_dags/example_nested_branch_dag.py took 0.218 seconds
[2025-01-16T16:05:45.081+0000] {processor.py:186} INFO - Started process (PID=18590) to work on /home/airflow/.local/lib/python3.12/site-packages/airflow/example_dags/example_nested_branch_dag.py
[2025-01-16T16:05:45.082+0000] {processor.py:914} INFO - Processing file /home/airflow/.local/lib/python3.12/site-packages/airflow/example_dags/example_nested_branch_dag.py for tasks to queue
[2025-01-16T16:05:45.083+0000] {logging_mixin.py:190} INFO - [2025-01-16T16:05:45.083+0000] {dagbag.py:588} INFO - Filling up the DagBag from /home/airflow/.local/lib/python3.12/site-packages/airflow/example_dags/example_nested_branch_dag.py
[2025-01-16T16:05:45.091+0000] {processor.py:925} INFO - DAG(s) 'example_nested_branch_dag' retrieved from /home/airflow/.local/lib/python3.12/site-packages/airflow/example_dags/example_nested_branch_dag.py
[2025-01-16T16:05:45.106+0000] {logging_mixin.py:190} INFO - [2025-01-16T16:05:45.106+0000] {dag.py:3239} INFO - Sync 1 DAGs
[2025-01-16T16:05:45.274+0000] {logging_mixin.py:190} INFO - [2025-01-16T16:05:45.274+0000] {dag.py:4180} INFO - Setting next_dagrun for example_nested_branch_dag to 2025-01-15 00:00:00+00:00, run_after=2025-01-16 00:00:00+00:00
[2025-01-16T16:05:45.286+0000] {processor.py:208} INFO - Processing /home/airflow/.local/lib/python3.12/site-packages/airflow/example_dags/example_nested_branch_dag.py took 0.209 seconds
[2025-01-16T16:06:15.409+0000] {processor.py:186} INFO - Started process (PID=18888) to work on /home/airflow/.local/lib/python3.12/site-packages/airflow/example_dags/example_nested_branch_dag.py
[2025-01-16T16:06:15.410+0000] {processor.py:914} INFO - Processing file /home/airflow/.local/lib/python3.12/site-packages/airflow/example_dags/example_nested_branch_dag.py for tasks to queue
[2025-01-16T16:06:15.411+0000] {logging_mixin.py:190} INFO - [2025-01-16T16:06:15.410+0000] {dagbag.py:588} INFO - Filling up the DagBag from /home/airflow/.local/lib/python3.12/site-packages/airflow/example_dags/example_nested_branch_dag.py
[2025-01-16T16:06:15.419+0000] {processor.py:925} INFO - DAG(s) 'example_nested_branch_dag' retrieved from /home/airflow/.local/lib/python3.12/site-packages/airflow/example_dags/example_nested_branch_dag.py
[2025-01-16T16:06:15.434+0000] {logging_mixin.py:190} INFO - [2025-01-16T16:06:15.434+0000] {dag.py:3239} INFO - Sync 1 DAGs
[2025-01-16T16:06:15.452+0000] {logging_mixin.py:190} INFO - [2025-01-16T16:06:15.452+0000] {dag.py:4180} INFO - Setting next_dagrun for example_nested_branch_dag to 2025-01-15 00:00:00+00:00, run_after=2025-01-16 00:00:00+00:00
[2025-01-16T16:06:15.606+0000] {processor.py:208} INFO - Processing /home/airflow/.local/lib/python3.12/site-packages/airflow/example_dags/example_nested_branch_dag.py took 0.201 seconds
[2025-01-16T16:06:46.600+0000] {processor.py:186} INFO - Started process (PID=19184) to work on /home/airflow/.local/lib/python3.12/site-packages/airflow/example_dags/example_nested_branch_dag.py
[2025-01-16T16:06:46.601+0000] {processor.py:914} INFO - Processing file /home/airflow/.local/lib/python3.12/site-packages/airflow/example_dags/example_nested_branch_dag.py for tasks to queue
[2025-01-16T16:06:46.602+0000] {logging_mixin.py:190} INFO - [2025-01-16T16:06:46.602+0000] {dagbag.py:588} INFO - Filling up the DagBag from /home/airflow/.local/lib/python3.12/site-packages/airflow/example_dags/example_nested_branch_dag.py
[2025-01-16T16:06:46.611+0000] {processor.py:925} INFO - DAG(s) 'example_nested_branch_dag' retrieved from /home/airflow/.local/lib/python3.12/site-packages/airflow/example_dags/example_nested_branch_dag.py
[2025-01-16T16:06:46.630+0000] {logging_mixin.py:190} INFO - [2025-01-16T16:06:46.629+0000] {dag.py:3239} INFO - Sync 1 DAGs
[2025-01-16T16:06:46.650+0000] {logging_mixin.py:190} INFO - [2025-01-16T16:06:46.649+0000] {dag.py:4180} INFO - Setting next_dagrun for example_nested_branch_dag to 2025-01-15 00:00:00+00:00, run_after=2025-01-16 00:00:00+00:00
[2025-01-16T16:06:46.667+0000] {processor.py:208} INFO - Processing /home/airflow/.local/lib/python3.12/site-packages/airflow/example_dags/example_nested_branch_dag.py took 0.071 seconds
[2025-01-16T16:07:17.556+0000] {processor.py:186} INFO - Started process (PID=19480) to work on /home/airflow/.local/lib/python3.12/site-packages/airflow/example_dags/example_nested_branch_dag.py
[2025-01-16T16:07:17.556+0000] {processor.py:914} INFO - Processing file /home/airflow/.local/lib/python3.12/site-packages/airflow/example_dags/example_nested_branch_dag.py for tasks to queue
[2025-01-16T16:07:17.557+0000] {logging_mixin.py:190} INFO - [2025-01-16T16:07:17.557+0000] {dagbag.py:588} INFO - Filling up the DagBag from /home/airflow/.local/lib/python3.12/site-packages/airflow/example_dags/example_nested_branch_dag.py
[2025-01-16T16:07:17.566+0000] {processor.py:925} INFO - DAG(s) 'example_nested_branch_dag' retrieved from /home/airflow/.local/lib/python3.12/site-packages/airflow/example_dags/example_nested_branch_dag.py
[2025-01-16T16:07:17.582+0000] {logging_mixin.py:190} INFO - [2025-01-16T16:07:17.581+0000] {dag.py:3239} INFO - Sync 1 DAGs
[2025-01-16T16:07:17.599+0000] {logging_mixin.py:190} INFO - [2025-01-16T16:07:17.599+0000] {dag.py:4180} INFO - Setting next_dagrun for example_nested_branch_dag to 2025-01-15 00:00:00+00:00, run_after=2025-01-16 00:00:00+00:00
[2025-01-16T16:07:17.611+0000] {processor.py:208} INFO - Processing /home/airflow/.local/lib/python3.12/site-packages/airflow/example_dags/example_nested_branch_dag.py took 0.060 seconds
[2025-01-16T16:07:48.517+0000] {processor.py:186} INFO - Started process (PID=19774) to work on /home/airflow/.local/lib/python3.12/site-packages/airflow/example_dags/example_nested_branch_dag.py
[2025-01-16T16:07:48.518+0000] {processor.py:914} INFO - Processing file /home/airflow/.local/lib/python3.12/site-packages/airflow/example_dags/example_nested_branch_dag.py for tasks to queue
[2025-01-16T16:07:48.519+0000] {logging_mixin.py:190} INFO - [2025-01-16T16:07:48.519+0000] {dagbag.py:588} INFO - Filling up the DagBag from /home/airflow/.local/lib/python3.12/site-packages/airflow/example_dags/example_nested_branch_dag.py
[2025-01-16T16:07:48.528+0000] {processor.py:925} INFO - DAG(s) 'example_nested_branch_dag' retrieved from /home/airflow/.local/lib/python3.12/site-packages/airflow/example_dags/example_nested_branch_dag.py
[2025-01-16T16:07:48.544+0000] {logging_mixin.py:190} INFO - [2025-01-16T16:07:48.543+0000] {dag.py:3239} INFO - Sync 1 DAGs
[2025-01-16T16:07:48.560+0000] {logging_mixin.py:190} INFO - [2025-01-16T16:07:48.560+0000] {dag.py:4180} INFO - Setting next_dagrun for example_nested_branch_dag to 2025-01-15 00:00:00+00:00, run_after=2025-01-16 00:00:00+00:00
[2025-01-16T16:07:48.574+0000] {processor.py:208} INFO - Processing /home/airflow/.local/lib/python3.12/site-packages/airflow/example_dags/example_nested_branch_dag.py took 0.061 seconds
[2025-01-16T16:08:20.118+0000] {processor.py:186} INFO - Started process (PID=20070) to work on /home/airflow/.local/lib/python3.12/site-packages/airflow/example_dags/example_nested_branch_dag.py
[2025-01-16T16:08:20.119+0000] {processor.py:914} INFO - Processing file /home/airflow/.local/lib/python3.12/site-packages/airflow/example_dags/example_nested_branch_dag.py for tasks to queue
[2025-01-16T16:08:20.120+0000] {logging_mixin.py:190} INFO - [2025-01-16T16:08:20.120+0000] {dagbag.py:588} INFO - Filling up the DagBag from /home/airflow/.local/lib/python3.12/site-packages/airflow/example_dags/example_nested_branch_dag.py
[2025-01-16T16:08:20.131+0000] {processor.py:925} INFO - DAG(s) 'example_nested_branch_dag' retrieved from /home/airflow/.local/lib/python3.12/site-packages/airflow/example_dags/example_nested_branch_dag.py
[2025-01-16T16:08:20.149+0000] {logging_mixin.py:190} INFO - [2025-01-16T16:08:20.149+0000] {dag.py:3239} INFO - Sync 1 DAGs
[2025-01-16T16:08:20.169+0000] {logging_mixin.py:190} INFO - [2025-01-16T16:08:20.169+0000] {dag.py:4180} INFO - Setting next_dagrun for example_nested_branch_dag to 2025-01-15 00:00:00+00:00, run_after=2025-01-16 00:00:00+00:00
[2025-01-16T16:08:20.184+0000] {processor.py:208} INFO - Processing /home/airflow/.local/lib/python3.12/site-packages/airflow/example_dags/example_nested_branch_dag.py took 0.071 seconds
