[2025-01-16T15:33:56.551+0000] {processor.py:186} INFO - Started process (PID=222) to work on /home/airflow/.local/lib/python3.12/site-packages/airflow/example_dags/example_task_group_decorator.py
[2025-01-16T15:33:56.552+0000] {processor.py:914} INFO - Processing file /home/airflow/.local/lib/python3.12/site-packages/airflow/example_dags/example_task_group_decorator.py for tasks to queue
[2025-01-16T15:33:56.554+0000] {logging_mixin.py:190} INFO - [2025-01-16T15:33:56.554+0000] {dagbag.py:588} INFO - Filling up the DagBag from /home/airflow/.local/lib/python3.12/site-packages/airflow/example_dags/example_task_group_decorator.py
[2025-01-16T15:33:56.572+0000] {processor.py:925} INFO - DAG(s) 'example_task_group_decorator' retrieved from /home/airflow/.local/lib/python3.12/site-packages/airflow/example_dags/example_task_group_decorator.py
[2025-01-16T15:33:56.799+0000] {logging_mixin.py:190} INFO - [2025-01-16T15:33:56.799+0000] {override.py:1911} INFO - Created Permission View: can edit on DAG:example_task_group_decorator
[2025-01-16T15:33:56.811+0000] {logging_mixin.py:190} INFO - [2025-01-16T15:33:56.810+0000] {override.py:1911} INFO - Created Permission View: can delete on DAG:example_task_group_decorator
[2025-01-16T15:33:56.817+0000] {logging_mixin.py:190} INFO - [2025-01-16T15:33:56.817+0000] {override.py:1911} INFO - Created Permission View: can read on DAG:example_task_group_decorator
[2025-01-16T15:33:56.825+0000] {logging_mixin.py:190} INFO - [2025-01-16T15:33:56.825+0000] {override.py:1911} INFO - Created Permission View: can create on DAG Run:example_task_group_decorator
[2025-01-16T15:33:56.832+0000] {logging_mixin.py:190} INFO - [2025-01-16T15:33:56.831+0000] {override.py:1911} INFO - Created Permission View: can delete on DAG Run:example_task_group_decorator
[2025-01-16T15:33:56.838+0000] {logging_mixin.py:190} INFO - [2025-01-16T15:33:56.838+0000] {override.py:1911} INFO - Created Permission View: menu access on DAG Run:example_task_group_decorator
[2025-01-16T15:33:56.845+0000] {logging_mixin.py:190} INFO - [2025-01-16T15:33:56.845+0000] {override.py:1911} INFO - Created Permission View: can read on DAG Run:example_task_group_decorator
[2025-01-16T15:33:56.845+0000] {logging_mixin.py:190} INFO - [2025-01-16T15:33:56.845+0000] {dag.py:3239} INFO - Sync 1 DAGs
[2025-01-16T15:33:56.858+0000] {logging_mixin.py:190} INFO - [2025-01-16T15:33:56.858+0000] {dag.py:3262} INFO - Creating ORM DAG for example_task_group_decorator
[2025-01-16T15:33:56.859+0000] {logging_mixin.py:190} INFO - [2025-01-16T15:33:56.859+0000] {dag.py:4180} INFO - Setting next_dagrun for example_task_group_decorator to None, run_after=None
[2025-01-16T15:33:56.874+0000] {processor.py:208} INFO - Processing /home/airflow/.local/lib/python3.12/site-packages/airflow/example_dags/example_task_group_decorator.py took 0.329 seconds
[2025-01-16T15:34:27.135+0000] {processor.py:186} INFO - Started process (PID=517) to work on /home/airflow/.local/lib/python3.12/site-packages/airflow/example_dags/example_task_group_decorator.py
[2025-01-16T15:34:27.136+0000] {processor.py:914} INFO - Processing file /home/airflow/.local/lib/python3.12/site-packages/airflow/example_dags/example_task_group_decorator.py for tasks to queue
[2025-01-16T15:34:27.138+0000] {logging_mixin.py:190} INFO - [2025-01-16T15:34:27.137+0000] {dagbag.py:588} INFO - Filling up the DagBag from /home/airflow/.local/lib/python3.12/site-packages/airflow/example_dags/example_task_group_decorator.py
[2025-01-16T15:34:27.149+0000] {processor.py:925} INFO - DAG(s) 'example_task_group_decorator' retrieved from /home/airflow/.local/lib/python3.12/site-packages/airflow/example_dags/example_task_group_decorator.py
[2025-01-16T15:34:27.170+0000] {logging_mixin.py:190} INFO - [2025-01-16T15:34:27.170+0000] {dag.py:3239} INFO - Sync 1 DAGs
[2025-01-16T15:34:27.189+0000] {logging_mixin.py:190} INFO - [2025-01-16T15:34:27.189+0000] {dag.py:4180} INFO - Setting next_dagrun for example_task_group_decorator to None, run_after=None
[2025-01-16T15:34:27.201+0000] {processor.py:208} INFO - Processing /home/airflow/.local/lib/python3.12/site-packages/airflow/example_dags/example_task_group_decorator.py took 0.070 seconds
[2025-01-16T15:34:58.045+0000] {processor.py:186} INFO - Started process (PID=813) to work on /home/airflow/.local/lib/python3.12/site-packages/airflow/example_dags/example_task_group_decorator.py
[2025-01-16T15:34:58.049+0000] {processor.py:914} INFO - Processing file /home/airflow/.local/lib/python3.12/site-packages/airflow/example_dags/example_task_group_decorator.py for tasks to queue
[2025-01-16T15:34:58.054+0000] {logging_mixin.py:190} INFO - [2025-01-16T15:34:58.053+0000] {dagbag.py:588} INFO - Filling up the DagBag from /home/airflow/.local/lib/python3.12/site-packages/airflow/example_dags/example_task_group_decorator.py
[2025-01-16T15:34:58.092+0000] {processor.py:925} INFO - DAG(s) 'example_task_group_decorator' retrieved from /home/airflow/.local/lib/python3.12/site-packages/airflow/example_dags/example_task_group_decorator.py
[2025-01-16T15:34:58.130+0000] {logging_mixin.py:190} INFO - [2025-01-16T15:34:58.130+0000] {dag.py:3239} INFO - Sync 1 DAGs
[2025-01-16T15:34:58.148+0000] {logging_mixin.py:190} INFO - [2025-01-16T15:34:58.147+0000] {dag.py:4180} INFO - Setting next_dagrun for example_task_group_decorator to None, run_after=None
[2025-01-16T15:34:58.170+0000] {processor.py:208} INFO - Processing /home/airflow/.local/lib/python3.12/site-packages/airflow/example_dags/example_task_group_decorator.py took 0.131 seconds
[2025-01-16T15:35:28.441+0000] {processor.py:186} INFO - Started process (PID=1110) to work on /home/airflow/.local/lib/python3.12/site-packages/airflow/example_dags/example_task_group_decorator.py
[2025-01-16T15:35:28.442+0000] {processor.py:914} INFO - Processing file /home/airflow/.local/lib/python3.12/site-packages/airflow/example_dags/example_task_group_decorator.py for tasks to queue
[2025-01-16T15:35:28.443+0000] {logging_mixin.py:190} INFO - [2025-01-16T15:35:28.443+0000] {dagbag.py:588} INFO - Filling up the DagBag from /home/airflow/.local/lib/python3.12/site-packages/airflow/example_dags/example_task_group_decorator.py
[2025-01-16T15:35:28.455+0000] {processor.py:925} INFO - DAG(s) 'example_task_group_decorator' retrieved from /home/airflow/.local/lib/python3.12/site-packages/airflow/example_dags/example_task_group_decorator.py
[2025-01-16T15:35:28.477+0000] {logging_mixin.py:190} INFO - [2025-01-16T15:35:28.477+0000] {dag.py:3239} INFO - Sync 1 DAGs
[2025-01-16T15:35:28.489+0000] {logging_mixin.py:190} INFO - [2025-01-16T15:35:28.489+0000] {dag.py:4180} INFO - Setting next_dagrun for example_task_group_decorator to None, run_after=None
[2025-01-16T15:35:28.505+0000] {processor.py:208} INFO - Processing /home/airflow/.local/lib/python3.12/site-packages/airflow/example_dags/example_task_group_decorator.py took 0.069 seconds
[2025-01-16T15:35:58.735+0000] {processor.py:186} INFO - Started process (PID=1406) to work on /home/airflow/.local/lib/python3.12/site-packages/airflow/example_dags/example_task_group_decorator.py
[2025-01-16T15:35:58.736+0000] {processor.py:914} INFO - Processing file /home/airflow/.local/lib/python3.12/site-packages/airflow/example_dags/example_task_group_decorator.py for tasks to queue
[2025-01-16T15:35:58.738+0000] {logging_mixin.py:190} INFO - [2025-01-16T15:35:58.738+0000] {dagbag.py:588} INFO - Filling up the DagBag from /home/airflow/.local/lib/python3.12/site-packages/airflow/example_dags/example_task_group_decorator.py
[2025-01-16T15:35:58.753+0000] {processor.py:925} INFO - DAG(s) 'example_task_group_decorator' retrieved from /home/airflow/.local/lib/python3.12/site-packages/airflow/example_dags/example_task_group_decorator.py
[2025-01-16T15:35:58.782+0000] {logging_mixin.py:190} INFO - [2025-01-16T15:35:58.782+0000] {dag.py:3239} INFO - Sync 1 DAGs
[2025-01-16T15:35:58.804+0000] {logging_mixin.py:190} INFO - [2025-01-16T15:35:58.803+0000] {dag.py:4180} INFO - Setting next_dagrun for example_task_group_decorator to None, run_after=None
[2025-01-16T15:35:58.836+0000] {processor.py:208} INFO - Processing /home/airflow/.local/lib/python3.12/site-packages/airflow/example_dags/example_task_group_decorator.py took 0.106 seconds
[2025-01-16T15:36:29.279+0000] {processor.py:186} INFO - Started process (PID=1704) to work on /home/airflow/.local/lib/python3.12/site-packages/airflow/example_dags/example_task_group_decorator.py
[2025-01-16T15:36:29.280+0000] {processor.py:914} INFO - Processing file /home/airflow/.local/lib/python3.12/site-packages/airflow/example_dags/example_task_group_decorator.py for tasks to queue
[2025-01-16T15:36:29.282+0000] {logging_mixin.py:190} INFO - [2025-01-16T15:36:29.282+0000] {dagbag.py:588} INFO - Filling up the DagBag from /home/airflow/.local/lib/python3.12/site-packages/airflow/example_dags/example_task_group_decorator.py
[2025-01-16T15:36:29.293+0000] {processor.py:925} INFO - DAG(s) 'example_task_group_decorator' retrieved from /home/airflow/.local/lib/python3.12/site-packages/airflow/example_dags/example_task_group_decorator.py
[2025-01-16T15:36:29.312+0000] {logging_mixin.py:190} INFO - [2025-01-16T15:36:29.311+0000] {dag.py:3239} INFO - Sync 1 DAGs
[2025-01-16T15:36:29.322+0000] {logging_mixin.py:190} INFO - [2025-01-16T15:36:29.322+0000] {dag.py:4180} INFO - Setting next_dagrun for example_task_group_decorator to None, run_after=None
[2025-01-16T15:36:29.337+0000] {processor.py:208} INFO - Processing /home/airflow/.local/lib/python3.12/site-packages/airflow/example_dags/example_task_group_decorator.py took 0.062 seconds
[2025-01-16T15:36:59.665+0000] {processor.py:186} INFO - Started process (PID=1998) to work on /home/airflow/.local/lib/python3.12/site-packages/airflow/example_dags/example_task_group_decorator.py
[2025-01-16T15:36:59.666+0000] {processor.py:914} INFO - Processing file /home/airflow/.local/lib/python3.12/site-packages/airflow/example_dags/example_task_group_decorator.py for tasks to queue
[2025-01-16T15:36:59.667+0000] {logging_mixin.py:190} INFO - [2025-01-16T15:36:59.667+0000] {dagbag.py:588} INFO - Filling up the DagBag from /home/airflow/.local/lib/python3.12/site-packages/airflow/example_dags/example_task_group_decorator.py
[2025-01-16T15:36:59.678+0000] {processor.py:925} INFO - DAG(s) 'example_task_group_decorator' retrieved from /home/airflow/.local/lib/python3.12/site-packages/airflow/example_dags/example_task_group_decorator.py
[2025-01-16T15:36:59.697+0000] {logging_mixin.py:190} INFO - [2025-01-16T15:36:59.697+0000] {dag.py:3239} INFO - Sync 1 DAGs
[2025-01-16T15:36:59.707+0000] {logging_mixin.py:190} INFO - [2025-01-16T15:36:59.707+0000] {dag.py:4180} INFO - Setting next_dagrun for example_task_group_decorator to None, run_after=None
[2025-01-16T15:36:59.722+0000] {processor.py:208} INFO - Processing /home/airflow/.local/lib/python3.12/site-packages/airflow/example_dags/example_task_group_decorator.py took 0.061 seconds
[2025-01-16T15:37:29.940+0000] {processor.py:186} INFO - Started process (PID=2296) to work on /home/airflow/.local/lib/python3.12/site-packages/airflow/example_dags/example_task_group_decorator.py
[2025-01-16T15:37:29.941+0000] {processor.py:914} INFO - Processing file /home/airflow/.local/lib/python3.12/site-packages/airflow/example_dags/example_task_group_decorator.py for tasks to queue
[2025-01-16T15:37:29.942+0000] {logging_mixin.py:190} INFO - [2025-01-16T15:37:29.942+0000] {dagbag.py:588} INFO - Filling up the DagBag from /home/airflow/.local/lib/python3.12/site-packages/airflow/example_dags/example_task_group_decorator.py
[2025-01-16T15:37:29.953+0000] {processor.py:925} INFO - DAG(s) 'example_task_group_decorator' retrieved from /home/airflow/.local/lib/python3.12/site-packages/airflow/example_dags/example_task_group_decorator.py
[2025-01-16T15:37:29.971+0000] {logging_mixin.py:190} INFO - [2025-01-16T15:37:29.971+0000] {dag.py:3239} INFO - Sync 1 DAGs
[2025-01-16T15:37:29.982+0000] {logging_mixin.py:190} INFO - [2025-01-16T15:37:29.982+0000] {dag.py:4180} INFO - Setting next_dagrun for example_task_group_decorator to None, run_after=None
[2025-01-16T15:37:29.996+0000] {processor.py:208} INFO - Processing /home/airflow/.local/lib/python3.12/site-packages/airflow/example_dags/example_task_group_decorator.py took 0.060 seconds
[2025-01-16T15:38:00.484+0000] {processor.py:186} INFO - Started process (PID=2596) to work on /home/airflow/.local/lib/python3.12/site-packages/airflow/example_dags/example_task_group_decorator.py
[2025-01-16T15:38:00.485+0000] {processor.py:914} INFO - Processing file /home/airflow/.local/lib/python3.12/site-packages/airflow/example_dags/example_task_group_decorator.py for tasks to queue
[2025-01-16T15:38:00.487+0000] {logging_mixin.py:190} INFO - [2025-01-16T15:38:00.487+0000] {dagbag.py:588} INFO - Filling up the DagBag from /home/airflow/.local/lib/python3.12/site-packages/airflow/example_dags/example_task_group_decorator.py
[2025-01-16T15:38:00.498+0000] {processor.py:925} INFO - DAG(s) 'example_task_group_decorator' retrieved from /home/airflow/.local/lib/python3.12/site-packages/airflow/example_dags/example_task_group_decorator.py
[2025-01-16T15:38:00.516+0000] {logging_mixin.py:190} INFO - [2025-01-16T15:38:00.516+0000] {dag.py:3239} INFO - Sync 1 DAGs
[2025-01-16T15:38:00.527+0000] {logging_mixin.py:190} INFO - [2025-01-16T15:38:00.527+0000] {dag.py:4180} INFO - Setting next_dagrun for example_task_group_decorator to None, run_after=None
[2025-01-16T15:38:00.542+0000] {processor.py:208} INFO - Processing /home/airflow/.local/lib/python3.12/site-packages/airflow/example_dags/example_task_group_decorator.py took 0.062 seconds
[2025-01-16T15:38:30.758+0000] {processor.py:186} INFO - Started process (PID=2892) to work on /home/airflow/.local/lib/python3.12/site-packages/airflow/example_dags/example_task_group_decorator.py
[2025-01-16T15:38:30.759+0000] {processor.py:914} INFO - Processing file /home/airflow/.local/lib/python3.12/site-packages/airflow/example_dags/example_task_group_decorator.py for tasks to queue
[2025-01-16T15:38:30.761+0000] {logging_mixin.py:190} INFO - [2025-01-16T15:38:30.761+0000] {dagbag.py:588} INFO - Filling up the DagBag from /home/airflow/.local/lib/python3.12/site-packages/airflow/example_dags/example_task_group_decorator.py
[2025-01-16T15:38:30.772+0000] {processor.py:925} INFO - DAG(s) 'example_task_group_decorator' retrieved from /home/airflow/.local/lib/python3.12/site-packages/airflow/example_dags/example_task_group_decorator.py
[2025-01-16T15:38:30.790+0000] {logging_mixin.py:190} INFO - [2025-01-16T15:38:30.790+0000] {dag.py:3239} INFO - Sync 1 DAGs
[2025-01-16T15:38:30.801+0000] {logging_mixin.py:190} INFO - [2025-01-16T15:38:30.800+0000] {dag.py:4180} INFO - Setting next_dagrun for example_task_group_decorator to None, run_after=None
[2025-01-16T15:38:30.823+0000] {processor.py:208} INFO - Processing /home/airflow/.local/lib/python3.12/site-packages/airflow/example_dags/example_task_group_decorator.py took 0.068 seconds
[2025-01-16T15:39:01.180+0000] {processor.py:186} INFO - Started process (PID=3188) to work on /home/airflow/.local/lib/python3.12/site-packages/airflow/example_dags/example_task_group_decorator.py
[2025-01-16T15:39:01.181+0000] {processor.py:914} INFO - Processing file /home/airflow/.local/lib/python3.12/site-packages/airflow/example_dags/example_task_group_decorator.py for tasks to queue
[2025-01-16T15:39:01.182+0000] {logging_mixin.py:190} INFO - [2025-01-16T15:39:01.182+0000] {dagbag.py:588} INFO - Filling up the DagBag from /home/airflow/.local/lib/python3.12/site-packages/airflow/example_dags/example_task_group_decorator.py
[2025-01-16T15:39:01.193+0000] {processor.py:925} INFO - DAG(s) 'example_task_group_decorator' retrieved from /home/airflow/.local/lib/python3.12/site-packages/airflow/example_dags/example_task_group_decorator.py
[2025-01-16T15:39:01.212+0000] {logging_mixin.py:190} INFO - [2025-01-16T15:39:01.212+0000] {dag.py:3239} INFO - Sync 1 DAGs
[2025-01-16T15:39:01.223+0000] {logging_mixin.py:190} INFO - [2025-01-16T15:39:01.223+0000] {dag.py:4180} INFO - Setting next_dagrun for example_task_group_decorator to None, run_after=None
[2025-01-16T15:39:01.237+0000] {processor.py:208} INFO - Processing /home/airflow/.local/lib/python3.12/site-packages/airflow/example_dags/example_task_group_decorator.py took 0.062 seconds
[2025-01-16T15:39:31.815+0000] {processor.py:186} INFO - Started process (PID=3486) to work on /home/airflow/.local/lib/python3.12/site-packages/airflow/example_dags/example_task_group_decorator.py
[2025-01-16T15:39:31.816+0000] {processor.py:914} INFO - Processing file /home/airflow/.local/lib/python3.12/site-packages/airflow/example_dags/example_task_group_decorator.py for tasks to queue
[2025-01-16T15:39:31.818+0000] {logging_mixin.py:190} INFO - [2025-01-16T15:39:31.817+0000] {dagbag.py:588} INFO - Filling up the DagBag from /home/airflow/.local/lib/python3.12/site-packages/airflow/example_dags/example_task_group_decorator.py
[2025-01-16T15:39:31.829+0000] {processor.py:925} INFO - DAG(s) 'example_task_group_decorator' retrieved from /home/airflow/.local/lib/python3.12/site-packages/airflow/example_dags/example_task_group_decorator.py
[2025-01-16T15:39:31.847+0000] {logging_mixin.py:190} INFO - [2025-01-16T15:39:31.846+0000] {dag.py:3239} INFO - Sync 1 DAGs
[2025-01-16T15:39:31.857+0000] {logging_mixin.py:190} INFO - [2025-01-16T15:39:31.857+0000] {dag.py:4180} INFO - Setting next_dagrun for example_task_group_decorator to None, run_after=None
[2025-01-16T15:39:31.871+0000] {processor.py:208} INFO - Processing /home/airflow/.local/lib/python3.12/site-packages/airflow/example_dags/example_task_group_decorator.py took 0.060 seconds
[2025-01-16T15:40:02.075+0000] {processor.py:186} INFO - Started process (PID=3780) to work on /home/airflow/.local/lib/python3.12/site-packages/airflow/example_dags/example_task_group_decorator.py
[2025-01-16T15:40:02.076+0000] {processor.py:914} INFO - Processing file /home/airflow/.local/lib/python3.12/site-packages/airflow/example_dags/example_task_group_decorator.py for tasks to queue
[2025-01-16T15:40:02.079+0000] {logging_mixin.py:190} INFO - [2025-01-16T15:40:02.079+0000] {dagbag.py:588} INFO - Filling up the DagBag from /home/airflow/.local/lib/python3.12/site-packages/airflow/example_dags/example_task_group_decorator.py
[2025-01-16T15:40:02.090+0000] {processor.py:925} INFO - DAG(s) 'example_task_group_decorator' retrieved from /home/airflow/.local/lib/python3.12/site-packages/airflow/example_dags/example_task_group_decorator.py
[2025-01-16T15:40:02.110+0000] {logging_mixin.py:190} INFO - [2025-01-16T15:40:02.109+0000] {dag.py:3239} INFO - Sync 1 DAGs
[2025-01-16T15:40:02.123+0000] {logging_mixin.py:190} INFO - [2025-01-16T15:40:02.123+0000] {dag.py:4180} INFO - Setting next_dagrun for example_task_group_decorator to None, run_after=None
[2025-01-16T15:40:02.140+0000] {processor.py:208} INFO - Processing /home/airflow/.local/lib/python3.12/site-packages/airflow/example_dags/example_task_group_decorator.py took 0.070 seconds
[2025-01-16T15:40:32.654+0000] {processor.py:186} INFO - Started process (PID=4076) to work on /home/airflow/.local/lib/python3.12/site-packages/airflow/example_dags/example_task_group_decorator.py
[2025-01-16T15:40:32.655+0000] {processor.py:914} INFO - Processing file /home/airflow/.local/lib/python3.12/site-packages/airflow/example_dags/example_task_group_decorator.py for tasks to queue
[2025-01-16T15:40:32.657+0000] {logging_mixin.py:190} INFO - [2025-01-16T15:40:32.656+0000] {dagbag.py:588} INFO - Filling up the DagBag from /home/airflow/.local/lib/python3.12/site-packages/airflow/example_dags/example_task_group_decorator.py
[2025-01-16T15:40:32.668+0000] {processor.py:925} INFO - DAG(s) 'example_task_group_decorator' retrieved from /home/airflow/.local/lib/python3.12/site-packages/airflow/example_dags/example_task_group_decorator.py
[2025-01-16T15:40:32.685+0000] {logging_mixin.py:190} INFO - [2025-01-16T15:40:32.685+0000] {dag.py:3239} INFO - Sync 1 DAGs
[2025-01-16T15:40:32.696+0000] {logging_mixin.py:190} INFO - [2025-01-16T15:40:32.696+0000] {dag.py:4180} INFO - Setting next_dagrun for example_task_group_decorator to None, run_after=None
[2025-01-16T15:40:32.712+0000] {processor.py:208} INFO - Processing /home/airflow/.local/lib/python3.12/site-packages/airflow/example_dags/example_task_group_decorator.py took 0.062 seconds
[2025-01-16T15:41:02.855+0000] {processor.py:186} INFO - Started process (PID=4372) to work on /home/airflow/.local/lib/python3.12/site-packages/airflow/example_dags/example_task_group_decorator.py
[2025-01-16T15:41:02.856+0000] {processor.py:914} INFO - Processing file /home/airflow/.local/lib/python3.12/site-packages/airflow/example_dags/example_task_group_decorator.py for tasks to queue
[2025-01-16T15:41:02.858+0000] {logging_mixin.py:190} INFO - [2025-01-16T15:41:02.858+0000] {dagbag.py:588} INFO - Filling up the DagBag from /home/airflow/.local/lib/python3.12/site-packages/airflow/example_dags/example_task_group_decorator.py
[2025-01-16T15:41:02.870+0000] {processor.py:925} INFO - DAG(s) 'example_task_group_decorator' retrieved from /home/airflow/.local/lib/python3.12/site-packages/airflow/example_dags/example_task_group_decorator.py
[2025-01-16T15:41:02.897+0000] {logging_mixin.py:190} INFO - [2025-01-16T15:41:02.897+0000] {dag.py:3239} INFO - Sync 1 DAGs
[2025-01-16T15:41:02.915+0000] {logging_mixin.py:190} INFO - [2025-01-16T15:41:02.915+0000] {dag.py:4180} INFO - Setting next_dagrun for example_task_group_decorator to None, run_after=None
[2025-01-16T15:41:02.936+0000] {processor.py:208} INFO - Processing /home/airflow/.local/lib/python3.12/site-packages/airflow/example_dags/example_task_group_decorator.py took 0.086 seconds
[2025-01-16T15:41:33.176+0000] {processor.py:186} INFO - Started process (PID=4670) to work on /home/airflow/.local/lib/python3.12/site-packages/airflow/example_dags/example_task_group_decorator.py
[2025-01-16T15:41:33.177+0000] {processor.py:914} INFO - Processing file /home/airflow/.local/lib/python3.12/site-packages/airflow/example_dags/example_task_group_decorator.py for tasks to queue
[2025-01-16T15:41:33.178+0000] {logging_mixin.py:190} INFO - [2025-01-16T15:41:33.178+0000] {dagbag.py:588} INFO - Filling up the DagBag from /home/airflow/.local/lib/python3.12/site-packages/airflow/example_dags/example_task_group_decorator.py
[2025-01-16T15:41:33.190+0000] {processor.py:925} INFO - DAG(s) 'example_task_group_decorator' retrieved from /home/airflow/.local/lib/python3.12/site-packages/airflow/example_dags/example_task_group_decorator.py
[2025-01-16T15:41:33.209+0000] {logging_mixin.py:190} INFO - [2025-01-16T15:41:33.209+0000] {dag.py:3239} INFO - Sync 1 DAGs
[2025-01-16T15:41:33.221+0000] {logging_mixin.py:190} INFO - [2025-01-16T15:41:33.220+0000] {dag.py:4180} INFO - Setting next_dagrun for example_task_group_decorator to None, run_after=None
[2025-01-16T15:41:33.234+0000] {processor.py:208} INFO - Processing /home/airflow/.local/lib/python3.12/site-packages/airflow/example_dags/example_task_group_decorator.py took 0.063 seconds
[2025-01-16T15:42:03.625+0000] {processor.py:186} INFO - Started process (PID=4966) to work on /home/airflow/.local/lib/python3.12/site-packages/airflow/example_dags/example_task_group_decorator.py
[2025-01-16T15:42:03.626+0000] {processor.py:914} INFO - Processing file /home/airflow/.local/lib/python3.12/site-packages/airflow/example_dags/example_task_group_decorator.py for tasks to queue
[2025-01-16T15:42:03.627+0000] {logging_mixin.py:190} INFO - [2025-01-16T15:42:03.627+0000] {dagbag.py:588} INFO - Filling up the DagBag from /home/airflow/.local/lib/python3.12/site-packages/airflow/example_dags/example_task_group_decorator.py
[2025-01-16T15:42:03.638+0000] {processor.py:925} INFO - DAG(s) 'example_task_group_decorator' retrieved from /home/airflow/.local/lib/python3.12/site-packages/airflow/example_dags/example_task_group_decorator.py
[2025-01-16T15:42:03.657+0000] {logging_mixin.py:190} INFO - [2025-01-16T15:42:03.657+0000] {dag.py:3239} INFO - Sync 1 DAGs
[2025-01-16T15:42:03.668+0000] {logging_mixin.py:190} INFO - [2025-01-16T15:42:03.668+0000] {dag.py:4180} INFO - Setting next_dagrun for example_task_group_decorator to None, run_after=None
[2025-01-16T15:42:03.681+0000] {processor.py:208} INFO - Processing /home/airflow/.local/lib/python3.12/site-packages/airflow/example_dags/example_task_group_decorator.py took 0.061 seconds
[2025-01-16T15:42:33.876+0000] {processor.py:186} INFO - Started process (PID=5260) to work on /home/airflow/.local/lib/python3.12/site-packages/airflow/example_dags/example_task_group_decorator.py
[2025-01-16T15:42:33.877+0000] {processor.py:914} INFO - Processing file /home/airflow/.local/lib/python3.12/site-packages/airflow/example_dags/example_task_group_decorator.py for tasks to queue
[2025-01-16T15:42:33.879+0000] {logging_mixin.py:190} INFO - [2025-01-16T15:42:33.879+0000] {dagbag.py:588} INFO - Filling up the DagBag from /home/airflow/.local/lib/python3.12/site-packages/airflow/example_dags/example_task_group_decorator.py
[2025-01-16T15:42:33.892+0000] {processor.py:925} INFO - DAG(s) 'example_task_group_decorator' retrieved from /home/airflow/.local/lib/python3.12/site-packages/airflow/example_dags/example_task_group_decorator.py
[2025-01-16T15:42:33.912+0000] {logging_mixin.py:190} INFO - [2025-01-16T15:42:33.912+0000] {dag.py:3239} INFO - Sync 1 DAGs
[2025-01-16T15:42:33.924+0000] {logging_mixin.py:190} INFO - [2025-01-16T15:42:33.924+0000] {dag.py:4180} INFO - Setting next_dagrun for example_task_group_decorator to None, run_after=None
[2025-01-16T15:42:33.939+0000] {processor.py:208} INFO - Processing /home/airflow/.local/lib/python3.12/site-packages/airflow/example_dags/example_task_group_decorator.py took 0.068 seconds
[2025-01-16T15:43:04.025+0000] {processor.py:186} INFO - Started process (PID=5556) to work on /home/airflow/.local/lib/python3.12/site-packages/airflow/example_dags/example_task_group_decorator.py
[2025-01-16T15:43:04.026+0000] {processor.py:914} INFO - Processing file /home/airflow/.local/lib/python3.12/site-packages/airflow/example_dags/example_task_group_decorator.py for tasks to queue
[2025-01-16T15:43:04.028+0000] {logging_mixin.py:190} INFO - [2025-01-16T15:43:04.027+0000] {dagbag.py:588} INFO - Filling up the DagBag from /home/airflow/.local/lib/python3.12/site-packages/airflow/example_dags/example_task_group_decorator.py
[2025-01-16T15:43:04.038+0000] {processor.py:925} INFO - DAG(s) 'example_task_group_decorator' retrieved from /home/airflow/.local/lib/python3.12/site-packages/airflow/example_dags/example_task_group_decorator.py
[2025-01-16T15:43:04.056+0000] {logging_mixin.py:190} INFO - [2025-01-16T15:43:04.056+0000] {dag.py:3239} INFO - Sync 1 DAGs
[2025-01-16T15:43:04.067+0000] {logging_mixin.py:190} INFO - [2025-01-16T15:43:04.066+0000] {dag.py:4180} INFO - Setting next_dagrun for example_task_group_decorator to None, run_after=None
[2025-01-16T15:43:04.079+0000] {processor.py:208} INFO - Processing /home/airflow/.local/lib/python3.12/site-packages/airflow/example_dags/example_task_group_decorator.py took 0.059 seconds
[2025-01-16T15:43:34.532+0000] {processor.py:186} INFO - Started process (PID=5852) to work on /home/airflow/.local/lib/python3.12/site-packages/airflow/example_dags/example_task_group_decorator.py
[2025-01-16T15:43:34.533+0000] {processor.py:914} INFO - Processing file /home/airflow/.local/lib/python3.12/site-packages/airflow/example_dags/example_task_group_decorator.py for tasks to queue
[2025-01-16T15:43:34.535+0000] {logging_mixin.py:190} INFO - [2025-01-16T15:43:34.535+0000] {dagbag.py:588} INFO - Filling up the DagBag from /home/airflow/.local/lib/python3.12/site-packages/airflow/example_dags/example_task_group_decorator.py
[2025-01-16T15:43:34.546+0000] {processor.py:925} INFO - DAG(s) 'example_task_group_decorator' retrieved from /home/airflow/.local/lib/python3.12/site-packages/airflow/example_dags/example_task_group_decorator.py
[2025-01-16T15:43:34.565+0000] {logging_mixin.py:190} INFO - [2025-01-16T15:43:34.565+0000] {dag.py:3239} INFO - Sync 1 DAGs
[2025-01-16T15:43:34.575+0000] {logging_mixin.py:190} INFO - [2025-01-16T15:43:34.575+0000] {dag.py:4180} INFO - Setting next_dagrun for example_task_group_decorator to None, run_after=None
[2025-01-16T15:43:34.587+0000] {processor.py:208} INFO - Processing /home/airflow/.local/lib/python3.12/site-packages/airflow/example_dags/example_task_group_decorator.py took 0.059 seconds
[2025-01-16T15:44:04.921+0000] {processor.py:186} INFO - Started process (PID=6148) to work on /home/airflow/.local/lib/python3.12/site-packages/airflow/example_dags/example_task_group_decorator.py
[2025-01-16T15:44:04.921+0000] {processor.py:914} INFO - Processing file /home/airflow/.local/lib/python3.12/site-packages/airflow/example_dags/example_task_group_decorator.py for tasks to queue
[2025-01-16T15:44:04.923+0000] {logging_mixin.py:190} INFO - [2025-01-16T15:44:04.923+0000] {dagbag.py:588} INFO - Filling up the DagBag from /home/airflow/.local/lib/python3.12/site-packages/airflow/example_dags/example_task_group_decorator.py
[2025-01-16T15:44:04.934+0000] {processor.py:925} INFO - DAG(s) 'example_task_group_decorator' retrieved from /home/airflow/.local/lib/python3.12/site-packages/airflow/example_dags/example_task_group_decorator.py
[2025-01-16T15:44:04.952+0000] {logging_mixin.py:190} INFO - [2025-01-16T15:44:04.952+0000] {dag.py:3239} INFO - Sync 1 DAGs
[2025-01-16T15:44:04.963+0000] {logging_mixin.py:190} INFO - [2025-01-16T15:44:04.963+0000] {dag.py:4180} INFO - Setting next_dagrun for example_task_group_decorator to None, run_after=None
[2025-01-16T15:44:04.976+0000] {processor.py:208} INFO - Processing /home/airflow/.local/lib/python3.12/site-packages/airflow/example_dags/example_task_group_decorator.py took 0.059 seconds
[2025-01-16T15:44:35.094+0000] {processor.py:186} INFO - Started process (PID=6444) to work on /home/airflow/.local/lib/python3.12/site-packages/airflow/example_dags/example_task_group_decorator.py
[2025-01-16T15:44:35.095+0000] {processor.py:914} INFO - Processing file /home/airflow/.local/lib/python3.12/site-packages/airflow/example_dags/example_task_group_decorator.py for tasks to queue
[2025-01-16T15:44:35.096+0000] {logging_mixin.py:190} INFO - [2025-01-16T15:44:35.096+0000] {dagbag.py:588} INFO - Filling up the DagBag from /home/airflow/.local/lib/python3.12/site-packages/airflow/example_dags/example_task_group_decorator.py
[2025-01-16T15:44:35.108+0000] {processor.py:925} INFO - DAG(s) 'example_task_group_decorator' retrieved from /home/airflow/.local/lib/python3.12/site-packages/airflow/example_dags/example_task_group_decorator.py
[2025-01-16T15:44:35.126+0000] {logging_mixin.py:190} INFO - [2025-01-16T15:44:35.126+0000] {dag.py:3239} INFO - Sync 1 DAGs
[2025-01-16T15:44:35.138+0000] {logging_mixin.py:190} INFO - [2025-01-16T15:44:35.138+0000] {dag.py:4180} INFO - Setting next_dagrun for example_task_group_decorator to None, run_after=None
[2025-01-16T15:44:35.152+0000] {processor.py:208} INFO - Processing /home/airflow/.local/lib/python3.12/site-packages/airflow/example_dags/example_task_group_decorator.py took 0.062 seconds
[2025-01-16T15:45:05.243+0000] {processor.py:186} INFO - Started process (PID=6740) to work on /home/airflow/.local/lib/python3.12/site-packages/airflow/example_dags/example_task_group_decorator.py
[2025-01-16T15:45:05.244+0000] {processor.py:914} INFO - Processing file /home/airflow/.local/lib/python3.12/site-packages/airflow/example_dags/example_task_group_decorator.py for tasks to queue
[2025-01-16T15:45:05.246+0000] {logging_mixin.py:190} INFO - [2025-01-16T15:45:05.245+0000] {dagbag.py:588} INFO - Filling up the DagBag from /home/airflow/.local/lib/python3.12/site-packages/airflow/example_dags/example_task_group_decorator.py
[2025-01-16T15:45:05.256+0000] {processor.py:925} INFO - DAG(s) 'example_task_group_decorator' retrieved from /home/airflow/.local/lib/python3.12/site-packages/airflow/example_dags/example_task_group_decorator.py
[2025-01-16T15:45:05.275+0000] {logging_mixin.py:190} INFO - [2025-01-16T15:45:05.274+0000] {dag.py:3239} INFO - Sync 1 DAGs
[2025-01-16T15:45:05.285+0000] {logging_mixin.py:190} INFO - [2025-01-16T15:45:05.285+0000] {dag.py:4180} INFO - Setting next_dagrun for example_task_group_decorator to None, run_after=None
[2025-01-16T15:45:05.299+0000] {processor.py:208} INFO - Processing /home/airflow/.local/lib/python3.12/site-packages/airflow/example_dags/example_task_group_decorator.py took 0.060 seconds
[2025-01-16T15:45:35.537+0000] {processor.py:186} INFO - Started process (PID=7036) to work on /home/airflow/.local/lib/python3.12/site-packages/airflow/example_dags/example_task_group_decorator.py
[2025-01-16T15:45:35.538+0000] {processor.py:914} INFO - Processing file /home/airflow/.local/lib/python3.12/site-packages/airflow/example_dags/example_task_group_decorator.py for tasks to queue
[2025-01-16T15:45:35.540+0000] {logging_mixin.py:190} INFO - [2025-01-16T15:45:35.539+0000] {dagbag.py:588} INFO - Filling up the DagBag from /home/airflow/.local/lib/python3.12/site-packages/airflow/example_dags/example_task_group_decorator.py
[2025-01-16T15:45:35.550+0000] {processor.py:925} INFO - DAG(s) 'example_task_group_decorator' retrieved from /home/airflow/.local/lib/python3.12/site-packages/airflow/example_dags/example_task_group_decorator.py
[2025-01-16T15:45:35.568+0000] {logging_mixin.py:190} INFO - [2025-01-16T15:45:35.568+0000] {dag.py:3239} INFO - Sync 1 DAGs
[2025-01-16T15:45:35.579+0000] {logging_mixin.py:190} INFO - [2025-01-16T15:45:35.579+0000] {dag.py:4180} INFO - Setting next_dagrun for example_task_group_decorator to None, run_after=None
[2025-01-16T15:45:35.591+0000] {processor.py:208} INFO - Processing /home/airflow/.local/lib/python3.12/site-packages/airflow/example_dags/example_task_group_decorator.py took 0.058 seconds
[2025-01-16T15:46:05.959+0000] {processor.py:186} INFO - Started process (PID=7332) to work on /home/airflow/.local/lib/python3.12/site-packages/airflow/example_dags/example_task_group_decorator.py
[2025-01-16T15:46:05.960+0000] {processor.py:914} INFO - Processing file /home/airflow/.local/lib/python3.12/site-packages/airflow/example_dags/example_task_group_decorator.py for tasks to queue
[2025-01-16T15:46:05.962+0000] {logging_mixin.py:190} INFO - [2025-01-16T15:46:05.962+0000] {dagbag.py:588} INFO - Filling up the DagBag from /home/airflow/.local/lib/python3.12/site-packages/airflow/example_dags/example_task_group_decorator.py
[2025-01-16T15:46:05.973+0000] {processor.py:925} INFO - DAG(s) 'example_task_group_decorator' retrieved from /home/airflow/.local/lib/python3.12/site-packages/airflow/example_dags/example_task_group_decorator.py
[2025-01-16T15:46:05.993+0000] {logging_mixin.py:190} INFO - [2025-01-16T15:46:05.992+0000] {dag.py:3239} INFO - Sync 1 DAGs
[2025-01-16T15:46:06.004+0000] {logging_mixin.py:190} INFO - [2025-01-16T15:46:06.004+0000] {dag.py:4180} INFO - Setting next_dagrun for example_task_group_decorator to None, run_after=None
[2025-01-16T15:46:06.019+0000] {processor.py:208} INFO - Processing /home/airflow/.local/lib/python3.12/site-packages/airflow/example_dags/example_task_group_decorator.py took 0.065 seconds
[2025-01-16T15:46:36.532+0000] {processor.py:186} INFO - Started process (PID=7628) to work on /home/airflow/.local/lib/python3.12/site-packages/airflow/example_dags/example_task_group_decorator.py
[2025-01-16T15:46:36.532+0000] {processor.py:914} INFO - Processing file /home/airflow/.local/lib/python3.12/site-packages/airflow/example_dags/example_task_group_decorator.py for tasks to queue
[2025-01-16T15:46:36.534+0000] {logging_mixin.py:190} INFO - [2025-01-16T15:46:36.534+0000] {dagbag.py:588} INFO - Filling up the DagBag from /home/airflow/.local/lib/python3.12/site-packages/airflow/example_dags/example_task_group_decorator.py
[2025-01-16T15:46:36.545+0000] {processor.py:925} INFO - DAG(s) 'example_task_group_decorator' retrieved from /home/airflow/.local/lib/python3.12/site-packages/airflow/example_dags/example_task_group_decorator.py
[2025-01-16T15:46:36.564+0000] {logging_mixin.py:190} INFO - [2025-01-16T15:46:36.564+0000] {dag.py:3239} INFO - Sync 1 DAGs
[2025-01-16T15:46:36.574+0000] {logging_mixin.py:190} INFO - [2025-01-16T15:46:36.574+0000] {dag.py:4180} INFO - Setting next_dagrun for example_task_group_decorator to None, run_after=None
[2025-01-16T15:46:36.587+0000] {processor.py:208} INFO - Processing /home/airflow/.local/lib/python3.12/site-packages/airflow/example_dags/example_task_group_decorator.py took 0.060 seconds
[2025-01-16T15:47:06.710+0000] {processor.py:186} INFO - Started process (PID=7924) to work on /home/airflow/.local/lib/python3.12/site-packages/airflow/example_dags/example_task_group_decorator.py
[2025-01-16T15:47:06.711+0000] {processor.py:914} INFO - Processing file /home/airflow/.local/lib/python3.12/site-packages/airflow/example_dags/example_task_group_decorator.py for tasks to queue
[2025-01-16T15:47:06.713+0000] {logging_mixin.py:190} INFO - [2025-01-16T15:47:06.712+0000] {dagbag.py:588} INFO - Filling up the DagBag from /home/airflow/.local/lib/python3.12/site-packages/airflow/example_dags/example_task_group_decorator.py
[2025-01-16T15:47:06.724+0000] {processor.py:925} INFO - DAG(s) 'example_task_group_decorator' retrieved from /home/airflow/.local/lib/python3.12/site-packages/airflow/example_dags/example_task_group_decorator.py
[2025-01-16T15:47:06.741+0000] {logging_mixin.py:190} INFO - [2025-01-16T15:47:06.741+0000] {dag.py:3239} INFO - Sync 1 DAGs
[2025-01-16T15:47:06.752+0000] {logging_mixin.py:190} INFO - [2025-01-16T15:47:06.751+0000] {dag.py:4180} INFO - Setting next_dagrun for example_task_group_decorator to None, run_after=None
[2025-01-16T15:47:06.763+0000] {processor.py:208} INFO - Processing /home/airflow/.local/lib/python3.12/site-packages/airflow/example_dags/example_task_group_decorator.py took 0.058 seconds
[2025-01-16T15:47:37.077+0000] {processor.py:186} INFO - Started process (PID=8220) to work on /home/airflow/.local/lib/python3.12/site-packages/airflow/example_dags/example_task_group_decorator.py
[2025-01-16T15:47:37.078+0000] {processor.py:914} INFO - Processing file /home/airflow/.local/lib/python3.12/site-packages/airflow/example_dags/example_task_group_decorator.py for tasks to queue
[2025-01-16T15:47:37.079+0000] {logging_mixin.py:190} INFO - [2025-01-16T15:47:37.079+0000] {dagbag.py:588} INFO - Filling up the DagBag from /home/airflow/.local/lib/python3.12/site-packages/airflow/example_dags/example_task_group_decorator.py
[2025-01-16T15:47:37.090+0000] {processor.py:925} INFO - DAG(s) 'example_task_group_decorator' retrieved from /home/airflow/.local/lib/python3.12/site-packages/airflow/example_dags/example_task_group_decorator.py
[2025-01-16T15:47:37.108+0000] {logging_mixin.py:190} INFO - [2025-01-16T15:47:37.108+0000] {dag.py:3239} INFO - Sync 1 DAGs
[2025-01-16T15:47:37.119+0000] {logging_mixin.py:190} INFO - [2025-01-16T15:47:37.119+0000] {dag.py:4180} INFO - Setting next_dagrun for example_task_group_decorator to None, run_after=None
[2025-01-16T15:47:37.131+0000] {processor.py:208} INFO - Processing /home/airflow/.local/lib/python3.12/site-packages/airflow/example_dags/example_task_group_decorator.py took 0.058 seconds
[2025-01-16T15:48:07.487+0000] {processor.py:186} INFO - Started process (PID=8476) to work on /home/airflow/.local/lib/python3.12/site-packages/airflow/example_dags/example_task_group_decorator.py
[2025-01-16T15:48:07.488+0000] {processor.py:914} INFO - Processing file /home/airflow/.local/lib/python3.12/site-packages/airflow/example_dags/example_task_group_decorator.py for tasks to queue
[2025-01-16T15:48:07.489+0000] {logging_mixin.py:190} INFO - [2025-01-16T15:48:07.489+0000] {dagbag.py:588} INFO - Filling up the DagBag from /home/airflow/.local/lib/python3.12/site-packages/airflow/example_dags/example_task_group_decorator.py
[2025-01-16T15:48:07.500+0000] {processor.py:925} INFO - DAG(s) 'example_task_group_decorator' retrieved from /home/airflow/.local/lib/python3.12/site-packages/airflow/example_dags/example_task_group_decorator.py
[2025-01-16T15:48:07.519+0000] {logging_mixin.py:190} INFO - [2025-01-16T15:48:07.519+0000] {dag.py:3239} INFO - Sync 1 DAGs
[2025-01-16T15:48:07.530+0000] {logging_mixin.py:190} INFO - [2025-01-16T15:48:07.529+0000] {dag.py:4180} INFO - Setting next_dagrun for example_task_group_decorator to None, run_after=None
[2025-01-16T15:48:07.543+0000] {processor.py:208} INFO - Processing /home/airflow/.local/lib/python3.12/site-packages/airflow/example_dags/example_task_group_decorator.py took 0.060 seconds
[2025-01-16T15:48:38.299+0000] {processor.py:186} INFO - Started process (PID=8767) to work on /home/airflow/.local/lib/python3.12/site-packages/airflow/example_dags/example_task_group_decorator.py
[2025-01-16T15:48:38.300+0000] {processor.py:914} INFO - Processing file /home/airflow/.local/lib/python3.12/site-packages/airflow/example_dags/example_task_group_decorator.py for tasks to queue
[2025-01-16T15:48:38.302+0000] {logging_mixin.py:190} INFO - [2025-01-16T15:48:38.301+0000] {dagbag.py:588} INFO - Filling up the DagBag from /home/airflow/.local/lib/python3.12/site-packages/airflow/example_dags/example_task_group_decorator.py
[2025-01-16T15:48:38.313+0000] {processor.py:925} INFO - DAG(s) 'example_task_group_decorator' retrieved from /home/airflow/.local/lib/python3.12/site-packages/airflow/example_dags/example_task_group_decorator.py
[2025-01-16T15:48:38.332+0000] {logging_mixin.py:190} INFO - [2025-01-16T15:48:38.331+0000] {dag.py:3239} INFO - Sync 1 DAGs
[2025-01-16T15:48:38.343+0000] {logging_mixin.py:190} INFO - [2025-01-16T15:48:38.343+0000] {dag.py:4180} INFO - Setting next_dagrun for example_task_group_decorator to None, run_after=None
[2025-01-16T15:48:38.357+0000] {processor.py:208} INFO - Processing /home/airflow/.local/lib/python3.12/site-packages/airflow/example_dags/example_task_group_decorator.py took 0.062 seconds
[2025-01-16T15:49:09.992+0000] {processor.py:186} INFO - Started process (PID=9013) to work on /home/airflow/.local/lib/python3.12/site-packages/airflow/example_dags/example_task_group_decorator.py
[2025-01-16T15:49:09.993+0000] {processor.py:914} INFO - Processing file /home/airflow/.local/lib/python3.12/site-packages/airflow/example_dags/example_task_group_decorator.py for tasks to queue
[2025-01-16T15:49:09.995+0000] {logging_mixin.py:190} INFO - [2025-01-16T15:49:09.995+0000] {dagbag.py:588} INFO - Filling up the DagBag from /home/airflow/.local/lib/python3.12/site-packages/airflow/example_dags/example_task_group_decorator.py
[2025-01-16T15:49:10.006+0000] {processor.py:925} INFO - DAG(s) 'example_task_group_decorator' retrieved from /home/airflow/.local/lib/python3.12/site-packages/airflow/example_dags/example_task_group_decorator.py
[2025-01-16T15:49:10.026+0000] {logging_mixin.py:190} INFO - [2025-01-16T15:49:10.026+0000] {dag.py:3239} INFO - Sync 1 DAGs
[2025-01-16T15:49:10.037+0000] {logging_mixin.py:190} INFO - [2025-01-16T15:49:10.037+0000] {dag.py:4180} INFO - Setting next_dagrun for example_task_group_decorator to None, run_after=None
[2025-01-16T15:49:10.050+0000] {processor.py:208} INFO - Processing /home/airflow/.local/lib/python3.12/site-packages/airflow/example_dags/example_task_group_decorator.py took 0.063 seconds
[2025-01-16T15:49:40.763+0000] {processor.py:186} INFO - Started process (PID=9299) to work on /home/airflow/.local/lib/python3.12/site-packages/airflow/example_dags/example_task_group_decorator.py
[2025-01-16T15:49:40.764+0000] {processor.py:914} INFO - Processing file /home/airflow/.local/lib/python3.12/site-packages/airflow/example_dags/example_task_group_decorator.py for tasks to queue
[2025-01-16T15:49:40.765+0000] {logging_mixin.py:190} INFO - [2025-01-16T15:49:40.765+0000] {dagbag.py:588} INFO - Filling up the DagBag from /home/airflow/.local/lib/python3.12/site-packages/airflow/example_dags/example_task_group_decorator.py
[2025-01-16T15:49:40.777+0000] {processor.py:925} INFO - DAG(s) 'example_task_group_decorator' retrieved from /home/airflow/.local/lib/python3.12/site-packages/airflow/example_dags/example_task_group_decorator.py
[2025-01-16T15:49:40.797+0000] {logging_mixin.py:190} INFO - [2025-01-16T15:49:40.797+0000] {dag.py:3239} INFO - Sync 1 DAGs
[2025-01-16T15:49:40.810+0000] {logging_mixin.py:190} INFO - [2025-01-16T15:49:40.810+0000] {dag.py:4180} INFO - Setting next_dagrun for example_task_group_decorator to None, run_after=None
[2025-01-16T15:49:40.826+0000] {processor.py:208} INFO - Processing /home/airflow/.local/lib/python3.12/site-packages/airflow/example_dags/example_task_group_decorator.py took 0.074 seconds
[2025-01-16T15:50:11.465+0000] {processor.py:186} INFO - Started process (PID=9575) to work on /home/airflow/.local/lib/python3.12/site-packages/airflow/example_dags/example_task_group_decorator.py
[2025-01-16T15:50:11.466+0000] {processor.py:914} INFO - Processing file /home/airflow/.local/lib/python3.12/site-packages/airflow/example_dags/example_task_group_decorator.py for tasks to queue
[2025-01-16T15:50:11.470+0000] {logging_mixin.py:190} INFO - [2025-01-16T15:50:11.470+0000] {dagbag.py:588} INFO - Filling up the DagBag from /home/airflow/.local/lib/python3.12/site-packages/airflow/example_dags/example_task_group_decorator.py
[2025-01-16T15:50:11.494+0000] {processor.py:925} INFO - DAG(s) 'example_task_group_decorator' retrieved from /home/airflow/.local/lib/python3.12/site-packages/airflow/example_dags/example_task_group_decorator.py
[2025-01-16T15:50:11.530+0000] {logging_mixin.py:190} INFO - [2025-01-16T15:50:11.530+0000] {dag.py:3239} INFO - Sync 1 DAGs
[2025-01-16T15:50:11.549+0000] {logging_mixin.py:190} INFO - [2025-01-16T15:50:11.549+0000] {dag.py:4180} INFO - Setting next_dagrun for example_task_group_decorator to None, run_after=None
[2025-01-16T15:50:11.575+0000] {processor.py:208} INFO - Processing /home/airflow/.local/lib/python3.12/site-packages/airflow/example_dags/example_task_group_decorator.py took 0.118 seconds
[2025-01-16T15:50:42.170+0000] {processor.py:186} INFO - Started process (PID=9871) to work on /home/airflow/.local/lib/python3.12/site-packages/airflow/example_dags/example_task_group_decorator.py
[2025-01-16T15:50:42.171+0000] {processor.py:914} INFO - Processing file /home/airflow/.local/lib/python3.12/site-packages/airflow/example_dags/example_task_group_decorator.py for tasks to queue
[2025-01-16T15:50:42.173+0000] {logging_mixin.py:190} INFO - [2025-01-16T15:50:42.173+0000] {dagbag.py:588} INFO - Filling up the DagBag from /home/airflow/.local/lib/python3.12/site-packages/airflow/example_dags/example_task_group_decorator.py
[2025-01-16T15:50:42.184+0000] {processor.py:925} INFO - DAG(s) 'example_task_group_decorator' retrieved from /home/airflow/.local/lib/python3.12/site-packages/airflow/example_dags/example_task_group_decorator.py
[2025-01-16T15:50:42.202+0000] {logging_mixin.py:190} INFO - [2025-01-16T15:50:42.202+0000] {dag.py:3239} INFO - Sync 1 DAGs
[2025-01-16T15:50:42.214+0000] {logging_mixin.py:190} INFO - [2025-01-16T15:50:42.213+0000] {dag.py:4180} INFO - Setting next_dagrun for example_task_group_decorator to None, run_after=None
[2025-01-16T15:50:42.227+0000] {processor.py:208} INFO - Processing /home/airflow/.local/lib/python3.12/site-packages/airflow/example_dags/example_task_group_decorator.py took 0.061 seconds
[2025-01-16T15:51:12.586+0000] {processor.py:186} INFO - Started process (PID=10158) to work on /home/airflow/.local/lib/python3.12/site-packages/airflow/example_dags/example_task_group_decorator.py
[2025-01-16T15:51:12.587+0000] {processor.py:914} INFO - Processing file /home/airflow/.local/lib/python3.12/site-packages/airflow/example_dags/example_task_group_decorator.py for tasks to queue
[2025-01-16T15:51:12.589+0000] {logging_mixin.py:190} INFO - [2025-01-16T15:51:12.588+0000] {dagbag.py:588} INFO - Filling up the DagBag from /home/airflow/.local/lib/python3.12/site-packages/airflow/example_dags/example_task_group_decorator.py
[2025-01-16T15:51:12.600+0000] {processor.py:925} INFO - DAG(s) 'example_task_group_decorator' retrieved from /home/airflow/.local/lib/python3.12/site-packages/airflow/example_dags/example_task_group_decorator.py
[2025-01-16T15:51:12.621+0000] {logging_mixin.py:190} INFO - [2025-01-16T15:51:12.621+0000] {dag.py:3239} INFO - Sync 1 DAGs
[2025-01-16T15:51:12.633+0000] {logging_mixin.py:190} INFO - [2025-01-16T15:51:12.633+0000] {dag.py:4180} INFO - Setting next_dagrun for example_task_group_decorator to None, run_after=None
[2025-01-16T15:51:12.649+0000] {processor.py:208} INFO - Processing /home/airflow/.local/lib/python3.12/site-packages/airflow/example_dags/example_task_group_decorator.py took 0.067 seconds
[2025-01-16T15:51:43.213+0000] {processor.py:186} INFO - Started process (PID=10382) to work on /home/airflow/.local/lib/python3.12/site-packages/airflow/example_dags/example_task_group_decorator.py
[2025-01-16T15:51:43.214+0000] {processor.py:914} INFO - Processing file /home/airflow/.local/lib/python3.12/site-packages/airflow/example_dags/example_task_group_decorator.py for tasks to queue
[2025-01-16T15:51:43.216+0000] {logging_mixin.py:190} INFO - [2025-01-16T15:51:43.215+0000] {dagbag.py:588} INFO - Filling up the DagBag from /home/airflow/.local/lib/python3.12/site-packages/airflow/example_dags/example_task_group_decorator.py
[2025-01-16T15:51:43.228+0000] {processor.py:925} INFO - DAG(s) 'example_task_group_decorator' retrieved from /home/airflow/.local/lib/python3.12/site-packages/airflow/example_dags/example_task_group_decorator.py
[2025-01-16T15:51:43.248+0000] {logging_mixin.py:190} INFO - [2025-01-16T15:51:43.248+0000] {dag.py:3239} INFO - Sync 1 DAGs
[2025-01-16T15:51:43.261+0000] {logging_mixin.py:190} INFO - [2025-01-16T15:51:43.261+0000] {dag.py:4180} INFO - Setting next_dagrun for example_task_group_decorator to None, run_after=None
[2025-01-16T15:51:43.275+0000] {processor.py:208} INFO - Processing /home/airflow/.local/lib/python3.12/site-packages/airflow/example_dags/example_task_group_decorator.py took 0.068 seconds
[2025-01-16T15:52:13.600+0000] {processor.py:186} INFO - Started process (PID=10633) to work on /home/airflow/.local/lib/python3.12/site-packages/airflow/example_dags/example_task_group_decorator.py
[2025-01-16T15:52:13.600+0000] {processor.py:914} INFO - Processing file /home/airflow/.local/lib/python3.12/site-packages/airflow/example_dags/example_task_group_decorator.py for tasks to queue
[2025-01-16T15:52:13.602+0000] {logging_mixin.py:190} INFO - [2025-01-16T15:52:13.602+0000] {dagbag.py:588} INFO - Filling up the DagBag from /home/airflow/.local/lib/python3.12/site-packages/airflow/example_dags/example_task_group_decorator.py
[2025-01-16T15:52:13.613+0000] {processor.py:925} INFO - DAG(s) 'example_task_group_decorator' retrieved from /home/airflow/.local/lib/python3.12/site-packages/airflow/example_dags/example_task_group_decorator.py
[2025-01-16T15:52:13.631+0000] {logging_mixin.py:190} INFO - [2025-01-16T15:52:13.631+0000] {dag.py:3239} INFO - Sync 1 DAGs
[2025-01-16T15:52:13.641+0000] {logging_mixin.py:190} INFO - [2025-01-16T15:52:13.641+0000] {dag.py:4180} INFO - Setting next_dagrun for example_task_group_decorator to None, run_after=None
[2025-01-16T15:52:13.654+0000] {processor.py:208} INFO - Processing /home/airflow/.local/lib/python3.12/site-packages/airflow/example_dags/example_task_group_decorator.py took 0.059 seconds
[2025-01-16T15:52:44.599+0000] {processor.py:186} INFO - Started process (PID=10929) to work on /home/airflow/.local/lib/python3.12/site-packages/airflow/example_dags/example_task_group_decorator.py
[2025-01-16T15:52:44.600+0000] {processor.py:914} INFO - Processing file /home/airflow/.local/lib/python3.12/site-packages/airflow/example_dags/example_task_group_decorator.py for tasks to queue
[2025-01-16T15:52:44.601+0000] {logging_mixin.py:190} INFO - [2025-01-16T15:52:44.601+0000] {dagbag.py:588} INFO - Filling up the DagBag from /home/airflow/.local/lib/python3.12/site-packages/airflow/example_dags/example_task_group_decorator.py
[2025-01-16T15:52:44.612+0000] {processor.py:925} INFO - DAG(s) 'example_task_group_decorator' retrieved from /home/airflow/.local/lib/python3.12/site-packages/airflow/example_dags/example_task_group_decorator.py
[2025-01-16T15:52:44.630+0000] {logging_mixin.py:190} INFO - [2025-01-16T15:52:44.630+0000] {dag.py:3239} INFO - Sync 1 DAGs
[2025-01-16T15:52:44.641+0000] {logging_mixin.py:190} INFO - [2025-01-16T15:52:44.640+0000] {dag.py:4180} INFO - Setting next_dagrun for example_task_group_decorator to None, run_after=None
[2025-01-16T15:52:44.653+0000] {processor.py:208} INFO - Processing /home/airflow/.local/lib/python3.12/site-packages/airflow/example_dags/example_task_group_decorator.py took 0.058 seconds
[2025-01-16T15:53:15.591+0000] {processor.py:186} INFO - Started process (PID=11225) to work on /home/airflow/.local/lib/python3.12/site-packages/airflow/example_dags/example_task_group_decorator.py
[2025-01-16T15:53:15.592+0000] {processor.py:914} INFO - Processing file /home/airflow/.local/lib/python3.12/site-packages/airflow/example_dags/example_task_group_decorator.py for tasks to queue
[2025-01-16T15:53:15.594+0000] {logging_mixin.py:190} INFO - [2025-01-16T15:53:15.594+0000] {dagbag.py:588} INFO - Filling up the DagBag from /home/airflow/.local/lib/python3.12/site-packages/airflow/example_dags/example_task_group_decorator.py
[2025-01-16T15:53:15.606+0000] {processor.py:925} INFO - DAG(s) 'example_task_group_decorator' retrieved from /home/airflow/.local/lib/python3.12/site-packages/airflow/example_dags/example_task_group_decorator.py
[2025-01-16T15:53:15.624+0000] {logging_mixin.py:190} INFO - [2025-01-16T15:53:15.624+0000] {dag.py:3239} INFO - Sync 1 DAGs
[2025-01-16T15:53:15.634+0000] {logging_mixin.py:190} INFO - [2025-01-16T15:53:15.634+0000] {dag.py:4180} INFO - Setting next_dagrun for example_task_group_decorator to None, run_after=None
[2025-01-16T15:53:15.647+0000] {processor.py:208} INFO - Processing /home/airflow/.local/lib/python3.12/site-packages/airflow/example_dags/example_task_group_decorator.py took 0.060 seconds
[2025-01-16T15:53:46.499+0000] {processor.py:186} INFO - Started process (PID=11521) to work on /home/airflow/.local/lib/python3.12/site-packages/airflow/example_dags/example_task_group_decorator.py
[2025-01-16T15:53:46.499+0000] {processor.py:914} INFO - Processing file /home/airflow/.local/lib/python3.12/site-packages/airflow/example_dags/example_task_group_decorator.py for tasks to queue
[2025-01-16T15:53:46.501+0000] {logging_mixin.py:190} INFO - [2025-01-16T15:53:46.501+0000] {dagbag.py:588} INFO - Filling up the DagBag from /home/airflow/.local/lib/python3.12/site-packages/airflow/example_dags/example_task_group_decorator.py
[2025-01-16T15:53:46.512+0000] {processor.py:925} INFO - DAG(s) 'example_task_group_decorator' retrieved from /home/airflow/.local/lib/python3.12/site-packages/airflow/example_dags/example_task_group_decorator.py
[2025-01-16T15:53:46.530+0000] {logging_mixin.py:190} INFO - [2025-01-16T15:53:46.530+0000] {dag.py:3239} INFO - Sync 1 DAGs
[2025-01-16T15:53:46.541+0000] {logging_mixin.py:190} INFO - [2025-01-16T15:53:46.540+0000] {dag.py:4180} INFO - Setting next_dagrun for example_task_group_decorator to None, run_after=None
[2025-01-16T15:53:46.553+0000] {processor.py:208} INFO - Processing /home/airflow/.local/lib/python3.12/site-packages/airflow/example_dags/example_task_group_decorator.py took 0.059 seconds
[2025-01-16T15:54:17.187+0000] {processor.py:186} INFO - Started process (PID=11817) to work on /home/airflow/.local/lib/python3.12/site-packages/airflow/example_dags/example_task_group_decorator.py
[2025-01-16T15:54:17.188+0000] {processor.py:914} INFO - Processing file /home/airflow/.local/lib/python3.12/site-packages/airflow/example_dags/example_task_group_decorator.py for tasks to queue
[2025-01-16T15:54:17.190+0000] {logging_mixin.py:190} INFO - [2025-01-16T15:54:17.190+0000] {dagbag.py:588} INFO - Filling up the DagBag from /home/airflow/.local/lib/python3.12/site-packages/airflow/example_dags/example_task_group_decorator.py
[2025-01-16T15:54:17.201+0000] {processor.py:925} INFO - DAG(s) 'example_task_group_decorator' retrieved from /home/airflow/.local/lib/python3.12/site-packages/airflow/example_dags/example_task_group_decorator.py
[2025-01-16T15:54:17.219+0000] {logging_mixin.py:190} INFO - [2025-01-16T15:54:17.219+0000] {dag.py:3239} INFO - Sync 1 DAGs
[2025-01-16T15:54:17.231+0000] {logging_mixin.py:190} INFO - [2025-01-16T15:54:17.231+0000] {dag.py:4180} INFO - Setting next_dagrun for example_task_group_decorator to None, run_after=None
[2025-01-16T15:54:17.244+0000] {processor.py:208} INFO - Processing /home/airflow/.local/lib/python3.12/site-packages/airflow/example_dags/example_task_group_decorator.py took 0.060 seconds
[2025-01-16T15:54:47.833+0000] {processor.py:186} INFO - Started process (PID=12113) to work on /home/airflow/.local/lib/python3.12/site-packages/airflow/example_dags/example_task_group_decorator.py
[2025-01-16T15:54:47.833+0000] {processor.py:914} INFO - Processing file /home/airflow/.local/lib/python3.12/site-packages/airflow/example_dags/example_task_group_decorator.py for tasks to queue
[2025-01-16T15:54:47.835+0000] {logging_mixin.py:190} INFO - [2025-01-16T15:54:47.835+0000] {dagbag.py:588} INFO - Filling up the DagBag from /home/airflow/.local/lib/python3.12/site-packages/airflow/example_dags/example_task_group_decorator.py
[2025-01-16T15:54:47.846+0000] {processor.py:925} INFO - DAG(s) 'example_task_group_decorator' retrieved from /home/airflow/.local/lib/python3.12/site-packages/airflow/example_dags/example_task_group_decorator.py
[2025-01-16T15:54:47.864+0000] {logging_mixin.py:190} INFO - [2025-01-16T15:54:47.863+0000] {dag.py:3239} INFO - Sync 1 DAGs
[2025-01-16T15:54:47.876+0000] {logging_mixin.py:190} INFO - [2025-01-16T15:54:47.876+0000] {dag.py:4180} INFO - Setting next_dagrun for example_task_group_decorator to None, run_after=None
[2025-01-16T15:54:47.890+0000] {processor.py:208} INFO - Processing /home/airflow/.local/lib/python3.12/site-packages/airflow/example_dags/example_task_group_decorator.py took 0.062 seconds
[2025-01-16T15:55:18.504+0000] {processor.py:186} INFO - Started process (PID=12409) to work on /home/airflow/.local/lib/python3.12/site-packages/airflow/example_dags/example_task_group_decorator.py
[2025-01-16T15:55:18.505+0000] {processor.py:914} INFO - Processing file /home/airflow/.local/lib/python3.12/site-packages/airflow/example_dags/example_task_group_decorator.py for tasks to queue
[2025-01-16T15:55:18.506+0000] {logging_mixin.py:190} INFO - [2025-01-16T15:55:18.506+0000] {dagbag.py:588} INFO - Filling up the DagBag from /home/airflow/.local/lib/python3.12/site-packages/airflow/example_dags/example_task_group_decorator.py
[2025-01-16T15:55:18.518+0000] {processor.py:925} INFO - DAG(s) 'example_task_group_decorator' retrieved from /home/airflow/.local/lib/python3.12/site-packages/airflow/example_dags/example_task_group_decorator.py
[2025-01-16T15:55:18.535+0000] {logging_mixin.py:190} INFO - [2025-01-16T15:55:18.535+0000] {dag.py:3239} INFO - Sync 1 DAGs
[2025-01-16T15:55:18.546+0000] {logging_mixin.py:190} INFO - [2025-01-16T15:55:18.545+0000] {dag.py:4180} INFO - Setting next_dagrun for example_task_group_decorator to None, run_after=None
[2025-01-16T15:55:18.559+0000] {processor.py:208} INFO - Processing /home/airflow/.local/lib/python3.12/site-packages/airflow/example_dags/example_task_group_decorator.py took 0.059 seconds
[2025-01-16T15:55:49.285+0000] {processor.py:186} INFO - Started process (PID=12705) to work on /home/airflow/.local/lib/python3.12/site-packages/airflow/example_dags/example_task_group_decorator.py
[2025-01-16T15:55:49.286+0000] {processor.py:914} INFO - Processing file /home/airflow/.local/lib/python3.12/site-packages/airflow/example_dags/example_task_group_decorator.py for tasks to queue
[2025-01-16T15:55:49.288+0000] {logging_mixin.py:190} INFO - [2025-01-16T15:55:49.287+0000] {dagbag.py:588} INFO - Filling up the DagBag from /home/airflow/.local/lib/python3.12/site-packages/airflow/example_dags/example_task_group_decorator.py
[2025-01-16T15:55:49.299+0000] {processor.py:925} INFO - DAG(s) 'example_task_group_decorator' retrieved from /home/airflow/.local/lib/python3.12/site-packages/airflow/example_dags/example_task_group_decorator.py
[2025-01-16T15:55:49.317+0000] {logging_mixin.py:190} INFO - [2025-01-16T15:55:49.316+0000] {dag.py:3239} INFO - Sync 1 DAGs
[2025-01-16T15:55:49.327+0000] {logging_mixin.py:190} INFO - [2025-01-16T15:55:49.327+0000] {dag.py:4180} INFO - Setting next_dagrun for example_task_group_decorator to None, run_after=None
[2025-01-16T15:55:49.339+0000] {processor.py:208} INFO - Processing /home/airflow/.local/lib/python3.12/site-packages/airflow/example_dags/example_task_group_decorator.py took 0.059 seconds
[2025-01-16T15:56:20.067+0000] {processor.py:186} INFO - Started process (PID=13001) to work on /home/airflow/.local/lib/python3.12/site-packages/airflow/example_dags/example_task_group_decorator.py
[2025-01-16T15:56:20.068+0000] {processor.py:914} INFO - Processing file /home/airflow/.local/lib/python3.12/site-packages/airflow/example_dags/example_task_group_decorator.py for tasks to queue
[2025-01-16T15:56:20.070+0000] {logging_mixin.py:190} INFO - [2025-01-16T15:56:20.070+0000] {dagbag.py:588} INFO - Filling up the DagBag from /home/airflow/.local/lib/python3.12/site-packages/airflow/example_dags/example_task_group_decorator.py
[2025-01-16T15:56:20.081+0000] {processor.py:925} INFO - DAG(s) 'example_task_group_decorator' retrieved from /home/airflow/.local/lib/python3.12/site-packages/airflow/example_dags/example_task_group_decorator.py
[2025-01-16T15:56:20.098+0000] {logging_mixin.py:190} INFO - [2025-01-16T15:56:20.098+0000] {dag.py:3239} INFO - Sync 1 DAGs
[2025-01-16T15:56:20.109+0000] {logging_mixin.py:190} INFO - [2025-01-16T15:56:20.109+0000] {dag.py:4180} INFO - Setting next_dagrun for example_task_group_decorator to None, run_after=None
[2025-01-16T15:56:20.122+0000] {processor.py:208} INFO - Processing /home/airflow/.local/lib/python3.12/site-packages/airflow/example_dags/example_task_group_decorator.py took 0.059 seconds
[2025-01-16T15:56:50.240+0000] {processor.py:186} INFO - Started process (PID=13297) to work on /home/airflow/.local/lib/python3.12/site-packages/airflow/example_dags/example_task_group_decorator.py
[2025-01-16T15:56:50.241+0000] {processor.py:914} INFO - Processing file /home/airflow/.local/lib/python3.12/site-packages/airflow/example_dags/example_task_group_decorator.py for tasks to queue
[2025-01-16T15:56:50.243+0000] {logging_mixin.py:190} INFO - [2025-01-16T15:56:50.242+0000] {dagbag.py:588} INFO - Filling up the DagBag from /home/airflow/.local/lib/python3.12/site-packages/airflow/example_dags/example_task_group_decorator.py
[2025-01-16T15:56:50.254+0000] {processor.py:925} INFO - DAG(s) 'example_task_group_decorator' retrieved from /home/airflow/.local/lib/python3.12/site-packages/airflow/example_dags/example_task_group_decorator.py
[2025-01-16T15:56:50.271+0000] {logging_mixin.py:190} INFO - [2025-01-16T15:56:50.271+0000] {dag.py:3239} INFO - Sync 1 DAGs
[2025-01-16T15:56:50.282+0000] {logging_mixin.py:190} INFO - [2025-01-16T15:56:50.282+0000] {dag.py:4180} INFO - Setting next_dagrun for example_task_group_decorator to None, run_after=None
[2025-01-16T15:56:50.294+0000] {processor.py:208} INFO - Processing /home/airflow/.local/lib/python3.12/site-packages/airflow/example_dags/example_task_group_decorator.py took 0.058 seconds
[2025-01-16T15:57:21.292+0000] {processor.py:186} INFO - Started process (PID=13594) to work on /home/airflow/.local/lib/python3.12/site-packages/airflow/example_dags/example_task_group_decorator.py
[2025-01-16T15:57:21.292+0000] {processor.py:914} INFO - Processing file /home/airflow/.local/lib/python3.12/site-packages/airflow/example_dags/example_task_group_decorator.py for tasks to queue
[2025-01-16T15:57:21.294+0000] {logging_mixin.py:190} INFO - [2025-01-16T15:57:21.294+0000] {dagbag.py:588} INFO - Filling up the DagBag from /home/airflow/.local/lib/python3.12/site-packages/airflow/example_dags/example_task_group_decorator.py
[2025-01-16T15:57:21.305+0000] {processor.py:925} INFO - DAG(s) 'example_task_group_decorator' retrieved from /home/airflow/.local/lib/python3.12/site-packages/airflow/example_dags/example_task_group_decorator.py
[2025-01-16T15:57:21.324+0000] {logging_mixin.py:190} INFO - [2025-01-16T15:57:21.324+0000] {dag.py:3239} INFO - Sync 1 DAGs
[2025-01-16T15:57:21.336+0000] {logging_mixin.py:190} INFO - [2025-01-16T15:57:21.336+0000] {dag.py:4180} INFO - Setting next_dagrun for example_task_group_decorator to None, run_after=None
[2025-01-16T15:57:21.350+0000] {processor.py:208} INFO - Processing /home/airflow/.local/lib/python3.12/site-packages/airflow/example_dags/example_task_group_decorator.py took 0.062 seconds
[2025-01-16T15:57:52.168+0000] {processor.py:186} INFO - Started process (PID=13889) to work on /home/airflow/.local/lib/python3.12/site-packages/airflow/example_dags/example_task_group_decorator.py
[2025-01-16T15:57:52.169+0000] {processor.py:914} INFO - Processing file /home/airflow/.local/lib/python3.12/site-packages/airflow/example_dags/example_task_group_decorator.py for tasks to queue
[2025-01-16T15:57:52.170+0000] {logging_mixin.py:190} INFO - [2025-01-16T15:57:52.170+0000] {dagbag.py:588} INFO - Filling up the DagBag from /home/airflow/.local/lib/python3.12/site-packages/airflow/example_dags/example_task_group_decorator.py
[2025-01-16T15:57:52.182+0000] {processor.py:925} INFO - DAG(s) 'example_task_group_decorator' retrieved from /home/airflow/.local/lib/python3.12/site-packages/airflow/example_dags/example_task_group_decorator.py
[2025-01-16T15:57:52.200+0000] {logging_mixin.py:190} INFO - [2025-01-16T15:57:52.200+0000] {dag.py:3239} INFO - Sync 1 DAGs
[2025-01-16T15:57:52.211+0000] {logging_mixin.py:190} INFO - [2025-01-16T15:57:52.211+0000] {dag.py:4180} INFO - Setting next_dagrun for example_task_group_decorator to None, run_after=None
[2025-01-16T15:57:52.225+0000] {processor.py:208} INFO - Processing /home/airflow/.local/lib/python3.12/site-packages/airflow/example_dags/example_task_group_decorator.py took 0.062 seconds
[2025-01-16T15:58:22.289+0000] {processor.py:186} INFO - Started process (PID=14185) to work on /home/airflow/.local/lib/python3.12/site-packages/airflow/example_dags/example_task_group_decorator.py
[2025-01-16T15:58:22.289+0000] {processor.py:914} INFO - Processing file /home/airflow/.local/lib/python3.12/site-packages/airflow/example_dags/example_task_group_decorator.py for tasks to queue
[2025-01-16T15:58:22.291+0000] {logging_mixin.py:190} INFO - [2025-01-16T15:58:22.291+0000] {dagbag.py:588} INFO - Filling up the DagBag from /home/airflow/.local/lib/python3.12/site-packages/airflow/example_dags/example_task_group_decorator.py
[2025-01-16T15:58:22.302+0000] {processor.py:925} INFO - DAG(s) 'example_task_group_decorator' retrieved from /home/airflow/.local/lib/python3.12/site-packages/airflow/example_dags/example_task_group_decorator.py
[2025-01-16T15:58:22.320+0000] {logging_mixin.py:190} INFO - [2025-01-16T15:58:22.320+0000] {dag.py:3239} INFO - Sync 1 DAGs
[2025-01-16T15:58:22.331+0000] {logging_mixin.py:190} INFO - [2025-01-16T15:58:22.331+0000] {dag.py:4180} INFO - Setting next_dagrun for example_task_group_decorator to None, run_after=None
[2025-01-16T15:58:22.343+0000] {processor.py:208} INFO - Processing /home/airflow/.local/lib/python3.12/site-packages/airflow/example_dags/example_task_group_decorator.py took 0.059 seconds
[2025-01-16T15:58:52.825+0000] {processor.py:186} INFO - Started process (PID=14481) to work on /home/airflow/.local/lib/python3.12/site-packages/airflow/example_dags/example_task_group_decorator.py
[2025-01-16T15:58:52.826+0000] {processor.py:914} INFO - Processing file /home/airflow/.local/lib/python3.12/site-packages/airflow/example_dags/example_task_group_decorator.py for tasks to queue
[2025-01-16T15:58:52.828+0000] {logging_mixin.py:190} INFO - [2025-01-16T15:58:52.828+0000] {dagbag.py:588} INFO - Filling up the DagBag from /home/airflow/.local/lib/python3.12/site-packages/airflow/example_dags/example_task_group_decorator.py
[2025-01-16T15:58:52.839+0000] {processor.py:925} INFO - DAG(s) 'example_task_group_decorator' retrieved from /home/airflow/.local/lib/python3.12/site-packages/airflow/example_dags/example_task_group_decorator.py
[2025-01-16T15:58:52.857+0000] {logging_mixin.py:190} INFO - [2025-01-16T15:58:52.857+0000] {dag.py:3239} INFO - Sync 1 DAGs
[2025-01-16T15:58:52.868+0000] {logging_mixin.py:190} INFO - [2025-01-16T15:58:52.868+0000] {dag.py:4180} INFO - Setting next_dagrun for example_task_group_decorator to None, run_after=None
[2025-01-16T15:58:52.882+0000] {processor.py:208} INFO - Processing /home/airflow/.local/lib/python3.12/site-packages/airflow/example_dags/example_task_group_decorator.py took 0.061 seconds
[2025-01-16T15:59:23.104+0000] {processor.py:186} INFO - Started process (PID=14779) to work on /home/airflow/.local/lib/python3.12/site-packages/airflow/example_dags/example_task_group_decorator.py
[2025-01-16T15:59:23.105+0000] {processor.py:914} INFO - Processing file /home/airflow/.local/lib/python3.12/site-packages/airflow/example_dags/example_task_group_decorator.py for tasks to queue
[2025-01-16T15:59:23.106+0000] {logging_mixin.py:190} INFO - [2025-01-16T15:59:23.106+0000] {dagbag.py:588} INFO - Filling up the DagBag from /home/airflow/.local/lib/python3.12/site-packages/airflow/example_dags/example_task_group_decorator.py
[2025-01-16T15:59:23.118+0000] {processor.py:925} INFO - DAG(s) 'example_task_group_decorator' retrieved from /home/airflow/.local/lib/python3.12/site-packages/airflow/example_dags/example_task_group_decorator.py
[2025-01-16T15:59:23.135+0000] {logging_mixin.py:190} INFO - [2025-01-16T15:59:23.135+0000] {dag.py:3239} INFO - Sync 1 DAGs
[2025-01-16T15:59:23.146+0000] {logging_mixin.py:190} INFO - [2025-01-16T15:59:23.146+0000] {dag.py:4180} INFO - Setting next_dagrun for example_task_group_decorator to None, run_after=None
[2025-01-16T15:59:23.158+0000] {processor.py:208} INFO - Processing /home/airflow/.local/lib/python3.12/site-packages/airflow/example_dags/example_task_group_decorator.py took 0.059 seconds
[2025-01-16T15:59:54.089+0000] {processor.py:186} INFO - Started process (PID=15073) to work on /home/airflow/.local/lib/python3.12/site-packages/airflow/example_dags/example_task_group_decorator.py
[2025-01-16T15:59:54.090+0000] {processor.py:914} INFO - Processing file /home/airflow/.local/lib/python3.12/site-packages/airflow/example_dags/example_task_group_decorator.py for tasks to queue
[2025-01-16T15:59:54.092+0000] {logging_mixin.py:190} INFO - [2025-01-16T15:59:54.092+0000] {dagbag.py:588} INFO - Filling up the DagBag from /home/airflow/.local/lib/python3.12/site-packages/airflow/example_dags/example_task_group_decorator.py
[2025-01-16T15:59:54.104+0000] {processor.py:925} INFO - DAG(s) 'example_task_group_decorator' retrieved from /home/airflow/.local/lib/python3.12/site-packages/airflow/example_dags/example_task_group_decorator.py
[2025-01-16T15:59:54.124+0000] {logging_mixin.py:190} INFO - [2025-01-16T15:59:54.124+0000] {dag.py:3239} INFO - Sync 1 DAGs
[2025-01-16T15:59:54.135+0000] {logging_mixin.py:190} INFO - [2025-01-16T15:59:54.135+0000] {dag.py:4180} INFO - Setting next_dagrun for example_task_group_decorator to None, run_after=None
[2025-01-16T15:59:54.150+0000] {processor.py:208} INFO - Processing /home/airflow/.local/lib/python3.12/site-packages/airflow/example_dags/example_task_group_decorator.py took 0.066 seconds
[2025-01-16T16:00:24.438+0000] {processor.py:186} INFO - Started process (PID=15374) to work on /home/airflow/.local/lib/python3.12/site-packages/airflow/example_dags/example_task_group_decorator.py
[2025-01-16T16:00:24.439+0000] {processor.py:914} INFO - Processing file /home/airflow/.local/lib/python3.12/site-packages/airflow/example_dags/example_task_group_decorator.py for tasks to queue
[2025-01-16T16:00:24.441+0000] {logging_mixin.py:190} INFO - [2025-01-16T16:00:24.441+0000] {dagbag.py:588} INFO - Filling up the DagBag from /home/airflow/.local/lib/python3.12/site-packages/airflow/example_dags/example_task_group_decorator.py
[2025-01-16T16:00:24.459+0000] {processor.py:925} INFO - DAG(s) 'example_task_group_decorator' retrieved from /home/airflow/.local/lib/python3.12/site-packages/airflow/example_dags/example_task_group_decorator.py
[2025-01-16T16:00:24.484+0000] {logging_mixin.py:190} INFO - [2025-01-16T16:00:24.484+0000] {dag.py:3239} INFO - Sync 1 DAGs
[2025-01-16T16:00:24.499+0000] {logging_mixin.py:190} INFO - [2025-01-16T16:00:24.499+0000] {dag.py:4180} INFO - Setting next_dagrun for example_task_group_decorator to None, run_after=None
[2025-01-16T16:00:24.518+0000] {processor.py:208} INFO - Processing /home/airflow/.local/lib/python3.12/site-packages/airflow/example_dags/example_task_group_decorator.py took 0.085 seconds
[2025-01-16T16:00:54.599+0000] {processor.py:186} INFO - Started process (PID=15670) to work on /home/airflow/.local/lib/python3.12/site-packages/airflow/example_dags/example_task_group_decorator.py
[2025-01-16T16:00:54.600+0000] {processor.py:914} INFO - Processing file /home/airflow/.local/lib/python3.12/site-packages/airflow/example_dags/example_task_group_decorator.py for tasks to queue
[2025-01-16T16:00:54.602+0000] {logging_mixin.py:190} INFO - [2025-01-16T16:00:54.602+0000] {dagbag.py:588} INFO - Filling up the DagBag from /home/airflow/.local/lib/python3.12/site-packages/airflow/example_dags/example_task_group_decorator.py
[2025-01-16T16:00:54.613+0000] {processor.py:925} INFO - DAG(s) 'example_task_group_decorator' retrieved from /home/airflow/.local/lib/python3.12/site-packages/airflow/example_dags/example_task_group_decorator.py
[2025-01-16T16:00:54.631+0000] {logging_mixin.py:190} INFO - [2025-01-16T16:00:54.631+0000] {dag.py:3239} INFO - Sync 1 DAGs
[2025-01-16T16:00:54.647+0000] {logging_mixin.py:190} INFO - [2025-01-16T16:00:54.647+0000] {dag.py:4180} INFO - Setting next_dagrun for example_task_group_decorator to None, run_after=None
[2025-01-16T16:00:54.662+0000] {processor.py:208} INFO - Processing /home/airflow/.local/lib/python3.12/site-packages/airflow/example_dags/example_task_group_decorator.py took 0.066 seconds
[2025-01-16T16:01:25.425+0000] {processor.py:186} INFO - Started process (PID=15966) to work on /home/airflow/.local/lib/python3.12/site-packages/airflow/example_dags/example_task_group_decorator.py
[2025-01-16T16:01:25.425+0000] {processor.py:914} INFO - Processing file /home/airflow/.local/lib/python3.12/site-packages/airflow/example_dags/example_task_group_decorator.py for tasks to queue
[2025-01-16T16:01:25.427+0000] {logging_mixin.py:190} INFO - [2025-01-16T16:01:25.427+0000] {dagbag.py:588} INFO - Filling up the DagBag from /home/airflow/.local/lib/python3.12/site-packages/airflow/example_dags/example_task_group_decorator.py
[2025-01-16T16:01:25.438+0000] {processor.py:925} INFO - DAG(s) 'example_task_group_decorator' retrieved from /home/airflow/.local/lib/python3.12/site-packages/airflow/example_dags/example_task_group_decorator.py
[2025-01-16T16:01:25.456+0000] {logging_mixin.py:190} INFO - [2025-01-16T16:01:25.455+0000] {dag.py:3239} INFO - Sync 1 DAGs
[2025-01-16T16:01:25.466+0000] {logging_mixin.py:190} INFO - [2025-01-16T16:01:25.466+0000] {dag.py:4180} INFO - Setting next_dagrun for example_task_group_decorator to None, run_after=None
[2025-01-16T16:01:25.478+0000] {processor.py:208} INFO - Processing /home/airflow/.local/lib/python3.12/site-packages/airflow/example_dags/example_task_group_decorator.py took 0.058 seconds
[2025-01-16T16:01:56.235+0000] {processor.py:186} INFO - Started process (PID=16262) to work on /home/airflow/.local/lib/python3.12/site-packages/airflow/example_dags/example_task_group_decorator.py
[2025-01-16T16:01:56.236+0000] {processor.py:914} INFO - Processing file /home/airflow/.local/lib/python3.12/site-packages/airflow/example_dags/example_task_group_decorator.py for tasks to queue
[2025-01-16T16:01:56.238+0000] {logging_mixin.py:190} INFO - [2025-01-16T16:01:56.238+0000] {dagbag.py:588} INFO - Filling up the DagBag from /home/airflow/.local/lib/python3.12/site-packages/airflow/example_dags/example_task_group_decorator.py
[2025-01-16T16:01:56.249+0000] {processor.py:925} INFO - DAG(s) 'example_task_group_decorator' retrieved from /home/airflow/.local/lib/python3.12/site-packages/airflow/example_dags/example_task_group_decorator.py
[2025-01-16T16:01:56.267+0000] {logging_mixin.py:190} INFO - [2025-01-16T16:01:56.266+0000] {dag.py:3239} INFO - Sync 1 DAGs
[2025-01-16T16:01:56.277+0000] {logging_mixin.py:190} INFO - [2025-01-16T16:01:56.277+0000] {dag.py:4180} INFO - Setting next_dagrun for example_task_group_decorator to None, run_after=None
[2025-01-16T16:01:56.290+0000] {processor.py:208} INFO - Processing /home/airflow/.local/lib/python3.12/site-packages/airflow/example_dags/example_task_group_decorator.py took 0.059 seconds
[2025-01-16T16:02:27.373+0000] {processor.py:186} INFO - Started process (PID=16558) to work on /home/airflow/.local/lib/python3.12/site-packages/airflow/example_dags/example_task_group_decorator.py
[2025-01-16T16:02:27.374+0000] {processor.py:914} INFO - Processing file /home/airflow/.local/lib/python3.12/site-packages/airflow/example_dags/example_task_group_decorator.py for tasks to queue
[2025-01-16T16:02:27.377+0000] {logging_mixin.py:190} INFO - [2025-01-16T16:02:27.376+0000] {dagbag.py:588} INFO - Filling up the DagBag from /home/airflow/.local/lib/python3.12/site-packages/airflow/example_dags/example_task_group_decorator.py
[2025-01-16T16:02:27.390+0000] {processor.py:925} INFO - DAG(s) 'example_task_group_decorator' retrieved from /home/airflow/.local/lib/python3.12/site-packages/airflow/example_dags/example_task_group_decorator.py
[2025-01-16T16:02:27.409+0000] {logging_mixin.py:190} INFO - [2025-01-16T16:02:27.409+0000] {dag.py:3239} INFO - Sync 1 DAGs
[2025-01-16T16:02:27.420+0000] {logging_mixin.py:190} INFO - [2025-01-16T16:02:27.420+0000] {dag.py:4180} INFO - Setting next_dagrun for example_task_group_decorator to None, run_after=None
[2025-01-16T16:02:27.434+0000] {processor.py:208} INFO - Processing /home/airflow/.local/lib/python3.12/site-packages/airflow/example_dags/example_task_group_decorator.py took 0.065 seconds
[2025-01-16T16:02:58.221+0000] {processor.py:186} INFO - Started process (PID=16869) to work on /home/airflow/.local/lib/python3.12/site-packages/airflow/example_dags/example_task_group_decorator.py
[2025-01-16T16:02:58.222+0000] {processor.py:914} INFO - Processing file /home/airflow/.local/lib/python3.12/site-packages/airflow/example_dags/example_task_group_decorator.py for tasks to queue
[2025-01-16T16:02:58.224+0000] {logging_mixin.py:190} INFO - [2025-01-16T16:02:58.223+0000] {dagbag.py:588} INFO - Filling up the DagBag from /home/airflow/.local/lib/python3.12/site-packages/airflow/example_dags/example_task_group_decorator.py
[2025-01-16T16:02:58.234+0000] {processor.py:925} INFO - DAG(s) 'example_task_group_decorator' retrieved from /home/airflow/.local/lib/python3.12/site-packages/airflow/example_dags/example_task_group_decorator.py
[2025-01-16T16:02:58.254+0000] {logging_mixin.py:190} INFO - [2025-01-16T16:02:58.254+0000] {dag.py:3239} INFO - Sync 1 DAGs
[2025-01-16T16:02:58.265+0000] {logging_mixin.py:190} INFO - [2025-01-16T16:02:58.265+0000] {dag.py:4180} INFO - Setting next_dagrun for example_task_group_decorator to None, run_after=None
[2025-01-16T16:02:58.279+0000] {processor.py:208} INFO - Processing /home/airflow/.local/lib/python3.12/site-packages/airflow/example_dags/example_task_group_decorator.py took 0.062 seconds
[2025-01-16T16:03:28.445+0000] {processor.py:186} INFO - Started process (PID=17175) to work on /home/airflow/.local/lib/python3.12/site-packages/airflow/example_dags/example_task_group_decorator.py
[2025-01-16T16:03:28.445+0000] {processor.py:914} INFO - Processing file /home/airflow/.local/lib/python3.12/site-packages/airflow/example_dags/example_task_group_decorator.py for tasks to queue
[2025-01-16T16:03:28.447+0000] {logging_mixin.py:190} INFO - [2025-01-16T16:03:28.447+0000] {dagbag.py:588} INFO - Filling up the DagBag from /home/airflow/.local/lib/python3.12/site-packages/airflow/example_dags/example_task_group_decorator.py
[2025-01-16T16:03:28.459+0000] {processor.py:925} INFO - DAG(s) 'example_task_group_decorator' retrieved from /home/airflow/.local/lib/python3.12/site-packages/airflow/example_dags/example_task_group_decorator.py
[2025-01-16T16:03:28.479+0000] {logging_mixin.py:190} INFO - [2025-01-16T16:03:28.479+0000] {dag.py:3239} INFO - Sync 1 DAGs
[2025-01-16T16:03:28.491+0000] {logging_mixin.py:190} INFO - [2025-01-16T16:03:28.491+0000] {dag.py:4180} INFO - Setting next_dagrun for example_task_group_decorator to None, run_after=None
[2025-01-16T16:03:28.506+0000] {processor.py:208} INFO - Processing /home/airflow/.local/lib/python3.12/site-packages/airflow/example_dags/example_task_group_decorator.py took 0.067 seconds
[2025-01-16T16:03:58.666+0000] {processor.py:186} INFO - Started process (PID=17471) to work on /home/airflow/.local/lib/python3.12/site-packages/airflow/example_dags/example_task_group_decorator.py
[2025-01-16T16:03:58.667+0000] {processor.py:914} INFO - Processing file /home/airflow/.local/lib/python3.12/site-packages/airflow/example_dags/example_task_group_decorator.py for tasks to queue
[2025-01-16T16:03:58.669+0000] {logging_mixin.py:190} INFO - [2025-01-16T16:03:58.668+0000] {dagbag.py:588} INFO - Filling up the DagBag from /home/airflow/.local/lib/python3.12/site-packages/airflow/example_dags/example_task_group_decorator.py
[2025-01-16T16:03:58.684+0000] {processor.py:925} INFO - DAG(s) 'example_task_group_decorator' retrieved from /home/airflow/.local/lib/python3.12/site-packages/airflow/example_dags/example_task_group_decorator.py
[2025-01-16T16:03:58.706+0000] {logging_mixin.py:190} INFO - [2025-01-16T16:03:58.706+0000] {dag.py:3239} INFO - Sync 1 DAGs
[2025-01-16T16:03:58.721+0000] {logging_mixin.py:190} INFO - [2025-01-16T16:03:58.721+0000] {dag.py:4180} INFO - Setting next_dagrun for example_task_group_decorator to None, run_after=None
[2025-01-16T16:03:58.737+0000] {processor.py:208} INFO - Processing /home/airflow/.local/lib/python3.12/site-packages/airflow/example_dags/example_task_group_decorator.py took 0.077 seconds
[2025-01-16T16:04:29.404+0000] {processor.py:186} INFO - Started process (PID=17767) to work on /home/airflow/.local/lib/python3.12/site-packages/airflow/example_dags/example_task_group_decorator.py
[2025-01-16T16:04:29.405+0000] {processor.py:914} INFO - Processing file /home/airflow/.local/lib/python3.12/site-packages/airflow/example_dags/example_task_group_decorator.py for tasks to queue
[2025-01-16T16:04:29.406+0000] {logging_mixin.py:190} INFO - [2025-01-16T16:04:29.406+0000] {dagbag.py:588} INFO - Filling up the DagBag from /home/airflow/.local/lib/python3.12/site-packages/airflow/example_dags/example_task_group_decorator.py
[2025-01-16T16:04:29.418+0000] {processor.py:925} INFO - DAG(s) 'example_task_group_decorator' retrieved from /home/airflow/.local/lib/python3.12/site-packages/airflow/example_dags/example_task_group_decorator.py
[2025-01-16T16:04:29.438+0000] {logging_mixin.py:190} INFO - [2025-01-16T16:04:29.438+0000] {dag.py:3239} INFO - Sync 1 DAGs
[2025-01-16T16:04:29.450+0000] {logging_mixin.py:190} INFO - [2025-01-16T16:04:29.450+0000] {dag.py:4180} INFO - Setting next_dagrun for example_task_group_decorator to None, run_after=None
[2025-01-16T16:04:29.468+0000] {processor.py:208} INFO - Processing /home/airflow/.local/lib/python3.12/site-packages/airflow/example_dags/example_task_group_decorator.py took 0.070 seconds
[2025-01-16T16:04:59.559+0000] {processor.py:186} INFO - Started process (PID=18058) to work on /home/airflow/.local/lib/python3.12/site-packages/airflow/example_dags/example_task_group_decorator.py
[2025-01-16T16:04:59.560+0000] {processor.py:914} INFO - Processing file /home/airflow/.local/lib/python3.12/site-packages/airflow/example_dags/example_task_group_decorator.py for tasks to queue
[2025-01-16T16:04:59.562+0000] {logging_mixin.py:190} INFO - [2025-01-16T16:04:59.561+0000] {dagbag.py:588} INFO - Filling up the DagBag from /home/airflow/.local/lib/python3.12/site-packages/airflow/example_dags/example_task_group_decorator.py
[2025-01-16T16:04:59.573+0000] {processor.py:925} INFO - DAG(s) 'example_task_group_decorator' retrieved from /home/airflow/.local/lib/python3.12/site-packages/airflow/example_dags/example_task_group_decorator.py
[2025-01-16T16:04:59.592+0000] {logging_mixin.py:190} INFO - [2025-01-16T16:04:59.591+0000] {dag.py:3239} INFO - Sync 1 DAGs
[2025-01-16T16:04:59.603+0000] {logging_mixin.py:190} INFO - [2025-01-16T16:04:59.603+0000] {dag.py:4180} INFO - Setting next_dagrun for example_task_group_decorator to None, run_after=None
[2025-01-16T16:04:59.616+0000] {processor.py:208} INFO - Processing /home/airflow/.local/lib/python3.12/site-packages/airflow/example_dags/example_task_group_decorator.py took 0.061 seconds
[2025-01-16T16:05:30.476+0000] {processor.py:186} INFO - Started process (PID=18359) to work on /home/airflow/.local/lib/python3.12/site-packages/airflow/example_dags/example_task_group_decorator.py
[2025-01-16T16:05:30.477+0000] {processor.py:914} INFO - Processing file /home/airflow/.local/lib/python3.12/site-packages/airflow/example_dags/example_task_group_decorator.py for tasks to queue
[2025-01-16T16:05:30.478+0000] {logging_mixin.py:190} INFO - [2025-01-16T16:05:30.477+0000] {dagbag.py:588} INFO - Filling up the DagBag from /home/airflow/.local/lib/python3.12/site-packages/airflow/example_dags/example_task_group_decorator.py
[2025-01-16T16:05:30.489+0000] {processor.py:925} INFO - DAG(s) 'example_task_group_decorator' retrieved from /home/airflow/.local/lib/python3.12/site-packages/airflow/example_dags/example_task_group_decorator.py
[2025-01-16T16:05:30.507+0000] {logging_mixin.py:190} INFO - [2025-01-16T16:05:30.506+0000] {dag.py:3239} INFO - Sync 1 DAGs
[2025-01-16T16:05:30.517+0000] {logging_mixin.py:190} INFO - [2025-01-16T16:05:30.517+0000] {dag.py:4180} INFO - Setting next_dagrun for example_task_group_decorator to None, run_after=None
[2025-01-16T16:05:30.530+0000] {processor.py:208} INFO - Processing /home/airflow/.local/lib/python3.12/site-packages/airflow/example_dags/example_task_group_decorator.py took 0.058 seconds
[2025-01-16T16:06:01.051+0000] {processor.py:186} INFO - Started process (PID=18657) to work on /home/airflow/.local/lib/python3.12/site-packages/airflow/example_dags/example_task_group_decorator.py
[2025-01-16T16:06:01.052+0000] {processor.py:914} INFO - Processing file /home/airflow/.local/lib/python3.12/site-packages/airflow/example_dags/example_task_group_decorator.py for tasks to queue
[2025-01-16T16:06:01.053+0000] {logging_mixin.py:190} INFO - [2025-01-16T16:06:01.053+0000] {dagbag.py:588} INFO - Filling up the DagBag from /home/airflow/.local/lib/python3.12/site-packages/airflow/example_dags/example_task_group_decorator.py
[2025-01-16T16:06:01.064+0000] {processor.py:925} INFO - DAG(s) 'example_task_group_decorator' retrieved from /home/airflow/.local/lib/python3.12/site-packages/airflow/example_dags/example_task_group_decorator.py
[2025-01-16T16:06:01.082+0000] {logging_mixin.py:190} INFO - [2025-01-16T16:06:01.082+0000] {dag.py:3239} INFO - Sync 1 DAGs
[2025-01-16T16:06:01.094+0000] {logging_mixin.py:190} INFO - [2025-01-16T16:06:01.094+0000] {dag.py:4180} INFO - Setting next_dagrun for example_task_group_decorator to None, run_after=None
[2025-01-16T16:06:01.106+0000] {processor.py:208} INFO - Processing /home/airflow/.local/lib/python3.12/site-packages/airflow/example_dags/example_task_group_decorator.py took 0.059 seconds
[2025-01-16T16:06:31.882+0000] {processor.py:186} INFO - Started process (PID=18953) to work on /home/airflow/.local/lib/python3.12/site-packages/airflow/example_dags/example_task_group_decorator.py
[2025-01-16T16:06:31.883+0000] {processor.py:914} INFO - Processing file /home/airflow/.local/lib/python3.12/site-packages/airflow/example_dags/example_task_group_decorator.py for tasks to queue
[2025-01-16T16:06:31.884+0000] {logging_mixin.py:190} INFO - [2025-01-16T16:06:31.884+0000] {dagbag.py:588} INFO - Filling up the DagBag from /home/airflow/.local/lib/python3.12/site-packages/airflow/example_dags/example_task_group_decorator.py
[2025-01-16T16:06:31.896+0000] {processor.py:925} INFO - DAG(s) 'example_task_group_decorator' retrieved from /home/airflow/.local/lib/python3.12/site-packages/airflow/example_dags/example_task_group_decorator.py
[2025-01-16T16:06:31.916+0000] {logging_mixin.py:190} INFO - [2025-01-16T16:06:31.916+0000] {dag.py:3239} INFO - Sync 1 DAGs
[2025-01-16T16:06:32.079+0000] {logging_mixin.py:190} INFO - [2025-01-16T16:06:32.079+0000] {dag.py:4180} INFO - Setting next_dagrun for example_task_group_decorator to None, run_after=None
[2025-01-16T16:06:32.092+0000] {processor.py:208} INFO - Processing /home/airflow/.local/lib/python3.12/site-packages/airflow/example_dags/example_task_group_decorator.py took 0.214 seconds
[2025-01-16T16:07:02.333+0000] {processor.py:186} INFO - Started process (PID=19253) to work on /home/airflow/.local/lib/python3.12/site-packages/airflow/example_dags/example_task_group_decorator.py
[2025-01-16T16:07:02.333+0000] {processor.py:914} INFO - Processing file /home/airflow/.local/lib/python3.12/site-packages/airflow/example_dags/example_task_group_decorator.py for tasks to queue
[2025-01-16T16:07:02.334+0000] {logging_mixin.py:190} INFO - [2025-01-16T16:07:02.334+0000] {dagbag.py:588} INFO - Filling up the DagBag from /home/airflow/.local/lib/python3.12/site-packages/airflow/example_dags/example_task_group_decorator.py
[2025-01-16T16:07:02.346+0000] {processor.py:925} INFO - DAG(s) 'example_task_group_decorator' retrieved from /home/airflow/.local/lib/python3.12/site-packages/airflow/example_dags/example_task_group_decorator.py
[2025-01-16T16:07:02.364+0000] {logging_mixin.py:190} INFO - [2025-01-16T16:07:02.364+0000] {dag.py:3239} INFO - Sync 1 DAGs
[2025-01-16T16:07:02.375+0000] {logging_mixin.py:190} INFO - [2025-01-16T16:07:02.375+0000] {dag.py:4180} INFO - Setting next_dagrun for example_task_group_decorator to None, run_after=None
[2025-01-16T16:07:02.388+0000] {processor.py:208} INFO - Processing /home/airflow/.local/lib/python3.12/site-packages/airflow/example_dags/example_task_group_decorator.py took 0.060 seconds
[2025-01-16T16:07:33.279+0000] {processor.py:186} INFO - Started process (PID=19549) to work on /home/airflow/.local/lib/python3.12/site-packages/airflow/example_dags/example_task_group_decorator.py
[2025-01-16T16:07:33.281+0000] {processor.py:914} INFO - Processing file /home/airflow/.local/lib/python3.12/site-packages/airflow/example_dags/example_task_group_decorator.py for tasks to queue
[2025-01-16T16:07:33.282+0000] {logging_mixin.py:190} INFO - [2025-01-16T16:07:33.282+0000] {dagbag.py:588} INFO - Filling up the DagBag from /home/airflow/.local/lib/python3.12/site-packages/airflow/example_dags/example_task_group_decorator.py
[2025-01-16T16:07:33.298+0000] {processor.py:925} INFO - DAG(s) 'example_task_group_decorator' retrieved from /home/airflow/.local/lib/python3.12/site-packages/airflow/example_dags/example_task_group_decorator.py
[2025-01-16T16:07:33.325+0000] {logging_mixin.py:190} INFO - [2025-01-16T16:07:33.325+0000] {dag.py:3239} INFO - Sync 1 DAGs
[2025-01-16T16:07:33.341+0000] {logging_mixin.py:190} INFO - [2025-01-16T16:07:33.341+0000] {dag.py:4180} INFO - Setting next_dagrun for example_task_group_decorator to None, run_after=None
[2025-01-16T16:07:33.358+0000] {processor.py:208} INFO - Processing /home/airflow/.local/lib/python3.12/site-packages/airflow/example_dags/example_task_group_decorator.py took 0.086 seconds
[2025-01-16T16:08:04.116+0000] {processor.py:186} INFO - Started process (PID=19845) to work on /home/airflow/.local/lib/python3.12/site-packages/airflow/example_dags/example_task_group_decorator.py
[2025-01-16T16:08:04.117+0000] {processor.py:914} INFO - Processing file /home/airflow/.local/lib/python3.12/site-packages/airflow/example_dags/example_task_group_decorator.py for tasks to queue
[2025-01-16T16:08:04.118+0000] {logging_mixin.py:190} INFO - [2025-01-16T16:08:04.117+0000] {dagbag.py:588} INFO - Filling up the DagBag from /home/airflow/.local/lib/python3.12/site-packages/airflow/example_dags/example_task_group_decorator.py
[2025-01-16T16:08:04.129+0000] {processor.py:925} INFO - DAG(s) 'example_task_group_decorator' retrieved from /home/airflow/.local/lib/python3.12/site-packages/airflow/example_dags/example_task_group_decorator.py
[2025-01-16T16:08:04.147+0000] {logging_mixin.py:190} INFO - [2025-01-16T16:08:04.147+0000] {dag.py:3239} INFO - Sync 1 DAGs
[2025-01-16T16:08:04.158+0000] {logging_mixin.py:190} INFO - [2025-01-16T16:08:04.158+0000] {dag.py:4180} INFO - Setting next_dagrun for example_task_group_decorator to None, run_after=None
[2025-01-16T16:08:04.171+0000] {processor.py:208} INFO - Processing /home/airflow/.local/lib/python3.12/site-packages/airflow/example_dags/example_task_group_decorator.py took 0.059 seconds
[2025-01-16T16:08:34.746+0000] {processor.py:186} INFO - Started process (PID=20141) to work on /home/airflow/.local/lib/python3.12/site-packages/airflow/example_dags/example_task_group_decorator.py
[2025-01-16T16:08:34.747+0000] {processor.py:914} INFO - Processing file /home/airflow/.local/lib/python3.12/site-packages/airflow/example_dags/example_task_group_decorator.py for tasks to queue
[2025-01-16T16:08:34.748+0000] {logging_mixin.py:190} INFO - [2025-01-16T16:08:34.748+0000] {dagbag.py:588} INFO - Filling up the DagBag from /home/airflow/.local/lib/python3.12/site-packages/airflow/example_dags/example_task_group_decorator.py
[2025-01-16T16:08:34.761+0000] {processor.py:925} INFO - DAG(s) 'example_task_group_decorator' retrieved from /home/airflow/.local/lib/python3.12/site-packages/airflow/example_dags/example_task_group_decorator.py
[2025-01-16T16:08:34.780+0000] {logging_mixin.py:190} INFO - [2025-01-16T16:08:34.780+0000] {dag.py:3239} INFO - Sync 1 DAGs
[2025-01-16T16:08:34.791+0000] {logging_mixin.py:190} INFO - [2025-01-16T16:08:34.791+0000] {dag.py:4180} INFO - Setting next_dagrun for example_task_group_decorator to None, run_after=None
[2025-01-16T16:08:34.804+0000] {processor.py:208} INFO - Processing /home/airflow/.local/lib/python3.12/site-packages/airflow/example_dags/example_task_group_decorator.py took 0.063 seconds
