[2025-01-16T15:33:56.159+0000] {processor.py:186} INFO - Started process (PID=210) to work on /home/airflow/.local/lib/python3.12/site-packages/airflow/example_dags/example_kubernetes_executor.py
[2025-01-16T15:33:56.160+0000] {processor.py:914} INFO - Processing file /home/airflow/.local/lib/python3.12/site-packages/airflow/example_dags/example_kubernetes_executor.py for tasks to queue
[2025-01-16T15:33:56.161+0000] {logging_mixin.py:190} INFO - [2025-01-16T15:33:56.161+0000] {dagbag.py:588} INFO - Filling up the DagBag from /home/airflow/.local/lib/python3.12/site-packages/airflow/example_dags/example_kubernetes_executor.py
[2025-01-16T15:33:56.172+0000] {processor.py:925} INFO - DAG(s) 'example_kubernetes_executor' retrieved from /home/airflow/.local/lib/python3.12/site-packages/airflow/example_dags/example_kubernetes_executor.py
[2025-01-16T15:33:56.255+0000] {logging_mixin.py:190} INFO - [2025-01-16T15:33:56.255+0000] {override.py:1911} INFO - Created Permission View: can edit on DAG:example_kubernetes_executor
[2025-01-16T15:33:56.263+0000] {logging_mixin.py:190} INFO - [2025-01-16T15:33:56.262+0000] {override.py:1911} INFO - Created Permission View: can delete on DAG:example_kubernetes_executor
[2025-01-16T15:33:56.267+0000] {logging_mixin.py:190} INFO - [2025-01-16T15:33:56.267+0000] {override.py:1911} INFO - Created Permission View: can read on DAG:example_kubernetes_executor
[2025-01-16T15:33:56.272+0000] {logging_mixin.py:190} INFO - [2025-01-16T15:33:56.272+0000] {override.py:1911} INFO - Created Permission View: can create on DAG Run:example_kubernetes_executor
[2025-01-16T15:33:56.277+0000] {logging_mixin.py:190} INFO - [2025-01-16T15:33:56.277+0000] {override.py:1911} INFO - Created Permission View: can delete on DAG Run:example_kubernetes_executor
[2025-01-16T15:33:56.281+0000] {logging_mixin.py:190} INFO - [2025-01-16T15:33:56.281+0000] {override.py:1911} INFO - Created Permission View: menu access on DAG Run:example_kubernetes_executor
[2025-01-16T15:33:56.285+0000] {logging_mixin.py:190} INFO - [2025-01-16T15:33:56.285+0000] {override.py:1911} INFO - Created Permission View: can read on DAG Run:example_kubernetes_executor
[2025-01-16T15:33:56.286+0000] {logging_mixin.py:190} INFO - [2025-01-16T15:33:56.286+0000] {dag.py:3239} INFO - Sync 1 DAGs
[2025-01-16T15:33:56.295+0000] {logging_mixin.py:190} INFO - [2025-01-16T15:33:56.295+0000] {dag.py:3262} INFO - Creating ORM DAG for example_kubernetes_executor
[2025-01-16T15:33:56.296+0000] {logging_mixin.py:190} INFO - [2025-01-16T15:33:56.296+0000] {dag.py:4180} INFO - Setting next_dagrun for example_kubernetes_executor to None, run_after=None
[2025-01-16T15:33:56.307+0000] {processor.py:208} INFO - Processing /home/airflow/.local/lib/python3.12/site-packages/airflow/example_dags/example_kubernetes_executor.py took 0.152 seconds
[2025-01-16T15:34:27.047+0000] {processor.py:186} INFO - Started process (PID=507) to work on /home/airflow/.local/lib/python3.12/site-packages/airflow/example_dags/example_kubernetes_executor.py
[2025-01-16T15:34:27.048+0000] {processor.py:914} INFO - Processing file /home/airflow/.local/lib/python3.12/site-packages/airflow/example_dags/example_kubernetes_executor.py for tasks to queue
[2025-01-16T15:34:27.049+0000] {logging_mixin.py:190} INFO - [2025-01-16T15:34:27.049+0000] {dagbag.py:588} INFO - Filling up the DagBag from /home/airflow/.local/lib/python3.12/site-packages/airflow/example_dags/example_kubernetes_executor.py
[2025-01-16T15:34:27.059+0000] {processor.py:925} INFO - DAG(s) 'example_kubernetes_executor' retrieved from /home/airflow/.local/lib/python3.12/site-packages/airflow/example_dags/example_kubernetes_executor.py
[2025-01-16T15:34:27.078+0000] {logging_mixin.py:190} INFO - [2025-01-16T15:34:27.078+0000] {dag.py:3239} INFO - Sync 1 DAGs
[2025-01-16T15:34:27.089+0000] {logging_mixin.py:190} INFO - [2025-01-16T15:34:27.089+0000] {dag.py:4180} INFO - Setting next_dagrun for example_kubernetes_executor to None, run_after=None
[2025-01-16T15:34:27.105+0000] {processor.py:208} INFO - Processing /home/airflow/.local/lib/python3.12/site-packages/airflow/example_dags/example_kubernetes_executor.py took 0.062 seconds
[2025-01-16T15:34:57.901+0000] {processor.py:186} INFO - Started process (PID=803) to work on /home/airflow/.local/lib/python3.12/site-packages/airflow/example_dags/example_kubernetes_executor.py
[2025-01-16T15:34:57.902+0000] {processor.py:914} INFO - Processing file /home/airflow/.local/lib/python3.12/site-packages/airflow/example_dags/example_kubernetes_executor.py for tasks to queue
[2025-01-16T15:34:57.905+0000] {logging_mixin.py:190} INFO - [2025-01-16T15:34:57.904+0000] {dagbag.py:588} INFO - Filling up the DagBag from /home/airflow/.local/lib/python3.12/site-packages/airflow/example_dags/example_kubernetes_executor.py
[2025-01-16T15:34:57.918+0000] {processor.py:925} INFO - DAG(s) 'example_kubernetes_executor' retrieved from /home/airflow/.local/lib/python3.12/site-packages/airflow/example_dags/example_kubernetes_executor.py
[2025-01-16T15:34:57.945+0000] {logging_mixin.py:190} INFO - [2025-01-16T15:34:57.945+0000] {dag.py:3239} INFO - Sync 1 DAGs
[2025-01-16T15:34:57.964+0000] {logging_mixin.py:190} INFO - [2025-01-16T15:34:57.964+0000] {dag.py:4180} INFO - Setting next_dagrun for example_kubernetes_executor to None, run_after=None
[2025-01-16T15:34:57.995+0000] {processor.py:208} INFO - Processing /home/airflow/.local/lib/python3.12/site-packages/airflow/example_dags/example_kubernetes_executor.py took 0.099 seconds
[2025-01-16T15:35:28.345+0000] {processor.py:186} INFO - Started process (PID=1100) to work on /home/airflow/.local/lib/python3.12/site-packages/airflow/example_dags/example_kubernetes_executor.py
[2025-01-16T15:35:28.346+0000] {processor.py:914} INFO - Processing file /home/airflow/.local/lib/python3.12/site-packages/airflow/example_dags/example_kubernetes_executor.py for tasks to queue
[2025-01-16T15:35:28.348+0000] {logging_mixin.py:190} INFO - [2025-01-16T15:35:28.348+0000] {dagbag.py:588} INFO - Filling up the DagBag from /home/airflow/.local/lib/python3.12/site-packages/airflow/example_dags/example_kubernetes_executor.py
[2025-01-16T15:35:28.358+0000] {processor.py:925} INFO - DAG(s) 'example_kubernetes_executor' retrieved from /home/airflow/.local/lib/python3.12/site-packages/airflow/example_dags/example_kubernetes_executor.py
[2025-01-16T15:35:28.378+0000] {logging_mixin.py:190} INFO - [2025-01-16T15:35:28.378+0000] {dag.py:3239} INFO - Sync 1 DAGs
[2025-01-16T15:35:28.392+0000] {logging_mixin.py:190} INFO - [2025-01-16T15:35:28.391+0000] {dag.py:4180} INFO - Setting next_dagrun for example_kubernetes_executor to None, run_after=None
[2025-01-16T15:35:28.407+0000] {processor.py:208} INFO - Processing /home/airflow/.local/lib/python3.12/site-packages/airflow/example_dags/example_kubernetes_executor.py took 0.068 seconds
[2025-01-16T15:35:58.601+0000] {processor.py:186} INFO - Started process (PID=1396) to work on /home/airflow/.local/lib/python3.12/site-packages/airflow/example_dags/example_kubernetes_executor.py
[2025-01-16T15:35:58.602+0000] {processor.py:914} INFO - Processing file /home/airflow/.local/lib/python3.12/site-packages/airflow/example_dags/example_kubernetes_executor.py for tasks to queue
[2025-01-16T15:35:58.605+0000] {logging_mixin.py:190} INFO - [2025-01-16T15:35:58.605+0000] {dagbag.py:588} INFO - Filling up the DagBag from /home/airflow/.local/lib/python3.12/site-packages/airflow/example_dags/example_kubernetes_executor.py
[2025-01-16T15:35:58.619+0000] {processor.py:925} INFO - DAG(s) 'example_kubernetes_executor' retrieved from /home/airflow/.local/lib/python3.12/site-packages/airflow/example_dags/example_kubernetes_executor.py
[2025-01-16T15:35:58.642+0000] {logging_mixin.py:190} INFO - [2025-01-16T15:35:58.642+0000] {dag.py:3239} INFO - Sync 1 DAGs
[2025-01-16T15:35:58.654+0000] {logging_mixin.py:190} INFO - [2025-01-16T15:35:58.654+0000] {dag.py:4180} INFO - Setting next_dagrun for example_kubernetes_executor to None, run_after=None
[2025-01-16T15:35:58.681+0000] {processor.py:208} INFO - Processing /home/airflow/.local/lib/python3.12/site-packages/airflow/example_dags/example_kubernetes_executor.py took 0.085 seconds
[2025-01-16T15:36:29.110+0000] {processor.py:186} INFO - Started process (PID=1692) to work on /home/airflow/.local/lib/python3.12/site-packages/airflow/example_dags/example_kubernetes_executor.py
[2025-01-16T15:36:29.111+0000] {processor.py:914} INFO - Processing file /home/airflow/.local/lib/python3.12/site-packages/airflow/example_dags/example_kubernetes_executor.py for tasks to queue
[2025-01-16T15:36:29.113+0000] {logging_mixin.py:190} INFO - [2025-01-16T15:36:29.113+0000] {dagbag.py:588} INFO - Filling up the DagBag from /home/airflow/.local/lib/python3.12/site-packages/airflow/example_dags/example_kubernetes_executor.py
[2025-01-16T15:36:29.123+0000] {processor.py:925} INFO - DAG(s) 'example_kubernetes_executor' retrieved from /home/airflow/.local/lib/python3.12/site-packages/airflow/example_dags/example_kubernetes_executor.py
[2025-01-16T15:36:29.140+0000] {logging_mixin.py:190} INFO - [2025-01-16T15:36:29.140+0000] {dag.py:3239} INFO - Sync 1 DAGs
[2025-01-16T15:36:29.150+0000] {logging_mixin.py:190} INFO - [2025-01-16T15:36:29.150+0000] {dag.py:4180} INFO - Setting next_dagrun for example_kubernetes_executor to None, run_after=None
[2025-01-16T15:36:29.166+0000] {processor.py:208} INFO - Processing /home/airflow/.local/lib/python3.12/site-packages/airflow/example_dags/example_kubernetes_executor.py took 0.059 seconds
[2025-01-16T15:36:59.578+0000] {processor.py:186} INFO - Started process (PID=1988) to work on /home/airflow/.local/lib/python3.12/site-packages/airflow/example_dags/example_kubernetes_executor.py
[2025-01-16T15:36:59.578+0000] {processor.py:914} INFO - Processing file /home/airflow/.local/lib/python3.12/site-packages/airflow/example_dags/example_kubernetes_executor.py for tasks to queue
[2025-01-16T15:36:59.580+0000] {logging_mixin.py:190} INFO - [2025-01-16T15:36:59.580+0000] {dagbag.py:588} INFO - Filling up the DagBag from /home/airflow/.local/lib/python3.12/site-packages/airflow/example_dags/example_kubernetes_executor.py
[2025-01-16T15:36:59.590+0000] {processor.py:925} INFO - DAG(s) 'example_kubernetes_executor' retrieved from /home/airflow/.local/lib/python3.12/site-packages/airflow/example_dags/example_kubernetes_executor.py
[2025-01-16T15:36:59.608+0000] {logging_mixin.py:190} INFO - [2025-01-16T15:36:59.608+0000] {dag.py:3239} INFO - Sync 1 DAGs
[2025-01-16T15:36:59.619+0000] {logging_mixin.py:190} INFO - [2025-01-16T15:36:59.619+0000] {dag.py:4180} INFO - Setting next_dagrun for example_kubernetes_executor to None, run_after=None
[2025-01-16T15:36:59.636+0000] {processor.py:208} INFO - Processing /home/airflow/.local/lib/python3.12/site-packages/airflow/example_dags/example_kubernetes_executor.py took 0.062 seconds
[2025-01-16T15:37:29.771+0000] {processor.py:186} INFO - Started process (PID=2284) to work on /home/airflow/.local/lib/python3.12/site-packages/airflow/example_dags/example_kubernetes_executor.py
[2025-01-16T15:37:29.772+0000] {processor.py:914} INFO - Processing file /home/airflow/.local/lib/python3.12/site-packages/airflow/example_dags/example_kubernetes_executor.py for tasks to queue
[2025-01-16T15:37:29.774+0000] {logging_mixin.py:190} INFO - [2025-01-16T15:37:29.773+0000] {dagbag.py:588} INFO - Filling up the DagBag from /home/airflow/.local/lib/python3.12/site-packages/airflow/example_dags/example_kubernetes_executor.py
[2025-01-16T15:37:29.784+0000] {processor.py:925} INFO - DAG(s) 'example_kubernetes_executor' retrieved from /home/airflow/.local/lib/python3.12/site-packages/airflow/example_dags/example_kubernetes_executor.py
[2025-01-16T15:37:29.801+0000] {logging_mixin.py:190} INFO - [2025-01-16T15:37:29.801+0000] {dag.py:3239} INFO - Sync 1 DAGs
[2025-01-16T15:37:29.812+0000] {logging_mixin.py:190} INFO - [2025-01-16T15:37:29.811+0000] {dag.py:4180} INFO - Setting next_dagrun for example_kubernetes_executor to None, run_after=None
[2025-01-16T15:37:29.827+0000] {processor.py:208} INFO - Processing /home/airflow/.local/lib/python3.12/site-packages/airflow/example_dags/example_kubernetes_executor.py took 0.060 seconds
[2025-01-16T15:38:00.397+0000] {processor.py:186} INFO - Started process (PID=2586) to work on /home/airflow/.local/lib/python3.12/site-packages/airflow/example_dags/example_kubernetes_executor.py
[2025-01-16T15:38:00.398+0000] {processor.py:914} INFO - Processing file /home/airflow/.local/lib/python3.12/site-packages/airflow/example_dags/example_kubernetes_executor.py for tasks to queue
[2025-01-16T15:38:00.400+0000] {logging_mixin.py:190} INFO - [2025-01-16T15:38:00.399+0000] {dagbag.py:588} INFO - Filling up the DagBag from /home/airflow/.local/lib/python3.12/site-packages/airflow/example_dags/example_kubernetes_executor.py
[2025-01-16T15:38:00.409+0000] {processor.py:925} INFO - DAG(s) 'example_kubernetes_executor' retrieved from /home/airflow/.local/lib/python3.12/site-packages/airflow/example_dags/example_kubernetes_executor.py
[2025-01-16T15:38:00.428+0000] {logging_mixin.py:190} INFO - [2025-01-16T15:38:00.428+0000] {dag.py:3239} INFO - Sync 1 DAGs
[2025-01-16T15:38:00.440+0000] {logging_mixin.py:190} INFO - [2025-01-16T15:38:00.440+0000] {dag.py:4180} INFO - Setting next_dagrun for example_kubernetes_executor to None, run_after=None
[2025-01-16T15:38:00.455+0000] {processor.py:208} INFO - Processing /home/airflow/.local/lib/python3.12/site-packages/airflow/example_dags/example_kubernetes_executor.py took 0.063 seconds
[2025-01-16T15:38:30.674+0000] {processor.py:186} INFO - Started process (PID=2882) to work on /home/airflow/.local/lib/python3.12/site-packages/airflow/example_dags/example_kubernetes_executor.py
[2025-01-16T15:38:30.675+0000] {processor.py:914} INFO - Processing file /home/airflow/.local/lib/python3.12/site-packages/airflow/example_dags/example_kubernetes_executor.py for tasks to queue
[2025-01-16T15:38:30.676+0000] {logging_mixin.py:190} INFO - [2025-01-16T15:38:30.676+0000] {dagbag.py:588} INFO - Filling up the DagBag from /home/airflow/.local/lib/python3.12/site-packages/airflow/example_dags/example_kubernetes_executor.py
[2025-01-16T15:38:30.686+0000] {processor.py:925} INFO - DAG(s) 'example_kubernetes_executor' retrieved from /home/airflow/.local/lib/python3.12/site-packages/airflow/example_dags/example_kubernetes_executor.py
[2025-01-16T15:38:30.705+0000] {logging_mixin.py:190} INFO - [2025-01-16T15:38:30.705+0000] {dag.py:3239} INFO - Sync 1 DAGs
[2025-01-16T15:38:30.716+0000] {logging_mixin.py:190} INFO - [2025-01-16T15:38:30.716+0000] {dag.py:4180} INFO - Setting next_dagrun for example_kubernetes_executor to None, run_after=None
[2025-01-16T15:38:30.731+0000] {processor.py:208} INFO - Processing /home/airflow/.local/lib/python3.12/site-packages/airflow/example_dags/example_kubernetes_executor.py took 0.061 seconds
[2025-01-16T15:39:01.094+0000] {processor.py:186} INFO - Started process (PID=3178) to work on /home/airflow/.local/lib/python3.12/site-packages/airflow/example_dags/example_kubernetes_executor.py
[2025-01-16T15:39:01.095+0000] {processor.py:914} INFO - Processing file /home/airflow/.local/lib/python3.12/site-packages/airflow/example_dags/example_kubernetes_executor.py for tasks to queue
[2025-01-16T15:39:01.096+0000] {logging_mixin.py:190} INFO - [2025-01-16T15:39:01.096+0000] {dagbag.py:588} INFO - Filling up the DagBag from /home/airflow/.local/lib/python3.12/site-packages/airflow/example_dags/example_kubernetes_executor.py
[2025-01-16T15:39:01.106+0000] {processor.py:925} INFO - DAG(s) 'example_kubernetes_executor' retrieved from /home/airflow/.local/lib/python3.12/site-packages/airflow/example_dags/example_kubernetes_executor.py
[2025-01-16T15:39:01.124+0000] {logging_mixin.py:190} INFO - [2025-01-16T15:39:01.124+0000] {dag.py:3239} INFO - Sync 1 DAGs
[2025-01-16T15:39:01.135+0000] {logging_mixin.py:190} INFO - [2025-01-16T15:39:01.134+0000] {dag.py:4180} INFO - Setting next_dagrun for example_kubernetes_executor to None, run_after=None
[2025-01-16T15:39:01.151+0000] {processor.py:208} INFO - Processing /home/airflow/.local/lib/python3.12/site-packages/airflow/example_dags/example_kubernetes_executor.py took 0.062 seconds
[2025-01-16T15:39:31.653+0000] {processor.py:186} INFO - Started process (PID=3474) to work on /home/airflow/.local/lib/python3.12/site-packages/airflow/example_dags/example_kubernetes_executor.py
[2025-01-16T15:39:31.654+0000] {processor.py:914} INFO - Processing file /home/airflow/.local/lib/python3.12/site-packages/airflow/example_dags/example_kubernetes_executor.py for tasks to queue
[2025-01-16T15:39:31.655+0000] {logging_mixin.py:190} INFO - [2025-01-16T15:39:31.655+0000] {dagbag.py:588} INFO - Filling up the DagBag from /home/airflow/.local/lib/python3.12/site-packages/airflow/example_dags/example_kubernetes_executor.py
[2025-01-16T15:39:31.665+0000] {processor.py:925} INFO - DAG(s) 'example_kubernetes_executor' retrieved from /home/airflow/.local/lib/python3.12/site-packages/airflow/example_dags/example_kubernetes_executor.py
[2025-01-16T15:39:31.682+0000] {logging_mixin.py:190} INFO - [2025-01-16T15:39:31.682+0000] {dag.py:3239} INFO - Sync 1 DAGs
[2025-01-16T15:39:31.692+0000] {logging_mixin.py:190} INFO - [2025-01-16T15:39:31.692+0000] {dag.py:4180} INFO - Setting next_dagrun for example_kubernetes_executor to None, run_after=None
[2025-01-16T15:39:31.706+0000] {processor.py:208} INFO - Processing /home/airflow/.local/lib/python3.12/site-packages/airflow/example_dags/example_kubernetes_executor.py took 0.057 seconds
[2025-01-16T15:40:01.979+0000] {processor.py:186} INFO - Started process (PID=3770) to work on /home/airflow/.local/lib/python3.12/site-packages/airflow/example_dags/example_kubernetes_executor.py
[2025-01-16T15:40:01.980+0000] {processor.py:914} INFO - Processing file /home/airflow/.local/lib/python3.12/site-packages/airflow/example_dags/example_kubernetes_executor.py for tasks to queue
[2025-01-16T15:40:01.982+0000] {logging_mixin.py:190} INFO - [2025-01-16T15:40:01.982+0000] {dagbag.py:588} INFO - Filling up the DagBag from /home/airflow/.local/lib/python3.12/site-packages/airflow/example_dags/example_kubernetes_executor.py
[2025-01-16T15:40:01.995+0000] {processor.py:925} INFO - DAG(s) 'example_kubernetes_executor' retrieved from /home/airflow/.local/lib/python3.12/site-packages/airflow/example_dags/example_kubernetes_executor.py
[2025-01-16T15:40:02.014+0000] {logging_mixin.py:190} INFO - [2025-01-16T15:40:02.014+0000] {dag.py:3239} INFO - Sync 1 DAGs
[2025-01-16T15:40:02.026+0000] {logging_mixin.py:190} INFO - [2025-01-16T15:40:02.026+0000] {dag.py:4180} INFO - Setting next_dagrun for example_kubernetes_executor to None, run_after=None
[2025-01-16T15:40:02.044+0000] {processor.py:208} INFO - Processing /home/airflow/.local/lib/python3.12/site-packages/airflow/example_dags/example_kubernetes_executor.py took 0.071 seconds
[2025-01-16T15:40:32.571+0000] {processor.py:186} INFO - Started process (PID=4066) to work on /home/airflow/.local/lib/python3.12/site-packages/airflow/example_dags/example_kubernetes_executor.py
[2025-01-16T15:40:32.572+0000] {processor.py:914} INFO - Processing file /home/airflow/.local/lib/python3.12/site-packages/airflow/example_dags/example_kubernetes_executor.py for tasks to queue
[2025-01-16T15:40:32.573+0000] {logging_mixin.py:190} INFO - [2025-01-16T15:40:32.573+0000] {dagbag.py:588} INFO - Filling up the DagBag from /home/airflow/.local/lib/python3.12/site-packages/airflow/example_dags/example_kubernetes_executor.py
[2025-01-16T15:40:32.583+0000] {processor.py:925} INFO - DAG(s) 'example_kubernetes_executor' retrieved from /home/airflow/.local/lib/python3.12/site-packages/airflow/example_dags/example_kubernetes_executor.py
[2025-01-16T15:40:32.600+0000] {logging_mixin.py:190} INFO - [2025-01-16T15:40:32.600+0000] {dag.py:3239} INFO - Sync 1 DAGs
[2025-01-16T15:40:32.611+0000] {logging_mixin.py:190} INFO - [2025-01-16T15:40:32.610+0000] {dag.py:4180} INFO - Setting next_dagrun for example_kubernetes_executor to None, run_after=None
[2025-01-16T15:40:32.626+0000] {processor.py:208} INFO - Processing /home/airflow/.local/lib/python3.12/site-packages/airflow/example_dags/example_kubernetes_executor.py took 0.059 seconds
[2025-01-16T15:41:02.761+0000] {processor.py:186} INFO - Started process (PID=4362) to work on /home/airflow/.local/lib/python3.12/site-packages/airflow/example_dags/example_kubernetes_executor.py
[2025-01-16T15:41:02.762+0000] {processor.py:914} INFO - Processing file /home/airflow/.local/lib/python3.12/site-packages/airflow/example_dags/example_kubernetes_executor.py for tasks to queue
[2025-01-16T15:41:02.764+0000] {logging_mixin.py:190} INFO - [2025-01-16T15:41:02.764+0000] {dagbag.py:588} INFO - Filling up the DagBag from /home/airflow/.local/lib/python3.12/site-packages/airflow/example_dags/example_kubernetes_executor.py
[2025-01-16T15:41:02.777+0000] {processor.py:925} INFO - DAG(s) 'example_kubernetes_executor' retrieved from /home/airflow/.local/lib/python3.12/site-packages/airflow/example_dags/example_kubernetes_executor.py
[2025-01-16T15:41:02.798+0000] {logging_mixin.py:190} INFO - [2025-01-16T15:41:02.797+0000] {dag.py:3239} INFO - Sync 1 DAGs
[2025-01-16T15:41:02.810+0000] {logging_mixin.py:190} INFO - [2025-01-16T15:41:02.810+0000] {dag.py:4180} INFO - Setting next_dagrun for example_kubernetes_executor to None, run_after=None
[2025-01-16T15:41:02.825+0000] {processor.py:208} INFO - Processing /home/airflow/.local/lib/python3.12/site-packages/airflow/example_dags/example_kubernetes_executor.py took 0.068 seconds
[2025-01-16T15:41:33.090+0000] {processor.py:186} INFO - Started process (PID=4660) to work on /home/airflow/.local/lib/python3.12/site-packages/airflow/example_dags/example_kubernetes_executor.py
[2025-01-16T15:41:33.090+0000] {processor.py:914} INFO - Processing file /home/airflow/.local/lib/python3.12/site-packages/airflow/example_dags/example_kubernetes_executor.py for tasks to queue
[2025-01-16T15:41:33.092+0000] {logging_mixin.py:190} INFO - [2025-01-16T15:41:33.092+0000] {dagbag.py:588} INFO - Filling up the DagBag from /home/airflow/.local/lib/python3.12/site-packages/airflow/example_dags/example_kubernetes_executor.py
[2025-01-16T15:41:33.102+0000] {processor.py:925} INFO - DAG(s) 'example_kubernetes_executor' retrieved from /home/airflow/.local/lib/python3.12/site-packages/airflow/example_dags/example_kubernetes_executor.py
[2025-01-16T15:41:33.121+0000] {logging_mixin.py:190} INFO - [2025-01-16T15:41:33.121+0000] {dag.py:3239} INFO - Sync 1 DAGs
[2025-01-16T15:41:33.132+0000] {logging_mixin.py:190} INFO - [2025-01-16T15:41:33.132+0000] {dag.py:4180} INFO - Setting next_dagrun for example_kubernetes_executor to None, run_after=None
[2025-01-16T15:41:33.145+0000] {processor.py:208} INFO - Processing /home/airflow/.local/lib/python3.12/site-packages/airflow/example_dags/example_kubernetes_executor.py took 0.060 seconds
[2025-01-16T15:42:03.453+0000] {processor.py:186} INFO - Started process (PID=4954) to work on /home/airflow/.local/lib/python3.12/site-packages/airflow/example_dags/example_kubernetes_executor.py
[2025-01-16T15:42:03.454+0000] {processor.py:914} INFO - Processing file /home/airflow/.local/lib/python3.12/site-packages/airflow/example_dags/example_kubernetes_executor.py for tasks to queue
[2025-01-16T15:42:03.456+0000] {logging_mixin.py:190} INFO - [2025-01-16T15:42:03.455+0000] {dagbag.py:588} INFO - Filling up the DagBag from /home/airflow/.local/lib/python3.12/site-packages/airflow/example_dags/example_kubernetes_executor.py
[2025-01-16T15:42:03.465+0000] {processor.py:925} INFO - DAG(s) 'example_kubernetes_executor' retrieved from /home/airflow/.local/lib/python3.12/site-packages/airflow/example_dags/example_kubernetes_executor.py
[2025-01-16T15:42:03.483+0000] {logging_mixin.py:190} INFO - [2025-01-16T15:42:03.483+0000] {dag.py:3239} INFO - Sync 1 DAGs
[2025-01-16T15:42:03.493+0000] {logging_mixin.py:190} INFO - [2025-01-16T15:42:03.493+0000] {dag.py:4180} INFO - Setting next_dagrun for example_kubernetes_executor to None, run_after=None
[2025-01-16T15:42:03.507+0000] {processor.py:208} INFO - Processing /home/airflow/.local/lib/python3.12/site-packages/airflow/example_dags/example_kubernetes_executor.py took 0.058 seconds
[2025-01-16T15:42:33.708+0000] {processor.py:186} INFO - Started process (PID=5250) to work on /home/airflow/.local/lib/python3.12/site-packages/airflow/example_dags/example_kubernetes_executor.py
[2025-01-16T15:42:33.709+0000] {processor.py:914} INFO - Processing file /home/airflow/.local/lib/python3.12/site-packages/airflow/example_dags/example_kubernetes_executor.py for tasks to queue
[2025-01-16T15:42:33.711+0000] {logging_mixin.py:190} INFO - [2025-01-16T15:42:33.710+0000] {dagbag.py:588} INFO - Filling up the DagBag from /home/airflow/.local/lib/python3.12/site-packages/airflow/example_dags/example_kubernetes_executor.py
[2025-01-16T15:42:33.721+0000] {processor.py:925} INFO - DAG(s) 'example_kubernetes_executor' retrieved from /home/airflow/.local/lib/python3.12/site-packages/airflow/example_dags/example_kubernetes_executor.py
[2025-01-16T15:42:33.741+0000] {logging_mixin.py:190} INFO - [2025-01-16T15:42:33.741+0000] {dag.py:3239} INFO - Sync 1 DAGs
[2025-01-16T15:42:33.755+0000] {logging_mixin.py:190} INFO - [2025-01-16T15:42:33.754+0000] {dag.py:4180} INFO - Setting next_dagrun for example_kubernetes_executor to None, run_after=None
[2025-01-16T15:42:33.771+0000] {processor.py:208} INFO - Processing /home/airflow/.local/lib/python3.12/site-packages/airflow/example_dags/example_kubernetes_executor.py took 0.066 seconds
[2025-01-16T15:43:03.861+0000] {processor.py:186} INFO - Started process (PID=5541) to work on /home/airflow/.local/lib/python3.12/site-packages/airflow/example_dags/example_kubernetes_executor.py
[2025-01-16T15:43:03.861+0000] {processor.py:914} INFO - Processing file /home/airflow/.local/lib/python3.12/site-packages/airflow/example_dags/example_kubernetes_executor.py for tasks to queue
[2025-01-16T15:43:03.863+0000] {logging_mixin.py:190} INFO - [2025-01-16T15:43:03.863+0000] {dagbag.py:588} INFO - Filling up the DagBag from /home/airflow/.local/lib/python3.12/site-packages/airflow/example_dags/example_kubernetes_executor.py
[2025-01-16T15:43:03.872+0000] {processor.py:925} INFO - DAG(s) 'example_kubernetes_executor' retrieved from /home/airflow/.local/lib/python3.12/site-packages/airflow/example_dags/example_kubernetes_executor.py
[2025-01-16T15:43:03.890+0000] {logging_mixin.py:190} INFO - [2025-01-16T15:43:03.890+0000] {dag.py:3239} INFO - Sync 1 DAGs
[2025-01-16T15:43:03.903+0000] {logging_mixin.py:190} INFO - [2025-01-16T15:43:03.902+0000] {dag.py:4180} INFO - Setting next_dagrun for example_kubernetes_executor to None, run_after=None
[2025-01-16T15:43:03.915+0000] {processor.py:208} INFO - Processing /home/airflow/.local/lib/python3.12/site-packages/airflow/example_dags/example_kubernetes_executor.py took 0.059 seconds
[2025-01-16T15:43:34.448+0000] {processor.py:186} INFO - Started process (PID=5842) to work on /home/airflow/.local/lib/python3.12/site-packages/airflow/example_dags/example_kubernetes_executor.py
[2025-01-16T15:43:34.448+0000] {processor.py:914} INFO - Processing file /home/airflow/.local/lib/python3.12/site-packages/airflow/example_dags/example_kubernetes_executor.py for tasks to queue
[2025-01-16T15:43:34.450+0000] {logging_mixin.py:190} INFO - [2025-01-16T15:43:34.450+0000] {dagbag.py:588} INFO - Filling up the DagBag from /home/airflow/.local/lib/python3.12/site-packages/airflow/example_dags/example_kubernetes_executor.py
[2025-01-16T15:43:34.461+0000] {processor.py:925} INFO - DAG(s) 'example_kubernetes_executor' retrieved from /home/airflow/.local/lib/python3.12/site-packages/airflow/example_dags/example_kubernetes_executor.py
[2025-01-16T15:43:34.479+0000] {logging_mixin.py:190} INFO - [2025-01-16T15:43:34.478+0000] {dag.py:3239} INFO - Sync 1 DAGs
[2025-01-16T15:43:34.490+0000] {logging_mixin.py:190} INFO - [2025-01-16T15:43:34.490+0000] {dag.py:4180} INFO - Setting next_dagrun for example_kubernetes_executor to None, run_after=None
[2025-01-16T15:43:34.504+0000] {processor.py:208} INFO - Processing /home/airflow/.local/lib/python3.12/site-packages/airflow/example_dags/example_kubernetes_executor.py took 0.060 seconds
[2025-01-16T15:44:04.837+0000] {processor.py:186} INFO - Started process (PID=6138) to work on /home/airflow/.local/lib/python3.12/site-packages/airflow/example_dags/example_kubernetes_executor.py
[2025-01-16T15:44:04.838+0000] {processor.py:914} INFO - Processing file /home/airflow/.local/lib/python3.12/site-packages/airflow/example_dags/example_kubernetes_executor.py for tasks to queue
[2025-01-16T15:44:04.840+0000] {logging_mixin.py:190} INFO - [2025-01-16T15:44:04.840+0000] {dagbag.py:588} INFO - Filling up the DagBag from /home/airflow/.local/lib/python3.12/site-packages/airflow/example_dags/example_kubernetes_executor.py
[2025-01-16T15:44:04.849+0000] {processor.py:925} INFO - DAG(s) 'example_kubernetes_executor' retrieved from /home/airflow/.local/lib/python3.12/site-packages/airflow/example_dags/example_kubernetes_executor.py
[2025-01-16T15:44:04.867+0000] {logging_mixin.py:190} INFO - [2025-01-16T15:44:04.867+0000] {dag.py:3239} INFO - Sync 1 DAGs
[2025-01-16T15:44:04.878+0000] {logging_mixin.py:190} INFO - [2025-01-16T15:44:04.878+0000] {dag.py:4180} INFO - Setting next_dagrun for example_kubernetes_executor to None, run_after=None
[2025-01-16T15:44:04.891+0000] {processor.py:208} INFO - Processing /home/airflow/.local/lib/python3.12/site-packages/airflow/example_dags/example_kubernetes_executor.py took 0.059 seconds
[2025-01-16T15:44:34.952+0000] {processor.py:186} INFO - Started process (PID=6434) to work on /home/airflow/.local/lib/python3.12/site-packages/airflow/example_dags/example_kubernetes_executor.py
[2025-01-16T15:44:34.953+0000] {processor.py:914} INFO - Processing file /home/airflow/.local/lib/python3.12/site-packages/airflow/example_dags/example_kubernetes_executor.py for tasks to queue
[2025-01-16T15:44:34.955+0000] {logging_mixin.py:190} INFO - [2025-01-16T15:44:34.955+0000] {dagbag.py:588} INFO - Filling up the DagBag from /home/airflow/.local/lib/python3.12/site-packages/airflow/example_dags/example_kubernetes_executor.py
[2025-01-16T15:44:34.965+0000] {processor.py:925} INFO - DAG(s) 'example_kubernetes_executor' retrieved from /home/airflow/.local/lib/python3.12/site-packages/airflow/example_dags/example_kubernetes_executor.py
[2025-01-16T15:44:34.982+0000] {logging_mixin.py:190} INFO - [2025-01-16T15:44:34.982+0000] {dag.py:3239} INFO - Sync 1 DAGs
[2025-01-16T15:44:34.994+0000] {logging_mixin.py:190} INFO - [2025-01-16T15:44:34.994+0000] {dag.py:4180} INFO - Setting next_dagrun for example_kubernetes_executor to None, run_after=None
[2025-01-16T15:44:35.008+0000] {processor.py:208} INFO - Processing /home/airflow/.local/lib/python3.12/site-packages/airflow/example_dags/example_kubernetes_executor.py took 0.060 seconds
[2025-01-16T15:45:05.069+0000] {processor.py:186} INFO - Started process (PID=6727) to work on /home/airflow/.local/lib/python3.12/site-packages/airflow/example_dags/example_kubernetes_executor.py
[2025-01-16T15:45:05.070+0000] {processor.py:914} INFO - Processing file /home/airflow/.local/lib/python3.12/site-packages/airflow/example_dags/example_kubernetes_executor.py for tasks to queue
[2025-01-16T15:45:05.072+0000] {logging_mixin.py:190} INFO - [2025-01-16T15:45:05.071+0000] {dagbag.py:588} INFO - Filling up the DagBag from /home/airflow/.local/lib/python3.12/site-packages/airflow/example_dags/example_kubernetes_executor.py
[2025-01-16T15:45:05.082+0000] {processor.py:925} INFO - DAG(s) 'example_kubernetes_executor' retrieved from /home/airflow/.local/lib/python3.12/site-packages/airflow/example_dags/example_kubernetes_executor.py
[2025-01-16T15:45:05.100+0000] {logging_mixin.py:190} INFO - [2025-01-16T15:45:05.099+0000] {dag.py:3239} INFO - Sync 1 DAGs
[2025-01-16T15:45:05.110+0000] {logging_mixin.py:190} INFO - [2025-01-16T15:45:05.110+0000] {dag.py:4180} INFO - Setting next_dagrun for example_kubernetes_executor to None, run_after=None
[2025-01-16T15:45:05.124+0000] {processor.py:208} INFO - Processing /home/airflow/.local/lib/python3.12/site-packages/airflow/example_dags/example_kubernetes_executor.py took 0.059 seconds
[2025-01-16T15:45:35.394+0000] {processor.py:186} INFO - Started process (PID=7021) to work on /home/airflow/.local/lib/python3.12/site-packages/airflow/example_dags/example_kubernetes_executor.py
[2025-01-16T15:45:35.395+0000] {processor.py:914} INFO - Processing file /home/airflow/.local/lib/python3.12/site-packages/airflow/example_dags/example_kubernetes_executor.py for tasks to queue
[2025-01-16T15:45:35.397+0000] {logging_mixin.py:190} INFO - [2025-01-16T15:45:35.396+0000] {dagbag.py:588} INFO - Filling up the DagBag from /home/airflow/.local/lib/python3.12/site-packages/airflow/example_dags/example_kubernetes_executor.py
[2025-01-16T15:45:35.407+0000] {processor.py:925} INFO - DAG(s) 'example_kubernetes_executor' retrieved from /home/airflow/.local/lib/python3.12/site-packages/airflow/example_dags/example_kubernetes_executor.py
[2025-01-16T15:45:35.424+0000] {logging_mixin.py:190} INFO - [2025-01-16T15:45:35.424+0000] {dag.py:3239} INFO - Sync 1 DAGs
[2025-01-16T15:45:35.436+0000] {logging_mixin.py:190} INFO - [2025-01-16T15:45:35.435+0000] {dag.py:4180} INFO - Setting next_dagrun for example_kubernetes_executor to None, run_after=None
[2025-01-16T15:45:35.449+0000] {processor.py:208} INFO - Processing /home/airflow/.local/lib/python3.12/site-packages/airflow/example_dags/example_kubernetes_executor.py took 0.060 seconds
[2025-01-16T15:46:05.872+0000] {processor.py:186} INFO - Started process (PID=7322) to work on /home/airflow/.local/lib/python3.12/site-packages/airflow/example_dags/example_kubernetes_executor.py
[2025-01-16T15:46:05.873+0000] {processor.py:914} INFO - Processing file /home/airflow/.local/lib/python3.12/site-packages/airflow/example_dags/example_kubernetes_executor.py for tasks to queue
[2025-01-16T15:46:05.875+0000] {logging_mixin.py:190} INFO - [2025-01-16T15:46:05.874+0000] {dagbag.py:588} INFO - Filling up the DagBag from /home/airflow/.local/lib/python3.12/site-packages/airflow/example_dags/example_kubernetes_executor.py
[2025-01-16T15:46:05.885+0000] {processor.py:925} INFO - DAG(s) 'example_kubernetes_executor' retrieved from /home/airflow/.local/lib/python3.12/site-packages/airflow/example_dags/example_kubernetes_executor.py
[2025-01-16T15:46:05.904+0000] {logging_mixin.py:190} INFO - [2025-01-16T15:46:05.904+0000] {dag.py:3239} INFO - Sync 1 DAGs
[2025-01-16T15:46:05.915+0000] {logging_mixin.py:190} INFO - [2025-01-16T15:46:05.915+0000] {dag.py:4180} INFO - Setting next_dagrun for example_kubernetes_executor to None, run_after=None
[2025-01-16T15:46:05.930+0000] {processor.py:208} INFO - Processing /home/airflow/.local/lib/python3.12/site-packages/airflow/example_dags/example_kubernetes_executor.py took 0.062 seconds
[2025-01-16T15:46:36.441+0000] {processor.py:186} INFO - Started process (PID=7618) to work on /home/airflow/.local/lib/python3.12/site-packages/airflow/example_dags/example_kubernetes_executor.py
[2025-01-16T15:46:36.442+0000] {processor.py:914} INFO - Processing file /home/airflow/.local/lib/python3.12/site-packages/airflow/example_dags/example_kubernetes_executor.py for tasks to queue
[2025-01-16T15:46:36.445+0000] {logging_mixin.py:190} INFO - [2025-01-16T15:46:36.444+0000] {dagbag.py:588} INFO - Filling up the DagBag from /home/airflow/.local/lib/python3.12/site-packages/airflow/example_dags/example_kubernetes_executor.py
[2025-01-16T15:46:36.457+0000] {processor.py:925} INFO - DAG(s) 'example_kubernetes_executor' retrieved from /home/airflow/.local/lib/python3.12/site-packages/airflow/example_dags/example_kubernetes_executor.py
[2025-01-16T15:46:36.477+0000] {logging_mixin.py:190} INFO - [2025-01-16T15:46:36.476+0000] {dag.py:3239} INFO - Sync 1 DAGs
[2025-01-16T15:46:36.489+0000] {logging_mixin.py:190} INFO - [2025-01-16T15:46:36.489+0000] {dag.py:4180} INFO - Setting next_dagrun for example_kubernetes_executor to None, run_after=None
[2025-01-16T15:46:36.503+0000] {processor.py:208} INFO - Processing /home/airflow/.local/lib/python3.12/site-packages/airflow/example_dags/example_kubernetes_executor.py took 0.067 seconds
[2025-01-16T15:47:06.626+0000] {processor.py:186} INFO - Started process (PID=7914) to work on /home/airflow/.local/lib/python3.12/site-packages/airflow/example_dags/example_kubernetes_executor.py
[2025-01-16T15:47:06.626+0000] {processor.py:914} INFO - Processing file /home/airflow/.local/lib/python3.12/site-packages/airflow/example_dags/example_kubernetes_executor.py for tasks to queue
[2025-01-16T15:47:06.628+0000] {logging_mixin.py:190} INFO - [2025-01-16T15:47:06.628+0000] {dagbag.py:588} INFO - Filling up the DagBag from /home/airflow/.local/lib/python3.12/site-packages/airflow/example_dags/example_kubernetes_executor.py
[2025-01-16T15:47:06.637+0000] {processor.py:925} INFO - DAG(s) 'example_kubernetes_executor' retrieved from /home/airflow/.local/lib/python3.12/site-packages/airflow/example_dags/example_kubernetes_executor.py
[2025-01-16T15:47:06.655+0000] {logging_mixin.py:190} INFO - [2025-01-16T15:47:06.655+0000] {dag.py:3239} INFO - Sync 1 DAGs
[2025-01-16T15:47:06.665+0000] {logging_mixin.py:190} INFO - [2025-01-16T15:47:06.665+0000] {dag.py:4180} INFO - Setting next_dagrun for example_kubernetes_executor to None, run_after=None
[2025-01-16T15:47:06.677+0000] {processor.py:208} INFO - Processing /home/airflow/.local/lib/python3.12/site-packages/airflow/example_dags/example_kubernetes_executor.py took 0.055 seconds
[2025-01-16T15:47:36.989+0000] {processor.py:186} INFO - Started process (PID=8212) to work on /home/airflow/.local/lib/python3.12/site-packages/airflow/example_dags/example_kubernetes_executor.py
[2025-01-16T15:47:36.990+0000] {processor.py:914} INFO - Processing file /home/airflow/.local/lib/python3.12/site-packages/airflow/example_dags/example_kubernetes_executor.py for tasks to queue
[2025-01-16T15:47:36.991+0000] {logging_mixin.py:190} INFO - [2025-01-16T15:47:36.991+0000] {dagbag.py:588} INFO - Filling up the DagBag from /home/airflow/.local/lib/python3.12/site-packages/airflow/example_dags/example_kubernetes_executor.py
[2025-01-16T15:47:37.001+0000] {processor.py:925} INFO - DAG(s) 'example_kubernetes_executor' retrieved from /home/airflow/.local/lib/python3.12/site-packages/airflow/example_dags/example_kubernetes_executor.py
[2025-01-16T15:47:37.019+0000] {logging_mixin.py:190} INFO - [2025-01-16T15:47:37.019+0000] {dag.py:3239} INFO - Sync 1 DAGs
[2025-01-16T15:47:37.030+0000] {logging_mixin.py:190} INFO - [2025-01-16T15:47:37.030+0000] {dag.py:4180} INFO - Setting next_dagrun for example_kubernetes_executor to None, run_after=None
[2025-01-16T15:47:37.043+0000] {processor.py:208} INFO - Processing /home/airflow/.local/lib/python3.12/site-packages/airflow/example_dags/example_kubernetes_executor.py took 0.058 seconds
[2025-01-16T15:48:07.400+0000] {processor.py:186} INFO - Started process (PID=8466) to work on /home/airflow/.local/lib/python3.12/site-packages/airflow/example_dags/example_kubernetes_executor.py
[2025-01-16T15:48:07.401+0000] {processor.py:914} INFO - Processing file /home/airflow/.local/lib/python3.12/site-packages/airflow/example_dags/example_kubernetes_executor.py for tasks to queue
[2025-01-16T15:48:07.403+0000] {logging_mixin.py:190} INFO - [2025-01-16T15:48:07.403+0000] {dagbag.py:588} INFO - Filling up the DagBag from /home/airflow/.local/lib/python3.12/site-packages/airflow/example_dags/example_kubernetes_executor.py
[2025-01-16T15:48:07.412+0000] {processor.py:925} INFO - DAG(s) 'example_kubernetes_executor' retrieved from /home/airflow/.local/lib/python3.12/site-packages/airflow/example_dags/example_kubernetes_executor.py
[2025-01-16T15:48:07.432+0000] {logging_mixin.py:190} INFO - [2025-01-16T15:48:07.432+0000] {dag.py:3239} INFO - Sync 1 DAGs
[2025-01-16T15:48:07.444+0000] {logging_mixin.py:190} INFO - [2025-01-16T15:48:07.444+0000] {dag.py:4180} INFO - Setting next_dagrun for example_kubernetes_executor to None, run_after=None
[2025-01-16T15:48:07.459+0000] {processor.py:208} INFO - Processing /home/airflow/.local/lib/python3.12/site-packages/airflow/example_dags/example_kubernetes_executor.py took 0.062 seconds
[2025-01-16T15:48:38.217+0000] {processor.py:186} INFO - Started process (PID=8757) to work on /home/airflow/.local/lib/python3.12/site-packages/airflow/example_dags/example_kubernetes_executor.py
[2025-01-16T15:48:38.217+0000] {processor.py:914} INFO - Processing file /home/airflow/.local/lib/python3.12/site-packages/airflow/example_dags/example_kubernetes_executor.py for tasks to queue
[2025-01-16T15:48:38.219+0000] {logging_mixin.py:190} INFO - [2025-01-16T15:48:38.219+0000] {dagbag.py:588} INFO - Filling up the DagBag from /home/airflow/.local/lib/python3.12/site-packages/airflow/example_dags/example_kubernetes_executor.py
[2025-01-16T15:48:38.229+0000] {processor.py:925} INFO - DAG(s) 'example_kubernetes_executor' retrieved from /home/airflow/.local/lib/python3.12/site-packages/airflow/example_dags/example_kubernetes_executor.py
[2025-01-16T15:48:38.248+0000] {logging_mixin.py:190} INFO - [2025-01-16T15:48:38.247+0000] {dag.py:3239} INFO - Sync 1 DAGs
[2025-01-16T15:48:38.259+0000] {logging_mixin.py:190} INFO - [2025-01-16T15:48:38.258+0000] {dag.py:4180} INFO - Setting next_dagrun for example_kubernetes_executor to None, run_after=None
[2025-01-16T15:48:38.272+0000] {processor.py:208} INFO - Processing /home/airflow/.local/lib/python3.12/site-packages/airflow/example_dags/example_kubernetes_executor.py took 0.060 seconds
[2025-01-16T15:49:09.892+0000] {processor.py:186} INFO - Started process (PID=9005) to work on /home/airflow/.local/lib/python3.12/site-packages/airflow/example_dags/example_kubernetes_executor.py
[2025-01-16T15:49:09.893+0000] {processor.py:914} INFO - Processing file /home/airflow/.local/lib/python3.12/site-packages/airflow/example_dags/example_kubernetes_executor.py for tasks to queue
[2025-01-16T15:49:09.895+0000] {logging_mixin.py:190} INFO - [2025-01-16T15:49:09.895+0000] {dagbag.py:588} INFO - Filling up the DagBag from /home/airflow/.local/lib/python3.12/site-packages/airflow/example_dags/example_kubernetes_executor.py
[2025-01-16T15:49:09.906+0000] {processor.py:925} INFO - DAG(s) 'example_kubernetes_executor' retrieved from /home/airflow/.local/lib/python3.12/site-packages/airflow/example_dags/example_kubernetes_executor.py
[2025-01-16T15:49:09.928+0000] {logging_mixin.py:190} INFO - [2025-01-16T15:49:09.928+0000] {dag.py:3239} INFO - Sync 1 DAGs
[2025-01-16T15:49:09.941+0000] {logging_mixin.py:190} INFO - [2025-01-16T15:49:09.941+0000] {dag.py:4180} INFO - Setting next_dagrun for example_kubernetes_executor to None, run_after=None
[2025-01-16T15:49:09.957+0000] {processor.py:208} INFO - Processing /home/airflow/.local/lib/python3.12/site-packages/airflow/example_dags/example_kubernetes_executor.py took 0.069 seconds
[2025-01-16T15:49:40.649+0000] {processor.py:186} INFO - Started process (PID=9291) to work on /home/airflow/.local/lib/python3.12/site-packages/airflow/example_dags/example_kubernetes_executor.py
[2025-01-16T15:49:40.650+0000] {processor.py:914} INFO - Processing file /home/airflow/.local/lib/python3.12/site-packages/airflow/example_dags/example_kubernetes_executor.py for tasks to queue
[2025-01-16T15:49:40.653+0000] {logging_mixin.py:190} INFO - [2025-01-16T15:49:40.652+0000] {dagbag.py:588} INFO - Filling up the DagBag from /home/airflow/.local/lib/python3.12/site-packages/airflow/example_dags/example_kubernetes_executor.py
[2025-01-16T15:49:40.665+0000] {processor.py:925} INFO - DAG(s) 'example_kubernetes_executor' retrieved from /home/airflow/.local/lib/python3.12/site-packages/airflow/example_dags/example_kubernetes_executor.py
[2025-01-16T15:49:40.685+0000] {logging_mixin.py:190} INFO - [2025-01-16T15:49:40.684+0000] {dag.py:3239} INFO - Sync 1 DAGs
[2025-01-16T15:49:40.697+0000] {logging_mixin.py:190} INFO - [2025-01-16T15:49:40.697+0000] {dag.py:4180} INFO - Setting next_dagrun for example_kubernetes_executor to None, run_after=None
[2025-01-16T15:49:40.712+0000] {processor.py:208} INFO - Processing /home/airflow/.local/lib/python3.12/site-packages/airflow/example_dags/example_kubernetes_executor.py took 0.069 seconds
[2025-01-16T15:50:11.288+0000] {processor.py:186} INFO - Started process (PID=9565) to work on /home/airflow/.local/lib/python3.12/site-packages/airflow/example_dags/example_kubernetes_executor.py
[2025-01-16T15:50:11.290+0000] {processor.py:914} INFO - Processing file /home/airflow/.local/lib/python3.12/site-packages/airflow/example_dags/example_kubernetes_executor.py for tasks to queue
[2025-01-16T15:50:11.292+0000] {logging_mixin.py:190} INFO - [2025-01-16T15:50:11.291+0000] {dagbag.py:588} INFO - Filling up the DagBag from /home/airflow/.local/lib/python3.12/site-packages/airflow/example_dags/example_kubernetes_executor.py
[2025-01-16T15:50:11.310+0000] {processor.py:925} INFO - DAG(s) 'example_kubernetes_executor' retrieved from /home/airflow/.local/lib/python3.12/site-packages/airflow/example_dags/example_kubernetes_executor.py
[2025-01-16T15:50:11.346+0000] {logging_mixin.py:190} INFO - [2025-01-16T15:50:11.346+0000] {dag.py:3239} INFO - Sync 1 DAGs
[2025-01-16T15:50:11.367+0000] {logging_mixin.py:190} INFO - [2025-01-16T15:50:11.367+0000] {dag.py:4180} INFO - Setting next_dagrun for example_kubernetes_executor to None, run_after=None
[2025-01-16T15:50:11.396+0000] {processor.py:208} INFO - Processing /home/airflow/.local/lib/python3.12/site-packages/airflow/example_dags/example_kubernetes_executor.py took 0.115 seconds
[2025-01-16T15:50:41.766+0000] {processor.py:186} INFO - Started process (PID=9846) to work on /home/airflow/.local/lib/python3.12/site-packages/airflow/example_dags/example_kubernetes_executor.py
[2025-01-16T15:50:41.767+0000] {processor.py:914} INFO - Processing file /home/airflow/.local/lib/python3.12/site-packages/airflow/example_dags/example_kubernetes_executor.py for tasks to queue
[2025-01-16T15:50:41.769+0000] {logging_mixin.py:190} INFO - [2025-01-16T15:50:41.769+0000] {dagbag.py:588} INFO - Filling up the DagBag from /home/airflow/.local/lib/python3.12/site-packages/airflow/example_dags/example_kubernetes_executor.py
[2025-01-16T15:50:41.784+0000] {processor.py:925} INFO - DAG(s) 'example_kubernetes_executor' retrieved from /home/airflow/.local/lib/python3.12/site-packages/airflow/example_dags/example_kubernetes_executor.py
[2025-01-16T15:50:41.810+0000] {logging_mixin.py:190} INFO - [2025-01-16T15:50:41.809+0000] {dag.py:3239} INFO - Sync 1 DAGs
[2025-01-16T15:50:41.825+0000] {logging_mixin.py:190} INFO - [2025-01-16T15:50:41.825+0000] {dag.py:4180} INFO - Setting next_dagrun for example_kubernetes_executor to None, run_after=None
[2025-01-16T15:50:41.842+0000] {processor.py:208} INFO - Processing /home/airflow/.local/lib/python3.12/site-packages/airflow/example_dags/example_kubernetes_executor.py took 0.083 seconds
[2025-01-16T15:51:12.235+0000] {processor.py:186} INFO - Started process (PID=10128) to work on /home/airflow/.local/lib/python3.12/site-packages/airflow/example_dags/example_kubernetes_executor.py
[2025-01-16T15:51:12.236+0000] {processor.py:914} INFO - Processing file /home/airflow/.local/lib/python3.12/site-packages/airflow/example_dags/example_kubernetes_executor.py for tasks to queue
[2025-01-16T15:51:12.237+0000] {logging_mixin.py:190} INFO - [2025-01-16T15:51:12.237+0000] {dagbag.py:588} INFO - Filling up the DagBag from /home/airflow/.local/lib/python3.12/site-packages/airflow/example_dags/example_kubernetes_executor.py
[2025-01-16T15:51:12.248+0000] {processor.py:925} INFO - DAG(s) 'example_kubernetes_executor' retrieved from /home/airflow/.local/lib/python3.12/site-packages/airflow/example_dags/example_kubernetes_executor.py
[2025-01-16T15:51:12.266+0000] {logging_mixin.py:190} INFO - [2025-01-16T15:51:12.266+0000] {dag.py:3239} INFO - Sync 1 DAGs
[2025-01-16T15:51:12.277+0000] {logging_mixin.py:190} INFO - [2025-01-16T15:51:12.277+0000] {dag.py:4180} INFO - Setting next_dagrun for example_kubernetes_executor to None, run_after=None
[2025-01-16T15:51:12.289+0000] {processor.py:208} INFO - Processing /home/airflow/.local/lib/python3.12/site-packages/airflow/example_dags/example_kubernetes_executor.py took 0.059 seconds
[2025-01-16T15:51:43.118+0000] {processor.py:186} INFO - Started process (PID=10372) to work on /home/airflow/.local/lib/python3.12/site-packages/airflow/example_dags/example_kubernetes_executor.py
[2025-01-16T15:51:43.119+0000] {processor.py:914} INFO - Processing file /home/airflow/.local/lib/python3.12/site-packages/airflow/example_dags/example_kubernetes_executor.py for tasks to queue
[2025-01-16T15:51:43.121+0000] {logging_mixin.py:190} INFO - [2025-01-16T15:51:43.121+0000] {dagbag.py:588} INFO - Filling up the DagBag from /home/airflow/.local/lib/python3.12/site-packages/airflow/example_dags/example_kubernetes_executor.py
[2025-01-16T15:51:43.133+0000] {processor.py:925} INFO - DAG(s) 'example_kubernetes_executor' retrieved from /home/airflow/.local/lib/python3.12/site-packages/airflow/example_dags/example_kubernetes_executor.py
[2025-01-16T15:51:43.153+0000] {logging_mixin.py:190} INFO - [2025-01-16T15:51:43.153+0000] {dag.py:3239} INFO - Sync 1 DAGs
[2025-01-16T15:51:43.166+0000] {logging_mixin.py:190} INFO - [2025-01-16T15:51:43.166+0000] {dag.py:4180} INFO - Setting next_dagrun for example_kubernetes_executor to None, run_after=None
[2025-01-16T15:51:43.183+0000] {processor.py:208} INFO - Processing /home/airflow/.local/lib/python3.12/site-packages/airflow/example_dags/example_kubernetes_executor.py took 0.069 seconds
[2025-01-16T15:52:13.520+0000] {processor.py:186} INFO - Started process (PID=10623) to work on /home/airflow/.local/lib/python3.12/site-packages/airflow/example_dags/example_kubernetes_executor.py
[2025-01-16T15:52:13.521+0000] {processor.py:914} INFO - Processing file /home/airflow/.local/lib/python3.12/site-packages/airflow/example_dags/example_kubernetes_executor.py for tasks to queue
[2025-01-16T15:52:13.522+0000] {logging_mixin.py:190} INFO - [2025-01-16T15:52:13.522+0000] {dagbag.py:588} INFO - Filling up the DagBag from /home/airflow/.local/lib/python3.12/site-packages/airflow/example_dags/example_kubernetes_executor.py
[2025-01-16T15:52:13.532+0000] {processor.py:925} INFO - DAG(s) 'example_kubernetes_executor' retrieved from /home/airflow/.local/lib/python3.12/site-packages/airflow/example_dags/example_kubernetes_executor.py
[2025-01-16T15:52:13.549+0000] {logging_mixin.py:190} INFO - [2025-01-16T15:52:13.549+0000] {dag.py:3239} INFO - Sync 1 DAGs
[2025-01-16T15:52:13.560+0000] {logging_mixin.py:190} INFO - [2025-01-16T15:52:13.560+0000] {dag.py:4180} INFO - Setting next_dagrun for example_kubernetes_executor to None, run_after=None
[2025-01-16T15:52:13.572+0000] {processor.py:208} INFO - Processing /home/airflow/.local/lib/python3.12/site-packages/airflow/example_dags/example_kubernetes_executor.py took 0.057 seconds
[2025-01-16T15:52:44.519+0000] {processor.py:186} INFO - Started process (PID=10919) to work on /home/airflow/.local/lib/python3.12/site-packages/airflow/example_dags/example_kubernetes_executor.py
[2025-01-16T15:52:44.520+0000] {processor.py:914} INFO - Processing file /home/airflow/.local/lib/python3.12/site-packages/airflow/example_dags/example_kubernetes_executor.py for tasks to queue
[2025-01-16T15:52:44.522+0000] {logging_mixin.py:190} INFO - [2025-01-16T15:52:44.521+0000] {dagbag.py:588} INFO - Filling up the DagBag from /home/airflow/.local/lib/python3.12/site-packages/airflow/example_dags/example_kubernetes_executor.py
[2025-01-16T15:52:44.531+0000] {processor.py:925} INFO - DAG(s) 'example_kubernetes_executor' retrieved from /home/airflow/.local/lib/python3.12/site-packages/airflow/example_dags/example_kubernetes_executor.py
[2025-01-16T15:52:44.549+0000] {logging_mixin.py:190} INFO - [2025-01-16T15:52:44.549+0000] {dag.py:3239} INFO - Sync 1 DAGs
[2025-01-16T15:52:44.559+0000] {logging_mixin.py:190} INFO - [2025-01-16T15:52:44.559+0000] {dag.py:4180} INFO - Setting next_dagrun for example_kubernetes_executor to None, run_after=None
[2025-01-16T15:52:44.571+0000] {processor.py:208} INFO - Processing /home/airflow/.local/lib/python3.12/site-packages/airflow/example_dags/example_kubernetes_executor.py took 0.056 seconds
[2025-01-16T15:53:15.508+0000] {processor.py:186} INFO - Started process (PID=11215) to work on /home/airflow/.local/lib/python3.12/site-packages/airflow/example_dags/example_kubernetes_executor.py
[2025-01-16T15:53:15.509+0000] {processor.py:914} INFO - Processing file /home/airflow/.local/lib/python3.12/site-packages/airflow/example_dags/example_kubernetes_executor.py for tasks to queue
[2025-01-16T15:53:15.511+0000] {logging_mixin.py:190} INFO - [2025-01-16T15:53:15.510+0000] {dagbag.py:588} INFO - Filling up the DagBag from /home/airflow/.local/lib/python3.12/site-packages/airflow/example_dags/example_kubernetes_executor.py
[2025-01-16T15:53:15.521+0000] {processor.py:925} INFO - DAG(s) 'example_kubernetes_executor' retrieved from /home/airflow/.local/lib/python3.12/site-packages/airflow/example_dags/example_kubernetes_executor.py
[2025-01-16T15:53:15.539+0000] {logging_mixin.py:190} INFO - [2025-01-16T15:53:15.539+0000] {dag.py:3239} INFO - Sync 1 DAGs
[2025-01-16T15:53:15.551+0000] {logging_mixin.py:190} INFO - [2025-01-16T15:53:15.550+0000] {dag.py:4180} INFO - Setting next_dagrun for example_kubernetes_executor to None, run_after=None
[2025-01-16T15:53:15.564+0000] {processor.py:208} INFO - Processing /home/airflow/.local/lib/python3.12/site-packages/airflow/example_dags/example_kubernetes_executor.py took 0.061 seconds
[2025-01-16T15:53:46.416+0000] {processor.py:186} INFO - Started process (PID=11511) to work on /home/airflow/.local/lib/python3.12/site-packages/airflow/example_dags/example_kubernetes_executor.py
[2025-01-16T15:53:46.416+0000] {processor.py:914} INFO - Processing file /home/airflow/.local/lib/python3.12/site-packages/airflow/example_dags/example_kubernetes_executor.py for tasks to queue
[2025-01-16T15:53:46.418+0000] {logging_mixin.py:190} INFO - [2025-01-16T15:53:46.418+0000] {dagbag.py:588} INFO - Filling up the DagBag from /home/airflow/.local/lib/python3.12/site-packages/airflow/example_dags/example_kubernetes_executor.py
[2025-01-16T15:53:46.429+0000] {processor.py:925} INFO - DAG(s) 'example_kubernetes_executor' retrieved from /home/airflow/.local/lib/python3.12/site-packages/airflow/example_dags/example_kubernetes_executor.py
[2025-01-16T15:53:46.448+0000] {logging_mixin.py:190} INFO - [2025-01-16T15:53:46.448+0000] {dag.py:3239} INFO - Sync 1 DAGs
[2025-01-16T15:53:46.459+0000] {logging_mixin.py:190} INFO - [2025-01-16T15:53:46.459+0000] {dag.py:4180} INFO - Setting next_dagrun for example_kubernetes_executor to None, run_after=None
[2025-01-16T15:53:46.471+0000] {processor.py:208} INFO - Processing /home/airflow/.local/lib/python3.12/site-packages/airflow/example_dags/example_kubernetes_executor.py took 0.060 seconds
[2025-01-16T15:54:17.104+0000] {processor.py:186} INFO - Started process (PID=11807) to work on /home/airflow/.local/lib/python3.12/site-packages/airflow/example_dags/example_kubernetes_executor.py
[2025-01-16T15:54:17.105+0000] {processor.py:914} INFO - Processing file /home/airflow/.local/lib/python3.12/site-packages/airflow/example_dags/example_kubernetes_executor.py for tasks to queue
[2025-01-16T15:54:17.106+0000] {logging_mixin.py:190} INFO - [2025-01-16T15:54:17.106+0000] {dagbag.py:588} INFO - Filling up the DagBag from /home/airflow/.local/lib/python3.12/site-packages/airflow/example_dags/example_kubernetes_executor.py
[2025-01-16T15:54:17.116+0000] {processor.py:925} INFO - DAG(s) 'example_kubernetes_executor' retrieved from /home/airflow/.local/lib/python3.12/site-packages/airflow/example_dags/example_kubernetes_executor.py
[2025-01-16T15:54:17.134+0000] {logging_mixin.py:190} INFO - [2025-01-16T15:54:17.134+0000] {dag.py:3239} INFO - Sync 1 DAGs
[2025-01-16T15:54:17.145+0000] {logging_mixin.py:190} INFO - [2025-01-16T15:54:17.145+0000] {dag.py:4180} INFO - Setting next_dagrun for example_kubernetes_executor to None, run_after=None
[2025-01-16T15:54:17.159+0000] {processor.py:208} INFO - Processing /home/airflow/.local/lib/python3.12/site-packages/airflow/example_dags/example_kubernetes_executor.py took 0.059 seconds
[2025-01-16T15:54:47.752+0000] {processor.py:186} INFO - Started process (PID=12103) to work on /home/airflow/.local/lib/python3.12/site-packages/airflow/example_dags/example_kubernetes_executor.py
[2025-01-16T15:54:47.753+0000] {processor.py:914} INFO - Processing file /home/airflow/.local/lib/python3.12/site-packages/airflow/example_dags/example_kubernetes_executor.py for tasks to queue
[2025-01-16T15:54:47.754+0000] {logging_mixin.py:190} INFO - [2025-01-16T15:54:47.754+0000] {dagbag.py:588} INFO - Filling up the DagBag from /home/airflow/.local/lib/python3.12/site-packages/airflow/example_dags/example_kubernetes_executor.py
[2025-01-16T15:54:47.764+0000] {processor.py:925} INFO - DAG(s) 'example_kubernetes_executor' retrieved from /home/airflow/.local/lib/python3.12/site-packages/airflow/example_dags/example_kubernetes_executor.py
[2025-01-16T15:54:47.782+0000] {logging_mixin.py:190} INFO - [2025-01-16T15:54:47.782+0000] {dag.py:3239} INFO - Sync 1 DAGs
[2025-01-16T15:54:47.792+0000] {logging_mixin.py:190} INFO - [2025-01-16T15:54:47.792+0000] {dag.py:4180} INFO - Setting next_dagrun for example_kubernetes_executor to None, run_after=None
[2025-01-16T15:54:47.805+0000] {processor.py:208} INFO - Processing /home/airflow/.local/lib/python3.12/site-packages/airflow/example_dags/example_kubernetes_executor.py took 0.058 seconds
[2025-01-16T15:55:18.423+0000] {processor.py:186} INFO - Started process (PID=12399) to work on /home/airflow/.local/lib/python3.12/site-packages/airflow/example_dags/example_kubernetes_executor.py
[2025-01-16T15:55:18.424+0000] {processor.py:914} INFO - Processing file /home/airflow/.local/lib/python3.12/site-packages/airflow/example_dags/example_kubernetes_executor.py for tasks to queue
[2025-01-16T15:55:18.426+0000] {logging_mixin.py:190} INFO - [2025-01-16T15:55:18.426+0000] {dagbag.py:588} INFO - Filling up the DagBag from /home/airflow/.local/lib/python3.12/site-packages/airflow/example_dags/example_kubernetes_executor.py
[2025-01-16T15:55:18.436+0000] {processor.py:925} INFO - DAG(s) 'example_kubernetes_executor' retrieved from /home/airflow/.local/lib/python3.12/site-packages/airflow/example_dags/example_kubernetes_executor.py
[2025-01-16T15:55:18.453+0000] {logging_mixin.py:190} INFO - [2025-01-16T15:55:18.453+0000] {dag.py:3239} INFO - Sync 1 DAGs
[2025-01-16T15:55:18.464+0000] {logging_mixin.py:190} INFO - [2025-01-16T15:55:18.463+0000] {dag.py:4180} INFO - Setting next_dagrun for example_kubernetes_executor to None, run_after=None
[2025-01-16T15:55:18.476+0000] {processor.py:208} INFO - Processing /home/airflow/.local/lib/python3.12/site-packages/airflow/example_dags/example_kubernetes_executor.py took 0.057 seconds
[2025-01-16T15:55:49.207+0000] {processor.py:186} INFO - Started process (PID=12695) to work on /home/airflow/.local/lib/python3.12/site-packages/airflow/example_dags/example_kubernetes_executor.py
[2025-01-16T15:55:49.207+0000] {processor.py:914} INFO - Processing file /home/airflow/.local/lib/python3.12/site-packages/airflow/example_dags/example_kubernetes_executor.py for tasks to queue
[2025-01-16T15:55:49.209+0000] {logging_mixin.py:190} INFO - [2025-01-16T15:55:49.208+0000] {dagbag.py:588} INFO - Filling up the DagBag from /home/airflow/.local/lib/python3.12/site-packages/airflow/example_dags/example_kubernetes_executor.py
[2025-01-16T15:55:49.218+0000] {processor.py:925} INFO - DAG(s) 'example_kubernetes_executor' retrieved from /home/airflow/.local/lib/python3.12/site-packages/airflow/example_dags/example_kubernetes_executor.py
[2025-01-16T15:55:49.236+0000] {logging_mixin.py:190} INFO - [2025-01-16T15:55:49.236+0000] {dag.py:3239} INFO - Sync 1 DAGs
[2025-01-16T15:55:49.246+0000] {logging_mixin.py:190} INFO - [2025-01-16T15:55:49.246+0000] {dag.py:4180} INFO - Setting next_dagrun for example_kubernetes_executor to None, run_after=None
[2025-01-16T15:55:49.258+0000] {processor.py:208} INFO - Processing /home/airflow/.local/lib/python3.12/site-packages/airflow/example_dags/example_kubernetes_executor.py took 0.056 seconds
[2025-01-16T15:56:19.983+0000] {processor.py:186} INFO - Started process (PID=12991) to work on /home/airflow/.local/lib/python3.12/site-packages/airflow/example_dags/example_kubernetes_executor.py
[2025-01-16T15:56:19.984+0000] {processor.py:914} INFO - Processing file /home/airflow/.local/lib/python3.12/site-packages/airflow/example_dags/example_kubernetes_executor.py for tasks to queue
[2025-01-16T15:56:19.986+0000] {logging_mixin.py:190} INFO - [2025-01-16T15:56:19.986+0000] {dagbag.py:588} INFO - Filling up the DagBag from /home/airflow/.local/lib/python3.12/site-packages/airflow/example_dags/example_kubernetes_executor.py
[2025-01-16T15:56:19.995+0000] {processor.py:925} INFO - DAG(s) 'example_kubernetes_executor' retrieved from /home/airflow/.local/lib/python3.12/site-packages/airflow/example_dags/example_kubernetes_executor.py
[2025-01-16T15:56:20.014+0000] {logging_mixin.py:190} INFO - [2025-01-16T15:56:20.013+0000] {dag.py:3239} INFO - Sync 1 DAGs
[2025-01-16T15:56:20.024+0000] {logging_mixin.py:190} INFO - [2025-01-16T15:56:20.024+0000] {dag.py:4180} INFO - Setting next_dagrun for example_kubernetes_executor to None, run_after=None
[2025-01-16T15:56:20.037+0000] {processor.py:208} INFO - Processing /home/airflow/.local/lib/python3.12/site-packages/airflow/example_dags/example_kubernetes_executor.py took 0.058 seconds
[2025-01-16T15:56:50.158+0000] {processor.py:186} INFO - Started process (PID=13287) to work on /home/airflow/.local/lib/python3.12/site-packages/airflow/example_dags/example_kubernetes_executor.py
[2025-01-16T15:56:50.159+0000] {processor.py:914} INFO - Processing file /home/airflow/.local/lib/python3.12/site-packages/airflow/example_dags/example_kubernetes_executor.py for tasks to queue
[2025-01-16T15:56:50.160+0000] {logging_mixin.py:190} INFO - [2025-01-16T15:56:50.160+0000] {dagbag.py:588} INFO - Filling up the DagBag from /home/airflow/.local/lib/python3.12/site-packages/airflow/example_dags/example_kubernetes_executor.py
[2025-01-16T15:56:50.171+0000] {processor.py:925} INFO - DAG(s) 'example_kubernetes_executor' retrieved from /home/airflow/.local/lib/python3.12/site-packages/airflow/example_dags/example_kubernetes_executor.py
[2025-01-16T15:56:50.189+0000] {logging_mixin.py:190} INFO - [2025-01-16T15:56:50.189+0000] {dag.py:3239} INFO - Sync 1 DAGs
[2025-01-16T15:56:50.200+0000] {logging_mixin.py:190} INFO - [2025-01-16T15:56:50.199+0000] {dag.py:4180} INFO - Setting next_dagrun for example_kubernetes_executor to None, run_after=None
[2025-01-16T15:56:50.212+0000] {processor.py:208} INFO - Processing /home/airflow/.local/lib/python3.12/site-packages/airflow/example_dags/example_kubernetes_executor.py took 0.059 seconds
[2025-01-16T15:57:21.199+0000] {processor.py:186} INFO - Started process (PID=13583) to work on /home/airflow/.local/lib/python3.12/site-packages/airflow/example_dags/example_kubernetes_executor.py
[2025-01-16T15:57:21.200+0000] {processor.py:914} INFO - Processing file /home/airflow/.local/lib/python3.12/site-packages/airflow/example_dags/example_kubernetes_executor.py for tasks to queue
[2025-01-16T15:57:21.202+0000] {logging_mixin.py:190} INFO - [2025-01-16T15:57:21.202+0000] {dagbag.py:588} INFO - Filling up the DagBag from /home/airflow/.local/lib/python3.12/site-packages/airflow/example_dags/example_kubernetes_executor.py
[2025-01-16T15:57:21.213+0000] {processor.py:925} INFO - DAG(s) 'example_kubernetes_executor' retrieved from /home/airflow/.local/lib/python3.12/site-packages/airflow/example_dags/example_kubernetes_executor.py
[2025-01-16T15:57:21.233+0000] {logging_mixin.py:190} INFO - [2025-01-16T15:57:21.233+0000] {dag.py:3239} INFO - Sync 1 DAGs
[2025-01-16T15:57:21.246+0000] {logging_mixin.py:190} INFO - [2025-01-16T15:57:21.246+0000] {dag.py:4180} INFO - Setting next_dagrun for example_kubernetes_executor to None, run_after=None
[2025-01-16T15:57:21.260+0000] {processor.py:208} INFO - Processing /home/airflow/.local/lib/python3.12/site-packages/airflow/example_dags/example_kubernetes_executor.py took 0.066 seconds
[2025-01-16T15:57:52.073+0000] {processor.py:186} INFO - Started process (PID=13879) to work on /home/airflow/.local/lib/python3.12/site-packages/airflow/example_dags/example_kubernetes_executor.py
[2025-01-16T15:57:52.074+0000] {processor.py:914} INFO - Processing file /home/airflow/.local/lib/python3.12/site-packages/airflow/example_dags/example_kubernetes_executor.py for tasks to queue
[2025-01-16T15:57:52.075+0000] {logging_mixin.py:190} INFO - [2025-01-16T15:57:52.075+0000] {dagbag.py:588} INFO - Filling up the DagBag from /home/airflow/.local/lib/python3.12/site-packages/airflow/example_dags/example_kubernetes_executor.py
[2025-01-16T15:57:52.086+0000] {processor.py:925} INFO - DAG(s) 'example_kubernetes_executor' retrieved from /home/airflow/.local/lib/python3.12/site-packages/airflow/example_dags/example_kubernetes_executor.py
[2025-01-16T15:57:52.108+0000] {logging_mixin.py:190} INFO - [2025-01-16T15:57:52.108+0000] {dag.py:3239} INFO - Sync 1 DAGs
[2025-01-16T15:57:52.121+0000] {logging_mixin.py:190} INFO - [2025-01-16T15:57:52.121+0000] {dag.py:4180} INFO - Setting next_dagrun for example_kubernetes_executor to None, run_after=None
[2025-01-16T15:57:52.137+0000] {processor.py:208} INFO - Processing /home/airflow/.local/lib/python3.12/site-packages/airflow/example_dags/example_kubernetes_executor.py took 0.068 seconds
[2025-01-16T15:58:22.204+0000] {processor.py:186} INFO - Started process (PID=14175) to work on /home/airflow/.local/lib/python3.12/site-packages/airflow/example_dags/example_kubernetes_executor.py
[2025-01-16T15:58:22.205+0000] {processor.py:914} INFO - Processing file /home/airflow/.local/lib/python3.12/site-packages/airflow/example_dags/example_kubernetes_executor.py for tasks to queue
[2025-01-16T15:58:22.206+0000] {logging_mixin.py:190} INFO - [2025-01-16T15:58:22.206+0000] {dagbag.py:588} INFO - Filling up the DagBag from /home/airflow/.local/lib/python3.12/site-packages/airflow/example_dags/example_kubernetes_executor.py
[2025-01-16T15:58:22.216+0000] {processor.py:925} INFO - DAG(s) 'example_kubernetes_executor' retrieved from /home/airflow/.local/lib/python3.12/site-packages/airflow/example_dags/example_kubernetes_executor.py
[2025-01-16T15:58:22.234+0000] {logging_mixin.py:190} INFO - [2025-01-16T15:58:22.234+0000] {dag.py:3239} INFO - Sync 1 DAGs
[2025-01-16T15:58:22.245+0000] {logging_mixin.py:190} INFO - [2025-01-16T15:58:22.245+0000] {dag.py:4180} INFO - Setting next_dagrun for example_kubernetes_executor to None, run_after=None
[2025-01-16T15:58:22.258+0000] {processor.py:208} INFO - Processing /home/airflow/.local/lib/python3.12/site-packages/airflow/example_dags/example_kubernetes_executor.py took 0.059 seconds
[2025-01-16T15:58:52.738+0000] {processor.py:186} INFO - Started process (PID=14471) to work on /home/airflow/.local/lib/python3.12/site-packages/airflow/example_dags/example_kubernetes_executor.py
[2025-01-16T15:58:52.739+0000] {processor.py:914} INFO - Processing file /home/airflow/.local/lib/python3.12/site-packages/airflow/example_dags/example_kubernetes_executor.py for tasks to queue
[2025-01-16T15:58:52.741+0000] {logging_mixin.py:190} INFO - [2025-01-16T15:58:52.740+0000] {dagbag.py:588} INFO - Filling up the DagBag from /home/airflow/.local/lib/python3.12/site-packages/airflow/example_dags/example_kubernetes_executor.py
[2025-01-16T15:58:52.751+0000] {processor.py:925} INFO - DAG(s) 'example_kubernetes_executor' retrieved from /home/airflow/.local/lib/python3.12/site-packages/airflow/example_dags/example_kubernetes_executor.py
[2025-01-16T15:58:52.771+0000] {logging_mixin.py:190} INFO - [2025-01-16T15:58:52.771+0000] {dag.py:3239} INFO - Sync 1 DAGs
[2025-01-16T15:58:52.783+0000] {logging_mixin.py:190} INFO - [2025-01-16T15:58:52.783+0000] {dag.py:4180} INFO - Setting next_dagrun for example_kubernetes_executor to None, run_after=None
[2025-01-16T15:58:52.796+0000] {processor.py:208} INFO - Processing /home/airflow/.local/lib/python3.12/site-packages/airflow/example_dags/example_kubernetes_executor.py took 0.063 seconds
[2025-01-16T15:59:23.021+0000] {processor.py:186} INFO - Started process (PID=14767) to work on /home/airflow/.local/lib/python3.12/site-packages/airflow/example_dags/example_kubernetes_executor.py
[2025-01-16T15:59:23.022+0000] {processor.py:914} INFO - Processing file /home/airflow/.local/lib/python3.12/site-packages/airflow/example_dags/example_kubernetes_executor.py for tasks to queue
[2025-01-16T15:59:23.023+0000] {logging_mixin.py:190} INFO - [2025-01-16T15:59:23.023+0000] {dagbag.py:588} INFO - Filling up the DagBag from /home/airflow/.local/lib/python3.12/site-packages/airflow/example_dags/example_kubernetes_executor.py
[2025-01-16T15:59:23.033+0000] {processor.py:925} INFO - DAG(s) 'example_kubernetes_executor' retrieved from /home/airflow/.local/lib/python3.12/site-packages/airflow/example_dags/example_kubernetes_executor.py
[2025-01-16T15:59:23.052+0000] {logging_mixin.py:190} INFO - [2025-01-16T15:59:23.051+0000] {dag.py:3239} INFO - Sync 1 DAGs
[2025-01-16T15:59:23.062+0000] {logging_mixin.py:190} INFO - [2025-01-16T15:59:23.062+0000] {dag.py:4180} INFO - Setting next_dagrun for example_kubernetes_executor to None, run_after=None
[2025-01-16T15:59:23.075+0000] {processor.py:208} INFO - Processing /home/airflow/.local/lib/python3.12/site-packages/airflow/example_dags/example_kubernetes_executor.py took 0.059 seconds
[2025-01-16T15:59:53.994+0000] {processor.py:186} INFO - Started process (PID=15063) to work on /home/airflow/.local/lib/python3.12/site-packages/airflow/example_dags/example_kubernetes_executor.py
[2025-01-16T15:59:53.995+0000] {processor.py:914} INFO - Processing file /home/airflow/.local/lib/python3.12/site-packages/airflow/example_dags/example_kubernetes_executor.py for tasks to queue
[2025-01-16T15:59:53.997+0000] {logging_mixin.py:190} INFO - [2025-01-16T15:59:53.997+0000] {dagbag.py:588} INFO - Filling up the DagBag from /home/airflow/.local/lib/python3.12/site-packages/airflow/example_dags/example_kubernetes_executor.py
[2025-01-16T15:59:54.009+0000] {processor.py:925} INFO - DAG(s) 'example_kubernetes_executor' retrieved from /home/airflow/.local/lib/python3.12/site-packages/airflow/example_dags/example_kubernetes_executor.py
[2025-01-16T15:59:54.029+0000] {logging_mixin.py:190} INFO - [2025-01-16T15:59:54.029+0000] {dag.py:3239} INFO - Sync 1 DAGs
[2025-01-16T15:59:54.042+0000] {logging_mixin.py:190} INFO - [2025-01-16T15:59:54.042+0000] {dag.py:4180} INFO - Setting next_dagrun for example_kubernetes_executor to None, run_after=None
[2025-01-16T15:59:54.056+0000] {processor.py:208} INFO - Processing /home/airflow/.local/lib/python3.12/site-packages/airflow/example_dags/example_kubernetes_executor.py took 0.068 seconds
[2025-01-16T16:00:24.288+0000] {processor.py:186} INFO - Started process (PID=15364) to work on /home/airflow/.local/lib/python3.12/site-packages/airflow/example_dags/example_kubernetes_executor.py
[2025-01-16T16:00:24.289+0000] {processor.py:914} INFO - Processing file /home/airflow/.local/lib/python3.12/site-packages/airflow/example_dags/example_kubernetes_executor.py for tasks to queue
[2025-01-16T16:00:24.290+0000] {logging_mixin.py:190} INFO - [2025-01-16T16:00:24.290+0000] {dagbag.py:588} INFO - Filling up the DagBag from /home/airflow/.local/lib/python3.12/site-packages/airflow/example_dags/example_kubernetes_executor.py
[2025-01-16T16:00:24.300+0000] {processor.py:925} INFO - DAG(s) 'example_kubernetes_executor' retrieved from /home/airflow/.local/lib/python3.12/site-packages/airflow/example_dags/example_kubernetes_executor.py
[2025-01-16T16:00:24.320+0000] {logging_mixin.py:190} INFO - [2025-01-16T16:00:24.320+0000] {dag.py:3239} INFO - Sync 1 DAGs
[2025-01-16T16:00:24.331+0000] {logging_mixin.py:190} INFO - [2025-01-16T16:00:24.331+0000] {dag.py:4180} INFO - Setting next_dagrun for example_kubernetes_executor to None, run_after=None
[2025-01-16T16:00:24.349+0000] {processor.py:208} INFO - Processing /home/airflow/.local/lib/python3.12/site-packages/airflow/example_dags/example_kubernetes_executor.py took 0.065 seconds
[2025-01-16T16:00:54.413+0000] {processor.py:186} INFO - Started process (PID=15657) to work on /home/airflow/.local/lib/python3.12/site-packages/airflow/example_dags/example_kubernetes_executor.py
[2025-01-16T16:00:54.414+0000] {processor.py:914} INFO - Processing file /home/airflow/.local/lib/python3.12/site-packages/airflow/example_dags/example_kubernetes_executor.py for tasks to queue
[2025-01-16T16:00:54.416+0000] {logging_mixin.py:190} INFO - [2025-01-16T16:00:54.416+0000] {dagbag.py:588} INFO - Filling up the DagBag from /home/airflow/.local/lib/python3.12/site-packages/airflow/example_dags/example_kubernetes_executor.py
[2025-01-16T16:00:54.426+0000] {processor.py:925} INFO - DAG(s) 'example_kubernetes_executor' retrieved from /home/airflow/.local/lib/python3.12/site-packages/airflow/example_dags/example_kubernetes_executor.py
[2025-01-16T16:00:54.446+0000] {logging_mixin.py:190} INFO - [2025-01-16T16:00:54.446+0000] {dag.py:3239} INFO - Sync 1 DAGs
[2025-01-16T16:00:54.458+0000] {logging_mixin.py:190} INFO - [2025-01-16T16:00:54.458+0000] {dag.py:4180} INFO - Setting next_dagrun for example_kubernetes_executor to None, run_after=None
[2025-01-16T16:00:54.472+0000] {processor.py:208} INFO - Processing /home/airflow/.local/lib/python3.12/site-packages/airflow/example_dags/example_kubernetes_executor.py took 0.063 seconds
[2025-01-16T16:01:25.342+0000] {processor.py:186} INFO - Started process (PID=15956) to work on /home/airflow/.local/lib/python3.12/site-packages/airflow/example_dags/example_kubernetes_executor.py
[2025-01-16T16:01:25.343+0000] {processor.py:914} INFO - Processing file /home/airflow/.local/lib/python3.12/site-packages/airflow/example_dags/example_kubernetes_executor.py for tasks to queue
[2025-01-16T16:01:25.345+0000] {logging_mixin.py:190} INFO - [2025-01-16T16:01:25.344+0000] {dagbag.py:588} INFO - Filling up the DagBag from /home/airflow/.local/lib/python3.12/site-packages/airflow/example_dags/example_kubernetes_executor.py
[2025-01-16T16:01:25.355+0000] {processor.py:925} INFO - DAG(s) 'example_kubernetes_executor' retrieved from /home/airflow/.local/lib/python3.12/site-packages/airflow/example_dags/example_kubernetes_executor.py
[2025-01-16T16:01:25.373+0000] {logging_mixin.py:190} INFO - [2025-01-16T16:01:25.373+0000] {dag.py:3239} INFO - Sync 1 DAGs
[2025-01-16T16:01:25.383+0000] {logging_mixin.py:190} INFO - [2025-01-16T16:01:25.383+0000] {dag.py:4180} INFO - Setting next_dagrun for example_kubernetes_executor to None, run_after=None
[2025-01-16T16:01:25.396+0000] {processor.py:208} INFO - Processing /home/airflow/.local/lib/python3.12/site-packages/airflow/example_dags/example_kubernetes_executor.py took 0.058 seconds
[2025-01-16T16:01:56.152+0000] {processor.py:186} INFO - Started process (PID=16252) to work on /home/airflow/.local/lib/python3.12/site-packages/airflow/example_dags/example_kubernetes_executor.py
[2025-01-16T16:01:56.153+0000] {processor.py:914} INFO - Processing file /home/airflow/.local/lib/python3.12/site-packages/airflow/example_dags/example_kubernetes_executor.py for tasks to queue
[2025-01-16T16:01:56.155+0000] {logging_mixin.py:190} INFO - [2025-01-16T16:01:56.154+0000] {dagbag.py:588} INFO - Filling up the DagBag from /home/airflow/.local/lib/python3.12/site-packages/airflow/example_dags/example_kubernetes_executor.py
[2025-01-16T16:01:56.165+0000] {processor.py:925} INFO - DAG(s) 'example_kubernetes_executor' retrieved from /home/airflow/.local/lib/python3.12/site-packages/airflow/example_dags/example_kubernetes_executor.py
[2025-01-16T16:01:56.183+0000] {logging_mixin.py:190} INFO - [2025-01-16T16:01:56.183+0000] {dag.py:3239} INFO - Sync 1 DAGs
[2025-01-16T16:01:56.194+0000] {logging_mixin.py:190} INFO - [2025-01-16T16:01:56.194+0000] {dag.py:4180} INFO - Setting next_dagrun for example_kubernetes_executor to None, run_after=None
[2025-01-16T16:01:56.208+0000] {processor.py:208} INFO - Processing /home/airflow/.local/lib/python3.12/site-packages/airflow/example_dags/example_kubernetes_executor.py took 0.060 seconds
[2025-01-16T16:02:27.186+0000] {processor.py:186} INFO - Started process (PID=16548) to work on /home/airflow/.local/lib/python3.12/site-packages/airflow/example_dags/example_kubernetes_executor.py
[2025-01-16T16:02:27.187+0000] {processor.py:914} INFO - Processing file /home/airflow/.local/lib/python3.12/site-packages/airflow/example_dags/example_kubernetes_executor.py for tasks to queue
[2025-01-16T16:02:27.190+0000] {logging_mixin.py:190} INFO - [2025-01-16T16:02:27.190+0000] {dagbag.py:588} INFO - Filling up the DagBag from /home/airflow/.local/lib/python3.12/site-packages/airflow/example_dags/example_kubernetes_executor.py
[2025-01-16T16:02:27.204+0000] {processor.py:925} INFO - DAG(s) 'example_kubernetes_executor' retrieved from /home/airflow/.local/lib/python3.12/site-packages/airflow/example_dags/example_kubernetes_executor.py
[2025-01-16T16:02:27.228+0000] {logging_mixin.py:190} INFO - [2025-01-16T16:02:27.227+0000] {dag.py:3239} INFO - Sync 1 DAGs
[2025-01-16T16:02:27.239+0000] {logging_mixin.py:190} INFO - [2025-01-16T16:02:27.239+0000] {dag.py:4180} INFO - Setting next_dagrun for example_kubernetes_executor to None, run_after=None
[2025-01-16T16:02:27.262+0000] {processor.py:208} INFO - Processing /home/airflow/.local/lib/python3.12/site-packages/airflow/example_dags/example_kubernetes_executor.py took 0.082 seconds
[2025-01-16T16:02:58.095+0000] {processor.py:186} INFO - Started process (PID=16859) to work on /home/airflow/.local/lib/python3.12/site-packages/airflow/example_dags/example_kubernetes_executor.py
[2025-01-16T16:02:58.096+0000] {processor.py:914} INFO - Processing file /home/airflow/.local/lib/python3.12/site-packages/airflow/example_dags/example_kubernetes_executor.py for tasks to queue
[2025-01-16T16:02:58.097+0000] {logging_mixin.py:190} INFO - [2025-01-16T16:02:58.097+0000] {dagbag.py:588} INFO - Filling up the DagBag from /home/airflow/.local/lib/python3.12/site-packages/airflow/example_dags/example_kubernetes_executor.py
[2025-01-16T16:02:58.107+0000] {processor.py:925} INFO - DAG(s) 'example_kubernetes_executor' retrieved from /home/airflow/.local/lib/python3.12/site-packages/airflow/example_dags/example_kubernetes_executor.py
[2025-01-16T16:02:58.125+0000] {logging_mixin.py:190} INFO - [2025-01-16T16:02:58.125+0000] {dag.py:3239} INFO - Sync 1 DAGs
[2025-01-16T16:02:58.136+0000] {logging_mixin.py:190} INFO - [2025-01-16T16:02:58.136+0000] {dag.py:4180} INFO - Setting next_dagrun for example_kubernetes_executor to None, run_after=None
[2025-01-16T16:02:58.149+0000] {processor.py:208} INFO - Processing /home/airflow/.local/lib/python3.12/site-packages/airflow/example_dags/example_kubernetes_executor.py took 0.059 seconds
[2025-01-16T16:03:28.246+0000] {processor.py:186} INFO - Started process (PID=17165) to work on /home/airflow/.local/lib/python3.12/site-packages/airflow/example_dags/example_kubernetes_executor.py
[2025-01-16T16:03:28.247+0000] {processor.py:914} INFO - Processing file /home/airflow/.local/lib/python3.12/site-packages/airflow/example_dags/example_kubernetes_executor.py for tasks to queue
[2025-01-16T16:03:28.249+0000] {logging_mixin.py:190} INFO - [2025-01-16T16:03:28.249+0000] {dagbag.py:588} INFO - Filling up the DagBag from /home/airflow/.local/lib/python3.12/site-packages/airflow/example_dags/example_kubernetes_executor.py
[2025-01-16T16:03:28.259+0000] {processor.py:925} INFO - DAG(s) 'example_kubernetes_executor' retrieved from /home/airflow/.local/lib/python3.12/site-packages/airflow/example_dags/example_kubernetes_executor.py
[2025-01-16T16:03:28.277+0000] {logging_mixin.py:190} INFO - [2025-01-16T16:03:28.277+0000] {dag.py:3239} INFO - Sync 1 DAGs
[2025-01-16T16:03:28.289+0000] {logging_mixin.py:190} INFO - [2025-01-16T16:03:28.288+0000] {dag.py:4180} INFO - Setting next_dagrun for example_kubernetes_executor to None, run_after=None
[2025-01-16T16:03:28.304+0000] {processor.py:208} INFO - Processing /home/airflow/.local/lib/python3.12/site-packages/airflow/example_dags/example_kubernetes_executor.py took 0.062 seconds
[2025-01-16T16:03:58.389+0000] {processor.py:186} INFO - Started process (PID=17456) to work on /home/airflow/.local/lib/python3.12/site-packages/airflow/example_dags/example_kubernetes_executor.py
[2025-01-16T16:03:58.390+0000] {processor.py:914} INFO - Processing file /home/airflow/.local/lib/python3.12/site-packages/airflow/example_dags/example_kubernetes_executor.py for tasks to queue
[2025-01-16T16:03:58.392+0000] {logging_mixin.py:190} INFO - [2025-01-16T16:03:58.392+0000] {dagbag.py:588} INFO - Filling up the DagBag from /home/airflow/.local/lib/python3.12/site-packages/airflow/example_dags/example_kubernetes_executor.py
[2025-01-16T16:03:58.403+0000] {processor.py:925} INFO - DAG(s) 'example_kubernetes_executor' retrieved from /home/airflow/.local/lib/python3.12/site-packages/airflow/example_dags/example_kubernetes_executor.py
[2025-01-16T16:03:58.423+0000] {logging_mixin.py:190} INFO - [2025-01-16T16:03:58.423+0000] {dag.py:3239} INFO - Sync 1 DAGs
[2025-01-16T16:03:58.435+0000] {logging_mixin.py:190} INFO - [2025-01-16T16:03:58.435+0000] {dag.py:4180} INFO - Setting next_dagrun for example_kubernetes_executor to None, run_after=None
[2025-01-16T16:03:58.450+0000] {processor.py:208} INFO - Processing /home/airflow/.local/lib/python3.12/site-packages/airflow/example_dags/example_kubernetes_executor.py took 0.066 seconds
[2025-01-16T16:04:29.320+0000] {processor.py:186} INFO - Started process (PID=17757) to work on /home/airflow/.local/lib/python3.12/site-packages/airflow/example_dags/example_kubernetes_executor.py
[2025-01-16T16:04:29.321+0000] {processor.py:914} INFO - Processing file /home/airflow/.local/lib/python3.12/site-packages/airflow/example_dags/example_kubernetes_executor.py for tasks to queue
[2025-01-16T16:04:29.323+0000] {logging_mixin.py:190} INFO - [2025-01-16T16:04:29.322+0000] {dagbag.py:588} INFO - Filling up the DagBag from /home/airflow/.local/lib/python3.12/site-packages/airflow/example_dags/example_kubernetes_executor.py
[2025-01-16T16:04:29.333+0000] {processor.py:925} INFO - DAG(s) 'example_kubernetes_executor' retrieved from /home/airflow/.local/lib/python3.12/site-packages/airflow/example_dags/example_kubernetes_executor.py
[2025-01-16T16:04:29.351+0000] {logging_mixin.py:190} INFO - [2025-01-16T16:04:29.351+0000] {dag.py:3239} INFO - Sync 1 DAGs
[2025-01-16T16:04:29.362+0000] {logging_mixin.py:190} INFO - [2025-01-16T16:04:29.362+0000] {dag.py:4180} INFO - Setting next_dagrun for example_kubernetes_executor to None, run_after=None
[2025-01-16T16:04:29.376+0000] {processor.py:208} INFO - Processing /home/airflow/.local/lib/python3.12/site-packages/airflow/example_dags/example_kubernetes_executor.py took 0.061 seconds
[2025-01-16T16:04:59.470+0000] {processor.py:186} INFO - Started process (PID=18053) to work on /home/airflow/.local/lib/python3.12/site-packages/airflow/example_dags/example_kubernetes_executor.py
[2025-01-16T16:04:59.471+0000] {processor.py:914} INFO - Processing file /home/airflow/.local/lib/python3.12/site-packages/airflow/example_dags/example_kubernetes_executor.py for tasks to queue
[2025-01-16T16:04:59.473+0000] {logging_mixin.py:190} INFO - [2025-01-16T16:04:59.473+0000] {dagbag.py:588} INFO - Filling up the DagBag from /home/airflow/.local/lib/python3.12/site-packages/airflow/example_dags/example_kubernetes_executor.py
[2025-01-16T16:04:59.484+0000] {processor.py:925} INFO - DAG(s) 'example_kubernetes_executor' retrieved from /home/airflow/.local/lib/python3.12/site-packages/airflow/example_dags/example_kubernetes_executor.py
[2025-01-16T16:04:59.504+0000] {logging_mixin.py:190} INFO - [2025-01-16T16:04:59.504+0000] {dag.py:3239} INFO - Sync 1 DAGs
[2025-01-16T16:04:59.515+0000] {logging_mixin.py:190} INFO - [2025-01-16T16:04:59.515+0000] {dag.py:4180} INFO - Setting next_dagrun for example_kubernetes_executor to None, run_after=None
[2025-01-16T16:04:59.529+0000] {processor.py:208} INFO - Processing /home/airflow/.local/lib/python3.12/site-packages/airflow/example_dags/example_kubernetes_executor.py took 0.064 seconds
[2025-01-16T16:05:30.357+0000] {processor.py:186} INFO - Started process (PID=18349) to work on /home/airflow/.local/lib/python3.12/site-packages/airflow/example_dags/example_kubernetes_executor.py
[2025-01-16T16:05:30.358+0000] {processor.py:914} INFO - Processing file /home/airflow/.local/lib/python3.12/site-packages/airflow/example_dags/example_kubernetes_executor.py for tasks to queue
[2025-01-16T16:05:30.359+0000] {logging_mixin.py:190} INFO - [2025-01-16T16:05:30.359+0000] {dagbag.py:588} INFO - Filling up the DagBag from /home/airflow/.local/lib/python3.12/site-packages/airflow/example_dags/example_kubernetes_executor.py
[2025-01-16T16:05:30.370+0000] {processor.py:925} INFO - DAG(s) 'example_kubernetes_executor' retrieved from /home/airflow/.local/lib/python3.12/site-packages/airflow/example_dags/example_kubernetes_executor.py
[2025-01-16T16:05:30.388+0000] {logging_mixin.py:190} INFO - [2025-01-16T16:05:30.388+0000] {dag.py:3239} INFO - Sync 1 DAGs
[2025-01-16T16:05:30.399+0000] {logging_mixin.py:190} INFO - [2025-01-16T16:05:30.399+0000] {dag.py:4180} INFO - Setting next_dagrun for example_kubernetes_executor to None, run_after=None
[2025-01-16T16:05:30.411+0000] {processor.py:208} INFO - Processing /home/airflow/.local/lib/python3.12/site-packages/airflow/example_dags/example_kubernetes_executor.py took 0.059 seconds
[2025-01-16T16:06:00.875+0000] {processor.py:186} INFO - Started process (PID=18645) to work on /home/airflow/.local/lib/python3.12/site-packages/airflow/example_dags/example_kubernetes_executor.py
[2025-01-16T16:06:00.876+0000] {processor.py:914} INFO - Processing file /home/airflow/.local/lib/python3.12/site-packages/airflow/example_dags/example_kubernetes_executor.py for tasks to queue
[2025-01-16T16:06:00.877+0000] {logging_mixin.py:190} INFO - [2025-01-16T16:06:00.877+0000] {dagbag.py:588} INFO - Filling up the DagBag from /home/airflow/.local/lib/python3.12/site-packages/airflow/example_dags/example_kubernetes_executor.py
[2025-01-16T16:06:00.888+0000] {processor.py:925} INFO - DAG(s) 'example_kubernetes_executor' retrieved from /home/airflow/.local/lib/python3.12/site-packages/airflow/example_dags/example_kubernetes_executor.py
[2025-01-16T16:06:00.908+0000] {logging_mixin.py:190} INFO - [2025-01-16T16:06:00.907+0000] {dag.py:3239} INFO - Sync 1 DAGs
[2025-01-16T16:06:00.920+0000] {logging_mixin.py:190} INFO - [2025-01-16T16:06:00.920+0000] {dag.py:4180} INFO - Setting next_dagrun for example_kubernetes_executor to None, run_after=None
[2025-01-16T16:06:00.934+0000] {processor.py:208} INFO - Processing /home/airflow/.local/lib/python3.12/site-packages/airflow/example_dags/example_kubernetes_executor.py took 0.064 seconds
[2025-01-16T16:06:31.416+0000] {processor.py:186} INFO - Started process (PID=18941) to work on /home/airflow/.local/lib/python3.12/site-packages/airflow/example_dags/example_kubernetes_executor.py
[2025-01-16T16:06:31.417+0000] {processor.py:914} INFO - Processing file /home/airflow/.local/lib/python3.12/site-packages/airflow/example_dags/example_kubernetes_executor.py for tasks to queue
[2025-01-16T16:06:31.418+0000] {logging_mixin.py:190} INFO - [2025-01-16T16:06:31.418+0000] {dagbag.py:588} INFO - Filling up the DagBag from /home/airflow/.local/lib/python3.12/site-packages/airflow/example_dags/example_kubernetes_executor.py
[2025-01-16T16:06:31.428+0000] {processor.py:925} INFO - DAG(s) 'example_kubernetes_executor' retrieved from /home/airflow/.local/lib/python3.12/site-packages/airflow/example_dags/example_kubernetes_executor.py
[2025-01-16T16:06:31.447+0000] {logging_mixin.py:190} INFO - [2025-01-16T16:06:31.446+0000] {dag.py:3239} INFO - Sync 1 DAGs
[2025-01-16T16:06:31.600+0000] {logging_mixin.py:190} INFO - [2025-01-16T16:06:31.600+0000] {dag.py:4180} INFO - Setting next_dagrun for example_kubernetes_executor to None, run_after=None
[2025-01-16T16:06:31.612+0000] {processor.py:208} INFO - Processing /home/airflow/.local/lib/python3.12/site-packages/airflow/example_dags/example_kubernetes_executor.py took 0.201 seconds
[2025-01-16T16:07:02.240+0000] {processor.py:186} INFO - Started process (PID=19243) to work on /home/airflow/.local/lib/python3.12/site-packages/airflow/example_dags/example_kubernetes_executor.py
[2025-01-16T16:07:02.241+0000] {processor.py:914} INFO - Processing file /home/airflow/.local/lib/python3.12/site-packages/airflow/example_dags/example_kubernetes_executor.py for tasks to queue
[2025-01-16T16:07:02.242+0000] {logging_mixin.py:190} INFO - [2025-01-16T16:07:02.242+0000] {dagbag.py:588} INFO - Filling up the DagBag from /home/airflow/.local/lib/python3.12/site-packages/airflow/example_dags/example_kubernetes_executor.py
[2025-01-16T16:07:02.253+0000] {processor.py:925} INFO - DAG(s) 'example_kubernetes_executor' retrieved from /home/airflow/.local/lib/python3.12/site-packages/airflow/example_dags/example_kubernetes_executor.py
[2025-01-16T16:07:02.272+0000] {logging_mixin.py:190} INFO - [2025-01-16T16:07:02.272+0000] {dag.py:3239} INFO - Sync 1 DAGs
[2025-01-16T16:07:02.288+0000] {logging_mixin.py:190} INFO - [2025-01-16T16:07:02.288+0000] {dag.py:4180} INFO - Setting next_dagrun for example_kubernetes_executor to None, run_after=None
[2025-01-16T16:07:02.301+0000] {processor.py:208} INFO - Processing /home/airflow/.local/lib/python3.12/site-packages/airflow/example_dags/example_kubernetes_executor.py took 0.065 seconds
[2025-01-16T16:07:33.101+0000] {processor.py:186} INFO - Started process (PID=19539) to work on /home/airflow/.local/lib/python3.12/site-packages/airflow/example_dags/example_kubernetes_executor.py
[2025-01-16T16:07:33.103+0000] {processor.py:914} INFO - Processing file /home/airflow/.local/lib/python3.12/site-packages/airflow/example_dags/example_kubernetes_executor.py for tasks to queue
[2025-01-16T16:07:33.104+0000] {logging_mixin.py:190} INFO - [2025-01-16T16:07:33.103+0000] {dagbag.py:588} INFO - Filling up the DagBag from /home/airflow/.local/lib/python3.12/site-packages/airflow/example_dags/example_kubernetes_executor.py
[2025-01-16T16:07:33.116+0000] {processor.py:925} INFO - DAG(s) 'example_kubernetes_executor' retrieved from /home/airflow/.local/lib/python3.12/site-packages/airflow/example_dags/example_kubernetes_executor.py
[2025-01-16T16:07:33.161+0000] {logging_mixin.py:190} INFO - [2025-01-16T16:07:33.160+0000] {dag.py:3239} INFO - Sync 1 DAGs
[2025-01-16T16:07:33.188+0000] {logging_mixin.py:190} INFO - [2025-01-16T16:07:33.187+0000] {dag.py:4180} INFO - Setting next_dagrun for example_kubernetes_executor to None, run_after=None
[2025-01-16T16:07:33.227+0000] {processor.py:208} INFO - Processing /home/airflow/.local/lib/python3.12/site-packages/airflow/example_dags/example_kubernetes_executor.py took 0.130 seconds
[2025-01-16T16:08:04.030+0000] {processor.py:186} INFO - Started process (PID=19835) to work on /home/airflow/.local/lib/python3.12/site-packages/airflow/example_dags/example_kubernetes_executor.py
[2025-01-16T16:08:04.031+0000] {processor.py:914} INFO - Processing file /home/airflow/.local/lib/python3.12/site-packages/airflow/example_dags/example_kubernetes_executor.py for tasks to queue
[2025-01-16T16:08:04.032+0000] {logging_mixin.py:190} INFO - [2025-01-16T16:08:04.031+0000] {dagbag.py:588} INFO - Filling up the DagBag from /home/airflow/.local/lib/python3.12/site-packages/airflow/example_dags/example_kubernetes_executor.py
[2025-01-16T16:08:04.043+0000] {processor.py:925} INFO - DAG(s) 'example_kubernetes_executor' retrieved from /home/airflow/.local/lib/python3.12/site-packages/airflow/example_dags/example_kubernetes_executor.py
[2025-01-16T16:08:04.062+0000] {logging_mixin.py:190} INFO - [2025-01-16T16:08:04.062+0000] {dag.py:3239} INFO - Sync 1 DAGs
[2025-01-16T16:08:04.072+0000] {logging_mixin.py:190} INFO - [2025-01-16T16:08:04.072+0000] {dag.py:4180} INFO - Setting next_dagrun for example_kubernetes_executor to None, run_after=None
[2025-01-16T16:08:04.086+0000] {processor.py:208} INFO - Processing /home/airflow/.local/lib/python3.12/site-packages/airflow/example_dags/example_kubernetes_executor.py took 0.060 seconds
[2025-01-16T16:08:34.655+0000] {processor.py:186} INFO - Started process (PID=20131) to work on /home/airflow/.local/lib/python3.12/site-packages/airflow/example_dags/example_kubernetes_executor.py
[2025-01-16T16:08:34.656+0000] {processor.py:914} INFO - Processing file /home/airflow/.local/lib/python3.12/site-packages/airflow/example_dags/example_kubernetes_executor.py for tasks to queue
[2025-01-16T16:08:34.657+0000] {logging_mixin.py:190} INFO - [2025-01-16T16:08:34.657+0000] {dagbag.py:588} INFO - Filling up the DagBag from /home/airflow/.local/lib/python3.12/site-packages/airflow/example_dags/example_kubernetes_executor.py
[2025-01-16T16:08:34.668+0000] {processor.py:925} INFO - DAG(s) 'example_kubernetes_executor' retrieved from /home/airflow/.local/lib/python3.12/site-packages/airflow/example_dags/example_kubernetes_executor.py
[2025-01-16T16:08:34.689+0000] {logging_mixin.py:190} INFO - [2025-01-16T16:08:34.689+0000] {dag.py:3239} INFO - Sync 1 DAGs
[2025-01-16T16:08:34.701+0000] {logging_mixin.py:190} INFO - [2025-01-16T16:08:34.701+0000] {dag.py:4180} INFO - Setting next_dagrun for example_kubernetes_executor to None, run_after=None
[2025-01-16T16:08:34.715+0000] {processor.py:208} INFO - Processing /home/airflow/.local/lib/python3.12/site-packages/airflow/example_dags/example_kubernetes_executor.py took 0.065 seconds
