[2025-01-16T15:34:07.336+0000] {processor.py:186} INFO - Started process (PID=412) to work on /home/airflow/.local/lib/python3.12/site-packages/airflow/example_dags/example_sla_dag.py
[2025-01-16T15:34:07.341+0000] {processor.py:914} INFO - Processing file /home/airflow/.local/lib/python3.12/site-packages/airflow/example_dags/example_sla_dag.py for tasks to queue
[2025-01-16T15:34:07.348+0000] {logging_mixin.py:190} INFO - [2025-01-16T15:34:07.347+0000] {dagbag.py:588} INFO - Filling up the DagBag from /home/airflow/.local/lib/python3.12/site-packages/airflow/example_dags/example_sla_dag.py
[2025-01-16T15:34:07.382+0000] {processor.py:925} INFO - DAG(s) 'example_sla_dag' retrieved from /home/airflow/.local/lib/python3.12/site-packages/airflow/example_dags/example_sla_dag.py
[2025-01-16T15:34:07.534+0000] {logging_mixin.py:190} INFO - [2025-01-16T15:34:07.533+0000] {override.py:1911} INFO - Created Permission View: can edit on DAG:example_sla_dag
[2025-01-16T15:34:07.549+0000] {logging_mixin.py:190} INFO - [2025-01-16T15:34:07.549+0000] {override.py:1911} INFO - Created Permission View: can delete on DAG:example_sla_dag
[2025-01-16T15:34:07.557+0000] {logging_mixin.py:190} INFO - [2025-01-16T15:34:07.557+0000] {override.py:1911} INFO - Created Permission View: can read on DAG:example_sla_dag
[2025-01-16T15:34:07.568+0000] {logging_mixin.py:190} INFO - [2025-01-16T15:34:07.568+0000] {override.py:1911} INFO - Created Permission View: can create on DAG Run:example_sla_dag
[2025-01-16T15:34:07.577+0000] {logging_mixin.py:190} INFO - [2025-01-16T15:34:07.577+0000] {override.py:1911} INFO - Created Permission View: can delete on DAG Run:example_sla_dag
[2025-01-16T15:34:07.587+0000] {logging_mixin.py:190} INFO - [2025-01-16T15:34:07.587+0000] {override.py:1911} INFO - Created Permission View: menu access on DAG Run:example_sla_dag
[2025-01-16T15:34:07.596+0000] {logging_mixin.py:190} INFO - [2025-01-16T15:34:07.596+0000] {override.py:1911} INFO - Created Permission View: can read on DAG Run:example_sla_dag
[2025-01-16T15:34:07.598+0000] {logging_mixin.py:190} INFO - [2025-01-16T15:34:07.597+0000] {dag.py:3239} INFO - Sync 1 DAGs
[2025-01-16T15:34:07.655+0000] {logging_mixin.py:190} INFO - [2025-01-16T15:34:07.655+0000] {dag.py:3262} INFO - Creating ORM DAG for example_sla_dag
[2025-01-16T15:34:07.688+0000] {logging_mixin.py:190} INFO - [2025-01-16T15:34:07.687+0000] {dag.py:4180} INFO - Setting next_dagrun for example_sla_dag to 2025-01-16 15:32:00+00:00, run_after=2025-01-16 15:34:00+00:00
[2025-01-16T15:34:07.727+0000] {processor.py:208} INFO - Processing /home/airflow/.local/lib/python3.12/site-packages/airflow/example_dags/example_sla_dag.py took 0.409 seconds
[2025-01-16T15:34:38.317+0000] {processor.py:186} INFO - Started process (PID=703) to work on /home/airflow/.local/lib/python3.12/site-packages/airflow/example_dags/example_sla_dag.py
[2025-01-16T15:34:38.318+0000] {processor.py:914} INFO - Processing file /home/airflow/.local/lib/python3.12/site-packages/airflow/example_dags/example_sla_dag.py for tasks to queue
[2025-01-16T15:34:38.323+0000] {logging_mixin.py:190} INFO - [2025-01-16T15:34:38.323+0000] {dagbag.py:588} INFO - Filling up the DagBag from /home/airflow/.local/lib/python3.12/site-packages/airflow/example_dags/example_sla_dag.py
[2025-01-16T15:34:38.340+0000] {processor.py:925} INFO - DAG(s) 'example_sla_dag' retrieved from /home/airflow/.local/lib/python3.12/site-packages/airflow/example_dags/example_sla_dag.py
[2025-01-16T15:34:38.368+0000] {logging_mixin.py:190} INFO - [2025-01-16T15:34:38.368+0000] {dag.py:3239} INFO - Sync 1 DAGs
[2025-01-16T15:34:38.415+0000] {logging_mixin.py:190} INFO - [2025-01-16T15:34:38.415+0000] {dag.py:4180} INFO - Setting next_dagrun for example_sla_dag to 2025-01-16 15:32:00+00:00, run_after=2025-01-16 15:34:00+00:00
[2025-01-16T15:34:38.446+0000] {processor.py:208} INFO - Processing /home/airflow/.local/lib/python3.12/site-packages/airflow/example_dags/example_sla_dag.py took 0.142 seconds
[2025-01-16T15:35:09.168+0000] {processor.py:186} INFO - Started process (PID=1000) to work on /home/airflow/.local/lib/python3.12/site-packages/airflow/example_dags/example_sla_dag.py
[2025-01-16T15:35:09.169+0000] {processor.py:914} INFO - Processing file /home/airflow/.local/lib/python3.12/site-packages/airflow/example_dags/example_sla_dag.py for tasks to queue
[2025-01-16T15:35:09.170+0000] {logging_mixin.py:190} INFO - [2025-01-16T15:35:09.170+0000] {dagbag.py:588} INFO - Filling up the DagBag from /home/airflow/.local/lib/python3.12/site-packages/airflow/example_dags/example_sla_dag.py
[2025-01-16T15:35:09.177+0000] {processor.py:925} INFO - DAG(s) 'example_sla_dag' retrieved from /home/airflow/.local/lib/python3.12/site-packages/airflow/example_dags/example_sla_dag.py
[2025-01-16T15:35:09.192+0000] {logging_mixin.py:190} INFO - [2025-01-16T15:35:09.192+0000] {dag.py:3239} INFO - Sync 1 DAGs
[2025-01-16T15:35:09.211+0000] {logging_mixin.py:190} INFO - [2025-01-16T15:35:09.211+0000] {dag.py:4180} INFO - Setting next_dagrun for example_sla_dag to 2025-01-16 15:32:00+00:00, run_after=2025-01-16 15:34:00+00:00
[2025-01-16T15:35:09.225+0000] {processor.py:208} INFO - Processing /home/airflow/.local/lib/python3.12/site-packages/airflow/example_dags/example_sla_dag.py took 0.062 seconds
[2025-01-16T15:35:39.285+0000] {processor.py:186} INFO - Started process (PID=1293) to work on /home/airflow/.local/lib/python3.12/site-packages/airflow/example_dags/example_sla_dag.py
[2025-01-16T15:35:39.285+0000] {processor.py:914} INFO - Processing file /home/airflow/.local/lib/python3.12/site-packages/airflow/example_dags/example_sla_dag.py for tasks to queue
[2025-01-16T15:35:39.287+0000] {logging_mixin.py:190} INFO - [2025-01-16T15:35:39.287+0000] {dagbag.py:588} INFO - Filling up the DagBag from /home/airflow/.local/lib/python3.12/site-packages/airflow/example_dags/example_sla_dag.py
[2025-01-16T15:35:39.294+0000] {processor.py:925} INFO - DAG(s) 'example_sla_dag' retrieved from /home/airflow/.local/lib/python3.12/site-packages/airflow/example_dags/example_sla_dag.py
[2025-01-16T15:35:39.308+0000] {logging_mixin.py:190} INFO - [2025-01-16T15:35:39.308+0000] {dag.py:3239} INFO - Sync 1 DAGs
[2025-01-16T15:35:39.326+0000] {logging_mixin.py:190} INFO - [2025-01-16T15:35:39.326+0000] {dag.py:4180} INFO - Setting next_dagrun for example_sla_dag to 2025-01-16 15:32:00+00:00, run_after=2025-01-16 15:34:00+00:00
[2025-01-16T15:35:39.340+0000] {processor.py:208} INFO - Processing /home/airflow/.local/lib/python3.12/site-packages/airflow/example_dags/example_sla_dag.py took 0.059 seconds
[2025-01-16T15:36:10.038+0000] {processor.py:186} INFO - Started process (PID=1589) to work on /home/airflow/.local/lib/python3.12/site-packages/airflow/example_dags/example_sla_dag.py
[2025-01-16T15:36:10.039+0000] {processor.py:914} INFO - Processing file /home/airflow/.local/lib/python3.12/site-packages/airflow/example_dags/example_sla_dag.py for tasks to queue
[2025-01-16T15:36:10.040+0000] {logging_mixin.py:190} INFO - [2025-01-16T15:36:10.040+0000] {dagbag.py:588} INFO - Filling up the DagBag from /home/airflow/.local/lib/python3.12/site-packages/airflow/example_dags/example_sla_dag.py
[2025-01-16T15:36:10.048+0000] {processor.py:925} INFO - DAG(s) 'example_sla_dag' retrieved from /home/airflow/.local/lib/python3.12/site-packages/airflow/example_dags/example_sla_dag.py
[2025-01-16T15:36:10.064+0000] {logging_mixin.py:190} INFO - [2025-01-16T15:36:10.064+0000] {dag.py:3239} INFO - Sync 1 DAGs
[2025-01-16T15:36:10.084+0000] {logging_mixin.py:190} INFO - [2025-01-16T15:36:10.084+0000] {dag.py:4180} INFO - Setting next_dagrun for example_sla_dag to 2025-01-16 15:34:00+00:00, run_after=2025-01-16 15:36:00+00:00
[2025-01-16T15:36:10.100+0000] {processor.py:208} INFO - Processing /home/airflow/.local/lib/python3.12/site-packages/airflow/example_dags/example_sla_dag.py took 0.067 seconds
[2025-01-16T15:36:41.023+0000] {processor.py:186} INFO - Started process (PID=1885) to work on /home/airflow/.local/lib/python3.12/site-packages/airflow/example_dags/example_sla_dag.py
[2025-01-16T15:36:41.024+0000] {processor.py:914} INFO - Processing file /home/airflow/.local/lib/python3.12/site-packages/airflow/example_dags/example_sla_dag.py for tasks to queue
[2025-01-16T15:36:41.026+0000] {logging_mixin.py:190} INFO - [2025-01-16T15:36:41.025+0000] {dagbag.py:588} INFO - Filling up the DagBag from /home/airflow/.local/lib/python3.12/site-packages/airflow/example_dags/example_sla_dag.py
[2025-01-16T15:36:41.033+0000] {processor.py:925} INFO - DAG(s) 'example_sla_dag' retrieved from /home/airflow/.local/lib/python3.12/site-packages/airflow/example_dags/example_sla_dag.py
[2025-01-16T15:36:41.047+0000] {logging_mixin.py:190} INFO - [2025-01-16T15:36:41.047+0000] {dag.py:3239} INFO - Sync 1 DAGs
[2025-01-16T15:36:41.066+0000] {logging_mixin.py:190} INFO - [2025-01-16T15:36:41.066+0000] {dag.py:4180} INFO - Setting next_dagrun for example_sla_dag to 2025-01-16 15:34:00+00:00, run_after=2025-01-16 15:36:00+00:00
[2025-01-16T15:36:41.081+0000] {processor.py:208} INFO - Processing /home/airflow/.local/lib/python3.12/site-packages/airflow/example_dags/example_sla_dag.py took 0.062 seconds
[2025-01-16T15:37:11.667+0000] {processor.py:186} INFO - Started process (PID=2179) to work on /home/airflow/.local/lib/python3.12/site-packages/airflow/example_dags/example_sla_dag.py
[2025-01-16T15:37:11.668+0000] {processor.py:914} INFO - Processing file /home/airflow/.local/lib/python3.12/site-packages/airflow/example_dags/example_sla_dag.py for tasks to queue
[2025-01-16T15:37:11.669+0000] {logging_mixin.py:190} INFO - [2025-01-16T15:37:11.669+0000] {dagbag.py:588} INFO - Filling up the DagBag from /home/airflow/.local/lib/python3.12/site-packages/airflow/example_dags/example_sla_dag.py
[2025-01-16T15:37:11.677+0000] {processor.py:925} INFO - DAG(s) 'example_sla_dag' retrieved from /home/airflow/.local/lib/python3.12/site-packages/airflow/example_dags/example_sla_dag.py
[2025-01-16T15:37:11.692+0000] {logging_mixin.py:190} INFO - [2025-01-16T15:37:11.692+0000] {dag.py:3239} INFO - Sync 1 DAGs
[2025-01-16T15:37:11.713+0000] {logging_mixin.py:190} INFO - [2025-01-16T15:37:11.713+0000] {dag.py:4180} INFO - Setting next_dagrun for example_sla_dag to 2025-01-16 15:34:00+00:00, run_after=2025-01-16 15:36:00+00:00
[2025-01-16T15:37:11.729+0000] {processor.py:208} INFO - Processing /home/airflow/.local/lib/python3.12/site-packages/airflow/example_dags/example_sla_dag.py took 0.066 seconds
[2025-01-16T15:37:42.522+0000] {processor.py:186} INFO - Started process (PID=2477) to work on /home/airflow/.local/lib/python3.12/site-packages/airflow/example_dags/example_sla_dag.py
[2025-01-16T15:37:42.523+0000] {processor.py:914} INFO - Processing file /home/airflow/.local/lib/python3.12/site-packages/airflow/example_dags/example_sla_dag.py for tasks to queue
[2025-01-16T15:37:42.524+0000] {logging_mixin.py:190} INFO - [2025-01-16T15:37:42.524+0000] {dagbag.py:588} INFO - Filling up the DagBag from /home/airflow/.local/lib/python3.12/site-packages/airflow/example_dags/example_sla_dag.py
[2025-01-16T15:37:42.533+0000] {processor.py:925} INFO - DAG(s) 'example_sla_dag' retrieved from /home/airflow/.local/lib/python3.12/site-packages/airflow/example_dags/example_sla_dag.py
[2025-01-16T15:37:42.547+0000] {logging_mixin.py:190} INFO - [2025-01-16T15:37:42.546+0000] {dag.py:3239} INFO - Sync 1 DAGs
[2025-01-16T15:37:42.566+0000] {logging_mixin.py:190} INFO - [2025-01-16T15:37:42.566+0000] {dag.py:4180} INFO - Setting next_dagrun for example_sla_dag to 2025-01-16 15:34:00+00:00, run_after=2025-01-16 15:36:00+00:00
[2025-01-16T15:37:42.580+0000] {processor.py:208} INFO - Processing /home/airflow/.local/lib/python3.12/site-packages/airflow/example_dags/example_sla_dag.py took 0.063 seconds
[2025-01-16T15:38:13.223+0000] {processor.py:186} INFO - Started process (PID=2771) to work on /home/airflow/.local/lib/python3.12/site-packages/airflow/example_dags/example_sla_dag.py
[2025-01-16T15:38:13.224+0000] {processor.py:914} INFO - Processing file /home/airflow/.local/lib/python3.12/site-packages/airflow/example_dags/example_sla_dag.py for tasks to queue
[2025-01-16T15:38:13.227+0000] {logging_mixin.py:190} INFO - [2025-01-16T15:38:13.226+0000] {dagbag.py:588} INFO - Filling up the DagBag from /home/airflow/.local/lib/python3.12/site-packages/airflow/example_dags/example_sla_dag.py
[2025-01-16T15:38:13.235+0000] {processor.py:925} INFO - DAG(s) 'example_sla_dag' retrieved from /home/airflow/.local/lib/python3.12/site-packages/airflow/example_dags/example_sla_dag.py
[2025-01-16T15:38:13.250+0000] {logging_mixin.py:190} INFO - [2025-01-16T15:38:13.250+0000] {dag.py:3239} INFO - Sync 1 DAGs
[2025-01-16T15:38:13.273+0000] {logging_mixin.py:190} INFO - [2025-01-16T15:38:13.273+0000] {dag.py:4180} INFO - Setting next_dagrun for example_sla_dag to 2025-01-16 15:36:00+00:00, run_after=2025-01-16 15:38:00+00:00
[2025-01-16T15:38:13.291+0000] {processor.py:208} INFO - Processing /home/airflow/.local/lib/python3.12/site-packages/airflow/example_dags/example_sla_dag.py took 0.072 seconds
[2025-01-16T15:38:44.553+0000] {processor.py:186} INFO - Started process (PID=3067) to work on /home/airflow/.local/lib/python3.12/site-packages/airflow/example_dags/example_sla_dag.py
[2025-01-16T15:38:44.554+0000] {processor.py:914} INFO - Processing file /home/airflow/.local/lib/python3.12/site-packages/airflow/example_dags/example_sla_dag.py for tasks to queue
[2025-01-16T15:38:44.556+0000] {logging_mixin.py:190} INFO - [2025-01-16T15:38:44.556+0000] {dagbag.py:588} INFO - Filling up the DagBag from /home/airflow/.local/lib/python3.12/site-packages/airflow/example_dags/example_sla_dag.py
[2025-01-16T15:38:44.564+0000] {processor.py:925} INFO - DAG(s) 'example_sla_dag' retrieved from /home/airflow/.local/lib/python3.12/site-packages/airflow/example_dags/example_sla_dag.py
[2025-01-16T15:38:44.578+0000] {logging_mixin.py:190} INFO - [2025-01-16T15:38:44.578+0000] {dag.py:3239} INFO - Sync 1 DAGs
[2025-01-16T15:38:44.598+0000] {logging_mixin.py:190} INFO - [2025-01-16T15:38:44.598+0000] {dag.py:4180} INFO - Setting next_dagrun for example_sla_dag to 2025-01-16 15:36:00+00:00, run_after=2025-01-16 15:38:00+00:00
[2025-01-16T15:38:44.612+0000] {processor.py:208} INFO - Processing /home/airflow/.local/lib/python3.12/site-packages/airflow/example_dags/example_sla_dag.py took 0.063 seconds
[2025-01-16T15:39:16.050+0000] {processor.py:186} INFO - Started process (PID=3368) to work on /home/airflow/.local/lib/python3.12/site-packages/airflow/example_dags/example_sla_dag.py
[2025-01-16T15:39:16.051+0000] {processor.py:914} INFO - Processing file /home/airflow/.local/lib/python3.12/site-packages/airflow/example_dags/example_sla_dag.py for tasks to queue
[2025-01-16T15:39:16.052+0000] {logging_mixin.py:190} INFO - [2025-01-16T15:39:16.052+0000] {dagbag.py:588} INFO - Filling up the DagBag from /home/airflow/.local/lib/python3.12/site-packages/airflow/example_dags/example_sla_dag.py
[2025-01-16T15:39:16.060+0000] {processor.py:925} INFO - DAG(s) 'example_sla_dag' retrieved from /home/airflow/.local/lib/python3.12/site-packages/airflow/example_dags/example_sla_dag.py
[2025-01-16T15:39:16.077+0000] {logging_mixin.py:190} INFO - [2025-01-16T15:39:16.076+0000] {dag.py:3239} INFO - Sync 1 DAGs
[2025-01-16T15:39:16.098+0000] {logging_mixin.py:190} INFO - [2025-01-16T15:39:16.098+0000] {dag.py:4180} INFO - Setting next_dagrun for example_sla_dag to 2025-01-16 15:36:00+00:00, run_after=2025-01-16 15:38:00+00:00
[2025-01-16T15:39:16.114+0000] {processor.py:208} INFO - Processing /home/airflow/.local/lib/python3.12/site-packages/airflow/example_dags/example_sla_dag.py took 0.069 seconds
[2025-01-16T15:39:46.284+0000] {processor.py:186} INFO - Started process (PID=3659) to work on /home/airflow/.local/lib/python3.12/site-packages/airflow/example_dags/example_sla_dag.py
[2025-01-16T15:39:46.284+0000] {processor.py:914} INFO - Processing file /home/airflow/.local/lib/python3.12/site-packages/airflow/example_dags/example_sla_dag.py for tasks to queue
[2025-01-16T15:39:46.286+0000] {logging_mixin.py:190} INFO - [2025-01-16T15:39:46.286+0000] {dagbag.py:588} INFO - Filling up the DagBag from /home/airflow/.local/lib/python3.12/site-packages/airflow/example_dags/example_sla_dag.py
[2025-01-16T15:39:46.293+0000] {processor.py:925} INFO - DAG(s) 'example_sla_dag' retrieved from /home/airflow/.local/lib/python3.12/site-packages/airflow/example_dags/example_sla_dag.py
[2025-01-16T15:39:46.307+0000] {logging_mixin.py:190} INFO - [2025-01-16T15:39:46.307+0000] {dag.py:3239} INFO - Sync 1 DAGs
[2025-01-16T15:39:46.327+0000] {logging_mixin.py:190} INFO - [2025-01-16T15:39:46.327+0000] {dag.py:4180} INFO - Setting next_dagrun for example_sla_dag to 2025-01-16 15:36:00+00:00, run_after=2025-01-16 15:38:00+00:00
[2025-01-16T15:39:46.343+0000] {processor.py:208} INFO - Processing /home/airflow/.local/lib/python3.12/site-packages/airflow/example_dags/example_sla_dag.py took 0.063 seconds
[2025-01-16T15:40:17.743+0000] {processor.py:186} INFO - Started process (PID=3955) to work on /home/airflow/.local/lib/python3.12/site-packages/airflow/example_dags/example_sla_dag.py
[2025-01-16T15:40:17.744+0000] {processor.py:914} INFO - Processing file /home/airflow/.local/lib/python3.12/site-packages/airflow/example_dags/example_sla_dag.py for tasks to queue
[2025-01-16T15:40:17.747+0000] {logging_mixin.py:190} INFO - [2025-01-16T15:40:17.746+0000] {dagbag.py:588} INFO - Filling up the DagBag from /home/airflow/.local/lib/python3.12/site-packages/airflow/example_dags/example_sla_dag.py
[2025-01-16T15:40:17.755+0000] {processor.py:925} INFO - DAG(s) 'example_sla_dag' retrieved from /home/airflow/.local/lib/python3.12/site-packages/airflow/example_dags/example_sla_dag.py
[2025-01-16T15:40:17.770+0000] {logging_mixin.py:190} INFO - [2025-01-16T15:40:17.770+0000] {dag.py:3239} INFO - Sync 1 DAGs
[2025-01-16T15:40:17.805+0000] {logging_mixin.py:190} INFO - [2025-01-16T15:40:17.805+0000] {dag.py:4180} INFO - Setting next_dagrun for example_sla_dag to 2025-01-16 15:38:00+00:00, run_after=2025-01-16 15:40:00+00:00
[2025-01-16T15:40:17.822+0000] {processor.py:208} INFO - Processing /home/airflow/.local/lib/python3.12/site-packages/airflow/example_dags/example_sla_dag.py took 0.083 seconds
[2025-01-16T15:40:50.073+0000] {processor.py:186} INFO - Started process (PID=4256) to work on /home/airflow/.local/lib/python3.12/site-packages/airflow/example_dags/example_sla_dag.py
[2025-01-16T15:40:50.074+0000] {processor.py:914} INFO - Processing file /home/airflow/.local/lib/python3.12/site-packages/airflow/example_dags/example_sla_dag.py for tasks to queue
[2025-01-16T15:40:50.076+0000] {logging_mixin.py:190} INFO - [2025-01-16T15:40:50.076+0000] {dagbag.py:588} INFO - Filling up the DagBag from /home/airflow/.local/lib/python3.12/site-packages/airflow/example_dags/example_sla_dag.py
[2025-01-16T15:40:50.084+0000] {processor.py:925} INFO - DAG(s) 'example_sla_dag' retrieved from /home/airflow/.local/lib/python3.12/site-packages/airflow/example_dags/example_sla_dag.py
[2025-01-16T15:40:50.099+0000] {logging_mixin.py:190} INFO - [2025-01-16T15:40:50.098+0000] {dag.py:3239} INFO - Sync 1 DAGs
[2025-01-16T15:40:50.119+0000] {logging_mixin.py:190} INFO - [2025-01-16T15:40:50.118+0000] {dag.py:4180} INFO - Setting next_dagrun for example_sla_dag to 2025-01-16 15:38:00+00:00, run_after=2025-01-16 15:40:00+00:00
[2025-01-16T15:40:50.133+0000] {processor.py:208} INFO - Processing /home/airflow/.local/lib/python3.12/site-packages/airflow/example_dags/example_sla_dag.py took 0.065 seconds
[2025-01-16T15:41:20.539+0000] {processor.py:186} INFO - Started process (PID=4552) to work on /home/airflow/.local/lib/python3.12/site-packages/airflow/example_dags/example_sla_dag.py
[2025-01-16T15:41:20.540+0000] {processor.py:914} INFO - Processing file /home/airflow/.local/lib/python3.12/site-packages/airflow/example_dags/example_sla_dag.py for tasks to queue
[2025-01-16T15:41:20.542+0000] {logging_mixin.py:190} INFO - [2025-01-16T15:41:20.542+0000] {dagbag.py:588} INFO - Filling up the DagBag from /home/airflow/.local/lib/python3.12/site-packages/airflow/example_dags/example_sla_dag.py
[2025-01-16T15:41:20.549+0000] {processor.py:925} INFO - DAG(s) 'example_sla_dag' retrieved from /home/airflow/.local/lib/python3.12/site-packages/airflow/example_dags/example_sla_dag.py
[2025-01-16T15:41:20.564+0000] {logging_mixin.py:190} INFO - [2025-01-16T15:41:20.564+0000] {dag.py:3239} INFO - Sync 1 DAGs
[2025-01-16T15:41:20.582+0000] {logging_mixin.py:190} INFO - [2025-01-16T15:41:20.581+0000] {dag.py:4180} INFO - Setting next_dagrun for example_sla_dag to 2025-01-16 15:38:00+00:00, run_after=2025-01-16 15:40:00+00:00
[2025-01-16T15:41:20.595+0000] {processor.py:208} INFO - Processing /home/airflow/.local/lib/python3.12/site-packages/airflow/example_dags/example_sla_dag.py took 0.060 seconds
[2025-01-16T15:41:51.993+0000] {processor.py:186} INFO - Started process (PID=4848) to work on /home/airflow/.local/lib/python3.12/site-packages/airflow/example_dags/example_sla_dag.py
[2025-01-16T15:41:51.994+0000] {processor.py:914} INFO - Processing file /home/airflow/.local/lib/python3.12/site-packages/airflow/example_dags/example_sla_dag.py for tasks to queue
[2025-01-16T15:41:51.996+0000] {logging_mixin.py:190} INFO - [2025-01-16T15:41:51.996+0000] {dagbag.py:588} INFO - Filling up the DagBag from /home/airflow/.local/lib/python3.12/site-packages/airflow/example_dags/example_sla_dag.py
[2025-01-16T15:41:52.003+0000] {processor.py:925} INFO - DAG(s) 'example_sla_dag' retrieved from /home/airflow/.local/lib/python3.12/site-packages/airflow/example_dags/example_sla_dag.py
[2025-01-16T15:41:52.018+0000] {logging_mixin.py:190} INFO - [2025-01-16T15:41:52.017+0000] {dag.py:3239} INFO - Sync 1 DAGs
[2025-01-16T15:41:52.036+0000] {logging_mixin.py:190} INFO - [2025-01-16T15:41:52.036+0000] {dag.py:4180} INFO - Setting next_dagrun for example_sla_dag to 2025-01-16 15:38:00+00:00, run_after=2025-01-16 15:40:00+00:00
[2025-01-16T15:41:52.049+0000] {processor.py:208} INFO - Processing /home/airflow/.local/lib/python3.12/site-packages/airflow/example_dags/example_sla_dag.py took 0.060 seconds
[2025-01-16T15:42:23.342+0000] {processor.py:186} INFO - Started process (PID=5144) to work on /home/airflow/.local/lib/python3.12/site-packages/airflow/example_dags/example_sla_dag.py
[2025-01-16T15:42:23.343+0000] {processor.py:914} INFO - Processing file /home/airflow/.local/lib/python3.12/site-packages/airflow/example_dags/example_sla_dag.py for tasks to queue
[2025-01-16T15:42:23.344+0000] {logging_mixin.py:190} INFO - [2025-01-16T15:42:23.344+0000] {dagbag.py:588} INFO - Filling up the DagBag from /home/airflow/.local/lib/python3.12/site-packages/airflow/example_dags/example_sla_dag.py
[2025-01-16T15:42:23.352+0000] {processor.py:925} INFO - DAG(s) 'example_sla_dag' retrieved from /home/airflow/.local/lib/python3.12/site-packages/airflow/example_dags/example_sla_dag.py
[2025-01-16T15:42:23.367+0000] {logging_mixin.py:190} INFO - [2025-01-16T15:42:23.367+0000] {dag.py:3239} INFO - Sync 1 DAGs
[2025-01-16T15:42:23.388+0000] {logging_mixin.py:190} INFO - [2025-01-16T15:42:23.387+0000] {dag.py:4180} INFO - Setting next_dagrun for example_sla_dag to 2025-01-16 15:40:00+00:00, run_after=2025-01-16 15:42:00+00:00
[2025-01-16T15:42:23.401+0000] {processor.py:208} INFO - Processing /home/airflow/.local/lib/python3.12/site-packages/airflow/example_dags/example_sla_dag.py took 0.064 seconds
[2025-01-16T15:42:54.515+0000] {processor.py:186} INFO - Started process (PID=5440) to work on /home/airflow/.local/lib/python3.12/site-packages/airflow/example_dags/example_sla_dag.py
[2025-01-16T15:42:54.516+0000] {processor.py:914} INFO - Processing file /home/airflow/.local/lib/python3.12/site-packages/airflow/example_dags/example_sla_dag.py for tasks to queue
[2025-01-16T15:42:54.518+0000] {logging_mixin.py:190} INFO - [2025-01-16T15:42:54.518+0000] {dagbag.py:588} INFO - Filling up the DagBag from /home/airflow/.local/lib/python3.12/site-packages/airflow/example_dags/example_sla_dag.py
[2025-01-16T15:42:54.525+0000] {processor.py:925} INFO - DAG(s) 'example_sla_dag' retrieved from /home/airflow/.local/lib/python3.12/site-packages/airflow/example_dags/example_sla_dag.py
[2025-01-16T15:42:54.540+0000] {logging_mixin.py:190} INFO - [2025-01-16T15:42:54.540+0000] {dag.py:3239} INFO - Sync 1 DAGs
[2025-01-16T15:42:54.559+0000] {logging_mixin.py:190} INFO - [2025-01-16T15:42:54.559+0000] {dag.py:4180} INFO - Setting next_dagrun for example_sla_dag to 2025-01-16 15:40:00+00:00, run_after=2025-01-16 15:42:00+00:00
[2025-01-16T15:42:54.571+0000] {processor.py:208} INFO - Processing /home/airflow/.local/lib/python3.12/site-packages/airflow/example_dags/example_sla_dag.py took 0.061 seconds
[2025-01-16T15:43:25.592+0000] {processor.py:186} INFO - Started process (PID=5736) to work on /home/airflow/.local/lib/python3.12/site-packages/airflow/example_dags/example_sla_dag.py
[2025-01-16T15:43:25.593+0000] {processor.py:914} INFO - Processing file /home/airflow/.local/lib/python3.12/site-packages/airflow/example_dags/example_sla_dag.py for tasks to queue
[2025-01-16T15:43:25.594+0000] {logging_mixin.py:190} INFO - [2025-01-16T15:43:25.594+0000] {dagbag.py:588} INFO - Filling up the DagBag from /home/airflow/.local/lib/python3.12/site-packages/airflow/example_dags/example_sla_dag.py
[2025-01-16T15:43:25.601+0000] {processor.py:925} INFO - DAG(s) 'example_sla_dag' retrieved from /home/airflow/.local/lib/python3.12/site-packages/airflow/example_dags/example_sla_dag.py
[2025-01-16T15:43:25.616+0000] {logging_mixin.py:190} INFO - [2025-01-16T15:43:25.616+0000] {dag.py:3239} INFO - Sync 1 DAGs
[2025-01-16T15:43:25.638+0000] {logging_mixin.py:190} INFO - [2025-01-16T15:43:25.638+0000] {dag.py:4180} INFO - Setting next_dagrun for example_sla_dag to 2025-01-16 15:40:00+00:00, run_after=2025-01-16 15:42:00+00:00
[2025-01-16T15:43:25.653+0000] {processor.py:208} INFO - Processing /home/airflow/.local/lib/python3.12/site-packages/airflow/example_dags/example_sla_dag.py took 0.065 seconds
[2025-01-16T15:43:57.446+0000] {processor.py:186} INFO - Started process (PID=6032) to work on /home/airflow/.local/lib/python3.12/site-packages/airflow/example_dags/example_sla_dag.py
[2025-01-16T15:43:57.446+0000] {processor.py:914} INFO - Processing file /home/airflow/.local/lib/python3.12/site-packages/airflow/example_dags/example_sla_dag.py for tasks to queue
[2025-01-16T15:43:57.448+0000] {logging_mixin.py:190} INFO - [2025-01-16T15:43:57.448+0000] {dagbag.py:588} INFO - Filling up the DagBag from /home/airflow/.local/lib/python3.12/site-packages/airflow/example_dags/example_sla_dag.py
[2025-01-16T15:43:57.455+0000] {processor.py:925} INFO - DAG(s) 'example_sla_dag' retrieved from /home/airflow/.local/lib/python3.12/site-packages/airflow/example_dags/example_sla_dag.py
[2025-01-16T15:43:57.470+0000] {logging_mixin.py:190} INFO - [2025-01-16T15:43:57.469+0000] {dag.py:3239} INFO - Sync 1 DAGs
[2025-01-16T15:43:57.490+0000] {logging_mixin.py:190} INFO - [2025-01-16T15:43:57.490+0000] {dag.py:4180} INFO - Setting next_dagrun for example_sla_dag to 2025-01-16 15:40:00+00:00, run_after=2025-01-16 15:42:00+00:00
[2025-01-16T15:43:57.505+0000] {processor.py:208} INFO - Processing /home/airflow/.local/lib/python3.12/site-packages/airflow/example_dags/example_sla_dag.py took 0.064 seconds
[2025-01-16T15:44:28.643+0000] {processor.py:186} INFO - Started process (PID=6328) to work on /home/airflow/.local/lib/python3.12/site-packages/airflow/example_dags/example_sla_dag.py
[2025-01-16T15:44:28.644+0000] {processor.py:914} INFO - Processing file /home/airflow/.local/lib/python3.12/site-packages/airflow/example_dags/example_sla_dag.py for tasks to queue
[2025-01-16T15:44:28.646+0000] {logging_mixin.py:190} INFO - [2025-01-16T15:44:28.645+0000] {dagbag.py:588} INFO - Filling up the DagBag from /home/airflow/.local/lib/python3.12/site-packages/airflow/example_dags/example_sla_dag.py
[2025-01-16T15:44:28.653+0000] {processor.py:925} INFO - DAG(s) 'example_sla_dag' retrieved from /home/airflow/.local/lib/python3.12/site-packages/airflow/example_dags/example_sla_dag.py
[2025-01-16T15:44:28.667+0000] {logging_mixin.py:190} INFO - [2025-01-16T15:44:28.667+0000] {dag.py:3239} INFO - Sync 1 DAGs
[2025-01-16T15:44:28.687+0000] {logging_mixin.py:190} INFO - [2025-01-16T15:44:28.687+0000] {dag.py:4180} INFO - Setting next_dagrun for example_sla_dag to 2025-01-16 15:42:00+00:00, run_after=2025-01-16 15:44:00+00:00
[2025-01-16T15:44:28.700+0000] {processor.py:208} INFO - Processing /home/airflow/.local/lib/python3.12/site-packages/airflow/example_dags/example_sla_dag.py took 0.062 seconds
[2025-01-16T15:44:59.624+0000] {processor.py:186} INFO - Started process (PID=6624) to work on /home/airflow/.local/lib/python3.12/site-packages/airflow/example_dags/example_sla_dag.py
[2025-01-16T15:44:59.625+0000] {processor.py:914} INFO - Processing file /home/airflow/.local/lib/python3.12/site-packages/airflow/example_dags/example_sla_dag.py for tasks to queue
[2025-01-16T15:44:59.627+0000] {logging_mixin.py:190} INFO - [2025-01-16T15:44:59.626+0000] {dagbag.py:588} INFO - Filling up the DagBag from /home/airflow/.local/lib/python3.12/site-packages/airflow/example_dags/example_sla_dag.py
[2025-01-16T15:44:59.634+0000] {processor.py:925} INFO - DAG(s) 'example_sla_dag' retrieved from /home/airflow/.local/lib/python3.12/site-packages/airflow/example_dags/example_sla_dag.py
[2025-01-16T15:44:59.648+0000] {logging_mixin.py:190} INFO - [2025-01-16T15:44:59.648+0000] {dag.py:3239} INFO - Sync 1 DAGs
[2025-01-16T15:44:59.667+0000] {logging_mixin.py:190} INFO - [2025-01-16T15:44:59.666+0000] {dag.py:4180} INFO - Setting next_dagrun for example_sla_dag to 2025-01-16 15:42:00+00:00, run_after=2025-01-16 15:44:00+00:00
[2025-01-16T15:44:59.680+0000] {processor.py:208} INFO - Processing /home/airflow/.local/lib/python3.12/site-packages/airflow/example_dags/example_sla_dag.py took 0.060 seconds
[2025-01-16T15:45:30.891+0000] {processor.py:186} INFO - Started process (PID=6926) to work on /home/airflow/.local/lib/python3.12/site-packages/airflow/example_dags/example_sla_dag.py
[2025-01-16T15:45:30.892+0000] {processor.py:914} INFO - Processing file /home/airflow/.local/lib/python3.12/site-packages/airflow/example_dags/example_sla_dag.py for tasks to queue
[2025-01-16T15:45:30.894+0000] {logging_mixin.py:190} INFO - [2025-01-16T15:45:30.894+0000] {dagbag.py:588} INFO - Filling up the DagBag from /home/airflow/.local/lib/python3.12/site-packages/airflow/example_dags/example_sla_dag.py
[2025-01-16T15:45:30.902+0000] {processor.py:925} INFO - DAG(s) 'example_sla_dag' retrieved from /home/airflow/.local/lib/python3.12/site-packages/airflow/example_dags/example_sla_dag.py
[2025-01-16T15:45:30.923+0000] {logging_mixin.py:190} INFO - [2025-01-16T15:45:30.922+0000] {dag.py:3239} INFO - Sync 1 DAGs
[2025-01-16T15:45:30.952+0000] {logging_mixin.py:190} INFO - [2025-01-16T15:45:30.952+0000] {dag.py:4180} INFO - Setting next_dagrun for example_sla_dag to 2025-01-16 15:42:00+00:00, run_after=2025-01-16 15:44:00+00:00
[2025-01-16T15:45:30.974+0000] {processor.py:208} INFO - Processing /home/airflow/.local/lib/python3.12/site-packages/airflow/example_dags/example_sla_dag.py took 0.087 seconds
[2025-01-16T15:46:02.648+0000] {processor.py:186} INFO - Started process (PID=7222) to work on /home/airflow/.local/lib/python3.12/site-packages/airflow/example_dags/example_sla_dag.py
[2025-01-16T15:46:02.649+0000] {processor.py:914} INFO - Processing file /home/airflow/.local/lib/python3.12/site-packages/airflow/example_dags/example_sla_dag.py for tasks to queue
[2025-01-16T15:46:02.650+0000] {logging_mixin.py:190} INFO - [2025-01-16T15:46:02.650+0000] {dagbag.py:588} INFO - Filling up the DagBag from /home/airflow/.local/lib/python3.12/site-packages/airflow/example_dags/example_sla_dag.py
[2025-01-16T15:46:02.660+0000] {processor.py:925} INFO - DAG(s) 'example_sla_dag' retrieved from /home/airflow/.local/lib/python3.12/site-packages/airflow/example_dags/example_sla_dag.py
[2025-01-16T15:46:02.678+0000] {logging_mixin.py:190} INFO - [2025-01-16T15:46:02.677+0000] {dag.py:3239} INFO - Sync 1 DAGs
[2025-01-16T15:46:02.700+0000] {logging_mixin.py:190} INFO - [2025-01-16T15:46:02.700+0000] {dag.py:4180} INFO - Setting next_dagrun for example_sla_dag to 2025-01-16 15:44:00+00:00, run_after=2025-01-16 15:46:00+00:00
[2025-01-16T15:46:02.714+0000] {processor.py:208} INFO - Processing /home/airflow/.local/lib/python3.12/site-packages/airflow/example_dags/example_sla_dag.py took 0.071 seconds
[2025-01-16T15:46:33.661+0000] {processor.py:186} INFO - Started process (PID=7518) to work on /home/airflow/.local/lib/python3.12/site-packages/airflow/example_dags/example_sla_dag.py
[2025-01-16T15:46:33.662+0000] {processor.py:914} INFO - Processing file /home/airflow/.local/lib/python3.12/site-packages/airflow/example_dags/example_sla_dag.py for tasks to queue
[2025-01-16T15:46:33.664+0000] {logging_mixin.py:190} INFO - [2025-01-16T15:46:33.663+0000] {dagbag.py:588} INFO - Filling up the DagBag from /home/airflow/.local/lib/python3.12/site-packages/airflow/example_dags/example_sla_dag.py
[2025-01-16T15:46:33.671+0000] {processor.py:925} INFO - DAG(s) 'example_sla_dag' retrieved from /home/airflow/.local/lib/python3.12/site-packages/airflow/example_dags/example_sla_dag.py
[2025-01-16T15:46:33.686+0000] {logging_mixin.py:190} INFO - [2025-01-16T15:46:33.685+0000] {dag.py:3239} INFO - Sync 1 DAGs
[2025-01-16T15:46:33.705+0000] {logging_mixin.py:190} INFO - [2025-01-16T15:46:33.705+0000] {dag.py:4180} INFO - Setting next_dagrun for example_sla_dag to 2025-01-16 15:44:00+00:00, run_after=2025-01-16 15:46:00+00:00
[2025-01-16T15:46:33.718+0000] {processor.py:208} INFO - Processing /home/airflow/.local/lib/python3.12/site-packages/airflow/example_dags/example_sla_dag.py took 0.061 seconds
[2025-01-16T15:47:04.311+0000] {processor.py:186} INFO - Started process (PID=7814) to work on /home/airflow/.local/lib/python3.12/site-packages/airflow/example_dags/example_sla_dag.py
[2025-01-16T15:47:04.312+0000] {processor.py:914} INFO - Processing file /home/airflow/.local/lib/python3.12/site-packages/airflow/example_dags/example_sla_dag.py for tasks to queue
[2025-01-16T15:47:04.314+0000] {logging_mixin.py:190} INFO - [2025-01-16T15:47:04.314+0000] {dagbag.py:588} INFO - Filling up the DagBag from /home/airflow/.local/lib/python3.12/site-packages/airflow/example_dags/example_sla_dag.py
[2025-01-16T15:47:04.321+0000] {processor.py:925} INFO - DAG(s) 'example_sla_dag' retrieved from /home/airflow/.local/lib/python3.12/site-packages/airflow/example_dags/example_sla_dag.py
[2025-01-16T15:47:04.335+0000] {logging_mixin.py:190} INFO - [2025-01-16T15:47:04.335+0000] {dag.py:3239} INFO - Sync 1 DAGs
[2025-01-16T15:47:04.355+0000] {logging_mixin.py:190} INFO - [2025-01-16T15:47:04.355+0000] {dag.py:4180} INFO - Setting next_dagrun for example_sla_dag to 2025-01-16 15:44:00+00:00, run_after=2025-01-16 15:46:00+00:00
[2025-01-16T15:47:04.369+0000] {processor.py:208} INFO - Processing /home/airflow/.local/lib/python3.12/site-packages/airflow/example_dags/example_sla_dag.py took 0.062 seconds
[2025-01-16T15:47:35.224+0000] {processor.py:186} INFO - Started process (PID=8110) to work on /home/airflow/.local/lib/python3.12/site-packages/airflow/example_dags/example_sla_dag.py
[2025-01-16T15:47:35.225+0000] {processor.py:914} INFO - Processing file /home/airflow/.local/lib/python3.12/site-packages/airflow/example_dags/example_sla_dag.py for tasks to queue
[2025-01-16T15:47:35.226+0000] {logging_mixin.py:190} INFO - [2025-01-16T15:47:35.226+0000] {dagbag.py:588} INFO - Filling up the DagBag from /home/airflow/.local/lib/python3.12/site-packages/airflow/example_dags/example_sla_dag.py
[2025-01-16T15:47:35.234+0000] {processor.py:925} INFO - DAG(s) 'example_sla_dag' retrieved from /home/airflow/.local/lib/python3.12/site-packages/airflow/example_dags/example_sla_dag.py
[2025-01-16T15:47:35.249+0000] {logging_mixin.py:190} INFO - [2025-01-16T15:47:35.248+0000] {dag.py:3239} INFO - Sync 1 DAGs
[2025-01-16T15:47:35.268+0000] {logging_mixin.py:190} INFO - [2025-01-16T15:47:35.267+0000] {dag.py:4180} INFO - Setting next_dagrun for example_sla_dag to 2025-01-16 15:44:00+00:00, run_after=2025-01-16 15:46:00+00:00
[2025-01-16T15:47:35.281+0000] {processor.py:208} INFO - Processing /home/airflow/.local/lib/python3.12/site-packages/airflow/example_dags/example_sla_dag.py took 0.061 seconds
[2025-01-16T15:48:06.773+0000] {processor.py:186} INFO - Started process (PID=8406) to work on /home/airflow/.local/lib/python3.12/site-packages/airflow/example_dags/example_sla_dag.py
[2025-01-16T15:48:06.774+0000] {processor.py:914} INFO - Processing file /home/airflow/.local/lib/python3.12/site-packages/airflow/example_dags/example_sla_dag.py for tasks to queue
[2025-01-16T15:48:06.775+0000] {logging_mixin.py:190} INFO - [2025-01-16T15:48:06.775+0000] {dagbag.py:588} INFO - Filling up the DagBag from /home/airflow/.local/lib/python3.12/site-packages/airflow/example_dags/example_sla_dag.py
[2025-01-16T15:48:06.783+0000] {processor.py:925} INFO - DAG(s) 'example_sla_dag' retrieved from /home/airflow/.local/lib/python3.12/site-packages/airflow/example_dags/example_sla_dag.py
[2025-01-16T15:48:06.798+0000] {logging_mixin.py:190} INFO - [2025-01-16T15:48:06.798+0000] {dag.py:3239} INFO - Sync 1 DAGs
[2025-01-16T15:48:06.817+0000] {logging_mixin.py:190} INFO - [2025-01-16T15:48:06.817+0000] {dag.py:4180} INFO - Setting next_dagrun for example_sla_dag to 2025-01-16 15:46:00+00:00, run_after=2025-01-16 15:48:00+00:00
[2025-01-16T15:48:06.830+0000] {processor.py:208} INFO - Processing /home/airflow/.local/lib/python3.12/site-packages/airflow/example_dags/example_sla_dag.py took 0.062 seconds
[2025-01-16T15:48:37.654+0000] {processor.py:186} INFO - Started process (PID=8704) to work on /home/airflow/.local/lib/python3.12/site-packages/airflow/example_dags/example_sla_dag.py
[2025-01-16T15:48:37.655+0000] {processor.py:914} INFO - Processing file /home/airflow/.local/lib/python3.12/site-packages/airflow/example_dags/example_sla_dag.py for tasks to queue
[2025-01-16T15:48:37.657+0000] {logging_mixin.py:190} INFO - [2025-01-16T15:48:37.657+0000] {dagbag.py:588} INFO - Filling up the DagBag from /home/airflow/.local/lib/python3.12/site-packages/airflow/example_dags/example_sla_dag.py
[2025-01-16T15:48:37.664+0000] {processor.py:925} INFO - DAG(s) 'example_sla_dag' retrieved from /home/airflow/.local/lib/python3.12/site-packages/airflow/example_dags/example_sla_dag.py
[2025-01-16T15:48:37.678+0000] {logging_mixin.py:190} INFO - [2025-01-16T15:48:37.678+0000] {dag.py:3239} INFO - Sync 1 DAGs
[2025-01-16T15:48:37.696+0000] {logging_mixin.py:190} INFO - [2025-01-16T15:48:37.696+0000] {dag.py:4180} INFO - Setting next_dagrun for example_sla_dag to 2025-01-16 15:46:00+00:00, run_after=2025-01-16 15:48:00+00:00
[2025-01-16T15:48:37.709+0000] {processor.py:208} INFO - Processing /home/airflow/.local/lib/python3.12/site-packages/airflow/example_dags/example_sla_dag.py took 0.059 seconds
[2025-01-16T15:49:10.288+0000] {processor.py:186} INFO - Started process (PID=9038) to work on /home/airflow/.local/lib/python3.12/site-packages/airflow/example_dags/example_sla_dag.py
[2025-01-16T15:49:10.288+0000] {processor.py:914} INFO - Processing file /home/airflow/.local/lib/python3.12/site-packages/airflow/example_dags/example_sla_dag.py for tasks to queue
[2025-01-16T15:49:10.290+0000] {logging_mixin.py:190} INFO - [2025-01-16T15:49:10.290+0000] {dagbag.py:588} INFO - Filling up the DagBag from /home/airflow/.local/lib/python3.12/site-packages/airflow/example_dags/example_sla_dag.py
[2025-01-16T15:49:10.298+0000] {processor.py:925} INFO - DAG(s) 'example_sla_dag' retrieved from /home/airflow/.local/lib/python3.12/site-packages/airflow/example_dags/example_sla_dag.py
[2025-01-16T15:49:10.315+0000] {logging_mixin.py:190} INFO - [2025-01-16T15:49:10.315+0000] {dag.py:3239} INFO - Sync 1 DAGs
[2025-01-16T15:49:10.342+0000] {logging_mixin.py:190} INFO - [2025-01-16T15:49:10.342+0000] {dag.py:4180} INFO - Setting next_dagrun for example_sla_dag to 2025-01-16 15:46:00+00:00, run_after=2025-01-16 15:48:00+00:00
[2025-01-16T15:49:10.358+0000] {processor.py:208} INFO - Processing /home/airflow/.local/lib/python3.12/site-packages/airflow/example_dags/example_sla_dag.py took 0.075 seconds
[2025-01-16T15:49:41.324+0000] {processor.py:186} INFO - Started process (PID=9334) to work on /home/airflow/.local/lib/python3.12/site-packages/airflow/example_dags/example_sla_dag.py
[2025-01-16T15:49:41.325+0000] {processor.py:914} INFO - Processing file /home/airflow/.local/lib/python3.12/site-packages/airflow/example_dags/example_sla_dag.py for tasks to queue
[2025-01-16T15:49:41.327+0000] {logging_mixin.py:190} INFO - [2025-01-16T15:49:41.327+0000] {dagbag.py:588} INFO - Filling up the DagBag from /home/airflow/.local/lib/python3.12/site-packages/airflow/example_dags/example_sla_dag.py
[2025-01-16T15:49:41.334+0000] {processor.py:925} INFO - DAG(s) 'example_sla_dag' retrieved from /home/airflow/.local/lib/python3.12/site-packages/airflow/example_dags/example_sla_dag.py
[2025-01-16T15:49:41.353+0000] {logging_mixin.py:190} INFO - [2025-01-16T15:49:41.352+0000] {dag.py:3239} INFO - Sync 1 DAGs
[2025-01-16T15:49:41.371+0000] {logging_mixin.py:190} INFO - [2025-01-16T15:49:41.371+0000] {dag.py:4180} INFO - Setting next_dagrun for example_sla_dag to 2025-01-16 15:46:00+00:00, run_after=2025-01-16 15:48:00+00:00
[2025-01-16T15:49:41.385+0000] {processor.py:208} INFO - Processing /home/airflow/.local/lib/python3.12/site-packages/airflow/example_dags/example_sla_dag.py took 0.065 seconds
[2025-01-16T15:50:12.426+0000] {processor.py:186} INFO - Started process (PID=9630) to work on /home/airflow/.local/lib/python3.12/site-packages/airflow/example_dags/example_sla_dag.py
[2025-01-16T15:50:12.427+0000] {processor.py:914} INFO - Processing file /home/airflow/.local/lib/python3.12/site-packages/airflow/example_dags/example_sla_dag.py for tasks to queue
[2025-01-16T15:50:12.429+0000] {logging_mixin.py:190} INFO - [2025-01-16T15:50:12.429+0000] {dagbag.py:588} INFO - Filling up the DagBag from /home/airflow/.local/lib/python3.12/site-packages/airflow/example_dags/example_sla_dag.py
[2025-01-16T15:50:12.438+0000] {processor.py:925} INFO - DAG(s) 'example_sla_dag' retrieved from /home/airflow/.local/lib/python3.12/site-packages/airflow/example_dags/example_sla_dag.py
[2025-01-16T15:50:12.458+0000] {logging_mixin.py:190} INFO - [2025-01-16T15:50:12.457+0000] {dag.py:3239} INFO - Sync 1 DAGs
[2025-01-16T15:50:12.481+0000] {logging_mixin.py:190} INFO - [2025-01-16T15:50:12.480+0000] {dag.py:4180} INFO - Setting next_dagrun for example_sla_dag to 2025-01-16 15:48:00+00:00, run_after=2025-01-16 15:50:00+00:00
[2025-01-16T15:50:12.501+0000] {processor.py:208} INFO - Processing /home/airflow/.local/lib/python3.12/site-packages/airflow/example_dags/example_sla_dag.py took 0.080 seconds
[2025-01-16T15:50:43.025+0000] {processor.py:186} INFO - Started process (PID=9921) to work on /home/airflow/.local/lib/python3.12/site-packages/airflow/example_dags/example_sla_dag.py
[2025-01-16T15:50:43.026+0000] {processor.py:914} INFO - Processing file /home/airflow/.local/lib/python3.12/site-packages/airflow/example_dags/example_sla_dag.py for tasks to queue
[2025-01-16T15:50:43.028+0000] {logging_mixin.py:190} INFO - [2025-01-16T15:50:43.028+0000] {dagbag.py:588} INFO - Filling up the DagBag from /home/airflow/.local/lib/python3.12/site-packages/airflow/example_dags/example_sla_dag.py
[2025-01-16T15:50:43.035+0000] {processor.py:925} INFO - DAG(s) 'example_sla_dag' retrieved from /home/airflow/.local/lib/python3.12/site-packages/airflow/example_dags/example_sla_dag.py
[2025-01-16T15:50:43.052+0000] {logging_mixin.py:190} INFO - [2025-01-16T15:50:43.051+0000] {dag.py:3239} INFO - Sync 1 DAGs
[2025-01-16T15:50:43.071+0000] {logging_mixin.py:190} INFO - [2025-01-16T15:50:43.071+0000] {dag.py:4180} INFO - Setting next_dagrun for example_sla_dag to 2025-01-16 15:48:00+00:00, run_after=2025-01-16 15:50:00+00:00
[2025-01-16T15:50:43.086+0000] {processor.py:208} INFO - Processing /home/airflow/.local/lib/python3.12/site-packages/airflow/example_dags/example_sla_dag.py took 0.066 seconds
[2025-01-16T15:51:13.345+0000] {processor.py:186} INFO - Started process (PID=10216) to work on /home/airflow/.local/lib/python3.12/site-packages/airflow/example_dags/example_sla_dag.py
[2025-01-16T15:51:13.346+0000] {processor.py:914} INFO - Processing file /home/airflow/.local/lib/python3.12/site-packages/airflow/example_dags/example_sla_dag.py for tasks to queue
[2025-01-16T15:51:13.347+0000] {logging_mixin.py:190} INFO - [2025-01-16T15:51:13.347+0000] {dagbag.py:588} INFO - Filling up the DagBag from /home/airflow/.local/lib/python3.12/site-packages/airflow/example_dags/example_sla_dag.py
[2025-01-16T15:51:13.355+0000] {processor.py:925} INFO - DAG(s) 'example_sla_dag' retrieved from /home/airflow/.local/lib/python3.12/site-packages/airflow/example_dags/example_sla_dag.py
[2025-01-16T15:51:13.369+0000] {logging_mixin.py:190} INFO - [2025-01-16T15:51:13.369+0000] {dag.py:3239} INFO - Sync 1 DAGs
[2025-01-16T15:51:13.388+0000] {logging_mixin.py:190} INFO - [2025-01-16T15:51:13.387+0000] {dag.py:4180} INFO - Setting next_dagrun for example_sla_dag to 2025-01-16 15:48:00+00:00, run_after=2025-01-16 15:50:00+00:00
[2025-01-16T15:51:13.400+0000] {processor.py:208} INFO - Processing /home/airflow/.local/lib/python3.12/site-packages/airflow/example_dags/example_sla_dag.py took 0.059 seconds
[2025-01-16T15:51:45.176+0000] {processor.py:186} INFO - Started process (PID=10517) to work on /home/airflow/.local/lib/python3.12/site-packages/airflow/example_dags/example_sla_dag.py
[2025-01-16T15:51:45.178+0000] {processor.py:914} INFO - Processing file /home/airflow/.local/lib/python3.12/site-packages/airflow/example_dags/example_sla_dag.py for tasks to queue
[2025-01-16T15:51:45.180+0000] {logging_mixin.py:190} INFO - [2025-01-16T15:51:45.179+0000] {dagbag.py:588} INFO - Filling up the DagBag from /home/airflow/.local/lib/python3.12/site-packages/airflow/example_dags/example_sla_dag.py
[2025-01-16T15:51:45.193+0000] {processor.py:925} INFO - DAG(s) 'example_sla_dag' retrieved from /home/airflow/.local/lib/python3.12/site-packages/airflow/example_dags/example_sla_dag.py
[2025-01-16T15:51:45.212+0000] {logging_mixin.py:190} INFO - [2025-01-16T15:51:45.212+0000] {dag.py:3239} INFO - Sync 1 DAGs
[2025-01-16T15:51:45.234+0000] {logging_mixin.py:190} INFO - [2025-01-16T15:51:45.234+0000] {dag.py:4180} INFO - Setting next_dagrun for example_sla_dag to 2025-01-16 15:48:00+00:00, run_after=2025-01-16 15:50:00+00:00
[2025-01-16T15:51:45.250+0000] {processor.py:208} INFO - Processing /home/airflow/.local/lib/python3.12/site-packages/airflow/example_dags/example_sla_dag.py took 0.080 seconds
[2025-01-16T15:52:16.155+0000] {processor.py:186} INFO - Started process (PID=10813) to work on /home/airflow/.local/lib/python3.12/site-packages/airflow/example_dags/example_sla_dag.py
[2025-01-16T15:52:16.156+0000] {processor.py:914} INFO - Processing file /home/airflow/.local/lib/python3.12/site-packages/airflow/example_dags/example_sla_dag.py for tasks to queue
[2025-01-16T15:52:16.158+0000] {logging_mixin.py:190} INFO - [2025-01-16T15:52:16.157+0000] {dagbag.py:588} INFO - Filling up the DagBag from /home/airflow/.local/lib/python3.12/site-packages/airflow/example_dags/example_sla_dag.py
[2025-01-16T15:52:16.165+0000] {processor.py:925} INFO - DAG(s) 'example_sla_dag' retrieved from /home/airflow/.local/lib/python3.12/site-packages/airflow/example_dags/example_sla_dag.py
[2025-01-16T15:52:16.178+0000] {logging_mixin.py:190} INFO - [2025-01-16T15:52:16.178+0000] {dag.py:3239} INFO - Sync 1 DAGs
[2025-01-16T15:52:16.197+0000] {logging_mixin.py:190} INFO - [2025-01-16T15:52:16.197+0000] {dag.py:4180} INFO - Setting next_dagrun for example_sla_dag to 2025-01-16 15:50:00+00:00, run_after=2025-01-16 15:52:00+00:00
[2025-01-16T15:52:16.215+0000] {processor.py:208} INFO - Processing /home/airflow/.local/lib/python3.12/site-packages/airflow/example_dags/example_sla_dag.py took 0.064 seconds
[2025-01-16T15:52:47.389+0000] {processor.py:186} INFO - Started process (PID=11109) to work on /home/airflow/.local/lib/python3.12/site-packages/airflow/example_dags/example_sla_dag.py
[2025-01-16T15:52:47.390+0000] {processor.py:914} INFO - Processing file /home/airflow/.local/lib/python3.12/site-packages/airflow/example_dags/example_sla_dag.py for tasks to queue
[2025-01-16T15:52:47.391+0000] {logging_mixin.py:190} INFO - [2025-01-16T15:52:47.391+0000] {dagbag.py:588} INFO - Filling up the DagBag from /home/airflow/.local/lib/python3.12/site-packages/airflow/example_dags/example_sla_dag.py
[2025-01-16T15:52:47.399+0000] {processor.py:925} INFO - DAG(s) 'example_sla_dag' retrieved from /home/airflow/.local/lib/python3.12/site-packages/airflow/example_dags/example_sla_dag.py
[2025-01-16T15:52:47.413+0000] {logging_mixin.py:190} INFO - [2025-01-16T15:52:47.413+0000] {dag.py:3239} INFO - Sync 1 DAGs
[2025-01-16T15:52:47.431+0000] {logging_mixin.py:190} INFO - [2025-01-16T15:52:47.431+0000] {dag.py:4180} INFO - Setting next_dagrun for example_sla_dag to 2025-01-16 15:50:00+00:00, run_after=2025-01-16 15:52:00+00:00
[2025-01-16T15:52:47.444+0000] {processor.py:208} INFO - Processing /home/airflow/.local/lib/python3.12/site-packages/airflow/example_dags/example_sla_dag.py took 0.062 seconds
[2025-01-16T15:53:18.285+0000] {processor.py:186} INFO - Started process (PID=11410) to work on /home/airflow/.local/lib/python3.12/site-packages/airflow/example_dags/example_sla_dag.py
[2025-01-16T15:53:18.286+0000] {processor.py:914} INFO - Processing file /home/airflow/.local/lib/python3.12/site-packages/airflow/example_dags/example_sla_dag.py for tasks to queue
[2025-01-16T15:53:18.287+0000] {logging_mixin.py:190} INFO - [2025-01-16T15:53:18.287+0000] {dagbag.py:588} INFO - Filling up the DagBag from /home/airflow/.local/lib/python3.12/site-packages/airflow/example_dags/example_sla_dag.py
[2025-01-16T15:53:18.294+0000] {processor.py:925} INFO - DAG(s) 'example_sla_dag' retrieved from /home/airflow/.local/lib/python3.12/site-packages/airflow/example_dags/example_sla_dag.py
[2025-01-16T15:53:18.308+0000] {logging_mixin.py:190} INFO - [2025-01-16T15:53:18.308+0000] {dag.py:3239} INFO - Sync 1 DAGs
[2025-01-16T15:53:18.326+0000] {logging_mixin.py:190} INFO - [2025-01-16T15:53:18.326+0000] {dag.py:4180} INFO - Setting next_dagrun for example_sla_dag to 2025-01-16 15:50:00+00:00, run_after=2025-01-16 15:52:00+00:00
[2025-01-16T15:53:18.339+0000] {processor.py:208} INFO - Processing /home/airflow/.local/lib/python3.12/site-packages/airflow/example_dags/example_sla_dag.py took 0.058 seconds
[2025-01-16T15:53:48.895+0000] {processor.py:186} INFO - Started process (PID=11701) to work on /home/airflow/.local/lib/python3.12/site-packages/airflow/example_dags/example_sla_dag.py
[2025-01-16T15:53:48.895+0000] {processor.py:914} INFO - Processing file /home/airflow/.local/lib/python3.12/site-packages/airflow/example_dags/example_sla_dag.py for tasks to queue
[2025-01-16T15:53:48.897+0000] {logging_mixin.py:190} INFO - [2025-01-16T15:53:48.897+0000] {dagbag.py:588} INFO - Filling up the DagBag from /home/airflow/.local/lib/python3.12/site-packages/airflow/example_dags/example_sla_dag.py
[2025-01-16T15:53:48.904+0000] {processor.py:925} INFO - DAG(s) 'example_sla_dag' retrieved from /home/airflow/.local/lib/python3.12/site-packages/airflow/example_dags/example_sla_dag.py
[2025-01-16T15:53:48.919+0000] {logging_mixin.py:190} INFO - [2025-01-16T15:53:48.918+0000] {dag.py:3239} INFO - Sync 1 DAGs
[2025-01-16T15:53:48.939+0000] {logging_mixin.py:190} INFO - [2025-01-16T15:53:48.938+0000] {dag.py:4180} INFO - Setting next_dagrun for example_sla_dag to 2025-01-16 15:50:00+00:00, run_after=2025-01-16 15:52:00+00:00
[2025-01-16T15:53:48.951+0000] {processor.py:208} INFO - Processing /home/airflow/.local/lib/python3.12/site-packages/airflow/example_dags/example_sla_dag.py took 0.061 seconds
[2025-01-16T15:54:19.650+0000] {processor.py:186} INFO - Started process (PID=11999) to work on /home/airflow/.local/lib/python3.12/site-packages/airflow/example_dags/example_sla_dag.py
[2025-01-16T15:54:19.651+0000] {processor.py:914} INFO - Processing file /home/airflow/.local/lib/python3.12/site-packages/airflow/example_dags/example_sla_dag.py for tasks to queue
[2025-01-16T15:54:19.652+0000] {logging_mixin.py:190} INFO - [2025-01-16T15:54:19.652+0000] {dagbag.py:588} INFO - Filling up the DagBag from /home/airflow/.local/lib/python3.12/site-packages/airflow/example_dags/example_sla_dag.py
[2025-01-16T15:54:19.659+0000] {processor.py:925} INFO - DAG(s) 'example_sla_dag' retrieved from /home/airflow/.local/lib/python3.12/site-packages/airflow/example_dags/example_sla_dag.py
[2025-01-16T15:54:19.672+0000] {logging_mixin.py:190} INFO - [2025-01-16T15:54:19.672+0000] {dag.py:3239} INFO - Sync 1 DAGs
[2025-01-16T15:54:19.690+0000] {logging_mixin.py:190} INFO - [2025-01-16T15:54:19.690+0000] {dag.py:4180} INFO - Setting next_dagrun for example_sla_dag to 2025-01-16 15:52:00+00:00, run_after=2025-01-16 15:54:00+00:00
[2025-01-16T15:54:19.703+0000] {processor.py:208} INFO - Processing /home/airflow/.local/lib/python3.12/site-packages/airflow/example_dags/example_sla_dag.py took 0.057 seconds
[2025-01-16T15:54:50.253+0000] {processor.py:186} INFO - Started process (PID=12293) to work on /home/airflow/.local/lib/python3.12/site-packages/airflow/example_dags/example_sla_dag.py
[2025-01-16T15:54:50.254+0000] {processor.py:914} INFO - Processing file /home/airflow/.local/lib/python3.12/site-packages/airflow/example_dags/example_sla_dag.py for tasks to queue
[2025-01-16T15:54:50.255+0000] {logging_mixin.py:190} INFO - [2025-01-16T15:54:50.255+0000] {dagbag.py:588} INFO - Filling up the DagBag from /home/airflow/.local/lib/python3.12/site-packages/airflow/example_dags/example_sla_dag.py
[2025-01-16T15:54:50.263+0000] {processor.py:925} INFO - DAG(s) 'example_sla_dag' retrieved from /home/airflow/.local/lib/python3.12/site-packages/airflow/example_dags/example_sla_dag.py
[2025-01-16T15:54:50.277+0000] {logging_mixin.py:190} INFO - [2025-01-16T15:54:50.276+0000] {dag.py:3239} INFO - Sync 1 DAGs
[2025-01-16T15:54:50.295+0000] {logging_mixin.py:190} INFO - [2025-01-16T15:54:50.295+0000] {dag.py:4180} INFO - Setting next_dagrun for example_sla_dag to 2025-01-16 15:52:00+00:00, run_after=2025-01-16 15:54:00+00:00
[2025-01-16T15:54:50.307+0000] {processor.py:208} INFO - Processing /home/airflow/.local/lib/python3.12/site-packages/airflow/example_dags/example_sla_dag.py took 0.059 seconds
[2025-01-16T15:55:20.987+0000] {processor.py:186} INFO - Started process (PID=12589) to work on /home/airflow/.local/lib/python3.12/site-packages/airflow/example_dags/example_sla_dag.py
[2025-01-16T15:55:20.988+0000] {processor.py:914} INFO - Processing file /home/airflow/.local/lib/python3.12/site-packages/airflow/example_dags/example_sla_dag.py for tasks to queue
[2025-01-16T15:55:20.989+0000] {logging_mixin.py:190} INFO - [2025-01-16T15:55:20.989+0000] {dagbag.py:588} INFO - Filling up the DagBag from /home/airflow/.local/lib/python3.12/site-packages/airflow/example_dags/example_sla_dag.py
[2025-01-16T15:55:20.997+0000] {processor.py:925} INFO - DAG(s) 'example_sla_dag' retrieved from /home/airflow/.local/lib/python3.12/site-packages/airflow/example_dags/example_sla_dag.py
[2025-01-16T15:55:21.011+0000] {logging_mixin.py:190} INFO - [2025-01-16T15:55:21.010+0000] {dag.py:3239} INFO - Sync 1 DAGs
[2025-01-16T15:55:21.030+0000] {logging_mixin.py:190} INFO - [2025-01-16T15:55:21.030+0000] {dag.py:4180} INFO - Setting next_dagrun for example_sla_dag to 2025-01-16 15:52:00+00:00, run_after=2025-01-16 15:54:00+00:00
[2025-01-16T15:55:21.043+0000] {processor.py:208} INFO - Processing /home/airflow/.local/lib/python3.12/site-packages/airflow/example_dags/example_sla_dag.py took 0.060 seconds
[2025-01-16T15:55:51.806+0000] {processor.py:186} INFO - Started process (PID=12885) to work on /home/airflow/.local/lib/python3.12/site-packages/airflow/example_dags/example_sla_dag.py
[2025-01-16T15:55:51.807+0000] {processor.py:914} INFO - Processing file /home/airflow/.local/lib/python3.12/site-packages/airflow/example_dags/example_sla_dag.py for tasks to queue
[2025-01-16T15:55:51.808+0000] {logging_mixin.py:190} INFO - [2025-01-16T15:55:51.808+0000] {dagbag.py:588} INFO - Filling up the DagBag from /home/airflow/.local/lib/python3.12/site-packages/airflow/example_dags/example_sla_dag.py
[2025-01-16T15:55:51.815+0000] {processor.py:925} INFO - DAG(s) 'example_sla_dag' retrieved from /home/airflow/.local/lib/python3.12/site-packages/airflow/example_dags/example_sla_dag.py
[2025-01-16T15:55:51.829+0000] {logging_mixin.py:190} INFO - [2025-01-16T15:55:51.829+0000] {dag.py:3239} INFO - Sync 1 DAGs
[2025-01-16T15:55:51.850+0000] {logging_mixin.py:190} INFO - [2025-01-16T15:55:51.850+0000] {dag.py:4180} INFO - Setting next_dagrun for example_sla_dag to 2025-01-16 15:52:00+00:00, run_after=2025-01-16 15:54:00+00:00
[2025-01-16T15:55:51.862+0000] {processor.py:208} INFO - Processing /home/airflow/.local/lib/python3.12/site-packages/airflow/example_dags/example_sla_dag.py took 0.060 seconds
[2025-01-16T15:56:22.900+0000] {processor.py:186} INFO - Started process (PID=13181) to work on /home/airflow/.local/lib/python3.12/site-packages/airflow/example_dags/example_sla_dag.py
[2025-01-16T15:56:22.901+0000] {processor.py:914} INFO - Processing file /home/airflow/.local/lib/python3.12/site-packages/airflow/example_dags/example_sla_dag.py for tasks to queue
[2025-01-16T15:56:22.902+0000] {logging_mixin.py:190} INFO - [2025-01-16T15:56:22.902+0000] {dagbag.py:588} INFO - Filling up the DagBag from /home/airflow/.local/lib/python3.12/site-packages/airflow/example_dags/example_sla_dag.py
[2025-01-16T15:56:22.910+0000] {processor.py:925} INFO - DAG(s) 'example_sla_dag' retrieved from /home/airflow/.local/lib/python3.12/site-packages/airflow/example_dags/example_sla_dag.py
[2025-01-16T15:56:22.925+0000] {logging_mixin.py:190} INFO - [2025-01-16T15:56:22.924+0000] {dag.py:3239} INFO - Sync 1 DAGs
[2025-01-16T15:56:22.944+0000] {logging_mixin.py:190} INFO - [2025-01-16T15:56:22.943+0000] {dag.py:4180} INFO - Setting next_dagrun for example_sla_dag to 2025-01-16 15:54:00+00:00, run_after=2025-01-16 15:56:00+00:00
[2025-01-16T15:56:22.957+0000] {processor.py:208} INFO - Processing /home/airflow/.local/lib/python3.12/site-packages/airflow/example_dags/example_sla_dag.py took 0.061 seconds
[2025-01-16T15:56:53.897+0000] {processor.py:186} INFO - Started process (PID=13477) to work on /home/airflow/.local/lib/python3.12/site-packages/airflow/example_dags/example_sla_dag.py
[2025-01-16T15:56:53.898+0000] {processor.py:914} INFO - Processing file /home/airflow/.local/lib/python3.12/site-packages/airflow/example_dags/example_sla_dag.py for tasks to queue
[2025-01-16T15:56:53.899+0000] {logging_mixin.py:190} INFO - [2025-01-16T15:56:53.899+0000] {dagbag.py:588} INFO - Filling up the DagBag from /home/airflow/.local/lib/python3.12/site-packages/airflow/example_dags/example_sla_dag.py
[2025-01-16T15:56:53.907+0000] {processor.py:925} INFO - DAG(s) 'example_sla_dag' retrieved from /home/airflow/.local/lib/python3.12/site-packages/airflow/example_dags/example_sla_dag.py
[2025-01-16T15:56:53.921+0000] {logging_mixin.py:190} INFO - [2025-01-16T15:56:53.921+0000] {dag.py:3239} INFO - Sync 1 DAGs
[2025-01-16T15:56:53.939+0000] {logging_mixin.py:190} INFO - [2025-01-16T15:56:53.939+0000] {dag.py:4180} INFO - Setting next_dagrun for example_sla_dag to 2025-01-16 15:54:00+00:00, run_after=2025-01-16 15:56:00+00:00
[2025-01-16T15:56:53.953+0000] {processor.py:208} INFO - Processing /home/airflow/.local/lib/python3.12/site-packages/airflow/example_dags/example_sla_dag.py took 0.060 seconds
[2025-01-16T15:57:24.779+0000] {processor.py:186} INFO - Started process (PID=13773) to work on /home/airflow/.local/lib/python3.12/site-packages/airflow/example_dags/example_sla_dag.py
[2025-01-16T15:57:24.780+0000] {processor.py:914} INFO - Processing file /home/airflow/.local/lib/python3.12/site-packages/airflow/example_dags/example_sla_dag.py for tasks to queue
[2025-01-16T15:57:24.782+0000] {logging_mixin.py:190} INFO - [2025-01-16T15:57:24.782+0000] {dagbag.py:588} INFO - Filling up the DagBag from /home/airflow/.local/lib/python3.12/site-packages/airflow/example_dags/example_sla_dag.py
[2025-01-16T15:57:24.789+0000] {processor.py:925} INFO - DAG(s) 'example_sla_dag' retrieved from /home/airflow/.local/lib/python3.12/site-packages/airflow/example_dags/example_sla_dag.py
[2025-01-16T15:57:24.804+0000] {logging_mixin.py:190} INFO - [2025-01-16T15:57:24.804+0000] {dag.py:3239} INFO - Sync 1 DAGs
[2025-01-16T15:57:24.823+0000] {logging_mixin.py:190} INFO - [2025-01-16T15:57:24.823+0000] {dag.py:4180} INFO - Setting next_dagrun for example_sla_dag to 2025-01-16 15:54:00+00:00, run_after=2025-01-16 15:56:00+00:00
[2025-01-16T15:57:24.837+0000] {processor.py:208} INFO - Processing /home/airflow/.local/lib/python3.12/site-packages/airflow/example_dags/example_sla_dag.py took 0.062 seconds
[2025-01-16T15:57:55.824+0000] {processor.py:186} INFO - Started process (PID=14069) to work on /home/airflow/.local/lib/python3.12/site-packages/airflow/example_dags/example_sla_dag.py
[2025-01-16T15:57:55.825+0000] {processor.py:914} INFO - Processing file /home/airflow/.local/lib/python3.12/site-packages/airflow/example_dags/example_sla_dag.py for tasks to queue
[2025-01-16T15:57:55.828+0000] {logging_mixin.py:190} INFO - [2025-01-16T15:57:55.827+0000] {dagbag.py:588} INFO - Filling up the DagBag from /home/airflow/.local/lib/python3.12/site-packages/airflow/example_dags/example_sla_dag.py
[2025-01-16T15:57:55.836+0000] {processor.py:925} INFO - DAG(s) 'example_sla_dag' retrieved from /home/airflow/.local/lib/python3.12/site-packages/airflow/example_dags/example_sla_dag.py
[2025-01-16T15:57:55.853+0000] {logging_mixin.py:190} INFO - [2025-01-16T15:57:55.853+0000] {dag.py:3239} INFO - Sync 1 DAGs
[2025-01-16T15:57:55.879+0000] {logging_mixin.py:190} INFO - [2025-01-16T15:57:55.879+0000] {dag.py:4180} INFO - Setting next_dagrun for example_sla_dag to 2025-01-16 15:54:00+00:00, run_after=2025-01-16 15:56:00+00:00
[2025-01-16T15:57:55.898+0000] {processor.py:208} INFO - Processing /home/airflow/.local/lib/python3.12/site-packages/airflow/example_dags/example_sla_dag.py took 0.078 seconds
[2025-01-16T15:58:27.422+0000] {processor.py:186} INFO - Started process (PID=14370) to work on /home/airflow/.local/lib/python3.12/site-packages/airflow/example_dags/example_sla_dag.py
[2025-01-16T15:58:27.423+0000] {processor.py:914} INFO - Processing file /home/airflow/.local/lib/python3.12/site-packages/airflow/example_dags/example_sla_dag.py for tasks to queue
[2025-01-16T15:58:27.424+0000] {logging_mixin.py:190} INFO - [2025-01-16T15:58:27.424+0000] {dagbag.py:588} INFO - Filling up the DagBag from /home/airflow/.local/lib/python3.12/site-packages/airflow/example_dags/example_sla_dag.py
[2025-01-16T15:58:27.432+0000] {processor.py:925} INFO - DAG(s) 'example_sla_dag' retrieved from /home/airflow/.local/lib/python3.12/site-packages/airflow/example_dags/example_sla_dag.py
[2025-01-16T15:58:27.450+0000] {logging_mixin.py:190} INFO - [2025-01-16T15:58:27.450+0000] {dag.py:3239} INFO - Sync 1 DAGs
[2025-01-16T15:58:27.472+0000] {logging_mixin.py:190} INFO - [2025-01-16T15:58:27.472+0000] {dag.py:4180} INFO - Setting next_dagrun for example_sla_dag to 2025-01-16 15:56:00+00:00, run_after=2025-01-16 15:58:00+00:00
[2025-01-16T15:58:27.487+0000] {processor.py:208} INFO - Processing /home/airflow/.local/lib/python3.12/site-packages/airflow/example_dags/example_sla_dag.py took 0.070 seconds
[2025-01-16T15:58:58.693+0000] {processor.py:186} INFO - Started process (PID=14661) to work on /home/airflow/.local/lib/python3.12/site-packages/airflow/example_dags/example_sla_dag.py
[2025-01-16T15:58:58.694+0000] {processor.py:914} INFO - Processing file /home/airflow/.local/lib/python3.12/site-packages/airflow/example_dags/example_sla_dag.py for tasks to queue
[2025-01-16T15:58:58.696+0000] {logging_mixin.py:190} INFO - [2025-01-16T15:58:58.695+0000] {dagbag.py:588} INFO - Filling up the DagBag from /home/airflow/.local/lib/python3.12/site-packages/airflow/example_dags/example_sla_dag.py
[2025-01-16T15:58:58.704+0000] {processor.py:925} INFO - DAG(s) 'example_sla_dag' retrieved from /home/airflow/.local/lib/python3.12/site-packages/airflow/example_dags/example_sla_dag.py
[2025-01-16T15:58:58.719+0000] {logging_mixin.py:190} INFO - [2025-01-16T15:58:58.718+0000] {dag.py:3239} INFO - Sync 1 DAGs
[2025-01-16T15:58:58.738+0000] {logging_mixin.py:190} INFO - [2025-01-16T15:58:58.738+0000] {dag.py:4180} INFO - Setting next_dagrun for example_sla_dag to 2025-01-16 15:56:00+00:00, run_after=2025-01-16 15:58:00+00:00
[2025-01-16T15:58:58.751+0000] {processor.py:208} INFO - Processing /home/airflow/.local/lib/python3.12/site-packages/airflow/example_dags/example_sla_dag.py took 0.063 seconds
[2025-01-16T15:59:29.482+0000] {processor.py:186} INFO - Started process (PID=14957) to work on /home/airflow/.local/lib/python3.12/site-packages/airflow/example_dags/example_sla_dag.py
[2025-01-16T15:59:29.483+0000] {processor.py:914} INFO - Processing file /home/airflow/.local/lib/python3.12/site-packages/airflow/example_dags/example_sla_dag.py for tasks to queue
[2025-01-16T15:59:29.485+0000] {logging_mixin.py:190} INFO - [2025-01-16T15:59:29.484+0000] {dagbag.py:588} INFO - Filling up the DagBag from /home/airflow/.local/lib/python3.12/site-packages/airflow/example_dags/example_sla_dag.py
[2025-01-16T15:59:29.492+0000] {processor.py:925} INFO - DAG(s) 'example_sla_dag' retrieved from /home/airflow/.local/lib/python3.12/site-packages/airflow/example_dags/example_sla_dag.py
[2025-01-16T15:59:29.506+0000] {logging_mixin.py:190} INFO - [2025-01-16T15:59:29.505+0000] {dag.py:3239} INFO - Sync 1 DAGs
[2025-01-16T15:59:29.524+0000] {logging_mixin.py:190} INFO - [2025-01-16T15:59:29.524+0000] {dag.py:4180} INFO - Setting next_dagrun for example_sla_dag to 2025-01-16 15:56:00+00:00, run_after=2025-01-16 15:58:00+00:00
[2025-01-16T15:59:29.537+0000] {processor.py:208} INFO - Processing /home/airflow/.local/lib/python3.12/site-packages/airflow/example_dags/example_sla_dag.py took 0.059 seconds
[2025-01-16T16:00:00.629+0000] {processor.py:186} INFO - Started process (PID=15253) to work on /home/airflow/.local/lib/python3.12/site-packages/airflow/example_dags/example_sla_dag.py
[2025-01-16T16:00:00.630+0000] {processor.py:914} INFO - Processing file /home/airflow/.local/lib/python3.12/site-packages/airflow/example_dags/example_sla_dag.py for tasks to queue
[2025-01-16T16:00:00.633+0000] {logging_mixin.py:190} INFO - [2025-01-16T16:00:00.632+0000] {dagbag.py:588} INFO - Filling up the DagBag from /home/airflow/.local/lib/python3.12/site-packages/airflow/example_dags/example_sla_dag.py
[2025-01-16T16:00:00.644+0000] {processor.py:925} INFO - DAG(s) 'example_sla_dag' retrieved from /home/airflow/.local/lib/python3.12/site-packages/airflow/example_dags/example_sla_dag.py
[2025-01-16T16:00:00.660+0000] {logging_mixin.py:190} INFO - [2025-01-16T16:00:00.659+0000] {dag.py:3239} INFO - Sync 1 DAGs
[2025-01-16T16:00:00.681+0000] {logging_mixin.py:190} INFO - [2025-01-16T16:00:00.681+0000] {dag.py:4180} INFO - Setting next_dagrun for example_sla_dag to 2025-01-16 15:58:00+00:00, run_after=2025-01-16 16:00:00+00:00
[2025-01-16T16:00:00.695+0000] {processor.py:208} INFO - Processing /home/airflow/.local/lib/python3.12/site-packages/airflow/example_dags/example_sla_dag.py took 0.074 seconds
[2025-01-16T16:00:34.340+0000] {processor.py:186} INFO - Started process (PID=15570) to work on /home/airflow/.local/lib/python3.12/site-packages/airflow/example_dags/example_sla_dag.py
[2025-01-16T16:00:34.341+0000] {processor.py:914} INFO - Processing file /home/airflow/.local/lib/python3.12/site-packages/airflow/example_dags/example_sla_dag.py for tasks to queue
[2025-01-16T16:00:34.342+0000] {logging_mixin.py:190} INFO - [2025-01-16T16:00:34.342+0000] {dagbag.py:588} INFO - Filling up the DagBag from /home/airflow/.local/lib/python3.12/site-packages/airflow/example_dags/example_sla_dag.py
[2025-01-16T16:00:34.350+0000] {processor.py:925} INFO - DAG(s) 'example_sla_dag' retrieved from /home/airflow/.local/lib/python3.12/site-packages/airflow/example_dags/example_sla_dag.py
[2025-01-16T16:00:34.365+0000] {logging_mixin.py:190} INFO - [2025-01-16T16:00:34.365+0000] {dag.py:3239} INFO - Sync 1 DAGs
[2025-01-16T16:00:34.383+0000] {logging_mixin.py:190} INFO - [2025-01-16T16:00:34.383+0000] {dag.py:4180} INFO - Setting next_dagrun for example_sla_dag to 2025-01-16 15:58:00+00:00, run_after=2025-01-16 16:00:00+00:00
[2025-01-16T16:00:34.396+0000] {processor.py:208} INFO - Processing /home/airflow/.local/lib/python3.12/site-packages/airflow/example_dags/example_sla_dag.py took 0.060 seconds
[2025-01-16T16:01:05.091+0000] {processor.py:186} INFO - Started process (PID=15866) to work on /home/airflow/.local/lib/python3.12/site-packages/airflow/example_dags/example_sla_dag.py
[2025-01-16T16:01:05.091+0000] {processor.py:914} INFO - Processing file /home/airflow/.local/lib/python3.12/site-packages/airflow/example_dags/example_sla_dag.py for tasks to queue
[2025-01-16T16:01:05.093+0000] {logging_mixin.py:190} INFO - [2025-01-16T16:01:05.093+0000] {dagbag.py:588} INFO - Filling up the DagBag from /home/airflow/.local/lib/python3.12/site-packages/airflow/example_dags/example_sla_dag.py
[2025-01-16T16:01:05.101+0000] {processor.py:925} INFO - DAG(s) 'example_sla_dag' retrieved from /home/airflow/.local/lib/python3.12/site-packages/airflow/example_dags/example_sla_dag.py
[2025-01-16T16:01:05.118+0000] {logging_mixin.py:190} INFO - [2025-01-16T16:01:05.117+0000] {dag.py:3239} INFO - Sync 1 DAGs
[2025-01-16T16:01:05.139+0000] {logging_mixin.py:190} INFO - [2025-01-16T16:01:05.139+0000] {dag.py:4180} INFO - Setting next_dagrun for example_sla_dag to 2025-01-16 15:58:00+00:00, run_after=2025-01-16 16:00:00+00:00
[2025-01-16T16:01:05.157+0000] {processor.py:208} INFO - Processing /home/airflow/.local/lib/python3.12/site-packages/airflow/example_dags/example_sla_dag.py took 0.070 seconds
[2025-01-16T16:01:36.097+0000] {processor.py:186} INFO - Started process (PID=16162) to work on /home/airflow/.local/lib/python3.12/site-packages/airflow/example_dags/example_sla_dag.py
[2025-01-16T16:01:36.098+0000] {processor.py:914} INFO - Processing file /home/airflow/.local/lib/python3.12/site-packages/airflow/example_dags/example_sla_dag.py for tasks to queue
[2025-01-16T16:01:36.099+0000] {logging_mixin.py:190} INFO - [2025-01-16T16:01:36.099+0000] {dagbag.py:588} INFO - Filling up the DagBag from /home/airflow/.local/lib/python3.12/site-packages/airflow/example_dags/example_sla_dag.py
[2025-01-16T16:01:36.107+0000] {processor.py:925} INFO - DAG(s) 'example_sla_dag' retrieved from /home/airflow/.local/lib/python3.12/site-packages/airflow/example_dags/example_sla_dag.py
[2025-01-16T16:01:36.121+0000] {logging_mixin.py:190} INFO - [2025-01-16T16:01:36.121+0000] {dag.py:3239} INFO - Sync 1 DAGs
[2025-01-16T16:01:36.142+0000] {logging_mixin.py:190} INFO - [2025-01-16T16:01:36.142+0000] {dag.py:4180} INFO - Setting next_dagrun for example_sla_dag to 2025-01-16 15:58:00+00:00, run_after=2025-01-16 16:00:00+00:00
[2025-01-16T16:01:36.157+0000] {processor.py:208} INFO - Processing /home/airflow/.local/lib/python3.12/site-packages/airflow/example_dags/example_sla_dag.py took 0.064 seconds
[2025-01-16T16:02:06.885+0000] {processor.py:186} INFO - Started process (PID=16453) to work on /home/airflow/.local/lib/python3.12/site-packages/airflow/example_dags/example_sla_dag.py
[2025-01-16T16:02:06.886+0000] {processor.py:914} INFO - Processing file /home/airflow/.local/lib/python3.12/site-packages/airflow/example_dags/example_sla_dag.py for tasks to queue
[2025-01-16T16:02:06.887+0000] {logging_mixin.py:190} INFO - [2025-01-16T16:02:06.887+0000] {dagbag.py:588} INFO - Filling up the DagBag from /home/airflow/.local/lib/python3.12/site-packages/airflow/example_dags/example_sla_dag.py
[2025-01-16T16:02:06.897+0000] {processor.py:925} INFO - DAG(s) 'example_sla_dag' retrieved from /home/airflow/.local/lib/python3.12/site-packages/airflow/example_dags/example_sla_dag.py
[2025-01-16T16:02:06.912+0000] {logging_mixin.py:190} INFO - [2025-01-16T16:02:06.912+0000] {dag.py:3239} INFO - Sync 1 DAGs
[2025-01-16T16:02:06.932+0000] {logging_mixin.py:190} INFO - [2025-01-16T16:02:06.932+0000] {dag.py:4180} INFO - Setting next_dagrun for example_sla_dag to 2025-01-16 16:00:00+00:00, run_after=2025-01-16 16:02:00+00:00
[2025-01-16T16:02:06.947+0000] {processor.py:208} INFO - Processing /home/airflow/.local/lib/python3.12/site-packages/airflow/example_dags/example_sla_dag.py took 0.067 seconds
[2025-01-16T16:02:37.605+0000] {processor.py:186} INFO - Started process (PID=16754) to work on /home/airflow/.local/lib/python3.12/site-packages/airflow/example_dags/example_sla_dag.py
[2025-01-16T16:02:37.606+0000] {processor.py:914} INFO - Processing file /home/airflow/.local/lib/python3.12/site-packages/airflow/example_dags/example_sla_dag.py for tasks to queue
[2025-01-16T16:02:37.608+0000] {logging_mixin.py:190} INFO - [2025-01-16T16:02:37.608+0000] {dagbag.py:588} INFO - Filling up the DagBag from /home/airflow/.local/lib/python3.12/site-packages/airflow/example_dags/example_sla_dag.py
[2025-01-16T16:02:37.617+0000] {processor.py:925} INFO - DAG(s) 'example_sla_dag' retrieved from /home/airflow/.local/lib/python3.12/site-packages/airflow/example_dags/example_sla_dag.py
[2025-01-16T16:02:37.633+0000] {logging_mixin.py:190} INFO - [2025-01-16T16:02:37.632+0000] {dag.py:3239} INFO - Sync 1 DAGs
[2025-01-16T16:02:37.651+0000] {logging_mixin.py:190} INFO - [2025-01-16T16:02:37.651+0000] {dag.py:4180} INFO - Setting next_dagrun for example_sla_dag to 2025-01-16 16:00:00+00:00, run_after=2025-01-16 16:02:00+00:00
[2025-01-16T16:02:37.665+0000] {processor.py:208} INFO - Processing /home/airflow/.local/lib/python3.12/site-packages/airflow/example_dags/example_sla_dag.py took 0.064 seconds
[2025-01-16T16:03:08.691+0000] {processor.py:186} INFO - Started process (PID=17065) to work on /home/airflow/.local/lib/python3.12/site-packages/airflow/example_dags/example_sla_dag.py
[2025-01-16T16:03:08.692+0000] {processor.py:914} INFO - Processing file /home/airflow/.local/lib/python3.12/site-packages/airflow/example_dags/example_sla_dag.py for tasks to queue
[2025-01-16T16:03:08.694+0000] {logging_mixin.py:190} INFO - [2025-01-16T16:03:08.693+0000] {dagbag.py:588} INFO - Filling up the DagBag from /home/airflow/.local/lib/python3.12/site-packages/airflow/example_dags/example_sla_dag.py
[2025-01-16T16:03:08.703+0000] {processor.py:925} INFO - DAG(s) 'example_sla_dag' retrieved from /home/airflow/.local/lib/python3.12/site-packages/airflow/example_dags/example_sla_dag.py
[2025-01-16T16:03:08.719+0000] {logging_mixin.py:190} INFO - [2025-01-16T16:03:08.719+0000] {dag.py:3239} INFO - Sync 1 DAGs
[2025-01-16T16:03:08.739+0000] {logging_mixin.py:190} INFO - [2025-01-16T16:03:08.739+0000] {dag.py:4180} INFO - Setting next_dagrun for example_sla_dag to 2025-01-16 16:00:00+00:00, run_after=2025-01-16 16:02:00+00:00
[2025-01-16T16:03:08.754+0000] {processor.py:208} INFO - Processing /home/airflow/.local/lib/python3.12/site-packages/airflow/example_dags/example_sla_dag.py took 0.067 seconds
[2025-01-16T16:03:39.179+0000] {processor.py:186} INFO - Started process (PID=17361) to work on /home/airflow/.local/lib/python3.12/site-packages/airflow/example_dags/example_sla_dag.py
[2025-01-16T16:03:39.180+0000] {processor.py:914} INFO - Processing file /home/airflow/.local/lib/python3.12/site-packages/airflow/example_dags/example_sla_dag.py for tasks to queue
[2025-01-16T16:03:39.181+0000] {logging_mixin.py:190} INFO - [2025-01-16T16:03:39.181+0000] {dagbag.py:588} INFO - Filling up the DagBag from /home/airflow/.local/lib/python3.12/site-packages/airflow/example_dags/example_sla_dag.py
[2025-01-16T16:03:39.189+0000] {processor.py:925} INFO - DAG(s) 'example_sla_dag' retrieved from /home/airflow/.local/lib/python3.12/site-packages/airflow/example_dags/example_sla_dag.py
[2025-01-16T16:03:39.204+0000] {logging_mixin.py:190} INFO - [2025-01-16T16:03:39.204+0000] {dag.py:3239} INFO - Sync 1 DAGs
[2025-01-16T16:03:39.223+0000] {logging_mixin.py:190} INFO - [2025-01-16T16:03:39.223+0000] {dag.py:4180} INFO - Setting next_dagrun for example_sla_dag to 2025-01-16 16:00:00+00:00, run_after=2025-01-16 16:02:00+00:00
[2025-01-16T16:03:39.237+0000] {processor.py:208} INFO - Processing /home/airflow/.local/lib/python3.12/site-packages/airflow/example_dags/example_sla_dag.py took 0.062 seconds
[2025-01-16T16:04:10.007+0000] {processor.py:186} INFO - Started process (PID=17657) to work on /home/airflow/.local/lib/python3.12/site-packages/airflow/example_dags/example_sla_dag.py
[2025-01-16T16:04:10.009+0000] {processor.py:914} INFO - Processing file /home/airflow/.local/lib/python3.12/site-packages/airflow/example_dags/example_sla_dag.py for tasks to queue
[2025-01-16T16:04:10.013+0000] {logging_mixin.py:190} INFO - [2025-01-16T16:04:10.012+0000] {dagbag.py:588} INFO - Filling up the DagBag from /home/airflow/.local/lib/python3.12/site-packages/airflow/example_dags/example_sla_dag.py
[2025-01-16T16:04:10.025+0000] {processor.py:925} INFO - DAG(s) 'example_sla_dag' retrieved from /home/airflow/.local/lib/python3.12/site-packages/airflow/example_dags/example_sla_dag.py
[2025-01-16T16:04:10.050+0000] {logging_mixin.py:190} INFO - [2025-01-16T16:04:10.050+0000] {dag.py:3239} INFO - Sync 1 DAGs
[2025-01-16T16:04:10.076+0000] {logging_mixin.py:190} INFO - [2025-01-16T16:04:10.076+0000] {dag.py:4180} INFO - Setting next_dagrun for example_sla_dag to 2025-01-16 16:02:00+00:00, run_after=2025-01-16 16:04:00+00:00
[2025-01-16T16:04:10.092+0000] {processor.py:208} INFO - Processing /home/airflow/.local/lib/python3.12/site-packages/airflow/example_dags/example_sla_dag.py took 0.093 seconds
[2025-01-16T16:04:41.421+0000] {processor.py:186} INFO - Started process (PID=17953) to work on /home/airflow/.local/lib/python3.12/site-packages/airflow/example_dags/example_sla_dag.py
[2025-01-16T16:04:41.422+0000] {processor.py:914} INFO - Processing file /home/airflow/.local/lib/python3.12/site-packages/airflow/example_dags/example_sla_dag.py for tasks to queue
[2025-01-16T16:04:41.424+0000] {logging_mixin.py:190} INFO - [2025-01-16T16:04:41.424+0000] {dagbag.py:588} INFO - Filling up the DagBag from /home/airflow/.local/lib/python3.12/site-packages/airflow/example_dags/example_sla_dag.py
[2025-01-16T16:04:41.431+0000] {processor.py:925} INFO - DAG(s) 'example_sla_dag' retrieved from /home/airflow/.local/lib/python3.12/site-packages/airflow/example_dags/example_sla_dag.py
[2025-01-16T16:04:41.446+0000] {logging_mixin.py:190} INFO - [2025-01-16T16:04:41.446+0000] {dag.py:3239} INFO - Sync 1 DAGs
[2025-01-16T16:04:41.464+0000] {logging_mixin.py:190} INFO - [2025-01-16T16:04:41.464+0000] {dag.py:4180} INFO - Setting next_dagrun for example_sla_dag to 2025-01-16 16:02:00+00:00, run_after=2025-01-16 16:04:00+00:00
[2025-01-16T16:04:41.477+0000] {processor.py:208} INFO - Processing /home/airflow/.local/lib/python3.12/site-packages/airflow/example_dags/example_sla_dag.py took 0.060 seconds
[2025-01-16T16:05:13.188+0000] {processor.py:186} INFO - Started process (PID=18254) to work on /home/airflow/.local/lib/python3.12/site-packages/airflow/example_dags/example_sla_dag.py
[2025-01-16T16:05:13.189+0000] {processor.py:914} INFO - Processing file /home/airflow/.local/lib/python3.12/site-packages/airflow/example_dags/example_sla_dag.py for tasks to queue
[2025-01-16T16:05:13.189+0000] {logging_mixin.py:190} INFO - [2025-01-16T16:05:13.189+0000] {dagbag.py:588} INFO - Filling up the DagBag from /home/airflow/.local/lib/python3.12/site-packages/airflow/example_dags/example_sla_dag.py
[2025-01-16T16:05:13.198+0000] {processor.py:925} INFO - DAG(s) 'example_sla_dag' retrieved from /home/airflow/.local/lib/python3.12/site-packages/airflow/example_dags/example_sla_dag.py
[2025-01-16T16:05:13.214+0000] {logging_mixin.py:190} INFO - [2025-01-16T16:05:13.214+0000] {dag.py:3239} INFO - Sync 1 DAGs
[2025-01-16T16:05:13.396+0000] {logging_mixin.py:190} INFO - [2025-01-16T16:05:13.395+0000] {dag.py:4180} INFO - Setting next_dagrun for example_sla_dag to 2025-01-16 16:02:00+00:00, run_after=2025-01-16 16:04:00+00:00
[2025-01-16T16:05:13.412+0000] {processor.py:208} INFO - Processing /home/airflow/.local/lib/python3.12/site-packages/airflow/example_dags/example_sla_dag.py took 0.229 seconds
[2025-01-16T16:05:43.555+0000] {processor.py:186} INFO - Started process (PID=18547) to work on /home/airflow/.local/lib/python3.12/site-packages/airflow/example_dags/example_sla_dag.py
[2025-01-16T16:05:43.556+0000] {processor.py:914} INFO - Processing file /home/airflow/.local/lib/python3.12/site-packages/airflow/example_dags/example_sla_dag.py for tasks to queue
[2025-01-16T16:05:43.557+0000] {logging_mixin.py:190} INFO - [2025-01-16T16:05:43.556+0000] {dagbag.py:588} INFO - Filling up the DagBag from /home/airflow/.local/lib/python3.12/site-packages/airflow/example_dags/example_sla_dag.py
[2025-01-16T16:05:43.565+0000] {processor.py:925} INFO - DAG(s) 'example_sla_dag' retrieved from /home/airflow/.local/lib/python3.12/site-packages/airflow/example_dags/example_sla_dag.py
[2025-01-16T16:05:43.579+0000] {logging_mixin.py:190} INFO - [2025-01-16T16:05:43.578+0000] {dag.py:3239} INFO - Sync 1 DAGs
[2025-01-16T16:05:43.598+0000] {logging_mixin.py:190} INFO - [2025-01-16T16:05:43.598+0000] {dag.py:4180} INFO - Setting next_dagrun for example_sla_dag to 2025-01-16 16:02:00+00:00, run_after=2025-01-16 16:04:00+00:00
[2025-01-16T16:05:43.745+0000] {processor.py:208} INFO - Processing /home/airflow/.local/lib/python3.12/site-packages/airflow/example_dags/example_sla_dag.py took 0.194 seconds
[2025-01-16T16:06:14.711+0000] {processor.py:186} INFO - Started process (PID=18846) to work on /home/airflow/.local/lib/python3.12/site-packages/airflow/example_dags/example_sla_dag.py
[2025-01-16T16:06:14.712+0000] {processor.py:914} INFO - Processing file /home/airflow/.local/lib/python3.12/site-packages/airflow/example_dags/example_sla_dag.py for tasks to queue
[2025-01-16T16:06:14.713+0000] {logging_mixin.py:190} INFO - [2025-01-16T16:06:14.713+0000] {dagbag.py:588} INFO - Filling up the DagBag from /home/airflow/.local/lib/python3.12/site-packages/airflow/example_dags/example_sla_dag.py
[2025-01-16T16:06:14.721+0000] {processor.py:925} INFO - DAG(s) 'example_sla_dag' retrieved from /home/airflow/.local/lib/python3.12/site-packages/airflow/example_dags/example_sla_dag.py
[2025-01-16T16:06:14.736+0000] {logging_mixin.py:190} INFO - [2025-01-16T16:06:14.736+0000] {dag.py:3239} INFO - Sync 1 DAGs
[2025-01-16T16:06:14.757+0000] {logging_mixin.py:190} INFO - [2025-01-16T16:06:14.757+0000] {dag.py:4180} INFO - Setting next_dagrun for example_sla_dag to 2025-01-16 16:04:00+00:00, run_after=2025-01-16 16:06:00+00:00
[2025-01-16T16:06:14.771+0000] {processor.py:208} INFO - Processing /home/airflow/.local/lib/python3.12/site-packages/airflow/example_dags/example_sla_dag.py took 0.064 seconds
[2025-01-16T16:06:46.094+0000] {processor.py:186} INFO - Started process (PID=19142) to work on /home/airflow/.local/lib/python3.12/site-packages/airflow/example_dags/example_sla_dag.py
[2025-01-16T16:06:46.095+0000] {processor.py:914} INFO - Processing file /home/airflow/.local/lib/python3.12/site-packages/airflow/example_dags/example_sla_dag.py for tasks to queue
[2025-01-16T16:06:46.096+0000] {logging_mixin.py:190} INFO - [2025-01-16T16:06:46.095+0000] {dagbag.py:588} INFO - Filling up the DagBag from /home/airflow/.local/lib/python3.12/site-packages/airflow/example_dags/example_sla_dag.py
[2025-01-16T16:06:46.103+0000] {processor.py:925} INFO - DAG(s) 'example_sla_dag' retrieved from /home/airflow/.local/lib/python3.12/site-packages/airflow/example_dags/example_sla_dag.py
[2025-01-16T16:06:46.116+0000] {logging_mixin.py:190} INFO - [2025-01-16T16:06:46.116+0000] {dag.py:3239} INFO - Sync 1 DAGs
[2025-01-16T16:06:46.134+0000] {logging_mixin.py:190} INFO - [2025-01-16T16:06:46.134+0000] {dag.py:4180} INFO - Setting next_dagrun for example_sla_dag to 2025-01-16 16:04:00+00:00, run_after=2025-01-16 16:06:00+00:00
[2025-01-16T16:06:46.146+0000] {processor.py:208} INFO - Processing /home/airflow/.local/lib/python3.12/site-packages/airflow/example_dags/example_sla_dag.py took 0.056 seconds
[2025-01-16T16:07:16.997+0000] {processor.py:186} INFO - Started process (PID=19433) to work on /home/airflow/.local/lib/python3.12/site-packages/airflow/example_dags/example_sla_dag.py
[2025-01-16T16:07:16.998+0000] {processor.py:914} INFO - Processing file /home/airflow/.local/lib/python3.12/site-packages/airflow/example_dags/example_sla_dag.py for tasks to queue
[2025-01-16T16:07:16.999+0000] {logging_mixin.py:190} INFO - [2025-01-16T16:07:16.999+0000] {dagbag.py:588} INFO - Filling up the DagBag from /home/airflow/.local/lib/python3.12/site-packages/airflow/example_dags/example_sla_dag.py
[2025-01-16T16:07:17.006+0000] {processor.py:925} INFO - DAG(s) 'example_sla_dag' retrieved from /home/airflow/.local/lib/python3.12/site-packages/airflow/example_dags/example_sla_dag.py
[2025-01-16T16:07:17.020+0000] {logging_mixin.py:190} INFO - [2025-01-16T16:07:17.020+0000] {dag.py:3239} INFO - Sync 1 DAGs
[2025-01-16T16:07:17.039+0000] {logging_mixin.py:190} INFO - [2025-01-16T16:07:17.039+0000] {dag.py:4180} INFO - Setting next_dagrun for example_sla_dag to 2025-01-16 16:04:00+00:00, run_after=2025-01-16 16:06:00+00:00
[2025-01-16T16:07:17.052+0000] {processor.py:208} INFO - Processing /home/airflow/.local/lib/python3.12/site-packages/airflow/example_dags/example_sla_dag.py took 0.059 seconds
[2025-01-16T16:07:47.990+0000] {processor.py:186} INFO - Started process (PID=19729) to work on /home/airflow/.local/lib/python3.12/site-packages/airflow/example_dags/example_sla_dag.py
[2025-01-16T16:07:47.991+0000] {processor.py:914} INFO - Processing file /home/airflow/.local/lib/python3.12/site-packages/airflow/example_dags/example_sla_dag.py for tasks to queue
[2025-01-16T16:07:47.991+0000] {logging_mixin.py:190} INFO - [2025-01-16T16:07:47.991+0000] {dagbag.py:588} INFO - Filling up the DagBag from /home/airflow/.local/lib/python3.12/site-packages/airflow/example_dags/example_sla_dag.py
[2025-01-16T16:07:47.999+0000] {processor.py:925} INFO - DAG(s) 'example_sla_dag' retrieved from /home/airflow/.local/lib/python3.12/site-packages/airflow/example_dags/example_sla_dag.py
[2025-01-16T16:07:48.013+0000] {logging_mixin.py:190} INFO - [2025-01-16T16:07:48.013+0000] {dag.py:3239} INFO - Sync 1 DAGs
[2025-01-16T16:07:48.032+0000] {logging_mixin.py:190} INFO - [2025-01-16T16:07:48.032+0000] {dag.py:4180} INFO - Setting next_dagrun for example_sla_dag to 2025-01-16 16:04:00+00:00, run_after=2025-01-16 16:06:00+00:00
[2025-01-16T16:07:48.046+0000] {processor.py:208} INFO - Processing /home/airflow/.local/lib/python3.12/site-packages/airflow/example_dags/example_sla_dag.py took 0.061 seconds
[2025-01-16T16:08:19.508+0000] {processor.py:186} INFO - Started process (PID=20030) to work on /home/airflow/.local/lib/python3.12/site-packages/airflow/example_dags/example_sla_dag.py
[2025-01-16T16:08:19.509+0000] {processor.py:914} INFO - Processing file /home/airflow/.local/lib/python3.12/site-packages/airflow/example_dags/example_sla_dag.py for tasks to queue
[2025-01-16T16:08:19.510+0000] {logging_mixin.py:190} INFO - [2025-01-16T16:08:19.510+0000] {dagbag.py:588} INFO - Filling up the DagBag from /home/airflow/.local/lib/python3.12/site-packages/airflow/example_dags/example_sla_dag.py
[2025-01-16T16:08:19.520+0000] {processor.py:925} INFO - DAG(s) 'example_sla_dag' retrieved from /home/airflow/.local/lib/python3.12/site-packages/airflow/example_dags/example_sla_dag.py
[2025-01-16T16:08:19.536+0000] {logging_mixin.py:190} INFO - [2025-01-16T16:08:19.536+0000] {dag.py:3239} INFO - Sync 1 DAGs
[2025-01-16T16:08:19.561+0000] {logging_mixin.py:190} INFO - [2025-01-16T16:08:19.561+0000] {dag.py:4180} INFO - Setting next_dagrun for example_sla_dag to 2025-01-16 16:06:00+00:00, run_after=2025-01-16 16:08:00+00:00
[2025-01-16T16:08:19.578+0000] {processor.py:208} INFO - Processing /home/airflow/.local/lib/python3.12/site-packages/airflow/example_dags/example_sla_dag.py took 0.075 seconds
