[2025-01-16T15:33:55.649+0000] {processor.py:186} INFO - Started process (PID=195) to work on /home/airflow/.local/lib/python3.12/site-packages/airflow/example_dags/example_branch_operator.py
[2025-01-16T15:33:55.650+0000] {processor.py:914} INFO - Processing file /home/airflow/.local/lib/python3.12/site-packages/airflow/example_dags/example_branch_operator.py for tasks to queue
[2025-01-16T15:33:55.651+0000] {logging_mixin.py:190} INFO - [2025-01-16T15:33:55.651+0000] {dagbag.py:588} INFO - Filling up the DagBag from /home/airflow/.local/lib/python3.12/site-packages/airflow/example_dags/example_branch_operator.py
[2025-01-16T15:33:55.686+0000] {processor.py:925} INFO - DAG(s) 'example_branch_operator' retrieved from /home/airflow/.local/lib/python3.12/site-packages/airflow/example_dags/example_branch_operator.py
[2025-01-16T15:33:55.856+0000] {logging_mixin.py:190} INFO - [2025-01-16T15:33:55.856+0000] {override.py:1911} INFO - Created Permission View: can edit on DAG:example_branch_operator
[2025-01-16T15:33:55.864+0000] {logging_mixin.py:190} INFO - [2025-01-16T15:33:55.863+0000] {override.py:1911} INFO - Created Permission View: can delete on DAG:example_branch_operator
[2025-01-16T15:33:55.868+0000] {logging_mixin.py:190} INFO - [2025-01-16T15:33:55.868+0000] {override.py:1911} INFO - Created Permission View: can read on DAG:example_branch_operator
[2025-01-16T15:33:55.873+0000] {logging_mixin.py:190} INFO - [2025-01-16T15:33:55.873+0000] {override.py:1911} INFO - Created Permission View: can create on DAG Run:example_branch_operator
[2025-01-16T15:33:55.878+0000] {logging_mixin.py:190} INFO - [2025-01-16T15:33:55.878+0000] {override.py:1911} INFO - Created Permission View: can delete on DAG Run:example_branch_operator
[2025-01-16T15:33:55.883+0000] {logging_mixin.py:190} INFO - [2025-01-16T15:33:55.882+0000] {override.py:1911} INFO - Created Permission View: menu access on DAG Run:example_branch_operator
[2025-01-16T15:33:55.887+0000] {logging_mixin.py:190} INFO - [2025-01-16T15:33:55.887+0000] {override.py:1911} INFO - Created Permission View: can read on DAG Run:example_branch_operator
[2025-01-16T15:33:55.887+0000] {logging_mixin.py:190} INFO - [2025-01-16T15:33:55.887+0000] {dag.py:3239} INFO - Sync 1 DAGs
[2025-01-16T15:33:55.899+0000] {logging_mixin.py:190} INFO - [2025-01-16T15:33:55.899+0000] {dag.py:3262} INFO - Creating ORM DAG for example_branch_operator
[2025-01-16T15:33:55.908+0000] {logging_mixin.py:190} INFO - [2025-01-16T15:33:55.908+0000] {dag.py:4180} INFO - Setting next_dagrun for example_branch_operator to 2025-01-15 00:00:00+00:00, run_after=2025-01-16 00:00:00+00:00
[2025-01-16T15:33:55.923+0000] {processor.py:208} INFO - Processing /home/airflow/.local/lib/python3.12/site-packages/airflow/example_dags/example_branch_operator.py took 0.279 seconds
[2025-01-16T15:34:26.771+0000] {processor.py:186} INFO - Started process (PID=492) to work on /home/airflow/.local/lib/python3.12/site-packages/airflow/example_dags/example_branch_operator.py
[2025-01-16T15:34:26.772+0000] {processor.py:914} INFO - Processing file /home/airflow/.local/lib/python3.12/site-packages/airflow/example_dags/example_branch_operator.py for tasks to queue
[2025-01-16T15:34:26.773+0000] {logging_mixin.py:190} INFO - [2025-01-16T15:34:26.773+0000] {dagbag.py:588} INFO - Filling up the DagBag from /home/airflow/.local/lib/python3.12/site-packages/airflow/example_dags/example_branch_operator.py
[2025-01-16T15:34:26.787+0000] {processor.py:925} INFO - DAG(s) 'example_branch_operator' retrieved from /home/airflow/.local/lib/python3.12/site-packages/airflow/example_dags/example_branch_operator.py
[2025-01-16T15:34:26.807+0000] {logging_mixin.py:190} INFO - [2025-01-16T15:34:26.807+0000] {dag.py:3239} INFO - Sync 1 DAGs
[2025-01-16T15:34:26.845+0000] {logging_mixin.py:190} INFO - [2025-01-16T15:34:26.845+0000] {dag.py:4180} INFO - Setting next_dagrun for example_branch_operator to 2025-01-15 00:00:00+00:00, run_after=2025-01-16 00:00:00+00:00
[2025-01-16T15:34:26.862+0000] {processor.py:208} INFO - Processing /home/airflow/.local/lib/python3.12/site-packages/airflow/example_dags/example_branch_operator.py took 0.095 seconds
[2025-01-16T15:34:57.685+0000] {processor.py:186} INFO - Started process (PID=788) to work on /home/airflow/.local/lib/python3.12/site-packages/airflow/example_dags/example_branch_operator.py
[2025-01-16T15:34:57.686+0000] {processor.py:914} INFO - Processing file /home/airflow/.local/lib/python3.12/site-packages/airflow/example_dags/example_branch_operator.py for tasks to queue
[2025-01-16T15:34:57.689+0000] {logging_mixin.py:190} INFO - [2025-01-16T15:34:57.689+0000] {dagbag.py:588} INFO - Filling up the DagBag from /home/airflow/.local/lib/python3.12/site-packages/airflow/example_dags/example_branch_operator.py
[2025-01-16T15:34:57.704+0000] {processor.py:925} INFO - DAG(s) 'example_branch_operator' retrieved from /home/airflow/.local/lib/python3.12/site-packages/airflow/example_dags/example_branch_operator.py
[2025-01-16T15:34:57.729+0000] {logging_mixin.py:190} INFO - [2025-01-16T15:34:57.729+0000] {dag.py:3239} INFO - Sync 1 DAGs
[2025-01-16T15:34:57.757+0000] {logging_mixin.py:190} INFO - [2025-01-16T15:34:57.757+0000] {dag.py:4180} INFO - Setting next_dagrun for example_branch_operator to 2025-01-15 00:00:00+00:00, run_after=2025-01-16 00:00:00+00:00
[2025-01-16T15:34:57.775+0000] {processor.py:208} INFO - Processing /home/airflow/.local/lib/python3.12/site-packages/airflow/example_dags/example_branch_operator.py took 0.096 seconds
[2025-01-16T15:35:28.145+0000] {processor.py:186} INFO - Started process (PID=1085) to work on /home/airflow/.local/lib/python3.12/site-packages/airflow/example_dags/example_branch_operator.py
[2025-01-16T15:35:28.146+0000] {processor.py:914} INFO - Processing file /home/airflow/.local/lib/python3.12/site-packages/airflow/example_dags/example_branch_operator.py for tasks to queue
[2025-01-16T15:35:28.148+0000] {logging_mixin.py:190} INFO - [2025-01-16T15:35:28.148+0000] {dagbag.py:588} INFO - Filling up the DagBag from /home/airflow/.local/lib/python3.12/site-packages/airflow/example_dags/example_branch_operator.py
[2025-01-16T15:35:28.164+0000] {processor.py:925} INFO - DAG(s) 'example_branch_operator' retrieved from /home/airflow/.local/lib/python3.12/site-packages/airflow/example_dags/example_branch_operator.py
[2025-01-16T15:35:28.188+0000] {logging_mixin.py:190} INFO - [2025-01-16T15:35:28.188+0000] {dag.py:3239} INFO - Sync 1 DAGs
[2025-01-16T15:35:28.208+0000] {logging_mixin.py:190} INFO - [2025-01-16T15:35:28.208+0000] {dag.py:4180} INFO - Setting next_dagrun for example_branch_operator to 2025-01-15 00:00:00+00:00, run_after=2025-01-16 00:00:00+00:00
[2025-01-16T15:35:28.225+0000] {processor.py:208} INFO - Processing /home/airflow/.local/lib/python3.12/site-packages/airflow/example_dags/example_branch_operator.py took 0.084 seconds
[2025-01-16T15:35:58.384+0000] {processor.py:186} INFO - Started process (PID=1381) to work on /home/airflow/.local/lib/python3.12/site-packages/airflow/example_dags/example_branch_operator.py
[2025-01-16T15:35:58.385+0000] {processor.py:914} INFO - Processing file /home/airflow/.local/lib/python3.12/site-packages/airflow/example_dags/example_branch_operator.py for tasks to queue
[2025-01-16T15:35:58.387+0000] {logging_mixin.py:190} INFO - [2025-01-16T15:35:58.387+0000] {dagbag.py:588} INFO - Filling up the DagBag from /home/airflow/.local/lib/python3.12/site-packages/airflow/example_dags/example_branch_operator.py
[2025-01-16T15:35:58.406+0000] {processor.py:925} INFO - DAG(s) 'example_branch_operator' retrieved from /home/airflow/.local/lib/python3.12/site-packages/airflow/example_dags/example_branch_operator.py
[2025-01-16T15:35:58.428+0000] {logging_mixin.py:190} INFO - [2025-01-16T15:35:58.428+0000] {dag.py:3239} INFO - Sync 1 DAGs
[2025-01-16T15:35:58.455+0000] {logging_mixin.py:190} INFO - [2025-01-16T15:35:58.455+0000] {dag.py:4180} INFO - Setting next_dagrun for example_branch_operator to 2025-01-15 00:00:00+00:00, run_after=2025-01-16 00:00:00+00:00
[2025-01-16T15:35:58.480+0000] {processor.py:208} INFO - Processing /home/airflow/.local/lib/python3.12/site-packages/airflow/example_dags/example_branch_operator.py took 0.102 seconds
[2025-01-16T15:36:28.852+0000] {processor.py:186} INFO - Started process (PID=1677) to work on /home/airflow/.local/lib/python3.12/site-packages/airflow/example_dags/example_branch_operator.py
[2025-01-16T15:36:28.853+0000] {processor.py:914} INFO - Processing file /home/airflow/.local/lib/python3.12/site-packages/airflow/example_dags/example_branch_operator.py for tasks to queue
[2025-01-16T15:36:28.855+0000] {logging_mixin.py:190} INFO - [2025-01-16T15:36:28.854+0000] {dagbag.py:588} INFO - Filling up the DagBag from /home/airflow/.local/lib/python3.12/site-packages/airflow/example_dags/example_branch_operator.py
[2025-01-16T15:36:28.869+0000] {processor.py:925} INFO - DAG(s) 'example_branch_operator' retrieved from /home/airflow/.local/lib/python3.12/site-packages/airflow/example_dags/example_branch_operator.py
[2025-01-16T15:36:28.891+0000] {logging_mixin.py:190} INFO - [2025-01-16T15:36:28.891+0000] {dag.py:3239} INFO - Sync 1 DAGs
[2025-01-16T15:36:28.910+0000] {logging_mixin.py:190} INFO - [2025-01-16T15:36:28.910+0000] {dag.py:4180} INFO - Setting next_dagrun for example_branch_operator to 2025-01-15 00:00:00+00:00, run_after=2025-01-16 00:00:00+00:00
[2025-01-16T15:36:28.925+0000] {processor.py:208} INFO - Processing /home/airflow/.local/lib/python3.12/site-packages/airflow/example_dags/example_branch_operator.py took 0.078 seconds
[2025-01-16T15:36:59.396+0000] {processor.py:186} INFO - Started process (PID=1973) to work on /home/airflow/.local/lib/python3.12/site-packages/airflow/example_dags/example_branch_operator.py
[2025-01-16T15:36:59.397+0000] {processor.py:914} INFO - Processing file /home/airflow/.local/lib/python3.12/site-packages/airflow/example_dags/example_branch_operator.py for tasks to queue
[2025-01-16T15:36:59.399+0000] {logging_mixin.py:190} INFO - [2025-01-16T15:36:59.398+0000] {dagbag.py:588} INFO - Filling up the DagBag from /home/airflow/.local/lib/python3.12/site-packages/airflow/example_dags/example_branch_operator.py
[2025-01-16T15:36:59.413+0000] {processor.py:925} INFO - DAG(s) 'example_branch_operator' retrieved from /home/airflow/.local/lib/python3.12/site-packages/airflow/example_dags/example_branch_operator.py
[2025-01-16T15:36:59.436+0000] {logging_mixin.py:190} INFO - [2025-01-16T15:36:59.435+0000] {dag.py:3239} INFO - Sync 1 DAGs
[2025-01-16T15:36:59.453+0000] {logging_mixin.py:190} INFO - [2025-01-16T15:36:59.453+0000] {dag.py:4180} INFO - Setting next_dagrun for example_branch_operator to 2025-01-15 00:00:00+00:00, run_after=2025-01-16 00:00:00+00:00
[2025-01-16T15:36:59.469+0000] {processor.py:208} INFO - Processing /home/airflow/.local/lib/python3.12/site-packages/airflow/example_dags/example_branch_operator.py took 0.077 seconds
[2025-01-16T15:37:29.603+0000] {processor.py:186} INFO - Started process (PID=2269) to work on /home/airflow/.local/lib/python3.12/site-packages/airflow/example_dags/example_branch_operator.py
[2025-01-16T15:37:29.604+0000] {processor.py:914} INFO - Processing file /home/airflow/.local/lib/python3.12/site-packages/airflow/example_dags/example_branch_operator.py for tasks to queue
[2025-01-16T15:37:29.606+0000] {logging_mixin.py:190} INFO - [2025-01-16T15:37:29.605+0000] {dagbag.py:588} INFO - Filling up the DagBag from /home/airflow/.local/lib/python3.12/site-packages/airflow/example_dags/example_branch_operator.py
[2025-01-16T15:37:29.618+0000] {processor.py:925} INFO - DAG(s) 'example_branch_operator' retrieved from /home/airflow/.local/lib/python3.12/site-packages/airflow/example_dags/example_branch_operator.py
[2025-01-16T15:37:29.639+0000] {logging_mixin.py:190} INFO - [2025-01-16T15:37:29.638+0000] {dag.py:3239} INFO - Sync 1 DAGs
[2025-01-16T15:37:29.656+0000] {logging_mixin.py:190} INFO - [2025-01-16T15:37:29.656+0000] {dag.py:4180} INFO - Setting next_dagrun for example_branch_operator to 2025-01-15 00:00:00+00:00, run_after=2025-01-16 00:00:00+00:00
[2025-01-16T15:37:29.671+0000] {processor.py:208} INFO - Processing /home/airflow/.local/lib/python3.12/site-packages/airflow/example_dags/example_branch_operator.py took 0.072 seconds
[2025-01-16T15:38:00.210+0000] {processor.py:186} INFO - Started process (PID=2571) to work on /home/airflow/.local/lib/python3.12/site-packages/airflow/example_dags/example_branch_operator.py
[2025-01-16T15:38:00.211+0000] {processor.py:914} INFO - Processing file /home/airflow/.local/lib/python3.12/site-packages/airflow/example_dags/example_branch_operator.py for tasks to queue
[2025-01-16T15:38:00.213+0000] {logging_mixin.py:190} INFO - [2025-01-16T15:38:00.213+0000] {dagbag.py:588} INFO - Filling up the DagBag from /home/airflow/.local/lib/python3.12/site-packages/airflow/example_dags/example_branch_operator.py
[2025-01-16T15:38:00.227+0000] {processor.py:925} INFO - DAG(s) 'example_branch_operator' retrieved from /home/airflow/.local/lib/python3.12/site-packages/airflow/example_dags/example_branch_operator.py
[2025-01-16T15:38:00.249+0000] {logging_mixin.py:190} INFO - [2025-01-16T15:38:00.249+0000] {dag.py:3239} INFO - Sync 1 DAGs
[2025-01-16T15:38:00.268+0000] {logging_mixin.py:190} INFO - [2025-01-16T15:38:00.267+0000] {dag.py:4180} INFO - Setting next_dagrun for example_branch_operator to 2025-01-15 00:00:00+00:00, run_after=2025-01-16 00:00:00+00:00
[2025-01-16T15:38:00.283+0000] {processor.py:208} INFO - Processing /home/airflow/.local/lib/python3.12/site-packages/airflow/example_dags/example_branch_operator.py took 0.078 seconds
[2025-01-16T15:38:30.491+0000] {processor.py:186} INFO - Started process (PID=2867) to work on /home/airflow/.local/lib/python3.12/site-packages/airflow/example_dags/example_branch_operator.py
[2025-01-16T15:38:30.492+0000] {processor.py:914} INFO - Processing file /home/airflow/.local/lib/python3.12/site-packages/airflow/example_dags/example_branch_operator.py for tasks to queue
[2025-01-16T15:38:30.494+0000] {logging_mixin.py:190} INFO - [2025-01-16T15:38:30.493+0000] {dagbag.py:588} INFO - Filling up the DagBag from /home/airflow/.local/lib/python3.12/site-packages/airflow/example_dags/example_branch_operator.py
[2025-01-16T15:38:30.507+0000] {processor.py:925} INFO - DAG(s) 'example_branch_operator' retrieved from /home/airflow/.local/lib/python3.12/site-packages/airflow/example_dags/example_branch_operator.py
[2025-01-16T15:38:30.527+0000] {logging_mixin.py:190} INFO - [2025-01-16T15:38:30.527+0000] {dag.py:3239} INFO - Sync 1 DAGs
[2025-01-16T15:38:30.547+0000] {logging_mixin.py:190} INFO - [2025-01-16T15:38:30.547+0000] {dag.py:4180} INFO - Setting next_dagrun for example_branch_operator to 2025-01-15 00:00:00+00:00, run_after=2025-01-16 00:00:00+00:00
[2025-01-16T15:38:30.562+0000] {processor.py:208} INFO - Processing /home/airflow/.local/lib/python3.12/site-packages/airflow/example_dags/example_branch_operator.py took 0.075 seconds
[2025-01-16T15:39:00.920+0000] {processor.py:186} INFO - Started process (PID=3163) to work on /home/airflow/.local/lib/python3.12/site-packages/airflow/example_dags/example_branch_operator.py
[2025-01-16T15:39:00.921+0000] {processor.py:914} INFO - Processing file /home/airflow/.local/lib/python3.12/site-packages/airflow/example_dags/example_branch_operator.py for tasks to queue
[2025-01-16T15:39:00.923+0000] {logging_mixin.py:190} INFO - [2025-01-16T15:39:00.922+0000] {dagbag.py:588} INFO - Filling up the DagBag from /home/airflow/.local/lib/python3.12/site-packages/airflow/example_dags/example_branch_operator.py
[2025-01-16T15:39:00.935+0000] {processor.py:925} INFO - DAG(s) 'example_branch_operator' retrieved from /home/airflow/.local/lib/python3.12/site-packages/airflow/example_dags/example_branch_operator.py
[2025-01-16T15:39:00.956+0000] {logging_mixin.py:190} INFO - [2025-01-16T15:39:00.956+0000] {dag.py:3239} INFO - Sync 1 DAGs
[2025-01-16T15:39:00.974+0000] {logging_mixin.py:190} INFO - [2025-01-16T15:39:00.974+0000] {dag.py:4180} INFO - Setting next_dagrun for example_branch_operator to 2025-01-15 00:00:00+00:00, run_after=2025-01-16 00:00:00+00:00
[2025-01-16T15:39:00.989+0000] {processor.py:208} INFO - Processing /home/airflow/.local/lib/python3.12/site-packages/airflow/example_dags/example_branch_operator.py took 0.073 seconds
[2025-01-16T15:39:31.402+0000] {processor.py:186} INFO - Started process (PID=3459) to work on /home/airflow/.local/lib/python3.12/site-packages/airflow/example_dags/example_branch_operator.py
[2025-01-16T15:39:31.403+0000] {processor.py:914} INFO - Processing file /home/airflow/.local/lib/python3.12/site-packages/airflow/example_dags/example_branch_operator.py for tasks to queue
[2025-01-16T15:39:31.404+0000] {logging_mixin.py:190} INFO - [2025-01-16T15:39:31.404+0000] {dagbag.py:588} INFO - Filling up the DagBag from /home/airflow/.local/lib/python3.12/site-packages/airflow/example_dags/example_branch_operator.py
[2025-01-16T15:39:31.417+0000] {processor.py:925} INFO - DAG(s) 'example_branch_operator' retrieved from /home/airflow/.local/lib/python3.12/site-packages/airflow/example_dags/example_branch_operator.py
[2025-01-16T15:39:31.436+0000] {logging_mixin.py:190} INFO - [2025-01-16T15:39:31.436+0000] {dag.py:3239} INFO - Sync 1 DAGs
[2025-01-16T15:39:31.454+0000] {logging_mixin.py:190} INFO - [2025-01-16T15:39:31.454+0000] {dag.py:4180} INFO - Setting next_dagrun for example_branch_operator to 2025-01-15 00:00:00+00:00, run_after=2025-01-16 00:00:00+00:00
[2025-01-16T15:39:31.472+0000] {processor.py:208} INFO - Processing /home/airflow/.local/lib/python3.12/site-packages/airflow/example_dags/example_branch_operator.py took 0.074 seconds
[2025-01-16T15:40:01.764+0000] {processor.py:186} INFO - Started process (PID=3755) to work on /home/airflow/.local/lib/python3.12/site-packages/airflow/example_dags/example_branch_operator.py
[2025-01-16T15:40:01.764+0000] {processor.py:914} INFO - Processing file /home/airflow/.local/lib/python3.12/site-packages/airflow/example_dags/example_branch_operator.py for tasks to queue
[2025-01-16T15:40:01.767+0000] {logging_mixin.py:190} INFO - [2025-01-16T15:40:01.766+0000] {dagbag.py:588} INFO - Filling up the DagBag from /home/airflow/.local/lib/python3.12/site-packages/airflow/example_dags/example_branch_operator.py
[2025-01-16T15:40:01.782+0000] {processor.py:925} INFO - DAG(s) 'example_branch_operator' retrieved from /home/airflow/.local/lib/python3.12/site-packages/airflow/example_dags/example_branch_operator.py
[2025-01-16T15:40:01.813+0000] {logging_mixin.py:190} INFO - [2025-01-16T15:40:01.813+0000] {dag.py:3239} INFO - Sync 1 DAGs
[2025-01-16T15:40:01.833+0000] {logging_mixin.py:190} INFO - [2025-01-16T15:40:01.833+0000] {dag.py:4180} INFO - Setting next_dagrun for example_branch_operator to 2025-01-15 00:00:00+00:00, run_after=2025-01-16 00:00:00+00:00
[2025-01-16T15:40:01.853+0000] {processor.py:208} INFO - Processing /home/airflow/.local/lib/python3.12/site-packages/airflow/example_dags/example_branch_operator.py took 0.094 seconds
[2025-01-16T15:40:32.374+0000] {processor.py:186} INFO - Started process (PID=4051) to work on /home/airflow/.local/lib/python3.12/site-packages/airflow/example_dags/example_branch_operator.py
[2025-01-16T15:40:32.374+0000] {processor.py:914} INFO - Processing file /home/airflow/.local/lib/python3.12/site-packages/airflow/example_dags/example_branch_operator.py for tasks to queue
[2025-01-16T15:40:32.376+0000] {logging_mixin.py:190} INFO - [2025-01-16T15:40:32.376+0000] {dagbag.py:588} INFO - Filling up the DagBag from /home/airflow/.local/lib/python3.12/site-packages/airflow/example_dags/example_branch_operator.py
[2025-01-16T15:40:32.391+0000] {processor.py:925} INFO - DAG(s) 'example_branch_operator' retrieved from /home/airflow/.local/lib/python3.12/site-packages/airflow/example_dags/example_branch_operator.py
[2025-01-16T15:40:32.413+0000] {logging_mixin.py:190} INFO - [2025-01-16T15:40:32.413+0000] {dag.py:3239} INFO - Sync 1 DAGs
[2025-01-16T15:40:32.437+0000] {logging_mixin.py:190} INFO - [2025-01-16T15:40:32.437+0000] {dag.py:4180} INFO - Setting next_dagrun for example_branch_operator to 2025-01-15 00:00:00+00:00, run_after=2025-01-16 00:00:00+00:00
[2025-01-16T15:40:32.455+0000] {processor.py:208} INFO - Processing /home/airflow/.local/lib/python3.12/site-packages/airflow/example_dags/example_branch_operator.py took 0.086 seconds
[2025-01-16T15:41:02.565+0000] {processor.py:186} INFO - Started process (PID=4347) to work on /home/airflow/.local/lib/python3.12/site-packages/airflow/example_dags/example_branch_operator.py
[2025-01-16T15:41:02.566+0000] {processor.py:914} INFO - Processing file /home/airflow/.local/lib/python3.12/site-packages/airflow/example_dags/example_branch_operator.py for tasks to queue
[2025-01-16T15:41:02.567+0000] {logging_mixin.py:190} INFO - [2025-01-16T15:41:02.567+0000] {dagbag.py:588} INFO - Filling up the DagBag from /home/airflow/.local/lib/python3.12/site-packages/airflow/example_dags/example_branch_operator.py
[2025-01-16T15:41:02.581+0000] {processor.py:925} INFO - DAG(s) 'example_branch_operator' retrieved from /home/airflow/.local/lib/python3.12/site-packages/airflow/example_dags/example_branch_operator.py
[2025-01-16T15:41:02.603+0000] {logging_mixin.py:190} INFO - [2025-01-16T15:41:02.603+0000] {dag.py:3239} INFO - Sync 1 DAGs
[2025-01-16T15:41:02.623+0000] {logging_mixin.py:190} INFO - [2025-01-16T15:41:02.623+0000] {dag.py:4180} INFO - Setting next_dagrun for example_branch_operator to 2025-01-15 00:00:00+00:00, run_after=2025-01-16 00:00:00+00:00
[2025-01-16T15:41:02.636+0000] {processor.py:208} INFO - Processing /home/airflow/.local/lib/python3.12/site-packages/airflow/example_dags/example_branch_operator.py took 0.076 seconds
[2025-01-16T15:41:32.742+0000] {processor.py:186} INFO - Started process (PID=4643) to work on /home/airflow/.local/lib/python3.12/site-packages/airflow/example_dags/example_branch_operator.py
[2025-01-16T15:41:32.744+0000] {processor.py:914} INFO - Processing file /home/airflow/.local/lib/python3.12/site-packages/airflow/example_dags/example_branch_operator.py for tasks to queue
[2025-01-16T15:41:32.746+0000] {logging_mixin.py:190} INFO - [2025-01-16T15:41:32.746+0000] {dagbag.py:588} INFO - Filling up the DagBag from /home/airflow/.local/lib/python3.12/site-packages/airflow/example_dags/example_branch_operator.py
[2025-01-16T15:41:32.767+0000] {processor.py:925} INFO - DAG(s) 'example_branch_operator' retrieved from /home/airflow/.local/lib/python3.12/site-packages/airflow/example_dags/example_branch_operator.py
[2025-01-16T15:41:32.797+0000] {logging_mixin.py:190} INFO - [2025-01-16T15:41:32.796+0000] {dag.py:3239} INFO - Sync 1 DAGs
[2025-01-16T15:41:32.816+0000] {logging_mixin.py:190} INFO - [2025-01-16T15:41:32.815+0000] {dag.py:4180} INFO - Setting next_dagrun for example_branch_operator to 2025-01-15 00:00:00+00:00, run_after=2025-01-16 00:00:00+00:00
[2025-01-16T15:41:32.828+0000] {processor.py:208} INFO - Processing /home/airflow/.local/lib/python3.12/site-packages/airflow/example_dags/example_branch_operator.py took 0.097 seconds
[2025-01-16T15:42:03.277+0000] {processor.py:186} INFO - Started process (PID=4939) to work on /home/airflow/.local/lib/python3.12/site-packages/airflow/example_dags/example_branch_operator.py
[2025-01-16T15:42:03.277+0000] {processor.py:914} INFO - Processing file /home/airflow/.local/lib/python3.12/site-packages/airflow/example_dags/example_branch_operator.py for tasks to queue
[2025-01-16T15:42:03.279+0000] {logging_mixin.py:190} INFO - [2025-01-16T15:42:03.279+0000] {dagbag.py:588} INFO - Filling up the DagBag from /home/airflow/.local/lib/python3.12/site-packages/airflow/example_dags/example_branch_operator.py
[2025-01-16T15:42:03.293+0000] {processor.py:925} INFO - DAG(s) 'example_branch_operator' retrieved from /home/airflow/.local/lib/python3.12/site-packages/airflow/example_dags/example_branch_operator.py
[2025-01-16T15:42:03.315+0000] {logging_mixin.py:190} INFO - [2025-01-16T15:42:03.314+0000] {dag.py:3239} INFO - Sync 1 DAGs
[2025-01-16T15:42:03.332+0000] {logging_mixin.py:190} INFO - [2025-01-16T15:42:03.332+0000] {dag.py:4180} INFO - Setting next_dagrun for example_branch_operator to 2025-01-15 00:00:00+00:00, run_after=2025-01-16 00:00:00+00:00
[2025-01-16T15:42:03.347+0000] {processor.py:208} INFO - Processing /home/airflow/.local/lib/python3.12/site-packages/airflow/example_dags/example_branch_operator.py took 0.075 seconds
[2025-01-16T15:42:33.531+0000] {processor.py:186} INFO - Started process (PID=5235) to work on /home/airflow/.local/lib/python3.12/site-packages/airflow/example_dags/example_branch_operator.py
[2025-01-16T15:42:33.532+0000] {processor.py:914} INFO - Processing file /home/airflow/.local/lib/python3.12/site-packages/airflow/example_dags/example_branch_operator.py for tasks to queue
[2025-01-16T15:42:33.534+0000] {logging_mixin.py:190} INFO - [2025-01-16T15:42:33.534+0000] {dagbag.py:588} INFO - Filling up the DagBag from /home/airflow/.local/lib/python3.12/site-packages/airflow/example_dags/example_branch_operator.py
[2025-01-16T15:42:33.546+0000] {processor.py:925} INFO - DAG(s) 'example_branch_operator' retrieved from /home/airflow/.local/lib/python3.12/site-packages/airflow/example_dags/example_branch_operator.py
[2025-01-16T15:42:33.566+0000] {logging_mixin.py:190} INFO - [2025-01-16T15:42:33.566+0000] {dag.py:3239} INFO - Sync 1 DAGs
[2025-01-16T15:42:33.585+0000] {logging_mixin.py:190} INFO - [2025-01-16T15:42:33.585+0000] {dag.py:4180} INFO - Setting next_dagrun for example_branch_operator to 2025-01-15 00:00:00+00:00, run_after=2025-01-16 00:00:00+00:00
[2025-01-16T15:42:33.599+0000] {processor.py:208} INFO - Processing /home/airflow/.local/lib/python3.12/site-packages/airflow/example_dags/example_branch_operator.py took 0.072 seconds
[2025-01-16T15:43:03.760+0000] {processor.py:186} INFO - Started process (PID=5531) to work on /home/airflow/.local/lib/python3.12/site-packages/airflow/example_dags/example_branch_operator.py
[2025-01-16T15:43:03.760+0000] {processor.py:914} INFO - Processing file /home/airflow/.local/lib/python3.12/site-packages/airflow/example_dags/example_branch_operator.py for tasks to queue
[2025-01-16T15:43:03.762+0000] {logging_mixin.py:190} INFO - [2025-01-16T15:43:03.762+0000] {dagbag.py:588} INFO - Filling up the DagBag from /home/airflow/.local/lib/python3.12/site-packages/airflow/example_dags/example_branch_operator.py
[2025-01-16T15:43:03.775+0000] {processor.py:925} INFO - DAG(s) 'example_branch_operator' retrieved from /home/airflow/.local/lib/python3.12/site-packages/airflow/example_dags/example_branch_operator.py
[2025-01-16T15:43:03.797+0000] {logging_mixin.py:190} INFO - [2025-01-16T15:43:03.797+0000] {dag.py:3239} INFO - Sync 1 DAGs
[2025-01-16T15:43:03.815+0000] {logging_mixin.py:190} INFO - [2025-01-16T15:43:03.815+0000] {dag.py:4180} INFO - Setting next_dagrun for example_branch_operator to 2025-01-15 00:00:00+00:00, run_after=2025-01-16 00:00:00+00:00
[2025-01-16T15:43:03.830+0000] {processor.py:208} INFO - Processing /home/airflow/.local/lib/python3.12/site-packages/airflow/example_dags/example_branch_operator.py took 0.075 seconds
[2025-01-16T15:43:34.249+0000] {processor.py:186} INFO - Started process (PID=5827) to work on /home/airflow/.local/lib/python3.12/site-packages/airflow/example_dags/example_branch_operator.py
[2025-01-16T15:43:34.250+0000] {processor.py:914} INFO - Processing file /home/airflow/.local/lib/python3.12/site-packages/airflow/example_dags/example_branch_operator.py for tasks to queue
[2025-01-16T15:43:34.252+0000] {logging_mixin.py:190} INFO - [2025-01-16T15:43:34.251+0000] {dagbag.py:588} INFO - Filling up the DagBag from /home/airflow/.local/lib/python3.12/site-packages/airflow/example_dags/example_branch_operator.py
[2025-01-16T15:43:34.265+0000] {processor.py:925} INFO - DAG(s) 'example_branch_operator' retrieved from /home/airflow/.local/lib/python3.12/site-packages/airflow/example_dags/example_branch_operator.py
[2025-01-16T15:43:34.308+0000] {logging_mixin.py:190} INFO - [2025-01-16T15:43:34.308+0000] {dag.py:3239} INFO - Sync 1 DAGs
[2025-01-16T15:43:34.326+0000] {logging_mixin.py:190} INFO - [2025-01-16T15:43:34.326+0000] {dag.py:4180} INFO - Setting next_dagrun for example_branch_operator to 2025-01-15 00:00:00+00:00, run_after=2025-01-16 00:00:00+00:00
[2025-01-16T15:43:34.340+0000] {processor.py:208} INFO - Processing /home/airflow/.local/lib/python3.12/site-packages/airflow/example_dags/example_branch_operator.py took 0.095 seconds
[2025-01-16T15:44:04.655+0000] {processor.py:186} INFO - Started process (PID=6123) to work on /home/airflow/.local/lib/python3.12/site-packages/airflow/example_dags/example_branch_operator.py
[2025-01-16T15:44:04.656+0000] {processor.py:914} INFO - Processing file /home/airflow/.local/lib/python3.12/site-packages/airflow/example_dags/example_branch_operator.py for tasks to queue
[2025-01-16T15:44:04.658+0000] {logging_mixin.py:190} INFO - [2025-01-16T15:44:04.658+0000] {dagbag.py:588} INFO - Filling up the DagBag from /home/airflow/.local/lib/python3.12/site-packages/airflow/example_dags/example_branch_operator.py
[2025-01-16T15:44:04.671+0000] {processor.py:925} INFO - DAG(s) 'example_branch_operator' retrieved from /home/airflow/.local/lib/python3.12/site-packages/airflow/example_dags/example_branch_operator.py
[2025-01-16T15:44:04.691+0000] {logging_mixin.py:190} INFO - [2025-01-16T15:44:04.690+0000] {dag.py:3239} INFO - Sync 1 DAGs
[2025-01-16T15:44:04.708+0000] {logging_mixin.py:190} INFO - [2025-01-16T15:44:04.708+0000] {dag.py:4180} INFO - Setting next_dagrun for example_branch_operator to 2025-01-15 00:00:00+00:00, run_after=2025-01-16 00:00:00+00:00
[2025-01-16T15:44:04.721+0000] {processor.py:208} INFO - Processing /home/airflow/.local/lib/python3.12/site-packages/airflow/example_dags/example_branch_operator.py took 0.070 seconds
[2025-01-16T15:44:34.772+0000] {processor.py:186} INFO - Started process (PID=6419) to work on /home/airflow/.local/lib/python3.12/site-packages/airflow/example_dags/example_branch_operator.py
[2025-01-16T15:44:34.773+0000] {processor.py:914} INFO - Processing file /home/airflow/.local/lib/python3.12/site-packages/airflow/example_dags/example_branch_operator.py for tasks to queue
[2025-01-16T15:44:34.775+0000] {logging_mixin.py:190} INFO - [2025-01-16T15:44:34.775+0000] {dagbag.py:588} INFO - Filling up the DagBag from /home/airflow/.local/lib/python3.12/site-packages/airflow/example_dags/example_branch_operator.py
[2025-01-16T15:44:34.788+0000] {processor.py:925} INFO - DAG(s) 'example_branch_operator' retrieved from /home/airflow/.local/lib/python3.12/site-packages/airflow/example_dags/example_branch_operator.py
[2025-01-16T15:44:34.807+0000] {logging_mixin.py:190} INFO - [2025-01-16T15:44:34.807+0000] {dag.py:3239} INFO - Sync 1 DAGs
[2025-01-16T15:44:34.826+0000] {logging_mixin.py:190} INFO - [2025-01-16T15:44:34.826+0000] {dag.py:4180} INFO - Setting next_dagrun for example_branch_operator to 2025-01-15 00:00:00+00:00, run_after=2025-01-16 00:00:00+00:00
[2025-01-16T15:44:34.839+0000] {processor.py:208} INFO - Processing /home/airflow/.local/lib/python3.12/site-packages/airflow/example_dags/example_branch_operator.py took 0.071 seconds
[2025-01-16T15:45:04.907+0000] {processor.py:186} INFO - Started process (PID=6715) to work on /home/airflow/.local/lib/python3.12/site-packages/airflow/example_dags/example_branch_operator.py
[2025-01-16T15:45:04.908+0000] {processor.py:914} INFO - Processing file /home/airflow/.local/lib/python3.12/site-packages/airflow/example_dags/example_branch_operator.py for tasks to queue
[2025-01-16T15:45:04.910+0000] {logging_mixin.py:190} INFO - [2025-01-16T15:45:04.909+0000] {dagbag.py:588} INFO - Filling up the DagBag from /home/airflow/.local/lib/python3.12/site-packages/airflow/example_dags/example_branch_operator.py
[2025-01-16T15:45:04.924+0000] {processor.py:925} INFO - DAG(s) 'example_branch_operator' retrieved from /home/airflow/.local/lib/python3.12/site-packages/airflow/example_dags/example_branch_operator.py
[2025-01-16T15:45:04.946+0000] {logging_mixin.py:190} INFO - [2025-01-16T15:45:04.946+0000] {dag.py:3239} INFO - Sync 1 DAGs
[2025-01-16T15:45:04.964+0000] {logging_mixin.py:190} INFO - [2025-01-16T15:45:04.964+0000] {dag.py:4180} INFO - Setting next_dagrun for example_branch_operator to 2025-01-15 00:00:00+00:00, run_after=2025-01-16 00:00:00+00:00
[2025-01-16T15:45:04.978+0000] {processor.py:208} INFO - Processing /home/airflow/.local/lib/python3.12/site-packages/airflow/example_dags/example_branch_operator.py took 0.076 seconds
[2025-01-16T15:45:35.299+0000] {processor.py:186} INFO - Started process (PID=7011) to work on /home/airflow/.local/lib/python3.12/site-packages/airflow/example_dags/example_branch_operator.py
[2025-01-16T15:45:35.299+0000] {processor.py:914} INFO - Processing file /home/airflow/.local/lib/python3.12/site-packages/airflow/example_dags/example_branch_operator.py for tasks to queue
[2025-01-16T15:45:35.301+0000] {logging_mixin.py:190} INFO - [2025-01-16T15:45:35.301+0000] {dagbag.py:588} INFO - Filling up the DagBag from /home/airflow/.local/lib/python3.12/site-packages/airflow/example_dags/example_branch_operator.py
[2025-01-16T15:45:35.314+0000] {processor.py:925} INFO - DAG(s) 'example_branch_operator' retrieved from /home/airflow/.local/lib/python3.12/site-packages/airflow/example_dags/example_branch_operator.py
[2025-01-16T15:45:35.333+0000] {logging_mixin.py:190} INFO - [2025-01-16T15:45:35.333+0000] {dag.py:3239} INFO - Sync 1 DAGs
[2025-01-16T15:45:35.351+0000] {logging_mixin.py:190} INFO - [2025-01-16T15:45:35.351+0000] {dag.py:4180} INFO - Setting next_dagrun for example_branch_operator to 2025-01-15 00:00:00+00:00, run_after=2025-01-16 00:00:00+00:00
[2025-01-16T15:45:35.364+0000] {processor.py:208} INFO - Processing /home/airflow/.local/lib/python3.12/site-packages/airflow/example_dags/example_branch_operator.py took 0.071 seconds
[2025-01-16T15:46:05.683+0000] {processor.py:186} INFO - Started process (PID=7307) to work on /home/airflow/.local/lib/python3.12/site-packages/airflow/example_dags/example_branch_operator.py
[2025-01-16T15:46:05.684+0000] {processor.py:914} INFO - Processing file /home/airflow/.local/lib/python3.12/site-packages/airflow/example_dags/example_branch_operator.py for tasks to queue
[2025-01-16T15:46:05.686+0000] {logging_mixin.py:190} INFO - [2025-01-16T15:46:05.686+0000] {dagbag.py:588} INFO - Filling up the DagBag from /home/airflow/.local/lib/python3.12/site-packages/airflow/example_dags/example_branch_operator.py
[2025-01-16T15:46:05.700+0000] {processor.py:925} INFO - DAG(s) 'example_branch_operator' retrieved from /home/airflow/.local/lib/python3.12/site-packages/airflow/example_dags/example_branch_operator.py
[2025-01-16T15:46:05.725+0000] {logging_mixin.py:190} INFO - [2025-01-16T15:46:05.724+0000] {dag.py:3239} INFO - Sync 1 DAGs
[2025-01-16T15:46:05.742+0000] {logging_mixin.py:190} INFO - [2025-01-16T15:46:05.742+0000] {dag.py:4180} INFO - Setting next_dagrun for example_branch_operator to 2025-01-15 00:00:00+00:00, run_after=2025-01-16 00:00:00+00:00
[2025-01-16T15:46:05.756+0000] {processor.py:208} INFO - Processing /home/airflow/.local/lib/python3.12/site-packages/airflow/example_dags/example_branch_operator.py took 0.077 seconds
[2025-01-16T15:46:36.263+0000] {processor.py:186} INFO - Started process (PID=7603) to work on /home/airflow/.local/lib/python3.12/site-packages/airflow/example_dags/example_branch_operator.py
[2025-01-16T15:46:36.264+0000] {processor.py:914} INFO - Processing file /home/airflow/.local/lib/python3.12/site-packages/airflow/example_dags/example_branch_operator.py for tasks to queue
[2025-01-16T15:46:36.265+0000] {logging_mixin.py:190} INFO - [2025-01-16T15:46:36.265+0000] {dagbag.py:588} INFO - Filling up the DagBag from /home/airflow/.local/lib/python3.12/site-packages/airflow/example_dags/example_branch_operator.py
[2025-01-16T15:46:36.279+0000] {processor.py:925} INFO - DAG(s) 'example_branch_operator' retrieved from /home/airflow/.local/lib/python3.12/site-packages/airflow/example_dags/example_branch_operator.py
[2025-01-16T15:46:36.299+0000] {logging_mixin.py:190} INFO - [2025-01-16T15:46:36.299+0000] {dag.py:3239} INFO - Sync 1 DAGs
[2025-01-16T15:46:36.317+0000] {logging_mixin.py:190} INFO - [2025-01-16T15:46:36.317+0000] {dag.py:4180} INFO - Setting next_dagrun for example_branch_operator to 2025-01-15 00:00:00+00:00, run_after=2025-01-16 00:00:00+00:00
[2025-01-16T15:46:36.330+0000] {processor.py:208} INFO - Processing /home/airflow/.local/lib/python3.12/site-packages/airflow/example_dags/example_branch_operator.py took 0.072 seconds
[2025-01-16T15:47:06.454+0000] {processor.py:186} INFO - Started process (PID=7899) to work on /home/airflow/.local/lib/python3.12/site-packages/airflow/example_dags/example_branch_operator.py
[2025-01-16T15:47:06.455+0000] {processor.py:914} INFO - Processing file /home/airflow/.local/lib/python3.12/site-packages/airflow/example_dags/example_branch_operator.py for tasks to queue
[2025-01-16T15:47:06.456+0000] {logging_mixin.py:190} INFO - [2025-01-16T15:47:06.456+0000] {dagbag.py:588} INFO - Filling up the DagBag from /home/airflow/.local/lib/python3.12/site-packages/airflow/example_dags/example_branch_operator.py
[2025-01-16T15:47:06.469+0000] {processor.py:925} INFO - DAG(s) 'example_branch_operator' retrieved from /home/airflow/.local/lib/python3.12/site-packages/airflow/example_dags/example_branch_operator.py
[2025-01-16T15:47:06.489+0000] {logging_mixin.py:190} INFO - [2025-01-16T15:47:06.489+0000] {dag.py:3239} INFO - Sync 1 DAGs
[2025-01-16T15:47:06.505+0000] {logging_mixin.py:190} INFO - [2025-01-16T15:47:06.505+0000] {dag.py:4180} INFO - Setting next_dagrun for example_branch_operator to 2025-01-15 00:00:00+00:00, run_after=2025-01-16 00:00:00+00:00
[2025-01-16T15:47:06.519+0000] {processor.py:208} INFO - Processing /home/airflow/.local/lib/python3.12/site-packages/airflow/example_dags/example_branch_operator.py took 0.069 seconds
[2025-01-16T15:47:36.822+0000] {processor.py:186} INFO - Started process (PID=8195) to work on /home/airflow/.local/lib/python3.12/site-packages/airflow/example_dags/example_branch_operator.py
[2025-01-16T15:47:36.823+0000] {processor.py:914} INFO - Processing file /home/airflow/.local/lib/python3.12/site-packages/airflow/example_dags/example_branch_operator.py for tasks to queue
[2025-01-16T15:47:36.825+0000] {logging_mixin.py:190} INFO - [2025-01-16T15:47:36.824+0000] {dagbag.py:588} INFO - Filling up the DagBag from /home/airflow/.local/lib/python3.12/site-packages/airflow/example_dags/example_branch_operator.py
[2025-01-16T15:47:36.837+0000] {processor.py:925} INFO - DAG(s) 'example_branch_operator' retrieved from /home/airflow/.local/lib/python3.12/site-packages/airflow/example_dags/example_branch_operator.py
[2025-01-16T15:47:36.857+0000] {logging_mixin.py:190} INFO - [2025-01-16T15:47:36.857+0000] {dag.py:3239} INFO - Sync 1 DAGs
[2025-01-16T15:47:36.875+0000] {logging_mixin.py:190} INFO - [2025-01-16T15:47:36.875+0000] {dag.py:4180} INFO - Setting next_dagrun for example_branch_operator to 2025-01-15 00:00:00+00:00, run_after=2025-01-16 00:00:00+00:00
[2025-01-16T15:47:36.889+0000] {processor.py:208} INFO - Processing /home/airflow/.local/lib/python3.12/site-packages/airflow/example_dags/example_branch_operator.py took 0.071 seconds
[2025-01-16T15:48:07.229+0000] {processor.py:186} INFO - Started process (PID=8451) to work on /home/airflow/.local/lib/python3.12/site-packages/airflow/example_dags/example_branch_operator.py
[2025-01-16T15:48:07.230+0000] {processor.py:914} INFO - Processing file /home/airflow/.local/lib/python3.12/site-packages/airflow/example_dags/example_branch_operator.py for tasks to queue
[2025-01-16T15:48:07.231+0000] {logging_mixin.py:190} INFO - [2025-01-16T15:48:07.231+0000] {dagbag.py:588} INFO - Filling up the DagBag from /home/airflow/.local/lib/python3.12/site-packages/airflow/example_dags/example_branch_operator.py
[2025-01-16T15:48:07.244+0000] {processor.py:925} INFO - DAG(s) 'example_branch_operator' retrieved from /home/airflow/.local/lib/python3.12/site-packages/airflow/example_dags/example_branch_operator.py
[2025-01-16T15:48:07.264+0000] {logging_mixin.py:190} INFO - [2025-01-16T15:48:07.264+0000] {dag.py:3239} INFO - Sync 1 DAGs
[2025-01-16T15:48:07.282+0000] {logging_mixin.py:190} INFO - [2025-01-16T15:48:07.282+0000] {dag.py:4180} INFO - Setting next_dagrun for example_branch_operator to 2025-01-15 00:00:00+00:00, run_after=2025-01-16 00:00:00+00:00
[2025-01-16T15:48:07.296+0000] {processor.py:208} INFO - Processing /home/airflow/.local/lib/python3.12/site-packages/airflow/example_dags/example_branch_operator.py took 0.071 seconds
[2025-01-16T15:48:38.031+0000] {processor.py:186} INFO - Started process (PID=8742) to work on /home/airflow/.local/lib/python3.12/site-packages/airflow/example_dags/example_branch_operator.py
[2025-01-16T15:48:38.032+0000] {processor.py:914} INFO - Processing file /home/airflow/.local/lib/python3.12/site-packages/airflow/example_dags/example_branch_operator.py for tasks to queue
[2025-01-16T15:48:38.034+0000] {logging_mixin.py:190} INFO - [2025-01-16T15:48:38.034+0000] {dagbag.py:588} INFO - Filling up the DagBag from /home/airflow/.local/lib/python3.12/site-packages/airflow/example_dags/example_branch_operator.py
[2025-01-16T15:48:38.048+0000] {processor.py:925} INFO - DAG(s) 'example_branch_operator' retrieved from /home/airflow/.local/lib/python3.12/site-packages/airflow/example_dags/example_branch_operator.py
[2025-01-16T15:48:38.070+0000] {logging_mixin.py:190} INFO - [2025-01-16T15:48:38.070+0000] {dag.py:3239} INFO - Sync 1 DAGs
[2025-01-16T15:48:38.091+0000] {logging_mixin.py:190} INFO - [2025-01-16T15:48:38.091+0000] {dag.py:4180} INFO - Setting next_dagrun for example_branch_operator to 2025-01-15 00:00:00+00:00, run_after=2025-01-16 00:00:00+00:00
[2025-01-16T15:48:38.106+0000] {processor.py:208} INFO - Processing /home/airflow/.local/lib/python3.12/site-packages/airflow/example_dags/example_branch_operator.py took 0.080 seconds
[2025-01-16T15:49:09.702+0000] {processor.py:186} INFO - Started process (PID=8988) to work on /home/airflow/.local/lib/python3.12/site-packages/airflow/example_dags/example_branch_operator.py
[2025-01-16T15:49:09.703+0000] {processor.py:914} INFO - Processing file /home/airflow/.local/lib/python3.12/site-packages/airflow/example_dags/example_branch_operator.py for tasks to queue
[2025-01-16T15:49:09.704+0000] {logging_mixin.py:190} INFO - [2025-01-16T15:49:09.704+0000] {dagbag.py:588} INFO - Filling up the DagBag from /home/airflow/.local/lib/python3.12/site-packages/airflow/example_dags/example_branch_operator.py
[2025-01-16T15:49:09.719+0000] {processor.py:925} INFO - DAG(s) 'example_branch_operator' retrieved from /home/airflow/.local/lib/python3.12/site-packages/airflow/example_dags/example_branch_operator.py
[2025-01-16T15:49:09.742+0000] {logging_mixin.py:190} INFO - [2025-01-16T15:49:09.742+0000] {dag.py:3239} INFO - Sync 1 DAGs
[2025-01-16T15:49:09.761+0000] {logging_mixin.py:190} INFO - [2025-01-16T15:49:09.761+0000] {dag.py:4180} INFO - Setting next_dagrun for example_branch_operator to 2025-01-15 00:00:00+00:00, run_after=2025-01-16 00:00:00+00:00
[2025-01-16T15:49:09.776+0000] {processor.py:208} INFO - Processing /home/airflow/.local/lib/python3.12/site-packages/airflow/example_dags/example_branch_operator.py took 0.079 seconds
[2025-01-16T15:49:40.326+0000] {processor.py:186} INFO - Started process (PID=9274) to work on /home/airflow/.local/lib/python3.12/site-packages/airflow/example_dags/example_branch_operator.py
[2025-01-16T15:49:40.328+0000] {processor.py:914} INFO - Processing file /home/airflow/.local/lib/python3.12/site-packages/airflow/example_dags/example_branch_operator.py for tasks to queue
[2025-01-16T15:49:40.329+0000] {logging_mixin.py:190} INFO - [2025-01-16T15:49:40.329+0000] {dagbag.py:588} INFO - Filling up the DagBag from /home/airflow/.local/lib/python3.12/site-packages/airflow/example_dags/example_branch_operator.py
[2025-01-16T15:49:40.349+0000] {processor.py:925} INFO - DAG(s) 'example_branch_operator' retrieved from /home/airflow/.local/lib/python3.12/site-packages/airflow/example_dags/example_branch_operator.py
[2025-01-16T15:49:40.406+0000] {logging_mixin.py:190} INFO - [2025-01-16T15:49:40.406+0000] {dag.py:3239} INFO - Sync 1 DAGs
[2025-01-16T15:49:40.453+0000] {logging_mixin.py:190} INFO - [2025-01-16T15:49:40.453+0000] {dag.py:4180} INFO - Setting next_dagrun for example_branch_operator to 2025-01-15 00:00:00+00:00, run_after=2025-01-16 00:00:00+00:00
[2025-01-16T15:49:40.495+0000] {processor.py:208} INFO - Processing /home/airflow/.local/lib/python3.12/site-packages/airflow/example_dags/example_branch_operator.py took 0.175 seconds
[2025-01-16T15:50:10.896+0000] {processor.py:186} INFO - Started process (PID=9550) to work on /home/airflow/.local/lib/python3.12/site-packages/airflow/example_dags/example_branch_operator.py
[2025-01-16T15:50:10.897+0000] {processor.py:914} INFO - Processing file /home/airflow/.local/lib/python3.12/site-packages/airflow/example_dags/example_branch_operator.py for tasks to queue
[2025-01-16T15:50:10.899+0000] {logging_mixin.py:190} INFO - [2025-01-16T15:50:10.899+0000] {dagbag.py:588} INFO - Filling up the DagBag from /home/airflow/.local/lib/python3.12/site-packages/airflow/example_dags/example_branch_operator.py
[2025-01-16T15:50:10.915+0000] {processor.py:925} INFO - DAG(s) 'example_branch_operator' retrieved from /home/airflow/.local/lib/python3.12/site-packages/airflow/example_dags/example_branch_operator.py
[2025-01-16T15:50:10.944+0000] {logging_mixin.py:190} INFO - [2025-01-16T15:50:10.944+0000] {dag.py:3239} INFO - Sync 1 DAGs
[2025-01-16T15:50:10.971+0000] {logging_mixin.py:190} INFO - [2025-01-16T15:50:10.970+0000] {dag.py:4180} INFO - Setting next_dagrun for example_branch_operator to 2025-01-15 00:00:00+00:00, run_after=2025-01-16 00:00:00+00:00
[2025-01-16T15:50:10.986+0000] {processor.py:208} INFO - Processing /home/airflow/.local/lib/python3.12/site-packages/airflow/example_dags/example_branch_operator.py took 0.096 seconds
[2025-01-16T15:50:41.568+0000] {processor.py:186} INFO - Started process (PID=9833) to work on /home/airflow/.local/lib/python3.12/site-packages/airflow/example_dags/example_branch_operator.py
[2025-01-16T15:50:41.569+0000] {processor.py:914} INFO - Processing file /home/airflow/.local/lib/python3.12/site-packages/airflow/example_dags/example_branch_operator.py for tasks to queue
[2025-01-16T15:50:41.571+0000] {logging_mixin.py:190} INFO - [2025-01-16T15:50:41.571+0000] {dagbag.py:588} INFO - Filling up the DagBag from /home/airflow/.local/lib/python3.12/site-packages/airflow/example_dags/example_branch_operator.py
[2025-01-16T15:50:41.588+0000] {processor.py:925} INFO - DAG(s) 'example_branch_operator' retrieved from /home/airflow/.local/lib/python3.12/site-packages/airflow/example_dags/example_branch_operator.py
[2025-01-16T15:50:41.615+0000] {logging_mixin.py:190} INFO - [2025-01-16T15:50:41.615+0000] {dag.py:3239} INFO - Sync 1 DAGs
[2025-01-16T15:50:41.639+0000] {logging_mixin.py:190} INFO - [2025-01-16T15:50:41.639+0000] {dag.py:4180} INFO - Setting next_dagrun for example_branch_operator to 2025-01-15 00:00:00+00:00, run_after=2025-01-16 00:00:00+00:00
[2025-01-16T15:50:41.657+0000] {processor.py:208} INFO - Processing /home/airflow/.local/lib/python3.12/site-packages/airflow/example_dags/example_branch_operator.py took 0.094 seconds
[2025-01-16T15:51:12.029+0000] {processor.py:186} INFO - Started process (PID=10111) to work on /home/airflow/.local/lib/python3.12/site-packages/airflow/example_dags/example_branch_operator.py
[2025-01-16T15:51:12.030+0000] {processor.py:914} INFO - Processing file /home/airflow/.local/lib/python3.12/site-packages/airflow/example_dags/example_branch_operator.py for tasks to queue
[2025-01-16T15:51:12.031+0000] {logging_mixin.py:190} INFO - [2025-01-16T15:51:12.031+0000] {dagbag.py:588} INFO - Filling up the DagBag from /home/airflow/.local/lib/python3.12/site-packages/airflow/example_dags/example_branch_operator.py
[2025-01-16T15:51:12.046+0000] {processor.py:925} INFO - DAG(s) 'example_branch_operator' retrieved from /home/airflow/.local/lib/python3.12/site-packages/airflow/example_dags/example_branch_operator.py
[2025-01-16T15:51:12.075+0000] {logging_mixin.py:190} INFO - [2025-01-16T15:51:12.074+0000] {dag.py:3239} INFO - Sync 1 DAGs
[2025-01-16T15:51:12.101+0000] {logging_mixin.py:190} INFO - [2025-01-16T15:51:12.100+0000] {dag.py:4180} INFO - Setting next_dagrun for example_branch_operator to 2025-01-15 00:00:00+00:00, run_after=2025-01-16 00:00:00+00:00
[2025-01-16T15:51:12.116+0000] {processor.py:208} INFO - Processing /home/airflow/.local/lib/python3.12/site-packages/airflow/example_dags/example_branch_operator.py took 0.092 seconds
[2025-01-16T15:51:42.959+0000] {processor.py:186} INFO - Started process (PID=10359) to work on /home/airflow/.local/lib/python3.12/site-packages/airflow/example_dags/example_branch_operator.py
[2025-01-16T15:51:42.960+0000] {processor.py:914} INFO - Processing file /home/airflow/.local/lib/python3.12/site-packages/airflow/example_dags/example_branch_operator.py for tasks to queue
[2025-01-16T15:51:42.962+0000] {logging_mixin.py:190} INFO - [2025-01-16T15:51:42.962+0000] {dagbag.py:588} INFO - Filling up the DagBag from /home/airflow/.local/lib/python3.12/site-packages/airflow/example_dags/example_branch_operator.py
[2025-01-16T15:51:42.976+0000] {processor.py:925} INFO - DAG(s) 'example_branch_operator' retrieved from /home/airflow/.local/lib/python3.12/site-packages/airflow/example_dags/example_branch_operator.py
[2025-01-16T15:51:42.997+0000] {logging_mixin.py:190} INFO - [2025-01-16T15:51:42.997+0000] {dag.py:3239} INFO - Sync 1 DAGs
[2025-01-16T15:51:43.017+0000] {logging_mixin.py:190} INFO - [2025-01-16T15:51:43.017+0000] {dag.py:4180} INFO - Setting next_dagrun for example_branch_operator to 2025-01-15 00:00:00+00:00, run_after=2025-01-16 00:00:00+00:00
[2025-01-16T15:51:43.030+0000] {processor.py:208} INFO - Processing /home/airflow/.local/lib/python3.12/site-packages/airflow/example_dags/example_branch_operator.py took 0.078 seconds
[2025-01-16T15:52:13.378+0000] {processor.py:186} INFO - Started process (PID=10610) to work on /home/airflow/.local/lib/python3.12/site-packages/airflow/example_dags/example_branch_operator.py
[2025-01-16T15:52:13.379+0000] {processor.py:914} INFO - Processing file /home/airflow/.local/lib/python3.12/site-packages/airflow/example_dags/example_branch_operator.py for tasks to queue
[2025-01-16T15:52:13.381+0000] {logging_mixin.py:190} INFO - [2025-01-16T15:52:13.380+0000] {dagbag.py:588} INFO - Filling up the DagBag from /home/airflow/.local/lib/python3.12/site-packages/airflow/example_dags/example_branch_operator.py
[2025-01-16T15:52:13.393+0000] {processor.py:925} INFO - DAG(s) 'example_branch_operator' retrieved from /home/airflow/.local/lib/python3.12/site-packages/airflow/example_dags/example_branch_operator.py
[2025-01-16T15:52:13.411+0000] {logging_mixin.py:190} INFO - [2025-01-16T15:52:13.411+0000] {dag.py:3239} INFO - Sync 1 DAGs
[2025-01-16T15:52:13.429+0000] {logging_mixin.py:190} INFO - [2025-01-16T15:52:13.429+0000] {dag.py:4180} INFO - Setting next_dagrun for example_branch_operator to 2025-01-15 00:00:00+00:00, run_after=2025-01-16 00:00:00+00:00
[2025-01-16T15:52:13.442+0000] {processor.py:208} INFO - Processing /home/airflow/.local/lib/python3.12/site-packages/airflow/example_dags/example_branch_operator.py took 0.068 seconds
[2025-01-16T15:52:44.379+0000] {processor.py:186} INFO - Started process (PID=10906) to work on /home/airflow/.local/lib/python3.12/site-packages/airflow/example_dags/example_branch_operator.py
[2025-01-16T15:52:44.380+0000] {processor.py:914} INFO - Processing file /home/airflow/.local/lib/python3.12/site-packages/airflow/example_dags/example_branch_operator.py for tasks to queue
[2025-01-16T15:52:44.381+0000] {logging_mixin.py:190} INFO - [2025-01-16T15:52:44.381+0000] {dagbag.py:588} INFO - Filling up the DagBag from /home/airflow/.local/lib/python3.12/site-packages/airflow/example_dags/example_branch_operator.py
[2025-01-16T15:52:44.394+0000] {processor.py:925} INFO - DAG(s) 'example_branch_operator' retrieved from /home/airflow/.local/lib/python3.12/site-packages/airflow/example_dags/example_branch_operator.py
[2025-01-16T15:52:44.413+0000] {logging_mixin.py:190} INFO - [2025-01-16T15:52:44.413+0000] {dag.py:3239} INFO - Sync 1 DAGs
[2025-01-16T15:52:44.430+0000] {logging_mixin.py:190} INFO - [2025-01-16T15:52:44.430+0000] {dag.py:4180} INFO - Setting next_dagrun for example_branch_operator to 2025-01-15 00:00:00+00:00, run_after=2025-01-16 00:00:00+00:00
[2025-01-16T15:52:44.442+0000] {processor.py:208} INFO - Processing /home/airflow/.local/lib/python3.12/site-packages/airflow/example_dags/example_branch_operator.py took 0.067 seconds
[2025-01-16T15:53:15.362+0000] {processor.py:186} INFO - Started process (PID=11202) to work on /home/airflow/.local/lib/python3.12/site-packages/airflow/example_dags/example_branch_operator.py
[2025-01-16T15:53:15.362+0000] {processor.py:914} INFO - Processing file /home/airflow/.local/lib/python3.12/site-packages/airflow/example_dags/example_branch_operator.py for tasks to queue
[2025-01-16T15:53:15.364+0000] {logging_mixin.py:190} INFO - [2025-01-16T15:53:15.364+0000] {dagbag.py:588} INFO - Filling up the DagBag from /home/airflow/.local/lib/python3.12/site-packages/airflow/example_dags/example_branch_operator.py
[2025-01-16T15:53:15.378+0000] {processor.py:925} INFO - DAG(s) 'example_branch_operator' retrieved from /home/airflow/.local/lib/python3.12/site-packages/airflow/example_dags/example_branch_operator.py
[2025-01-16T15:53:15.398+0000] {logging_mixin.py:190} INFO - [2025-01-16T15:53:15.398+0000] {dag.py:3239} INFO - Sync 1 DAGs
[2025-01-16T15:53:15.415+0000] {logging_mixin.py:190} INFO - [2025-01-16T15:53:15.415+0000] {dag.py:4180} INFO - Setting next_dagrun for example_branch_operator to 2025-01-15 00:00:00+00:00, run_after=2025-01-16 00:00:00+00:00
[2025-01-16T15:53:15.428+0000] {processor.py:208} INFO - Processing /home/airflow/.local/lib/python3.12/site-packages/airflow/example_dags/example_branch_operator.py took 0.071 seconds
[2025-01-16T15:53:46.273+0000] {processor.py:186} INFO - Started process (PID=11498) to work on /home/airflow/.local/lib/python3.12/site-packages/airflow/example_dags/example_branch_operator.py
[2025-01-16T15:53:46.274+0000] {processor.py:914} INFO - Processing file /home/airflow/.local/lib/python3.12/site-packages/airflow/example_dags/example_branch_operator.py for tasks to queue
[2025-01-16T15:53:46.276+0000] {logging_mixin.py:190} INFO - [2025-01-16T15:53:46.275+0000] {dagbag.py:588} INFO - Filling up the DagBag from /home/airflow/.local/lib/python3.12/site-packages/airflow/example_dags/example_branch_operator.py
[2025-01-16T15:53:46.288+0000] {processor.py:925} INFO - DAG(s) 'example_branch_operator' retrieved from /home/airflow/.local/lib/python3.12/site-packages/airflow/example_dags/example_branch_operator.py
[2025-01-16T15:53:46.307+0000] {logging_mixin.py:190} INFO - [2025-01-16T15:53:46.307+0000] {dag.py:3239} INFO - Sync 1 DAGs
[2025-01-16T15:53:46.324+0000] {logging_mixin.py:190} INFO - [2025-01-16T15:53:46.324+0000] {dag.py:4180} INFO - Setting next_dagrun for example_branch_operator to 2025-01-15 00:00:00+00:00, run_after=2025-01-16 00:00:00+00:00
[2025-01-16T15:53:46.337+0000] {processor.py:208} INFO - Processing /home/airflow/.local/lib/python3.12/site-packages/airflow/example_dags/example_branch_operator.py took 0.067 seconds
[2025-01-16T15:54:16.961+0000] {processor.py:186} INFO - Started process (PID=11794) to work on /home/airflow/.local/lib/python3.12/site-packages/airflow/example_dags/example_branch_operator.py
[2025-01-16T15:54:16.962+0000] {processor.py:914} INFO - Processing file /home/airflow/.local/lib/python3.12/site-packages/airflow/example_dags/example_branch_operator.py for tasks to queue
[2025-01-16T15:54:16.963+0000] {logging_mixin.py:190} INFO - [2025-01-16T15:54:16.963+0000] {dagbag.py:588} INFO - Filling up the DagBag from /home/airflow/.local/lib/python3.12/site-packages/airflow/example_dags/example_branch_operator.py
[2025-01-16T15:54:16.975+0000] {processor.py:925} INFO - DAG(s) 'example_branch_operator' retrieved from /home/airflow/.local/lib/python3.12/site-packages/airflow/example_dags/example_branch_operator.py
[2025-01-16T15:54:16.994+0000] {logging_mixin.py:190} INFO - [2025-01-16T15:54:16.994+0000] {dag.py:3239} INFO - Sync 1 DAGs
[2025-01-16T15:54:17.012+0000] {logging_mixin.py:190} INFO - [2025-01-16T15:54:17.012+0000] {dag.py:4180} INFO - Setting next_dagrun for example_branch_operator to 2025-01-15 00:00:00+00:00, run_after=2025-01-16 00:00:00+00:00
[2025-01-16T15:54:17.025+0000] {processor.py:208} INFO - Processing /home/airflow/.local/lib/python3.12/site-packages/airflow/example_dags/example_branch_operator.py took 0.068 seconds
[2025-01-16T15:54:47.610+0000] {processor.py:186} INFO - Started process (PID=12090) to work on /home/airflow/.local/lib/python3.12/site-packages/airflow/example_dags/example_branch_operator.py
[2025-01-16T15:54:47.611+0000] {processor.py:914} INFO - Processing file /home/airflow/.local/lib/python3.12/site-packages/airflow/example_dags/example_branch_operator.py for tasks to queue
[2025-01-16T15:54:47.613+0000] {logging_mixin.py:190} INFO - [2025-01-16T15:54:47.612+0000] {dagbag.py:588} INFO - Filling up the DagBag from /home/airflow/.local/lib/python3.12/site-packages/airflow/example_dags/example_branch_operator.py
[2025-01-16T15:54:47.625+0000] {processor.py:925} INFO - DAG(s) 'example_branch_operator' retrieved from /home/airflow/.local/lib/python3.12/site-packages/airflow/example_dags/example_branch_operator.py
[2025-01-16T15:54:47.645+0000] {logging_mixin.py:190} INFO - [2025-01-16T15:54:47.644+0000] {dag.py:3239} INFO - Sync 1 DAGs
[2025-01-16T15:54:47.662+0000] {logging_mixin.py:190} INFO - [2025-01-16T15:54:47.662+0000] {dag.py:4180} INFO - Setting next_dagrun for example_branch_operator to 2025-01-15 00:00:00+00:00, run_after=2025-01-16 00:00:00+00:00
[2025-01-16T15:54:47.680+0000] {processor.py:208} INFO - Processing /home/airflow/.local/lib/python3.12/site-packages/airflow/example_dags/example_branch_operator.py took 0.074 seconds
[2025-01-16T15:55:18.279+0000] {processor.py:186} INFO - Started process (PID=12386) to work on /home/airflow/.local/lib/python3.12/site-packages/airflow/example_dags/example_branch_operator.py
[2025-01-16T15:55:18.280+0000] {processor.py:914} INFO - Processing file /home/airflow/.local/lib/python3.12/site-packages/airflow/example_dags/example_branch_operator.py for tasks to queue
[2025-01-16T15:55:18.282+0000] {logging_mixin.py:190} INFO - [2025-01-16T15:55:18.282+0000] {dagbag.py:588} INFO - Filling up the DagBag from /home/airflow/.local/lib/python3.12/site-packages/airflow/example_dags/example_branch_operator.py
[2025-01-16T15:55:18.294+0000] {processor.py:925} INFO - DAG(s) 'example_branch_operator' retrieved from /home/airflow/.local/lib/python3.12/site-packages/airflow/example_dags/example_branch_operator.py
[2025-01-16T15:55:18.313+0000] {logging_mixin.py:190} INFO - [2025-01-16T15:55:18.313+0000] {dag.py:3239} INFO - Sync 1 DAGs
[2025-01-16T15:55:18.330+0000] {logging_mixin.py:190} INFO - [2025-01-16T15:55:18.330+0000] {dag.py:4180} INFO - Setting next_dagrun for example_branch_operator to 2025-01-15 00:00:00+00:00, run_after=2025-01-16 00:00:00+00:00
[2025-01-16T15:55:18.343+0000] {processor.py:208} INFO - Processing /home/airflow/.local/lib/python3.12/site-packages/airflow/example_dags/example_branch_operator.py took 0.068 seconds
[2025-01-16T15:55:49.042+0000] {processor.py:186} INFO - Started process (PID=12682) to work on /home/airflow/.local/lib/python3.12/site-packages/airflow/example_dags/example_branch_operator.py
[2025-01-16T15:55:49.043+0000] {processor.py:914} INFO - Processing file /home/airflow/.local/lib/python3.12/site-packages/airflow/example_dags/example_branch_operator.py for tasks to queue
[2025-01-16T15:55:49.044+0000] {logging_mixin.py:190} INFO - [2025-01-16T15:55:49.044+0000] {dagbag.py:588} INFO - Filling up the DagBag from /home/airflow/.local/lib/python3.12/site-packages/airflow/example_dags/example_branch_operator.py
[2025-01-16T15:55:49.057+0000] {processor.py:925} INFO - DAG(s) 'example_branch_operator' retrieved from /home/airflow/.local/lib/python3.12/site-packages/airflow/example_dags/example_branch_operator.py
[2025-01-16T15:55:49.076+0000] {logging_mixin.py:190} INFO - [2025-01-16T15:55:49.075+0000] {dag.py:3239} INFO - Sync 1 DAGs
[2025-01-16T15:55:49.092+0000] {logging_mixin.py:190} INFO - [2025-01-16T15:55:49.092+0000] {dag.py:4180} INFO - Setting next_dagrun for example_branch_operator to 2025-01-15 00:00:00+00:00, run_after=2025-01-16 00:00:00+00:00
[2025-01-16T15:55:49.106+0000] {processor.py:208} INFO - Processing /home/airflow/.local/lib/python3.12/site-packages/airflow/example_dags/example_branch_operator.py took 0.068 seconds
[2025-01-16T15:56:19.888+0000] {processor.py:186} INFO - Started process (PID=12978) to work on /home/airflow/.local/lib/python3.12/site-packages/airflow/example_dags/example_branch_operator.py
[2025-01-16T15:56:19.888+0000] {processor.py:914} INFO - Processing file /home/airflow/.local/lib/python3.12/site-packages/airflow/example_dags/example_branch_operator.py for tasks to queue
[2025-01-16T15:56:19.890+0000] {logging_mixin.py:190} INFO - [2025-01-16T15:56:19.890+0000] {dagbag.py:588} INFO - Filling up the DagBag from /home/airflow/.local/lib/python3.12/site-packages/airflow/example_dags/example_branch_operator.py
[2025-01-16T15:56:19.901+0000] {processor.py:925} INFO - DAG(s) 'example_branch_operator' retrieved from /home/airflow/.local/lib/python3.12/site-packages/airflow/example_dags/example_branch_operator.py
[2025-01-16T15:56:19.922+0000] {logging_mixin.py:190} INFO - [2025-01-16T15:56:19.922+0000] {dag.py:3239} INFO - Sync 1 DAGs
[2025-01-16T15:56:19.940+0000] {logging_mixin.py:190} INFO - [2025-01-16T15:56:19.940+0000] {dag.py:4180} INFO - Setting next_dagrun for example_branch_operator to 2025-01-15 00:00:00+00:00, run_after=2025-01-16 00:00:00+00:00
[2025-01-16T15:56:19.952+0000] {processor.py:208} INFO - Processing /home/airflow/.local/lib/python3.12/site-packages/airflow/example_dags/example_branch_operator.py took 0.071 seconds
[2025-01-16T15:56:50.013+0000] {processor.py:186} INFO - Started process (PID=13274) to work on /home/airflow/.local/lib/python3.12/site-packages/airflow/example_dags/example_branch_operator.py
[2025-01-16T15:56:50.014+0000] {processor.py:914} INFO - Processing file /home/airflow/.local/lib/python3.12/site-packages/airflow/example_dags/example_branch_operator.py for tasks to queue
[2025-01-16T15:56:50.016+0000] {logging_mixin.py:190} INFO - [2025-01-16T15:56:50.016+0000] {dagbag.py:588} INFO - Filling up the DagBag from /home/airflow/.local/lib/python3.12/site-packages/airflow/example_dags/example_branch_operator.py
[2025-01-16T15:56:50.028+0000] {processor.py:925} INFO - DAG(s) 'example_branch_operator' retrieved from /home/airflow/.local/lib/python3.12/site-packages/airflow/example_dags/example_branch_operator.py
[2025-01-16T15:56:50.048+0000] {logging_mixin.py:190} INFO - [2025-01-16T15:56:50.048+0000] {dag.py:3239} INFO - Sync 1 DAGs
[2025-01-16T15:56:50.066+0000] {logging_mixin.py:190} INFO - [2025-01-16T15:56:50.066+0000] {dag.py:4180} INFO - Setting next_dagrun for example_branch_operator to 2025-01-15 00:00:00+00:00, run_after=2025-01-16 00:00:00+00:00
[2025-01-16T15:56:50.079+0000] {processor.py:208} INFO - Processing /home/airflow/.local/lib/python3.12/site-packages/airflow/example_dags/example_branch_operator.py took 0.070 seconds
[2025-01-16T15:57:21.037+0000] {processor.py:186} INFO - Started process (PID=13570) to work on /home/airflow/.local/lib/python3.12/site-packages/airflow/example_dags/example_branch_operator.py
[2025-01-16T15:57:21.038+0000] {processor.py:914} INFO - Processing file /home/airflow/.local/lib/python3.12/site-packages/airflow/example_dags/example_branch_operator.py for tasks to queue
[2025-01-16T15:57:21.040+0000] {logging_mixin.py:190} INFO - [2025-01-16T15:57:21.040+0000] {dagbag.py:588} INFO - Filling up the DagBag from /home/airflow/.local/lib/python3.12/site-packages/airflow/example_dags/example_branch_operator.py
[2025-01-16T15:57:21.053+0000] {processor.py:925} INFO - DAG(s) 'example_branch_operator' retrieved from /home/airflow/.local/lib/python3.12/site-packages/airflow/example_dags/example_branch_operator.py
[2025-01-16T15:57:21.072+0000] {logging_mixin.py:190} INFO - [2025-01-16T15:57:21.072+0000] {dag.py:3239} INFO - Sync 1 DAGs
[2025-01-16T15:57:21.093+0000] {logging_mixin.py:190} INFO - [2025-01-16T15:57:21.093+0000] {dag.py:4180} INFO - Setting next_dagrun for example_branch_operator to 2025-01-15 00:00:00+00:00, run_after=2025-01-16 00:00:00+00:00
[2025-01-16T15:57:21.106+0000] {processor.py:208} INFO - Processing /home/airflow/.local/lib/python3.12/site-packages/airflow/example_dags/example_branch_operator.py took 0.074 seconds
[2025-01-16T15:57:51.915+0000] {processor.py:186} INFO - Started process (PID=13866) to work on /home/airflow/.local/lib/python3.12/site-packages/airflow/example_dags/example_branch_operator.py
[2025-01-16T15:57:51.916+0000] {processor.py:914} INFO - Processing file /home/airflow/.local/lib/python3.12/site-packages/airflow/example_dags/example_branch_operator.py for tasks to queue
[2025-01-16T15:57:51.917+0000] {logging_mixin.py:190} INFO - [2025-01-16T15:57:51.917+0000] {dagbag.py:588} INFO - Filling up the DagBag from /home/airflow/.local/lib/python3.12/site-packages/airflow/example_dags/example_branch_operator.py
[2025-01-16T15:57:51.931+0000] {processor.py:925} INFO - DAG(s) 'example_branch_operator' retrieved from /home/airflow/.local/lib/python3.12/site-packages/airflow/example_dags/example_branch_operator.py
[2025-01-16T15:57:51.952+0000] {logging_mixin.py:190} INFO - [2025-01-16T15:57:51.952+0000] {dag.py:3239} INFO - Sync 1 DAGs
[2025-01-16T15:57:51.972+0000] {logging_mixin.py:190} INFO - [2025-01-16T15:57:51.971+0000] {dag.py:4180} INFO - Setting next_dagrun for example_branch_operator to 2025-01-15 00:00:00+00:00, run_after=2025-01-16 00:00:00+00:00
[2025-01-16T15:57:51.985+0000] {processor.py:208} INFO - Processing /home/airflow/.local/lib/python3.12/site-packages/airflow/example_dags/example_branch_operator.py took 0.075 seconds
[2025-01-16T15:58:22.029+0000] {processor.py:186} INFO - Started process (PID=14162) to work on /home/airflow/.local/lib/python3.12/site-packages/airflow/example_dags/example_branch_operator.py
[2025-01-16T15:58:22.030+0000] {processor.py:914} INFO - Processing file /home/airflow/.local/lib/python3.12/site-packages/airflow/example_dags/example_branch_operator.py for tasks to queue
[2025-01-16T15:58:22.032+0000] {logging_mixin.py:190} INFO - [2025-01-16T15:58:22.031+0000] {dagbag.py:588} INFO - Filling up the DagBag from /home/airflow/.local/lib/python3.12/site-packages/airflow/example_dags/example_branch_operator.py
[2025-01-16T15:58:22.044+0000] {processor.py:925} INFO - DAG(s) 'example_branch_operator' retrieved from /home/airflow/.local/lib/python3.12/site-packages/airflow/example_dags/example_branch_operator.py
[2025-01-16T15:58:22.065+0000] {logging_mixin.py:190} INFO - [2025-01-16T15:58:22.064+0000] {dag.py:3239} INFO - Sync 1 DAGs
[2025-01-16T15:58:22.082+0000] {logging_mixin.py:190} INFO - [2025-01-16T15:58:22.081+0000] {dag.py:4180} INFO - Setting next_dagrun for example_branch_operator to 2025-01-15 00:00:00+00:00, run_after=2025-01-16 00:00:00+00:00
[2025-01-16T15:58:22.094+0000] {processor.py:208} INFO - Processing /home/airflow/.local/lib/python3.12/site-packages/airflow/example_dags/example_branch_operator.py took 0.069 seconds
[2025-01-16T15:58:52.578+0000] {processor.py:186} INFO - Started process (PID=14458) to work on /home/airflow/.local/lib/python3.12/site-packages/airflow/example_dags/example_branch_operator.py
[2025-01-16T15:58:52.579+0000] {processor.py:914} INFO - Processing file /home/airflow/.local/lib/python3.12/site-packages/airflow/example_dags/example_branch_operator.py for tasks to queue
[2025-01-16T15:58:52.582+0000] {logging_mixin.py:190} INFO - [2025-01-16T15:58:52.581+0000] {dagbag.py:588} INFO - Filling up the DagBag from /home/airflow/.local/lib/python3.12/site-packages/airflow/example_dags/example_branch_operator.py
[2025-01-16T15:58:52.597+0000] {processor.py:925} INFO - DAG(s) 'example_branch_operator' retrieved from /home/airflow/.local/lib/python3.12/site-packages/airflow/example_dags/example_branch_operator.py
[2025-01-16T15:58:52.622+0000] {logging_mixin.py:190} INFO - [2025-01-16T15:58:52.621+0000] {dag.py:3239} INFO - Sync 1 DAGs
[2025-01-16T15:58:52.640+0000] {logging_mixin.py:190} INFO - [2025-01-16T15:58:52.639+0000] {dag.py:4180} INFO - Setting next_dagrun for example_branch_operator to 2025-01-15 00:00:00+00:00, run_after=2025-01-16 00:00:00+00:00
[2025-01-16T15:58:52.653+0000] {processor.py:208} INFO - Processing /home/airflow/.local/lib/python3.12/site-packages/airflow/example_dags/example_branch_operator.py took 0.079 seconds
[2025-01-16T15:59:22.861+0000] {processor.py:186} INFO - Started process (PID=14754) to work on /home/airflow/.local/lib/python3.12/site-packages/airflow/example_dags/example_branch_operator.py
[2025-01-16T15:59:22.862+0000] {processor.py:914} INFO - Processing file /home/airflow/.local/lib/python3.12/site-packages/airflow/example_dags/example_branch_operator.py for tasks to queue
[2025-01-16T15:59:22.864+0000] {logging_mixin.py:190} INFO - [2025-01-16T15:59:22.863+0000] {dagbag.py:588} INFO - Filling up the DagBag from /home/airflow/.local/lib/python3.12/site-packages/airflow/example_dags/example_branch_operator.py
[2025-01-16T15:59:22.876+0000] {processor.py:925} INFO - DAG(s) 'example_branch_operator' retrieved from /home/airflow/.local/lib/python3.12/site-packages/airflow/example_dags/example_branch_operator.py
[2025-01-16T15:59:22.899+0000] {logging_mixin.py:190} INFO - [2025-01-16T15:59:22.899+0000] {dag.py:3239} INFO - Sync 1 DAGs
[2025-01-16T15:59:22.917+0000] {logging_mixin.py:190} INFO - [2025-01-16T15:59:22.917+0000] {dag.py:4180} INFO - Setting next_dagrun for example_branch_operator to 2025-01-15 00:00:00+00:00, run_after=2025-01-16 00:00:00+00:00
[2025-01-16T15:59:22.929+0000] {processor.py:208} INFO - Processing /home/airflow/.local/lib/python3.12/site-packages/airflow/example_dags/example_branch_operator.py took 0.072 seconds
[2025-01-16T15:59:53.824+0000] {processor.py:186} INFO - Started process (PID=15050) to work on /home/airflow/.local/lib/python3.12/site-packages/airflow/example_dags/example_branch_operator.py
[2025-01-16T15:59:53.825+0000] {processor.py:914} INFO - Processing file /home/airflow/.local/lib/python3.12/site-packages/airflow/example_dags/example_branch_operator.py for tasks to queue
[2025-01-16T15:59:53.827+0000] {logging_mixin.py:190} INFO - [2025-01-16T15:59:53.826+0000] {dagbag.py:588} INFO - Filling up the DagBag from /home/airflow/.local/lib/python3.12/site-packages/airflow/example_dags/example_branch_operator.py
[2025-01-16T15:59:53.841+0000] {processor.py:925} INFO - DAG(s) 'example_branch_operator' retrieved from /home/airflow/.local/lib/python3.12/site-packages/airflow/example_dags/example_branch_operator.py
[2025-01-16T15:59:53.865+0000] {logging_mixin.py:190} INFO - [2025-01-16T15:59:53.865+0000] {dag.py:3239} INFO - Sync 1 DAGs
[2025-01-16T15:59:53.884+0000] {logging_mixin.py:190} INFO - [2025-01-16T15:59:53.884+0000] {dag.py:4180} INFO - Setting next_dagrun for example_branch_operator to 2025-01-15 00:00:00+00:00, run_after=2025-01-16 00:00:00+00:00
[2025-01-16T15:59:53.900+0000] {processor.py:208} INFO - Processing /home/airflow/.local/lib/python3.12/site-packages/airflow/example_dags/example_branch_operator.py took 0.080 seconds
[2025-01-16T16:00:24.110+0000] {processor.py:186} INFO - Started process (PID=15351) to work on /home/airflow/.local/lib/python3.12/site-packages/airflow/example_dags/example_branch_operator.py
[2025-01-16T16:00:24.111+0000] {processor.py:914} INFO - Processing file /home/airflow/.local/lib/python3.12/site-packages/airflow/example_dags/example_branch_operator.py for tasks to queue
[2025-01-16T16:00:24.112+0000] {logging_mixin.py:190} INFO - [2025-01-16T16:00:24.112+0000] {dagbag.py:588} INFO - Filling up the DagBag from /home/airflow/.local/lib/python3.12/site-packages/airflow/example_dags/example_branch_operator.py
[2025-01-16T16:00:24.125+0000] {processor.py:925} INFO - DAG(s) 'example_branch_operator' retrieved from /home/airflow/.local/lib/python3.12/site-packages/airflow/example_dags/example_branch_operator.py
[2025-01-16T16:00:24.144+0000] {logging_mixin.py:190} INFO - [2025-01-16T16:00:24.144+0000] {dag.py:3239} INFO - Sync 1 DAGs
[2025-01-16T16:00:24.164+0000] {logging_mixin.py:190} INFO - [2025-01-16T16:00:24.163+0000] {dag.py:4180} INFO - Setting next_dagrun for example_branch_operator to 2025-01-15 00:00:00+00:00, run_after=2025-01-16 00:00:00+00:00
[2025-01-16T16:00:24.179+0000] {processor.py:208} INFO - Processing /home/airflow/.local/lib/python3.12/site-packages/airflow/example_dags/example_branch_operator.py took 0.074 seconds
[2025-01-16T16:00:54.216+0000] {processor.py:186} INFO - Started process (PID=15647) to work on /home/airflow/.local/lib/python3.12/site-packages/airflow/example_dags/example_branch_operator.py
[2025-01-16T16:00:54.217+0000] {processor.py:914} INFO - Processing file /home/airflow/.local/lib/python3.12/site-packages/airflow/example_dags/example_branch_operator.py for tasks to queue
[2025-01-16T16:00:54.220+0000] {logging_mixin.py:190} INFO - [2025-01-16T16:00:54.219+0000] {dagbag.py:588} INFO - Filling up the DagBag from /home/airflow/.local/lib/python3.12/site-packages/airflow/example_dags/example_branch_operator.py
[2025-01-16T16:00:54.234+0000] {processor.py:925} INFO - DAG(s) 'example_branch_operator' retrieved from /home/airflow/.local/lib/python3.12/site-packages/airflow/example_dags/example_branch_operator.py
[2025-01-16T16:00:54.255+0000] {logging_mixin.py:190} INFO - [2025-01-16T16:00:54.255+0000] {dag.py:3239} INFO - Sync 1 DAGs
[2025-01-16T16:00:54.278+0000] {logging_mixin.py:190} INFO - [2025-01-16T16:00:54.278+0000] {dag.py:4180} INFO - Setting next_dagrun for example_branch_operator to 2025-01-15 00:00:00+00:00, run_after=2025-01-16 00:00:00+00:00
[2025-01-16T16:00:54.297+0000] {processor.py:208} INFO - Processing /home/airflow/.local/lib/python3.12/site-packages/airflow/example_dags/example_branch_operator.py took 0.085 seconds
[2025-01-16T16:01:25.186+0000] {processor.py:186} INFO - Started process (PID=15943) to work on /home/airflow/.local/lib/python3.12/site-packages/airflow/example_dags/example_branch_operator.py
[2025-01-16T16:01:25.187+0000] {processor.py:914} INFO - Processing file /home/airflow/.local/lib/python3.12/site-packages/airflow/example_dags/example_branch_operator.py for tasks to queue
[2025-01-16T16:01:25.189+0000] {logging_mixin.py:190} INFO - [2025-01-16T16:01:25.189+0000] {dagbag.py:588} INFO - Filling up the DagBag from /home/airflow/.local/lib/python3.12/site-packages/airflow/example_dags/example_branch_operator.py
[2025-01-16T16:01:25.201+0000] {processor.py:925} INFO - DAG(s) 'example_branch_operator' retrieved from /home/airflow/.local/lib/python3.12/site-packages/airflow/example_dags/example_branch_operator.py
[2025-01-16T16:01:25.228+0000] {logging_mixin.py:190} INFO - [2025-01-16T16:01:25.227+0000] {dag.py:3239} INFO - Sync 1 DAGs
[2025-01-16T16:01:25.246+0000] {logging_mixin.py:190} INFO - [2025-01-16T16:01:25.245+0000] {dag.py:4180} INFO - Setting next_dagrun for example_branch_operator to 2025-01-15 00:00:00+00:00, run_after=2025-01-16 00:00:00+00:00
[2025-01-16T16:01:25.260+0000] {processor.py:208} INFO - Processing /home/airflow/.local/lib/python3.12/site-packages/airflow/example_dags/example_branch_operator.py took 0.078 seconds
[2025-01-16T16:01:56.007+0000] {processor.py:186} INFO - Started process (PID=16239) to work on /home/airflow/.local/lib/python3.12/site-packages/airflow/example_dags/example_branch_operator.py
[2025-01-16T16:01:56.008+0000] {processor.py:914} INFO - Processing file /home/airflow/.local/lib/python3.12/site-packages/airflow/example_dags/example_branch_operator.py for tasks to queue
[2025-01-16T16:01:56.009+0000] {logging_mixin.py:190} INFO - [2025-01-16T16:01:56.009+0000] {dagbag.py:588} INFO - Filling up the DagBag from /home/airflow/.local/lib/python3.12/site-packages/airflow/example_dags/example_branch_operator.py
[2025-01-16T16:01:56.022+0000] {processor.py:925} INFO - DAG(s) 'example_branch_operator' retrieved from /home/airflow/.local/lib/python3.12/site-packages/airflow/example_dags/example_branch_operator.py
[2025-01-16T16:01:56.041+0000] {logging_mixin.py:190} INFO - [2025-01-16T16:01:56.041+0000] {dag.py:3239} INFO - Sync 1 DAGs
[2025-01-16T16:01:56.059+0000] {logging_mixin.py:190} INFO - [2025-01-16T16:01:56.058+0000] {dag.py:4180} INFO - Setting next_dagrun for example_branch_operator to 2025-01-15 00:00:00+00:00, run_after=2025-01-16 00:00:00+00:00
[2025-01-16T16:01:56.071+0000] {processor.py:208} INFO - Processing /home/airflow/.local/lib/python3.12/site-packages/airflow/example_dags/example_branch_operator.py took 0.068 seconds
[2025-01-16T16:02:26.992+0000] {processor.py:186} INFO - Started process (PID=16535) to work on /home/airflow/.local/lib/python3.12/site-packages/airflow/example_dags/example_branch_operator.py
[2025-01-16T16:02:26.993+0000] {processor.py:914} INFO - Processing file /home/airflow/.local/lib/python3.12/site-packages/airflow/example_dags/example_branch_operator.py for tasks to queue
[2025-01-16T16:02:26.995+0000] {logging_mixin.py:190} INFO - [2025-01-16T16:02:26.994+0000] {dagbag.py:588} INFO - Filling up the DagBag from /home/airflow/.local/lib/python3.12/site-packages/airflow/example_dags/example_branch_operator.py
[2025-01-16T16:02:27.007+0000] {processor.py:925} INFO - DAG(s) 'example_branch_operator' retrieved from /home/airflow/.local/lib/python3.12/site-packages/airflow/example_dags/example_branch_operator.py
[2025-01-16T16:02:27.027+0000] {logging_mixin.py:190} INFO - [2025-01-16T16:02:27.027+0000] {dag.py:3239} INFO - Sync 1 DAGs
[2025-01-16T16:02:27.045+0000] {logging_mixin.py:190} INFO - [2025-01-16T16:02:27.044+0000] {dag.py:4180} INFO - Setting next_dagrun for example_branch_operator to 2025-01-15 00:00:00+00:00, run_after=2025-01-16 00:00:00+00:00
[2025-01-16T16:02:27.057+0000] {processor.py:208} INFO - Processing /home/airflow/.local/lib/python3.12/site-packages/airflow/example_dags/example_branch_operator.py took 0.069 seconds
[2025-01-16T16:02:57.923+0000] {processor.py:186} INFO - Started process (PID=16846) to work on /home/airflow/.local/lib/python3.12/site-packages/airflow/example_dags/example_branch_operator.py
[2025-01-16T16:02:57.924+0000] {processor.py:914} INFO - Processing file /home/airflow/.local/lib/python3.12/site-packages/airflow/example_dags/example_branch_operator.py for tasks to queue
[2025-01-16T16:02:57.926+0000] {logging_mixin.py:190} INFO - [2025-01-16T16:02:57.925+0000] {dagbag.py:588} INFO - Filling up the DagBag from /home/airflow/.local/lib/python3.12/site-packages/airflow/example_dags/example_branch_operator.py
[2025-01-16T16:02:57.938+0000] {processor.py:925} INFO - DAG(s) 'example_branch_operator' retrieved from /home/airflow/.local/lib/python3.12/site-packages/airflow/example_dags/example_branch_operator.py
[2025-01-16T16:02:57.958+0000] {logging_mixin.py:190} INFO - [2025-01-16T16:02:57.958+0000] {dag.py:3239} INFO - Sync 1 DAGs
[2025-01-16T16:02:57.976+0000] {logging_mixin.py:190} INFO - [2025-01-16T16:02:57.976+0000] {dag.py:4180} INFO - Setting next_dagrun for example_branch_operator to 2025-01-15 00:00:00+00:00, run_after=2025-01-16 00:00:00+00:00
[2025-01-16T16:02:57.988+0000] {processor.py:208} INFO - Processing /home/airflow/.local/lib/python3.12/site-packages/airflow/example_dags/example_branch_operator.py took 0.069 seconds
[2025-01-16T16:03:28.141+0000] {processor.py:186} INFO - Started process (PID=17152) to work on /home/airflow/.local/lib/python3.12/site-packages/airflow/example_dags/example_branch_operator.py
[2025-01-16T16:03:28.142+0000] {processor.py:914} INFO - Processing file /home/airflow/.local/lib/python3.12/site-packages/airflow/example_dags/example_branch_operator.py for tasks to queue
[2025-01-16T16:03:28.144+0000] {logging_mixin.py:190} INFO - [2025-01-16T16:03:28.144+0000] {dagbag.py:588} INFO - Filling up the DagBag from /home/airflow/.local/lib/python3.12/site-packages/airflow/example_dags/example_branch_operator.py
[2025-01-16T16:03:28.158+0000] {processor.py:925} INFO - DAG(s) 'example_branch_operator' retrieved from /home/airflow/.local/lib/python3.12/site-packages/airflow/example_dags/example_branch_operator.py
[2025-01-16T16:03:28.179+0000] {logging_mixin.py:190} INFO - [2025-01-16T16:03:28.179+0000] {dag.py:3239} INFO - Sync 1 DAGs
[2025-01-16T16:03:28.198+0000] {logging_mixin.py:190} INFO - [2025-01-16T16:03:28.198+0000] {dag.py:4180} INFO - Setting next_dagrun for example_branch_operator to 2025-01-15 00:00:00+00:00, run_after=2025-01-16 00:00:00+00:00
[2025-01-16T16:03:28.214+0000] {processor.py:208} INFO - Processing /home/airflow/.local/lib/python3.12/site-packages/airflow/example_dags/example_branch_operator.py took 0.078 seconds
[2025-01-16T16:03:58.387+0000] {processor.py:186} INFO - Started process (PID=17453) to work on /home/airflow/.local/lib/python3.12/site-packages/airflow/example_dags/example_branch_operator.py
[2025-01-16T16:03:58.388+0000] {processor.py:914} INFO - Processing file /home/airflow/.local/lib/python3.12/site-packages/airflow/example_dags/example_branch_operator.py for tasks to queue
[2025-01-16T16:03:58.390+0000] {logging_mixin.py:190} INFO - [2025-01-16T16:03:58.390+0000] {dagbag.py:588} INFO - Filling up the DagBag from /home/airflow/.local/lib/python3.12/site-packages/airflow/example_dags/example_branch_operator.py
[2025-01-16T16:03:58.404+0000] {processor.py:925} INFO - DAG(s) 'example_branch_operator' retrieved from /home/airflow/.local/lib/python3.12/site-packages/airflow/example_dags/example_branch_operator.py
[2025-01-16T16:03:58.425+0000] {logging_mixin.py:190} INFO - [2025-01-16T16:03:58.425+0000] {dag.py:3239} INFO - Sync 1 DAGs
[2025-01-16T16:03:58.617+0000] {logging_mixin.py:190} INFO - [2025-01-16T16:03:58.617+0000] {dag.py:4180} INFO - Setting next_dagrun for example_branch_operator to 2025-01-15 00:00:00+00:00, run_after=2025-01-16 00:00:00+00:00
[2025-01-16T16:03:58.631+0000] {processor.py:208} INFO - Processing /home/airflow/.local/lib/python3.12/site-packages/airflow/example_dags/example_branch_operator.py took 0.250 seconds
[2025-01-16T16:04:28.960+0000] {processor.py:186} INFO - Started process (PID=17744) to work on /home/airflow/.local/lib/python3.12/site-packages/airflow/example_dags/example_branch_operator.py
[2025-01-16T16:04:28.961+0000] {processor.py:914} INFO - Processing file /home/airflow/.local/lib/python3.12/site-packages/airflow/example_dags/example_branch_operator.py for tasks to queue
[2025-01-16T16:04:28.963+0000] {logging_mixin.py:190} INFO - [2025-01-16T16:04:28.963+0000] {dagbag.py:588} INFO - Filling up the DagBag from /home/airflow/.local/lib/python3.12/site-packages/airflow/example_dags/example_branch_operator.py
[2025-01-16T16:04:28.976+0000] {processor.py:925} INFO - DAG(s) 'example_branch_operator' retrieved from /home/airflow/.local/lib/python3.12/site-packages/airflow/example_dags/example_branch_operator.py
[2025-01-16T16:04:28.997+0000] {logging_mixin.py:190} INFO - [2025-01-16T16:04:28.997+0000] {dag.py:3239} INFO - Sync 1 DAGs
[2025-01-16T16:04:29.017+0000] {logging_mixin.py:190} INFO - [2025-01-16T16:04:29.016+0000] {dag.py:4180} INFO - Setting next_dagrun for example_branch_operator to 2025-01-15 00:00:00+00:00, run_after=2025-01-16 00:00:00+00:00
[2025-01-16T16:04:29.224+0000] {processor.py:208} INFO - Processing /home/airflow/.local/lib/python3.12/site-packages/airflow/example_dags/example_branch_operator.py took 0.269 seconds
[2025-01-16T16:04:59.273+0000] {processor.py:186} INFO - Started process (PID=18040) to work on /home/airflow/.local/lib/python3.12/site-packages/airflow/example_dags/example_branch_operator.py
[2025-01-16T16:04:59.274+0000] {processor.py:914} INFO - Processing file /home/airflow/.local/lib/python3.12/site-packages/airflow/example_dags/example_branch_operator.py for tasks to queue
[2025-01-16T16:04:59.276+0000] {logging_mixin.py:190} INFO - [2025-01-16T16:04:59.276+0000] {dagbag.py:588} INFO - Filling up the DagBag from /home/airflow/.local/lib/python3.12/site-packages/airflow/example_dags/example_branch_operator.py
[2025-01-16T16:04:59.291+0000] {processor.py:925} INFO - DAG(s) 'example_branch_operator' retrieved from /home/airflow/.local/lib/python3.12/site-packages/airflow/example_dags/example_branch_operator.py
[2025-01-16T16:04:59.316+0000] {logging_mixin.py:190} INFO - [2025-01-16T16:04:59.316+0000] {dag.py:3239} INFO - Sync 1 DAGs
[2025-01-16T16:04:59.337+0000] {logging_mixin.py:190} INFO - [2025-01-16T16:04:59.336+0000] {dag.py:4180} INFO - Setting next_dagrun for example_branch_operator to 2025-01-15 00:00:00+00:00, run_after=2025-01-16 00:00:00+00:00
[2025-01-16T16:04:59.350+0000] {processor.py:208} INFO - Processing /home/airflow/.local/lib/python3.12/site-packages/airflow/example_dags/example_branch_operator.py took 0.082 seconds
[2025-01-16T16:05:30.173+0000] {processor.py:186} INFO - Started process (PID=18336) to work on /home/airflow/.local/lib/python3.12/site-packages/airflow/example_dags/example_branch_operator.py
[2025-01-16T16:05:30.174+0000] {processor.py:914} INFO - Processing file /home/airflow/.local/lib/python3.12/site-packages/airflow/example_dags/example_branch_operator.py for tasks to queue
[2025-01-16T16:05:30.175+0000] {logging_mixin.py:190} INFO - [2025-01-16T16:05:30.175+0000] {dagbag.py:588} INFO - Filling up the DagBag from /home/airflow/.local/lib/python3.12/site-packages/airflow/example_dags/example_branch_operator.py
[2025-01-16T16:05:30.189+0000] {processor.py:925} INFO - DAG(s) 'example_branch_operator' retrieved from /home/airflow/.local/lib/python3.12/site-packages/airflow/example_dags/example_branch_operator.py
[2025-01-16T16:05:30.210+0000] {logging_mixin.py:190} INFO - [2025-01-16T16:05:30.210+0000] {dag.py:3239} INFO - Sync 1 DAGs
[2025-01-16T16:05:30.229+0000] {logging_mixin.py:190} INFO - [2025-01-16T16:05:30.229+0000] {dag.py:4180} INFO - Setting next_dagrun for example_branch_operator to 2025-01-15 00:00:00+00:00, run_after=2025-01-16 00:00:00+00:00
[2025-01-16T16:05:30.243+0000] {processor.py:208} INFO - Processing /home/airflow/.local/lib/python3.12/site-packages/airflow/example_dags/example_branch_operator.py took 0.074 seconds
[2025-01-16T16:06:00.582+0000] {processor.py:186} INFO - Started process (PID=18632) to work on /home/airflow/.local/lib/python3.12/site-packages/airflow/example_dags/example_branch_operator.py
[2025-01-16T16:06:00.583+0000] {processor.py:914} INFO - Processing file /home/airflow/.local/lib/python3.12/site-packages/airflow/example_dags/example_branch_operator.py for tasks to queue
[2025-01-16T16:06:00.584+0000] {logging_mixin.py:190} INFO - [2025-01-16T16:06:00.584+0000] {dagbag.py:588} INFO - Filling up the DagBag from /home/airflow/.local/lib/python3.12/site-packages/airflow/example_dags/example_branch_operator.py
[2025-01-16T16:06:00.597+0000] {processor.py:925} INFO - DAG(s) 'example_branch_operator' retrieved from /home/airflow/.local/lib/python3.12/site-packages/airflow/example_dags/example_branch_operator.py
[2025-01-16T16:06:00.768+0000] {logging_mixin.py:190} INFO - [2025-01-16T16:06:00.768+0000] {dag.py:3239} INFO - Sync 1 DAGs
[2025-01-16T16:06:00.784+0000] {logging_mixin.py:190} INFO - [2025-01-16T16:06:00.784+0000] {dag.py:4180} INFO - Setting next_dagrun for example_branch_operator to 2025-01-15 00:00:00+00:00, run_after=2025-01-16 00:00:00+00:00
[2025-01-16T16:06:00.797+0000] {processor.py:208} INFO - Processing /home/airflow/.local/lib/python3.12/site-packages/airflow/example_dags/example_branch_operator.py took 0.219 seconds
[2025-01-16T16:06:30.860+0000] {processor.py:186} INFO - Started process (PID=18928) to work on /home/airflow/.local/lib/python3.12/site-packages/airflow/example_dags/example_branch_operator.py
[2025-01-16T16:06:30.861+0000] {processor.py:914} INFO - Processing file /home/airflow/.local/lib/python3.12/site-packages/airflow/example_dags/example_branch_operator.py for tasks to queue
[2025-01-16T16:06:30.862+0000] {logging_mixin.py:190} INFO - [2025-01-16T16:06:30.861+0000] {dagbag.py:588} INFO - Filling up the DagBag from /home/airflow/.local/lib/python3.12/site-packages/airflow/example_dags/example_branch_operator.py
[2025-01-16T16:06:30.874+0000] {processor.py:925} INFO - DAG(s) 'example_branch_operator' retrieved from /home/airflow/.local/lib/python3.12/site-packages/airflow/example_dags/example_branch_operator.py
[2025-01-16T16:06:30.896+0000] {logging_mixin.py:190} INFO - [2025-01-16T16:06:30.896+0000] {dag.py:3239} INFO - Sync 1 DAGs
[2025-01-16T16:06:31.062+0000] {logging_mixin.py:190} INFO - [2025-01-16T16:06:31.062+0000] {dag.py:4180} INFO - Setting next_dagrun for example_branch_operator to 2025-01-15 00:00:00+00:00, run_after=2025-01-16 00:00:00+00:00
[2025-01-16T16:06:31.075+0000] {processor.py:208} INFO - Processing /home/airflow/.local/lib/python3.12/site-packages/airflow/example_dags/example_branch_operator.py took 0.219 seconds
[2025-01-16T16:07:02.077+0000] {processor.py:186} INFO - Started process (PID=19224) to work on /home/airflow/.local/lib/python3.12/site-packages/airflow/example_dags/example_branch_operator.py
[2025-01-16T16:07:02.078+0000] {processor.py:914} INFO - Processing file /home/airflow/.local/lib/python3.12/site-packages/airflow/example_dags/example_branch_operator.py for tasks to queue
[2025-01-16T16:07:02.079+0000] {logging_mixin.py:190} INFO - [2025-01-16T16:07:02.079+0000] {dagbag.py:588} INFO - Filling up the DagBag from /home/airflow/.local/lib/python3.12/site-packages/airflow/example_dags/example_branch_operator.py
[2025-01-16T16:07:02.093+0000] {processor.py:925} INFO - DAG(s) 'example_branch_operator' retrieved from /home/airflow/.local/lib/python3.12/site-packages/airflow/example_dags/example_branch_operator.py
[2025-01-16T16:07:02.112+0000] {logging_mixin.py:190} INFO - [2025-01-16T16:07:02.112+0000] {dag.py:3239} INFO - Sync 1 DAGs
[2025-01-16T16:07:02.131+0000] {logging_mixin.py:190} INFO - [2025-01-16T16:07:02.131+0000] {dag.py:4180} INFO - Setting next_dagrun for example_branch_operator to 2025-01-15 00:00:00+00:00, run_after=2025-01-16 00:00:00+00:00
[2025-01-16T16:07:02.145+0000] {processor.py:208} INFO - Processing /home/airflow/.local/lib/python3.12/site-packages/airflow/example_dags/example_branch_operator.py took 0.072 seconds
[2025-01-16T16:07:32.920+0000] {processor.py:186} INFO - Started process (PID=19526) to work on /home/airflow/.local/lib/python3.12/site-packages/airflow/example_dags/example_branch_operator.py
[2025-01-16T16:07:32.921+0000] {processor.py:914} INFO - Processing file /home/airflow/.local/lib/python3.12/site-packages/airflow/example_dags/example_branch_operator.py for tasks to queue
[2025-01-16T16:07:32.922+0000] {logging_mixin.py:190} INFO - [2025-01-16T16:07:32.922+0000] {dagbag.py:588} INFO - Filling up the DagBag from /home/airflow/.local/lib/python3.12/site-packages/airflow/example_dags/example_branch_operator.py
[2025-01-16T16:07:32.936+0000] {processor.py:925} INFO - DAG(s) 'example_branch_operator' retrieved from /home/airflow/.local/lib/python3.12/site-packages/airflow/example_dags/example_branch_operator.py
[2025-01-16T16:07:32.976+0000] {logging_mixin.py:190} INFO - [2025-01-16T16:07:32.976+0000] {dag.py:3239} INFO - Sync 1 DAGs
[2025-01-16T16:07:33.006+0000] {logging_mixin.py:190} INFO - [2025-01-16T16:07:33.006+0000] {dag.py:4180} INFO - Setting next_dagrun for example_branch_operator to 2025-01-15 00:00:00+00:00, run_after=2025-01-16 00:00:00+00:00
[2025-01-16T16:07:33.021+0000] {processor.py:208} INFO - Processing /home/airflow/.local/lib/python3.12/site-packages/airflow/example_dags/example_branch_operator.py took 0.105 seconds
[2025-01-16T16:08:03.876+0000] {processor.py:186} INFO - Started process (PID=19822) to work on /home/airflow/.local/lib/python3.12/site-packages/airflow/example_dags/example_branch_operator.py
[2025-01-16T16:08:03.877+0000] {processor.py:914} INFO - Processing file /home/airflow/.local/lib/python3.12/site-packages/airflow/example_dags/example_branch_operator.py for tasks to queue
[2025-01-16T16:08:03.878+0000] {logging_mixin.py:190} INFO - [2025-01-16T16:08:03.878+0000] {dagbag.py:588} INFO - Filling up the DagBag from /home/airflow/.local/lib/python3.12/site-packages/airflow/example_dags/example_branch_operator.py
[2025-01-16T16:08:03.891+0000] {processor.py:925} INFO - DAG(s) 'example_branch_operator' retrieved from /home/airflow/.local/lib/python3.12/site-packages/airflow/example_dags/example_branch_operator.py
[2025-01-16T16:08:03.918+0000] {logging_mixin.py:190} INFO - [2025-01-16T16:08:03.918+0000] {dag.py:3239} INFO - Sync 1 DAGs
[2025-01-16T16:08:03.938+0000] {logging_mixin.py:190} INFO - [2025-01-16T16:08:03.938+0000] {dag.py:4180} INFO - Setting next_dagrun for example_branch_operator to 2025-01-15 00:00:00+00:00, run_after=2025-01-16 00:00:00+00:00
[2025-01-16T16:08:03.952+0000] {processor.py:208} INFO - Processing /home/airflow/.local/lib/python3.12/site-packages/airflow/example_dags/example_branch_operator.py took 0.080 seconds
[2025-01-16T16:08:34.459+0000] {processor.py:186} INFO - Started process (PID=20118) to work on /home/airflow/.local/lib/python3.12/site-packages/airflow/example_dags/example_branch_operator.py
[2025-01-16T16:08:34.461+0000] {processor.py:914} INFO - Processing file /home/airflow/.local/lib/python3.12/site-packages/airflow/example_dags/example_branch_operator.py for tasks to queue
[2025-01-16T16:08:34.463+0000] {logging_mixin.py:190} INFO - [2025-01-16T16:08:34.463+0000] {dagbag.py:588} INFO - Filling up the DagBag from /home/airflow/.local/lib/python3.12/site-packages/airflow/example_dags/example_branch_operator.py
[2025-01-16T16:08:34.484+0000] {processor.py:925} INFO - DAG(s) 'example_branch_operator' retrieved from /home/airflow/.local/lib/python3.12/site-packages/airflow/example_dags/example_branch_operator.py
[2025-01-16T16:08:34.517+0000] {logging_mixin.py:190} INFO - [2025-01-16T16:08:34.517+0000] {dag.py:3239} INFO - Sync 1 DAGs
[2025-01-16T16:08:34.553+0000] {logging_mixin.py:190} INFO - [2025-01-16T16:08:34.553+0000] {dag.py:4180} INFO - Setting next_dagrun for example_branch_operator to 2025-01-15 00:00:00+00:00, run_after=2025-01-16 00:00:00+00:00
[2025-01-16T16:08:34.575+0000] {processor.py:208} INFO - Processing /home/airflow/.local/lib/python3.12/site-packages/airflow/example_dags/example_branch_operator.py took 0.121 seconds
