[2025-01-16T15:34:04.376+0000] {processor.py:186} INFO - Started process (PID=317) to work on /home/airflow/.local/lib/python3.12/site-packages/airflow/example_dags/example_trigger_target_dag.py
[2025-01-16T15:34:04.377+0000] {processor.py:914} INFO - Processing file /home/airflow/.local/lib/python3.12/site-packages/airflow/example_dags/example_trigger_target_dag.py for tasks to queue
[2025-01-16T15:34:04.382+0000] {logging_mixin.py:190} INFO - [2025-01-16T15:34:04.381+0000] {dagbag.py:588} INFO - Filling up the DagBag from /home/airflow/.local/lib/python3.12/site-packages/airflow/example_dags/example_trigger_target_dag.py
[2025-01-16T15:34:04.390+0000] {processor.py:925} INFO - DAG(s) 'example_trigger_target_dag' retrieved from /home/airflow/.local/lib/python3.12/site-packages/airflow/example_dags/example_trigger_target_dag.py
[2025-01-16T15:34:04.520+0000] {logging_mixin.py:190} INFO - [2025-01-16T15:34:04.519+0000] {override.py:1911} INFO - Created Permission View: can edit on DAG:example_trigger_target_dag
[2025-01-16T15:34:04.542+0000] {logging_mixin.py:190} INFO - [2025-01-16T15:34:04.542+0000] {override.py:1911} INFO - Created Permission View: can delete on DAG:example_trigger_target_dag
[2025-01-16T15:34:04.553+0000] {logging_mixin.py:190} INFO - [2025-01-16T15:34:04.553+0000] {override.py:1911} INFO - Created Permission View: can read on DAG:example_trigger_target_dag
[2025-01-16T15:34:04.562+0000] {logging_mixin.py:190} INFO - [2025-01-16T15:34:04.562+0000] {override.py:1911} INFO - Created Permission View: can create on DAG Run:example_trigger_target_dag
[2025-01-16T15:34:04.583+0000] {logging_mixin.py:190} INFO - [2025-01-16T15:34:04.582+0000] {override.py:1911} INFO - Created Permission View: can delete on DAG Run:example_trigger_target_dag
[2025-01-16T15:34:04.593+0000] {logging_mixin.py:190} INFO - [2025-01-16T15:34:04.592+0000] {override.py:1911} INFO - Created Permission View: menu access on DAG Run:example_trigger_target_dag
[2025-01-16T15:34:04.603+0000] {logging_mixin.py:190} INFO - [2025-01-16T15:34:04.602+0000] {override.py:1911} INFO - Created Permission View: can read on DAG Run:example_trigger_target_dag
[2025-01-16T15:34:04.604+0000] {logging_mixin.py:190} INFO - [2025-01-16T15:34:04.604+0000] {dag.py:3239} INFO - Sync 1 DAGs
[2025-01-16T15:34:04.618+0000] {logging_mixin.py:190} INFO - [2025-01-16T15:34:04.618+0000] {dag.py:3262} INFO - Creating ORM DAG for example_trigger_target_dag
[2025-01-16T15:34:04.619+0000] {logging_mixin.py:190} INFO - [2025-01-16T15:34:04.619+0000] {dag.py:4180} INFO - Setting next_dagrun for example_trigger_target_dag to None, run_after=None
[2025-01-16T15:34:04.653+0000] {processor.py:208} INFO - Processing /home/airflow/.local/lib/python3.12/site-packages/airflow/example_dags/example_trigger_target_dag.py took 0.284 seconds
[2025-01-16T15:34:34.963+0000] {processor.py:186} INFO - Started process (PID=610) to work on /home/airflow/.local/lib/python3.12/site-packages/airflow/example_dags/example_trigger_target_dag.py
[2025-01-16T15:34:34.964+0000] {processor.py:914} INFO - Processing file /home/airflow/.local/lib/python3.12/site-packages/airflow/example_dags/example_trigger_target_dag.py for tasks to queue
[2025-01-16T15:34:34.966+0000] {logging_mixin.py:190} INFO - [2025-01-16T15:34:34.966+0000] {dagbag.py:588} INFO - Filling up the DagBag from /home/airflow/.local/lib/python3.12/site-packages/airflow/example_dags/example_trigger_target_dag.py
[2025-01-16T15:34:34.974+0000] {processor.py:925} INFO - DAG(s) 'example_trigger_target_dag' retrieved from /home/airflow/.local/lib/python3.12/site-packages/airflow/example_dags/example_trigger_target_dag.py
[2025-01-16T15:34:34.993+0000] {logging_mixin.py:190} INFO - [2025-01-16T15:34:34.993+0000] {dag.py:3239} INFO - Sync 1 DAGs
[2025-01-16T15:34:35.009+0000] {logging_mixin.py:190} INFO - [2025-01-16T15:34:35.008+0000] {dag.py:4180} INFO - Setting next_dagrun for example_trigger_target_dag to None, run_after=None
[2025-01-16T15:34:35.026+0000] {processor.py:208} INFO - Processing /home/airflow/.local/lib/python3.12/site-packages/airflow/example_dags/example_trigger_target_dag.py took 0.069 seconds
[2025-01-16T15:35:05.762+0000] {processor.py:186} INFO - Started process (PID=907) to work on /home/airflow/.local/lib/python3.12/site-packages/airflow/example_dags/example_trigger_target_dag.py
[2025-01-16T15:35:05.764+0000] {processor.py:914} INFO - Processing file /home/airflow/.local/lib/python3.12/site-packages/airflow/example_dags/example_trigger_target_dag.py for tasks to queue
[2025-01-16T15:35:05.766+0000] {logging_mixin.py:190} INFO - [2025-01-16T15:35:05.766+0000] {dagbag.py:588} INFO - Filling up the DagBag from /home/airflow/.local/lib/python3.12/site-packages/airflow/example_dags/example_trigger_target_dag.py
[2025-01-16T15:35:05.774+0000] {processor.py:925} INFO - DAG(s) 'example_trigger_target_dag' retrieved from /home/airflow/.local/lib/python3.12/site-packages/airflow/example_dags/example_trigger_target_dag.py
[2025-01-16T15:35:05.794+0000] {logging_mixin.py:190} INFO - [2025-01-16T15:35:05.794+0000] {dag.py:3239} INFO - Sync 1 DAGs
[2025-01-16T15:35:05.810+0000] {logging_mixin.py:190} INFO - [2025-01-16T15:35:05.810+0000] {dag.py:4180} INFO - Setting next_dagrun for example_trigger_target_dag to None, run_after=None
[2025-01-16T15:35:05.831+0000] {processor.py:208} INFO - Processing /home/airflow/.local/lib/python3.12/site-packages/airflow/example_dags/example_trigger_target_dag.py took 0.074 seconds
[2025-01-16T15:35:36.179+0000] {processor.py:186} INFO - Started process (PID=1203) to work on /home/airflow/.local/lib/python3.12/site-packages/airflow/example_dags/example_trigger_target_dag.py
[2025-01-16T15:35:36.180+0000] {processor.py:914} INFO - Processing file /home/airflow/.local/lib/python3.12/site-packages/airflow/example_dags/example_trigger_target_dag.py for tasks to queue
[2025-01-16T15:35:36.182+0000] {logging_mixin.py:190} INFO - [2025-01-16T15:35:36.181+0000] {dagbag.py:588} INFO - Filling up the DagBag from /home/airflow/.local/lib/python3.12/site-packages/airflow/example_dags/example_trigger_target_dag.py
[2025-01-16T15:35:36.188+0000] {processor.py:925} INFO - DAG(s) 'example_trigger_target_dag' retrieved from /home/airflow/.local/lib/python3.12/site-packages/airflow/example_dags/example_trigger_target_dag.py
[2025-01-16T15:35:36.204+0000] {logging_mixin.py:190} INFO - [2025-01-16T15:35:36.204+0000] {dag.py:3239} INFO - Sync 1 DAGs
[2025-01-16T15:35:36.215+0000] {logging_mixin.py:190} INFO - [2025-01-16T15:35:36.215+0000] {dag.py:4180} INFO - Setting next_dagrun for example_trigger_target_dag to None, run_after=None
[2025-01-16T15:35:36.230+0000] {processor.py:208} INFO - Processing /home/airflow/.local/lib/python3.12/site-packages/airflow/example_dags/example_trigger_target_dag.py took 0.056 seconds
[2025-01-16T15:36:07.789+0000] {processor.py:186} INFO - Started process (PID=1497) to work on /home/airflow/.local/lib/python3.12/site-packages/airflow/example_dags/example_trigger_target_dag.py
[2025-01-16T15:36:07.789+0000] {processor.py:914} INFO - Processing file /home/airflow/.local/lib/python3.12/site-packages/airflow/example_dags/example_trigger_target_dag.py for tasks to queue
[2025-01-16T15:36:07.791+0000] {logging_mixin.py:190} INFO - [2025-01-16T15:36:07.791+0000] {dagbag.py:588} INFO - Filling up the DagBag from /home/airflow/.local/lib/python3.12/site-packages/airflow/example_dags/example_trigger_target_dag.py
[2025-01-16T15:36:07.798+0000] {processor.py:925} INFO - DAG(s) 'example_trigger_target_dag' retrieved from /home/airflow/.local/lib/python3.12/site-packages/airflow/example_dags/example_trigger_target_dag.py
[2025-01-16T15:36:07.815+0000] {logging_mixin.py:190} INFO - [2025-01-16T15:36:07.814+0000] {dag.py:3239} INFO - Sync 1 DAGs
[2025-01-16T15:36:07.826+0000] {logging_mixin.py:190} INFO - [2025-01-16T15:36:07.825+0000] {dag.py:4180} INFO - Setting next_dagrun for example_trigger_target_dag to None, run_after=None
[2025-01-16T15:36:07.843+0000] {processor.py:208} INFO - Processing /home/airflow/.local/lib/python3.12/site-packages/airflow/example_dags/example_trigger_target_dag.py took 0.059 seconds
[2025-01-16T15:36:38.732+0000] {processor.py:186} INFO - Started process (PID=1795) to work on /home/airflow/.local/lib/python3.12/site-packages/airflow/example_dags/example_trigger_target_dag.py
[2025-01-16T15:36:38.733+0000] {processor.py:914} INFO - Processing file /home/airflow/.local/lib/python3.12/site-packages/airflow/example_dags/example_trigger_target_dag.py for tasks to queue
[2025-01-16T15:36:38.734+0000] {logging_mixin.py:190} INFO - [2025-01-16T15:36:38.734+0000] {dagbag.py:588} INFO - Filling up the DagBag from /home/airflow/.local/lib/python3.12/site-packages/airflow/example_dags/example_trigger_target_dag.py
[2025-01-16T15:36:38.741+0000] {processor.py:925} INFO - DAG(s) 'example_trigger_target_dag' retrieved from /home/airflow/.local/lib/python3.12/site-packages/airflow/example_dags/example_trigger_target_dag.py
[2025-01-16T15:36:38.758+0000] {logging_mixin.py:190} INFO - [2025-01-16T15:36:38.758+0000] {dag.py:3239} INFO - Sync 1 DAGs
[2025-01-16T15:36:38.769+0000] {logging_mixin.py:190} INFO - [2025-01-16T15:36:38.769+0000] {dag.py:4180} INFO - Setting next_dagrun for example_trigger_target_dag to None, run_after=None
[2025-01-16T15:36:38.784+0000] {processor.py:208} INFO - Processing /home/airflow/.local/lib/python3.12/site-packages/airflow/example_dags/example_trigger_target_dag.py took 0.057 seconds
[2025-01-16T15:37:10.849+0000] {processor.py:186} INFO - Started process (PID=2096) to work on /home/airflow/.local/lib/python3.12/site-packages/airflow/example_dags/example_trigger_target_dag.py
[2025-01-16T15:37:10.850+0000] {processor.py:914} INFO - Processing file /home/airflow/.local/lib/python3.12/site-packages/airflow/example_dags/example_trigger_target_dag.py for tasks to queue
[2025-01-16T15:37:10.853+0000] {logging_mixin.py:190} INFO - [2025-01-16T15:37:10.852+0000] {dagbag.py:588} INFO - Filling up the DagBag from /home/airflow/.local/lib/python3.12/site-packages/airflow/example_dags/example_trigger_target_dag.py
[2025-01-16T15:37:10.859+0000] {processor.py:925} INFO - DAG(s) 'example_trigger_target_dag' retrieved from /home/airflow/.local/lib/python3.12/site-packages/airflow/example_dags/example_trigger_target_dag.py
[2025-01-16T15:37:10.875+0000] {logging_mixin.py:190} INFO - [2025-01-16T15:37:10.875+0000] {dag.py:3239} INFO - Sync 1 DAGs
[2025-01-16T15:37:10.886+0000] {logging_mixin.py:190} INFO - [2025-01-16T15:37:10.886+0000] {dag.py:4180} INFO - Setting next_dagrun for example_trigger_target_dag to None, run_after=None
[2025-01-16T15:37:10.901+0000] {processor.py:208} INFO - Processing /home/airflow/.local/lib/python3.12/site-packages/airflow/example_dags/example_trigger_target_dag.py took 0.055 seconds
[2025-01-16T15:37:41.567+0000] {processor.py:186} INFO - Started process (PID=2390) to work on /home/airflow/.local/lib/python3.12/site-packages/airflow/example_dags/example_trigger_target_dag.py
[2025-01-16T15:37:41.568+0000] {processor.py:914} INFO - Processing file /home/airflow/.local/lib/python3.12/site-packages/airflow/example_dags/example_trigger_target_dag.py for tasks to queue
[2025-01-16T15:37:41.570+0000] {logging_mixin.py:190} INFO - [2025-01-16T15:37:41.569+0000] {dagbag.py:588} INFO - Filling up the DagBag from /home/airflow/.local/lib/python3.12/site-packages/airflow/example_dags/example_trigger_target_dag.py
[2025-01-16T15:37:41.575+0000] {processor.py:925} INFO - DAG(s) 'example_trigger_target_dag' retrieved from /home/airflow/.local/lib/python3.12/site-packages/airflow/example_dags/example_trigger_target_dag.py
[2025-01-16T15:37:41.590+0000] {logging_mixin.py:190} INFO - [2025-01-16T15:37:41.589+0000] {dag.py:3239} INFO - Sync 1 DAGs
[2025-01-16T15:37:41.600+0000] {logging_mixin.py:190} INFO - [2025-01-16T15:37:41.600+0000] {dag.py:4180} INFO - Setting next_dagrun for example_trigger_target_dag to None, run_after=None
[2025-01-16T15:37:41.615+0000] {processor.py:208} INFO - Processing /home/airflow/.local/lib/python3.12/site-packages/airflow/example_dags/example_trigger_target_dag.py took 0.052 seconds
[2025-01-16T15:38:12.191+0000] {processor.py:186} INFO - Started process (PID=2686) to work on /home/airflow/.local/lib/python3.12/site-packages/airflow/example_dags/example_trigger_target_dag.py
[2025-01-16T15:38:12.192+0000] {processor.py:914} INFO - Processing file /home/airflow/.local/lib/python3.12/site-packages/airflow/example_dags/example_trigger_target_dag.py for tasks to queue
[2025-01-16T15:38:12.193+0000] {logging_mixin.py:190} INFO - [2025-01-16T15:38:12.193+0000] {dagbag.py:588} INFO - Filling up the DagBag from /home/airflow/.local/lib/python3.12/site-packages/airflow/example_dags/example_trigger_target_dag.py
[2025-01-16T15:38:12.199+0000] {processor.py:925} INFO - DAG(s) 'example_trigger_target_dag' retrieved from /home/airflow/.local/lib/python3.12/site-packages/airflow/example_dags/example_trigger_target_dag.py
[2025-01-16T15:38:12.215+0000] {logging_mixin.py:190} INFO - [2025-01-16T15:38:12.215+0000] {dag.py:3239} INFO - Sync 1 DAGs
[2025-01-16T15:38:12.227+0000] {logging_mixin.py:190} INFO - [2025-01-16T15:38:12.227+0000] {dag.py:4180} INFO - Setting next_dagrun for example_trigger_target_dag to None, run_after=None
[2025-01-16T15:38:12.243+0000] {processor.py:208} INFO - Processing /home/airflow/.local/lib/python3.12/site-packages/airflow/example_dags/example_trigger_target_dag.py took 0.057 seconds
[2025-01-16T15:38:43.632+0000] {processor.py:186} INFO - Started process (PID=2982) to work on /home/airflow/.local/lib/python3.12/site-packages/airflow/example_dags/example_trigger_target_dag.py
[2025-01-16T15:38:43.632+0000] {processor.py:914} INFO - Processing file /home/airflow/.local/lib/python3.12/site-packages/airflow/example_dags/example_trigger_target_dag.py for tasks to queue
[2025-01-16T15:38:43.634+0000] {logging_mixin.py:190} INFO - [2025-01-16T15:38:43.634+0000] {dagbag.py:588} INFO - Filling up the DagBag from /home/airflow/.local/lib/python3.12/site-packages/airflow/example_dags/example_trigger_target_dag.py
[2025-01-16T15:38:43.640+0000] {processor.py:925} INFO - DAG(s) 'example_trigger_target_dag' retrieved from /home/airflow/.local/lib/python3.12/site-packages/airflow/example_dags/example_trigger_target_dag.py
[2025-01-16T15:38:43.654+0000] {logging_mixin.py:190} INFO - [2025-01-16T15:38:43.654+0000] {dag.py:3239} INFO - Sync 1 DAGs
[2025-01-16T15:38:43.667+0000] {logging_mixin.py:190} INFO - [2025-01-16T15:38:43.667+0000] {dag.py:4180} INFO - Setting next_dagrun for example_trigger_target_dag to None, run_after=None
[2025-01-16T15:38:43.682+0000] {processor.py:208} INFO - Processing /home/airflow/.local/lib/python3.12/site-packages/airflow/example_dags/example_trigger_target_dag.py took 0.054 seconds
[2025-01-16T15:39:14.935+0000] {processor.py:186} INFO - Started process (PID=3278) to work on /home/airflow/.local/lib/python3.12/site-packages/airflow/example_dags/example_trigger_target_dag.py
[2025-01-16T15:39:14.935+0000] {processor.py:914} INFO - Processing file /home/airflow/.local/lib/python3.12/site-packages/airflow/example_dags/example_trigger_target_dag.py for tasks to queue
[2025-01-16T15:39:14.937+0000] {logging_mixin.py:190} INFO - [2025-01-16T15:39:14.937+0000] {dagbag.py:588} INFO - Filling up the DagBag from /home/airflow/.local/lib/python3.12/site-packages/airflow/example_dags/example_trigger_target_dag.py
[2025-01-16T15:39:14.946+0000] {processor.py:925} INFO - DAG(s) 'example_trigger_target_dag' retrieved from /home/airflow/.local/lib/python3.12/site-packages/airflow/example_dags/example_trigger_target_dag.py
[2025-01-16T15:39:14.969+0000] {logging_mixin.py:190} INFO - [2025-01-16T15:39:14.969+0000] {dag.py:3239} INFO - Sync 1 DAGs
[2025-01-16T15:39:14.982+0000] {logging_mixin.py:190} INFO - [2025-01-16T15:39:14.982+0000] {dag.py:4180} INFO - Setting next_dagrun for example_trigger_target_dag to None, run_after=None
[2025-01-16T15:39:15.000+0000] {processor.py:208} INFO - Processing /home/airflow/.local/lib/python3.12/site-packages/airflow/example_dags/example_trigger_target_dag.py took 0.073 seconds
[2025-01-16T15:39:45.222+0000] {processor.py:186} INFO - Started process (PID=3571) to work on /home/airflow/.local/lib/python3.12/site-packages/airflow/example_dags/example_trigger_target_dag.py
[2025-01-16T15:39:45.223+0000] {processor.py:914} INFO - Processing file /home/airflow/.local/lib/python3.12/site-packages/airflow/example_dags/example_trigger_target_dag.py for tasks to queue
[2025-01-16T15:39:45.225+0000] {logging_mixin.py:190} INFO - [2025-01-16T15:39:45.225+0000] {dagbag.py:588} INFO - Filling up the DagBag from /home/airflow/.local/lib/python3.12/site-packages/airflow/example_dags/example_trigger_target_dag.py
[2025-01-16T15:39:45.232+0000] {processor.py:925} INFO - DAG(s) 'example_trigger_target_dag' retrieved from /home/airflow/.local/lib/python3.12/site-packages/airflow/example_dags/example_trigger_target_dag.py
[2025-01-16T15:39:45.249+0000] {logging_mixin.py:190} INFO - [2025-01-16T15:39:45.248+0000] {dag.py:3239} INFO - Sync 1 DAGs
[2025-01-16T15:39:45.260+0000] {logging_mixin.py:190} INFO - [2025-01-16T15:39:45.260+0000] {dag.py:4180} INFO - Setting next_dagrun for example_trigger_target_dag to None, run_after=None
[2025-01-16T15:39:45.276+0000] {processor.py:208} INFO - Processing /home/airflow/.local/lib/python3.12/site-packages/airflow/example_dags/example_trigger_target_dag.py took 0.058 seconds
[2025-01-16T15:40:16.559+0000] {processor.py:186} INFO - Started process (PID=3870) to work on /home/airflow/.local/lib/python3.12/site-packages/airflow/example_dags/example_trigger_target_dag.py
[2025-01-16T15:40:16.559+0000] {processor.py:914} INFO - Processing file /home/airflow/.local/lib/python3.12/site-packages/airflow/example_dags/example_trigger_target_dag.py for tasks to queue
[2025-01-16T15:40:16.561+0000] {logging_mixin.py:190} INFO - [2025-01-16T15:40:16.561+0000] {dagbag.py:588} INFO - Filling up the DagBag from /home/airflow/.local/lib/python3.12/site-packages/airflow/example_dags/example_trigger_target_dag.py
[2025-01-16T15:40:16.566+0000] {processor.py:925} INFO - DAG(s) 'example_trigger_target_dag' retrieved from /home/airflow/.local/lib/python3.12/site-packages/airflow/example_dags/example_trigger_target_dag.py
[2025-01-16T15:40:16.584+0000] {logging_mixin.py:190} INFO - [2025-01-16T15:40:16.583+0000] {dag.py:3239} INFO - Sync 1 DAGs
[2025-01-16T15:40:16.597+0000] {logging_mixin.py:190} INFO - [2025-01-16T15:40:16.597+0000] {dag.py:4180} INFO - Setting next_dagrun for example_trigger_target_dag to None, run_after=None
[2025-01-16T15:40:16.618+0000] {processor.py:208} INFO - Processing /home/airflow/.local/lib/python3.12/site-packages/airflow/example_dags/example_trigger_target_dag.py took 0.064 seconds
[2025-01-16T15:40:48.578+0000] {processor.py:186} INFO - Started process (PID=4161) to work on /home/airflow/.local/lib/python3.12/site-packages/airflow/example_dags/example_trigger_target_dag.py
[2025-01-16T15:40:48.579+0000] {processor.py:914} INFO - Processing file /home/airflow/.local/lib/python3.12/site-packages/airflow/example_dags/example_trigger_target_dag.py for tasks to queue
[2025-01-16T15:40:48.582+0000] {logging_mixin.py:190} INFO - [2025-01-16T15:40:48.581+0000] {dagbag.py:588} INFO - Filling up the DagBag from /home/airflow/.local/lib/python3.12/site-packages/airflow/example_dags/example_trigger_target_dag.py
[2025-01-16T15:40:48.590+0000] {processor.py:925} INFO - DAG(s) 'example_trigger_target_dag' retrieved from /home/airflow/.local/lib/python3.12/site-packages/airflow/example_dags/example_trigger_target_dag.py
[2025-01-16T15:40:48.607+0000] {logging_mixin.py:190} INFO - [2025-01-16T15:40:48.607+0000] {dag.py:3239} INFO - Sync 1 DAGs
[2025-01-16T15:40:48.619+0000] {logging_mixin.py:190} INFO - [2025-01-16T15:40:48.619+0000] {dag.py:4180} INFO - Setting next_dagrun for example_trigger_target_dag to None, run_after=None
[2025-01-16T15:40:48.634+0000] {processor.py:208} INFO - Processing /home/airflow/.local/lib/python3.12/site-packages/airflow/example_dags/example_trigger_target_dag.py took 0.060 seconds
[2025-01-16T15:41:19.220+0000] {processor.py:186} INFO - Started process (PID=4457) to work on /home/airflow/.local/lib/python3.12/site-packages/airflow/example_dags/example_trigger_target_dag.py
[2025-01-16T15:41:19.221+0000] {processor.py:914} INFO - Processing file /home/airflow/.local/lib/python3.12/site-packages/airflow/example_dags/example_trigger_target_dag.py for tasks to queue
[2025-01-16T15:41:19.223+0000] {logging_mixin.py:190} INFO - [2025-01-16T15:41:19.223+0000] {dagbag.py:588} INFO - Filling up the DagBag from /home/airflow/.local/lib/python3.12/site-packages/airflow/example_dags/example_trigger_target_dag.py
[2025-01-16T15:41:19.230+0000] {processor.py:925} INFO - DAG(s) 'example_trigger_target_dag' retrieved from /home/airflow/.local/lib/python3.12/site-packages/airflow/example_dags/example_trigger_target_dag.py
[2025-01-16T15:41:19.243+0000] {logging_mixin.py:190} INFO - [2025-01-16T15:41:19.243+0000] {dag.py:3239} INFO - Sync 1 DAGs
[2025-01-16T15:41:19.254+0000] {logging_mixin.py:190} INFO - [2025-01-16T15:41:19.254+0000] {dag.py:4180} INFO - Setting next_dagrun for example_trigger_target_dag to None, run_after=None
[2025-01-16T15:41:19.267+0000] {processor.py:208} INFO - Processing /home/airflow/.local/lib/python3.12/site-packages/airflow/example_dags/example_trigger_target_dag.py took 0.051 seconds
[2025-01-16T15:41:50.749+0000] {processor.py:186} INFO - Started process (PID=4758) to work on /home/airflow/.local/lib/python3.12/site-packages/airflow/example_dags/example_trigger_target_dag.py
[2025-01-16T15:41:50.749+0000] {processor.py:914} INFO - Processing file /home/airflow/.local/lib/python3.12/site-packages/airflow/example_dags/example_trigger_target_dag.py for tasks to queue
[2025-01-16T15:41:50.752+0000] {logging_mixin.py:190} INFO - [2025-01-16T15:41:50.751+0000] {dagbag.py:588} INFO - Filling up the DagBag from /home/airflow/.local/lib/python3.12/site-packages/airflow/example_dags/example_trigger_target_dag.py
[2025-01-16T15:41:50.758+0000] {processor.py:925} INFO - DAG(s) 'example_trigger_target_dag' retrieved from /home/airflow/.local/lib/python3.12/site-packages/airflow/example_dags/example_trigger_target_dag.py
[2025-01-16T15:41:50.772+0000] {logging_mixin.py:190} INFO - [2025-01-16T15:41:50.772+0000] {dag.py:3239} INFO - Sync 1 DAGs
[2025-01-16T15:41:50.783+0000] {logging_mixin.py:190} INFO - [2025-01-16T15:41:50.783+0000] {dag.py:4180} INFO - Setting next_dagrun for example_trigger_target_dag to None, run_after=None
[2025-01-16T15:41:50.797+0000] {processor.py:208} INFO - Processing /home/airflow/.local/lib/python3.12/site-packages/airflow/example_dags/example_trigger_target_dag.py took 0.052 seconds
[2025-01-16T15:42:22.144+0000] {processor.py:186} INFO - Started process (PID=5054) to work on /home/airflow/.local/lib/python3.12/site-packages/airflow/example_dags/example_trigger_target_dag.py
[2025-01-16T15:42:22.145+0000] {processor.py:914} INFO - Processing file /home/airflow/.local/lib/python3.12/site-packages/airflow/example_dags/example_trigger_target_dag.py for tasks to queue
[2025-01-16T15:42:22.147+0000] {logging_mixin.py:190} INFO - [2025-01-16T15:42:22.146+0000] {dagbag.py:588} INFO - Filling up the DagBag from /home/airflow/.local/lib/python3.12/site-packages/airflow/example_dags/example_trigger_target_dag.py
[2025-01-16T15:42:22.152+0000] {processor.py:925} INFO - DAG(s) 'example_trigger_target_dag' retrieved from /home/airflow/.local/lib/python3.12/site-packages/airflow/example_dags/example_trigger_target_dag.py
[2025-01-16T15:42:22.166+0000] {logging_mixin.py:190} INFO - [2025-01-16T15:42:22.166+0000] {dag.py:3239} INFO - Sync 1 DAGs
[2025-01-16T15:42:22.178+0000] {logging_mixin.py:190} INFO - [2025-01-16T15:42:22.177+0000] {dag.py:4180} INFO - Setting next_dagrun for example_trigger_target_dag to None, run_after=None
[2025-01-16T15:42:22.191+0000] {processor.py:208} INFO - Processing /home/airflow/.local/lib/python3.12/site-packages/airflow/example_dags/example_trigger_target_dag.py took 0.051 seconds
[2025-01-16T15:42:53.339+0000] {processor.py:186} INFO - Started process (PID=5350) to work on /home/airflow/.local/lib/python3.12/site-packages/airflow/example_dags/example_trigger_target_dag.py
[2025-01-16T15:42:53.339+0000] {processor.py:914} INFO - Processing file /home/airflow/.local/lib/python3.12/site-packages/airflow/example_dags/example_trigger_target_dag.py for tasks to queue
[2025-01-16T15:42:53.341+0000] {logging_mixin.py:190} INFO - [2025-01-16T15:42:53.341+0000] {dagbag.py:588} INFO - Filling up the DagBag from /home/airflow/.local/lib/python3.12/site-packages/airflow/example_dags/example_trigger_target_dag.py
[2025-01-16T15:42:53.347+0000] {processor.py:925} INFO - DAG(s) 'example_trigger_target_dag' retrieved from /home/airflow/.local/lib/python3.12/site-packages/airflow/example_dags/example_trigger_target_dag.py
[2025-01-16T15:42:53.363+0000] {logging_mixin.py:190} INFO - [2025-01-16T15:42:53.363+0000] {dag.py:3239} INFO - Sync 1 DAGs
[2025-01-16T15:42:53.374+0000] {logging_mixin.py:190} INFO - [2025-01-16T15:42:53.374+0000] {dag.py:4180} INFO - Setting next_dagrun for example_trigger_target_dag to None, run_after=None
[2025-01-16T15:42:53.388+0000] {processor.py:208} INFO - Processing /home/airflow/.local/lib/python3.12/site-packages/airflow/example_dags/example_trigger_target_dag.py took 0.055 seconds
[2025-01-16T15:43:24.430+0000] {processor.py:186} INFO - Started process (PID=5646) to work on /home/airflow/.local/lib/python3.12/site-packages/airflow/example_dags/example_trigger_target_dag.py
[2025-01-16T15:43:24.431+0000] {processor.py:914} INFO - Processing file /home/airflow/.local/lib/python3.12/site-packages/airflow/example_dags/example_trigger_target_dag.py for tasks to queue
[2025-01-16T15:43:24.432+0000] {logging_mixin.py:190} INFO - [2025-01-16T15:43:24.432+0000] {dagbag.py:588} INFO - Filling up the DagBag from /home/airflow/.local/lib/python3.12/site-packages/airflow/example_dags/example_trigger_target_dag.py
[2025-01-16T15:43:24.438+0000] {processor.py:925} INFO - DAG(s) 'example_trigger_target_dag' retrieved from /home/airflow/.local/lib/python3.12/site-packages/airflow/example_dags/example_trigger_target_dag.py
[2025-01-16T15:43:24.454+0000] {logging_mixin.py:190} INFO - [2025-01-16T15:43:24.454+0000] {dag.py:3239} INFO - Sync 1 DAGs
[2025-01-16T15:43:24.465+0000] {logging_mixin.py:190} INFO - [2025-01-16T15:43:24.465+0000] {dag.py:4180} INFO - Setting next_dagrun for example_trigger_target_dag to None, run_after=None
[2025-01-16T15:43:24.478+0000] {processor.py:208} INFO - Processing /home/airflow/.local/lib/python3.12/site-packages/airflow/example_dags/example_trigger_target_dag.py took 0.052 seconds
[2025-01-16T15:43:55.872+0000] {processor.py:186} INFO - Started process (PID=5939) to work on /home/airflow/.local/lib/python3.12/site-packages/airflow/example_dags/example_trigger_target_dag.py
[2025-01-16T15:43:55.873+0000] {processor.py:914} INFO - Processing file /home/airflow/.local/lib/python3.12/site-packages/airflow/example_dags/example_trigger_target_dag.py for tasks to queue
[2025-01-16T15:43:55.874+0000] {logging_mixin.py:190} INFO - [2025-01-16T15:43:55.874+0000] {dagbag.py:588} INFO - Filling up the DagBag from /home/airflow/.local/lib/python3.12/site-packages/airflow/example_dags/example_trigger_target_dag.py
[2025-01-16T15:43:55.880+0000] {processor.py:925} INFO - DAG(s) 'example_trigger_target_dag' retrieved from /home/airflow/.local/lib/python3.12/site-packages/airflow/example_dags/example_trigger_target_dag.py
[2025-01-16T15:43:55.895+0000] {logging_mixin.py:190} INFO - [2025-01-16T15:43:55.895+0000] {dag.py:3239} INFO - Sync 1 DAGs
[2025-01-16T15:43:55.906+0000] {logging_mixin.py:190} INFO - [2025-01-16T15:43:55.906+0000] {dag.py:4180} INFO - Setting next_dagrun for example_trigger_target_dag to None, run_after=None
[2025-01-16T15:43:55.919+0000] {processor.py:208} INFO - Processing /home/airflow/.local/lib/python3.12/site-packages/airflow/example_dags/example_trigger_target_dag.py took 0.051 seconds
[2025-01-16T15:44:27.253+0000] {processor.py:186} INFO - Started process (PID=6233) to work on /home/airflow/.local/lib/python3.12/site-packages/airflow/example_dags/example_trigger_target_dag.py
[2025-01-16T15:44:27.253+0000] {processor.py:914} INFO - Processing file /home/airflow/.local/lib/python3.12/site-packages/airflow/example_dags/example_trigger_target_dag.py for tasks to queue
[2025-01-16T15:44:27.255+0000] {logging_mixin.py:190} INFO - [2025-01-16T15:44:27.255+0000] {dagbag.py:588} INFO - Filling up the DagBag from /home/airflow/.local/lib/python3.12/site-packages/airflow/example_dags/example_trigger_target_dag.py
[2025-01-16T15:44:27.261+0000] {processor.py:925} INFO - DAG(s) 'example_trigger_target_dag' retrieved from /home/airflow/.local/lib/python3.12/site-packages/airflow/example_dags/example_trigger_target_dag.py
[2025-01-16T15:44:27.276+0000] {logging_mixin.py:190} INFO - [2025-01-16T15:44:27.276+0000] {dag.py:3239} INFO - Sync 1 DAGs
[2025-01-16T15:44:27.287+0000] {logging_mixin.py:190} INFO - [2025-01-16T15:44:27.287+0000] {dag.py:4180} INFO - Setting next_dagrun for example_trigger_target_dag to None, run_after=None
[2025-01-16T15:44:27.301+0000] {processor.py:208} INFO - Processing /home/airflow/.local/lib/python3.12/site-packages/airflow/example_dags/example_trigger_target_dag.py took 0.052 seconds
[2025-01-16T15:44:58.484+0000] {processor.py:186} INFO - Started process (PID=6534) to work on /home/airflow/.local/lib/python3.12/site-packages/airflow/example_dags/example_trigger_target_dag.py
[2025-01-16T15:44:58.484+0000] {processor.py:914} INFO - Processing file /home/airflow/.local/lib/python3.12/site-packages/airflow/example_dags/example_trigger_target_dag.py for tasks to queue
[2025-01-16T15:44:58.486+0000] {logging_mixin.py:190} INFO - [2025-01-16T15:44:58.486+0000] {dagbag.py:588} INFO - Filling up the DagBag from /home/airflow/.local/lib/python3.12/site-packages/airflow/example_dags/example_trigger_target_dag.py
[2025-01-16T15:44:58.492+0000] {processor.py:925} INFO - DAG(s) 'example_trigger_target_dag' retrieved from /home/airflow/.local/lib/python3.12/site-packages/airflow/example_dags/example_trigger_target_dag.py
[2025-01-16T15:44:58.508+0000] {logging_mixin.py:190} INFO - [2025-01-16T15:44:58.507+0000] {dag.py:3239} INFO - Sync 1 DAGs
[2025-01-16T15:44:58.519+0000] {logging_mixin.py:190} INFO - [2025-01-16T15:44:58.518+0000] {dag.py:4180} INFO - Setting next_dagrun for example_trigger_target_dag to None, run_after=None
[2025-01-16T15:44:58.533+0000] {processor.py:208} INFO - Processing /home/airflow/.local/lib/python3.12/site-packages/airflow/example_dags/example_trigger_target_dag.py took 0.054 seconds
[2025-01-16T15:45:29.670+0000] {processor.py:186} INFO - Started process (PID=6830) to work on /home/airflow/.local/lib/python3.12/site-packages/airflow/example_dags/example_trigger_target_dag.py
[2025-01-16T15:45:29.671+0000] {processor.py:914} INFO - Processing file /home/airflow/.local/lib/python3.12/site-packages/airflow/example_dags/example_trigger_target_dag.py for tasks to queue
[2025-01-16T15:45:29.672+0000] {logging_mixin.py:190} INFO - [2025-01-16T15:45:29.672+0000] {dagbag.py:588} INFO - Filling up the DagBag from /home/airflow/.local/lib/python3.12/site-packages/airflow/example_dags/example_trigger_target_dag.py
[2025-01-16T15:45:29.678+0000] {processor.py:925} INFO - DAG(s) 'example_trigger_target_dag' retrieved from /home/airflow/.local/lib/python3.12/site-packages/airflow/example_dags/example_trigger_target_dag.py
[2025-01-16T15:45:29.692+0000] {logging_mixin.py:190} INFO - [2025-01-16T15:45:29.692+0000] {dag.py:3239} INFO - Sync 1 DAGs
[2025-01-16T15:45:29.703+0000] {logging_mixin.py:190} INFO - [2025-01-16T15:45:29.703+0000] {dag.py:4180} INFO - Setting next_dagrun for example_trigger_target_dag to None, run_after=None
[2025-01-16T15:45:29.716+0000] {processor.py:208} INFO - Processing /home/airflow/.local/lib/python3.12/site-packages/airflow/example_dags/example_trigger_target_dag.py took 0.050 seconds
[2025-01-16T15:46:01.041+0000] {processor.py:186} INFO - Started process (PID=7132) to work on /home/airflow/.local/lib/python3.12/site-packages/airflow/example_dags/example_trigger_target_dag.py
[2025-01-16T15:46:01.042+0000] {processor.py:914} INFO - Processing file /home/airflow/.local/lib/python3.12/site-packages/airflow/example_dags/example_trigger_target_dag.py for tasks to queue
[2025-01-16T15:46:01.043+0000] {logging_mixin.py:190} INFO - [2025-01-16T15:46:01.043+0000] {dagbag.py:588} INFO - Filling up the DagBag from /home/airflow/.local/lib/python3.12/site-packages/airflow/example_dags/example_trigger_target_dag.py
[2025-01-16T15:46:01.049+0000] {processor.py:925} INFO - DAG(s) 'example_trigger_target_dag' retrieved from /home/airflow/.local/lib/python3.12/site-packages/airflow/example_dags/example_trigger_target_dag.py
[2025-01-16T15:46:01.063+0000] {logging_mixin.py:190} INFO - [2025-01-16T15:46:01.063+0000] {dag.py:3239} INFO - Sync 1 DAGs
[2025-01-16T15:46:01.075+0000] {logging_mixin.py:190} INFO - [2025-01-16T15:46:01.075+0000] {dag.py:4180} INFO - Setting next_dagrun for example_trigger_target_dag to None, run_after=None
[2025-01-16T15:46:01.088+0000] {processor.py:208} INFO - Processing /home/airflow/.local/lib/python3.12/site-packages/airflow/example_dags/example_trigger_target_dag.py took 0.050 seconds
[2025-01-16T15:46:32.373+0000] {processor.py:186} INFO - Started process (PID=7425) to work on /home/airflow/.local/lib/python3.12/site-packages/airflow/example_dags/example_trigger_target_dag.py
[2025-01-16T15:46:32.374+0000] {processor.py:914} INFO - Processing file /home/airflow/.local/lib/python3.12/site-packages/airflow/example_dags/example_trigger_target_dag.py for tasks to queue
[2025-01-16T15:46:32.376+0000] {logging_mixin.py:190} INFO - [2025-01-16T15:46:32.375+0000] {dagbag.py:588} INFO - Filling up the DagBag from /home/airflow/.local/lib/python3.12/site-packages/airflow/example_dags/example_trigger_target_dag.py
[2025-01-16T15:46:32.381+0000] {processor.py:925} INFO - DAG(s) 'example_trigger_target_dag' retrieved from /home/airflow/.local/lib/python3.12/site-packages/airflow/example_dags/example_trigger_target_dag.py
[2025-01-16T15:46:32.396+0000] {logging_mixin.py:190} INFO - [2025-01-16T15:46:32.396+0000] {dag.py:3239} INFO - Sync 1 DAGs
[2025-01-16T15:46:32.406+0000] {logging_mixin.py:190} INFO - [2025-01-16T15:46:32.406+0000] {dag.py:4180} INFO - Setting next_dagrun for example_trigger_target_dag to None, run_after=None
[2025-01-16T15:46:32.419+0000] {processor.py:208} INFO - Processing /home/airflow/.local/lib/python3.12/site-packages/airflow/example_dags/example_trigger_target_dag.py took 0.050 seconds
[2025-01-16T15:47:03.007+0000] {processor.py:186} INFO - Started process (PID=7719) to work on /home/airflow/.local/lib/python3.12/site-packages/airflow/example_dags/example_trigger_target_dag.py
[2025-01-16T15:47:03.008+0000] {processor.py:914} INFO - Processing file /home/airflow/.local/lib/python3.12/site-packages/airflow/example_dags/example_trigger_target_dag.py for tasks to queue
[2025-01-16T15:47:03.009+0000] {logging_mixin.py:190} INFO - [2025-01-16T15:47:03.009+0000] {dagbag.py:588} INFO - Filling up the DagBag from /home/airflow/.local/lib/python3.12/site-packages/airflow/example_dags/example_trigger_target_dag.py
[2025-01-16T15:47:03.016+0000] {processor.py:925} INFO - DAG(s) 'example_trigger_target_dag' retrieved from /home/airflow/.local/lib/python3.12/site-packages/airflow/example_dags/example_trigger_target_dag.py
[2025-01-16T15:47:03.030+0000] {logging_mixin.py:190} INFO - [2025-01-16T15:47:03.030+0000] {dag.py:3239} INFO - Sync 1 DAGs
[2025-01-16T15:47:03.041+0000] {logging_mixin.py:190} INFO - [2025-01-16T15:47:03.041+0000] {dag.py:4180} INFO - Setting next_dagrun for example_trigger_target_dag to None, run_after=None
[2025-01-16T15:47:03.055+0000] {processor.py:208} INFO - Processing /home/airflow/.local/lib/python3.12/site-packages/airflow/example_dags/example_trigger_target_dag.py took 0.053 seconds
[2025-01-16T15:47:33.961+0000] {processor.py:186} INFO - Started process (PID=8015) to work on /home/airflow/.local/lib/python3.12/site-packages/airflow/example_dags/example_trigger_target_dag.py
[2025-01-16T15:47:33.962+0000] {processor.py:914} INFO - Processing file /home/airflow/.local/lib/python3.12/site-packages/airflow/example_dags/example_trigger_target_dag.py for tasks to queue
[2025-01-16T15:47:33.963+0000] {logging_mixin.py:190} INFO - [2025-01-16T15:47:33.963+0000] {dagbag.py:588} INFO - Filling up the DagBag from /home/airflow/.local/lib/python3.12/site-packages/airflow/example_dags/example_trigger_target_dag.py
[2025-01-16T15:47:33.969+0000] {processor.py:925} INFO - DAG(s) 'example_trigger_target_dag' retrieved from /home/airflow/.local/lib/python3.12/site-packages/airflow/example_dags/example_trigger_target_dag.py
[2025-01-16T15:47:33.984+0000] {logging_mixin.py:190} INFO - [2025-01-16T15:47:33.984+0000] {dag.py:3239} INFO - Sync 1 DAGs
[2025-01-16T15:47:33.995+0000] {logging_mixin.py:190} INFO - [2025-01-16T15:47:33.994+0000] {dag.py:4180} INFO - Setting next_dagrun for example_trigger_target_dag to None, run_after=None
[2025-01-16T15:47:34.008+0000] {processor.py:208} INFO - Processing /home/airflow/.local/lib/python3.12/site-packages/airflow/example_dags/example_trigger_target_dag.py took 0.051 seconds
[2025-01-16T15:48:05.391+0000] {processor.py:186} INFO - Started process (PID=8311) to work on /home/airflow/.local/lib/python3.12/site-packages/airflow/example_dags/example_trigger_target_dag.py
[2025-01-16T15:48:05.392+0000] {processor.py:914} INFO - Processing file /home/airflow/.local/lib/python3.12/site-packages/airflow/example_dags/example_trigger_target_dag.py for tasks to queue
[2025-01-16T15:48:05.394+0000] {logging_mixin.py:190} INFO - [2025-01-16T15:48:05.394+0000] {dagbag.py:588} INFO - Filling up the DagBag from /home/airflow/.local/lib/python3.12/site-packages/airflow/example_dags/example_trigger_target_dag.py
[2025-01-16T15:48:05.400+0000] {processor.py:925} INFO - DAG(s) 'example_trigger_target_dag' retrieved from /home/airflow/.local/lib/python3.12/site-packages/airflow/example_dags/example_trigger_target_dag.py
[2025-01-16T15:48:05.414+0000] {logging_mixin.py:190} INFO - [2025-01-16T15:48:05.413+0000] {dag.py:3239} INFO - Sync 1 DAGs
[2025-01-16T15:48:05.425+0000] {logging_mixin.py:190} INFO - [2025-01-16T15:48:05.424+0000] {dag.py:4180} INFO - Setting next_dagrun for example_trigger_target_dag to None, run_after=None
[2025-01-16T15:48:05.437+0000] {processor.py:208} INFO - Processing /home/airflow/.local/lib/python3.12/site-packages/airflow/example_dags/example_trigger_target_dag.py took 0.050 seconds
[2025-01-16T15:48:36.254+0000] {processor.py:186} INFO - Started process (PID=8607) to work on /home/airflow/.local/lib/python3.12/site-packages/airflow/example_dags/example_trigger_target_dag.py
[2025-01-16T15:48:36.255+0000] {processor.py:914} INFO - Processing file /home/airflow/.local/lib/python3.12/site-packages/airflow/example_dags/example_trigger_target_dag.py for tasks to queue
[2025-01-16T15:48:36.257+0000] {logging_mixin.py:190} INFO - [2025-01-16T15:48:36.256+0000] {dagbag.py:588} INFO - Filling up the DagBag from /home/airflow/.local/lib/python3.12/site-packages/airflow/example_dags/example_trigger_target_dag.py
[2025-01-16T15:48:36.262+0000] {processor.py:925} INFO - DAG(s) 'example_trigger_target_dag' retrieved from /home/airflow/.local/lib/python3.12/site-packages/airflow/example_dags/example_trigger_target_dag.py
[2025-01-16T15:48:36.277+0000] {logging_mixin.py:190} INFO - [2025-01-16T15:48:36.277+0000] {dag.py:3239} INFO - Sync 1 DAGs
[2025-01-16T15:48:36.289+0000] {logging_mixin.py:190} INFO - [2025-01-16T15:48:36.289+0000] {dag.py:4180} INFO - Setting next_dagrun for example_trigger_target_dag to None, run_after=None
[2025-01-16T15:48:36.302+0000] {processor.py:208} INFO - Processing /home/airflow/.local/lib/python3.12/site-packages/airflow/example_dags/example_trigger_target_dag.py took 0.052 seconds
[2025-01-16T15:49:08.510+0000] {processor.py:186} INFO - Started process (PID=8908) to work on /home/airflow/.local/lib/python3.12/site-packages/airflow/example_dags/example_trigger_target_dag.py
[2025-01-16T15:49:08.511+0000] {processor.py:914} INFO - Processing file /home/airflow/.local/lib/python3.12/site-packages/airflow/example_dags/example_trigger_target_dag.py for tasks to queue
[2025-01-16T15:49:08.513+0000] {logging_mixin.py:190} INFO - [2025-01-16T15:49:08.513+0000] {dagbag.py:588} INFO - Filling up the DagBag from /home/airflow/.local/lib/python3.12/site-packages/airflow/example_dags/example_trigger_target_dag.py
[2025-01-16T15:49:08.519+0000] {processor.py:925} INFO - DAG(s) 'example_trigger_target_dag' retrieved from /home/airflow/.local/lib/python3.12/site-packages/airflow/example_dags/example_trigger_target_dag.py
[2025-01-16T15:49:08.534+0000] {logging_mixin.py:190} INFO - [2025-01-16T15:49:08.534+0000] {dag.py:3239} INFO - Sync 1 DAGs
[2025-01-16T15:49:08.548+0000] {logging_mixin.py:190} INFO - [2025-01-16T15:49:08.548+0000] {dag.py:4180} INFO - Setting next_dagrun for example_trigger_target_dag to None, run_after=None
[2025-01-16T15:49:08.563+0000] {processor.py:208} INFO - Processing /home/airflow/.local/lib/python3.12/site-packages/airflow/example_dags/example_trigger_target_dag.py took 0.058 seconds
[2025-01-16T15:49:39.241+0000] {processor.py:186} INFO - Started process (PID=9209) to work on /home/airflow/.local/lib/python3.12/site-packages/airflow/example_dags/example_trigger_target_dag.py
[2025-01-16T15:49:39.242+0000] {processor.py:914} INFO - Processing file /home/airflow/.local/lib/python3.12/site-packages/airflow/example_dags/example_trigger_target_dag.py for tasks to queue
[2025-01-16T15:49:39.243+0000] {logging_mixin.py:190} INFO - [2025-01-16T15:49:39.243+0000] {dagbag.py:588} INFO - Filling up the DagBag from /home/airflow/.local/lib/python3.12/site-packages/airflow/example_dags/example_trigger_target_dag.py
[2025-01-16T15:49:39.249+0000] {processor.py:925} INFO - DAG(s) 'example_trigger_target_dag' retrieved from /home/airflow/.local/lib/python3.12/site-packages/airflow/example_dags/example_trigger_target_dag.py
[2025-01-16T15:49:39.264+0000] {logging_mixin.py:190} INFO - [2025-01-16T15:49:39.264+0000] {dag.py:3239} INFO - Sync 1 DAGs
[2025-01-16T15:49:39.275+0000] {logging_mixin.py:190} INFO - [2025-01-16T15:49:39.275+0000] {dag.py:4180} INFO - Setting next_dagrun for example_trigger_target_dag to None, run_after=None
[2025-01-16T15:49:39.290+0000] {processor.py:208} INFO - Processing /home/airflow/.local/lib/python3.12/site-packages/airflow/example_dags/example_trigger_target_dag.py took 0.053 seconds
[2025-01-16T15:50:10.023+0000] {processor.py:186} INFO - Started process (PID=9500) to work on /home/airflow/.local/lib/python3.12/site-packages/airflow/example_dags/example_trigger_target_dag.py
[2025-01-16T15:50:10.027+0000] {processor.py:914} INFO - Processing file /home/airflow/.local/lib/python3.12/site-packages/airflow/example_dags/example_trigger_target_dag.py for tasks to queue
[2025-01-16T15:50:10.030+0000] {logging_mixin.py:190} INFO - [2025-01-16T15:50:10.029+0000] {dagbag.py:588} INFO - Filling up the DagBag from /home/airflow/.local/lib/python3.12/site-packages/airflow/example_dags/example_trigger_target_dag.py
[2025-01-16T15:50:10.036+0000] {processor.py:925} INFO - DAG(s) 'example_trigger_target_dag' retrieved from /home/airflow/.local/lib/python3.12/site-packages/airflow/example_dags/example_trigger_target_dag.py
[2025-01-16T15:50:10.053+0000] {logging_mixin.py:190} INFO - [2025-01-16T15:50:10.053+0000] {dag.py:3239} INFO - Sync 1 DAGs
[2025-01-16T15:50:10.068+0000] {logging_mixin.py:190} INFO - [2025-01-16T15:50:10.068+0000] {dag.py:4180} INFO - Setting next_dagrun for example_trigger_target_dag to None, run_after=None
[2025-01-16T15:50:10.084+0000] {processor.py:208} INFO - Processing /home/airflow/.local/lib/python3.12/site-packages/airflow/example_dags/example_trigger_target_dag.py took 0.066 seconds
[2025-01-16T15:50:41.160+0000] {processor.py:186} INFO - Started process (PID=9798) to work on /home/airflow/.local/lib/python3.12/site-packages/airflow/example_dags/example_trigger_target_dag.py
[2025-01-16T15:50:41.161+0000] {processor.py:914} INFO - Processing file /home/airflow/.local/lib/python3.12/site-packages/airflow/example_dags/example_trigger_target_dag.py for tasks to queue
[2025-01-16T15:50:41.163+0000] {logging_mixin.py:190} INFO - [2025-01-16T15:50:41.163+0000] {dagbag.py:588} INFO - Filling up the DagBag from /home/airflow/.local/lib/python3.12/site-packages/airflow/example_dags/example_trigger_target_dag.py
[2025-01-16T15:50:41.170+0000] {processor.py:925} INFO - DAG(s) 'example_trigger_target_dag' retrieved from /home/airflow/.local/lib/python3.12/site-packages/airflow/example_dags/example_trigger_target_dag.py
[2025-01-16T15:50:41.186+0000] {logging_mixin.py:190} INFO - [2025-01-16T15:50:41.186+0000] {dag.py:3239} INFO - Sync 1 DAGs
[2025-01-16T15:50:41.199+0000] {logging_mixin.py:190} INFO - [2025-01-16T15:50:41.199+0000] {dag.py:4180} INFO - Setting next_dagrun for example_trigger_target_dag to None, run_after=None
[2025-01-16T15:50:41.215+0000] {processor.py:208} INFO - Processing /home/airflow/.local/lib/python3.12/site-packages/airflow/example_dags/example_trigger_target_dag.py took 0.060 seconds
[2025-01-16T15:51:11.871+0000] {processor.py:186} INFO - Started process (PID=10096) to work on /home/airflow/.local/lib/python3.12/site-packages/airflow/example_dags/example_trigger_target_dag.py
[2025-01-16T15:51:11.872+0000] {processor.py:914} INFO - Processing file /home/airflow/.local/lib/python3.12/site-packages/airflow/example_dags/example_trigger_target_dag.py for tasks to queue
[2025-01-16T15:51:11.874+0000] {logging_mixin.py:190} INFO - [2025-01-16T15:51:11.874+0000] {dagbag.py:588} INFO - Filling up the DagBag from /home/airflow/.local/lib/python3.12/site-packages/airflow/example_dags/example_trigger_target_dag.py
[2025-01-16T15:51:11.880+0000] {processor.py:925} INFO - DAG(s) 'example_trigger_target_dag' retrieved from /home/airflow/.local/lib/python3.12/site-packages/airflow/example_dags/example_trigger_target_dag.py
[2025-01-16T15:51:11.896+0000] {logging_mixin.py:190} INFO - [2025-01-16T15:51:11.896+0000] {dag.py:3239} INFO - Sync 1 DAGs
[2025-01-16T15:51:11.908+0000] {logging_mixin.py:190} INFO - [2025-01-16T15:51:11.908+0000] {dag.py:4180} INFO - Setting next_dagrun for example_trigger_target_dag to None, run_after=None
[2025-01-16T15:51:11.924+0000] {processor.py:208} INFO - Processing /home/airflow/.local/lib/python3.12/site-packages/airflow/example_dags/example_trigger_target_dag.py took 0.057 seconds
[2025-01-16T15:51:43.606+0000] {processor.py:186} INFO - Started process (PID=10422) to work on /home/airflow/.local/lib/python3.12/site-packages/airflow/example_dags/example_trigger_target_dag.py
[2025-01-16T15:51:43.607+0000] {processor.py:914} INFO - Processing file /home/airflow/.local/lib/python3.12/site-packages/airflow/example_dags/example_trigger_target_dag.py for tasks to queue
[2025-01-16T15:51:43.608+0000] {logging_mixin.py:190} INFO - [2025-01-16T15:51:43.608+0000] {dagbag.py:588} INFO - Filling up the DagBag from /home/airflow/.local/lib/python3.12/site-packages/airflow/example_dags/example_trigger_target_dag.py
[2025-01-16T15:51:43.616+0000] {processor.py:925} INFO - DAG(s) 'example_trigger_target_dag' retrieved from /home/airflow/.local/lib/python3.12/site-packages/airflow/example_dags/example_trigger_target_dag.py
[2025-01-16T15:51:43.636+0000] {logging_mixin.py:190} INFO - [2025-01-16T15:51:43.635+0000] {dag.py:3239} INFO - Sync 1 DAGs
[2025-01-16T15:51:43.650+0000] {logging_mixin.py:190} INFO - [2025-01-16T15:51:43.649+0000] {dag.py:4180} INFO - Setting next_dagrun for example_trigger_target_dag to None, run_after=None
[2025-01-16T15:51:43.671+0000] {processor.py:208} INFO - Processing /home/airflow/.local/lib/python3.12/site-packages/airflow/example_dags/example_trigger_target_dag.py took 0.070 seconds
[2025-01-16T15:52:14.855+0000] {processor.py:186} INFO - Started process (PID=10720) to work on /home/airflow/.local/lib/python3.12/site-packages/airflow/example_dags/example_trigger_target_dag.py
[2025-01-16T15:52:14.855+0000] {processor.py:914} INFO - Processing file /home/airflow/.local/lib/python3.12/site-packages/airflow/example_dags/example_trigger_target_dag.py for tasks to queue
[2025-01-16T15:52:14.857+0000] {logging_mixin.py:190} INFO - [2025-01-16T15:52:14.857+0000] {dagbag.py:588} INFO - Filling up the DagBag from /home/airflow/.local/lib/python3.12/site-packages/airflow/example_dags/example_trigger_target_dag.py
[2025-01-16T15:52:14.863+0000] {processor.py:925} INFO - DAG(s) 'example_trigger_target_dag' retrieved from /home/airflow/.local/lib/python3.12/site-packages/airflow/example_dags/example_trigger_target_dag.py
[2025-01-16T15:52:14.878+0000] {logging_mixin.py:190} INFO - [2025-01-16T15:52:14.878+0000] {dag.py:3239} INFO - Sync 1 DAGs
[2025-01-16T15:52:14.888+0000] {logging_mixin.py:190} INFO - [2025-01-16T15:52:14.888+0000] {dag.py:4180} INFO - Setting next_dagrun for example_trigger_target_dag to None, run_after=None
[2025-01-16T15:52:14.902+0000] {processor.py:208} INFO - Processing /home/airflow/.local/lib/python3.12/site-packages/airflow/example_dags/example_trigger_target_dag.py took 0.052 seconds
[2025-01-16T15:52:45.835+0000] {processor.py:186} INFO - Started process (PID=11014) to work on /home/airflow/.local/lib/python3.12/site-packages/airflow/example_dags/example_trigger_target_dag.py
[2025-01-16T15:52:45.836+0000] {processor.py:914} INFO - Processing file /home/airflow/.local/lib/python3.12/site-packages/airflow/example_dags/example_trigger_target_dag.py for tasks to queue
[2025-01-16T15:52:45.838+0000] {logging_mixin.py:190} INFO - [2025-01-16T15:52:45.837+0000] {dagbag.py:588} INFO - Filling up the DagBag from /home/airflow/.local/lib/python3.12/site-packages/airflow/example_dags/example_trigger_target_dag.py
[2025-01-16T15:52:45.843+0000] {processor.py:925} INFO - DAG(s) 'example_trigger_target_dag' retrieved from /home/airflow/.local/lib/python3.12/site-packages/airflow/example_dags/example_trigger_target_dag.py
[2025-01-16T15:52:45.858+0000] {logging_mixin.py:190} INFO - [2025-01-16T15:52:45.857+0000] {dag.py:3239} INFO - Sync 1 DAGs
[2025-01-16T15:52:45.868+0000] {logging_mixin.py:190} INFO - [2025-01-16T15:52:45.868+0000] {dag.py:4180} INFO - Setting next_dagrun for example_trigger_target_dag to None, run_after=None
[2025-01-16T15:52:45.881+0000] {processor.py:208} INFO - Processing /home/airflow/.local/lib/python3.12/site-packages/airflow/example_dags/example_trigger_target_dag.py took 0.050 seconds
[2025-01-16T15:53:16.969+0000] {processor.py:186} INFO - Started process (PID=11312) to work on /home/airflow/.local/lib/python3.12/site-packages/airflow/example_dags/example_trigger_target_dag.py
[2025-01-16T15:53:16.970+0000] {processor.py:914} INFO - Processing file /home/airflow/.local/lib/python3.12/site-packages/airflow/example_dags/example_trigger_target_dag.py for tasks to queue
[2025-01-16T15:53:16.972+0000] {logging_mixin.py:190} INFO - [2025-01-16T15:53:16.971+0000] {dagbag.py:588} INFO - Filling up the DagBag from /home/airflow/.local/lib/python3.12/site-packages/airflow/example_dags/example_trigger_target_dag.py
[2025-01-16T15:53:16.978+0000] {processor.py:925} INFO - DAG(s) 'example_trigger_target_dag' retrieved from /home/airflow/.local/lib/python3.12/site-packages/airflow/example_dags/example_trigger_target_dag.py
[2025-01-16T15:53:16.992+0000] {logging_mixin.py:190} INFO - [2025-01-16T15:53:16.992+0000] {dag.py:3239} INFO - Sync 1 DAGs
[2025-01-16T15:53:17.005+0000] {logging_mixin.py:190} INFO - [2025-01-16T15:53:17.005+0000] {dag.py:4180} INFO - Setting next_dagrun for example_trigger_target_dag to None, run_after=None
[2025-01-16T15:53:17.019+0000] {processor.py:208} INFO - Processing /home/airflow/.local/lib/python3.12/site-packages/airflow/example_dags/example_trigger_target_dag.py took 0.054 seconds
[2025-01-16T15:53:47.631+0000] {processor.py:186} INFO - Started process (PID=11606) to work on /home/airflow/.local/lib/python3.12/site-packages/airflow/example_dags/example_trigger_target_dag.py
[2025-01-16T15:53:47.631+0000] {processor.py:914} INFO - Processing file /home/airflow/.local/lib/python3.12/site-packages/airflow/example_dags/example_trigger_target_dag.py for tasks to queue
[2025-01-16T15:53:47.633+0000] {logging_mixin.py:190} INFO - [2025-01-16T15:53:47.633+0000] {dagbag.py:588} INFO - Filling up the DagBag from /home/airflow/.local/lib/python3.12/site-packages/airflow/example_dags/example_trigger_target_dag.py
[2025-01-16T15:53:47.639+0000] {processor.py:925} INFO - DAG(s) 'example_trigger_target_dag' retrieved from /home/airflow/.local/lib/python3.12/site-packages/airflow/example_dags/example_trigger_target_dag.py
[2025-01-16T15:53:47.653+0000] {logging_mixin.py:190} INFO - [2025-01-16T15:53:47.653+0000] {dag.py:3239} INFO - Sync 1 DAGs
[2025-01-16T15:53:47.664+0000] {logging_mixin.py:190} INFO - [2025-01-16T15:53:47.663+0000] {dag.py:4180} INFO - Setting next_dagrun for example_trigger_target_dag to None, run_after=None
[2025-01-16T15:53:47.677+0000] {processor.py:208} INFO - Processing /home/airflow/.local/lib/python3.12/site-packages/airflow/example_dags/example_trigger_target_dag.py took 0.050 seconds
[2025-01-16T15:54:18.334+0000] {processor.py:186} INFO - Started process (PID=11902) to work on /home/airflow/.local/lib/python3.12/site-packages/airflow/example_dags/example_trigger_target_dag.py
[2025-01-16T15:54:18.335+0000] {processor.py:914} INFO - Processing file /home/airflow/.local/lib/python3.12/site-packages/airflow/example_dags/example_trigger_target_dag.py for tasks to queue
[2025-01-16T15:54:18.337+0000] {logging_mixin.py:190} INFO - [2025-01-16T15:54:18.336+0000] {dagbag.py:588} INFO - Filling up the DagBag from /home/airflow/.local/lib/python3.12/site-packages/airflow/example_dags/example_trigger_target_dag.py
[2025-01-16T15:54:18.343+0000] {processor.py:925} INFO - DAG(s) 'example_trigger_target_dag' retrieved from /home/airflow/.local/lib/python3.12/site-packages/airflow/example_dags/example_trigger_target_dag.py
[2025-01-16T15:54:18.357+0000] {logging_mixin.py:190} INFO - [2025-01-16T15:54:18.357+0000] {dag.py:3239} INFO - Sync 1 DAGs
[2025-01-16T15:54:18.368+0000] {logging_mixin.py:190} INFO - [2025-01-16T15:54:18.368+0000] {dag.py:4180} INFO - Setting next_dagrun for example_trigger_target_dag to None, run_after=None
[2025-01-16T15:54:18.381+0000] {processor.py:208} INFO - Processing /home/airflow/.local/lib/python3.12/site-packages/airflow/example_dags/example_trigger_target_dag.py took 0.051 seconds
[2025-01-16T15:54:48.970+0000] {processor.py:186} INFO - Started process (PID=12198) to work on /home/airflow/.local/lib/python3.12/site-packages/airflow/example_dags/example_trigger_target_dag.py
[2025-01-16T15:54:48.971+0000] {processor.py:914} INFO - Processing file /home/airflow/.local/lib/python3.12/site-packages/airflow/example_dags/example_trigger_target_dag.py for tasks to queue
[2025-01-16T15:54:48.972+0000] {logging_mixin.py:190} INFO - [2025-01-16T15:54:48.972+0000] {dagbag.py:588} INFO - Filling up the DagBag from /home/airflow/.local/lib/python3.12/site-packages/airflow/example_dags/example_trigger_target_dag.py
[2025-01-16T15:54:48.978+0000] {processor.py:925} INFO - DAG(s) 'example_trigger_target_dag' retrieved from /home/airflow/.local/lib/python3.12/site-packages/airflow/example_dags/example_trigger_target_dag.py
[2025-01-16T15:54:48.993+0000] {logging_mixin.py:190} INFO - [2025-01-16T15:54:48.992+0000] {dag.py:3239} INFO - Sync 1 DAGs
[2025-01-16T15:54:49.004+0000] {logging_mixin.py:190} INFO - [2025-01-16T15:54:49.003+0000] {dag.py:4180} INFO - Setting next_dagrun for example_trigger_target_dag to None, run_after=None
[2025-01-16T15:54:49.016+0000] {processor.py:208} INFO - Processing /home/airflow/.local/lib/python3.12/site-packages/airflow/example_dags/example_trigger_target_dag.py took 0.051 seconds
[2025-01-16T15:55:19.761+0000] {processor.py:186} INFO - Started process (PID=12496) to work on /home/airflow/.local/lib/python3.12/site-packages/airflow/example_dags/example_trigger_target_dag.py
[2025-01-16T15:55:19.761+0000] {processor.py:914} INFO - Processing file /home/airflow/.local/lib/python3.12/site-packages/airflow/example_dags/example_trigger_target_dag.py for tasks to queue
[2025-01-16T15:55:19.763+0000] {logging_mixin.py:190} INFO - [2025-01-16T15:55:19.763+0000] {dagbag.py:588} INFO - Filling up the DagBag from /home/airflow/.local/lib/python3.12/site-packages/airflow/example_dags/example_trigger_target_dag.py
[2025-01-16T15:55:19.769+0000] {processor.py:925} INFO - DAG(s) 'example_trigger_target_dag' retrieved from /home/airflow/.local/lib/python3.12/site-packages/airflow/example_dags/example_trigger_target_dag.py
[2025-01-16T15:55:19.783+0000] {logging_mixin.py:190} INFO - [2025-01-16T15:55:19.783+0000] {dag.py:3239} INFO - Sync 1 DAGs
[2025-01-16T15:55:19.794+0000] {logging_mixin.py:190} INFO - [2025-01-16T15:55:19.794+0000] {dag.py:4180} INFO - Setting next_dagrun for example_trigger_target_dag to None, run_after=None
[2025-01-16T15:55:19.806+0000] {processor.py:208} INFO - Processing /home/airflow/.local/lib/python3.12/site-packages/airflow/example_dags/example_trigger_target_dag.py took 0.050 seconds
[2025-01-16T15:55:50.432+0000] {processor.py:186} INFO - Started process (PID=12790) to work on /home/airflow/.local/lib/python3.12/site-packages/airflow/example_dags/example_trigger_target_dag.py
[2025-01-16T15:55:50.433+0000] {processor.py:914} INFO - Processing file /home/airflow/.local/lib/python3.12/site-packages/airflow/example_dags/example_trigger_target_dag.py for tasks to queue
[2025-01-16T15:55:50.435+0000] {logging_mixin.py:190} INFO - [2025-01-16T15:55:50.434+0000] {dagbag.py:588} INFO - Filling up the DagBag from /home/airflow/.local/lib/python3.12/site-packages/airflow/example_dags/example_trigger_target_dag.py
[2025-01-16T15:55:50.440+0000] {processor.py:925} INFO - DAG(s) 'example_trigger_target_dag' retrieved from /home/airflow/.local/lib/python3.12/site-packages/airflow/example_dags/example_trigger_target_dag.py
[2025-01-16T15:55:50.455+0000] {logging_mixin.py:190} INFO - [2025-01-16T15:55:50.454+0000] {dag.py:3239} INFO - Sync 1 DAGs
[2025-01-16T15:55:50.465+0000] {logging_mixin.py:190} INFO - [2025-01-16T15:55:50.465+0000] {dag.py:4180} INFO - Setting next_dagrun for example_trigger_target_dag to None, run_after=None
[2025-01-16T15:55:50.478+0000] {processor.py:208} INFO - Processing /home/airflow/.local/lib/python3.12/site-packages/airflow/example_dags/example_trigger_target_dag.py took 0.050 seconds
[2025-01-16T15:56:21.360+0000] {processor.py:186} INFO - Started process (PID=13088) to work on /home/airflow/.local/lib/python3.12/site-packages/airflow/example_dags/example_trigger_target_dag.py
[2025-01-16T15:56:21.361+0000] {processor.py:914} INFO - Processing file /home/airflow/.local/lib/python3.12/site-packages/airflow/example_dags/example_trigger_target_dag.py for tasks to queue
[2025-01-16T15:56:21.363+0000] {logging_mixin.py:190} INFO - [2025-01-16T15:56:21.363+0000] {dagbag.py:588} INFO - Filling up the DagBag from /home/airflow/.local/lib/python3.12/site-packages/airflow/example_dags/example_trigger_target_dag.py
[2025-01-16T15:56:21.368+0000] {processor.py:925} INFO - DAG(s) 'example_trigger_target_dag' retrieved from /home/airflow/.local/lib/python3.12/site-packages/airflow/example_dags/example_trigger_target_dag.py
[2025-01-16T15:56:21.383+0000] {logging_mixin.py:190} INFO - [2025-01-16T15:56:21.383+0000] {dag.py:3239} INFO - Sync 1 DAGs
[2025-01-16T15:56:21.394+0000] {logging_mixin.py:190} INFO - [2025-01-16T15:56:21.394+0000] {dag.py:4180} INFO - Setting next_dagrun for example_trigger_target_dag to None, run_after=None
[2025-01-16T15:56:21.412+0000] {processor.py:208} INFO - Processing /home/airflow/.local/lib/python3.12/site-packages/airflow/example_dags/example_trigger_target_dag.py took 0.056 seconds
[2025-01-16T15:56:52.691+0000] {processor.py:186} INFO - Started process (PID=13387) to work on /home/airflow/.local/lib/python3.12/site-packages/airflow/example_dags/example_trigger_target_dag.py
[2025-01-16T15:56:52.692+0000] {processor.py:914} INFO - Processing file /home/airflow/.local/lib/python3.12/site-packages/airflow/example_dags/example_trigger_target_dag.py for tasks to queue
[2025-01-16T15:56:52.694+0000] {logging_mixin.py:190} INFO - [2025-01-16T15:56:52.693+0000] {dagbag.py:588} INFO - Filling up the DagBag from /home/airflow/.local/lib/python3.12/site-packages/airflow/example_dags/example_trigger_target_dag.py
[2025-01-16T15:56:52.700+0000] {processor.py:925} INFO - DAG(s) 'example_trigger_target_dag' retrieved from /home/airflow/.local/lib/python3.12/site-packages/airflow/example_dags/example_trigger_target_dag.py
[2025-01-16T15:56:52.715+0000] {logging_mixin.py:190} INFO - [2025-01-16T15:56:52.715+0000] {dag.py:3239} INFO - Sync 1 DAGs
[2025-01-16T15:56:52.727+0000] {logging_mixin.py:190} INFO - [2025-01-16T15:56:52.727+0000] {dag.py:4180} INFO - Setting next_dagrun for example_trigger_target_dag to None, run_after=None
[2025-01-16T15:56:52.740+0000] {processor.py:208} INFO - Processing /home/airflow/.local/lib/python3.12/site-packages/airflow/example_dags/example_trigger_target_dag.py took 0.053 seconds
[2025-01-16T15:57:23.718+0000] {processor.py:186} INFO - Started process (PID=13683) to work on /home/airflow/.local/lib/python3.12/site-packages/airflow/example_dags/example_trigger_target_dag.py
[2025-01-16T15:57:23.719+0000] {processor.py:914} INFO - Processing file /home/airflow/.local/lib/python3.12/site-packages/airflow/example_dags/example_trigger_target_dag.py for tasks to queue
[2025-01-16T15:57:23.720+0000] {logging_mixin.py:190} INFO - [2025-01-16T15:57:23.720+0000] {dagbag.py:588} INFO - Filling up the DagBag from /home/airflow/.local/lib/python3.12/site-packages/airflow/example_dags/example_trigger_target_dag.py
[2025-01-16T15:57:23.727+0000] {processor.py:925} INFO - DAG(s) 'example_trigger_target_dag' retrieved from /home/airflow/.local/lib/python3.12/site-packages/airflow/example_dags/example_trigger_target_dag.py
[2025-01-16T15:57:23.742+0000] {logging_mixin.py:190} INFO - [2025-01-16T15:57:23.742+0000] {dag.py:3239} INFO - Sync 1 DAGs
[2025-01-16T15:57:23.752+0000] {logging_mixin.py:190} INFO - [2025-01-16T15:57:23.752+0000] {dag.py:4180} INFO - Setting next_dagrun for example_trigger_target_dag to None, run_after=None
[2025-01-16T15:57:23.765+0000] {processor.py:208} INFO - Processing /home/airflow/.local/lib/python3.12/site-packages/airflow/example_dags/example_trigger_target_dag.py took 0.051 seconds
[2025-01-16T15:57:54.749+0000] {processor.py:186} INFO - Started process (PID=13979) to work on /home/airflow/.local/lib/python3.12/site-packages/airflow/example_dags/example_trigger_target_dag.py
[2025-01-16T15:57:54.750+0000] {processor.py:914} INFO - Processing file /home/airflow/.local/lib/python3.12/site-packages/airflow/example_dags/example_trigger_target_dag.py for tasks to queue
[2025-01-16T15:57:54.752+0000] {logging_mixin.py:190} INFO - [2025-01-16T15:57:54.752+0000] {dagbag.py:588} INFO - Filling up the DagBag from /home/airflow/.local/lib/python3.12/site-packages/airflow/example_dags/example_trigger_target_dag.py
[2025-01-16T15:57:54.758+0000] {processor.py:925} INFO - DAG(s) 'example_trigger_target_dag' retrieved from /home/airflow/.local/lib/python3.12/site-packages/airflow/example_dags/example_trigger_target_dag.py
[2025-01-16T15:57:54.772+0000] {logging_mixin.py:190} INFO - [2025-01-16T15:57:54.772+0000] {dag.py:3239} INFO - Sync 1 DAGs
[2025-01-16T15:57:54.783+0000] {logging_mixin.py:190} INFO - [2025-01-16T15:57:54.783+0000] {dag.py:4180} INFO - Setting next_dagrun for example_trigger_target_dag to None, run_after=None
[2025-01-16T15:57:54.797+0000] {processor.py:208} INFO - Processing /home/airflow/.local/lib/python3.12/site-packages/airflow/example_dags/example_trigger_target_dag.py took 0.052 seconds
[2025-01-16T15:58:26.030+0000] {processor.py:186} INFO - Started process (PID=14275) to work on /home/airflow/.local/lib/python3.12/site-packages/airflow/example_dags/example_trigger_target_dag.py
[2025-01-16T15:58:26.031+0000] {processor.py:914} INFO - Processing file /home/airflow/.local/lib/python3.12/site-packages/airflow/example_dags/example_trigger_target_dag.py for tasks to queue
[2025-01-16T15:58:26.033+0000] {logging_mixin.py:190} INFO - [2025-01-16T15:58:26.032+0000] {dagbag.py:588} INFO - Filling up the DagBag from /home/airflow/.local/lib/python3.12/site-packages/airflow/example_dags/example_trigger_target_dag.py
[2025-01-16T15:58:26.039+0000] {processor.py:925} INFO - DAG(s) 'example_trigger_target_dag' retrieved from /home/airflow/.local/lib/python3.12/site-packages/airflow/example_dags/example_trigger_target_dag.py
[2025-01-16T15:58:26.055+0000] {logging_mixin.py:190} INFO - [2025-01-16T15:58:26.055+0000] {dag.py:3239} INFO - Sync 1 DAGs
[2025-01-16T15:58:26.067+0000] {logging_mixin.py:190} INFO - [2025-01-16T15:58:26.066+0000] {dag.py:4180} INFO - Setting next_dagrun for example_trigger_target_dag to None, run_after=None
[2025-01-16T15:58:26.081+0000] {processor.py:208} INFO - Processing /home/airflow/.local/lib/python3.12/site-packages/airflow/example_dags/example_trigger_target_dag.py took 0.056 seconds
[2025-01-16T15:58:57.224+0000] {processor.py:186} INFO - Started process (PID=14571) to work on /home/airflow/.local/lib/python3.12/site-packages/airflow/example_dags/example_trigger_target_dag.py
[2025-01-16T15:58:57.225+0000] {processor.py:914} INFO - Processing file /home/airflow/.local/lib/python3.12/site-packages/airflow/example_dags/example_trigger_target_dag.py for tasks to queue
[2025-01-16T15:58:57.228+0000] {logging_mixin.py:190} INFO - [2025-01-16T15:58:57.227+0000] {dagbag.py:588} INFO - Filling up the DagBag from /home/airflow/.local/lib/python3.12/site-packages/airflow/example_dags/example_trigger_target_dag.py
[2025-01-16T15:58:57.234+0000] {processor.py:925} INFO - DAG(s) 'example_trigger_target_dag' retrieved from /home/airflow/.local/lib/python3.12/site-packages/airflow/example_dags/example_trigger_target_dag.py
[2025-01-16T15:58:57.251+0000] {logging_mixin.py:190} INFO - [2025-01-16T15:58:57.251+0000] {dag.py:3239} INFO - Sync 1 DAGs
[2025-01-16T15:58:57.264+0000] {logging_mixin.py:190} INFO - [2025-01-16T15:58:57.263+0000] {dag.py:4180} INFO - Setting next_dagrun for example_trigger_target_dag to None, run_after=None
[2025-01-16T15:58:57.279+0000] {processor.py:208} INFO - Processing /home/airflow/.local/lib/python3.12/site-packages/airflow/example_dags/example_trigger_target_dag.py took 0.060 seconds
[2025-01-16T15:59:28.337+0000] {processor.py:186} INFO - Started process (PID=14867) to work on /home/airflow/.local/lib/python3.12/site-packages/airflow/example_dags/example_trigger_target_dag.py
[2025-01-16T15:59:28.338+0000] {processor.py:914} INFO - Processing file /home/airflow/.local/lib/python3.12/site-packages/airflow/example_dags/example_trigger_target_dag.py for tasks to queue
[2025-01-16T15:59:28.339+0000] {logging_mixin.py:190} INFO - [2025-01-16T15:59:28.339+0000] {dagbag.py:588} INFO - Filling up the DagBag from /home/airflow/.local/lib/python3.12/site-packages/airflow/example_dags/example_trigger_target_dag.py
[2025-01-16T15:59:28.346+0000] {processor.py:925} INFO - DAG(s) 'example_trigger_target_dag' retrieved from /home/airflow/.local/lib/python3.12/site-packages/airflow/example_dags/example_trigger_target_dag.py
[2025-01-16T15:59:28.361+0000] {logging_mixin.py:190} INFO - [2025-01-16T15:59:28.360+0000] {dag.py:3239} INFO - Sync 1 DAGs
[2025-01-16T15:59:28.371+0000] {logging_mixin.py:190} INFO - [2025-01-16T15:59:28.371+0000] {dag.py:4180} INFO - Setting next_dagrun for example_trigger_target_dag to None, run_after=None
[2025-01-16T15:59:28.385+0000] {processor.py:208} INFO - Processing /home/airflow/.local/lib/python3.12/site-packages/airflow/example_dags/example_trigger_target_dag.py took 0.052 seconds
[2025-01-16T15:59:59.593+0000] {processor.py:186} INFO - Started process (PID=15163) to work on /home/airflow/.local/lib/python3.12/site-packages/airflow/example_dags/example_trigger_target_dag.py
[2025-01-16T15:59:59.594+0000] {processor.py:914} INFO - Processing file /home/airflow/.local/lib/python3.12/site-packages/airflow/example_dags/example_trigger_target_dag.py for tasks to queue
[2025-01-16T15:59:59.595+0000] {logging_mixin.py:190} INFO - [2025-01-16T15:59:59.595+0000] {dagbag.py:588} INFO - Filling up the DagBag from /home/airflow/.local/lib/python3.12/site-packages/airflow/example_dags/example_trigger_target_dag.py
[2025-01-16T15:59:59.601+0000] {processor.py:925} INFO - DAG(s) 'example_trigger_target_dag' retrieved from /home/airflow/.local/lib/python3.12/site-packages/airflow/example_dags/example_trigger_target_dag.py
[2025-01-16T15:59:59.615+0000] {logging_mixin.py:190} INFO - [2025-01-16T15:59:59.615+0000] {dag.py:3239} INFO - Sync 1 DAGs
[2025-01-16T15:59:59.625+0000] {logging_mixin.py:190} INFO - [2025-01-16T15:59:59.625+0000] {dag.py:4180} INFO - Setting next_dagrun for example_trigger_target_dag to None, run_after=None
[2025-01-16T15:59:59.638+0000] {processor.py:208} INFO - Processing /home/airflow/.local/lib/python3.12/site-packages/airflow/example_dags/example_trigger_target_dag.py took 0.049 seconds
[2025-01-16T16:00:33.000+0000] {processor.py:186} INFO - Started process (PID=15475) to work on /home/airflow/.local/lib/python3.12/site-packages/airflow/example_dags/example_trigger_target_dag.py
[2025-01-16T16:00:33.001+0000] {processor.py:914} INFO - Processing file /home/airflow/.local/lib/python3.12/site-packages/airflow/example_dags/example_trigger_target_dag.py for tasks to queue
[2025-01-16T16:00:33.003+0000] {logging_mixin.py:190} INFO - [2025-01-16T16:00:33.003+0000] {dagbag.py:588} INFO - Filling up the DagBag from /home/airflow/.local/lib/python3.12/site-packages/airflow/example_dags/example_trigger_target_dag.py
[2025-01-16T16:00:33.010+0000] {processor.py:925} INFO - DAG(s) 'example_trigger_target_dag' retrieved from /home/airflow/.local/lib/python3.12/site-packages/airflow/example_dags/example_trigger_target_dag.py
[2025-01-16T16:00:33.028+0000] {logging_mixin.py:190} INFO - [2025-01-16T16:00:33.028+0000] {dag.py:3239} INFO - Sync 1 DAGs
[2025-01-16T16:00:33.041+0000] {logging_mixin.py:190} INFO - [2025-01-16T16:00:33.041+0000] {dag.py:4180} INFO - Setting next_dagrun for example_trigger_target_dag to None, run_after=None
[2025-01-16T16:00:33.059+0000] {processor.py:208} INFO - Processing /home/airflow/.local/lib/python3.12/site-packages/airflow/example_dags/example_trigger_target_dag.py took 0.064 seconds
[2025-01-16T16:01:03.298+0000] {processor.py:186} INFO - Started process (PID=15768) to work on /home/airflow/.local/lib/python3.12/site-packages/airflow/example_dags/example_trigger_target_dag.py
[2025-01-16T16:01:03.299+0000] {processor.py:914} INFO - Processing file /home/airflow/.local/lib/python3.12/site-packages/airflow/example_dags/example_trigger_target_dag.py for tasks to queue
[2025-01-16T16:01:03.300+0000] {logging_mixin.py:190} INFO - [2025-01-16T16:01:03.300+0000] {dagbag.py:588} INFO - Filling up the DagBag from /home/airflow/.local/lib/python3.12/site-packages/airflow/example_dags/example_trigger_target_dag.py
[2025-01-16T16:01:03.306+0000] {processor.py:925} INFO - DAG(s) 'example_trigger_target_dag' retrieved from /home/airflow/.local/lib/python3.12/site-packages/airflow/example_dags/example_trigger_target_dag.py
[2025-01-16T16:01:03.321+0000] {logging_mixin.py:190} INFO - [2025-01-16T16:01:03.321+0000] {dag.py:3239} INFO - Sync 1 DAGs
[2025-01-16T16:01:03.335+0000] {logging_mixin.py:190} INFO - [2025-01-16T16:01:03.335+0000] {dag.py:4180} INFO - Setting next_dagrun for example_trigger_target_dag to None, run_after=None
[2025-01-16T16:01:03.348+0000] {processor.py:208} INFO - Processing /home/airflow/.local/lib/python3.12/site-packages/airflow/example_dags/example_trigger_target_dag.py took 0.055 seconds
[2025-01-16T16:01:33.689+0000] {processor.py:186} INFO - Started process (PID=16064) to work on /home/airflow/.local/lib/python3.12/site-packages/airflow/example_dags/example_trigger_target_dag.py
[2025-01-16T16:01:33.690+0000] {processor.py:914} INFO - Processing file /home/airflow/.local/lib/python3.12/site-packages/airflow/example_dags/example_trigger_target_dag.py for tasks to queue
[2025-01-16T16:01:33.691+0000] {logging_mixin.py:190} INFO - [2025-01-16T16:01:33.691+0000] {dagbag.py:588} INFO - Filling up the DagBag from /home/airflow/.local/lib/python3.12/site-packages/airflow/example_dags/example_trigger_target_dag.py
[2025-01-16T16:01:33.697+0000] {processor.py:925} INFO - DAG(s) 'example_trigger_target_dag' retrieved from /home/airflow/.local/lib/python3.12/site-packages/airflow/example_dags/example_trigger_target_dag.py
[2025-01-16T16:01:33.712+0000] {logging_mixin.py:190} INFO - [2025-01-16T16:01:33.712+0000] {dag.py:3239} INFO - Sync 1 DAGs
[2025-01-16T16:01:33.723+0000] {logging_mixin.py:190} INFO - [2025-01-16T16:01:33.722+0000] {dag.py:4180} INFO - Setting next_dagrun for example_trigger_target_dag to None, run_after=None
[2025-01-16T16:01:33.736+0000] {processor.py:208} INFO - Processing /home/airflow/.local/lib/python3.12/site-packages/airflow/example_dags/example_trigger_target_dag.py took 0.052 seconds
[2025-01-16T16:02:04.484+0000] {processor.py:186} INFO - Started process (PID=16358) to work on /home/airflow/.local/lib/python3.12/site-packages/airflow/example_dags/example_trigger_target_dag.py
[2025-01-16T16:02:04.485+0000] {processor.py:914} INFO - Processing file /home/airflow/.local/lib/python3.12/site-packages/airflow/example_dags/example_trigger_target_dag.py for tasks to queue
[2025-01-16T16:02:04.486+0000] {logging_mixin.py:190} INFO - [2025-01-16T16:02:04.486+0000] {dagbag.py:588} INFO - Filling up the DagBag from /home/airflow/.local/lib/python3.12/site-packages/airflow/example_dags/example_trigger_target_dag.py
[2025-01-16T16:02:04.492+0000] {processor.py:925} INFO - DAG(s) 'example_trigger_target_dag' retrieved from /home/airflow/.local/lib/python3.12/site-packages/airflow/example_dags/example_trigger_target_dag.py
[2025-01-16T16:02:04.507+0000] {logging_mixin.py:190} INFO - [2025-01-16T16:02:04.506+0000] {dag.py:3239} INFO - Sync 1 DAGs
[2025-01-16T16:02:04.518+0000] {logging_mixin.py:190} INFO - [2025-01-16T16:02:04.518+0000] {dag.py:4180} INFO - Setting next_dagrun for example_trigger_target_dag to None, run_after=None
[2025-01-16T16:02:04.532+0000] {processor.py:208} INFO - Processing /home/airflow/.local/lib/python3.12/site-packages/airflow/example_dags/example_trigger_target_dag.py took 0.052 seconds
[2025-01-16T16:02:34.748+0000] {processor.py:186} INFO - Started process (PID=16654) to work on /home/airflow/.local/lib/python3.12/site-packages/airflow/example_dags/example_trigger_target_dag.py
[2025-01-16T16:02:34.749+0000] {processor.py:914} INFO - Processing file /home/airflow/.local/lib/python3.12/site-packages/airflow/example_dags/example_trigger_target_dag.py for tasks to queue
[2025-01-16T16:02:34.752+0000] {logging_mixin.py:190} INFO - [2025-01-16T16:02:34.752+0000] {dagbag.py:588} INFO - Filling up the DagBag from /home/airflow/.local/lib/python3.12/site-packages/airflow/example_dags/example_trigger_target_dag.py
[2025-01-16T16:02:34.758+0000] {processor.py:925} INFO - DAG(s) 'example_trigger_target_dag' retrieved from /home/airflow/.local/lib/python3.12/site-packages/airflow/example_dags/example_trigger_target_dag.py
[2025-01-16T16:02:34.773+0000] {logging_mixin.py:190} INFO - [2025-01-16T16:02:34.772+0000] {dag.py:3239} INFO - Sync 1 DAGs
[2025-01-16T16:02:34.784+0000] {logging_mixin.py:190} INFO - [2025-01-16T16:02:34.784+0000] {dag.py:4180} INFO - Setting next_dagrun for example_trigger_target_dag to None, run_after=None
[2025-01-16T16:02:34.799+0000] {processor.py:208} INFO - Processing /home/airflow/.local/lib/python3.12/site-packages/airflow/example_dags/example_trigger_target_dag.py took 0.055 seconds
[2025-01-16T16:03:05.920+0000] {processor.py:186} INFO - Started process (PID=16970) to work on /home/airflow/.local/lib/python3.12/site-packages/airflow/example_dags/example_trigger_target_dag.py
[2025-01-16T16:03:05.921+0000] {processor.py:914} INFO - Processing file /home/airflow/.local/lib/python3.12/site-packages/airflow/example_dags/example_trigger_target_dag.py for tasks to queue
[2025-01-16T16:03:05.923+0000] {logging_mixin.py:190} INFO - [2025-01-16T16:03:05.923+0000] {dagbag.py:588} INFO - Filling up the DagBag from /home/airflow/.local/lib/python3.12/site-packages/airflow/example_dags/example_trigger_target_dag.py
[2025-01-16T16:03:05.932+0000] {processor.py:925} INFO - DAG(s) 'example_trigger_target_dag' retrieved from /home/airflow/.local/lib/python3.12/site-packages/airflow/example_dags/example_trigger_target_dag.py
[2025-01-16T16:03:05.949+0000] {logging_mixin.py:190} INFO - [2025-01-16T16:03:05.948+0000] {dag.py:3239} INFO - Sync 1 DAGs
[2025-01-16T16:03:05.960+0000] {logging_mixin.py:190} INFO - [2025-01-16T16:03:05.960+0000] {dag.py:4180} INFO - Setting next_dagrun for example_trigger_target_dag to None, run_after=None
[2025-01-16T16:03:05.974+0000] {processor.py:208} INFO - Processing /home/airflow/.local/lib/python3.12/site-packages/airflow/example_dags/example_trigger_target_dag.py took 0.060 seconds
[2025-01-16T16:03:36.510+0000] {processor.py:186} INFO - Started process (PID=17261) to work on /home/airflow/.local/lib/python3.12/site-packages/airflow/example_dags/example_trigger_target_dag.py
[2025-01-16T16:03:36.511+0000] {processor.py:914} INFO - Processing file /home/airflow/.local/lib/python3.12/site-packages/airflow/example_dags/example_trigger_target_dag.py for tasks to queue
[2025-01-16T16:03:36.513+0000] {logging_mixin.py:190} INFO - [2025-01-16T16:03:36.513+0000] {dagbag.py:588} INFO - Filling up the DagBag from /home/airflow/.local/lib/python3.12/site-packages/airflow/example_dags/example_trigger_target_dag.py
[2025-01-16T16:03:36.520+0000] {processor.py:925} INFO - DAG(s) 'example_trigger_target_dag' retrieved from /home/airflow/.local/lib/python3.12/site-packages/airflow/example_dags/example_trigger_target_dag.py
[2025-01-16T16:03:36.535+0000] {logging_mixin.py:190} INFO - [2025-01-16T16:03:36.535+0000] {dag.py:3239} INFO - Sync 1 DAGs
[2025-01-16T16:03:36.546+0000] {logging_mixin.py:190} INFO - [2025-01-16T16:03:36.546+0000] {dag.py:4180} INFO - Setting next_dagrun for example_trigger_target_dag to None, run_after=None
[2025-01-16T16:03:36.560+0000] {processor.py:208} INFO - Processing /home/airflow/.local/lib/python3.12/site-packages/airflow/example_dags/example_trigger_target_dag.py took 0.054 seconds
[2025-01-16T16:04:06.634+0000] {processor.py:186} INFO - Started process (PID=17552) to work on /home/airflow/.local/lib/python3.12/site-packages/airflow/example_dags/example_trigger_target_dag.py
[2025-01-16T16:04:06.635+0000] {processor.py:914} INFO - Processing file /home/airflow/.local/lib/python3.12/site-packages/airflow/example_dags/example_trigger_target_dag.py for tasks to queue
[2025-01-16T16:04:06.637+0000] {logging_mixin.py:190} INFO - [2025-01-16T16:04:06.637+0000] {dagbag.py:588} INFO - Filling up the DagBag from /home/airflow/.local/lib/python3.12/site-packages/airflow/example_dags/example_trigger_target_dag.py
[2025-01-16T16:04:06.644+0000] {processor.py:925} INFO - DAG(s) 'example_trigger_target_dag' retrieved from /home/airflow/.local/lib/python3.12/site-packages/airflow/example_dags/example_trigger_target_dag.py
[2025-01-16T16:04:06.661+0000] {logging_mixin.py:190} INFO - [2025-01-16T16:04:06.661+0000] {dag.py:3239} INFO - Sync 1 DAGs
[2025-01-16T16:04:06.673+0000] {logging_mixin.py:190} INFO - [2025-01-16T16:04:06.672+0000] {dag.py:4180} INFO - Setting next_dagrun for example_trigger_target_dag to None, run_after=None
[2025-01-16T16:04:06.687+0000] {processor.py:208} INFO - Processing /home/airflow/.local/lib/python3.12/site-packages/airflow/example_dags/example_trigger_target_dag.py took 0.058 seconds
[2025-01-16T16:04:37.002+0000] {processor.py:186} INFO - Started process (PID=17848) to work on /home/airflow/.local/lib/python3.12/site-packages/airflow/example_dags/example_trigger_target_dag.py
[2025-01-16T16:04:37.003+0000] {processor.py:914} INFO - Processing file /home/airflow/.local/lib/python3.12/site-packages/airflow/example_dags/example_trigger_target_dag.py for tasks to queue
[2025-01-16T16:04:37.005+0000] {logging_mixin.py:190} INFO - [2025-01-16T16:04:37.004+0000] {dagbag.py:588} INFO - Filling up the DagBag from /home/airflow/.local/lib/python3.12/site-packages/airflow/example_dags/example_trigger_target_dag.py
[2025-01-16T16:04:37.010+0000] {processor.py:925} INFO - DAG(s) 'example_trigger_target_dag' retrieved from /home/airflow/.local/lib/python3.12/site-packages/airflow/example_dags/example_trigger_target_dag.py
[2025-01-16T16:04:37.025+0000] {logging_mixin.py:190} INFO - [2025-01-16T16:04:37.025+0000] {dag.py:3239} INFO - Sync 1 DAGs
[2025-01-16T16:04:37.036+0000] {logging_mixin.py:190} INFO - [2025-01-16T16:04:37.036+0000] {dag.py:4180} INFO - Setting next_dagrun for example_trigger_target_dag to None, run_after=None
[2025-01-16T16:04:37.205+0000] {processor.py:208} INFO - Processing /home/airflow/.local/lib/python3.12/site-packages/airflow/example_dags/example_trigger_target_dag.py took 0.207 seconds
[2025-01-16T16:05:07.726+0000] {processor.py:186} INFO - Started process (PID=18144) to work on /home/airflow/.local/lib/python3.12/site-packages/airflow/example_dags/example_trigger_target_dag.py
[2025-01-16T16:05:07.727+0000] {processor.py:914} INFO - Processing file /home/airflow/.local/lib/python3.12/site-packages/airflow/example_dags/example_trigger_target_dag.py for tasks to queue
[2025-01-16T16:05:07.728+0000] {logging_mixin.py:190} INFO - [2025-01-16T16:05:07.728+0000] {dagbag.py:588} INFO - Filling up the DagBag from /home/airflow/.local/lib/python3.12/site-packages/airflow/example_dags/example_trigger_target_dag.py
[2025-01-16T16:05:07.734+0000] {processor.py:925} INFO - DAG(s) 'example_trigger_target_dag' retrieved from /home/airflow/.local/lib/python3.12/site-packages/airflow/example_dags/example_trigger_target_dag.py
[2025-01-16T16:05:07.750+0000] {logging_mixin.py:190} INFO - [2025-01-16T16:05:07.750+0000] {dag.py:3239} INFO - Sync 1 DAGs
[2025-01-16T16:05:07.762+0000] {logging_mixin.py:190} INFO - [2025-01-16T16:05:07.761+0000] {dag.py:4180} INFO - Setting next_dagrun for example_trigger_target_dag to None, run_after=None
[2025-01-16T16:05:07.776+0000] {processor.py:208} INFO - Processing /home/airflow/.local/lib/python3.12/site-packages/airflow/example_dags/example_trigger_target_dag.py took 0.055 seconds
[2025-01-16T16:05:38.349+0000] {processor.py:186} INFO - Started process (PID=18442) to work on /home/airflow/.local/lib/python3.12/site-packages/airflow/example_dags/example_trigger_target_dag.py
[2025-01-16T16:05:38.350+0000] {processor.py:914} INFO - Processing file /home/airflow/.local/lib/python3.12/site-packages/airflow/example_dags/example_trigger_target_dag.py for tasks to queue
[2025-01-16T16:05:38.351+0000] {logging_mixin.py:190} INFO - [2025-01-16T16:05:38.351+0000] {dagbag.py:588} INFO - Filling up the DagBag from /home/airflow/.local/lib/python3.12/site-packages/airflow/example_dags/example_trigger_target_dag.py
[2025-01-16T16:05:38.357+0000] {processor.py:925} INFO - DAG(s) 'example_trigger_target_dag' retrieved from /home/airflow/.local/lib/python3.12/site-packages/airflow/example_dags/example_trigger_target_dag.py
[2025-01-16T16:05:38.370+0000] {logging_mixin.py:190} INFO - [2025-01-16T16:05:38.370+0000] {dag.py:3239} INFO - Sync 1 DAGs
[2025-01-16T16:05:38.381+0000] {logging_mixin.py:190} INFO - [2025-01-16T16:05:38.381+0000] {dag.py:4180} INFO - Setting next_dagrun for example_trigger_target_dag to None, run_after=None
[2025-01-16T16:05:38.394+0000] {processor.py:208} INFO - Processing /home/airflow/.local/lib/python3.12/site-packages/airflow/example_dags/example_trigger_target_dag.py took 0.049 seconds
[2025-01-16T16:06:08.808+0000] {processor.py:186} INFO - Started process (PID=18736) to work on /home/airflow/.local/lib/python3.12/site-packages/airflow/example_dags/example_trigger_target_dag.py
[2025-01-16T16:06:08.808+0000] {processor.py:914} INFO - Processing file /home/airflow/.local/lib/python3.12/site-packages/airflow/example_dags/example_trigger_target_dag.py for tasks to queue
[2025-01-16T16:06:08.809+0000] {logging_mixin.py:190} INFO - [2025-01-16T16:06:08.809+0000] {dagbag.py:588} INFO - Filling up the DagBag from /home/airflow/.local/lib/python3.12/site-packages/airflow/example_dags/example_trigger_target_dag.py
[2025-01-16T16:06:08.815+0000] {processor.py:925} INFO - DAG(s) 'example_trigger_target_dag' retrieved from /home/airflow/.local/lib/python3.12/site-packages/airflow/example_dags/example_trigger_target_dag.py
[2025-01-16T16:06:08.830+0000] {logging_mixin.py:190} INFO - [2025-01-16T16:06:08.830+0000] {dag.py:3239} INFO - Sync 1 DAGs
[2025-01-16T16:06:08.841+0000] {logging_mixin.py:190} INFO - [2025-01-16T16:06:08.840+0000] {dag.py:4180} INFO - Setting next_dagrun for example_trigger_target_dag to None, run_after=None
[2025-01-16T16:06:08.853+0000] {processor.py:208} INFO - Processing /home/airflow/.local/lib/python3.12/site-packages/airflow/example_dags/example_trigger_target_dag.py took 0.050 seconds
[2025-01-16T16:06:39.773+0000] {processor.py:186} INFO - Started process (PID=19032) to work on /home/airflow/.local/lib/python3.12/site-packages/airflow/example_dags/example_trigger_target_dag.py
[2025-01-16T16:06:39.774+0000] {processor.py:914} INFO - Processing file /home/airflow/.local/lib/python3.12/site-packages/airflow/example_dags/example_trigger_target_dag.py for tasks to queue
[2025-01-16T16:06:39.775+0000] {logging_mixin.py:190} INFO - [2025-01-16T16:06:39.774+0000] {dagbag.py:588} INFO - Filling up the DagBag from /home/airflow/.local/lib/python3.12/site-packages/airflow/example_dags/example_trigger_target_dag.py
[2025-01-16T16:06:39.780+0000] {processor.py:925} INFO - DAG(s) 'example_trigger_target_dag' retrieved from /home/airflow/.local/lib/python3.12/site-packages/airflow/example_dags/example_trigger_target_dag.py
[2025-01-16T16:06:39.948+0000] {logging_mixin.py:190} INFO - [2025-01-16T16:06:39.948+0000] {dag.py:3239} INFO - Sync 1 DAGs
[2025-01-16T16:06:39.957+0000] {logging_mixin.py:190} INFO - [2025-01-16T16:06:39.956+0000] {dag.py:4180} INFO - Setting next_dagrun for example_trigger_target_dag to None, run_after=None
[2025-01-16T16:06:39.968+0000] {processor.py:208} INFO - Processing /home/airflow/.local/lib/python3.12/site-packages/airflow/example_dags/example_trigger_target_dag.py took 0.200 seconds
[2025-01-16T16:07:10.204+0000] {processor.py:186} INFO - Started process (PID=19330) to work on /home/airflow/.local/lib/python3.12/site-packages/airflow/example_dags/example_trigger_target_dag.py
[2025-01-16T16:07:10.205+0000] {processor.py:914} INFO - Processing file /home/airflow/.local/lib/python3.12/site-packages/airflow/example_dags/example_trigger_target_dag.py for tasks to queue
[2025-01-16T16:07:10.206+0000] {logging_mixin.py:190} INFO - [2025-01-16T16:07:10.206+0000] {dagbag.py:588} INFO - Filling up the DagBag from /home/airflow/.local/lib/python3.12/site-packages/airflow/example_dags/example_trigger_target_dag.py
[2025-01-16T16:07:10.213+0000] {processor.py:925} INFO - DAG(s) 'example_trigger_target_dag' retrieved from /home/airflow/.local/lib/python3.12/site-packages/airflow/example_dags/example_trigger_target_dag.py
[2025-01-16T16:07:10.231+0000] {logging_mixin.py:190} INFO - [2025-01-16T16:07:10.230+0000] {dag.py:3239} INFO - Sync 1 DAGs
[2025-01-16T16:07:10.243+0000] {logging_mixin.py:190} INFO - [2025-01-16T16:07:10.243+0000] {dag.py:4180} INFO - Setting next_dagrun for example_trigger_target_dag to None, run_after=None
[2025-01-16T16:07:10.261+0000] {processor.py:208} INFO - Processing /home/airflow/.local/lib/python3.12/site-packages/airflow/example_dags/example_trigger_target_dag.py took 0.063 seconds
[2025-01-16T16:07:41.336+0000] {processor.py:186} INFO - Started process (PID=19626) to work on /home/airflow/.local/lib/python3.12/site-packages/airflow/example_dags/example_trigger_target_dag.py
[2025-01-16T16:07:41.337+0000] {processor.py:914} INFO - Processing file /home/airflow/.local/lib/python3.12/site-packages/airflow/example_dags/example_trigger_target_dag.py for tasks to queue
[2025-01-16T16:07:41.338+0000] {logging_mixin.py:190} INFO - [2025-01-16T16:07:41.338+0000] {dagbag.py:588} INFO - Filling up the DagBag from /home/airflow/.local/lib/python3.12/site-packages/airflow/example_dags/example_trigger_target_dag.py
[2025-01-16T16:07:41.350+0000] {processor.py:925} INFO - DAG(s) 'example_trigger_target_dag' retrieved from /home/airflow/.local/lib/python3.12/site-packages/airflow/example_dags/example_trigger_target_dag.py
[2025-01-16T16:07:41.368+0000] {logging_mixin.py:190} INFO - [2025-01-16T16:07:41.368+0000] {dag.py:3239} INFO - Sync 1 DAGs
[2025-01-16T16:07:41.382+0000] {logging_mixin.py:190} INFO - [2025-01-16T16:07:41.382+0000] {dag.py:4180} INFO - Setting next_dagrun for example_trigger_target_dag to None, run_after=None
[2025-01-16T16:07:41.396+0000] {processor.py:208} INFO - Processing /home/airflow/.local/lib/python3.12/site-packages/airflow/example_dags/example_trigger_target_dag.py took 0.066 seconds
[2025-01-16T16:08:11.724+0000] {processor.py:186} INFO - Started process (PID=19920) to work on /home/airflow/.local/lib/python3.12/site-packages/airflow/example_dags/example_trigger_target_dag.py
[2025-01-16T16:08:11.724+0000] {processor.py:914} INFO - Processing file /home/airflow/.local/lib/python3.12/site-packages/airflow/example_dags/example_trigger_target_dag.py for tasks to queue
[2025-01-16T16:08:11.725+0000] {logging_mixin.py:190} INFO - [2025-01-16T16:08:11.725+0000] {dagbag.py:588} INFO - Filling up the DagBag from /home/airflow/.local/lib/python3.12/site-packages/airflow/example_dags/example_trigger_target_dag.py
[2025-01-16T16:08:11.731+0000] {processor.py:925} INFO - DAG(s) 'example_trigger_target_dag' retrieved from /home/airflow/.local/lib/python3.12/site-packages/airflow/example_dags/example_trigger_target_dag.py
[2025-01-16T16:08:11.746+0000] {logging_mixin.py:190} INFO - [2025-01-16T16:08:11.746+0000] {dag.py:3239} INFO - Sync 1 DAGs
[2025-01-16T16:08:11.757+0000] {logging_mixin.py:190} INFO - [2025-01-16T16:08:11.756+0000] {dag.py:4180} INFO - Setting next_dagrun for example_trigger_target_dag to None, run_after=None
[2025-01-16T16:08:11.770+0000] {processor.py:208} INFO - Processing /home/airflow/.local/lib/python3.12/site-packages/airflow/example_dags/example_trigger_target_dag.py took 0.051 seconds
