[2025-01-16T15:34:06.857+0000] {processor.py:186} INFO - Started process (PID=397) to work on /home/airflow/.local/lib/python3.12/site-packages/airflow/example_dags/tutorial.py
[2025-01-16T15:34:06.858+0000] {processor.py:914} INFO - Processing file /home/airflow/.local/lib/python3.12/site-packages/airflow/example_dags/tutorial.py for tasks to queue
[2025-01-16T15:34:06.860+0000] {logging_mixin.py:190} INFO - [2025-01-16T15:34:06.860+0000] {dagbag.py:588} INFO - Filling up the DagBag from /home/airflow/.local/lib/python3.12/site-packages/airflow/example_dags/tutorial.py
[2025-01-16T15:34:06.866+0000] {processor.py:925} INFO - DAG(s) 'tutorial' retrieved from /home/airflow/.local/lib/python3.12/site-packages/airflow/example_dags/tutorial.py
[2025-01-16T15:34:06.943+0000] {logging_mixin.py:190} INFO - [2025-01-16T15:34:06.942+0000] {override.py:1911} INFO - Created Permission View: can edit on DAG:tutorial
[2025-01-16T15:34:06.951+0000] {logging_mixin.py:190} INFO - [2025-01-16T15:34:06.951+0000] {override.py:1911} INFO - Created Permission View: can delete on DAG:tutorial
[2025-01-16T15:34:06.956+0000] {logging_mixin.py:190} INFO - [2025-01-16T15:34:06.955+0000] {override.py:1911} INFO - Created Permission View: can read on DAG:tutorial
[2025-01-16T15:34:06.961+0000] {logging_mixin.py:190} INFO - [2025-01-16T15:34:06.961+0000] {override.py:1911} INFO - Created Permission View: can create on DAG Run:tutorial
[2025-01-16T15:34:06.966+0000] {logging_mixin.py:190} INFO - [2025-01-16T15:34:06.966+0000] {override.py:1911} INFO - Created Permission View: can delete on DAG Run:tutorial
[2025-01-16T15:34:06.971+0000] {logging_mixin.py:190} INFO - [2025-01-16T15:34:06.971+0000] {override.py:1911} INFO - Created Permission View: menu access on DAG Run:tutorial
[2025-01-16T15:34:06.977+0000] {logging_mixin.py:190} INFO - [2025-01-16T15:34:06.977+0000] {override.py:1911} INFO - Created Permission View: can read on DAG Run:tutorial
[2025-01-16T15:34:06.977+0000] {logging_mixin.py:190} INFO - [2025-01-16T15:34:06.977+0000] {dag.py:3239} INFO - Sync 1 DAGs
[2025-01-16T15:34:06.989+0000] {logging_mixin.py:190} INFO - [2025-01-16T15:34:06.989+0000] {dag.py:3262} INFO - Creating ORM DAG for tutorial
[2025-01-16T15:34:06.996+0000] {logging_mixin.py:190} INFO - [2025-01-16T15:34:06.996+0000] {dag.py:4180} INFO - Setting next_dagrun for tutorial to 2025-01-15 00:00:00+00:00, run_after=2025-01-16 00:00:00+00:00
[2025-01-16T15:34:07.009+0000] {processor.py:208} INFO - Processing /home/airflow/.local/lib/python3.12/site-packages/airflow/example_dags/tutorial.py took 0.156 seconds
[2025-01-16T15:34:38.047+0000] {processor.py:186} INFO - Started process (PID=693) to work on /home/airflow/.local/lib/python3.12/site-packages/airflow/example_dags/tutorial.py
[2025-01-16T15:34:38.053+0000] {processor.py:914} INFO - Processing file /home/airflow/.local/lib/python3.12/site-packages/airflow/example_dags/tutorial.py for tasks to queue
[2025-01-16T15:34:38.059+0000] {logging_mixin.py:190} INFO - [2025-01-16T15:34:38.058+0000] {dagbag.py:588} INFO - Filling up the DagBag from /home/airflow/.local/lib/python3.12/site-packages/airflow/example_dags/tutorial.py
[2025-01-16T15:34:38.075+0000] {processor.py:925} INFO - DAG(s) 'tutorial' retrieved from /home/airflow/.local/lib/python3.12/site-packages/airflow/example_dags/tutorial.py
[2025-01-16T15:34:38.116+0000] {logging_mixin.py:190} INFO - [2025-01-16T15:34:38.115+0000] {dag.py:3239} INFO - Sync 1 DAGs
[2025-01-16T15:34:38.174+0000] {logging_mixin.py:190} INFO - [2025-01-16T15:34:38.174+0000] {dag.py:4180} INFO - Setting next_dagrun for tutorial to 2025-01-15 00:00:00+00:00, run_after=2025-01-16 00:00:00+00:00
[2025-01-16T15:34:38.225+0000] {processor.py:208} INFO - Processing /home/airflow/.local/lib/python3.12/site-packages/airflow/example_dags/tutorial.py took 0.192 seconds
[2025-01-16T15:35:08.987+0000] {processor.py:186} INFO - Started process (PID=990) to work on /home/airflow/.local/lib/python3.12/site-packages/airflow/example_dags/tutorial.py
[2025-01-16T15:35:08.988+0000] {processor.py:914} INFO - Processing file /home/airflow/.local/lib/python3.12/site-packages/airflow/example_dags/tutorial.py for tasks to queue
[2025-01-16T15:35:08.990+0000] {logging_mixin.py:190} INFO - [2025-01-16T15:35:08.990+0000] {dagbag.py:588} INFO - Filling up the DagBag from /home/airflow/.local/lib/python3.12/site-packages/airflow/example_dags/tutorial.py
[2025-01-16T15:35:08.996+0000] {processor.py:925} INFO - DAG(s) 'tutorial' retrieved from /home/airflow/.local/lib/python3.12/site-packages/airflow/example_dags/tutorial.py
[2025-01-16T15:35:09.012+0000] {logging_mixin.py:190} INFO - [2025-01-16T15:35:09.012+0000] {dag.py:3239} INFO - Sync 1 DAGs
[2025-01-16T15:35:09.031+0000] {logging_mixin.py:190} INFO - [2025-01-16T15:35:09.031+0000] {dag.py:4180} INFO - Setting next_dagrun for tutorial to 2025-01-15 00:00:00+00:00, run_after=2025-01-16 00:00:00+00:00
[2025-01-16T15:35:09.046+0000] {processor.py:208} INFO - Processing /home/airflow/.local/lib/python3.12/site-packages/airflow/example_dags/tutorial.py took 0.063 seconds
[2025-01-16T15:35:39.105+0000] {processor.py:186} INFO - Started process (PID=1283) to work on /home/airflow/.local/lib/python3.12/site-packages/airflow/example_dags/tutorial.py
[2025-01-16T15:35:39.106+0000] {processor.py:914} INFO - Processing file /home/airflow/.local/lib/python3.12/site-packages/airflow/example_dags/tutorial.py for tasks to queue
[2025-01-16T15:35:39.107+0000] {logging_mixin.py:190} INFO - [2025-01-16T15:35:39.107+0000] {dagbag.py:588} INFO - Filling up the DagBag from /home/airflow/.local/lib/python3.12/site-packages/airflow/example_dags/tutorial.py
[2025-01-16T15:35:39.113+0000] {processor.py:925} INFO - DAG(s) 'tutorial' retrieved from /home/airflow/.local/lib/python3.12/site-packages/airflow/example_dags/tutorial.py
[2025-01-16T15:35:39.128+0000] {logging_mixin.py:190} INFO - [2025-01-16T15:35:39.127+0000] {dag.py:3239} INFO - Sync 1 DAGs
[2025-01-16T15:35:39.144+0000] {logging_mixin.py:190} INFO - [2025-01-16T15:35:39.144+0000] {dag.py:4180} INFO - Setting next_dagrun for tutorial to 2025-01-15 00:00:00+00:00, run_after=2025-01-16 00:00:00+00:00
[2025-01-16T15:35:39.157+0000] {processor.py:208} INFO - Processing /home/airflow/.local/lib/python3.12/site-packages/airflow/example_dags/tutorial.py took 0.057 seconds
[2025-01-16T15:36:09.940+0000] {processor.py:186} INFO - Started process (PID=1579) to work on /home/airflow/.local/lib/python3.12/site-packages/airflow/example_dags/tutorial.py
[2025-01-16T15:36:09.941+0000] {processor.py:914} INFO - Processing file /home/airflow/.local/lib/python3.12/site-packages/airflow/example_dags/tutorial.py for tasks to queue
[2025-01-16T15:36:09.943+0000] {logging_mixin.py:190} INFO - [2025-01-16T15:36:09.942+0000] {dagbag.py:588} INFO - Filling up the DagBag from /home/airflow/.local/lib/python3.12/site-packages/airflow/example_dags/tutorial.py
[2025-01-16T15:36:09.951+0000] {processor.py:925} INFO - DAG(s) 'tutorial' retrieved from /home/airflow/.local/lib/python3.12/site-packages/airflow/example_dags/tutorial.py
[2025-01-16T15:36:09.968+0000] {logging_mixin.py:190} INFO - [2025-01-16T15:36:09.968+0000] {dag.py:3239} INFO - Sync 1 DAGs
[2025-01-16T15:36:09.987+0000] {logging_mixin.py:190} INFO - [2025-01-16T15:36:09.987+0000] {dag.py:4180} INFO - Setting next_dagrun for tutorial to 2025-01-15 00:00:00+00:00, run_after=2025-01-16 00:00:00+00:00
[2025-01-16T15:36:10.003+0000] {processor.py:208} INFO - Processing /home/airflow/.local/lib/python3.12/site-packages/airflow/example_dags/tutorial.py took 0.068 seconds
[2025-01-16T15:36:40.933+0000] {processor.py:186} INFO - Started process (PID=1875) to work on /home/airflow/.local/lib/python3.12/site-packages/airflow/example_dags/tutorial.py
[2025-01-16T15:36:40.934+0000] {processor.py:914} INFO - Processing file /home/airflow/.local/lib/python3.12/site-packages/airflow/example_dags/tutorial.py for tasks to queue
[2025-01-16T15:36:40.936+0000] {logging_mixin.py:190} INFO - [2025-01-16T15:36:40.936+0000] {dagbag.py:588} INFO - Filling up the DagBag from /home/airflow/.local/lib/python3.12/site-packages/airflow/example_dags/tutorial.py
[2025-01-16T15:36:40.942+0000] {processor.py:925} INFO - DAG(s) 'tutorial' retrieved from /home/airflow/.local/lib/python3.12/site-packages/airflow/example_dags/tutorial.py
[2025-01-16T15:36:40.957+0000] {logging_mixin.py:190} INFO - [2025-01-16T15:36:40.957+0000] {dag.py:3239} INFO - Sync 1 DAGs
[2025-01-16T15:36:40.975+0000] {logging_mixin.py:190} INFO - [2025-01-16T15:36:40.975+0000] {dag.py:4180} INFO - Setting next_dagrun for tutorial to 2025-01-15 00:00:00+00:00, run_after=2025-01-16 00:00:00+00:00
[2025-01-16T15:36:40.991+0000] {processor.py:208} INFO - Processing /home/airflow/.local/lib/python3.12/site-packages/airflow/example_dags/tutorial.py took 0.062 seconds
[2025-01-16T15:37:11.580+0000] {processor.py:186} INFO - Started process (PID=2169) to work on /home/airflow/.local/lib/python3.12/site-packages/airflow/example_dags/tutorial.py
[2025-01-16T15:37:11.581+0000] {processor.py:914} INFO - Processing file /home/airflow/.local/lib/python3.12/site-packages/airflow/example_dags/tutorial.py for tasks to queue
[2025-01-16T15:37:11.583+0000] {logging_mixin.py:190} INFO - [2025-01-16T15:37:11.582+0000] {dagbag.py:588} INFO - Filling up the DagBag from /home/airflow/.local/lib/python3.12/site-packages/airflow/example_dags/tutorial.py
[2025-01-16T15:37:11.588+0000] {processor.py:925} INFO - DAG(s) 'tutorial' retrieved from /home/airflow/.local/lib/python3.12/site-packages/airflow/example_dags/tutorial.py
[2025-01-16T15:37:11.603+0000] {logging_mixin.py:190} INFO - [2025-01-16T15:37:11.603+0000] {dag.py:3239} INFO - Sync 1 DAGs
[2025-01-16T15:37:11.621+0000] {logging_mixin.py:190} INFO - [2025-01-16T15:37:11.621+0000] {dag.py:4180} INFO - Setting next_dagrun for tutorial to 2025-01-15 00:00:00+00:00, run_after=2025-01-16 00:00:00+00:00
[2025-01-16T15:37:11.637+0000] {processor.py:208} INFO - Processing /home/airflow/.local/lib/python3.12/site-packages/airflow/example_dags/tutorial.py took 0.061 seconds
[2025-01-16T15:37:42.429+0000] {processor.py:186} INFO - Started process (PID=2467) to work on /home/airflow/.local/lib/python3.12/site-packages/airflow/example_dags/tutorial.py
[2025-01-16T15:37:42.430+0000] {processor.py:914} INFO - Processing file /home/airflow/.local/lib/python3.12/site-packages/airflow/example_dags/tutorial.py for tasks to queue
[2025-01-16T15:37:42.432+0000] {logging_mixin.py:190} INFO - [2025-01-16T15:37:42.431+0000] {dagbag.py:588} INFO - Filling up the DagBag from /home/airflow/.local/lib/python3.12/site-packages/airflow/example_dags/tutorial.py
[2025-01-16T15:37:42.438+0000] {processor.py:925} INFO - DAG(s) 'tutorial' retrieved from /home/airflow/.local/lib/python3.12/site-packages/airflow/example_dags/tutorial.py
[2025-01-16T15:37:42.454+0000] {logging_mixin.py:190} INFO - [2025-01-16T15:37:42.454+0000] {dag.py:3239} INFO - Sync 1 DAGs
[2025-01-16T15:37:42.473+0000] {logging_mixin.py:190} INFO - [2025-01-16T15:37:42.473+0000] {dag.py:4180} INFO - Setting next_dagrun for tutorial to 2025-01-15 00:00:00+00:00, run_after=2025-01-16 00:00:00+00:00
[2025-01-16T15:37:42.487+0000] {processor.py:208} INFO - Processing /home/airflow/.local/lib/python3.12/site-packages/airflow/example_dags/tutorial.py took 0.063 seconds
[2025-01-16T15:38:13.056+0000] {processor.py:186} INFO - Started process (PID=2761) to work on /home/airflow/.local/lib/python3.12/site-packages/airflow/example_dags/tutorial.py
[2025-01-16T15:38:13.057+0000] {processor.py:914} INFO - Processing file /home/airflow/.local/lib/python3.12/site-packages/airflow/example_dags/tutorial.py for tasks to queue
[2025-01-16T15:38:13.059+0000] {logging_mixin.py:190} INFO - [2025-01-16T15:38:13.059+0000] {dagbag.py:588} INFO - Filling up the DagBag from /home/airflow/.local/lib/python3.12/site-packages/airflow/example_dags/tutorial.py
[2025-01-16T15:38:13.072+0000] {processor.py:925} INFO - DAG(s) 'tutorial' retrieved from /home/airflow/.local/lib/python3.12/site-packages/airflow/example_dags/tutorial.py
[2025-01-16T15:38:13.118+0000] {logging_mixin.py:190} INFO - [2025-01-16T15:38:13.117+0000] {dag.py:3239} INFO - Sync 1 DAGs
[2025-01-16T15:38:13.160+0000] {logging_mixin.py:190} INFO - [2025-01-16T15:38:13.159+0000] {dag.py:4180} INFO - Setting next_dagrun for tutorial to 2025-01-15 00:00:00+00:00, run_after=2025-01-16 00:00:00+00:00
[2025-01-16T15:38:13.190+0000] {processor.py:208} INFO - Processing /home/airflow/.local/lib/python3.12/site-packages/airflow/example_dags/tutorial.py took 0.142 seconds
[2025-01-16T15:38:44.470+0000] {processor.py:186} INFO - Started process (PID=3057) to work on /home/airflow/.local/lib/python3.12/site-packages/airflow/example_dags/tutorial.py
[2025-01-16T15:38:44.470+0000] {processor.py:914} INFO - Processing file /home/airflow/.local/lib/python3.12/site-packages/airflow/example_dags/tutorial.py for tasks to queue
[2025-01-16T15:38:44.472+0000] {logging_mixin.py:190} INFO - [2025-01-16T15:38:44.472+0000] {dagbag.py:588} INFO - Filling up the DagBag from /home/airflow/.local/lib/python3.12/site-packages/airflow/example_dags/tutorial.py
[2025-01-16T15:38:44.478+0000] {processor.py:925} INFO - DAG(s) 'tutorial' retrieved from /home/airflow/.local/lib/python3.12/site-packages/airflow/example_dags/tutorial.py
[2025-01-16T15:38:44.493+0000] {logging_mixin.py:190} INFO - [2025-01-16T15:38:44.493+0000] {dag.py:3239} INFO - Sync 1 DAGs
[2025-01-16T15:38:44.511+0000] {logging_mixin.py:190} INFO - [2025-01-16T15:38:44.510+0000] {dag.py:4180} INFO - Setting next_dagrun for tutorial to 2025-01-15 00:00:00+00:00, run_after=2025-01-16 00:00:00+00:00
[2025-01-16T15:38:44.525+0000] {processor.py:208} INFO - Processing /home/airflow/.local/lib/python3.12/site-packages/airflow/example_dags/tutorial.py took 0.059 seconds
[2025-01-16T15:39:15.875+0000] {processor.py:186} INFO - Started process (PID=3358) to work on /home/airflow/.local/lib/python3.12/site-packages/airflow/example_dags/tutorial.py
[2025-01-16T15:39:15.876+0000] {processor.py:914} INFO - Processing file /home/airflow/.local/lib/python3.12/site-packages/airflow/example_dags/tutorial.py for tasks to queue
[2025-01-16T15:39:15.877+0000] {logging_mixin.py:190} INFO - [2025-01-16T15:39:15.877+0000] {dagbag.py:588} INFO - Filling up the DagBag from /home/airflow/.local/lib/python3.12/site-packages/airflow/example_dags/tutorial.py
[2025-01-16T15:39:15.883+0000] {processor.py:925} INFO - DAG(s) 'tutorial' retrieved from /home/airflow/.local/lib/python3.12/site-packages/airflow/example_dags/tutorial.py
[2025-01-16T15:39:15.900+0000] {logging_mixin.py:190} INFO - [2025-01-16T15:39:15.900+0000] {dag.py:3239} INFO - Sync 1 DAGs
[2025-01-16T15:39:15.916+0000] {logging_mixin.py:190} INFO - [2025-01-16T15:39:15.916+0000] {dag.py:4180} INFO - Setting next_dagrun for tutorial to 2025-01-15 00:00:00+00:00, run_after=2025-01-16 00:00:00+00:00
[2025-01-16T15:39:15.931+0000] {processor.py:208} INFO - Processing /home/airflow/.local/lib/python3.12/site-packages/airflow/example_dags/tutorial.py took 0.060 seconds
[2025-01-16T15:39:46.191+0000] {processor.py:186} INFO - Started process (PID=3649) to work on /home/airflow/.local/lib/python3.12/site-packages/airflow/example_dags/tutorial.py
[2025-01-16T15:39:46.192+0000] {processor.py:914} INFO - Processing file /home/airflow/.local/lib/python3.12/site-packages/airflow/example_dags/tutorial.py for tasks to queue
[2025-01-16T15:39:46.194+0000] {logging_mixin.py:190} INFO - [2025-01-16T15:39:46.194+0000] {dagbag.py:588} INFO - Filling up the DagBag from /home/airflow/.local/lib/python3.12/site-packages/airflow/example_dags/tutorial.py
[2025-01-16T15:39:46.200+0000] {processor.py:925} INFO - DAG(s) 'tutorial' retrieved from /home/airflow/.local/lib/python3.12/site-packages/airflow/example_dags/tutorial.py
[2025-01-16T15:39:46.214+0000] {logging_mixin.py:190} INFO - [2025-01-16T15:39:46.214+0000] {dag.py:3239} INFO - Sync 1 DAGs
[2025-01-16T15:39:46.232+0000] {logging_mixin.py:190} INFO - [2025-01-16T15:39:46.232+0000] {dag.py:4180} INFO - Setting next_dagrun for tutorial to 2025-01-15 00:00:00+00:00, run_after=2025-01-16 00:00:00+00:00
[2025-01-16T15:39:46.247+0000] {processor.py:208} INFO - Processing /home/airflow/.local/lib/python3.12/site-packages/airflow/example_dags/tutorial.py took 0.060 seconds
[2025-01-16T15:40:17.650+0000] {processor.py:186} INFO - Started process (PID=3945) to work on /home/airflow/.local/lib/python3.12/site-packages/airflow/example_dags/tutorial.py
[2025-01-16T15:40:17.651+0000] {processor.py:914} INFO - Processing file /home/airflow/.local/lib/python3.12/site-packages/airflow/example_dags/tutorial.py for tasks to queue
[2025-01-16T15:40:17.652+0000] {logging_mixin.py:190} INFO - [2025-01-16T15:40:17.652+0000] {dagbag.py:588} INFO - Filling up the DagBag from /home/airflow/.local/lib/python3.12/site-packages/airflow/example_dags/tutorial.py
[2025-01-16T15:40:17.658+0000] {processor.py:925} INFO - DAG(s) 'tutorial' retrieved from /home/airflow/.local/lib/python3.12/site-packages/airflow/example_dags/tutorial.py
[2025-01-16T15:40:17.675+0000] {logging_mixin.py:190} INFO - [2025-01-16T15:40:17.674+0000] {dag.py:3239} INFO - Sync 1 DAGs
[2025-01-16T15:40:17.694+0000] {logging_mixin.py:190} INFO - [2025-01-16T15:40:17.693+0000] {dag.py:4180} INFO - Setting next_dagrun for tutorial to 2025-01-15 00:00:00+00:00, run_after=2025-01-16 00:00:00+00:00
[2025-01-16T15:40:17.711+0000] {processor.py:208} INFO - Processing /home/airflow/.local/lib/python3.12/site-packages/airflow/example_dags/tutorial.py took 0.067 seconds
[2025-01-16T15:40:49.980+0000] {processor.py:186} INFO - Started process (PID=4246) to work on /home/airflow/.local/lib/python3.12/site-packages/airflow/example_dags/tutorial.py
[2025-01-16T15:40:49.981+0000] {processor.py:914} INFO - Processing file /home/airflow/.local/lib/python3.12/site-packages/airflow/example_dags/tutorial.py for tasks to queue
[2025-01-16T15:40:49.983+0000] {logging_mixin.py:190} INFO - [2025-01-16T15:40:49.982+0000] {dagbag.py:588} INFO - Filling up the DagBag from /home/airflow/.local/lib/python3.12/site-packages/airflow/example_dags/tutorial.py
[2025-01-16T15:40:49.989+0000] {processor.py:925} INFO - DAG(s) 'tutorial' retrieved from /home/airflow/.local/lib/python3.12/site-packages/airflow/example_dags/tutorial.py
[2025-01-16T15:40:50.006+0000] {logging_mixin.py:190} INFO - [2025-01-16T15:40:50.006+0000] {dag.py:3239} INFO - Sync 1 DAGs
[2025-01-16T15:40:50.025+0000] {logging_mixin.py:190} INFO - [2025-01-16T15:40:50.025+0000] {dag.py:4180} INFO - Setting next_dagrun for tutorial to 2025-01-15 00:00:00+00:00, run_after=2025-01-16 00:00:00+00:00
[2025-01-16T15:40:50.042+0000] {processor.py:208} INFO - Processing /home/airflow/.local/lib/python3.12/site-packages/airflow/example_dags/tutorial.py took 0.068 seconds
[2025-01-16T15:41:20.453+0000] {processor.py:186} INFO - Started process (PID=4542) to work on /home/airflow/.local/lib/python3.12/site-packages/airflow/example_dags/tutorial.py
[2025-01-16T15:41:20.453+0000] {processor.py:914} INFO - Processing file /home/airflow/.local/lib/python3.12/site-packages/airflow/example_dags/tutorial.py for tasks to queue
[2025-01-16T15:41:20.455+0000] {logging_mixin.py:190} INFO - [2025-01-16T15:41:20.455+0000] {dagbag.py:588} INFO - Filling up the DagBag from /home/airflow/.local/lib/python3.12/site-packages/airflow/example_dags/tutorial.py
[2025-01-16T15:41:20.461+0000] {processor.py:925} INFO - DAG(s) 'tutorial' retrieved from /home/airflow/.local/lib/python3.12/site-packages/airflow/example_dags/tutorial.py
[2025-01-16T15:41:20.476+0000] {logging_mixin.py:190} INFO - [2025-01-16T15:41:20.476+0000] {dag.py:3239} INFO - Sync 1 DAGs
[2025-01-16T15:41:20.495+0000] {logging_mixin.py:190} INFO - [2025-01-16T15:41:20.494+0000] {dag.py:4180} INFO - Setting next_dagrun for tutorial to 2025-01-15 00:00:00+00:00, run_after=2025-01-16 00:00:00+00:00
[2025-01-16T15:41:20.510+0000] {processor.py:208} INFO - Processing /home/airflow/.local/lib/python3.12/site-packages/airflow/example_dags/tutorial.py took 0.061 seconds
[2025-01-16T15:41:51.910+0000] {processor.py:186} INFO - Started process (PID=4838) to work on /home/airflow/.local/lib/python3.12/site-packages/airflow/example_dags/tutorial.py
[2025-01-16T15:41:51.911+0000] {processor.py:914} INFO - Processing file /home/airflow/.local/lib/python3.12/site-packages/airflow/example_dags/tutorial.py for tasks to queue
[2025-01-16T15:41:51.913+0000] {logging_mixin.py:190} INFO - [2025-01-16T15:41:51.913+0000] {dagbag.py:588} INFO - Filling up the DagBag from /home/airflow/.local/lib/python3.12/site-packages/airflow/example_dags/tutorial.py
[2025-01-16T15:41:51.919+0000] {processor.py:925} INFO - DAG(s) 'tutorial' retrieved from /home/airflow/.local/lib/python3.12/site-packages/airflow/example_dags/tutorial.py
[2025-01-16T15:41:51.934+0000] {logging_mixin.py:190} INFO - [2025-01-16T15:41:51.933+0000] {dag.py:3239} INFO - Sync 1 DAGs
[2025-01-16T15:41:51.951+0000] {logging_mixin.py:190} INFO - [2025-01-16T15:41:51.950+0000] {dag.py:4180} INFO - Setting next_dagrun for tutorial to 2025-01-15 00:00:00+00:00, run_after=2025-01-16 00:00:00+00:00
[2025-01-16T15:41:51.964+0000] {processor.py:208} INFO - Processing /home/airflow/.local/lib/python3.12/site-packages/airflow/example_dags/tutorial.py took 0.059 seconds
[2025-01-16T15:42:23.259+0000] {processor.py:186} INFO - Started process (PID=5134) to work on /home/airflow/.local/lib/python3.12/site-packages/airflow/example_dags/tutorial.py
[2025-01-16T15:42:23.260+0000] {processor.py:914} INFO - Processing file /home/airflow/.local/lib/python3.12/site-packages/airflow/example_dags/tutorial.py for tasks to queue
[2025-01-16T15:42:23.261+0000] {logging_mixin.py:190} INFO - [2025-01-16T15:42:23.261+0000] {dagbag.py:588} INFO - Filling up the DagBag from /home/airflow/.local/lib/python3.12/site-packages/airflow/example_dags/tutorial.py
[2025-01-16T15:42:23.267+0000] {processor.py:925} INFO - DAG(s) 'tutorial' retrieved from /home/airflow/.local/lib/python3.12/site-packages/airflow/example_dags/tutorial.py
[2025-01-16T15:42:23.283+0000] {logging_mixin.py:190} INFO - [2025-01-16T15:42:23.282+0000] {dag.py:3239} INFO - Sync 1 DAGs
[2025-01-16T15:42:23.302+0000] {logging_mixin.py:190} INFO - [2025-01-16T15:42:23.301+0000] {dag.py:4180} INFO - Setting next_dagrun for tutorial to 2025-01-15 00:00:00+00:00, run_after=2025-01-16 00:00:00+00:00
[2025-01-16T15:42:23.314+0000] {processor.py:208} INFO - Processing /home/airflow/.local/lib/python3.12/site-packages/airflow/example_dags/tutorial.py took 0.059 seconds
[2025-01-16T15:42:54.433+0000] {processor.py:186} INFO - Started process (PID=5430) to work on /home/airflow/.local/lib/python3.12/site-packages/airflow/example_dags/tutorial.py
[2025-01-16T15:42:54.433+0000] {processor.py:914} INFO - Processing file /home/airflow/.local/lib/python3.12/site-packages/airflow/example_dags/tutorial.py for tasks to queue
[2025-01-16T15:42:54.435+0000] {logging_mixin.py:190} INFO - [2025-01-16T15:42:54.435+0000] {dagbag.py:588} INFO - Filling up the DagBag from /home/airflow/.local/lib/python3.12/site-packages/airflow/example_dags/tutorial.py
[2025-01-16T15:42:54.442+0000] {processor.py:925} INFO - DAG(s) 'tutorial' retrieved from /home/airflow/.local/lib/python3.12/site-packages/airflow/example_dags/tutorial.py
[2025-01-16T15:42:54.457+0000] {logging_mixin.py:190} INFO - [2025-01-16T15:42:54.456+0000] {dag.py:3239} INFO - Sync 1 DAGs
[2025-01-16T15:42:54.475+0000] {logging_mixin.py:190} INFO - [2025-01-16T15:42:54.474+0000] {dag.py:4180} INFO - Setting next_dagrun for tutorial to 2025-01-15 00:00:00+00:00, run_after=2025-01-16 00:00:00+00:00
[2025-01-16T15:42:54.488+0000] {processor.py:208} INFO - Processing /home/airflow/.local/lib/python3.12/site-packages/airflow/example_dags/tutorial.py took 0.059 seconds
[2025-01-16T15:43:25.504+0000] {processor.py:186} INFO - Started process (PID=5726) to work on /home/airflow/.local/lib/python3.12/site-packages/airflow/example_dags/tutorial.py
[2025-01-16T15:43:25.505+0000] {processor.py:914} INFO - Processing file /home/airflow/.local/lib/python3.12/site-packages/airflow/example_dags/tutorial.py for tasks to queue
[2025-01-16T15:43:25.507+0000] {logging_mixin.py:190} INFO - [2025-01-16T15:43:25.506+0000] {dagbag.py:588} INFO - Filling up the DagBag from /home/airflow/.local/lib/python3.12/site-packages/airflow/example_dags/tutorial.py
[2025-01-16T15:43:25.515+0000] {processor.py:925} INFO - DAG(s) 'tutorial' retrieved from /home/airflow/.local/lib/python3.12/site-packages/airflow/example_dags/tutorial.py
[2025-01-16T15:43:25.530+0000] {logging_mixin.py:190} INFO - [2025-01-16T15:43:25.530+0000] {dag.py:3239} INFO - Sync 1 DAGs
[2025-01-16T15:43:25.548+0000] {logging_mixin.py:190} INFO - [2025-01-16T15:43:25.548+0000] {dag.py:4180} INFO - Setting next_dagrun for tutorial to 2025-01-15 00:00:00+00:00, run_after=2025-01-16 00:00:00+00:00
[2025-01-16T15:43:25.562+0000] {processor.py:208} INFO - Processing /home/airflow/.local/lib/python3.12/site-packages/airflow/example_dags/tutorial.py took 0.062 seconds
[2025-01-16T15:43:57.363+0000] {processor.py:186} INFO - Started process (PID=6022) to work on /home/airflow/.local/lib/python3.12/site-packages/airflow/example_dags/tutorial.py
[2025-01-16T15:43:57.363+0000] {processor.py:914} INFO - Processing file /home/airflow/.local/lib/python3.12/site-packages/airflow/example_dags/tutorial.py for tasks to queue
[2025-01-16T15:43:57.365+0000] {logging_mixin.py:190} INFO - [2025-01-16T15:43:57.365+0000] {dagbag.py:588} INFO - Filling up the DagBag from /home/airflow/.local/lib/python3.12/site-packages/airflow/example_dags/tutorial.py
[2025-01-16T15:43:57.371+0000] {processor.py:925} INFO - DAG(s) 'tutorial' retrieved from /home/airflow/.local/lib/python3.12/site-packages/airflow/example_dags/tutorial.py
[2025-01-16T15:43:57.386+0000] {logging_mixin.py:190} INFO - [2025-01-16T15:43:57.386+0000] {dag.py:3239} INFO - Sync 1 DAGs
[2025-01-16T15:43:57.405+0000] {logging_mixin.py:190} INFO - [2025-01-16T15:43:57.405+0000] {dag.py:4180} INFO - Setting next_dagrun for tutorial to 2025-01-15 00:00:00+00:00, run_after=2025-01-16 00:00:00+00:00
[2025-01-16T15:43:57.418+0000] {processor.py:208} INFO - Processing /home/airflow/.local/lib/python3.12/site-packages/airflow/example_dags/tutorial.py took 0.059 seconds
[2025-01-16T15:44:28.561+0000] {processor.py:186} INFO - Started process (PID=6318) to work on /home/airflow/.local/lib/python3.12/site-packages/airflow/example_dags/tutorial.py
[2025-01-16T15:44:28.562+0000] {processor.py:914} INFO - Processing file /home/airflow/.local/lib/python3.12/site-packages/airflow/example_dags/tutorial.py for tasks to queue
[2025-01-16T15:44:28.564+0000] {logging_mixin.py:190} INFO - [2025-01-16T15:44:28.564+0000] {dagbag.py:588} INFO - Filling up the DagBag from /home/airflow/.local/lib/python3.12/site-packages/airflow/example_dags/tutorial.py
[2025-01-16T15:44:28.570+0000] {processor.py:925} INFO - DAG(s) 'tutorial' retrieved from /home/airflow/.local/lib/python3.12/site-packages/airflow/example_dags/tutorial.py
[2025-01-16T15:44:28.584+0000] {logging_mixin.py:190} INFO - [2025-01-16T15:44:28.584+0000] {dag.py:3239} INFO - Sync 1 DAGs
[2025-01-16T15:44:28.602+0000] {logging_mixin.py:190} INFO - [2025-01-16T15:44:28.602+0000] {dag.py:4180} INFO - Setting next_dagrun for tutorial to 2025-01-15 00:00:00+00:00, run_after=2025-01-16 00:00:00+00:00
[2025-01-16T15:44:28.614+0000] {processor.py:208} INFO - Processing /home/airflow/.local/lib/python3.12/site-packages/airflow/example_dags/tutorial.py took 0.057 seconds
[2025-01-16T15:44:59.540+0000] {processor.py:186} INFO - Started process (PID=6614) to work on /home/airflow/.local/lib/python3.12/site-packages/airflow/example_dags/tutorial.py
[2025-01-16T15:44:59.541+0000] {processor.py:914} INFO - Processing file /home/airflow/.local/lib/python3.12/site-packages/airflow/example_dags/tutorial.py for tasks to queue
[2025-01-16T15:44:59.543+0000] {logging_mixin.py:190} INFO - [2025-01-16T15:44:59.543+0000] {dagbag.py:588} INFO - Filling up the DagBag from /home/airflow/.local/lib/python3.12/site-packages/airflow/example_dags/tutorial.py
[2025-01-16T15:44:59.549+0000] {processor.py:925} INFO - DAG(s) 'tutorial' retrieved from /home/airflow/.local/lib/python3.12/site-packages/airflow/example_dags/tutorial.py
[2025-01-16T15:44:59.563+0000] {logging_mixin.py:190} INFO - [2025-01-16T15:44:59.563+0000] {dag.py:3239} INFO - Sync 1 DAGs
[2025-01-16T15:44:59.582+0000] {logging_mixin.py:190} INFO - [2025-01-16T15:44:59.581+0000] {dag.py:4180} INFO - Setting next_dagrun for tutorial to 2025-01-15 00:00:00+00:00, run_after=2025-01-16 00:00:00+00:00
[2025-01-16T15:44:59.595+0000] {processor.py:208} INFO - Processing /home/airflow/.local/lib/python3.12/site-packages/airflow/example_dags/tutorial.py took 0.059 seconds
[2025-01-16T15:45:30.784+0000] {processor.py:186} INFO - Started process (PID=6916) to work on /home/airflow/.local/lib/python3.12/site-packages/airflow/example_dags/tutorial.py
[2025-01-16T15:45:30.785+0000] {processor.py:914} INFO - Processing file /home/airflow/.local/lib/python3.12/site-packages/airflow/example_dags/tutorial.py for tasks to queue
[2025-01-16T15:45:30.786+0000] {logging_mixin.py:190} INFO - [2025-01-16T15:45:30.786+0000] {dagbag.py:588} INFO - Filling up the DagBag from /home/airflow/.local/lib/python3.12/site-packages/airflow/example_dags/tutorial.py
[2025-01-16T15:45:30.792+0000] {processor.py:925} INFO - DAG(s) 'tutorial' retrieved from /home/airflow/.local/lib/python3.12/site-packages/airflow/example_dags/tutorial.py
[2025-01-16T15:45:30.808+0000] {logging_mixin.py:190} INFO - [2025-01-16T15:45:30.808+0000] {dag.py:3239} INFO - Sync 1 DAGs
[2025-01-16T15:45:30.833+0000] {logging_mixin.py:190} INFO - [2025-01-16T15:45:30.833+0000] {dag.py:4180} INFO - Setting next_dagrun for tutorial to 2025-01-15 00:00:00+00:00, run_after=2025-01-16 00:00:00+00:00
[2025-01-16T15:45:30.853+0000] {processor.py:208} INFO - Processing /home/airflow/.local/lib/python3.12/site-packages/airflow/example_dags/tutorial.py took 0.073 seconds
[2025-01-16T15:46:02.530+0000] {processor.py:186} INFO - Started process (PID=7212) to work on /home/airflow/.local/lib/python3.12/site-packages/airflow/example_dags/tutorial.py
[2025-01-16T15:46:02.530+0000] {processor.py:914} INFO - Processing file /home/airflow/.local/lib/python3.12/site-packages/airflow/example_dags/tutorial.py for tasks to queue
[2025-01-16T15:46:02.533+0000] {logging_mixin.py:190} INFO - [2025-01-16T15:46:02.532+0000] {dagbag.py:588} INFO - Filling up the DagBag from /home/airflow/.local/lib/python3.12/site-packages/airflow/example_dags/tutorial.py
[2025-01-16T15:46:02.541+0000] {processor.py:925} INFO - DAG(s) 'tutorial' retrieved from /home/airflow/.local/lib/python3.12/site-packages/airflow/example_dags/tutorial.py
[2025-01-16T15:46:02.560+0000] {logging_mixin.py:190} INFO - [2025-01-16T15:46:02.560+0000] {dag.py:3239} INFO - Sync 1 DAGs
[2025-01-16T15:46:02.584+0000] {logging_mixin.py:190} INFO - [2025-01-16T15:46:02.584+0000] {dag.py:4180} INFO - Setting next_dagrun for tutorial to 2025-01-15 00:00:00+00:00, run_after=2025-01-16 00:00:00+00:00
[2025-01-16T15:46:02.602+0000] {processor.py:208} INFO - Processing /home/airflow/.local/lib/python3.12/site-packages/airflow/example_dags/tutorial.py took 0.078 seconds
[2025-01-16T15:46:33.579+0000] {processor.py:186} INFO - Started process (PID=7508) to work on /home/airflow/.local/lib/python3.12/site-packages/airflow/example_dags/tutorial.py
[2025-01-16T15:46:33.579+0000] {processor.py:914} INFO - Processing file /home/airflow/.local/lib/python3.12/site-packages/airflow/example_dags/tutorial.py for tasks to queue
[2025-01-16T15:46:33.581+0000] {logging_mixin.py:190} INFO - [2025-01-16T15:46:33.581+0000] {dagbag.py:588} INFO - Filling up the DagBag from /home/airflow/.local/lib/python3.12/site-packages/airflow/example_dags/tutorial.py
[2025-01-16T15:46:33.588+0000] {processor.py:925} INFO - DAG(s) 'tutorial' retrieved from /home/airflow/.local/lib/python3.12/site-packages/airflow/example_dags/tutorial.py
[2025-01-16T15:46:33.602+0000] {logging_mixin.py:190} INFO - [2025-01-16T15:46:33.602+0000] {dag.py:3239} INFO - Sync 1 DAGs
[2025-01-16T15:46:33.621+0000] {logging_mixin.py:190} INFO - [2025-01-16T15:46:33.621+0000] {dag.py:4180} INFO - Setting next_dagrun for tutorial to 2025-01-15 00:00:00+00:00, run_after=2025-01-16 00:00:00+00:00
[2025-01-16T15:46:33.633+0000] {processor.py:208} INFO - Processing /home/airflow/.local/lib/python3.12/site-packages/airflow/example_dags/tutorial.py took 0.059 seconds
[2025-01-16T15:47:04.228+0000] {processor.py:186} INFO - Started process (PID=7804) to work on /home/airflow/.local/lib/python3.12/site-packages/airflow/example_dags/tutorial.py
[2025-01-16T15:47:04.228+0000] {processor.py:914} INFO - Processing file /home/airflow/.local/lib/python3.12/site-packages/airflow/example_dags/tutorial.py for tasks to queue
[2025-01-16T15:47:04.230+0000] {logging_mixin.py:190} INFO - [2025-01-16T15:47:04.230+0000] {dagbag.py:588} INFO - Filling up the DagBag from /home/airflow/.local/lib/python3.12/site-packages/airflow/example_dags/tutorial.py
[2025-01-16T15:47:04.236+0000] {processor.py:925} INFO - DAG(s) 'tutorial' retrieved from /home/airflow/.local/lib/python3.12/site-packages/airflow/example_dags/tutorial.py
[2025-01-16T15:47:04.252+0000] {logging_mixin.py:190} INFO - [2025-01-16T15:47:04.251+0000] {dag.py:3239} INFO - Sync 1 DAGs
[2025-01-16T15:47:04.270+0000] {logging_mixin.py:190} INFO - [2025-01-16T15:47:04.269+0000] {dag.py:4180} INFO - Setting next_dagrun for tutorial to 2025-01-15 00:00:00+00:00, run_after=2025-01-16 00:00:00+00:00
[2025-01-16T15:47:04.283+0000] {processor.py:208} INFO - Processing /home/airflow/.local/lib/python3.12/site-packages/airflow/example_dags/tutorial.py took 0.059 seconds
[2025-01-16T15:47:35.141+0000] {processor.py:186} INFO - Started process (PID=8100) to work on /home/airflow/.local/lib/python3.12/site-packages/airflow/example_dags/tutorial.py
[2025-01-16T15:47:35.142+0000] {processor.py:914} INFO - Processing file /home/airflow/.local/lib/python3.12/site-packages/airflow/example_dags/tutorial.py for tasks to queue
[2025-01-16T15:47:35.144+0000] {logging_mixin.py:190} INFO - [2025-01-16T15:47:35.144+0000] {dagbag.py:588} INFO - Filling up the DagBag from /home/airflow/.local/lib/python3.12/site-packages/airflow/example_dags/tutorial.py
[2025-01-16T15:47:35.150+0000] {processor.py:925} INFO - DAG(s) 'tutorial' retrieved from /home/airflow/.local/lib/python3.12/site-packages/airflow/example_dags/tutorial.py
[2025-01-16T15:47:35.165+0000] {logging_mixin.py:190} INFO - [2025-01-16T15:47:35.165+0000] {dag.py:3239} INFO - Sync 1 DAGs
[2025-01-16T15:47:35.182+0000] {logging_mixin.py:190} INFO - [2025-01-16T15:47:35.182+0000] {dag.py:4180} INFO - Setting next_dagrun for tutorial to 2025-01-15 00:00:00+00:00, run_after=2025-01-16 00:00:00+00:00
[2025-01-16T15:47:35.196+0000] {processor.py:208} INFO - Processing /home/airflow/.local/lib/python3.12/site-packages/airflow/example_dags/tutorial.py took 0.059 seconds
[2025-01-16T15:48:06.692+0000] {processor.py:186} INFO - Started process (PID=8396) to work on /home/airflow/.local/lib/python3.12/site-packages/airflow/example_dags/tutorial.py
[2025-01-16T15:48:06.693+0000] {processor.py:914} INFO - Processing file /home/airflow/.local/lib/python3.12/site-packages/airflow/example_dags/tutorial.py for tasks to queue
[2025-01-16T15:48:06.694+0000] {logging_mixin.py:190} INFO - [2025-01-16T15:48:06.694+0000] {dagbag.py:588} INFO - Filling up the DagBag from /home/airflow/.local/lib/python3.12/site-packages/airflow/example_dags/tutorial.py
[2025-01-16T15:48:06.700+0000] {processor.py:925} INFO - DAG(s) 'tutorial' retrieved from /home/airflow/.local/lib/python3.12/site-packages/airflow/example_dags/tutorial.py
[2025-01-16T15:48:06.716+0000] {logging_mixin.py:190} INFO - [2025-01-16T15:48:06.715+0000] {dag.py:3239} INFO - Sync 1 DAGs
[2025-01-16T15:48:06.732+0000] {logging_mixin.py:190} INFO - [2025-01-16T15:48:06.732+0000] {dag.py:4180} INFO - Setting next_dagrun for tutorial to 2025-01-15 00:00:00+00:00, run_after=2025-01-16 00:00:00+00:00
[2025-01-16T15:48:06.746+0000] {processor.py:208} INFO - Processing /home/airflow/.local/lib/python3.12/site-packages/airflow/example_dags/tutorial.py took 0.058 seconds
[2025-01-16T15:48:37.473+0000] {processor.py:186} INFO - Started process (PID=8692) to work on /home/airflow/.local/lib/python3.12/site-packages/airflow/example_dags/tutorial.py
[2025-01-16T15:48:37.474+0000] {processor.py:914} INFO - Processing file /home/airflow/.local/lib/python3.12/site-packages/airflow/example_dags/tutorial.py for tasks to queue
[2025-01-16T15:48:37.475+0000] {logging_mixin.py:190} INFO - [2025-01-16T15:48:37.475+0000] {dagbag.py:588} INFO - Filling up the DagBag from /home/airflow/.local/lib/python3.12/site-packages/airflow/example_dags/tutorial.py
[2025-01-16T15:48:37.480+0000] {processor.py:925} INFO - DAG(s) 'tutorial' retrieved from /home/airflow/.local/lib/python3.12/site-packages/airflow/example_dags/tutorial.py
[2025-01-16T15:48:37.496+0000] {logging_mixin.py:190} INFO - [2025-01-16T15:48:37.496+0000] {dag.py:3239} INFO - Sync 1 DAGs
[2025-01-16T15:48:37.514+0000] {logging_mixin.py:190} INFO - [2025-01-16T15:48:37.514+0000] {dag.py:4180} INFO - Setting next_dagrun for tutorial to 2025-01-15 00:00:00+00:00, run_after=2025-01-16 00:00:00+00:00
[2025-01-16T15:48:37.527+0000] {processor.py:208} INFO - Processing /home/airflow/.local/lib/python3.12/site-packages/airflow/example_dags/tutorial.py took 0.058 seconds
[2025-01-16T15:49:10.185+0000] {processor.py:186} INFO - Started process (PID=9025) to work on /home/airflow/.local/lib/python3.12/site-packages/airflow/example_dags/tutorial.py
[2025-01-16T15:49:10.186+0000] {processor.py:914} INFO - Processing file /home/airflow/.local/lib/python3.12/site-packages/airflow/example_dags/tutorial.py for tasks to queue
[2025-01-16T15:49:10.188+0000] {logging_mixin.py:190} INFO - [2025-01-16T15:49:10.188+0000] {dagbag.py:588} INFO - Filling up the DagBag from /home/airflow/.local/lib/python3.12/site-packages/airflow/example_dags/tutorial.py
[2025-01-16T15:49:10.194+0000] {processor.py:925} INFO - DAG(s) 'tutorial' retrieved from /home/airflow/.local/lib/python3.12/site-packages/airflow/example_dags/tutorial.py
[2025-01-16T15:49:10.211+0000] {logging_mixin.py:190} INFO - [2025-01-16T15:49:10.211+0000] {dag.py:3239} INFO - Sync 1 DAGs
[2025-01-16T15:49:10.230+0000] {logging_mixin.py:190} INFO - [2025-01-16T15:49:10.230+0000] {dag.py:4180} INFO - Setting next_dagrun for tutorial to 2025-01-15 00:00:00+00:00, run_after=2025-01-16 00:00:00+00:00
[2025-01-16T15:49:10.245+0000] {processor.py:208} INFO - Processing /home/airflow/.local/lib/python3.12/site-packages/airflow/example_dags/tutorial.py took 0.066 seconds
[2025-01-16T15:49:41.110+0000] {processor.py:186} INFO - Started process (PID=9321) to work on /home/airflow/.local/lib/python3.12/site-packages/airflow/example_dags/tutorial.py
[2025-01-16T15:49:41.111+0000] {processor.py:914} INFO - Processing file /home/airflow/.local/lib/python3.12/site-packages/airflow/example_dags/tutorial.py for tasks to queue
[2025-01-16T15:49:41.113+0000] {logging_mixin.py:190} INFO - [2025-01-16T15:49:41.113+0000] {dagbag.py:588} INFO - Filling up the DagBag from /home/airflow/.local/lib/python3.12/site-packages/airflow/example_dags/tutorial.py
[2025-01-16T15:49:41.120+0000] {processor.py:925} INFO - DAG(s) 'tutorial' retrieved from /home/airflow/.local/lib/python3.12/site-packages/airflow/example_dags/tutorial.py
[2025-01-16T15:49:41.135+0000] {logging_mixin.py:190} INFO - [2025-01-16T15:49:41.135+0000] {dag.py:3239} INFO - Sync 1 DAGs
[2025-01-16T15:49:41.157+0000] {logging_mixin.py:190} INFO - [2025-01-16T15:49:41.157+0000] {dag.py:4180} INFO - Setting next_dagrun for tutorial to 2025-01-15 00:00:00+00:00, run_after=2025-01-16 00:00:00+00:00
[2025-01-16T15:49:41.172+0000] {processor.py:208} INFO - Processing /home/airflow/.local/lib/python3.12/site-packages/airflow/example_dags/tutorial.py took 0.070 seconds
[2025-01-16T15:50:12.283+0000] {processor.py:186} INFO - Started process (PID=9615) to work on /home/airflow/.local/lib/python3.12/site-packages/airflow/example_dags/tutorial.py
[2025-01-16T15:50:12.284+0000] {processor.py:914} INFO - Processing file /home/airflow/.local/lib/python3.12/site-packages/airflow/example_dags/tutorial.py for tasks to queue
[2025-01-16T15:50:12.286+0000] {logging_mixin.py:190} INFO - [2025-01-16T15:50:12.286+0000] {dagbag.py:588} INFO - Filling up the DagBag from /home/airflow/.local/lib/python3.12/site-packages/airflow/example_dags/tutorial.py
[2025-01-16T15:50:12.292+0000] {processor.py:925} INFO - DAG(s) 'tutorial' retrieved from /home/airflow/.local/lib/python3.12/site-packages/airflow/example_dags/tutorial.py
[2025-01-16T15:50:12.310+0000] {logging_mixin.py:190} INFO - [2025-01-16T15:50:12.310+0000] {dag.py:3239} INFO - Sync 1 DAGs
[2025-01-16T15:50:12.334+0000] {logging_mixin.py:190} INFO - [2025-01-16T15:50:12.333+0000] {dag.py:4180} INFO - Setting next_dagrun for tutorial to 2025-01-15 00:00:00+00:00, run_after=2025-01-16 00:00:00+00:00
[2025-01-16T15:50:12.353+0000] {processor.py:208} INFO - Processing /home/airflow/.local/lib/python3.12/site-packages/airflow/example_dags/tutorial.py took 0.077 seconds
[2025-01-16T15:50:42.841+0000] {processor.py:186} INFO - Started process (PID=9911) to work on /home/airflow/.local/lib/python3.12/site-packages/airflow/example_dags/tutorial.py
[2025-01-16T15:50:42.842+0000] {processor.py:914} INFO - Processing file /home/airflow/.local/lib/python3.12/site-packages/airflow/example_dags/tutorial.py for tasks to queue
[2025-01-16T15:50:42.844+0000] {logging_mixin.py:190} INFO - [2025-01-16T15:50:42.844+0000] {dagbag.py:588} INFO - Filling up the DagBag from /home/airflow/.local/lib/python3.12/site-packages/airflow/example_dags/tutorial.py
[2025-01-16T15:50:42.850+0000] {processor.py:925} INFO - DAG(s) 'tutorial' retrieved from /home/airflow/.local/lib/python3.12/site-packages/airflow/example_dags/tutorial.py
[2025-01-16T15:50:42.867+0000] {logging_mixin.py:190} INFO - [2025-01-16T15:50:42.867+0000] {dag.py:3239} INFO - Sync 1 DAGs
[2025-01-16T15:50:42.886+0000] {logging_mixin.py:190} INFO - [2025-01-16T15:50:42.886+0000] {dag.py:4180} INFO - Setting next_dagrun for tutorial to 2025-01-15 00:00:00+00:00, run_after=2025-01-16 00:00:00+00:00
[2025-01-16T15:50:42.902+0000] {processor.py:208} INFO - Processing /home/airflow/.local/lib/python3.12/site-packages/airflow/example_dags/tutorial.py took 0.065 seconds
[2025-01-16T15:51:13.257+0000] {processor.py:186} INFO - Started process (PID=10206) to work on /home/airflow/.local/lib/python3.12/site-packages/airflow/example_dags/tutorial.py
[2025-01-16T15:51:13.258+0000] {processor.py:914} INFO - Processing file /home/airflow/.local/lib/python3.12/site-packages/airflow/example_dags/tutorial.py for tasks to queue
[2025-01-16T15:51:13.260+0000] {logging_mixin.py:190} INFO - [2025-01-16T15:51:13.259+0000] {dagbag.py:588} INFO - Filling up the DagBag from /home/airflow/.local/lib/python3.12/site-packages/airflow/example_dags/tutorial.py
[2025-01-16T15:51:13.265+0000] {processor.py:925} INFO - DAG(s) 'tutorial' retrieved from /home/airflow/.local/lib/python3.12/site-packages/airflow/example_dags/tutorial.py
[2025-01-16T15:51:13.280+0000] {logging_mixin.py:190} INFO - [2025-01-16T15:51:13.280+0000] {dag.py:3239} INFO - Sync 1 DAGs
[2025-01-16T15:51:13.298+0000] {logging_mixin.py:190} INFO - [2025-01-16T15:51:13.297+0000] {dag.py:4180} INFO - Setting next_dagrun for tutorial to 2025-01-15 00:00:00+00:00, run_after=2025-01-16 00:00:00+00:00
[2025-01-16T15:51:13.316+0000] {processor.py:208} INFO - Processing /home/airflow/.local/lib/python3.12/site-packages/airflow/example_dags/tutorial.py took 0.063 seconds
[2025-01-16T15:51:45.062+0000] {processor.py:186} INFO - Started process (PID=10507) to work on /home/airflow/.local/lib/python3.12/site-packages/airflow/example_dags/tutorial.py
[2025-01-16T15:51:45.064+0000] {processor.py:914} INFO - Processing file /home/airflow/.local/lib/python3.12/site-packages/airflow/example_dags/tutorial.py for tasks to queue
[2025-01-16T15:51:45.068+0000] {logging_mixin.py:190} INFO - [2025-01-16T15:51:45.067+0000] {dagbag.py:588} INFO - Filling up the DagBag from /home/airflow/.local/lib/python3.12/site-packages/airflow/example_dags/tutorial.py
[2025-01-16T15:51:45.075+0000] {processor.py:925} INFO - DAG(s) 'tutorial' retrieved from /home/airflow/.local/lib/python3.12/site-packages/airflow/example_dags/tutorial.py
[2025-01-16T15:51:45.098+0000] {logging_mixin.py:190} INFO - [2025-01-16T15:51:45.098+0000] {dag.py:3239} INFO - Sync 1 DAGs
[2025-01-16T15:51:45.122+0000] {logging_mixin.py:190} INFO - [2025-01-16T15:51:45.122+0000] {dag.py:4180} INFO - Setting next_dagrun for tutorial to 2025-01-15 00:00:00+00:00, run_after=2025-01-16 00:00:00+00:00
[2025-01-16T15:51:45.139+0000] {processor.py:208} INFO - Processing /home/airflow/.local/lib/python3.12/site-packages/airflow/example_dags/tutorial.py took 0.082 seconds
[2025-01-16T15:52:16.074+0000] {processor.py:186} INFO - Started process (PID=10803) to work on /home/airflow/.local/lib/python3.12/site-packages/airflow/example_dags/tutorial.py
[2025-01-16T15:52:16.075+0000] {processor.py:914} INFO - Processing file /home/airflow/.local/lib/python3.12/site-packages/airflow/example_dags/tutorial.py for tasks to queue
[2025-01-16T15:52:16.076+0000] {logging_mixin.py:190} INFO - [2025-01-16T15:52:16.076+0000] {dagbag.py:588} INFO - Filling up the DagBag from /home/airflow/.local/lib/python3.12/site-packages/airflow/example_dags/tutorial.py
[2025-01-16T15:52:16.082+0000] {processor.py:925} INFO - DAG(s) 'tutorial' retrieved from /home/airflow/.local/lib/python3.12/site-packages/airflow/example_dags/tutorial.py
[2025-01-16T15:52:16.096+0000] {logging_mixin.py:190} INFO - [2025-01-16T15:52:16.096+0000] {dag.py:3239} INFO - Sync 1 DAGs
[2025-01-16T15:52:16.114+0000] {logging_mixin.py:190} INFO - [2025-01-16T15:52:16.114+0000] {dag.py:4180} INFO - Setting next_dagrun for tutorial to 2025-01-15 00:00:00+00:00, run_after=2025-01-16 00:00:00+00:00
[2025-01-16T15:52:16.128+0000] {processor.py:208} INFO - Processing /home/airflow/.local/lib/python3.12/site-packages/airflow/example_dags/tutorial.py took 0.058 seconds
[2025-01-16T15:52:47.288+0000] {processor.py:186} INFO - Started process (PID=11099) to work on /home/airflow/.local/lib/python3.12/site-packages/airflow/example_dags/tutorial.py
[2025-01-16T15:52:47.289+0000] {processor.py:914} INFO - Processing file /home/airflow/.local/lib/python3.12/site-packages/airflow/example_dags/tutorial.py for tasks to queue
[2025-01-16T15:52:47.290+0000] {logging_mixin.py:190} INFO - [2025-01-16T15:52:47.290+0000] {dagbag.py:588} INFO - Filling up the DagBag from /home/airflow/.local/lib/python3.12/site-packages/airflow/example_dags/tutorial.py
[2025-01-16T15:52:47.296+0000] {processor.py:925} INFO - DAG(s) 'tutorial' retrieved from /home/airflow/.local/lib/python3.12/site-packages/airflow/example_dags/tutorial.py
[2025-01-16T15:52:47.310+0000] {logging_mixin.py:190} INFO - [2025-01-16T15:52:47.310+0000] {dag.py:3239} INFO - Sync 1 DAGs
[2025-01-16T15:52:47.328+0000] {logging_mixin.py:190} INFO - [2025-01-16T15:52:47.328+0000] {dag.py:4180} INFO - Setting next_dagrun for tutorial to 2025-01-15 00:00:00+00:00, run_after=2025-01-16 00:00:00+00:00
[2025-01-16T15:52:47.351+0000] {processor.py:208} INFO - Processing /home/airflow/.local/lib/python3.12/site-packages/airflow/example_dags/tutorial.py took 0.067 seconds
[2025-01-16T15:53:18.154+0000] {processor.py:186} INFO - Started process (PID=11395) to work on /home/airflow/.local/lib/python3.12/site-packages/airflow/example_dags/tutorial.py
[2025-01-16T15:53:18.155+0000] {processor.py:914} INFO - Processing file /home/airflow/.local/lib/python3.12/site-packages/airflow/example_dags/tutorial.py for tasks to queue
[2025-01-16T15:53:18.157+0000] {logging_mixin.py:190} INFO - [2025-01-16T15:53:18.157+0000] {dagbag.py:588} INFO - Filling up the DagBag from /home/airflow/.local/lib/python3.12/site-packages/airflow/example_dags/tutorial.py
[2025-01-16T15:53:18.162+0000] {processor.py:925} INFO - DAG(s) 'tutorial' retrieved from /home/airflow/.local/lib/python3.12/site-packages/airflow/example_dags/tutorial.py
[2025-01-16T15:53:18.177+0000] {logging_mixin.py:190} INFO - [2025-01-16T15:53:18.177+0000] {dag.py:3239} INFO - Sync 1 DAGs
[2025-01-16T15:53:18.194+0000] {logging_mixin.py:190} INFO - [2025-01-16T15:53:18.194+0000] {dag.py:4180} INFO - Setting next_dagrun for tutorial to 2025-01-15 00:00:00+00:00, run_after=2025-01-16 00:00:00+00:00
[2025-01-16T15:53:18.207+0000] {processor.py:208} INFO - Processing /home/airflow/.local/lib/python3.12/site-packages/airflow/example_dags/tutorial.py took 0.057 seconds
[2025-01-16T15:53:48.816+0000] {processor.py:186} INFO - Started process (PID=11691) to work on /home/airflow/.local/lib/python3.12/site-packages/airflow/example_dags/tutorial.py
[2025-01-16T15:53:48.817+0000] {processor.py:914} INFO - Processing file /home/airflow/.local/lib/python3.12/site-packages/airflow/example_dags/tutorial.py for tasks to queue
[2025-01-16T15:53:48.818+0000] {logging_mixin.py:190} INFO - [2025-01-16T15:53:48.818+0000] {dagbag.py:588} INFO - Filling up the DagBag from /home/airflow/.local/lib/python3.12/site-packages/airflow/example_dags/tutorial.py
[2025-01-16T15:53:48.824+0000] {processor.py:925} INFO - DAG(s) 'tutorial' retrieved from /home/airflow/.local/lib/python3.12/site-packages/airflow/example_dags/tutorial.py
[2025-01-16T15:53:48.838+0000] {logging_mixin.py:190} INFO - [2025-01-16T15:53:48.838+0000] {dag.py:3239} INFO - Sync 1 DAGs
[2025-01-16T15:53:48.856+0000] {logging_mixin.py:190} INFO - [2025-01-16T15:53:48.855+0000] {dag.py:4180} INFO - Setting next_dagrun for tutorial to 2025-01-15 00:00:00+00:00, run_after=2025-01-16 00:00:00+00:00
[2025-01-16T15:53:48.867+0000] {processor.py:208} INFO - Processing /home/airflow/.local/lib/python3.12/site-packages/airflow/example_dags/tutorial.py took 0.055 seconds
[2025-01-16T15:54:19.476+0000] {processor.py:186} INFO - Started process (PID=11987) to work on /home/airflow/.local/lib/python3.12/site-packages/airflow/example_dags/tutorial.py
[2025-01-16T15:54:19.476+0000] {processor.py:914} INFO - Processing file /home/airflow/.local/lib/python3.12/site-packages/airflow/example_dags/tutorial.py for tasks to queue
[2025-01-16T15:54:19.478+0000] {logging_mixin.py:190} INFO - [2025-01-16T15:54:19.478+0000] {dagbag.py:588} INFO - Filling up the DagBag from /home/airflow/.local/lib/python3.12/site-packages/airflow/example_dags/tutorial.py
[2025-01-16T15:54:19.483+0000] {processor.py:925} INFO - DAG(s) 'tutorial' retrieved from /home/airflow/.local/lib/python3.12/site-packages/airflow/example_dags/tutorial.py
[2025-01-16T15:54:19.498+0000] {logging_mixin.py:190} INFO - [2025-01-16T15:54:19.498+0000] {dag.py:3239} INFO - Sync 1 DAGs
[2025-01-16T15:54:19.515+0000] {logging_mixin.py:190} INFO - [2025-01-16T15:54:19.514+0000] {dag.py:4180} INFO - Setting next_dagrun for tutorial to 2025-01-15 00:00:00+00:00, run_after=2025-01-16 00:00:00+00:00
[2025-01-16T15:54:19.526+0000] {processor.py:208} INFO - Processing /home/airflow/.local/lib/python3.12/site-packages/airflow/example_dags/tutorial.py took 0.055 seconds
[2025-01-16T15:54:50.173+0000] {processor.py:186} INFO - Started process (PID=12283) to work on /home/airflow/.local/lib/python3.12/site-packages/airflow/example_dags/tutorial.py
[2025-01-16T15:54:50.174+0000] {processor.py:914} INFO - Processing file /home/airflow/.local/lib/python3.12/site-packages/airflow/example_dags/tutorial.py for tasks to queue
[2025-01-16T15:54:50.175+0000] {logging_mixin.py:190} INFO - [2025-01-16T15:54:50.175+0000] {dagbag.py:588} INFO - Filling up the DagBag from /home/airflow/.local/lib/python3.12/site-packages/airflow/example_dags/tutorial.py
[2025-01-16T15:54:50.181+0000] {processor.py:925} INFO - DAG(s) 'tutorial' retrieved from /home/airflow/.local/lib/python3.12/site-packages/airflow/example_dags/tutorial.py
[2025-01-16T15:54:50.195+0000] {logging_mixin.py:190} INFO - [2025-01-16T15:54:50.195+0000] {dag.py:3239} INFO - Sync 1 DAGs
[2025-01-16T15:54:50.212+0000] {logging_mixin.py:190} INFO - [2025-01-16T15:54:50.212+0000] {dag.py:4180} INFO - Setting next_dagrun for tutorial to 2025-01-15 00:00:00+00:00, run_after=2025-01-16 00:00:00+00:00
[2025-01-16T15:54:50.226+0000] {processor.py:208} INFO - Processing /home/airflow/.local/lib/python3.12/site-packages/airflow/example_dags/tutorial.py took 0.057 seconds
[2025-01-16T15:55:20.906+0000] {processor.py:186} INFO - Started process (PID=12579) to work on /home/airflow/.local/lib/python3.12/site-packages/airflow/example_dags/tutorial.py
[2025-01-16T15:55:20.907+0000] {processor.py:914} INFO - Processing file /home/airflow/.local/lib/python3.12/site-packages/airflow/example_dags/tutorial.py for tasks to queue
[2025-01-16T15:55:20.909+0000] {logging_mixin.py:190} INFO - [2025-01-16T15:55:20.908+0000] {dagbag.py:588} INFO - Filling up the DagBag from /home/airflow/.local/lib/python3.12/site-packages/airflow/example_dags/tutorial.py
[2025-01-16T15:55:20.915+0000] {processor.py:925} INFO - DAG(s) 'tutorial' retrieved from /home/airflow/.local/lib/python3.12/site-packages/airflow/example_dags/tutorial.py
[2025-01-16T15:55:20.929+0000] {logging_mixin.py:190} INFO - [2025-01-16T15:55:20.929+0000] {dag.py:3239} INFO - Sync 1 DAGs
[2025-01-16T15:55:20.947+0000] {logging_mixin.py:190} INFO - [2025-01-16T15:55:20.947+0000] {dag.py:4180} INFO - Setting next_dagrun for tutorial to 2025-01-15 00:00:00+00:00, run_after=2025-01-16 00:00:00+00:00
[2025-01-16T15:55:20.960+0000] {processor.py:208} INFO - Processing /home/airflow/.local/lib/python3.12/site-packages/airflow/example_dags/tutorial.py took 0.057 seconds
[2025-01-16T15:55:51.724+0000] {processor.py:186} INFO - Started process (PID=12875) to work on /home/airflow/.local/lib/python3.12/site-packages/airflow/example_dags/tutorial.py
[2025-01-16T15:55:51.725+0000] {processor.py:914} INFO - Processing file /home/airflow/.local/lib/python3.12/site-packages/airflow/example_dags/tutorial.py for tasks to queue
[2025-01-16T15:55:51.726+0000] {logging_mixin.py:190} INFO - [2025-01-16T15:55:51.726+0000] {dagbag.py:588} INFO - Filling up the DagBag from /home/airflow/.local/lib/python3.12/site-packages/airflow/example_dags/tutorial.py
[2025-01-16T15:55:51.732+0000] {processor.py:925} INFO - DAG(s) 'tutorial' retrieved from /home/airflow/.local/lib/python3.12/site-packages/airflow/example_dags/tutorial.py
[2025-01-16T15:55:51.747+0000] {logging_mixin.py:190} INFO - [2025-01-16T15:55:51.747+0000] {dag.py:3239} INFO - Sync 1 DAGs
[2025-01-16T15:55:51.766+0000] {logging_mixin.py:190} INFO - [2025-01-16T15:55:51.766+0000] {dag.py:4180} INFO - Setting next_dagrun for tutorial to 2025-01-15 00:00:00+00:00, run_after=2025-01-16 00:00:00+00:00
[2025-01-16T15:55:51.779+0000] {processor.py:208} INFO - Processing /home/airflow/.local/lib/python3.12/site-packages/airflow/example_dags/tutorial.py took 0.059 seconds
[2025-01-16T15:56:22.812+0000] {processor.py:186} INFO - Started process (PID=13171) to work on /home/airflow/.local/lib/python3.12/site-packages/airflow/example_dags/tutorial.py
[2025-01-16T15:56:22.813+0000] {processor.py:914} INFO - Processing file /home/airflow/.local/lib/python3.12/site-packages/airflow/example_dags/tutorial.py for tasks to queue
[2025-01-16T15:56:22.815+0000] {logging_mixin.py:190} INFO - [2025-01-16T15:56:22.815+0000] {dagbag.py:588} INFO - Filling up the DagBag from /home/airflow/.local/lib/python3.12/site-packages/airflow/example_dags/tutorial.py
[2025-01-16T15:56:22.821+0000] {processor.py:925} INFO - DAG(s) 'tutorial' retrieved from /home/airflow/.local/lib/python3.12/site-packages/airflow/example_dags/tutorial.py
[2025-01-16T15:56:22.835+0000] {logging_mixin.py:190} INFO - [2025-01-16T15:56:22.835+0000] {dag.py:3239} INFO - Sync 1 DAGs
[2025-01-16T15:56:22.853+0000] {logging_mixin.py:190} INFO - [2025-01-16T15:56:22.853+0000] {dag.py:4180} INFO - Setting next_dagrun for tutorial to 2025-01-15 00:00:00+00:00, run_after=2025-01-16 00:00:00+00:00
[2025-01-16T15:56:22.867+0000] {processor.py:208} INFO - Processing /home/airflow/.local/lib/python3.12/site-packages/airflow/example_dags/tutorial.py took 0.061 seconds
[2025-01-16T15:56:53.799+0000] {processor.py:186} INFO - Started process (PID=13467) to work on /home/airflow/.local/lib/python3.12/site-packages/airflow/example_dags/tutorial.py
[2025-01-16T15:56:53.799+0000] {processor.py:914} INFO - Processing file /home/airflow/.local/lib/python3.12/site-packages/airflow/example_dags/tutorial.py for tasks to queue
[2025-01-16T15:56:53.801+0000] {logging_mixin.py:190} INFO - [2025-01-16T15:56:53.801+0000] {dagbag.py:588} INFO - Filling up the DagBag from /home/airflow/.local/lib/python3.12/site-packages/airflow/example_dags/tutorial.py
[2025-01-16T15:56:53.807+0000] {processor.py:925} INFO - DAG(s) 'tutorial' retrieved from /home/airflow/.local/lib/python3.12/site-packages/airflow/example_dags/tutorial.py
[2025-01-16T15:56:53.822+0000] {logging_mixin.py:190} INFO - [2025-01-16T15:56:53.821+0000] {dag.py:3239} INFO - Sync 1 DAGs
[2025-01-16T15:56:53.839+0000] {logging_mixin.py:190} INFO - [2025-01-16T15:56:53.839+0000] {dag.py:4180} INFO - Setting next_dagrun for tutorial to 2025-01-15 00:00:00+00:00, run_after=2025-01-16 00:00:00+00:00
[2025-01-16T15:56:53.852+0000] {processor.py:208} INFO - Processing /home/airflow/.local/lib/python3.12/site-packages/airflow/example_dags/tutorial.py took 0.058 seconds
[2025-01-16T15:57:24.695+0000] {processor.py:186} INFO - Started process (PID=13763) to work on /home/airflow/.local/lib/python3.12/site-packages/airflow/example_dags/tutorial.py
[2025-01-16T15:57:24.695+0000] {processor.py:914} INFO - Processing file /home/airflow/.local/lib/python3.12/site-packages/airflow/example_dags/tutorial.py for tasks to queue
[2025-01-16T15:57:24.697+0000] {logging_mixin.py:190} INFO - [2025-01-16T15:57:24.697+0000] {dagbag.py:588} INFO - Filling up the DagBag from /home/airflow/.local/lib/python3.12/site-packages/airflow/example_dags/tutorial.py
[2025-01-16T15:57:24.703+0000] {processor.py:925} INFO - DAG(s) 'tutorial' retrieved from /home/airflow/.local/lib/python3.12/site-packages/airflow/example_dags/tutorial.py
[2025-01-16T15:57:24.718+0000] {logging_mixin.py:190} INFO - [2025-01-16T15:57:24.718+0000] {dag.py:3239} INFO - Sync 1 DAGs
[2025-01-16T15:57:24.736+0000] {logging_mixin.py:190} INFO - [2025-01-16T15:57:24.736+0000] {dag.py:4180} INFO - Setting next_dagrun for tutorial to 2025-01-15 00:00:00+00:00, run_after=2025-01-16 00:00:00+00:00
[2025-01-16T15:57:24.749+0000] {processor.py:208} INFO - Processing /home/airflow/.local/lib/python3.12/site-packages/airflow/example_dags/tutorial.py took 0.059 seconds
[2025-01-16T15:57:55.731+0000] {processor.py:186} INFO - Started process (PID=14059) to work on /home/airflow/.local/lib/python3.12/site-packages/airflow/example_dags/tutorial.py
[2025-01-16T15:57:55.732+0000] {processor.py:914} INFO - Processing file /home/airflow/.local/lib/python3.12/site-packages/airflow/example_dags/tutorial.py for tasks to queue
[2025-01-16T15:57:55.734+0000] {logging_mixin.py:190} INFO - [2025-01-16T15:57:55.733+0000] {dagbag.py:588} INFO - Filling up the DagBag from /home/airflow/.local/lib/python3.12/site-packages/airflow/example_dags/tutorial.py
[2025-01-16T15:57:55.740+0000] {processor.py:925} INFO - DAG(s) 'tutorial' retrieved from /home/airflow/.local/lib/python3.12/site-packages/airflow/example_dags/tutorial.py
[2025-01-16T15:57:55.755+0000] {logging_mixin.py:190} INFO - [2025-01-16T15:57:55.755+0000] {dag.py:3239} INFO - Sync 1 DAGs
[2025-01-16T15:57:55.774+0000] {logging_mixin.py:190} INFO - [2025-01-16T15:57:55.774+0000] {dag.py:4180} INFO - Setting next_dagrun for tutorial to 2025-01-15 00:00:00+00:00, run_after=2025-01-16 00:00:00+00:00
[2025-01-16T15:57:55.790+0000] {processor.py:208} INFO - Processing /home/airflow/.local/lib/python3.12/site-packages/airflow/example_dags/tutorial.py took 0.063 seconds
[2025-01-16T15:58:27.202+0000] {processor.py:186} INFO - Started process (PID=14355) to work on /home/airflow/.local/lib/python3.12/site-packages/airflow/example_dags/tutorial.py
[2025-01-16T15:58:27.203+0000] {processor.py:914} INFO - Processing file /home/airflow/.local/lib/python3.12/site-packages/airflow/example_dags/tutorial.py for tasks to queue
[2025-01-16T15:58:27.204+0000] {logging_mixin.py:190} INFO - [2025-01-16T15:58:27.204+0000] {dagbag.py:588} INFO - Filling up the DagBag from /home/airflow/.local/lib/python3.12/site-packages/airflow/example_dags/tutorial.py
[2025-01-16T15:58:27.211+0000] {processor.py:925} INFO - DAG(s) 'tutorial' retrieved from /home/airflow/.local/lib/python3.12/site-packages/airflow/example_dags/tutorial.py
[2025-01-16T15:58:27.228+0000] {logging_mixin.py:190} INFO - [2025-01-16T15:58:27.228+0000] {dag.py:3239} INFO - Sync 1 DAGs
[2025-01-16T15:58:27.247+0000] {logging_mixin.py:190} INFO - [2025-01-16T15:58:27.247+0000] {dag.py:4180} INFO - Setting next_dagrun for tutorial to 2025-01-15 00:00:00+00:00, run_after=2025-01-16 00:00:00+00:00
[2025-01-16T15:58:27.261+0000] {processor.py:208} INFO - Processing /home/airflow/.local/lib/python3.12/site-packages/airflow/example_dags/tutorial.py took 0.065 seconds
[2025-01-16T15:58:58.602+0000] {processor.py:186} INFO - Started process (PID=14653) to work on /home/airflow/.local/lib/python3.12/site-packages/airflow/example_dags/tutorial.py
[2025-01-16T15:58:58.602+0000] {processor.py:914} INFO - Processing file /home/airflow/.local/lib/python3.12/site-packages/airflow/example_dags/tutorial.py for tasks to queue
[2025-01-16T15:58:58.604+0000] {logging_mixin.py:190} INFO - [2025-01-16T15:58:58.604+0000] {dagbag.py:588} INFO - Filling up the DagBag from /home/airflow/.local/lib/python3.12/site-packages/airflow/example_dags/tutorial.py
[2025-01-16T15:58:58.611+0000] {processor.py:925} INFO - DAG(s) 'tutorial' retrieved from /home/airflow/.local/lib/python3.12/site-packages/airflow/example_dags/tutorial.py
[2025-01-16T15:58:58.626+0000] {logging_mixin.py:190} INFO - [2025-01-16T15:58:58.626+0000] {dag.py:3239} INFO - Sync 1 DAGs
[2025-01-16T15:58:58.644+0000] {logging_mixin.py:190} INFO - [2025-01-16T15:58:58.644+0000] {dag.py:4180} INFO - Setting next_dagrun for tutorial to 2025-01-15 00:00:00+00:00, run_after=2025-01-16 00:00:00+00:00
[2025-01-16T15:58:58.658+0000] {processor.py:208} INFO - Processing /home/airflow/.local/lib/python3.12/site-packages/airflow/example_dags/tutorial.py took 0.060 seconds
[2025-01-16T15:59:29.312+0000] {processor.py:186} INFO - Started process (PID=14947) to work on /home/airflow/.local/lib/python3.12/site-packages/airflow/example_dags/tutorial.py
[2025-01-16T15:59:29.313+0000] {processor.py:914} INFO - Processing file /home/airflow/.local/lib/python3.12/site-packages/airflow/example_dags/tutorial.py for tasks to queue
[2025-01-16T15:59:29.315+0000] {logging_mixin.py:190} INFO - [2025-01-16T15:59:29.314+0000] {dagbag.py:588} INFO - Filling up the DagBag from /home/airflow/.local/lib/python3.12/site-packages/airflow/example_dags/tutorial.py
[2025-01-16T15:59:29.321+0000] {processor.py:925} INFO - DAG(s) 'tutorial' retrieved from /home/airflow/.local/lib/python3.12/site-packages/airflow/example_dags/tutorial.py
[2025-01-16T15:59:29.335+0000] {logging_mixin.py:190} INFO - [2025-01-16T15:59:29.335+0000] {dag.py:3239} INFO - Sync 1 DAGs
[2025-01-16T15:59:29.354+0000] {logging_mixin.py:190} INFO - [2025-01-16T15:59:29.353+0000] {dag.py:4180} INFO - Setting next_dagrun for tutorial to 2025-01-15 00:00:00+00:00, run_after=2025-01-16 00:00:00+00:00
[2025-01-16T15:59:29.367+0000] {processor.py:208} INFO - Processing /home/airflow/.local/lib/python3.12/site-packages/airflow/example_dags/tutorial.py took 0.059 seconds
[2025-01-16T16:00:00.445+0000] {processor.py:186} INFO - Started process (PID=15243) to work on /home/airflow/.local/lib/python3.12/site-packages/airflow/example_dags/tutorial.py
[2025-01-16T16:00:00.446+0000] {processor.py:914} INFO - Processing file /home/airflow/.local/lib/python3.12/site-packages/airflow/example_dags/tutorial.py for tasks to queue
[2025-01-16T16:00:00.448+0000] {logging_mixin.py:190} INFO - [2025-01-16T16:00:00.448+0000] {dagbag.py:588} INFO - Filling up the DagBag from /home/airflow/.local/lib/python3.12/site-packages/airflow/example_dags/tutorial.py
[2025-01-16T16:00:00.454+0000] {processor.py:925} INFO - DAG(s) 'tutorial' retrieved from /home/airflow/.local/lib/python3.12/site-packages/airflow/example_dags/tutorial.py
[2025-01-16T16:00:00.471+0000] {logging_mixin.py:190} INFO - [2025-01-16T16:00:00.471+0000] {dag.py:3239} INFO - Sync 1 DAGs
[2025-01-16T16:00:00.490+0000] {logging_mixin.py:190} INFO - [2025-01-16T16:00:00.490+0000] {dag.py:4180} INFO - Setting next_dagrun for tutorial to 2025-01-15 00:00:00+00:00, run_after=2025-01-16 00:00:00+00:00
[2025-01-16T16:00:00.506+0000] {processor.py:208} INFO - Processing /home/airflow/.local/lib/python3.12/site-packages/airflow/example_dags/tutorial.py took 0.065 seconds
[2025-01-16T16:00:34.155+0000] {processor.py:186} INFO - Started process (PID=15555) to work on /home/airflow/.local/lib/python3.12/site-packages/airflow/example_dags/tutorial.py
[2025-01-16T16:00:34.156+0000] {processor.py:914} INFO - Processing file /home/airflow/.local/lib/python3.12/site-packages/airflow/example_dags/tutorial.py for tasks to queue
[2025-01-16T16:00:34.157+0000] {logging_mixin.py:190} INFO - [2025-01-16T16:00:34.157+0000] {dagbag.py:588} INFO - Filling up the DagBag from /home/airflow/.local/lib/python3.12/site-packages/airflow/example_dags/tutorial.py
[2025-01-16T16:00:34.163+0000] {processor.py:925} INFO - DAG(s) 'tutorial' retrieved from /home/airflow/.local/lib/python3.12/site-packages/airflow/example_dags/tutorial.py
[2025-01-16T16:00:34.179+0000] {logging_mixin.py:190} INFO - [2025-01-16T16:00:34.178+0000] {dag.py:3239} INFO - Sync 1 DAGs
[2025-01-16T16:00:34.196+0000] {logging_mixin.py:190} INFO - [2025-01-16T16:00:34.196+0000] {dag.py:4180} INFO - Setting next_dagrun for tutorial to 2025-01-15 00:00:00+00:00, run_after=2025-01-16 00:00:00+00:00
[2025-01-16T16:00:34.210+0000] {processor.py:208} INFO - Processing /home/airflow/.local/lib/python3.12/site-packages/airflow/example_dags/tutorial.py took 0.059 seconds
[2025-01-16T16:01:04.946+0000] {processor.py:186} INFO - Started process (PID=15851) to work on /home/airflow/.local/lib/python3.12/site-packages/airflow/example_dags/tutorial.py
[2025-01-16T16:01:04.947+0000] {processor.py:914} INFO - Processing file /home/airflow/.local/lib/python3.12/site-packages/airflow/example_dags/tutorial.py for tasks to queue
[2025-01-16T16:01:04.949+0000] {logging_mixin.py:190} INFO - [2025-01-16T16:01:04.948+0000] {dagbag.py:588} INFO - Filling up the DagBag from /home/airflow/.local/lib/python3.12/site-packages/airflow/example_dags/tutorial.py
[2025-01-16T16:01:04.955+0000] {processor.py:925} INFO - DAG(s) 'tutorial' retrieved from /home/airflow/.local/lib/python3.12/site-packages/airflow/example_dags/tutorial.py
[2025-01-16T16:01:04.974+0000] {logging_mixin.py:190} INFO - [2025-01-16T16:01:04.974+0000] {dag.py:3239} INFO - Sync 1 DAGs
[2025-01-16T16:01:04.997+0000] {logging_mixin.py:190} INFO - [2025-01-16T16:01:04.997+0000] {dag.py:4180} INFO - Setting next_dagrun for tutorial to 2025-01-15 00:00:00+00:00, run_after=2025-01-16 00:00:00+00:00
[2025-01-16T16:01:05.012+0000] {processor.py:208} INFO - Processing /home/airflow/.local/lib/python3.12/site-packages/airflow/example_dags/tutorial.py took 0.070 seconds
[2025-01-16T16:01:35.944+0000] {processor.py:186} INFO - Started process (PID=16147) to work on /home/airflow/.local/lib/python3.12/site-packages/airflow/example_dags/tutorial.py
[2025-01-16T16:01:35.945+0000] {processor.py:914} INFO - Processing file /home/airflow/.local/lib/python3.12/site-packages/airflow/example_dags/tutorial.py for tasks to queue
[2025-01-16T16:01:35.947+0000] {logging_mixin.py:190} INFO - [2025-01-16T16:01:35.946+0000] {dagbag.py:588} INFO - Filling up the DagBag from /home/airflow/.local/lib/python3.12/site-packages/airflow/example_dags/tutorial.py
[2025-01-16T16:01:35.953+0000] {processor.py:925} INFO - DAG(s) 'tutorial' retrieved from /home/airflow/.local/lib/python3.12/site-packages/airflow/example_dags/tutorial.py
[2025-01-16T16:01:35.974+0000] {logging_mixin.py:190} INFO - [2025-01-16T16:01:35.974+0000] {dag.py:3239} INFO - Sync 1 DAGs
[2025-01-16T16:01:35.992+0000] {logging_mixin.py:190} INFO - [2025-01-16T16:01:35.992+0000] {dag.py:4180} INFO - Setting next_dagrun for tutorial to 2025-01-15 00:00:00+00:00, run_after=2025-01-16 00:00:00+00:00
[2025-01-16T16:01:36.006+0000] {processor.py:208} INFO - Processing /home/airflow/.local/lib/python3.12/site-packages/airflow/example_dags/tutorial.py took 0.067 seconds
[2025-01-16T16:02:06.801+0000] {processor.py:186} INFO - Started process (PID=16443) to work on /home/airflow/.local/lib/python3.12/site-packages/airflow/example_dags/tutorial.py
[2025-01-16T16:02:06.802+0000] {processor.py:914} INFO - Processing file /home/airflow/.local/lib/python3.12/site-packages/airflow/example_dags/tutorial.py for tasks to queue
[2025-01-16T16:02:06.804+0000] {logging_mixin.py:190} INFO - [2025-01-16T16:02:06.803+0000] {dagbag.py:588} INFO - Filling up the DagBag from /home/airflow/.local/lib/python3.12/site-packages/airflow/example_dags/tutorial.py
[2025-01-16T16:02:06.809+0000] {processor.py:925} INFO - DAG(s) 'tutorial' retrieved from /home/airflow/.local/lib/python3.12/site-packages/airflow/example_dags/tutorial.py
[2025-01-16T16:02:06.825+0000] {logging_mixin.py:190} INFO - [2025-01-16T16:02:06.825+0000] {dag.py:3239} INFO - Sync 1 DAGs
[2025-01-16T16:02:06.844+0000] {logging_mixin.py:190} INFO - [2025-01-16T16:02:06.844+0000] {dag.py:4180} INFO - Setting next_dagrun for tutorial to 2025-01-15 00:00:00+00:00, run_after=2025-01-16 00:00:00+00:00
[2025-01-16T16:02:06.857+0000] {processor.py:208} INFO - Processing /home/airflow/.local/lib/python3.12/site-packages/airflow/example_dags/tutorial.py took 0.060 seconds
[2025-01-16T16:02:37.523+0000] {processor.py:186} INFO - Started process (PID=16744) to work on /home/airflow/.local/lib/python3.12/site-packages/airflow/example_dags/tutorial.py
[2025-01-16T16:02:37.524+0000] {processor.py:914} INFO - Processing file /home/airflow/.local/lib/python3.12/site-packages/airflow/example_dags/tutorial.py for tasks to queue
[2025-01-16T16:02:37.525+0000] {logging_mixin.py:190} INFO - [2025-01-16T16:02:37.525+0000] {dagbag.py:588} INFO - Filling up the DagBag from /home/airflow/.local/lib/python3.12/site-packages/airflow/example_dags/tutorial.py
[2025-01-16T16:02:37.531+0000] {processor.py:925} INFO - DAG(s) 'tutorial' retrieved from /home/airflow/.local/lib/python3.12/site-packages/airflow/example_dags/tutorial.py
[2025-01-16T16:02:37.546+0000] {logging_mixin.py:190} INFO - [2025-01-16T16:02:37.546+0000] {dag.py:3239} INFO - Sync 1 DAGs
[2025-01-16T16:02:37.564+0000] {logging_mixin.py:190} INFO - [2025-01-16T16:02:37.564+0000] {dag.py:4180} INFO - Setting next_dagrun for tutorial to 2025-01-15 00:00:00+00:00, run_after=2025-01-16 00:00:00+00:00
[2025-01-16T16:02:37.577+0000] {processor.py:208} INFO - Processing /home/airflow/.local/lib/python3.12/site-packages/airflow/example_dags/tutorial.py took 0.058 seconds
[2025-01-16T16:03:08.600+0000] {processor.py:186} INFO - Started process (PID=17055) to work on /home/airflow/.local/lib/python3.12/site-packages/airflow/example_dags/tutorial.py
[2025-01-16T16:03:08.601+0000] {processor.py:914} INFO - Processing file /home/airflow/.local/lib/python3.12/site-packages/airflow/example_dags/tutorial.py for tasks to queue
[2025-01-16T16:03:08.603+0000] {logging_mixin.py:190} INFO - [2025-01-16T16:03:08.603+0000] {dagbag.py:588} INFO - Filling up the DagBag from /home/airflow/.local/lib/python3.12/site-packages/airflow/example_dags/tutorial.py
[2025-01-16T16:03:08.609+0000] {processor.py:925} INFO - DAG(s) 'tutorial' retrieved from /home/airflow/.local/lib/python3.12/site-packages/airflow/example_dags/tutorial.py
[2025-01-16T16:03:08.626+0000] {logging_mixin.py:190} INFO - [2025-01-16T16:03:08.626+0000] {dag.py:3239} INFO - Sync 1 DAGs
[2025-01-16T16:03:08.645+0000] {logging_mixin.py:190} INFO - [2025-01-16T16:03:08.644+0000] {dag.py:4180} INFO - Setting next_dagrun for tutorial to 2025-01-15 00:00:00+00:00, run_after=2025-01-16 00:00:00+00:00
[2025-01-16T16:03:08.659+0000] {processor.py:208} INFO - Processing /home/airflow/.local/lib/python3.12/site-packages/airflow/example_dags/tutorial.py took 0.064 seconds
[2025-01-16T16:03:39.091+0000] {processor.py:186} INFO - Started process (PID=17351) to work on /home/airflow/.local/lib/python3.12/site-packages/airflow/example_dags/tutorial.py
[2025-01-16T16:03:39.092+0000] {processor.py:914} INFO - Processing file /home/airflow/.local/lib/python3.12/site-packages/airflow/example_dags/tutorial.py for tasks to queue
[2025-01-16T16:03:39.093+0000] {logging_mixin.py:190} INFO - [2025-01-16T16:03:39.093+0000] {dagbag.py:588} INFO - Filling up the DagBag from /home/airflow/.local/lib/python3.12/site-packages/airflow/example_dags/tutorial.py
[2025-01-16T16:03:39.100+0000] {processor.py:925} INFO - DAG(s) 'tutorial' retrieved from /home/airflow/.local/lib/python3.12/site-packages/airflow/example_dags/tutorial.py
[2025-01-16T16:03:39.115+0000] {logging_mixin.py:190} INFO - [2025-01-16T16:03:39.115+0000] {dag.py:3239} INFO - Sync 1 DAGs
[2025-01-16T16:03:39.134+0000] {logging_mixin.py:190} INFO - [2025-01-16T16:03:39.134+0000] {dag.py:4180} INFO - Setting next_dagrun for tutorial to 2025-01-15 00:00:00+00:00, run_after=2025-01-16 00:00:00+00:00
[2025-01-16T16:03:39.148+0000] {processor.py:208} INFO - Processing /home/airflow/.local/lib/python3.12/site-packages/airflow/example_dags/tutorial.py took 0.062 seconds
[2025-01-16T16:04:09.886+0000] {processor.py:186} INFO - Started process (PID=17647) to work on /home/airflow/.local/lib/python3.12/site-packages/airflow/example_dags/tutorial.py
[2025-01-16T16:04:09.887+0000] {processor.py:914} INFO - Processing file /home/airflow/.local/lib/python3.12/site-packages/airflow/example_dags/tutorial.py for tasks to queue
[2025-01-16T16:04:09.889+0000] {logging_mixin.py:190} INFO - [2025-01-16T16:04:09.889+0000] {dagbag.py:588} INFO - Filling up the DagBag from /home/airflow/.local/lib/python3.12/site-packages/airflow/example_dags/tutorial.py
[2025-01-16T16:04:09.896+0000] {processor.py:925} INFO - DAG(s) 'tutorial' retrieved from /home/airflow/.local/lib/python3.12/site-packages/airflow/example_dags/tutorial.py
[2025-01-16T16:04:09.915+0000] {logging_mixin.py:190} INFO - [2025-01-16T16:04:09.915+0000] {dag.py:3239} INFO - Sync 1 DAGs
[2025-01-16T16:04:09.939+0000] {logging_mixin.py:190} INFO - [2025-01-16T16:04:09.939+0000] {dag.py:4180} INFO - Setting next_dagrun for tutorial to 2025-01-15 00:00:00+00:00, run_after=2025-01-16 00:00:00+00:00
[2025-01-16T16:04:09.960+0000] {processor.py:208} INFO - Processing /home/airflow/.local/lib/python3.12/site-packages/airflow/example_dags/tutorial.py took 0.080 seconds
[2025-01-16T16:04:41.334+0000] {processor.py:186} INFO - Started process (PID=17943) to work on /home/airflow/.local/lib/python3.12/site-packages/airflow/example_dags/tutorial.py
[2025-01-16T16:04:41.335+0000] {processor.py:914} INFO - Processing file /home/airflow/.local/lib/python3.12/site-packages/airflow/example_dags/tutorial.py for tasks to queue
[2025-01-16T16:04:41.336+0000] {logging_mixin.py:190} INFO - [2025-01-16T16:04:41.336+0000] {dagbag.py:588} INFO - Filling up the DagBag from /home/airflow/.local/lib/python3.12/site-packages/airflow/example_dags/tutorial.py
[2025-01-16T16:04:41.342+0000] {processor.py:925} INFO - DAG(s) 'tutorial' retrieved from /home/airflow/.local/lib/python3.12/site-packages/airflow/example_dags/tutorial.py
[2025-01-16T16:04:41.357+0000] {logging_mixin.py:190} INFO - [2025-01-16T16:04:41.357+0000] {dag.py:3239} INFO - Sync 1 DAGs
[2025-01-16T16:04:41.378+0000] {logging_mixin.py:190} INFO - [2025-01-16T16:04:41.377+0000] {dag.py:4180} INFO - Setting next_dagrun for tutorial to 2025-01-15 00:00:00+00:00, run_after=2025-01-16 00:00:00+00:00
[2025-01-16T16:04:41.394+0000] {processor.py:208} INFO - Processing /home/airflow/.local/lib/python3.12/site-packages/airflow/example_dags/tutorial.py took 0.064 seconds
[2025-01-16T16:05:12.840+0000] {processor.py:186} INFO - Started process (PID=18239) to work on /home/airflow/.local/lib/python3.12/site-packages/airflow/example_dags/tutorial.py
[2025-01-16T16:05:12.841+0000] {processor.py:914} INFO - Processing file /home/airflow/.local/lib/python3.12/site-packages/airflow/example_dags/tutorial.py for tasks to queue
[2025-01-16T16:05:12.843+0000] {logging_mixin.py:190} INFO - [2025-01-16T16:05:12.842+0000] {dagbag.py:588} INFO - Filling up the DagBag from /home/airflow/.local/lib/python3.12/site-packages/airflow/example_dags/tutorial.py
[2025-01-16T16:05:12.852+0000] {processor.py:925} INFO - DAG(s) 'tutorial' retrieved from /home/airflow/.local/lib/python3.12/site-packages/airflow/example_dags/tutorial.py
[2025-01-16T16:05:12.872+0000] {logging_mixin.py:190} INFO - [2025-01-16T16:05:12.871+0000] {dag.py:3239} INFO - Sync 1 DAGs
[2025-01-16T16:05:13.115+0000] {logging_mixin.py:190} INFO - [2025-01-16T16:05:13.114+0000] {dag.py:4180} INFO - Setting next_dagrun for tutorial to 2025-01-15 00:00:00+00:00, run_after=2025-01-16 00:00:00+00:00
[2025-01-16T16:05:13.127+0000] {processor.py:208} INFO - Processing /home/airflow/.local/lib/python3.12/site-packages/airflow/example_dags/tutorial.py took 0.291 seconds
[2025-01-16T16:05:43.174+0000] {processor.py:186} INFO - Started process (PID=18535) to work on /home/airflow/.local/lib/python3.12/site-packages/airflow/example_dags/tutorial.py
[2025-01-16T16:05:43.174+0000] {processor.py:914} INFO - Processing file /home/airflow/.local/lib/python3.12/site-packages/airflow/example_dags/tutorial.py for tasks to queue
[2025-01-16T16:05:43.175+0000] {logging_mixin.py:190} INFO - [2025-01-16T16:05:43.175+0000] {dagbag.py:588} INFO - Filling up the DagBag from /home/airflow/.local/lib/python3.12/site-packages/airflow/example_dags/tutorial.py
[2025-01-16T16:05:43.182+0000] {processor.py:925} INFO - DAG(s) 'tutorial' retrieved from /home/airflow/.local/lib/python3.12/site-packages/airflow/example_dags/tutorial.py
[2025-01-16T16:05:43.198+0000] {logging_mixin.py:190} INFO - [2025-01-16T16:05:43.197+0000] {dag.py:3239} INFO - Sync 1 DAGs
[2025-01-16T16:05:43.216+0000] {logging_mixin.py:190} INFO - [2025-01-16T16:05:43.216+0000] {dag.py:4180} INFO - Setting next_dagrun for tutorial to 2025-01-15 00:00:00+00:00, run_after=2025-01-16 00:00:00+00:00
[2025-01-16T16:05:43.373+0000] {processor.py:208} INFO - Processing /home/airflow/.local/lib/python3.12/site-packages/airflow/example_dags/tutorial.py took 0.204 seconds
[2025-01-16T16:06:14.555+0000] {processor.py:186} INFO - Started process (PID=18831) to work on /home/airflow/.local/lib/python3.12/site-packages/airflow/example_dags/tutorial.py
[2025-01-16T16:06:14.556+0000] {processor.py:914} INFO - Processing file /home/airflow/.local/lib/python3.12/site-packages/airflow/example_dags/tutorial.py for tasks to queue
[2025-01-16T16:06:14.556+0000] {logging_mixin.py:190} INFO - [2025-01-16T16:06:14.556+0000] {dagbag.py:588} INFO - Filling up the DagBag from /home/airflow/.local/lib/python3.12/site-packages/airflow/example_dags/tutorial.py
[2025-01-16T16:06:14.563+0000] {processor.py:925} INFO - DAG(s) 'tutorial' retrieved from /home/airflow/.local/lib/python3.12/site-packages/airflow/example_dags/tutorial.py
[2025-01-16T16:06:14.577+0000] {logging_mixin.py:190} INFO - [2025-01-16T16:06:14.577+0000] {dag.py:3239} INFO - Sync 1 DAGs
[2025-01-16T16:06:14.595+0000] {logging_mixin.py:190} INFO - [2025-01-16T16:06:14.594+0000] {dag.py:4180} INFO - Setting next_dagrun for tutorial to 2025-01-15 00:00:00+00:00, run_after=2025-01-16 00:00:00+00:00
[2025-01-16T16:06:14.612+0000] {processor.py:208} INFO - Processing /home/airflow/.local/lib/python3.12/site-packages/airflow/example_dags/tutorial.py took 0.061 seconds
[2025-01-16T16:06:45.966+0000] {processor.py:186} INFO - Started process (PID=19127) to work on /home/airflow/.local/lib/python3.12/site-packages/airflow/example_dags/tutorial.py
[2025-01-16T16:06:45.966+0000] {processor.py:914} INFO - Processing file /home/airflow/.local/lib/python3.12/site-packages/airflow/example_dags/tutorial.py for tasks to queue
[2025-01-16T16:06:45.967+0000] {logging_mixin.py:190} INFO - [2025-01-16T16:06:45.967+0000] {dagbag.py:588} INFO - Filling up the DagBag from /home/airflow/.local/lib/python3.12/site-packages/airflow/example_dags/tutorial.py
[2025-01-16T16:06:45.974+0000] {processor.py:925} INFO - DAG(s) 'tutorial' retrieved from /home/airflow/.local/lib/python3.12/site-packages/airflow/example_dags/tutorial.py
[2025-01-16T16:06:45.988+0000] {logging_mixin.py:190} INFO - [2025-01-16T16:06:45.988+0000] {dag.py:3239} INFO - Sync 1 DAGs
[2025-01-16T16:06:46.005+0000] {logging_mixin.py:190} INFO - [2025-01-16T16:06:46.005+0000] {dag.py:4180} INFO - Setting next_dagrun for tutorial to 2025-01-15 00:00:00+00:00, run_after=2025-01-16 00:00:00+00:00
[2025-01-16T16:06:46.019+0000] {processor.py:208} INFO - Processing /home/airflow/.local/lib/python3.12/site-packages/airflow/example_dags/tutorial.py took 0.058 seconds
[2025-01-16T16:07:16.914+0000] {processor.py:186} INFO - Started process (PID=19423) to work on /home/airflow/.local/lib/python3.12/site-packages/airflow/example_dags/tutorial.py
[2025-01-16T16:07:16.914+0000] {processor.py:914} INFO - Processing file /home/airflow/.local/lib/python3.12/site-packages/airflow/example_dags/tutorial.py for tasks to queue
[2025-01-16T16:07:16.915+0000] {logging_mixin.py:190} INFO - [2025-01-16T16:07:16.915+0000] {dagbag.py:588} INFO - Filling up the DagBag from /home/airflow/.local/lib/python3.12/site-packages/airflow/example_dags/tutorial.py
[2025-01-16T16:07:16.921+0000] {processor.py:925} INFO - DAG(s) 'tutorial' retrieved from /home/airflow/.local/lib/python3.12/site-packages/airflow/example_dags/tutorial.py
[2025-01-16T16:07:16.936+0000] {logging_mixin.py:190} INFO - [2025-01-16T16:07:16.936+0000] {dag.py:3239} INFO - Sync 1 DAGs
[2025-01-16T16:07:16.953+0000] {logging_mixin.py:190} INFO - [2025-01-16T16:07:16.953+0000] {dag.py:4180} INFO - Setting next_dagrun for tutorial to 2025-01-15 00:00:00+00:00, run_after=2025-01-16 00:00:00+00:00
[2025-01-16T16:07:16.968+0000] {processor.py:208} INFO - Processing /home/airflow/.local/lib/python3.12/site-packages/airflow/example_dags/tutorial.py took 0.059 seconds
[2025-01-16T16:07:47.905+0000] {processor.py:186} INFO - Started process (PID=19719) to work on /home/airflow/.local/lib/python3.12/site-packages/airflow/example_dags/tutorial.py
[2025-01-16T16:07:47.906+0000] {processor.py:914} INFO - Processing file /home/airflow/.local/lib/python3.12/site-packages/airflow/example_dags/tutorial.py for tasks to queue
[2025-01-16T16:07:47.907+0000] {logging_mixin.py:190} INFO - [2025-01-16T16:07:47.907+0000] {dagbag.py:588} INFO - Filling up the DagBag from /home/airflow/.local/lib/python3.12/site-packages/airflow/example_dags/tutorial.py
[2025-01-16T16:07:47.913+0000] {processor.py:925} INFO - DAG(s) 'tutorial' retrieved from /home/airflow/.local/lib/python3.12/site-packages/airflow/example_dags/tutorial.py
[2025-01-16T16:07:47.928+0000] {logging_mixin.py:190} INFO - [2025-01-16T16:07:47.928+0000] {dag.py:3239} INFO - Sync 1 DAGs
[2025-01-16T16:07:47.946+0000] {logging_mixin.py:190} INFO - [2025-01-16T16:07:47.946+0000] {dag.py:4180} INFO - Setting next_dagrun for tutorial to 2025-01-15 00:00:00+00:00, run_after=2025-01-16 00:00:00+00:00
[2025-01-16T16:07:47.960+0000] {processor.py:208} INFO - Processing /home/airflow/.local/lib/python3.12/site-packages/airflow/example_dags/tutorial.py took 0.060 seconds
[2025-01-16T16:08:19.392+0000] {processor.py:186} INFO - Started process (PID=20017) to work on /home/airflow/.local/lib/python3.12/site-packages/airflow/example_dags/tutorial.py
[2025-01-16T16:08:19.395+0000] {processor.py:914} INFO - Processing file /home/airflow/.local/lib/python3.12/site-packages/airflow/example_dags/tutorial.py for tasks to queue
[2025-01-16T16:08:19.397+0000] {logging_mixin.py:190} INFO - [2025-01-16T16:08:19.396+0000] {dagbag.py:588} INFO - Filling up the DagBag from /home/airflow/.local/lib/python3.12/site-packages/airflow/example_dags/tutorial.py
[2025-01-16T16:08:19.406+0000] {processor.py:925} INFO - DAG(s) 'tutorial' retrieved from /home/airflow/.local/lib/python3.12/site-packages/airflow/example_dags/tutorial.py
[2025-01-16T16:08:19.425+0000] {logging_mixin.py:190} INFO - [2025-01-16T16:08:19.424+0000] {dag.py:3239} INFO - Sync 1 DAGs
[2025-01-16T16:08:19.446+0000] {logging_mixin.py:190} INFO - [2025-01-16T16:08:19.446+0000] {dag.py:4180} INFO - Setting next_dagrun for tutorial to 2025-01-15 00:00:00+00:00, run_after=2025-01-16 00:00:00+00:00
[2025-01-16T16:08:19.462+0000] {processor.py:208} INFO - Processing /home/airflow/.local/lib/python3.12/site-packages/airflow/example_dags/tutorial.py took 0.074 seconds
