[2025-02-01T18:17:26.196+0000] {local_task_job_runner.py:123} INFO - ::group::Pre task execution logs
[2025-02-01T18:17:26.219+0000] {taskinstance.py:2613} INFO - Dependencies all met for dep_context=non-requeueable deps ti=<TaskInstance: save_to_minio.save_to_minio scheduled__2025-01-31T00:00:00+00:00 [queued]>
[2025-02-01T18:17:26.229+0000] {taskinstance.py:2613} INFO - Dependencies all met for dep_context=requeueable deps ti=<TaskInstance: save_to_minio.save_to_minio scheduled__2025-01-31T00:00:00+00:00 [queued]>
[2025-02-01T18:17:26.230+0000] {taskinstance.py:2866} INFO - Starting attempt 1 of 6
[2025-02-01T18:17:26.242+0000] {taskinstance.py:2889} INFO - Executing <Task(PythonOperator): save_to_minio> on 2025-01-31 00:00:00+00:00
[2025-02-01T18:17:26.251+0000] {standard_task_runner.py:72} INFO - Started process 207 to run task
[2025-02-01T18:17:26.255+0000] {standard_task_runner.py:104} INFO - Running: ['***', 'tasks', 'run', 'save_to_minio', 'save_to_minio', 'scheduled__2025-01-31T00:00:00+00:00', '--job-id', '3', '--raw', '--subdir', 'DAGS_FOLDER/main_pipeline.py', '--cfg-path', '/tmp/tmpmi5g_l98']
[2025-02-01T18:17:26.260+0000] {standard_task_runner.py:105} INFO - Job 3: Subtask save_to_minio
[2025-02-01T18:17:26.312+0000] {task_command.py:467} INFO - Running <TaskInstance: save_to_minio.save_to_minio scheduled__2025-01-31T00:00:00+00:00 [running]> on host 737d6dd1114b
[2025-02-01T18:17:26.388+0000] {taskinstance.py:3132} INFO - Exporting env vars: AIRFLOW_CTX_DAG_OWNER='andrewsis' AIRFLOW_CTX_DAG_ID='save_to_minio' AIRFLOW_CTX_TASK_ID='save_to_minio' AIRFLOW_CTX_EXECUTION_DATE='2025-01-31T00:00:00+00:00' AIRFLOW_CTX_TRY_NUMBER='1' AIRFLOW_CTX_DAG_RUN_ID='scheduled__2025-01-31T00:00:00+00:00'
[2025-02-01T18:17:26.390+0000] {taskinstance.py:731} INFO - ::endgroup::
[2025-02-01T18:17:28.629+0000] {base.py:84} INFO - Retrieving connection 'minio_conn'
[2025-02-01T18:17:28.631+0000] {connection_wrapper.py:325} INFO - AWS Connection (conn_id='minio_conn', conn_type='aws') credentials retrieved from login and password.
[2025-02-01T18:17:29.142+0000] {python.py:240} INFO - Done. Returned value was: None
[2025-02-01T18:17:29.149+0000] {taskinstance.py:340} INFO - ::group::Post task execution logs
[2025-02-01T18:17:29.150+0000] {taskinstance.py:352} INFO - Marking task as SUCCESS. dag_id=save_to_minio, task_id=save_to_minio, run_id=scheduled__2025-01-31T00:00:00+00:00, execution_date=20250131T000000, start_date=20250201T181726, end_date=20250201T181729
[2025-02-01T18:17:29.199+0000] {local_task_job_runner.py:266} INFO - Task exited with return code 0
[2025-02-01T18:17:29.221+0000] {taskinstance.py:3895} INFO - 1 downstream tasks scheduled from follow-on schedule check
[2025-02-01T18:17:29.223+0000] {local_task_job_runner.py:245} INFO - ::endgroup::
[2025-02-01T18:48:42.169+0000] {local_task_job_runner.py:123} INFO - ::group::Pre task execution logs
[2025-02-01T18:48:42.183+0000] {taskinstance.py:2613} INFO - Dependencies all met for dep_context=non-requeueable deps ti=<TaskInstance: save_to_minio.save_to_minio scheduled__2025-01-31T00:00:00+00:00 [queued]>
[2025-02-01T18:48:42.190+0000] {taskinstance.py:2613} INFO - Dependencies all met for dep_context=requeueable deps ti=<TaskInstance: save_to_minio.save_to_minio scheduled__2025-01-31T00:00:00+00:00 [queued]>
[2025-02-01T18:48:42.192+0000] {taskinstance.py:2866} INFO - Starting attempt 1 of 6
[2025-02-01T18:48:42.202+0000] {taskinstance.py:2889} INFO - Executing <Task(PythonOperator): save_to_minio> on 2025-01-31 00:00:00+00:00
[2025-02-01T18:48:42.207+0000] {standard_task_runner.py:72} INFO - Started process 207 to run task
[2025-02-01T18:48:42.209+0000] {standard_task_runner.py:104} INFO - Running: ['***', 'tasks', 'run', 'save_to_minio', 'save_to_minio', 'scheduled__2025-01-31T00:00:00+00:00', '--job-id', '3', '--raw', '--subdir', 'DAGS_FOLDER/main_pipeline.py', '--cfg-path', '/tmp/tmpe5f2u32_']
[2025-02-01T18:48:42.211+0000] {standard_task_runner.py:105} INFO - Job 3: Subtask save_to_minio
[2025-02-01T18:48:42.248+0000] {task_command.py:467} INFO - Running <TaskInstance: save_to_minio.save_to_minio scheduled__2025-01-31T00:00:00+00:00 [running]> on host 30dcbc5a0039
[2025-02-01T18:48:42.311+0000] {taskinstance.py:3132} INFO - Exporting env vars: AIRFLOW_CTX_DAG_OWNER='andrewsis' AIRFLOW_CTX_DAG_ID='save_to_minio' AIRFLOW_CTX_TASK_ID='save_to_minio' AIRFLOW_CTX_EXECUTION_DATE='2025-01-31T00:00:00+00:00' AIRFLOW_CTX_TRY_NUMBER='1' AIRFLOW_CTX_DAG_RUN_ID='scheduled__2025-01-31T00:00:00+00:00'
[2025-02-01T18:48:42.313+0000] {taskinstance.py:731} INFO - ::endgroup::
[2025-02-01T18:48:45.150+0000] {base.py:84} INFO - Retrieving connection 'minio_conn'
[2025-02-01T18:48:45.151+0000] {connection_wrapper.py:325} INFO - AWS Connection (conn_id='minio_conn', conn_type='aws') credentials retrieved from login and password.
[2025-02-01T18:48:45.580+0000] {python.py:240} INFO - Done. Returned value was: None
[2025-02-01T18:48:45.587+0000] {taskinstance.py:340} INFO - ::group::Post task execution logs
[2025-02-01T18:48:45.588+0000] {taskinstance.py:352} INFO - Marking task as SUCCESS. dag_id=save_to_minio, task_id=save_to_minio, run_id=scheduled__2025-01-31T00:00:00+00:00, execution_date=20250131T000000, start_date=20250201T184842, end_date=20250201T184845
[2025-02-01T18:48:45.633+0000] {local_task_job_runner.py:266} INFO - Task exited with return code 0
[2025-02-01T18:48:45.653+0000] {taskinstance.py:3895} INFO - 1 downstream tasks scheduled from follow-on schedule check
[2025-02-01T18:48:45.654+0000] {local_task_job_runner.py:245} INFO - ::endgroup::
[2025-02-01T19:21:54.333+0000] {local_task_job_runner.py:123} INFO - ::group::Pre task execution logs
[2025-02-01T19:21:54.346+0000] {taskinstance.py:2613} INFO - Dependencies all met for dep_context=non-requeueable deps ti=<TaskInstance: save_to_minio.save_to_minio scheduled__2025-01-31T00:00:00+00:00 [queued]>
[2025-02-01T19:21:54.353+0000] {taskinstance.py:2613} INFO - Dependencies all met for dep_context=requeueable deps ti=<TaskInstance: save_to_minio.save_to_minio scheduled__2025-01-31T00:00:00+00:00 [queued]>
[2025-02-01T19:21:54.354+0000] {taskinstance.py:2866} INFO - Starting attempt 1 of 6
[2025-02-01T19:21:54.364+0000] {taskinstance.py:2889} INFO - Executing <Task(PythonOperator): save_to_minio> on 2025-01-31 00:00:00+00:00
[2025-02-01T19:21:54.369+0000] {standard_task_runner.py:72} INFO - Started process 196 to run task
[2025-02-01T19:21:54.370+0000] {standard_task_runner.py:104} INFO - Running: ['***', 'tasks', 'run', 'save_to_minio', 'save_to_minio', 'scheduled__2025-01-31T00:00:00+00:00', '--job-id', '3', '--raw', '--subdir', 'DAGS_FOLDER/main_pipeline.py', '--cfg-path', '/tmp/tmpicsbig7l']
[2025-02-01T19:21:54.372+0000] {standard_task_runner.py:105} INFO - Job 3: Subtask save_to_minio
[2025-02-01T19:21:54.407+0000] {task_command.py:467} INFO - Running <TaskInstance: save_to_minio.save_to_minio scheduled__2025-01-31T00:00:00+00:00 [running]> on host 75b7417aafc8
[2025-02-01T19:21:54.467+0000] {taskinstance.py:3132} INFO - Exporting env vars: AIRFLOW_CTX_DAG_OWNER='andrewsis' AIRFLOW_CTX_DAG_ID='save_to_minio' AIRFLOW_CTX_TASK_ID='save_to_minio' AIRFLOW_CTX_EXECUTION_DATE='2025-01-31T00:00:00+00:00' AIRFLOW_CTX_TRY_NUMBER='1' AIRFLOW_CTX_DAG_RUN_ID='scheduled__2025-01-31T00:00:00+00:00'
[2025-02-01T19:21:54.469+0000] {taskinstance.py:731} INFO - ::endgroup::
[2025-02-01T19:21:56.608+0000] {base.py:84} INFO - Retrieving connection 'minio_conn'
[2025-02-01T19:21:56.609+0000] {connection_wrapper.py:325} INFO - AWS Connection (conn_id='minio_conn', conn_type='aws') credentials retrieved from login and password.
[2025-02-01T19:21:56.989+0000] {python.py:240} INFO - Done. Returned value was: None
[2025-02-01T19:21:56.998+0000] {taskinstance.py:340} INFO - ::group::Post task execution logs
[2025-02-01T19:21:56.999+0000] {taskinstance.py:352} INFO - Marking task as SUCCESS. dag_id=save_to_minio, task_id=save_to_minio, run_id=scheduled__2025-01-31T00:00:00+00:00, execution_date=20250131T000000, start_date=20250201T192154, end_date=20250201T192156
[2025-02-01T19:21:57.033+0000] {local_task_job_runner.py:266} INFO - Task exited with return code 0
[2025-02-01T19:21:57.049+0000] {taskinstance.py:3895} INFO - 0 downstream tasks scheduled from follow-on schedule check
[2025-02-01T19:21:57.050+0000] {local_task_job_runner.py:245} INFO - ::endgroup::
[2025-02-01T21:55:24.339+0000] {local_task_job_runner.py:123} INFO - ::group::Pre task execution logs
[2025-02-01T21:55:24.351+0000] {taskinstance.py:2613} INFO - Dependencies all met for dep_context=non-requeueable deps ti=<TaskInstance: save_to_minio.save_to_minio scheduled__2025-01-31T00:00:00+00:00 [queued]>
[2025-02-01T21:55:24.357+0000] {taskinstance.py:2613} INFO - Dependencies all met for dep_context=requeueable deps ti=<TaskInstance: save_to_minio.save_to_minio scheduled__2025-01-31T00:00:00+00:00 [queued]>
[2025-02-01T21:55:24.358+0000] {taskinstance.py:2866} INFO - Starting attempt 1 of 6
[2025-02-01T21:55:24.368+0000] {taskinstance.py:2889} INFO - Executing <Task(PythonOperator): save_to_minio> on 2025-01-31 00:00:00+00:00
[2025-02-01T21:55:24.372+0000] {standard_task_runner.py:72} INFO - Started process 207 to run task
[2025-02-01T21:55:24.374+0000] {standard_task_runner.py:104} INFO - Running: ['***', 'tasks', 'run', 'save_to_minio', 'save_to_minio', 'scheduled__2025-01-31T00:00:00+00:00', '--job-id', '3', '--raw', '--subdir', 'DAGS_FOLDER/main_pipeline.py', '--cfg-path', '/tmp/tmpyy2qume9']
[2025-02-01T21:55:24.377+0000] {standard_task_runner.py:105} INFO - Job 3: Subtask save_to_minio
[2025-02-01T21:55:24.412+0000] {task_command.py:467} INFO - Running <TaskInstance: save_to_minio.save_to_minio scheduled__2025-01-31T00:00:00+00:00 [running]> on host 2f541c1544a4
[2025-02-01T21:55:24.472+0000] {taskinstance.py:3132} INFO - Exporting env vars: AIRFLOW_CTX_DAG_OWNER='andrewsis' AIRFLOW_CTX_DAG_ID='save_to_minio' AIRFLOW_CTX_TASK_ID='save_to_minio' AIRFLOW_CTX_EXECUTION_DATE='2025-01-31T00:00:00+00:00' AIRFLOW_CTX_TRY_NUMBER='1' AIRFLOW_CTX_DAG_RUN_ID='scheduled__2025-01-31T00:00:00+00:00'
[2025-02-01T21:55:24.473+0000] {taskinstance.py:731} INFO - ::endgroup::
[2025-02-01T21:55:26.646+0000] {base.py:84} INFO - Retrieving connection 'minio_conn'
[2025-02-01T21:55:26.647+0000] {connection_wrapper.py:325} INFO - AWS Connection (conn_id='minio_conn', conn_type='aws') credentials retrieved from login and password.
[2025-02-01T21:55:27.038+0000] {python.py:240} INFO - Done. Returned value was: None
[2025-02-01T21:55:27.047+0000] {taskinstance.py:340} INFO - ::group::Post task execution logs
[2025-02-01T21:55:27.048+0000] {taskinstance.py:352} INFO - Marking task as SUCCESS. dag_id=save_to_minio, task_id=save_to_minio, run_id=scheduled__2025-01-31T00:00:00+00:00, execution_date=20250131T000000, start_date=20250201T215524, end_date=20250201T215527
[2025-02-01T21:55:27.076+0000] {local_task_job_runner.py:266} INFO - Task exited with return code 0
[2025-02-01T21:55:27.097+0000] {taskinstance.py:3895} INFO - 1 downstream tasks scheduled from follow-on schedule check
[2025-02-01T21:55:27.100+0000] {local_task_job_runner.py:245} INFO - ::endgroup::
[2025-02-01T22:12:36.127+0000] {local_task_job_runner.py:123} INFO - ::group::Pre task execution logs
[2025-02-01T22:12:36.139+0000] {taskinstance.py:2613} INFO - Dependencies all met for dep_context=non-requeueable deps ti=<TaskInstance: save_to_minio.save_to_minio scheduled__2025-01-31T00:00:00+00:00 [queued]>
[2025-02-01T22:12:36.145+0000] {taskinstance.py:2613} INFO - Dependencies all met for dep_context=requeueable deps ti=<TaskInstance: save_to_minio.save_to_minio scheduled__2025-01-31T00:00:00+00:00 [queued]>
[2025-02-01T22:12:36.146+0000] {taskinstance.py:2866} INFO - Starting attempt 1 of 6
[2025-02-01T22:12:36.155+0000] {taskinstance.py:2889} INFO - Executing <Task(PythonOperator): save_to_minio> on 2025-01-31 00:00:00+00:00
[2025-02-01T22:12:36.159+0000] {standard_task_runner.py:72} INFO - Started process 196 to run task
[2025-02-01T22:12:36.161+0000] {standard_task_runner.py:104} INFO - Running: ['***', 'tasks', 'run', 'save_to_minio', 'save_to_minio', 'scheduled__2025-01-31T00:00:00+00:00', '--job-id', '3', '--raw', '--subdir', 'DAGS_FOLDER/main_pipeline.py', '--cfg-path', '/tmp/tmp9_g9egbb']
[2025-02-01T22:12:36.163+0000] {standard_task_runner.py:105} INFO - Job 3: Subtask save_to_minio
[2025-02-01T22:12:36.200+0000] {task_command.py:467} INFO - Running <TaskInstance: save_to_minio.save_to_minio scheduled__2025-01-31T00:00:00+00:00 [running]> on host 7b8c122315be
[2025-02-01T22:12:36.261+0000] {taskinstance.py:3132} INFO - Exporting env vars: AIRFLOW_CTX_DAG_OWNER='andrewsis' AIRFLOW_CTX_DAG_ID='save_to_minio' AIRFLOW_CTX_TASK_ID='save_to_minio' AIRFLOW_CTX_EXECUTION_DATE='2025-01-31T00:00:00+00:00' AIRFLOW_CTX_TRY_NUMBER='1' AIRFLOW_CTX_DAG_RUN_ID='scheduled__2025-01-31T00:00:00+00:00'
[2025-02-01T22:12:36.262+0000] {taskinstance.py:731} INFO - ::endgroup::
[2025-02-01T22:12:38.398+0000] {base.py:84} INFO - Retrieving connection 'minio_conn'
[2025-02-01T22:12:38.399+0000] {connection_wrapper.py:325} INFO - AWS Connection (conn_id='minio_conn', conn_type='aws') credentials retrieved from login and password.
[2025-02-01T22:12:38.786+0000] {python.py:240} INFO - Done. Returned value was: None
[2025-02-01T22:12:38.795+0000] {taskinstance.py:340} INFO - ::group::Post task execution logs
[2025-02-01T22:12:38.797+0000] {taskinstance.py:352} INFO - Marking task as SUCCESS. dag_id=save_to_minio, task_id=save_to_minio, run_id=scheduled__2025-01-31T00:00:00+00:00, execution_date=20250131T000000, start_date=20250201T221236, end_date=20250201T221238
[2025-02-01T22:12:38.822+0000] {local_task_job_runner.py:266} INFO - Task exited with return code 0
[2025-02-01T22:12:38.842+0000] {taskinstance.py:3895} INFO - 1 downstream tasks scheduled from follow-on schedule check
[2025-02-01T22:12:38.844+0000] {local_task_job_runner.py:245} INFO - ::endgroup::
[2025-02-01T22:20:30.950+0000] {local_task_job_runner.py:123} INFO - ::group::Pre task execution logs
[2025-02-01T22:20:30.963+0000] {taskinstance.py:2613} INFO - Dependencies all met for dep_context=non-requeueable deps ti=<TaskInstance: save_to_minio.save_to_minio scheduled__2025-01-31T00:00:00+00:00 [queued]>
[2025-02-01T22:20:30.969+0000] {taskinstance.py:2613} INFO - Dependencies all met for dep_context=requeueable deps ti=<TaskInstance: save_to_minio.save_to_minio scheduled__2025-01-31T00:00:00+00:00 [queued]>
[2025-02-01T22:20:30.970+0000] {taskinstance.py:2866} INFO - Starting attempt 1 of 6
[2025-02-01T22:20:30.979+0000] {taskinstance.py:2889} INFO - Executing <Task(PythonOperator): save_to_minio> on 2025-01-31 00:00:00+00:00
[2025-02-01T22:20:30.983+0000] {standard_task_runner.py:72} INFO - Started process 197 to run task
[2025-02-01T22:20:30.986+0000] {standard_task_runner.py:104} INFO - Running: ['***', 'tasks', 'run', 'save_to_minio', 'save_to_minio', 'scheduled__2025-01-31T00:00:00+00:00', '--job-id', '3', '--raw', '--subdir', 'DAGS_FOLDER/main_pipeline.py', '--cfg-path', '/tmp/tmp1p17btce']
[2025-02-01T22:20:30.988+0000] {standard_task_runner.py:105} INFO - Job 3: Subtask save_to_minio
[2025-02-01T22:20:31.025+0000] {task_command.py:467} INFO - Running <TaskInstance: save_to_minio.save_to_minio scheduled__2025-01-31T00:00:00+00:00 [running]> on host aa1cd894ce8b
[2025-02-01T22:20:31.092+0000] {taskinstance.py:3132} INFO - Exporting env vars: AIRFLOW_CTX_DAG_OWNER='andrewsis' AIRFLOW_CTX_DAG_ID='save_to_minio' AIRFLOW_CTX_TASK_ID='save_to_minio' AIRFLOW_CTX_EXECUTION_DATE='2025-01-31T00:00:00+00:00' AIRFLOW_CTX_TRY_NUMBER='1' AIRFLOW_CTX_DAG_RUN_ID='scheduled__2025-01-31T00:00:00+00:00'
[2025-02-01T22:20:31.093+0000] {taskinstance.py:731} INFO - ::endgroup::
[2025-02-01T22:20:33.204+0000] {base.py:84} INFO - Retrieving connection 'minio_conn'
[2025-02-01T22:20:33.205+0000] {connection_wrapper.py:325} INFO - AWS Connection (conn_id='minio_conn', conn_type='aws') credentials retrieved from login and password.
[2025-02-01T22:20:33.605+0000] {python.py:240} INFO - Done. Returned value was: None
[2025-02-01T22:20:33.614+0000] {taskinstance.py:340} INFO - ::group::Post task execution logs
[2025-02-01T22:20:33.615+0000] {taskinstance.py:352} INFO - Marking task as SUCCESS. dag_id=save_to_minio, task_id=save_to_minio, run_id=scheduled__2025-01-31T00:00:00+00:00, execution_date=20250131T000000, start_date=20250201T222030, end_date=20250201T222033
[2025-02-01T22:20:33.647+0000] {local_task_job_runner.py:266} INFO - Task exited with return code 0
[2025-02-01T22:20:33.665+0000] {taskinstance.py:3895} INFO - 0 downstream tasks scheduled from follow-on schedule check
[2025-02-01T22:20:33.667+0000] {local_task_job_runner.py:245} INFO - ::endgroup::
[2025-02-01T22:36:36.040+0000] {local_task_job_runner.py:123} INFO - ::group::Pre task execution logs
[2025-02-01T22:36:36.056+0000] {taskinstance.py:2613} INFO - Dependencies all met for dep_context=non-requeueable deps ti=<TaskInstance: save_to_minio.save_to_minio scheduled__2025-01-31T00:00:00+00:00 [queued]>
[2025-02-01T22:36:36.066+0000] {taskinstance.py:2613} INFO - Dependencies all met for dep_context=requeueable deps ti=<TaskInstance: save_to_minio.save_to_minio scheduled__2025-01-31T00:00:00+00:00 [queued]>
[2025-02-01T22:36:36.067+0000] {taskinstance.py:2866} INFO - Starting attempt 1 of 6
[2025-02-01T22:36:36.079+0000] {taskinstance.py:2889} INFO - Executing <Task(PythonOperator): save_to_minio> on 2025-01-31 00:00:00+00:00
[2025-02-01T22:36:36.086+0000] {standard_task_runner.py:72} INFO - Started process 196 to run task
[2025-02-01T22:36:36.089+0000] {standard_task_runner.py:104} INFO - Running: ['***', 'tasks', 'run', 'save_to_minio', 'save_to_minio', 'scheduled__2025-01-31T00:00:00+00:00', '--job-id', '3', '--raw', '--subdir', 'DAGS_FOLDER/main_pipeline.py', '--cfg-path', '/tmp/tmpgnuleaws']
[2025-02-01T22:36:36.092+0000] {standard_task_runner.py:105} INFO - Job 3: Subtask save_to_minio
[2025-02-01T22:36:36.135+0000] {task_command.py:467} INFO - Running <TaskInstance: save_to_minio.save_to_minio scheduled__2025-01-31T00:00:00+00:00 [running]> on host 97249e48f795
[2025-02-01T22:36:36.205+0000] {taskinstance.py:3132} INFO - Exporting env vars: AIRFLOW_CTX_DAG_OWNER='andrewsis' AIRFLOW_CTX_DAG_ID='save_to_minio' AIRFLOW_CTX_TASK_ID='save_to_minio' AIRFLOW_CTX_EXECUTION_DATE='2025-01-31T00:00:00+00:00' AIRFLOW_CTX_TRY_NUMBER='1' AIRFLOW_CTX_DAG_RUN_ID='scheduled__2025-01-31T00:00:00+00:00'
[2025-02-01T22:36:36.206+0000] {taskinstance.py:731} INFO - ::endgroup::
[2025-02-01T22:36:38.366+0000] {base.py:84} INFO - Retrieving connection 'minio_conn'
[2025-02-01T22:36:38.367+0000] {connection_wrapper.py:325} INFO - AWS Connection (conn_id='minio_conn', conn_type='aws') credentials retrieved from login and password.
[2025-02-01T22:36:38.757+0000] {python.py:240} INFO - Done. Returned value was: None
[2025-02-01T22:36:38.765+0000] {taskinstance.py:340} INFO - ::group::Post task execution logs
[2025-02-01T22:36:38.766+0000] {taskinstance.py:352} INFO - Marking task as SUCCESS. dag_id=save_to_minio, task_id=save_to_minio, run_id=scheduled__2025-01-31T00:00:00+00:00, execution_date=20250131T000000, start_date=20250201T223636, end_date=20250201T223638
[2025-02-01T22:36:38.791+0000] {local_task_job_runner.py:266} INFO - Task exited with return code 0
[2025-02-01T22:36:38.812+0000] {taskinstance.py:3895} INFO - 1 downstream tasks scheduled from follow-on schedule check
[2025-02-01T22:36:38.815+0000] {local_task_job_runner.py:245} INFO - ::endgroup::
[2025-02-01T22:40:40.279+0000] {local_task_job_runner.py:123} INFO - ::group::Pre task execution logs
[2025-02-01T22:40:40.293+0000] {taskinstance.py:2613} INFO - Dependencies all met for dep_context=non-requeueable deps ti=<TaskInstance: save_to_minio.save_to_minio scheduled__2025-01-31T00:00:00+00:00 [queued]>
[2025-02-01T22:40:40.300+0000] {taskinstance.py:2613} INFO - Dependencies all met for dep_context=requeueable deps ti=<TaskInstance: save_to_minio.save_to_minio scheduled__2025-01-31T00:00:00+00:00 [queued]>
[2025-02-01T22:40:40.302+0000] {taskinstance.py:2866} INFO - Starting attempt 1 of 6
[2025-02-01T22:40:40.313+0000] {taskinstance.py:2889} INFO - Executing <Task(PythonOperator): save_to_minio> on 2025-01-31 00:00:00+00:00
[2025-02-01T22:40:40.318+0000] {standard_task_runner.py:72} INFO - Started process 196 to run task
[2025-02-01T22:40:40.320+0000] {standard_task_runner.py:104} INFO - Running: ['***', 'tasks', 'run', 'save_to_minio', 'save_to_minio', 'scheduled__2025-01-31T00:00:00+00:00', '--job-id', '3', '--raw', '--subdir', 'DAGS_FOLDER/main_pipeline.py', '--cfg-path', '/tmp/tmpn3_lp00g']
[2025-02-01T22:40:40.322+0000] {standard_task_runner.py:105} INFO - Job 3: Subtask save_to_minio
[2025-02-01T22:40:40.360+0000] {task_command.py:467} INFO - Running <TaskInstance: save_to_minio.save_to_minio scheduled__2025-01-31T00:00:00+00:00 [running]> on host 5e0e814eea68
[2025-02-01T22:40:40.428+0000] {taskinstance.py:3132} INFO - Exporting env vars: AIRFLOW_CTX_DAG_OWNER='andrewsis' AIRFLOW_CTX_DAG_ID='save_to_minio' AIRFLOW_CTX_TASK_ID='save_to_minio' AIRFLOW_CTX_EXECUTION_DATE='2025-01-31T00:00:00+00:00' AIRFLOW_CTX_TRY_NUMBER='1' AIRFLOW_CTX_DAG_RUN_ID='scheduled__2025-01-31T00:00:00+00:00'
[2025-02-01T22:40:40.430+0000] {taskinstance.py:731} INFO - ::endgroup::
[2025-02-01T22:40:42.724+0000] {base.py:84} INFO - Retrieving connection 'minio_conn'
[2025-02-01T22:40:42.725+0000] {connection_wrapper.py:325} INFO - AWS Connection (conn_id='minio_conn', conn_type='aws') credentials retrieved from login and password.
[2025-02-01T22:40:43.118+0000] {python.py:240} INFO - Done. Returned value was: None
[2025-02-01T22:40:43.126+0000] {taskinstance.py:340} INFO - ::group::Post task execution logs
[2025-02-01T22:40:43.127+0000] {taskinstance.py:352} INFO - Marking task as SUCCESS. dag_id=save_to_minio, task_id=save_to_minio, run_id=scheduled__2025-01-31T00:00:00+00:00, execution_date=20250131T000000, start_date=20250201T224040, end_date=20250201T224043
[2025-02-01T22:40:43.183+0000] {local_task_job_runner.py:266} INFO - Task exited with return code 0
[2025-02-01T22:40:43.201+0000] {taskinstance.py:3895} INFO - 1 downstream tasks scheduled from follow-on schedule check
[2025-02-01T22:40:43.203+0000] {local_task_job_runner.py:245} INFO - ::endgroup::
[2025-02-02T13:22:40.541+0000] {local_task_job_runner.py:123} INFO - ::group::Pre task execution logs
[2025-02-02T13:22:40.559+0000] {taskinstance.py:2613} INFO - Dependencies all met for dep_context=non-requeueable deps ti=<TaskInstance: save_to_minio.save_to_minio scheduled__2025-01-31T00:00:00+00:00 [queued]>
[2025-02-02T13:22:40.567+0000] {taskinstance.py:2613} INFO - Dependencies all met for dep_context=requeueable deps ti=<TaskInstance: save_to_minio.save_to_minio scheduled__2025-01-31T00:00:00+00:00 [queued]>
[2025-02-02T13:22:40.568+0000] {taskinstance.py:2866} INFO - Starting attempt 1 of 6
[2025-02-02T13:22:40.584+0000] {taskinstance.py:2889} INFO - Executing <Task(PythonOperator): save_to_minio> on 2025-01-31 00:00:00+00:00
[2025-02-02T13:22:40.590+0000] {standard_task_runner.py:72} INFO - Started process 270 to run task
[2025-02-02T13:22:40.593+0000] {standard_task_runner.py:104} INFO - Running: ['***', 'tasks', 'run', 'save_to_minio', 'save_to_minio', 'scheduled__2025-01-31T00:00:00+00:00', '--job-id', '7', '--raw', '--subdir', 'DAGS_FOLDER/main_pipeline.py', '--cfg-path', '/tmp/tmpvpvnty74']
[2025-02-02T13:22:40.596+0000] {standard_task_runner.py:105} INFO - Job 7: Subtask save_to_minio
[2025-02-02T13:22:40.636+0000] {task_command.py:467} INFO - Running <TaskInstance: save_to_minio.save_to_minio scheduled__2025-01-31T00:00:00+00:00 [running]> on host e6ed12b0dfa5
[2025-02-02T13:22:40.693+0000] {taskinstance.py:3132} INFO - Exporting env vars: AIRFLOW_CTX_DAG_OWNER='andrewsis' AIRFLOW_CTX_DAG_ID='save_to_minio' AIRFLOW_CTX_TASK_ID='save_to_minio' AIRFLOW_CTX_EXECUTION_DATE='2025-01-31T00:00:00+00:00' AIRFLOW_CTX_TRY_NUMBER='1' AIRFLOW_CTX_DAG_RUN_ID='scheduled__2025-01-31T00:00:00+00:00'
[2025-02-02T13:22:40.694+0000] {taskinstance.py:731} INFO - ::endgroup::
[2025-02-02T13:22:42.846+0000] {base.py:84} INFO - Retrieving connection 'minio_conn'
[2025-02-02T13:22:42.849+0000] {connection_wrapper.py:325} INFO - AWS Connection (conn_id='minio_conn', conn_type='aws') credentials retrieved from login and password.
[2025-02-02T13:22:44.749+0000] {python.py:240} INFO - Done. Returned value was: None
[2025-02-02T13:22:44.759+0000] {taskinstance.py:340} INFO - ::group::Post task execution logs
[2025-02-02T13:22:44.760+0000] {taskinstance.py:352} INFO - Marking task as SUCCESS. dag_id=save_to_minio, task_id=save_to_minio, run_id=scheduled__2025-01-31T00:00:00+00:00, execution_date=20250131T000000, start_date=20250202T132240, end_date=20250202T132244
[2025-02-02T13:22:44.824+0000] {local_task_job_runner.py:266} INFO - Task exited with return code 0
[2025-02-02T13:22:44.848+0000] {taskinstance.py:3895} INFO - 1 downstream tasks scheduled from follow-on schedule check
[2025-02-02T13:22:44.850+0000] {local_task_job_runner.py:245} INFO - ::endgroup::
[2025-02-02T13:38:20.190+0000] {local_task_job_runner.py:123} INFO - ::group::Pre task execution logs
[2025-02-02T13:38:20.208+0000] {taskinstance.py:2613} INFO - Dependencies all met for dep_context=non-requeueable deps ti=<TaskInstance: save_to_minio.save_to_minio scheduled__2025-01-31T00:00:00+00:00 [queued]>
[2025-02-02T13:38:20.217+0000] {taskinstance.py:2613} INFO - Dependencies all met for dep_context=requeueable deps ti=<TaskInstance: save_to_minio.save_to_minio scheduled__2025-01-31T00:00:00+00:00 [queued]>
[2025-02-02T13:38:20.217+0000] {taskinstance.py:2866} INFO - Starting attempt 1 of 6
[2025-02-02T13:38:20.229+0000] {taskinstance.py:2889} INFO - Executing <Task(PythonOperator): save_to_minio> on 2025-01-31 00:00:00+00:00
[2025-02-02T13:38:20.235+0000] {standard_task_runner.py:72} INFO - Started process 1200 to run task
[2025-02-02T13:38:20.237+0000] {standard_task_runner.py:104} INFO - Running: ['***', 'tasks', 'run', 'save_to_minio', 'save_to_minio', 'scheduled__2025-01-31T00:00:00+00:00', '--job-id', '15', '--raw', '--subdir', 'DAGS_FOLDER/main_pipeline.py', '--cfg-path', '/tmp/tmpu_vvxieu']
[2025-02-02T13:38:20.240+0000] {standard_task_runner.py:105} INFO - Job 15: Subtask save_to_minio
[2025-02-02T13:38:20.282+0000] {task_command.py:467} INFO - Running <TaskInstance: save_to_minio.save_to_minio scheduled__2025-01-31T00:00:00+00:00 [running]> on host 64f2a5764477
[2025-02-02T13:38:20.346+0000] {taskinstance.py:3132} INFO - Exporting env vars: AIRFLOW_CTX_DAG_OWNER='andrewsis' AIRFLOW_CTX_DAG_ID='save_to_minio' AIRFLOW_CTX_TASK_ID='save_to_minio' AIRFLOW_CTX_EXECUTION_DATE='2025-01-31T00:00:00+00:00' AIRFLOW_CTX_TRY_NUMBER='1' AIRFLOW_CTX_DAG_RUN_ID='scheduled__2025-01-31T00:00:00+00:00'
[2025-02-02T13:38:20.348+0000] {taskinstance.py:731} INFO - ::endgroup::
[2025-02-02T13:38:23.614+0000] {base.py:84} INFO - Retrieving connection 'minio_conn'
[2025-02-02T13:38:23.615+0000] {connection_wrapper.py:325} INFO - AWS Connection (conn_id='minio_conn', conn_type='aws') credentials retrieved from login and password.
[2025-02-02T13:38:23.978+0000] {python.py:240} INFO - Done. Returned value was: None
[2025-02-02T13:38:23.987+0000] {taskinstance.py:340} INFO - ::group::Post task execution logs
[2025-02-02T13:38:23.989+0000] {taskinstance.py:352} INFO - Marking task as SUCCESS. dag_id=save_to_minio, task_id=save_to_minio, run_id=scheduled__2025-01-31T00:00:00+00:00, execution_date=20250131T000000, start_date=20250202T133820, end_date=20250202T133823
[2025-02-02T13:38:24.024+0000] {local_task_job_runner.py:266} INFO - Task exited with return code 0
[2025-02-02T13:38:24.046+0000] {taskinstance.py:3895} INFO - 1 downstream tasks scheduled from follow-on schedule check
[2025-02-02T13:38:24.048+0000] {local_task_job_runner.py:245} INFO - ::endgroup::
[2025-02-02T14:19:01.467+0000] {local_task_job_runner.py:123} INFO - ::group::Pre task execution logs
[2025-02-02T14:19:01.479+0000] {taskinstance.py:2613} INFO - Dependencies all met for dep_context=non-requeueable deps ti=<TaskInstance: save_to_minio.save_to_minio scheduled__2025-01-31T00:00:00+00:00 [queued]>
[2025-02-02T14:19:01.486+0000] {taskinstance.py:2613} INFO - Dependencies all met for dep_context=requeueable deps ti=<TaskInstance: save_to_minio.save_to_minio scheduled__2025-01-31T00:00:00+00:00 [queued]>
[2025-02-02T14:19:01.487+0000] {taskinstance.py:2866} INFO - Starting attempt 1 of 6
[2025-02-02T14:19:01.495+0000] {taskinstance.py:2889} INFO - Executing <Task(PythonOperator): save_to_minio> on 2025-01-31 00:00:00+00:00
[2025-02-02T14:19:01.499+0000] {standard_task_runner.py:72} INFO - Started process 2397 to run task
[2025-02-02T14:19:01.501+0000] {standard_task_runner.py:104} INFO - Running: ['***', 'tasks', 'run', 'save_to_minio', 'save_to_minio', 'scheduled__2025-01-31T00:00:00+00:00', '--job-id', '19', '--raw', '--subdir', 'DAGS_FOLDER/main_pipeline.py', '--cfg-path', '/tmp/tmpwy1o4fie']
[2025-02-02T14:19:01.503+0000] {standard_task_runner.py:105} INFO - Job 19: Subtask save_to_minio
[2025-02-02T14:19:01.535+0000] {task_command.py:467} INFO - Running <TaskInstance: save_to_minio.save_to_minio scheduled__2025-01-31T00:00:00+00:00 [running]> on host 5ab92388ff22
[2025-02-02T14:19:01.590+0000] {taskinstance.py:3132} INFO - Exporting env vars: AIRFLOW_CTX_DAG_OWNER='andrewsis' AIRFLOW_CTX_DAG_ID='save_to_minio' AIRFLOW_CTX_TASK_ID='save_to_minio' AIRFLOW_CTX_EXECUTION_DATE='2025-01-31T00:00:00+00:00' AIRFLOW_CTX_TRY_NUMBER='1' AIRFLOW_CTX_DAG_RUN_ID='scheduled__2025-01-31T00:00:00+00:00'
[2025-02-02T14:19:01.592+0000] {taskinstance.py:731} INFO - ::endgroup::
[2025-02-02T14:19:05.369+0000] {base.py:84} INFO - Retrieving connection 'minio_conn'
[2025-02-02T14:19:05.370+0000] {connection_wrapper.py:325} INFO - AWS Connection (conn_id='minio_conn', conn_type='aws') credentials retrieved from login and password.
[2025-02-02T14:19:05.746+0000] {python.py:240} INFO - Done. Returned value was: None
[2025-02-02T14:19:05.754+0000] {taskinstance.py:340} INFO - ::group::Post task execution logs
[2025-02-02T14:19:05.755+0000] {taskinstance.py:352} INFO - Marking task as SUCCESS. dag_id=save_to_minio, task_id=save_to_minio, run_id=scheduled__2025-01-31T00:00:00+00:00, execution_date=20250131T000000, start_date=20250202T141901, end_date=20250202T141905
[2025-02-02T14:19:05.811+0000] {local_task_job_runner.py:266} INFO - Task exited with return code 0
[2025-02-02T14:19:05.837+0000] {taskinstance.py:3895} INFO - 1 downstream tasks scheduled from follow-on schedule check
[2025-02-02T14:19:05.839+0000] {local_task_job_runner.py:245} INFO - ::endgroup::
[2025-02-02T17:10:47.533+0000] {local_task_job_runner.py:123} INFO - ::group::Pre task execution logs
[2025-02-02T17:10:47.547+0000] {taskinstance.py:2613} INFO - Dependencies all met for dep_context=non-requeueable deps ti=<TaskInstance: save_to_minio.save_to_minio scheduled__2025-01-31T00:00:00+00:00 [queued]>
[2025-02-02T17:10:47.554+0000] {taskinstance.py:2613} INFO - Dependencies all met for dep_context=requeueable deps ti=<TaskInstance: save_to_minio.save_to_minio scheduled__2025-01-31T00:00:00+00:00 [queued]>
[2025-02-02T17:10:47.555+0000] {taskinstance.py:2866} INFO - Starting attempt 1 of 6
[2025-02-02T17:10:47.566+0000] {taskinstance.py:2889} INFO - Executing <Task(PythonOperator): save_to_minio> on 2025-01-31 00:00:00+00:00
[2025-02-02T17:10:47.571+0000] {standard_task_runner.py:72} INFO - Started process 4786 to run task
[2025-02-02T17:10:47.573+0000] {standard_task_runner.py:104} INFO - Running: ['***', 'tasks', 'run', 'save_to_minio', 'save_to_minio', 'scheduled__2025-01-31T00:00:00+00:00', '--job-id', '24', '--raw', '--subdir', 'DAGS_FOLDER/main_pipeline.py', '--cfg-path', '/tmp/tmpfktfthru']
[2025-02-02T17:10:47.576+0000] {standard_task_runner.py:105} INFO - Job 24: Subtask save_to_minio
[2025-02-02T17:10:47.611+0000] {task_command.py:467} INFO - Running <TaskInstance: save_to_minio.save_to_minio scheduled__2025-01-31T00:00:00+00:00 [running]> on host 4061bda98b6f
[2025-02-02T17:10:47.671+0000] {taskinstance.py:3132} INFO - Exporting env vars: AIRFLOW_CTX_DAG_OWNER='andrewsis' AIRFLOW_CTX_DAG_ID='save_to_minio' AIRFLOW_CTX_TASK_ID='save_to_minio' AIRFLOW_CTX_EXECUTION_DATE='2025-01-31T00:00:00+00:00' AIRFLOW_CTX_TRY_NUMBER='1' AIRFLOW_CTX_DAG_RUN_ID='scheduled__2025-01-31T00:00:00+00:00'
[2025-02-02T17:10:47.672+0000] {taskinstance.py:731} INFO - ::endgroup::
[2025-02-02T17:10:50.259+0000] {base.py:84} INFO - Retrieving connection 'minio_conn'
[2025-02-02T17:10:50.261+0000] {connection_wrapper.py:325} INFO - AWS Connection (conn_id='minio_conn', conn_type='aws') credentials retrieved from login and password.
[2025-02-02T17:10:50.647+0000] {python.py:240} INFO - Done. Returned value was: None
[2025-02-02T17:10:50.654+0000] {taskinstance.py:340} INFO - ::group::Post task execution logs
[2025-02-02T17:10:50.655+0000] {taskinstance.py:352} INFO - Marking task as SUCCESS. dag_id=save_to_minio, task_id=save_to_minio, run_id=scheduled__2025-01-31T00:00:00+00:00, execution_date=20250131T000000, start_date=20250202T171047, end_date=20250202T171050
[2025-02-02T17:10:50.677+0000] {local_task_job_runner.py:266} INFO - Task exited with return code 0
[2025-02-02T17:10:50.695+0000] {taskinstance.py:3895} INFO - 1 downstream tasks scheduled from follow-on schedule check
[2025-02-02T17:10:50.697+0000] {local_task_job_runner.py:245} INFO - ::endgroup::
[2025-02-02T18:53:46.121+0000] {local_task_job_runner.py:123} INFO - ::group::Pre task execution logs
[2025-02-02T18:53:46.135+0000] {taskinstance.py:2613} INFO - Dependencies all met for dep_context=non-requeueable deps ti=<TaskInstance: save_to_minio.save_to_minio scheduled__2025-01-31T00:00:00+00:00 [queued]>
[2025-02-02T18:53:46.144+0000] {taskinstance.py:2613} INFO - Dependencies all met for dep_context=requeueable deps ti=<TaskInstance: save_to_minio.save_to_minio scheduled__2025-01-31T00:00:00+00:00 [queued]>
[2025-02-02T18:53:46.146+0000] {taskinstance.py:2866} INFO - Starting attempt 1 of 6
[2025-02-02T18:53:46.158+0000] {taskinstance.py:2889} INFO - Executing <Task(PythonOperator): save_to_minio> on 2025-01-31 00:00:00+00:00
[2025-02-02T18:53:46.164+0000] {standard_task_runner.py:72} INFO - Started process 3083 to run task
[2025-02-02T18:53:46.166+0000] {standard_task_runner.py:104} INFO - Running: ['***', 'tasks', 'run', 'save_to_minio', 'save_to_minio', 'scheduled__2025-01-31T00:00:00+00:00', '--job-id', '20', '--raw', '--subdir', 'DAGS_FOLDER/main_pipeline.py', '--cfg-path', '/tmp/tmpv0rt3qwf']
[2025-02-02T18:53:46.170+0000] {standard_task_runner.py:105} INFO - Job 20: Subtask save_to_minio
[2025-02-02T18:53:46.207+0000] {task_command.py:467} INFO - Running <TaskInstance: save_to_minio.save_to_minio scheduled__2025-01-31T00:00:00+00:00 [running]> on host 15904aeddad7
[2025-02-02T18:53:46.280+0000] {taskinstance.py:3132} INFO - Exporting env vars: AIRFLOW_CTX_DAG_OWNER='andrewsis' AIRFLOW_CTX_DAG_ID='save_to_minio' AIRFLOW_CTX_TASK_ID='save_to_minio' AIRFLOW_CTX_EXECUTION_DATE='2025-01-31T00:00:00+00:00' AIRFLOW_CTX_TRY_NUMBER='1' AIRFLOW_CTX_DAG_RUN_ID='scheduled__2025-01-31T00:00:00+00:00'
[2025-02-02T18:53:46.282+0000] {taskinstance.py:731} INFO - ::endgroup::
[2025-02-02T18:53:48.974+0000] {base.py:84} INFO - Retrieving connection 'minio_conn'
[2025-02-02T18:53:48.975+0000] {connection_wrapper.py:325} INFO - AWS Connection (conn_id='minio_conn', conn_type='aws') credentials retrieved from login and password.
[2025-02-02T18:53:49.344+0000] {python.py:240} INFO - Done. Returned value was: None
[2025-02-02T18:53:49.352+0000] {taskinstance.py:340} INFO - ::group::Post task execution logs
[2025-02-02T18:53:49.352+0000] {taskinstance.py:352} INFO - Marking task as SUCCESS. dag_id=save_to_minio, task_id=save_to_minio, run_id=scheduled__2025-01-31T00:00:00+00:00, execution_date=20250131T000000, start_date=20250202T185346, end_date=20250202T185349
[2025-02-02T18:53:49.391+0000] {local_task_job_runner.py:266} INFO - Task exited with return code 0
[2025-02-02T18:53:49.411+0000] {taskinstance.py:3895} INFO - 1 downstream tasks scheduled from follow-on schedule check
[2025-02-02T18:53:49.413+0000] {local_task_job_runner.py:245} INFO - ::endgroup::
[2025-02-02T19:22:18.584+0000] {local_task_job_runner.py:123} INFO - ::group::Pre task execution logs
[2025-02-02T19:22:18.596+0000] {taskinstance.py:2613} INFO - Dependencies all met for dep_context=non-requeueable deps ti=<TaskInstance: save_to_minio.save_to_minio scheduled__2025-01-31T00:00:00+00:00 [queued]>
[2025-02-02T19:22:18.601+0000] {taskinstance.py:2613} INFO - Dependencies all met for dep_context=requeueable deps ti=<TaskInstance: save_to_minio.save_to_minio scheduled__2025-01-31T00:00:00+00:00 [queued]>
[2025-02-02T19:22:18.602+0000] {taskinstance.py:2866} INFO - Starting attempt 1 of 6
[2025-02-02T19:22:18.610+0000] {taskinstance.py:2889} INFO - Executing <Task(PythonOperator): save_to_minio> on 2025-01-31 00:00:00+00:00
[2025-02-02T19:22:18.615+0000] {standard_task_runner.py:72} INFO - Started process 1556 to run task
[2025-02-02T19:22:18.617+0000] {standard_task_runner.py:104} INFO - Running: ['***', 'tasks', 'run', 'save_to_minio', 'save_to_minio', 'scheduled__2025-01-31T00:00:00+00:00', '--job-id', '15', '--raw', '--subdir', 'DAGS_FOLDER/main_pipeline.py', '--cfg-path', '/tmp/tmpafst4mmi']
[2025-02-02T19:22:18.619+0000] {standard_task_runner.py:105} INFO - Job 15: Subtask save_to_minio
[2025-02-02T19:22:18.651+0000] {task_command.py:467} INFO - Running <TaskInstance: save_to_minio.save_to_minio scheduled__2025-01-31T00:00:00+00:00 [running]> on host dfbcbb9a3a68
[2025-02-02T19:22:18.706+0000] {taskinstance.py:3132} INFO - Exporting env vars: AIRFLOW_CTX_DAG_OWNER='andrewsis' AIRFLOW_CTX_DAG_ID='save_to_minio' AIRFLOW_CTX_TASK_ID='save_to_minio' AIRFLOW_CTX_EXECUTION_DATE='2025-01-31T00:00:00+00:00' AIRFLOW_CTX_TRY_NUMBER='1' AIRFLOW_CTX_DAG_RUN_ID='scheduled__2025-01-31T00:00:00+00:00'
[2025-02-02T19:22:18.707+0000] {taskinstance.py:731} INFO - ::endgroup::
[2025-02-02T19:22:21.409+0000] {base.py:84} INFO - Retrieving connection 'minio_conn'
[2025-02-02T19:22:21.410+0000] {connection_wrapper.py:325} INFO - AWS Connection (conn_id='minio_conn', conn_type='aws') credentials retrieved from login and password.
[2025-02-02T19:22:21.745+0000] {python.py:240} INFO - Done. Returned value was: None
[2025-02-02T19:22:21.752+0000] {taskinstance.py:340} INFO - ::group::Post task execution logs
[2025-02-02T19:22:21.754+0000] {taskinstance.py:352} INFO - Marking task as SUCCESS. dag_id=save_to_minio, task_id=save_to_minio, run_id=scheduled__2025-01-31T00:00:00+00:00, execution_date=20250131T000000, start_date=20250202T192218, end_date=20250202T192221
[2025-02-02T19:22:21.799+0000] {local_task_job_runner.py:266} INFO - Task exited with return code 0
[2025-02-02T19:22:21.819+0000] {taskinstance.py:3895} INFO - 1 downstream tasks scheduled from follow-on schedule check
[2025-02-02T19:22:21.821+0000] {local_task_job_runner.py:245} INFO - ::endgroup::
[2025-02-02T20:41:05.710+0000] {local_task_job_runner.py:123} INFO - ::group::Pre task execution logs
[2025-02-02T20:41:05.722+0000] {taskinstance.py:2613} INFO - Dependencies all met for dep_context=non-requeueable deps ti=<TaskInstance: save_to_minio.save_to_minio scheduled__2025-01-31T00:00:00+00:00 [queued]>
[2025-02-02T20:41:05.729+0000] {taskinstance.py:2613} INFO - Dependencies all met for dep_context=requeueable deps ti=<TaskInstance: save_to_minio.save_to_minio scheduled__2025-01-31T00:00:00+00:00 [queued]>
[2025-02-02T20:41:05.730+0000] {taskinstance.py:2866} INFO - Starting attempt 1 of 6
[2025-02-02T20:41:05.739+0000] {taskinstance.py:2889} INFO - Executing <Task(PythonOperator): save_to_minio> on 2025-01-31 00:00:00+00:00
[2025-02-02T20:41:05.743+0000] {standard_task_runner.py:72} INFO - Started process 565 to run task
[2025-02-02T20:41:05.745+0000] {standard_task_runner.py:104} INFO - Running: ['***', 'tasks', 'run', 'save_to_minio', 'save_to_minio', 'scheduled__2025-01-31T00:00:00+00:00', '--job-id', '12', '--raw', '--subdir', 'DAGS_FOLDER/main_pipeline.py', '--cfg-path', '/tmp/tmphakhq7e3']
[2025-02-02T20:41:05.747+0000] {standard_task_runner.py:105} INFO - Job 12: Subtask save_to_minio
[2025-02-02T20:41:05.778+0000] {task_command.py:467} INFO - Running <TaskInstance: save_to_minio.save_to_minio scheduled__2025-01-31T00:00:00+00:00 [running]> on host 7ed9c07bce51
[2025-02-02T20:41:05.843+0000] {taskinstance.py:3132} INFO - Exporting env vars: AIRFLOW_CTX_DAG_OWNER='andrewsis' AIRFLOW_CTX_DAG_ID='save_to_minio' AIRFLOW_CTX_TASK_ID='save_to_minio' AIRFLOW_CTX_EXECUTION_DATE='2025-01-31T00:00:00+00:00' AIRFLOW_CTX_TRY_NUMBER='1' AIRFLOW_CTX_DAG_RUN_ID='scheduled__2025-01-31T00:00:00+00:00'
[2025-02-02T20:41:05.844+0000] {taskinstance.py:731} INFO - ::endgroup::
[2025-02-02T20:41:09.129+0000] {base.py:84} INFO - Retrieving connection 'minio_conn'
[2025-02-02T20:41:09.130+0000] {connection_wrapper.py:325} INFO - AWS Connection (conn_id='minio_conn', conn_type='aws') credentials retrieved from login and password.
[2025-02-02T20:41:09.485+0000] {python.py:240} INFO - Done. Returned value was: None
[2025-02-02T20:41:09.492+0000] {taskinstance.py:340} INFO - ::group::Post task execution logs
[2025-02-02T20:41:09.493+0000] {taskinstance.py:352} INFO - Marking task as SUCCESS. dag_id=save_to_minio, task_id=save_to_minio, run_id=scheduled__2025-01-31T00:00:00+00:00, execution_date=20250131T000000, start_date=20250202T204105, end_date=20250202T204109
[2025-02-02T20:41:09.528+0000] {local_task_job_runner.py:266} INFO - Task exited with return code 0
[2025-02-02T20:41:09.542+0000] {taskinstance.py:3895} INFO - 1 downstream tasks scheduled from follow-on schedule check
[2025-02-02T20:41:09.544+0000] {local_task_job_runner.py:245} INFO - ::endgroup::
[2025-02-02T20:45:38.142+0000] {local_task_job_runner.py:123} INFO - ::group::Pre task execution logs
[2025-02-02T20:45:38.153+0000] {taskinstance.py:2613} INFO - Dependencies all met for dep_context=non-requeueable deps ti=<TaskInstance: save_to_minio.save_to_minio scheduled__2025-01-31T00:00:00+00:00 [queued]>
[2025-02-02T20:45:38.159+0000] {taskinstance.py:2613} INFO - Dependencies all met for dep_context=requeueable deps ti=<TaskInstance: save_to_minio.save_to_minio scheduled__2025-01-31T00:00:00+00:00 [queued]>
[2025-02-02T20:45:38.159+0000] {taskinstance.py:2866} INFO - Starting attempt 1 of 6
[2025-02-02T20:45:38.170+0000] {taskinstance.py:2889} INFO - Executing <Task(PythonOperator): save_to_minio> on 2025-01-31 00:00:00+00:00
[2025-02-02T20:45:38.174+0000] {standard_task_runner.py:72} INFO - Started process 1075 to run task
[2025-02-02T20:45:38.176+0000] {standard_task_runner.py:104} INFO - Running: ['***', 'tasks', 'run', 'save_to_minio', 'save_to_minio', 'scheduled__2025-01-31T00:00:00+00:00', '--job-id', '12', '--raw', '--subdir', 'DAGS_FOLDER/main_pipeline.py', '--cfg-path', '/tmp/tmpe2a0ov76']
[2025-02-02T20:45:38.178+0000] {standard_task_runner.py:105} INFO - Job 12: Subtask save_to_minio
[2025-02-02T20:45:38.210+0000] {task_command.py:467} INFO - Running <TaskInstance: save_to_minio.save_to_minio scheduled__2025-01-31T00:00:00+00:00 [running]> on host 12998e952c77
[2025-02-02T20:45:38.269+0000] {taskinstance.py:3132} INFO - Exporting env vars: AIRFLOW_CTX_DAG_OWNER='andrewsis' AIRFLOW_CTX_DAG_ID='save_to_minio' AIRFLOW_CTX_TASK_ID='save_to_minio' AIRFLOW_CTX_EXECUTION_DATE='2025-01-31T00:00:00+00:00' AIRFLOW_CTX_TRY_NUMBER='1' AIRFLOW_CTX_DAG_RUN_ID='scheduled__2025-01-31T00:00:00+00:00'
[2025-02-02T20:45:38.271+0000] {taskinstance.py:731} INFO - ::endgroup::
[2025-02-02T20:45:40.947+0000] {base.py:84} INFO - Retrieving connection 'minio_conn'
[2025-02-02T20:45:40.948+0000] {connection_wrapper.py:325} INFO - AWS Connection (conn_id='minio_conn', conn_type='aws') credentials retrieved from login and password.
[2025-02-02T20:45:41.300+0000] {python.py:240} INFO - Done. Returned value was: None
[2025-02-02T20:45:41.308+0000] {taskinstance.py:340} INFO - ::group::Post task execution logs
[2025-02-02T20:45:41.309+0000] {taskinstance.py:352} INFO - Marking task as SUCCESS. dag_id=save_to_minio, task_id=save_to_minio, run_id=scheduled__2025-01-31T00:00:00+00:00, execution_date=20250131T000000, start_date=20250202T204538, end_date=20250202T204541
[2025-02-02T20:45:41.356+0000] {local_task_job_runner.py:266} INFO - Task exited with return code 0
[2025-02-02T20:45:41.373+0000] {taskinstance.py:3895} INFO - 1 downstream tasks scheduled from follow-on schedule check
[2025-02-02T20:45:41.376+0000] {local_task_job_runner.py:245} INFO - ::endgroup::
[2025-02-04T20:16:24.887+0000] {local_task_job_runner.py:123} INFO - ::group::Pre task execution logs
[2025-02-04T20:16:24.899+0000] {taskinstance.py:2613} INFO - Dependencies all met for dep_context=non-requeueable deps ti=<TaskInstance: save_to_minio.save_to_minio scheduled__2025-01-31T00:00:00+00:00 [queued]>
[2025-02-04T20:16:24.905+0000] {taskinstance.py:2613} INFO - Dependencies all met for dep_context=requeueable deps ti=<TaskInstance: save_to_minio.save_to_minio scheduled__2025-01-31T00:00:00+00:00 [queued]>
[2025-02-04T20:16:24.906+0000] {taskinstance.py:2866} INFO - Starting attempt 1 of 6
[2025-02-04T20:16:24.914+0000] {taskinstance.py:2889} INFO - Executing <Task(PythonOperator): save_to_minio> on 2025-01-31 00:00:00+00:00
[2025-02-04T20:16:24.919+0000] {standard_task_runner.py:72} INFO - Started process 2326 to run task
[2025-02-04T20:16:24.921+0000] {standard_task_runner.py:104} INFO - Running: ['***', 'tasks', 'run', 'save_to_minio', 'save_to_minio', 'scheduled__2025-01-31T00:00:00+00:00', '--job-id', '15', '--raw', '--subdir', 'DAGS_FOLDER/main_pipeline.py', '--cfg-path', '/tmp/tmpiyt4sy1h']
[2025-02-04T20:16:24.924+0000] {standard_task_runner.py:105} INFO - Job 15: Subtask save_to_minio
[2025-02-04T20:16:24.956+0000] {task_command.py:467} INFO - Running <TaskInstance: save_to_minio.save_to_minio scheduled__2025-01-31T00:00:00+00:00 [running]> on host 7ffbfde90b16
[2025-02-04T20:16:25.016+0000] {taskinstance.py:3132} INFO - Exporting env vars: AIRFLOW_CTX_DAG_OWNER='andrewsis' AIRFLOW_CTX_DAG_ID='save_to_minio' AIRFLOW_CTX_TASK_ID='save_to_minio' AIRFLOW_CTX_EXECUTION_DATE='2025-01-31T00:00:00+00:00' AIRFLOW_CTX_TRY_NUMBER='1' AIRFLOW_CTX_DAG_RUN_ID='scheduled__2025-01-31T00:00:00+00:00'
[2025-02-04T20:16:25.017+0000] {taskinstance.py:731} INFO - ::endgroup::
[2025-02-04T20:16:27.744+0000] {base.py:84} INFO - Retrieving connection 'minio_conn'
[2025-02-04T20:16:27.745+0000] {connection_wrapper.py:325} INFO - AWS Connection (conn_id='minio_conn', conn_type='aws') credentials retrieved from login and password.
[2025-02-04T20:16:28.099+0000] {python.py:240} INFO - Done. Returned value was: None
[2025-02-04T20:16:28.107+0000] {taskinstance.py:340} INFO - ::group::Post task execution logs
[2025-02-04T20:16:28.108+0000] {taskinstance.py:352} INFO - Marking task as SUCCESS. dag_id=save_to_minio, task_id=save_to_minio, run_id=scheduled__2025-01-31T00:00:00+00:00, execution_date=20250131T000000, start_date=20250204T201624, end_date=20250204T201628
[2025-02-04T20:16:28.144+0000] {local_task_job_runner.py:266} INFO - Task exited with return code 0
[2025-02-04T20:16:28.160+0000] {taskinstance.py:3895} INFO - 1 downstream tasks scheduled from follow-on schedule check
[2025-02-04T20:16:28.162+0000] {local_task_job_runner.py:245} INFO - ::endgroup::
